18:17:41.610 [main] INFO  testCases.TC001_WF1_Send_Notify_ETR_S - Summary Phone Number Passed : Actual Value is: +91 9087654321Expected Value is: +91 9087654321
18:17:42.842 [main] INFO  testCases.TC001_WF1_Send_Notify_ETR_S - Summary Number Field Passed : Actual Value is: 44444444444Expected Value is: 44444444444
18:17:44.109 [main] INFO  testCases.TC001_WF1_Send_Notify_ETR_S - Summary Email Passed : Actual Value is: checker@afasdf.comExpected Value is: checker@afasdf.com
18:17:45.376 [main] INFO  testCases.TC001_WF1_Send_Notify_ETR_S - Summary Picklist Item Passed : Actual Value is: BadExpected Value is: Bad
18:17:46.592 [main] INFO  testCases.TC001_WF1_Send_Notify_ETR_S - Summary Enter Your Number Passed : Actual Value is: 4444444444Expected Value is: 4444444444
18:17:53.993 [main] INFO  testCases.TC001_WF1_Send_Notify_ETR_S - Detail View Assigned To Passed : Actual Value is: Rsoft ITExpected Value is: Rsoft IT
18:17:55.275 [main] INFO  testCases.TC001_WF1_Send_Notify_ETR_S - Detail View Phone Numer Passed : Actual Value is: +91 9087654321Expected Value is: +91 9087654321
18:17:56.542 [main] INFO  testCases.TC001_WF1_Send_Notify_ETR_S - Detail View Number Field Passed : Actual Value is: 44444444444Expected Value is: 44444444444
18:17:57.850 [main] INFO  testCases.TC001_WF1_Send_Notify_ETR_S - Detail View Email Passed : Actual Value is: checker@afasdf.comExpected Value is: checker@afasdf.com
18:17:59.060 [main] INFO  testCases.TC001_WF1_Send_Notify_ETR_S - Detail View Menu Item Passed : Actual Value is: BadExpected Value is: Bad
18:18:00.275 [main] INFO  testCases.TC001_WF1_Send_Notify_ETR_S - Detail View Enter Your Number Passed : Actual Value is: 4444444444Expected Value is: 4444444444
18:18:02.143 [main] INFO  testCases.TC001_WF1_Send_Notify_ETR_S - Module Name Title Passed : Actual Value is: CRMEditFieldModuleExpected Value is: CRMEditFieldModule
18:18:03.426 [main] INFO  testCases.TC001_WF1_Send_Notify_ETR_S - Phone Number Title Passed : Actual Value is: +91 9087654321Expected Value is: +91 9087654321
18:18:04.709 [main] INFO  testCases.TC001_WF1_Send_Notify_ETR_S - Email Title Passed : Actual Value is: checker@afasdf.comExpected Value is: checker@afasdf.com
18:18:05.969 [main] INFO  testCases.TC001_WF1_Send_Notify_ETR_S - Piclist Value Title Passed : Actual Value is: BadExpected Value is: Bad
18:18:07.372 [main] INFO  testCases.TC001_WF1_Send_Notify_ETR_S - Notification Link Clicked
18:18:12.710 [main] INFO  testCases.TC001_WF1_Send_Notify_ETR_S - Notification detail view opened
18:18:17.762 [main] INFO  testCases.TC001_WF1_Send_Notify_ETR_S - Switched to New Window
18:18:18.542 [main] INFO  testCases.TC001_WF1_Send_Notify_ETR_S - Detail View Assigned To Passed : Actual Value is: Rsoft ITExpected Value is: Rsoft IT
18:18:19.808 [main] INFO  testCases.TC001_WF1_Send_Notify_ETR_S - Detail View Status Passed : Actual Value is: 0Expected Value is: 0
18:18:21.043 [main] INFO  testCases.TC001_WF1_Send_Notify_ETR_S - Detail View Summary Passed : Actual Value is: Welcome to Notification test automation for ETRS.Expected Value is: Welcome to Notification test automation for ETRS.
18:18:22.274 [main] INFO  testCases.TC001_WF1_Send_Notify_ETR_S - Detail View Action Title Passed : Actual Value is:       NewTriggerNotification      Expected Value is: NewTriggerNotification
18:18:28.361 [main] INFO  testCases.TC001_WF1_Send_Notify_ETR_S - Summary View Assigned To Passed : Actual Value is: Rsoft ITExpected Value is: Rsoft IT
18:18:29.642 [main] INFO  testCases.TC001_WF1_Send_Notify_ETR_S - Summary View Status Passed : Actual Value is: 0Expected Value is: 0
18:18:30.874 [main] INFO  testCases.TC001_WF1_Send_Notify_ETR_S - Summary View User Passed : Actual Value is: Welcome to Notification test automation for ETRS.Expected Value is: Welcome to Notification test automation for ETRS.
18:18:32.106 [main] INFO  testCases.TC001_WF1_Send_Notify_ETR_S - Summary View Action Title Passed : Actual Value is:       NewTriggerNotification      Expected Value is: NewTriggerNotification
18:18:33.675 [main] INFO  testCases.TC001_WF1_Send_Notify_ETR_S - Captured RecordId
18:18:33.675 [main] INFO  testCases.TC001_WF1_Send_Notify_ETR_S - Record Id:After New Record Added: 93164
18:18:40.752 [main] INFO  testCases.TC001_WF1_Send_Notify_ETR_S - //ul[@class='select2-results__options']/li[contains(text(),'IT')]
18:18:42.828 [main] INFO  testCases.TC001_WF1_Send_Notify_ETR_S - 93164 entered in  input
18:18:48.795 [main] INFO  testCases.TC001_WF1_Send_Notify_ETR_S - SMS Count:2
18:18:48.795 [main] INFO  testCases.TC001_WF1_Send_Notify_ETR_S - Passed: Notification Received after New Record Add -Rsoft IT Record Id: 93164
18:18:50.611 [main] INFO  testCases.TC001_WF1_Send_Notify_ETR_S - AssignedTo Record Details Passed : Actual Value is: Rsoft ITExpected Value is: Rsoft IT
18:18:51.892 [main] INFO  testCases.TC001_WF1_Send_Notify_ETR_S - Status in Record Details Passed : Actual Value is: 0Expected Value is: 0
18:18:53.174 [main] INFO  testCases.TC001_WF1_Send_Notify_ETR_S - Created By in Record Details Passed : Actual Value is: Rsoft ITExpected Value is: Rsoft IT
18:18:54.459 [main] INFO  testCases.TC001_WF1_Send_Notify_ETR_S - UserName in Record Details Passed : Actual Value is: Welcome to Notification test automation for ETRS.Expected Value is: Welcome to Notification test automation for ETRS.
18:18:55.741 [main] INFO  testCases.TC001_WF1_Send_Notify_ETR_S - Workflow Title in Record Details Passed : Actual Value is: NewTriggerNotificationExpected Value is: NewTriggerNotification
18:18:56.952 [main] INFO  testCases.TC001_WF1_Send_Notify_ETR_S - Record Id in Record Details Passed : Actual Value is: 93164Expected Value is: 93164
18:19:04.711 [main] INFO  testCases.TC001_WF1_Send_Notify_ETR_S - //ul[@class='select2-results__options']/li[contains(text(),'VE')]
18:19:06.677 [main] INFO  testCases.TC001_WF1_Send_Notify_ETR_S - 93164 entered in  input
18:19:12.331 [main] INFO  testCases.TC001_WF1_Send_Notify_ETR_S - SMS Count:2
18:19:12.331 [main] INFO  testCases.TC001_WF1_Send_Notify_ETR_S - Passed: Notification Received after New Record Add -Sudhakar VE Record Id: 93164
18:19:14.160 [main] INFO  testCases.TC001_WF1_Send_Notify_ETR_S - AssignedTo Record Details Passed : Actual Value is: Sudhakar VEExpected Value is: Sudhakar VE
18:19:15.374 [main] INFO  testCases.TC001_WF1_Send_Notify_ETR_S - Status in Record Details Passed : Actual Value is: 0Expected Value is: 0
18:19:16.641 [main] INFO  testCases.TC001_WF1_Send_Notify_ETR_S - Created By in Record Details Passed : Actual Value is: Rsoft ITExpected Value is: Rsoft IT
18:19:17.842 [main] INFO  testCases.TC001_WF1_Send_Notify_ETR_S - UserName in Record Details Passed : Actual Value is: Welcome to Notification test automation for ETRS.Expected Value is: Welcome to Notification test automation for ETRS.
18:19:19.123 [main] INFO  testCases.TC001_WF1_Send_Notify_ETR_S - Workflow Title in Record Details Passed : Actual Value is: NewTriggerNotificationExpected Value is: NewTriggerNotification
18:19:20.395 [main] INFO  testCases.TC001_WF1_Send_Notify_ETR_S - Record Id in Record Details Passed : Actual Value is: 93164Expected Value is: 93164
18:19:28.047 [main] INFO  testCases.TC001_WF1_Send_Notify_ETR_S - //ul[@class='select2-results__options']/li[contains(text(),'Mohan')]
18:19:30.014 [main] INFO  testCases.TC001_WF1_Send_Notify_ETR_S - 93164 entered in  input
18:19:35.491 [main] INFO  testCases.TC001_WF1_Send_Notify_ETR_S - SMS Count:2
18:19:35.491 [main] INFO  testCases.TC001_WF1_Send_Notify_ETR_S - Passed: Notification Received after New Record Add -Madhan Mohan Record Id: 93164
18:19:37.311 [main] INFO  testCases.TC001_WF1_Send_Notify_ETR_S - AssignedTo Record Details Passed : Actual Value is: Madhan MohanExpected Value is: Madhan Mohan
18:19:38.526 [main] INFO  testCases.TC001_WF1_Send_Notify_ETR_S - Status in Record Details Passed : Actual Value is: 0Expected Value is: 0
18:19:39.808 [main] INFO  testCases.TC001_WF1_Send_Notify_ETR_S - Created By in Record Details Passed : Actual Value is: Rsoft ITExpected Value is: Rsoft IT
18:19:41.092 [main] INFO  testCases.TC001_WF1_Send_Notify_ETR_S - UserName in Record Details Passed : Actual Value is: Welcome to Notification test automation for ETRS.Expected Value is: Welcome to Notification test automation for ETRS.
18:19:42.308 [main] INFO  testCases.TC001_WF1_Send_Notify_ETR_S - Workflow Title in Record Details Passed : Actual Value is: NewTriggerNotificationExpected Value is: NewTriggerNotification
18:19:43.574 [main] INFO  testCases.TC001_WF1_Send_Notify_ETR_S - Record Id in Record Details Passed : Actual Value is: 93164Expected Value is: 93164
18:19:50.566 [main] INFO  testCases.TC001_WF1_Send_Notify_ETR_S - PRIYAN entered in  input
18:19:52.128 [main] INFO  testCases.TC001_WF1_Send_Notify_ETR_S - Sudhakar entered in  input
18:19:53.725 [main] INFO  testCases.TC001_WF1_Send_Notify_ETR_S - Automation@123 entered in  input
18:20:07.376 [main] INFO  testCases.TC001_WF1_Send_Notify_ETR_S - Notification Link Clicked
18:20:12.719 [main] INFO  testCases.TC001_WF1_Send_Notify_ETR_S - Notification detail view opened
18:20:17.771 [main] INFO  testCases.TC001_WF1_Send_Notify_ETR_S - Switched to New Window
18:20:18.591 [main] INFO  testCases.TC001_WF1_Send_Notify_ETR_S - Detail View Assigned To Passed : Actual Value is: Sudhakar VEExpected Value is: Sudhakar VE
18:20:19.856 [main] INFO  testCases.TC001_WF1_Send_Notify_ETR_S - Detail View Status Passed : Actual Value is: 0Expected Value is: 0
18:20:21.175 [main] INFO  testCases.TC001_WF1_Send_Notify_ETR_S - Detail View Summary Failed : Actual Value is: Welcome to Notification test automation for ETRS.Expected Value is: Sudhakar
18:20:22.438 [main] INFO  testCases.TC001_WF1_Send_Notify_ETR_S - Detail View Action Title Passed : Actual Value is:       NewTriggerNotification      Expected Value is: NewTriggerNotification
18:20:28.748 [main] INFO  testCases.TC001_WF1_Send_Notify_ETR_S - Summary View Assigned To Passed : Actual Value is: Sudhakar VEExpected Value is: Sudhakar VE
18:20:29.973 [main] INFO  testCases.TC001_WF1_Send_Notify_ETR_S - Summary View Status Passed : Actual Value is: 0Expected Value is: 0
18:20:31.256 [main] INFO  testCases.TC001_WF1_Send_Notify_ETR_S - Summary View User Failed : Actual Value is: Welcome to Notification test automation for ETRS.Expected Value is: Sudhakar
18:20:32.523 [main] INFO  testCases.TC001_WF1_Send_Notify_ETR_S - Summary View Action Title Passed : Actual Value is:       NewTriggerNotification      Expected Value is: NewTriggerNotification
18:20:40.361 [main] INFO  testCases.TC001_WF1_Send_Notify_ETR_S - //ul[@class='select2-results__options']/li[contains(text(),'VE')]
18:20:42.307 [main] INFO  testCases.TC001_WF1_Send_Notify_ETR_S - 93164 entered in  input
18:20:47.895 [main] INFO  testCases.TC001_WF1_Send_Notify_ETR_S - SMS Count:2
18:20:47.895 [main] INFO  testCases.TC001_WF1_Send_Notify_ETR_S - Passed: Notification Received after New Record Add -Sudhakar VE Record Id: 93164
18:20:49.731 [main] INFO  testCases.TC001_WF1_Send_Notify_ETR_S - AssignedTo Record Details Passed : Actual Value is: Sudhakar VEExpected Value is: Sudhakar VE
18:20:50.995 [main] INFO  testCases.TC001_WF1_Send_Notify_ETR_S - Status in Record Details Passed : Actual Value is: 0Expected Value is: 0
18:20:52.293 [main] INFO  testCases.TC001_WF1_Send_Notify_ETR_S - Created By in Record Details Passed : Actual Value is: Rsoft ITExpected Value is: Rsoft IT
18:20:53.576 [main] INFO  testCases.TC001_WF1_Send_Notify_ETR_S - UserName in Record Details Failed : Actual Value is: Welcome to Notification test automation for ETRS.Expected Value is: Sudhakar
18:20:54.845 [main] INFO  testCases.TC001_WF1_Send_Notify_ETR_S - Workflow Title in Record Details Passed : Actual Value is: NewTriggerNotificationExpected Value is: NewTriggerNotification
18:20:56.111 [main] INFO  testCases.TC001_WF1_Send_Notify_ETR_S - Record Id in Record Details Passed : Actual Value is: 93164Expected Value is: 93164
18:21:02.779 [main] INFO  testCases.TC001_WF1_Send_Notify_ETR_S - PRIYAN entered in  input
18:21:04.425 [main] INFO  testCases.TC001_WF1_Send_Notify_ETR_S - Madhan entered in  input
18:21:06.008 [main] INFO  testCases.TC001_WF1_Send_Notify_ETR_S - Automation@123 entered in  input
18:21:18.064 [main] INFO  testCases.TC001_WF1_Send_Notify_ETR_S - Notification Link Clicked
18:21:23.446 [main] INFO  testCases.TC001_WF1_Send_Notify_ETR_S - Notification detail view opened
18:21:28.498 [main] INFO  testCases.TC001_WF1_Send_Notify_ETR_S - Switched to New Window
18:21:29.261 [main] INFO  testCases.TC001_WF1_Send_Notify_ETR_S - Detail View Assigned To Passed : Actual Value is: Madhan MohanExpected Value is: Madhan Mohan
18:21:30.542 [main] INFO  testCases.TC001_WF1_Send_Notify_ETR_S - Detail View Status Passed : Actual Value is: 0Expected Value is: 0
18:21:31.826 [main] INFO  testCases.TC001_WF1_Send_Notify_ETR_S - Detail View Summary Failed : Actual Value is: Welcome to Notification test automation for ETRS.Expected Value is: Madhan
18:21:33.061 [main] INFO  testCases.TC001_WF1_Send_Notify_ETR_S - Detail View Action Title Passed : Actual Value is:       NewTriggerNotification      Expected Value is: NewTriggerNotification
18:21:39.245 [main] INFO  testCases.TC001_WF1_Send_Notify_ETR_S - Summary View Assigned To Passed : Actual Value is: Madhan MohanExpected Value is: Madhan Mohan
18:21:40.511 [main] INFO  testCases.TC001_WF1_Send_Notify_ETR_S - Summary View Status Passed : Actual Value is: 0Expected Value is: 0
18:21:41.762 [main] INFO  testCases.TC001_WF1_Send_Notify_ETR_S - Summary View User Failed : Actual Value is: Welcome to Notification test automation for ETRS.Expected Value is: Madhan
18:21:43.025 [main] INFO  testCases.TC001_WF1_Send_Notify_ETR_S - Summary View Action Title Passed : Actual Value is:       NewTriggerNotification      Expected Value is: NewTriggerNotification
18:21:51.195 [main] INFO  testCases.TC001_WF1_Send_Notify_ETR_S - //ul[@class='select2-results__options']/li[contains(text(),'Mohan')]
18:21:53.134 [main] INFO  testCases.TC001_WF1_Send_Notify_ETR_S - 93164 entered in  input
18:21:58.753 [main] INFO  testCases.TC001_WF1_Send_Notify_ETR_S - SMS Count:2
18:21:58.753 [main] INFO  testCases.TC001_WF1_Send_Notify_ETR_S - Passed: Notification Received after New Record Add -Madhan Mohan Record Id: 93164
18:22:00.531 [main] INFO  testCases.TC001_WF1_Send_Notify_ETR_S - AssignedTo Record Details Passed : Actual Value is: Madhan MohanExpected Value is: Madhan Mohan
18:22:01.796 [main] INFO  testCases.TC001_WF1_Send_Notify_ETR_S - Status in Record Details Passed : Actual Value is: 0Expected Value is: 0
18:22:03.046 [main] INFO  testCases.TC001_WF1_Send_Notify_ETR_S - Created By in Record Details Passed : Actual Value is: Rsoft ITExpected Value is: Rsoft IT
18:22:04.277 [main] INFO  testCases.TC001_WF1_Send_Notify_ETR_S - UserName in Record Details Failed : Actual Value is: Welcome to Notification test automation for ETRS.Expected Value is: Madhan
18:22:05.576 [main] INFO  testCases.TC001_WF1_Send_Notify_ETR_S - Workflow Title in Record Details Passed : Actual Value is: NewTriggerNotificationExpected Value is: NewTriggerNotification
18:22:06.826 [main] INFO  testCases.TC001_WF1_Send_Notify_ETR_S - Record Id in Record Details Passed : Actual Value is: 93164Expected Value is: 93164
18:22:13.712 [main] INFO  testCases.TC001_WF1_Send_Notify_ETR_S - PRIYAN entered in  input
18:22:15.254 [main] INFO  testCases.TC001_WF1_Send_Notify_ETR_S - rsoft entered in  input
18:22:16.747 [main] INFO  testCases.TC001_WF1_Send_Notify_ETR_S - RSoft!@345 entered in  input
18:22:38.403 [main] INFO  testCases.TC001_WF1_Send_Notify_ETR_S - [CRMEditFieldModule] is selected in List
18:22:49.946 [main] INFO  testCases.TC001_WF1_Send_Notify_ETR_S - Excel file Utility instance created
18:22:50.012 [main] INFO  testCases.TC001_WF1_Send_Notify_ETR_S - Row Count is: 1
18:22:50.041 [main] INFO  testCases.TC001_WF1_Send_Notify_ETR_S - Col Count is: 52
18:22:50.041 [main] INFO  testCases.TC001_WF1_Send_Notify_ETR_S - Extracting DataSheet Values started...
18:22:52.128 [main] INFO  testCases.TC001_WF1_Send_Notify_ETR_S - 9087654321 entered in  input
18:22:53.800 [main] INFO  testCases.TC001_WF1_Send_Notify_ETR_S - 3333333333 entered in  input
18:22:56.666 [main] INFO  testCases.TC001_WF1_Send_Notify_ETR_S - SummaryAdd@gmail.com entered in  input
18:22:58.219 [main] INFO  testCases.TC001_WF1_Send_Notify_ETR_S - 5555555555 entered in  input
18:23:05.900 [main] INFO  testCases.TC001_WF1_Send_Notify_ETR_S - [Good] is selected in List
18:23:37.216 [main] INFO  testCases.TC001_WF1_Send_Notify_ETR_S - Excel file Utility instance created
18:23:37.247 [main] INFO  testCases.TC001_WF1_Send_Notify_ETR_S - Row Count is: 1
18:23:37.278 [main] INFO  testCases.TC001_WF1_Send_Notify_ETR_S - Col Count is: 52
18:23:37.278 [main] INFO  testCases.TC001_WF1_Send_Notify_ETR_S - Extracting DataSheet Values started...
18:23:37.760 [main] INFO  testCases.TC001_WF1_Send_Notify_ETR_S - Module Name Passed : Actual Value is: CRMEditFieldModuleExpected Value is: CRMEditFieldModule
18:23:39.477 [main] INFO  testCases.TC001_WF1_Send_Notify_ETR_S - Module Name Passed : Actual Value is: CRMEditFieldModuleExpected Value is: CRMEditFieldModule
18:23:40.709 [main] INFO  testCases.TC001_WF1_Send_Notify_ETR_S - Phone Number Passed : Actual Value is: +91 9087654321Expected Value is: +91 9087654321
18:23:41.994 [main] INFO  testCases.TC001_WF1_Send_Notify_ETR_S - Email Passed : Actual Value is: SummaryAdd@gmail.comExpected Value is: SummaryAdd@gmail.com
18:23:43.291 [main] INFO  testCases.TC001_WF1_Send_Notify_ETR_S - Piclist Value Passed : Actual Value is: GoodExpected Value is: Good
18:23:50.936 [main] INFO  testCases.TC001_WF1_Send_Notify_ETR_S - Summary Phone Number Passed : Actual Value is: +91 9087654321Expected Value is: +91 9087654321
18:23:52.157 [main] INFO  testCases.TC001_WF1_Send_Notify_ETR_S - Summary Number Field Passed : Actual Value is: 3333333333Expected Value is: 3333333333
18:23:53.476 [main] INFO  testCases.TC001_WF1_Send_Notify_ETR_S - Summary Email Passed : Actual Value is: SummaryAdd@gmail.comExpected Value is: SummaryAdd@gmail.com
18:23:54.758 [main] INFO  testCases.TC001_WF1_Send_Notify_ETR_S - Summary Picklist Item Passed : Actual Value is: GoodExpected Value is: Good
18:23:56.009 [main] INFO  testCases.TC001_WF1_Send_Notify_ETR_S - Summary Enter Your Number Passed : Actual Value is: 5555555555Expected Value is: 5555555555
18:24:03.343 [main] INFO  testCases.TC001_WF1_Send_Notify_ETR_S - Detail View Assigned To Passed : Actual Value is: Rsoft ITExpected Value is: Rsoft IT
18:24:04.591 [main] INFO  testCases.TC001_WF1_Send_Notify_ETR_S - Detail View Phone Numer Passed : Actual Value is: +91 9087654321Expected Value is: +91 9087654321
18:24:05.873 [main] INFO  testCases.TC001_WF1_Send_Notify_ETR_S - Detail View Number Field Passed : Actual Value is: 3333333333Expected Value is: 3333333333
18:24:07.124 [main] INFO  testCases.TC001_WF1_Send_Notify_ETR_S - Detail View Email Passed : Actual Value is: SummaryAdd@gmail.comExpected Value is: SummaryAdd@gmail.com
18:24:08.406 [main] INFO  testCases.TC001_WF1_Send_Notify_ETR_S - Detail View Menu Item Passed : Actual Value is: GoodExpected Value is: Good
18:24:09.674 [main] INFO  testCases.TC001_WF1_Send_Notify_ETR_S - Detail View Enter Your Number Passed : Actual Value is: 5555555555Expected Value is: 5555555555
18:24:11.510 [main] INFO  testCases.TC001_WF1_Send_Notify_ETR_S - Module Name Title Passed : Actual Value is: CRMEditFieldModuleExpected Value is: CRMEditFieldModule
18:24:12.807 [main] INFO  testCases.TC001_WF1_Send_Notify_ETR_S - Phone Number Title Passed : Actual Value is: +91 9087654321Expected Value is: +91 9087654321
18:24:14.060 [main] INFO  testCases.TC001_WF1_Send_Notify_ETR_S - Email Title Passed : Actual Value is: SummaryAdd@gmail.comExpected Value is: SummaryAdd@gmail.com
18:24:15.280 [main] INFO  testCases.TC001_WF1_Send_Notify_ETR_S - Piclist Value Title Passed : Actual Value is: GoodExpected Value is: Good
18:24:16.759 [main] INFO  testCases.TC001_WF1_Send_Notify_ETR_S - Notification Link Clicked
18:24:22.111 [main] INFO  testCases.TC001_WF1_Send_Notify_ETR_S - Notification detail view opened
18:24:27.177 [main] INFO  testCases.TC001_WF1_Send_Notify_ETR_S - Switched to New Window
18:24:27.924 [main] INFO  testCases.TC001_WF1_Send_Notify_ETR_S - Detail View Assigned To Passed : Actual Value is: Rsoft ITExpected Value is: Rsoft IT
18:24:29.206 [main] INFO  testCases.TC001_WF1_Send_Notify_ETR_S - Detail View Status Passed : Actual Value is: 0Expected Value is: 0
18:24:30.472 [main] INFO  testCases.TC001_WF1_Send_Notify_ETR_S - Detail View Summary Passed : Actual Value is: Welcome to Notification test automation for ETRS.Expected Value is: Welcome to Notification test automation for ETRS.
18:24:31.710 [main] INFO  testCases.TC001_WF1_Send_Notify_ETR_S - Detail View Action Title Passed : Actual Value is:       NewTriggerNotification      Expected Value is: NewTriggerNotification
18:24:37.858 [main] INFO  testCases.TC001_WF1_Send_Notify_ETR_S - Summary View Assigned To Passed : Actual Value is: Rsoft ITExpected Value is: Rsoft IT
18:24:39.174 [main] INFO  testCases.TC001_WF1_Send_Notify_ETR_S - Summary View Status Passed : Actual Value is: 0Expected Value is: 0
18:24:40.440 [main] INFO  testCases.TC001_WF1_Send_Notify_ETR_S - Summary View User Passed : Actual Value is: Welcome to Notification test automation for ETRS.Expected Value is: Welcome to Notification test automation for ETRS.
18:24:41.707 [main] INFO  testCases.TC001_WF1_Send_Notify_ETR_S - Summary View Action Title Passed : Actual Value is:       NewTriggerNotification      Expected Value is: NewTriggerNotification
18:24:43.042 [main] INFO  testCases.TC001_WF1_Send_Notify_ETR_S - Captured RecordId
18:24:43.042 [main] INFO  testCases.TC001_WF1_Send_Notify_ETR_S - Record Id: After New Summary Data Added: 93168
18:24:49.912 [main] INFO  testCases.TC001_WF1_Send_Notify_ETR_S - //ul[@class='select2-results__options']/li[contains(text(),'IT')]
18:24:51.910 [main] INFO  testCases.TC001_WF1_Send_Notify_ETR_S - 93168 entered in  input
18:24:57.447 [main] INFO  testCases.TC001_WF1_Send_Notify_ETR_S - SMS Count:2
18:24:57.447 [main] INFO  testCases.TC001_WF1_Send_Notify_ETR_S - Passed: Notification Received after Add Summary Record-Rsoft IT Record Id: 93168
18:24:59.208 [main] INFO  testCases.TC001_WF1_Send_Notify_ETR_S - AssignedTo Record Details Passed : Actual Value is: Rsoft ITExpected Value is: Rsoft IT
18:25:00.457 [main] INFO  testCases.TC001_WF1_Send_Notify_ETR_S - Status in Record Details Passed : Actual Value is: 0Expected Value is: 0
18:25:01.708 [main] INFO  testCases.TC001_WF1_Send_Notify_ETR_S - Created By in Record Details Passed : Actual Value is: Rsoft ITExpected Value is: Rsoft IT
18:25:02.974 [main] INFO  testCases.TC001_WF1_Send_Notify_ETR_S - UserName in Record Details Passed : Actual Value is: Welcome to Notification test automation for ETRS.Expected Value is: Welcome to Notification test automation for ETRS.
18:25:04.206 [main] INFO  testCases.TC001_WF1_Send_Notify_ETR_S - Workflow Title in Record Details Passed : Actual Value is: NewTriggerNotificationExpected Value is: NewTriggerNotification
18:25:05.460 [main] INFO  testCases.TC001_WF1_Send_Notify_ETR_S - Record Id in Record Details Passed : Actual Value is: 93168Expected Value is: 93168
18:25:13.018 [main] INFO  testCases.TC001_WF1_Send_Notify_ETR_S - //ul[@class='select2-results__options']/li[contains(text(),'VE')]
18:25:14.993 [main] INFO  testCases.TC001_WF1_Send_Notify_ETR_S - 93168 entered in  input
18:25:20.609 [main] INFO  testCases.TC001_WF1_Send_Notify_ETR_S - SMS Count:2
18:25:20.609 [main] INFO  testCases.TC001_WF1_Send_Notify_ETR_S - Passed: Notification Received after Add Summary Record-Sudhakar VE Record Id: 93168
18:25:22.410 [main] INFO  testCases.TC001_WF1_Send_Notify_ETR_S - AssignedTo Record Details Passed : Actual Value is: Sudhakar VEExpected Value is: Sudhakar VE
18:25:23.657 [main] INFO  testCases.TC001_WF1_Send_Notify_ETR_S - Status in Record Details Passed : Actual Value is: 0Expected Value is: 0
18:25:24.924 [main] INFO  testCases.TC001_WF1_Send_Notify_ETR_S - Created By in Record Details Passed : Actual Value is: Rsoft ITExpected Value is: Rsoft IT
18:25:26.238 [main] INFO  testCases.TC001_WF1_Send_Notify_ETR_S - UserName in Record Details Passed : Actual Value is: Welcome to Notification test automation for ETRS.Expected Value is: Welcome to Notification test automation for ETRS.
18:25:27.488 [main] INFO  testCases.TC001_WF1_Send_Notify_ETR_S - Workflow Title in Record Details Passed : Actual Value is: NewTriggerNotificationExpected Value is: NewTriggerNotification
18:25:28.725 [main] INFO  testCases.TC001_WF1_Send_Notify_ETR_S - Record Id in Record Details Passed : Actual Value is: 93168Expected Value is: 93168
18:25:36.343 [main] INFO  testCases.TC001_WF1_Send_Notify_ETR_S - //ul[@class='select2-results__options']/li[contains(text(),'Mohan')]
18:25:38.648 [main] INFO  testCases.TC001_WF1_Send_Notify_ETR_S - 93168 entered in  input
18:25:44.445 [main] INFO  testCases.TC001_WF1_Send_Notify_ETR_S - SMS Count:2
18:25:44.445 [main] INFO  testCases.TC001_WF1_Send_Notify_ETR_S - Passed: Notification Received after Add Summary Record-Madhan Mohan Record Id: 93168
18:25:46.264 [main] INFO  testCases.TC001_WF1_Send_Notify_ETR_S - AssignedTo Record Details Passed : Actual Value is: Madhan MohanExpected Value is: Madhan Mohan
18:25:47.528 [main] INFO  testCases.TC001_WF1_Send_Notify_ETR_S - Status in Record Details Passed : Actual Value is: 0Expected Value is: 0
18:25:48.794 [main] INFO  testCases.TC001_WF1_Send_Notify_ETR_S - Created By in Record Details Passed : Actual Value is: Rsoft ITExpected Value is: Rsoft IT
18:25:50.031 [main] INFO  testCases.TC001_WF1_Send_Notify_ETR_S - UserName in Record Details Passed : Actual Value is: Welcome to Notification test automation for ETRS.Expected Value is: Welcome to Notification test automation for ETRS.
18:25:51.308 [main] INFO  testCases.TC001_WF1_Send_Notify_ETR_S - Workflow Title in Record Details Passed : Actual Value is: NewTriggerNotificationExpected Value is: NewTriggerNotification
18:25:52.575 [main] INFO  testCases.TC001_WF1_Send_Notify_ETR_S - Record Id in Record Details Passed : Actual Value is: 93168Expected Value is: 93168
18:26:04.196 [main] INFO  testCases.TC001_WF1_Send_Notify_ETR_S - [CRMEditFieldModule] is selected in List
18:26:34.225 [main] INFO  testCases.TC001_WF1_Send_Notify_ETR_S - Notification Link Clicked
18:26:39.603 [main] INFO  testCases.TC001_WF1_Send_Notify_ETR_S - Notification detail view opened
18:26:44.661 [main] INFO  testCases.TC001_WF1_Send_Notify_ETR_S - Switched to New Window
18:26:45.391 [main] INFO  testCases.TC001_WF1_Send_Notify_ETR_S - Detail View Assigned To Passed : Actual Value is: Rsoft ITExpected Value is: Rsoft IT
18:26:46.642 [main] INFO  testCases.TC001_WF1_Send_Notify_ETR_S - Detail View Status Passed : Actual Value is: 0Expected Value is: 0
18:26:47.925 [main] INFO  testCases.TC001_WF1_Send_Notify_ETR_S - Detail View Summary Passed : Actual Value is: Welcome to Notification test automation for ETRS.Expected Value is: Welcome to Notification test automation for ETRS.
18:26:49.191 [main] INFO  testCases.TC001_WF1_Send_Notify_ETR_S - Detail View Action Title Passed : Actual Value is:       NewTriggerNotification      Expected Value is: NewTriggerNotification
18:26:55.275 [main] INFO  testCases.TC001_WF1_Send_Notify_ETR_S - Summary View Assigned To Passed : Actual Value is: Rsoft ITExpected Value is: Rsoft IT
18:26:56.574 [main] INFO  testCases.TC001_WF1_Send_Notify_ETR_S - Summary View Status Passed : Actual Value is: 0Expected Value is: 0
18:26:57.859 [main] INFO  testCases.TC001_WF1_Send_Notify_ETR_S - Summary View User Passed : Actual Value is: Welcome to Notification test automation for ETRS.Expected Value is: Welcome to Notification test automation for ETRS.
18:26:59.110 [main] INFO  testCases.TC001_WF1_Send_Notify_ETR_S - Summary View Action Title Passed : Actual Value is:       NewTriggerNotification      Expected Value is: NewTriggerNotification
18:27:00.442 [main] INFO  testCases.TC001_WF1_Send_Notify_ETR_S - Captured RecordId
18:27:00.442 [main] INFO  testCases.TC001_WF1_Send_Notify_ETR_S - Record Id: After Duplicate With No Modification: 93172
18:27:07.270 [main] INFO  testCases.TC001_WF1_Send_Notify_ETR_S - //ul[@class='select2-results__options']/li[contains(text(),'IT')]
18:27:09.227 [main] INFO  testCases.TC001_WF1_Send_Notify_ETR_S - 93172 entered in  input
18:27:14.808 [main] INFO  testCases.TC001_WF1_Send_Notify_ETR_S - SMS Count:2
18:27:14.808 [main] INFO  testCases.TC001_WF1_Send_Notify_ETR_S - Passed: Notification Received after Duplicate-Rsoft IT Record Id: 93172
18:27:16.644 [main] INFO  testCases.TC001_WF1_Send_Notify_ETR_S - AssignedTo Record Details Passed : Actual Value is: Rsoft ITExpected Value is: Rsoft IT
18:27:17.910 [main] INFO  testCases.TC001_WF1_Send_Notify_ETR_S - Status in Record Details Passed : Actual Value is: 0Expected Value is: 0
18:27:19.156 [main] INFO  testCases.TC001_WF1_Send_Notify_ETR_S - Created By in Record Details Passed : Actual Value is: Rsoft ITExpected Value is: Rsoft IT
18:27:20.458 [main] INFO  testCases.TC001_WF1_Send_Notify_ETR_S - UserName in Record Details Passed : Actual Value is: Welcome to Notification test automation for ETRS.Expected Value is: Welcome to Notification test automation for ETRS.
18:27:21.725 [main] INFO  testCases.TC001_WF1_Send_Notify_ETR_S - Workflow Title in Record Details Passed : Actual Value is: NewTriggerNotificationExpected Value is: NewTriggerNotification
18:27:23.008 [main] INFO  testCases.TC001_WF1_Send_Notify_ETR_S - Record Id in Record Details Passed : Actual Value is: 93172Expected Value is: 93172
18:27:30.499 [main] INFO  testCases.TC001_WF1_Send_Notify_ETR_S - //ul[@class='select2-results__options']/li[contains(text(),'VE')]
18:27:32.560 [main] INFO  testCases.TC001_WF1_Send_Notify_ETR_S - 93172 entered in  input
18:27:37.925 [main] INFO  testCases.TC001_WF1_Send_Notify_ETR_S - SMS Count:2
18:27:37.925 [main] INFO  testCases.TC001_WF1_Send_Notify_ETR_S - Passed: Notification Received after Duplicate-Sudhakar VE Record Id: 93172
18:27:39.742 [main] INFO  testCases.TC001_WF1_Send_Notify_ETR_S - AssignedTo Record Details Passed : Actual Value is: Sudhakar VEExpected Value is: Sudhakar VE
18:27:41.073 [main] INFO  testCases.TC001_WF1_Send_Notify_ETR_S - Status in Record Details Passed : Actual Value is: 0Expected Value is: 0
18:27:42.340 [main] INFO  testCases.TC001_WF1_Send_Notify_ETR_S - Created By in Record Details Passed : Actual Value is: Rsoft ITExpected Value is: Rsoft IT
18:27:43.608 [main] INFO  testCases.TC001_WF1_Send_Notify_ETR_S - UserName in Record Details Passed : Actual Value is: Welcome to Notification test automation for ETRS.Expected Value is: Welcome to Notification test automation for ETRS.
18:27:44.909 [main] INFO  testCases.TC001_WF1_Send_Notify_ETR_S - Workflow Title in Record Details Passed : Actual Value is: NewTriggerNotificationExpected Value is: NewTriggerNotification
18:27:46.176 [main] INFO  testCases.TC001_WF1_Send_Notify_ETR_S - Record Id in Record Details Passed : Actual Value is: 93172Expected Value is: 93172
18:27:53.807 [main] INFO  testCases.TC001_WF1_Send_Notify_ETR_S - //ul[@class='select2-results__options']/li[contains(text(),'Mohan')]
18:27:55.764 [main] INFO  testCases.TC001_WF1_Send_Notify_ETR_S - 93172 entered in  input
18:28:01.192 [main] INFO  testCases.TC001_WF1_Send_Notify_ETR_S - SMS Count:2
18:28:01.192 [main] INFO  testCases.TC001_WF1_Send_Notify_ETR_S - Passed: Notification Received after Duplicate Record-Madhan Mohan Record Id: 93172
18:28:02.994 [main] INFO  testCases.TC001_WF1_Send_Notify_ETR_S - AssignedTo Record Details Passed : Actual Value is: Madhan MohanExpected Value is: Madhan Mohan
18:28:04.241 [main] INFO  testCases.TC001_WF1_Send_Notify_ETR_S - Status in Record Details Passed : Actual Value is: 0Expected Value is: 0
18:28:05.524 [main] INFO  testCases.TC001_WF1_Send_Notify_ETR_S - Created By in Record Details Passed : Actual Value is: Rsoft ITExpected Value is: Rsoft IT
18:28:06.791 [main] INFO  testCases.TC001_WF1_Send_Notify_ETR_S - UserName in Record Details Passed : Actual Value is: Welcome to Notification test automation for ETRS.Expected Value is: Welcome to Notification test automation for ETRS.
18:28:08.022 [main] INFO  testCases.TC001_WF1_Send_Notify_ETR_S - Workflow Title in Record Details Passed : Actual Value is: NewTriggerNotificationExpected Value is: NewTriggerNotification
18:28:09.289 [main] INFO  testCases.TC001_WF1_Send_Notify_ETR_S - Record Id in Record Details Passed : Actual Value is: 93172Expected Value is: 93172
18:28:20.849 [main] INFO  testCases.TC001_WF1_Send_Notify_ETR_S - [CRMEditFieldModule] is selected in List
18:28:30.147 [main] INFO  testCases.TC001_WF1_Send_Notify_ETR_S - Excel file Utility instance created
18:28:30.214 [main] INFO  testCases.TC001_WF1_Send_Notify_ETR_S - Row Count is: 1
18:28:30.398 [main] INFO  testCases.TC001_WF1_Send_Notify_ETR_S - Col Count is: 52
18:28:30.399 [main] INFO  testCases.TC001_WF1_Send_Notify_ETR_S - Extracting DataSheet Values started...
18:28:33.596 [main] INFO  testCases.TC001_WF1_Send_Notify_ETR_S - 9087654321 entered in  input
18:28:35.326 [main] INFO  testCases.TC001_WF1_Send_Notify_ETR_S - 2222222222 entered in  input
18:28:38.544 [main] INFO  testCases.TC001_WF1_Send_Notify_ETR_S - DuplicateChange@gmail.com entered in  input
18:28:40.091 [main] INFO  testCases.TC001_WF1_Send_Notify_ETR_S - 666666666 entered in  input
18:28:47.895 [main] INFO  testCases.TC001_WF1_Send_Notify_ETR_S - [Very good] is selected in List
18:29:30.040 [main] INFO  testCases.TC001_WF1_Send_Notify_ETR_S - Excel file Utility instance created
18:29:30.076 [main] INFO  testCases.TC001_WF1_Send_Notify_ETR_S - Row Count is: 1
18:29:30.092 [main] INFO  testCases.TC001_WF1_Send_Notify_ETR_S - Col Count is: 52
18:29:30.092 [main] INFO  testCases.TC001_WF1_Send_Notify_ETR_S - Extracting DataSheet Values started...
18:29:30.553 [main] INFO  testCases.TC001_WF1_Send_Notify_ETR_S - Module Name Passed : Actual Value is: CRMEditFieldModuleExpected Value is: CRMEditFieldModule
18:29:32.273 [main] INFO  testCases.TC001_WF1_Send_Notify_ETR_S - Module Name Passed : Actual Value is: CRMEditFieldModuleExpected Value is: CRMEditFieldModule
18:29:33.571 [main] INFO  testCases.TC001_WF1_Send_Notify_ETR_S - Phone Number Passed : Actual Value is: +91 9087654321Expected Value is: +91 9087654321
18:29:34.806 [main] INFO  testCases.TC001_WF1_Send_Notify_ETR_S - Email Passed : Actual Value is: DuplicateChange@gmail.comExpected Value is: DuplicateChange@gmail.com
18:29:36.088 [main] INFO  testCases.TC001_WF1_Send_Notify_ETR_S - Piclist Value Passed : Actual Value is: Very goodExpected Value is: Very good
18:29:43.627 [main] INFO  testCases.TC001_WF1_Send_Notify_ETR_S - Summary Phone Number Passed : Actual Value is: +91 9087654321Expected Value is: +91 9087654321
18:29:44.874 [main] INFO  testCases.TC001_WF1_Send_Notify_ETR_S - Summary Number Field Passed : Actual Value is: 2222222222Expected Value is: 2222222222
18:29:46.156 [main] INFO  testCases.TC001_WF1_Send_Notify_ETR_S - Summary Email Passed : Actual Value is: DuplicateChange@gmail.comExpected Value is: DuplicateChange@gmail.com
18:29:47.387 [main] INFO  testCases.TC001_WF1_Send_Notify_ETR_S - Summary Picklist Item Passed : Actual Value is: Very goodExpected Value is: Very good
18:29:48.654 [main] INFO  testCases.TC001_WF1_Send_Notify_ETR_S - Summary Enter Your Number Passed : Actual Value is: 666666666Expected Value is: 666666666
18:29:55.923 [main] INFO  testCases.TC001_WF1_Send_Notify_ETR_S - Detail View Assigned To Passed : Actual Value is: Rsoft ITExpected Value is: Rsoft IT
18:29:57.170 [main] INFO  testCases.TC001_WF1_Send_Notify_ETR_S - Detail View Phone Numer Passed : Actual Value is: +91 9087654321Expected Value is: +91 9087654321
18:29:58.421 [main] INFO  testCases.TC001_WF1_Send_Notify_ETR_S - Detail View Number Field Passed : Actual Value is: 2222222222Expected Value is: 2222222222
18:29:59.688 [main] INFO  testCases.TC001_WF1_Send_Notify_ETR_S - Detail View Email Passed : Actual Value is: DuplicateChange@gmail.comExpected Value is: DuplicateChange@gmail.com
18:30:00.939 [main] INFO  testCases.TC001_WF1_Send_Notify_ETR_S - Detail View Menu Item Passed : Actual Value is: Very goodExpected Value is: Very good
18:30:02.162 [main] INFO  testCases.TC001_WF1_Send_Notify_ETR_S - Detail View Enter Your Number Passed : Actual Value is: 666666666Expected Value is: 666666666
18:30:04.006 [main] INFO  testCases.TC001_WF1_Send_Notify_ETR_S - Module Name Title Passed : Actual Value is: CRMEditFieldModuleExpected Value is: CRMEditFieldModule
18:30:05.240 [main] INFO  testCases.TC001_WF1_Send_Notify_ETR_S - Phone Number Title Passed : Actual Value is: +91 9087654321Expected Value is: +91 9087654321
18:30:06.507 [main] INFO  testCases.TC001_WF1_Send_Notify_ETR_S - Email Title Passed : Actual Value is: DuplicateChange@gmail.comExpected Value is: DuplicateChange@gmail.com
18:30:07.724 [main] INFO  testCases.TC001_WF1_Send_Notify_ETR_S - Piclist Value Title Passed : Actual Value is: Very goodExpected Value is: Very good
18:30:09.256 [main] INFO  testCases.TC001_WF1_Send_Notify_ETR_S - Notification Link Clicked
18:30:14.617 [main] INFO  testCases.TC001_WF1_Send_Notify_ETR_S - Notification detail view opened
18:30:19.673 [main] INFO  testCases.TC001_WF1_Send_Notify_ETR_S - Switched to New Window
18:30:20.407 [main] INFO  testCases.TC001_WF1_Send_Notify_ETR_S - Detail View Assigned To Passed : Actual Value is: Rsoft ITExpected Value is: Rsoft IT
18:30:21.686 [main] INFO  testCases.TC001_WF1_Send_Notify_ETR_S - Detail View Status Passed : Actual Value is: 0Expected Value is: 0
18:30:22.970 [main] INFO  testCases.TC001_WF1_Send_Notify_ETR_S - Detail View Summary Passed : Actual Value is: Welcome to Notification test automation for ETRS.Expected Value is: Welcome to Notification test automation for ETRS.
18:30:24.256 [main] INFO  testCases.TC001_WF1_Send_Notify_ETR_S - Detail View Action Title Passed : Actual Value is:       NewTriggerNotification      Expected Value is: NewTriggerNotification
18:30:30.407 [main] INFO  testCases.TC001_WF1_Send_Notify_ETR_S - Summary View Assigned To Passed : Actual Value is: Rsoft ITExpected Value is: Rsoft IT
18:30:31.672 [main] INFO  testCases.TC001_WF1_Send_Notify_ETR_S - Summary View Status Passed : Actual Value is: 0Expected Value is: 0
18:30:32.955 [main] INFO  testCases.TC001_WF1_Send_Notify_ETR_S - Summary View User Passed : Actual Value is: Welcome to Notification test automation for ETRS.Expected Value is: Welcome to Notification test automation for ETRS.
18:30:34.218 [main] INFO  testCases.TC001_WF1_Send_Notify_ETR_S - Summary View Action Title Passed : Actual Value is:       NewTriggerNotification      Expected Value is: NewTriggerNotification
18:30:35.788 [main] INFO  testCases.TC001_WF1_Send_Notify_ETR_S - Captured RecordId
18:30:35.788 [main] INFO  testCases.TC001_WF1_Send_Notify_ETR_S - Record Id: After Duplicate with New Modification Record: 93176
18:30:42.463 [main] INFO  testCases.TC001_WF1_Send_Notify_ETR_S - //ul[@class='select2-results__options']/li[contains(text(),'IT')]
18:30:44.437 [main] INFO  testCases.TC001_WF1_Send_Notify_ETR_S - 93176 entered in  input
18:30:49.963 [main] INFO  testCases.TC001_WF1_Send_Notify_ETR_S - SMS Count:2
18:30:49.963 [main] INFO  testCases.TC001_WF1_Send_Notify_ETR_S - Passed: Notification Received after Duplicate Change-Rsoft IT Record Id: 93176
18:30:51.815 [main] INFO  testCases.TC001_WF1_Send_Notify_ETR_S - AssignedTo Record Details Passed : Actual Value is: Rsoft ITExpected Value is: Rsoft IT
18:30:53.061 [main] INFO  testCases.TC001_WF1_Send_Notify_ETR_S - Status in Record Details Passed : Actual Value is: 0Expected Value is: 0
18:30:54.327 [main] INFO  testCases.TC001_WF1_Send_Notify_ETR_S - Created By in Record Details Passed : Actual Value is: Rsoft ITExpected Value is: Rsoft IT
18:30:55.609 [main] INFO  testCases.TC001_WF1_Send_Notify_ETR_S - UserName in Record Details Passed : Actual Value is: Welcome to Notification test automation for ETRS.Expected Value is: Welcome to Notification test automation for ETRS.
18:30:56.877 [main] INFO  testCases.TC001_WF1_Send_Notify_ETR_S - Workflow Title in Record Details Passed : Actual Value is: NewTriggerNotificationExpected Value is: NewTriggerNotification
18:30:58.143 [main] INFO  testCases.TC001_WF1_Send_Notify_ETR_S - Record Id in Record Details Passed : Actual Value is: 93176Expected Value is: 93176
18:31:05.923 [main] INFO  testCases.TC001_WF1_Send_Notify_ETR_S - //ul[@class='select2-results__options']/li[contains(text(),'VE')]
18:31:07.866 [main] INFO  testCases.TC001_WF1_Send_Notify_ETR_S - 93176 entered in  input
18:31:13.424 [main] INFO  testCases.TC001_WF1_Send_Notify_ETR_S - SMS Count:2
18:31:13.424 [main] INFO  testCases.TC001_WF1_Send_Notify_ETR_S - Passed: Notification Received after Duplicate change-Sudhakar VE Record Id: 93176
18:31:15.217 [main] INFO  testCases.TC001_WF1_Send_Notify_ETR_S - AssignedTo Record Details Passed : Actual Value is: Sudhakar VEExpected Value is: Sudhakar VE
18:31:16.462 [main] INFO  testCases.TC001_WF1_Send_Notify_ETR_S - Status in Record Details Passed : Actual Value is: 0Expected Value is: 0
18:31:17.729 [main] INFO  testCases.TC001_WF1_Send_Notify_ETR_S - Created By in Record Details Passed : Actual Value is: Rsoft ITExpected Value is: Rsoft IT
18:31:19.012 [main] INFO  testCases.TC001_WF1_Send_Notify_ETR_S - UserName in Record Details Passed : Actual Value is: Welcome to Notification test automation for ETRS.Expected Value is: Welcome to Notification test automation for ETRS.
18:31:20.277 [main] INFO  testCases.TC001_WF1_Send_Notify_ETR_S - Workflow Title in Record Details Passed : Actual Value is: NewTriggerNotificationExpected Value is: NewTriggerNotification
18:31:21.560 [main] INFO  testCases.TC001_WF1_Send_Notify_ETR_S - Record Id in Record Details Passed : Actual Value is: 93176Expected Value is: 93176
18:31:29.183 [main] INFO  testCases.TC001_WF1_Send_Notify_ETR_S - //ul[@class='select2-results__options']/li[contains(text(),'Mohan')]
18:31:31.115 [main] INFO  testCases.TC001_WF1_Send_Notify_ETR_S - 93176 entered in  input
18:31:36.827 [main] INFO  testCases.TC001_WF1_Send_Notify_ETR_S - SMS Count:2
18:31:36.827 [main] INFO  testCases.TC001_WF1_Send_Notify_ETR_S - Passed: Notification Received after Duplicate change Record-Madhan Mohan Record Id: 93176
18:31:38.630 [main] INFO  testCases.TC001_WF1_Send_Notify_ETR_S - AssignedTo Record Details Passed : Actual Value is: Madhan MohanExpected Value is: Madhan Mohan
18:31:39.910 [main] INFO  testCases.TC001_WF1_Send_Notify_ETR_S - Status in Record Details Passed : Actual Value is: 0Expected Value is: 0
18:31:41.208 [main] INFO  testCases.TC001_WF1_Send_Notify_ETR_S - Created By in Record Details Passed : Actual Value is: Rsoft ITExpected Value is: Rsoft IT
18:31:42.475 [main] INFO  testCases.TC001_WF1_Send_Notify_ETR_S - UserName in Record Details Passed : Actual Value is: Welcome to Notification test automation for ETRS.Expected Value is: Welcome to Notification test automation for ETRS.
18:31:43.742 [main] INFO  testCases.TC001_WF1_Send_Notify_ETR_S - Workflow Title in Record Details Passed : Actual Value is: NewTriggerNotificationExpected Value is: NewTriggerNotification
18:31:45.009 [main] INFO  testCases.TC001_WF1_Send_Notify_ETR_S - Record Id in Record Details Passed : Actual Value is: 93176Expected Value is: 93176
18:32:00.520 [main] INFO  testCases.TC001_WF1_Send_Notify_ETR_S - [CRMEditFieldModule] is selected in List
18:32:25.753 [main] INFO  testCases.TC001_WF1_Send_Notify_ETR_S - Notification Link Clicked
18:32:31.068 [main] INFO  testCases.TC001_WF1_Send_Notify_ETR_S - Notification detail view opened
18:32:36.119 [main] INFO  testCases.TC001_WF1_Send_Notify_ETR_S - Switched to New Window
18:32:36.909 [main] INFO  testCases.TC001_WF1_Send_Notify_ETR_S - Detail View Assigned To Passed : Actual Value is: Rsoft ITExpected Value is: Rsoft IT
18:32:38.175 [main] INFO  testCases.TC001_WF1_Send_Notify_ETR_S - Detail View Status Passed : Actual Value is: 0Expected Value is: 0
18:32:39.441 [main] INFO  testCases.TC001_WF1_Send_Notify_ETR_S - Detail View Summary Passed : Actual Value is: Welcome to Notification test automation for ETRS.Expected Value is: Welcome to Notification test automation for ETRS.
18:32:40.728 [main] INFO  testCases.TC001_WF1_Send_Notify_ETR_S - Detail View Action Title Passed : Actual Value is:       NewTriggerNotification      Expected Value is: NewTriggerNotification
18:32:46.776 [main] INFO  testCases.TC001_WF1_Send_Notify_ETR_S - Summary View Assigned To Passed : Actual Value is: Rsoft ITExpected Value is: Rsoft IT
18:32:48.041 [main] INFO  testCases.TC001_WF1_Send_Notify_ETR_S - Summary View Status Passed : Actual Value is: 0Expected Value is: 0
18:32:49.292 [main] INFO  testCases.TC001_WF1_Send_Notify_ETR_S - Summary View User Passed : Actual Value is: Welcome to Notification test automation for ETRS.Expected Value is: Welcome to Notification test automation for ETRS.
18:32:50.524 [main] INFO  testCases.TC001_WF1_Send_Notify_ETR_S - Summary View Action Title Passed : Actual Value is:       NewTriggerNotification      Expected Value is: NewTriggerNotification
18:32:51.859 [main] INFO  testCases.TC001_WF1_Send_Notify_ETR_S - Captured RecordId
18:32:51.859 [main] INFO  testCases.TC001_WF1_Send_Notify_ETR_S - Record Id:Edit No Change: 93176
18:32:58.381 [main] INFO  testCases.TC001_WF1_Send_Notify_ETR_S - //ul[@class='select2-results__options']/li[contains(text(),'IT')]
18:33:00.316 [main] INFO  testCases.TC001_WF1_Send_Notify_ETR_S - 93176 entered in  input
18:33:05.766 [main] INFO  testCases.TC001_WF1_Send_Notify_ETR_S - SMS Count:3
18:33:05.766 [main] INFO  testCases.TC001_WF1_Send_Notify_ETR_S - Failed: Notification not Received after Edit No Change Record -Rsoft IT Record Id: 93176
18:33:07.595 [main] INFO  testCases.TC001_WF1_Send_Notify_ETR_S - AssignedTo Record Details Passed : Actual Value is: Rsoft ITExpected Value is: Rsoft IT
18:33:08.844 [main] INFO  testCases.TC001_WF1_Send_Notify_ETR_S - Status in Record Details Passed : Actual Value is: 0Expected Value is: 0
18:33:10.110 [main] INFO  testCases.TC001_WF1_Send_Notify_ETR_S - Created By in Record Details Passed : Actual Value is: Rsoft ITExpected Value is: Rsoft IT
18:33:11.341 [main] INFO  testCases.TC001_WF1_Send_Notify_ETR_S - UserName in Record Details Passed : Actual Value is: Welcome to Notification test automation for ETRS.Expected Value is: Welcome to Notification test automation for ETRS.
18:33:12.592 [main] INFO  testCases.TC001_WF1_Send_Notify_ETR_S - Workflow Title in Record Details Passed : Actual Value is: NewTriggerNotificationExpected Value is: NewTriggerNotification
18:33:13.859 [main] INFO  testCases.TC001_WF1_Send_Notify_ETR_S - Record Id in Record Details Passed : Actual Value is: 93176Expected Value is: 93176
18:33:21.211 [main] INFO  testCases.TC001_WF1_Send_Notify_ETR_S - //ul[@class='select2-results__options']/li[contains(text(),'VE')]
18:33:23.315 [main] INFO  testCases.TC001_WF1_Send_Notify_ETR_S - 93176 entered in  input
18:33:28.858 [main] INFO  testCases.TC001_WF1_Send_Notify_ETR_S - SMS Count:3
18:33:28.858 [main] INFO  testCases.TC001_WF1_Send_Notify_ETR_S - Failed: Notification not Received after Edit No Change -Sudhakar VE Record Id: 93176
18:33:30.806 [main] INFO  testCases.TC001_WF1_Send_Notify_ETR_S - AssignedTo Record Details Passed : Actual Value is: Sudhakar VEExpected Value is: Sudhakar VE
18:33:32.041 [main] INFO  testCases.TC001_WF1_Send_Notify_ETR_S - Status in Record Details Passed : Actual Value is: 0Expected Value is: 0
18:33:33.339 [main] INFO  testCases.TC001_WF1_Send_Notify_ETR_S - Created By in Record Details Passed : Actual Value is: Rsoft ITExpected Value is: Rsoft IT
18:33:34.590 [main] INFO  testCases.TC001_WF1_Send_Notify_ETR_S - UserName in Record Details Passed : Actual Value is: Welcome to Notification test automation for ETRS.Expected Value is: Welcome to Notification test automation for ETRS.
18:33:35.841 [main] INFO  testCases.TC001_WF1_Send_Notify_ETR_S - Workflow Title in Record Details Passed : Actual Value is: NewTriggerNotificationExpected Value is: NewTriggerNotification
18:33:37.116 [main] INFO  testCases.TC001_WF1_Send_Notify_ETR_S - Record Id in Record Details Passed : Actual Value is: 93176Expected Value is: 93176
18:33:44.552 [main] INFO  testCases.TC001_WF1_Send_Notify_ETR_S - //ul[@class='select2-results__options']/li[contains(text(),'Mohan')]
18:33:46.510 [main] INFO  testCases.TC001_WF1_Send_Notify_ETR_S - 93176 entered in  input
18:33:52.259 [main] INFO  testCases.TC001_WF1_Send_Notify_ETR_S - SMS Count:3
18:33:52.259 [main] INFO  testCases.TC001_WF1_Send_Notify_ETR_S - Failed: Notification not Received after Edit No Change Record -Madhan Mohan Record Id: 93176
18:33:54.026 [main] INFO  testCases.TC001_WF1_Send_Notify_ETR_S - AssignedTo Record Details Passed : Actual Value is: Madhan MohanExpected Value is: Madhan Mohan
18:33:55.276 [main] INFO  testCases.TC001_WF1_Send_Notify_ETR_S - Status in Record Details Passed : Actual Value is: 0Expected Value is: 0
18:33:56.523 [main] INFO  testCases.TC001_WF1_Send_Notify_ETR_S - Created By in Record Details Passed : Actual Value is: Rsoft ITExpected Value is: Rsoft IT
18:33:57.809 [main] INFO  testCases.TC001_WF1_Send_Notify_ETR_S - UserName in Record Details Passed : Actual Value is: Welcome to Notification test automation for ETRS.Expected Value is: Welcome to Notification test automation for ETRS.
