17:48:35.396 [main] INFO  utilities.UtilityCustomFunctions - Click Source Module:ETNotification
17:48:38.453 [main] INFO  utilities.UtilityCustomFunctions - Add New Record clicked:ETNotification
17:48:40.469 [main] INFO  utilities.UtilityCustomFunctions - Excel file Utility instance created
17:48:40.540 [main] INFO  utilities.UtilityCustomFunctions - Row Count to Add Values: 1
17:48:40.613 [main] INFO  utilities.UtilityCustomFunctions - Col Count is: 37
17:48:40.614 [main] INFO  utilities.UtilityCustomFunctions - Extracting DataSheet Values started...
17:48:41.964 [main] INFO  utilities.UtilityCustomFunctions - Before Adding Module data
17:48:45.148 [main] INFO  utilities.UtilityCustomFunctions - Assinged To Drop Down clicked
17:48:50.515 [main] INFO  testCases.ExecuteTask.Notification.TC009_NT_ExecuteTask_TimeAfterHours - [Rsoft IT] is selected in List
17:48:50.680 [main] INFO  utilities.UtilityCustomFunctions - Phone NUmber prefix clicked :  
17:48:53.990 [main] INFO  testCases.ExecuteTask.Notification.TC009_NT_ExecuteTask_TimeAfterHours - [+91] is selected in List
17:48:53.990 [main] INFO  utilities.UtilityCustomFunctions - Phone NUmber selected is :  9087654321
17:48:55.618 [main] INFO  utilities.UtilityCustomFunctions - 9087654321 entered in  input
17:48:59.288 [main] INFO  utilities.UtilityCustomFunctions - NewAdd@gmail.com entered in  input
17:49:00.331 [main] INFO  utilities.UtilityCustomFunctions - Email Added is: NewAdd@gmail.com
17:49:01.771 [main] INFO  utilities.UtilityCustomFunctions - NewAddText entered in  input
17:49:01.783 [main] INFO  utilities.UtilityCustomFunctions - Text Value added is::  NewAddText
17:49:24.099 [main] INFO  utilities.UtilityCustomFunctions - MultiCombo box values: one,two
17:49:26.656 [main] INFO  utilities.UtilityCustomFunctions - NewAddTextArea entered in  textarea
17:49:28.741 [main] INFO  utilities.UtilityCustomFunctions - check box value: ON
17:49:28.891 [main] INFO  utilities.UtilityCustomFunctions - Checkbox clicked
17:49:29.031 [main] INFO  utilities.UtilityCustomFunctions - DateBox clicked
17:49:32.066 [main] INFO  utilities.UtilityCustomFunctions - Current Month:May
17:49:36.205 [main] INFO  utilities.UtilityCustomFunctions - Current Month:May
17:49:44.721 [main] INFO  utilities.UtilityCustomFunctions - Year to be selected is:2024
17:49:50.253 [main] INFO  utilities.UtilityCustomFunctions - (//td[contains(@class,'today')])[1]
17:49:53.477 [main] INFO  utilities.UtilityCustomFunctions - Today Date Selected
17:49:55.614 [main] INFO  utilities.UtilityCustomFunctions - Picklist clicked
17:49:56.771 [main] INFO  utilities.UtilityCustomFunctions - Picklist selected: 1
17:50:04.169 [main] INFO  utilities.UtilityCustomFunctions - Date & Time Clicked
17:50:09.232 [main] INFO  utilities.UtilityCustomFunctions - Current Month:May
17:50:13.375 [main] INFO  utilities.UtilityCustomFunctions - Current Month:May
17:50:21.927 [main] INFO  utilities.UtilityCustomFunctions - Year to be selected is:2024
17:50:27.628 [main] INFO  utilities.UtilityCustomFunctions - (//td[contains(@class,'today')])[2]
17:50:32.865 [main] INFO  utilities.UtilityCustomFunctions - Clicked Current Date in Date&Time
17:50:33.056 [main] INFO  utilities.UtilityCustomFunctions - Date & Time Selected
17:50:34.178 [main] INFO  utilities.UtilityCustomFunctions - Time Clicked
17:50:37.190 [main] INFO  utilities.UtilityCustomFunctions - Hours://div[@class='popover-content']//div[@class='clockpicker-tick' and text()='9']
17:50:48.864 [main] INFO  utilities.UtilityCustomFunctions - Actual Date Selected :08-05-2024
17:50:52.822 [main] INFO  testCases.ExecuteTask.Notification.TC009_NT_ExecuteTask_TimeAfterHours - [Mr.] is selected in List
17:50:54.301 [main] INFO  utilities.UtilityCustomFunctions - NewAddName entered in  input
17:50:55.881 [main] INFO  utilities.UtilityCustomFunctions - 1111111111 entered in  input
17:50:57.321 [main] INFO  utilities.UtilityCustomFunctions - 1,000 entered in  input
17:50:58.860 [main] INFO  utilities.UtilityCustomFunctions - http://www.google.com/ entered in  input
17:51:00.037 [main] INFO  utilities.UtilityCustomFunctions - City Drop Down clicked
17:51:03.369 [main] INFO  testCases.ExecuteTask.Notification.TC009_NT_ExecuteTask_TimeAfterHours - [Ariyalur] is selected in List
17:51:03.369 [main] INFO  utilities.UtilityCustomFunctions - City Selected: Ariyalur
17:51:04.528 [main] INFO  utilities.UtilityCustomFunctions - State Drop Down clicked
17:51:08.191 [main] INFO  testCases.ExecuteTask.Notification.TC009_NT_ExecuteTask_TimeAfterHours - [Tamilnadu] is selected in List
17:51:08.191 [main] INFO  utilities.UtilityCustomFunctions - State Selected: Tamilnadu
17:51:09.299 [main] INFO  utilities.UtilityCustomFunctions - Country List clicked
17:51:12.638 [main] INFO  testCases.ExecuteTask.Notification.TC009_NT_ExecuteTask_TimeAfterHours - [India] is selected in List
17:51:12.638 [main] INFO  utilities.UtilityCustomFunctions - Country Selected: India
17:51:29.632 [main] INFO  utilities.UtilityCustomFunctions - RelatedModuleText entered in  input
17:51:29.652 [main] INFO  utilities.UtilityCustomFunctions - Search Button clicked in Related Module Window
17:51:33.484 [main] INFO  utilities.UtilityCustomFunctions - Button Search
17:51:36.557 [main] INFO  utilities.UtilityCustomFunctions - table row Count:1
17:51:45.280 [main] INFO  utilities.UtilityCustomFunctions - Related Module Value Selected
17:51:57.973 [main] INFO  utilities.UtilityCustomFunctions - New Record added in: ETNotification
17:51:59.983 [main] INFO  utilities.UtilityCustomFunctions - Excel file Utility instance created
17:52:00.050 [main] INFO  utilities.UtilityCustomFunctions - Row Count to Add Values: 1
17:52:00.120 [main] INFO  utilities.UtilityCustomFunctions - Col Count is: 37
17:52:00.120 [main] INFO  utilities.UtilityCustomFunctions - Extracting DataSheet Values started...
17:52:00.968 [main] INFO  utilities.UtilityCustomFunctions - Before Verify Detail Summary Module data
17:52:07.087 [main] INFO  utilities.UtilityCustomFunctions - Header Toggle Already ON
17:52:08.396 [main] INFO  utilities.UtilityCustomFunctions - Actual:ETNotification
17:52:08.396 [main] INFO  utilities.UtilityCustomFunctions - Expected:ETNotification
17:52:08.396 [main] INFO  utilities.UtilityCustomFunctions - Message:Module Name in SummaryDetail View Page
17:52:15.069 [main] INFO  utilities.UtilityCustomFunctions - sAssign1:RsoftsAssign2:IT
17:52:15.070 [main] INFO  utilities.UtilityCustomFunctions - Get Text:
17:52:15.461 [main] INFO  utilities.UtilityCustomFunctions - Actual:Rsoft IT
17:52:15.461 [main] INFO  utilities.UtilityCustomFunctions - Expected:Rsoft IT
17:52:15.461 [main] INFO  utilities.UtilityCustomFunctions - Message:Assigned To-Summary Title
17:52:16.736 [main] INFO  utilities.UtilityCustomFunctions - Actual:+91 9087654321
17:52:16.736 [main] INFO  utilities.UtilityCustomFunctions - Expected:+91 9087654321
17:52:16.736 [main] INFO  utilities.UtilityCustomFunctions - Message:Phone Number - Summary Title
17:52:17.993 [main] INFO  utilities.UtilityCustomFunctions - Actual:NewAdd@gmail.com
17:52:17.993 [main] INFO  utilities.UtilityCustomFunctions - Expected:NewAdd@gmail.com
17:52:17.993 [main] INFO  utilities.UtilityCustomFunctions - Message:Email - Summary Title
17:52:19.408 [main] INFO  utilities.UtilityCustomFunctions - Actual:Rsoft IT
17:52:19.408 [main] INFO  utilities.UtilityCustomFunctions - Expected:Rsoft IT
17:52:19.408 [main] INFO  utilities.UtilityCustomFunctions - Message:Assigned To - Summary View Page : 
17:52:20.761 [main] INFO  utilities.UtilityCustomFunctions - Actual:+91 9087654321
17:52:20.761 [main] INFO  utilities.UtilityCustomFunctions - Expected:+91 9087654321
17:52:20.761 [main] INFO  utilities.UtilityCustomFunctions - Message:Mobile Number - Summary View Page : Add New Validation
17:52:22.117 [main] INFO  utilities.UtilityCustomFunctions - Actual:NewAdd@gmail.com
17:52:22.118 [main] INFO  utilities.UtilityCustomFunctions - Expected:NewAdd@gmail.com
17:52:22.118 [main] INFO  utilities.UtilityCustomFunctions - Message:Email - Summary View Page: Add New Validation
17:52:23.447 [main] INFO  utilities.UtilityCustomFunctions - Actual:NewAddText
17:52:23.448 [main] INFO  utilities.UtilityCustomFunctions - Expected:NewAddText
17:52:23.448 [main] INFO  utilities.UtilityCustomFunctions - Message:Text - Summary View Page:Add New Validation
17:52:24.784 [main] INFO  utilities.UtilityCustomFunctions - Actual:one,two
17:52:24.784 [main] INFO  utilities.UtilityCustomFunctions - Expected:one,two
17:52:24.784 [main] INFO  utilities.UtilityCustomFunctions - Message:MultiComboValues - Summary View Page:  Add New Validation
17:52:26.107 [main] INFO  utilities.UtilityCustomFunctions - Actual:NewAddTextArea
17:52:26.107 [main] INFO  utilities.UtilityCustomFunctions - Expected:NewAddTextArea
17:52:26.107 [main] INFO  utilities.UtilityCustomFunctions - Message:Text Area - Summary View Page:  Add New Validation
17:52:27.461 [main] INFO  utilities.UtilityCustomFunctions - Actual:Yes
17:52:27.461 [main] INFO  utilities.UtilityCustomFunctions - Expected:Yes
17:52:27.462 [main] INFO  utilities.UtilityCustomFunctions - Message:CheckBox - Summary View Page:   Add New Validation
17:52:28.793 [main] INFO  utilities.UtilityCustomFunctions - Actual:08-05-2024
17:52:28.793 [main] INFO  utilities.UtilityCustomFunctions - Expected:08-05-2024
17:52:28.794 [main] INFO  utilities.UtilityCustomFunctions - Message:Date - Summary View Page:  Add New Validation
17:52:30.110 [main] INFO  utilities.UtilityCustomFunctions - Actual:1
17:52:30.110 [main] INFO  utilities.UtilityCustomFunctions - Expected:1
17:52:30.110 [main] INFO  utilities.UtilityCustomFunctions - Message:PickList - Summary View Page:  Add New Validation
17:52:31.624 [main] INFO  utilities.UtilityCustomFunctions - Actual:annie-spratt
17:52:31.624 [main] INFO  utilities.UtilityCustomFunctions - Expected:annie-spratt
17:52:31.624 [main] INFO  utilities.UtilityCustomFunctions - Message:File Upload - Summary View Page: Add New Validation
17:52:32.920 [main] INFO  utilities.UtilityCustomFunctions - Actual:08-05-2024 05:48:39 PM
17:52:32.920 [main] INFO  utilities.UtilityCustomFunctions - Expected:08-05-2024 05:48:39 PM
17:52:32.920 [main] INFO  utilities.UtilityCustomFunctions - Message:Date & Time - Summary View Page:   Add New Validation
17:52:34.310 [main] INFO  utilities.UtilityCustomFunctions - Actual:09:00:00 PM
17:52:34.310 [main] INFO  utilities.UtilityCustomFunctions - Expected:09:00:00 PM
17:52:34.310 [main] INFO  utilities.UtilityCustomFunctions - Message:Time - Summary View Page:   Add New Validation
17:52:35.711 [main] INFO  utilities.UtilityCustomFunctions - Actual:
17:52:35.711 [main] INFO  utilities.UtilityCustomFunctions - Expected:Mr. NewAddName
17:52:35.711 [main] INFO  utilities.UtilityCustomFunctions - Message:Name - Summary View Page:   Add New Validation
17:52:35.799 [main] INFO  utilities.UtilityCustomFunctions - Actual:1111111111
17:52:35.799 [main] INFO  utilities.UtilityCustomFunctions - Expected:1111111111
17:52:35.799 [main] INFO  utilities.UtilityCustomFunctions - Message:Number - Summary View Page:   Add New Validation
17:52:37.137 [main] INFO  utilities.UtilityCustomFunctions - Actual:1,000
17:52:37.137 [main] INFO  utilities.UtilityCustomFunctions - Expected:1,000
17:52:37.138 [main] INFO  utilities.UtilityCustomFunctions - Message:Currency - Summary View Page:   Add New Validation
17:52:38.418 [main] INFO  utilities.UtilityCustomFunctions - Actual:http://www.google.com/
17:52:38.418 [main] INFO  utilities.UtilityCustomFunctions - Expected:http://www.google.com/
17:52:38.419 [main] INFO  utilities.UtilityCustomFunctions - Message:URL - Summary View Page:  Add New Validation
17:52:39.733 [main] INFO  utilities.UtilityCustomFunctions - Actual:
17:52:39.733 [main] INFO  utilities.UtilityCustomFunctions - Expected:Ariyalur
17:52:39.733 [main] INFO  utilities.UtilityCustomFunctions - Message:City - Summary View Page: Add New Validation
17:52:39.830 [main] INFO  utilities.UtilityCustomFunctions - Actual:Tamilnadu
17:52:39.830 [main] INFO  utilities.UtilityCustomFunctions - Expected:Tamilnadu
17:52:39.830 [main] INFO  utilities.UtilityCustomFunctions - Message:State - Summary View Page:Add New Validation
17:52:41.180 [main] INFO  utilities.UtilityCustomFunctions - Actual:India
17:52:41.180 [main] INFO  utilities.UtilityCustomFunctions - Expected:India
17:52:41.180 [main] INFO  utilities.UtilityCustomFunctions - Message:Country - Summary View Page:  Add New Validation
17:52:42.484 [main] INFO  utilities.UtilityCustomFunctions - Actual:RelatedModuleText
17:52:42.484 [main] INFO  utilities.UtilityCustomFunctions - Expected:RelatedModuleText
17:52:42.484 [main] INFO  utilities.UtilityCustomFunctions - Message:Related Module Text - Summary View Page:  Add New Validation
17:52:44.386 [main] INFO  utilities.UtilityCustomFunctions - Summary View Set ON
17:52:53.647 [main] INFO  utilities.UtilityCustomFunctions - Actual:Rsoft IT
17:52:53.648 [main] INFO  utilities.UtilityCustomFunctions - Expected:Rsoft IT
17:52:53.648 [main] INFO  utilities.UtilityCustomFunctions - Message:AssignedTo - Detail View Page:   Add New Validation
17:52:54.998 [main] INFO  utilities.UtilityCustomFunctions - sActDTMobileNumber +91
  9087654321
17:52:54.998 [main] INFO  utilities.UtilityCustomFunctions - Actual:+91 9087654321
17:52:54.999 [main] INFO  utilities.UtilityCustomFunctions - Expected:+91 9087654321
17:52:54.999 [main] INFO  utilities.UtilityCustomFunctions - Message:Mobile Number - Detail View Page:   Add New Validation
17:52:56.359 [main] INFO  utilities.UtilityCustomFunctions - Actual:NewAdd@gmail.com
17:52:56.359 [main] INFO  utilities.UtilityCustomFunctions - Expected:NewAdd@gmail.com
17:52:56.359 [main] INFO  utilities.UtilityCustomFunctions - Message:Email - Detail View Page: Add New Validation
17:52:57.695 [main] INFO  utilities.UtilityCustomFunctions - Actual:NewAddText
17:52:57.695 [main] INFO  utilities.UtilityCustomFunctions - Expected:NewAddText
17:52:57.695 [main] INFO  utilities.UtilityCustomFunctions - Message:Text - Detail View Page:  Add New Validation
17:52:59.141 [main] INFO  utilities.UtilityCustomFunctions - Actual:one,two
17:52:59.141 [main] INFO  utilities.UtilityCustomFunctions - Expected:one,two
17:52:59.141 [main] INFO  utilities.UtilityCustomFunctions - Message:MultiCombo - Detail View Page:   Add New Validation
17:53:00.550 [main] INFO  utilities.UtilityCustomFunctions - Actual:NewAddTextArea
17:53:00.550 [main] INFO  utilities.UtilityCustomFunctions - Expected:NewAddTextArea
17:53:00.550 [main] INFO  utilities.UtilityCustomFunctions - Message:TextArea - Detail View Page:  Add New Validation
17:53:01.883 [main] INFO  utilities.UtilityCustomFunctions - Actual:Yes
17:53:01.883 [main] INFO  utilities.UtilityCustomFunctions - Expected:Yes
17:53:01.883 [main] INFO  utilities.UtilityCustomFunctions - Message:CheckBox - Detail View Page: Add New Validation
17:53:03.242 [main] INFO  utilities.UtilityCustomFunctions - Actual:08-05-2024
17:53:03.242 [main] INFO  utilities.UtilityCustomFunctions - Expected:08-05-2024
17:53:03.242 [main] INFO  utilities.UtilityCustomFunctions - Message:Date - Detail View Page: Add New Validation
17:53:04.605 [main] INFO  utilities.UtilityCustomFunctions - Actual:1
17:53:04.605 [main] INFO  utilities.UtilityCustomFunctions - Expected:1
17:53:04.605 [main] INFO  utilities.UtilityCustomFunctions - Message:PickList - Detail View Page:   Add New Validation
17:53:06.188 [main] INFO  utilities.UtilityCustomFunctions - Actual:annie-spratt
17:53:06.189 [main] INFO  utilities.UtilityCustomFunctions - Expected:annie-spratt
17:53:06.189 [main] INFO  utilities.UtilityCustomFunctions - Message:File Upload - Detail View Page:   Add New Validation
17:53:07.518 [main] INFO  utilities.UtilityCustomFunctions - Actual:08-05-2024 05:48:39 PM
17:53:07.519 [main] INFO  utilities.UtilityCustomFunctions - Expected:08-05-2024 05:48:39 PM
17:53:07.519 [main] INFO  utilities.UtilityCustomFunctions - Message:Date & Time - Detail View Page: Add New Validation
17:53:08.815 [main] INFO  utilities.UtilityCustomFunctions - Actual:09:00:00 PM
17:53:08.815 [main] INFO  utilities.UtilityCustomFunctions - Expected:09:00:00 PM
17:53:08.815 [main] INFO  utilities.UtilityCustomFunctions - Message:Time - Detail View Page:    Add New Validation
17:53:10.114 [main] INFO  utilities.UtilityCustomFunctions - ActualNameDT: Mr. NewAddName ExpectedNameDT: Mr. NewAddName
17:53:10.115 [main] INFO  utilities.UtilityCustomFunctions - Actual:Mr. NewAddName
17:53:10.115 [main] INFO  utilities.UtilityCustomFunctions - Expected:Mr. NewAddName
17:53:10.115 [main] INFO  utilities.UtilityCustomFunctions - Message:Name - Detail View Page:  Add New Validation
17:53:11.460 [main] INFO  utilities.UtilityCustomFunctions - Actual:1111111111
17:53:11.460 [main] INFO  utilities.UtilityCustomFunctions - Expected:1111111111
17:53:11.461 [main] INFO  utilities.UtilityCustomFunctions - Message:Number - Detail View Page:  Add New Validation
17:53:12.785 [main] INFO  utilities.UtilityCustomFunctions - Actual:1,000
17:53:12.786 [main] INFO  utilities.UtilityCustomFunctions - Expected:1,000
17:53:12.786 [main] INFO  utilities.UtilityCustomFunctions - Message:Currency - Detail View Page:  Add New Validation
17:53:14.077 [main] INFO  utilities.UtilityCustomFunctions - Actual:http://www.google.com/
17:53:14.077 [main] INFO  utilities.UtilityCustomFunctions - Expected:http://www.google.com/
17:53:14.077 [main] INFO  utilities.UtilityCustomFunctions - Message:URL - Detail View Page:  Add New Validation
17:53:18.397 [main] INFO  utilities.UtilityCustomFunctions - Actual:Ariyalur
17:53:18.397 [main] INFO  utilities.UtilityCustomFunctions - Expected:Ariyalur
17:53:18.397 [main] INFO  utilities.UtilityCustomFunctions - Message:City - Detail View Page:   Add New Validation
17:53:19.908 [main] INFO  utilities.UtilityCustomFunctions - Actual:Tamilnadu
17:53:19.908 [main] INFO  utilities.UtilityCustomFunctions - Expected:Tamilnadu
17:53:19.908 [main] INFO  utilities.UtilityCustomFunctions - Message:State - Detail View Page:   Add New Validation
17:53:21.288 [main] INFO  utilities.UtilityCustomFunctions - Actual:India
17:53:21.288 [main] INFO  utilities.UtilityCustomFunctions - Expected:India
17:53:21.288 [main] INFO  utilities.UtilityCustomFunctions - Message:Country - Detail View Page:  Add New Validation
17:53:22.647 [main] INFO  utilities.UtilityCustomFunctions - Actual:RelatedModuleText
17:53:22.647 [main] INFO  utilities.UtilityCustomFunctions - Expected:RelatedModuleText
17:53:22.647 [main] INFO  utilities.UtilityCustomFunctions - Message:Related Module Text - Detail View Page:  Add New Validation
17:53:33.274 [main] INFO  utilities.UtilityCustomFunctions - testing entered in  input
17:53:33.859 [main] INFO  utilities.UtilityCustomFunctions - dCr2KGiHBrC2!@ entered in  input
17:54:01.319 [main] INFO  testCases.ExecuteTask.Notification.TC009_NT_ExecuteTask_TimeAfterHours - [PRIMARY (DESC)] is selected in List
17:54:06.321 [main] INFO  utilities.UtilityCustomFunctions - Entity Id Searched: 124499
17:54:10.758 [main] INFO  utilities.UtilityCustomFunctions - Entity Id Searched: 124499
17:54:12.225 [main] INFO  utilities.UtilityCustomFunctions - Passed: ET Time after Hours With Configured Time: Wed May 08 22:00:00 IST 2024Expected Time: 22:00:00 EntityId: 124499@After New Record added
17:54:17.723 [main] INFO  utilities.UtilityCustomFunctions - PRIYAN entered in  input
17:54:19.359 [main] INFO  utilities.UtilityCustomFunctions - rsoft entered in  input
17:54:20.882 [main] INFO  utilities.UtilityCustomFunctions - RSoft!@345 entered in  input
17:54:49.897 [main] INFO  utilities.UtilityCustomFunctions - Excel file Utility instance created
17:54:49.939 [main] INFO  utilities.UtilityCustomFunctions - Row Count to Add Values: 1
17:54:49.995 [main] INFO  utilities.UtilityCustomFunctions - Col Count is: 36
17:54:49.995 [main] INFO  utilities.UtilityCustomFunctions - Extracting DataSheet Values started...
17:54:50.648 [main] INFO  utilities.UtilityCustomFunctions - Before Adding Module data
17:54:53.791 [main] INFO  utilities.UtilityCustomFunctions - Assinged To Drop Down clicked
17:54:59.141 [main] INFO  testCases.ExecuteTask.Notification.TC009_NT_ExecuteTask_TimeAfterHours - [Rsoft IT] is selected in List
17:54:59.315 [main] INFO  utilities.UtilityCustomFunctions - Phone NUmber prefix clicked :  
17:55:02.652 [main] INFO  testCases.ExecuteTask.Notification.TC009_NT_ExecuteTask_TimeAfterHours - [+91] is selected in List
17:55:02.653 [main] INFO  utilities.UtilityCustomFunctions - Phone NUmber selected is :  1234567890
17:55:04.249 [main] INFO  utilities.UtilityCustomFunctions - 1234567890 entered in  input
17:55:07.893 [main] INFO  utilities.UtilityCustomFunctions - SummaryAdd@gmail.com entered in  input
17:55:08.910 [main] INFO  utilities.UtilityCustomFunctions - Email Added is: SummaryAdd@gmail.com
17:55:10.484 [main] INFO  utilities.UtilityCustomFunctions - SummaryAddText entered in  input
17:55:10.498 [main] INFO  utilities.UtilityCustomFunctions - Text Value added is::  SummaryAddText
17:55:32.856 [main] INFO  utilities.UtilityCustomFunctions - MultiCombo box values: three,four
17:55:35.484 [main] INFO  utilities.UtilityCustomFunctions - SummaryAddTextArea entered in  textarea
17:55:37.567 [main] INFO  utilities.UtilityCustomFunctions - check box value: ON
17:55:37.668 [main] INFO  utilities.UtilityCustomFunctions - Checkbox clicked
17:55:37.813 [main] INFO  utilities.UtilityCustomFunctions - DateBox clicked
17:55:40.872 [main] INFO  utilities.UtilityCustomFunctions - Current Month:May
17:55:45.001 [main] INFO  utilities.UtilityCustomFunctions - Current Month:May
17:55:53.554 [main] INFO  utilities.UtilityCustomFunctions - Year to be selected is:2024
17:55:59.218 [main] INFO  utilities.UtilityCustomFunctions - (//td[contains(@class,'today')])[1]
17:56:02.423 [main] INFO  utilities.UtilityCustomFunctions - Today Date Selected
17:56:04.603 [main] INFO  utilities.UtilityCustomFunctions - Picklist clicked
17:56:05.733 [main] INFO  utilities.UtilityCustomFunctions - Picklist selected: 1
17:56:13.168 [main] INFO  utilities.UtilityCustomFunctions - Date & Time Clicked
17:56:18.218 [main] INFO  utilities.UtilityCustomFunctions - Current Month:May
17:56:22.365 [main] INFO  utilities.UtilityCustomFunctions - Current Month:May
17:56:30.900 [main] INFO  utilities.UtilityCustomFunctions - Year to be selected is:2024
17:56:36.650 [main] INFO  utilities.UtilityCustomFunctions - (//td[contains(@class,'today')])[2]
17:56:41.834 [main] INFO  utilities.UtilityCustomFunctions - Clicked Current Date in Date&Time
17:56:42.016 [main] INFO  utilities.UtilityCustomFunctions - Date & Time Selected
17:56:43.167 [main] INFO  utilities.UtilityCustomFunctions - Time Clicked
17:56:46.169 [main] INFO  utilities.UtilityCustomFunctions - Hours://div[@class='popover-content']//div[@class='clockpicker-tick' and text()='10']
17:56:57.742 [main] INFO  utilities.UtilityCustomFunctions - Actual Date Selected :08-05-2024
17:57:01.643 [main] INFO  testCases.ExecuteTask.Notification.TC009_NT_ExecuteTask_TimeAfterHours - [Mr.] is selected in List
17:57:03.201 [main] INFO  utilities.UtilityCustomFunctions - SummaryAddName entered in  input
17:57:04.688 [main] INFO  utilities.UtilityCustomFunctions - 2323232323 entered in  input
17:57:06.119 [main] INFO  utilities.UtilityCustomFunctions - 1,000 entered in  input
17:57:07.767 [main] INFO  utilities.UtilityCustomFunctions - http://www.mvnrepository.com/ entered in  input
17:57:08.943 [main] INFO  utilities.UtilityCustomFunctions - City Drop Down clicked
17:57:12.255 [main] INFO  testCases.ExecuteTask.Notification.TC009_NT_ExecuteTask_TimeAfterHours - [Chennai] is selected in List
17:57:12.255 [main] INFO  utilities.UtilityCustomFunctions - City Selected: Chennai
17:57:13.373 [main] INFO  utilities.UtilityCustomFunctions - State Drop Down clicked
17:57:17.020 [main] INFO  testCases.ExecuteTask.Notification.TC009_NT_ExecuteTask_TimeAfterHours - [Tamilnadu] is selected in List
17:57:17.020 [main] INFO  utilities.UtilityCustomFunctions - State Selected: Tamilnadu
17:57:18.154 [main] INFO  utilities.UtilityCustomFunctions - Country List clicked
17:57:21.484 [main] INFO  testCases.ExecuteTask.Notification.TC009_NT_ExecuteTask_TimeAfterHours - [India] is selected in List
17:57:21.484 [main] INFO  utilities.UtilityCustomFunctions - Country Selected: India
17:57:38.350 [main] INFO  utilities.UtilityCustomFunctions - RelatedModuleText entered in  input
17:57:38.369 [main] INFO  utilities.UtilityCustomFunctions - Search Button clicked in Related Module Window
17:57:42.090 [main] INFO  utilities.UtilityCustomFunctions - Button Search
17:57:45.168 [main] INFO  utilities.UtilityCustomFunctions - table row Count:1
17:57:53.851 [main] INFO  utilities.UtilityCustomFunctions - Related Module Value Selected
17:58:06.048 [main] INFO  utilities.UtilityCustomFunctions - New Record added in: ETNotification
17:58:16.879 [main] INFO  utilities.UtilityCustomFunctions - testing entered in  input
17:58:17.449 [main] INFO  utilities.UtilityCustomFunctions - dCr2KGiHBrC2!@ entered in  input
17:58:44.712 [main] INFO  testCases.ExecuteTask.Notification.TC009_NT_ExecuteTask_TimeAfterHours - [PRIMARY (DESC)] is selected in List
17:58:49.723 [main] INFO  utilities.UtilityCustomFunctions - Entity Id Searched: 124521
17:58:54.140 [main] INFO  utilities.UtilityCustomFunctions - Entity Id Searched: 124521
17:58:55.602 [main] INFO  utilities.UtilityCustomFunctions - Passed: ET Time after Hours With Configured Time: Wed May 08 23:00:00 IST 2024 Expected Time: 23:00:00 EntityId: 124521@Summary Add New
17:59:04.431 [main] INFO  utilities.UtilityCustomFunctions - PRIYAN entered in  input
17:59:06.104 [main] INFO  utilities.UtilityCustomFunctions - rsoft entered in  input
17:59:07.615 [main] INFO  utilities.UtilityCustomFunctions - RSoft!@345 entered in  input
17:59:33.401 [main] INFO  utilities.UtilityCustomFunctions - Excel file Utility instance created
17:59:33.472 [main] INFO  utilities.UtilityCustomFunctions - Row Count to Add Values: 1
17:59:33.606 [main] INFO  utilities.UtilityCustomFunctions - Col Count is: 37
17:59:33.606 [main] INFO  utilities.UtilityCustomFunctions - Extracting DataSheet Values started...
17:59:34.847 [main] INFO  utilities.UtilityCustomFunctions - Before Adding Module data
17:59:38.070 [main] INFO  utilities.UtilityCustomFunctions - Assinged To Drop Down clicked
17:59:43.422 [main] INFO  testCases.ExecuteTask.Notification.TC009_NT_ExecuteTask_TimeAfterHours - [Rsoft IT] is selected in List
17:59:43.592 [main] INFO  utilities.UtilityCustomFunctions - Phone NUmber prefix clicked :  
17:59:46.961 [main] INFO  testCases.ExecuteTask.Notification.TC009_NT_ExecuteTask_TimeAfterHours - [+91] is selected in List
17:59:46.961 [main] INFO  utilities.UtilityCustomFunctions - Phone NUmber selected is :  1234567890
17:59:48.650 [main] INFO  utilities.UtilityCustomFunctions - 1234567890 entered in  input
17:59:52.439 [main] INFO  utilities.UtilityCustomFunctions - DuplicateAdd@gmail.com entered in  input
17:59:53.465 [main] INFO  utilities.UtilityCustomFunctions - Email Added is: DuplicateAdd@gmail.com
17:59:55.049 [main] INFO  utilities.UtilityCustomFunctions - DuplicateAddText entered in  input
17:59:55.065 [main] INFO  utilities.UtilityCustomFunctions - Text Value added is::  DuplicateAddText
18:00:25.772 [main] INFO  utilities.UtilityCustomFunctions - MultiCombo box values: four,five
18:00:28.464 [main] INFO  utilities.UtilityCustomFunctions - DuplicateAddTextArea entered in  textarea
18:00:30.510 [main] INFO  utilities.UtilityCustomFunctions - check box value: ON
18:00:30.542 [main] INFO  utilities.UtilityCustomFunctions - Checkbox clicked
18:00:30.668 [main] INFO  utilities.UtilityCustomFunctions - DateBox clicked
18:00:33.745 [main] INFO  utilities.UtilityCustomFunctions - Current Month:May
18:00:37.878 [main] INFO  utilities.UtilityCustomFunctions - Current Month:May
18:00:46.346 [main] INFO  utilities.UtilityCustomFunctions - Year to be selected is:2024
18:00:52.030 [main] INFO  utilities.UtilityCustomFunctions - (//td[contains(@class,'today')])[1]
18:00:55.227 [main] INFO  utilities.UtilityCustomFunctions - Today Date Selected
18:00:57.397 [main] INFO  utilities.UtilityCustomFunctions - Picklist clicked
18:00:58.524 [main] INFO  utilities.UtilityCustomFunctions - Picklist selected: 1
18:01:01.885 [main] INFO  utilities.UtilityCustomFunctions - Date & Time Clicked
18:01:06.962 [main] INFO  utilities.UtilityCustomFunctions - Current Month:May
18:01:11.129 [main] INFO  utilities.UtilityCustomFunctions - Current Month:May
18:01:19.611 [main] INFO  utilities.UtilityCustomFunctions - Year to be selected is:2024
18:01:25.346 [main] INFO  utilities.UtilityCustomFunctions - (//td[contains(@class,'today')])[2]
18:01:30.529 [main] INFO  utilities.UtilityCustomFunctions - Clicked Current Date in Date&Time
18:01:30.720 [main] INFO  utilities.UtilityCustomFunctions - Date & Time Selected
18:01:31.868 [main] INFO  utilities.UtilityCustomFunctions - Time Clicked
18:01:34.876 [main] INFO  utilities.UtilityCustomFunctions - Hours://div[@class='popover-content']//div[@class='clockpicker-tick' and text()='11']
18:01:46.398 [main] INFO  utilities.UtilityCustomFunctions - Actual Date Selected :08-05-2024
18:01:50.170 [main] INFO  testCases.ExecuteTask.Notification.TC009_NT_ExecuteTask_TimeAfterHours - [Mr.] is selected in List
18:01:51.783 [main] INFO  utilities.UtilityCustomFunctions - DuplicateAddName entered in  input
18:01:53.379 [main] INFO  utilities.UtilityCustomFunctions - 2323232323 entered in  input
18:01:54.882 [main] INFO  utilities.UtilityCustomFunctions - 1,000 entered in  input
18:01:56.682 [main] INFO  utilities.UtilityCustomFunctions - http://www.mvnrepository.com/ entered in  input
18:01:57.851 [main] INFO  utilities.UtilityCustomFunctions - City Drop Down clicked
18:02:01.216 [main] INFO  testCases.ExecuteTask.Notification.TC009_NT_ExecuteTask_TimeAfterHours - [Chennai] is selected in List
18:02:01.216 [main] INFO  utilities.UtilityCustomFunctions - City Selected: Chennai
18:02:02.384 [main] INFO  utilities.UtilityCustomFunctions - State Drop Down clicked
18:02:06.101 [main] INFO  testCases.ExecuteTask.Notification.TC009_NT_ExecuteTask_TimeAfterHours - [Tamilnadu] is selected in List
18:02:06.101 [main] INFO  utilities.UtilityCustomFunctions - State Selected: Tamilnadu
18:02:07.279 [main] INFO  utilities.UtilityCustomFunctions - Country List clicked
18:02:10.583 [main] INFO  testCases.ExecuteTask.Notification.TC009_NT_ExecuteTask_TimeAfterHours - [India] is selected in List
18:02:10.583 [main] INFO  utilities.UtilityCustomFunctions - Country Selected: India
18:02:27.510 [main] INFO  utilities.UtilityCustomFunctions - RelatedModuleText entered in  input
18:02:27.527 [main] INFO  utilities.UtilityCustomFunctions - Search Button clicked in Related Module Window
18:02:31.187 [main] INFO  utilities.UtilityCustomFunctions - Button Search
18:02:34.228 [main] INFO  utilities.UtilityCustomFunctions - table row Count:1
18:02:42.981 [main] INFO  utilities.UtilityCustomFunctions - Related Module Value Selected
18:02:55.333 [main] INFO  utilities.UtilityCustomFunctions - New Record added in: ETNotification
18:03:06.114 [main] INFO  utilities.UtilityCustomFunctions - testing entered in  input
18:03:06.648 [main] INFO  utilities.UtilityCustomFunctions - dCr2KGiHBrC2!@ entered in  input
18:03:33.934 [main] INFO  testCases.ExecuteTask.Notification.TC009_NT_ExecuteTask_TimeAfterHours - [PRIMARY (DESC)] is selected in List
18:03:38.942 [main] INFO  utilities.UtilityCustomFunctions - Entity Id Searched: 124526
18:03:43.385 [main] INFO  utilities.UtilityCustomFunctions - Entity Id Searched: 124526
18:03:44.831 [main] INFO  utilities.UtilityCustomFunctions - Failed: ET Time after Hours With Configured Time: Thu May 09 00:00:00 IST 2024 Expected Time: 24:00:00 EntityId: 124526@Duplicate Add New
18:27:40.844 [main] INFO  utilities.UtilityCustomFunctions - ******starting TC007_NT_ExecuteTask_DateAfterDays ****
18:27:40.848 [main] INFO  utilities.UtilityCustomFunctions - Browser Execution on: chrome
18:27:40.851 [main] INFO  utilities.UtilityCustomFunctions - Excel file Utility instance created
18:27:42.231 [main] INFO  utilities.UtilityCustomFunctions - Total rows: 1
18:27:42.611 [main] INFO  utilities.UtilityCustomFunctions - Cols Count: 37
18:27:42.611 [main] INFO  utilities.UtilityCustomFunctions - Extracting DataSheet Values started...
18:27:48.702 [main] INFO  utilities.UtilityCustomFunctions - PRIYAN entered in  input
18:27:50.353 [main] INFO  utilities.UtilityCustomFunctions - rsoft entered in  input
18:27:51.994 [main] INFO  utilities.UtilityCustomFunctions - RSoft!@345 entered in  input
18:28:01.237 [main] INFO  testCases.ExecuteTask.Notification.TC009_NT_ExecuteTask_TimeAfterHours - Clicked Avatar
18:28:05.356 [main] INFO  testCases.ExecuteTask.Notification.TC009_NT_ExecuteTask_TimeAfterHours - Clicked Menu CRM Setting
18:28:07.631 [main] INFO  testCases.ExecuteTask.Notification.TC009_NT_ExecuteTask_TimeAfterHours - Clicked Menu Other Setting
18:28:12.219 [main] INFO  testCases.ExecuteTask.Notification.TC009_NT_ExecuteTask_TimeAfterHours - Clicked Menu Item Workflow
18:28:12.548 [main] INFO  testCases.ExecuteTask.Notification.TC009_NT_ExecuteTask_TimeAfterHours - Clicked Workflow from Combox Box List
18:28:14.551 [main] INFO  testCases.ExecuteTask.Notification.TC009_NT_ExecuteTask_TimeAfterHours - Item to be selected:  ETNotification Workflow
18:28:20.615 [main] INFO  testCases.ExecuteTask.Notification.TC009_NT_ExecuteTask_TimeAfterHours - [ETNotification Workflow] is selected in List
18:28:20.615 [main] INFO  testCases.ExecuteTask.Notification.TC009_NT_ExecuteTask_TimeAfterHours - Item selected in combox Box  ETNotification Workflow
18:28:23.622 [main] INFO  testCases.ExecuteTask.Notification.TC009_NT_ExecuteTask_TimeAfterHours - Selected Module to View its Workflows
18:28:23.669 [main] INFO  testCases.ExecuteTask.Notification.TC009_NT_ExecuteTask_TimeAfterHours - Current Workflow Row item: 1
18:28:23.752 [main] INFO  testCases.ExecuteTask.Notification.TC009_NT_ExecuteTask_TimeAfterHours - Current style of Worflow Status Element captured
18:28:23.752 [main] INFO  testCases.ExecuteTask.Notification.TC009_NT_ExecuteTask_TimeAfterHours - Workflow status: of row item: 1 true
18:28:23.785 [main] INFO  testCases.ExecuteTask.Notification.TC009_NT_ExecuteTask_TimeAfterHours - Actual Module Name:  ETNotification
18:28:23.785 [main] INFO  testCases.ExecuteTask.Notification.TC009_NT_ExecuteTask_TimeAfterHours - Actual Workflow Name:  wf_ET_OOFS_Notifications
18:28:23.785 [main] INFO  testCases.ExecuteTask.Notification.TC009_NT_ExecuteTask_TimeAfterHours - Actual Exec Condition Name:  Only on the first save
18:28:23.785 [main] INFO  testCases.ExecuteTask.Notification.TC009_NT_ExecuteTask_TimeAfterHours - Module,workflow,condition matches
18:28:23.785 [main] INFO  testCases.ExecuteTask.Notification.TC009_NT_ExecuteTask_TimeAfterHours - bCurrentWFStatus: true
18:28:23.785 [main] INFO  testCases.ExecuteTask.Notification.TC009_NT_ExecuteTask_TimeAfterHours - wf_ET_OOFS_NotificationsWorkflow enabled
18:28:23.785 [main] INFO  utilities.UtilityCustomFunctions - wf_ET_OOFS_NotificationsDisabled Workflow Manually Enabled
18:28:23.785 [main] INFO  testCases.ExecuteTask.Notification.TC009_NT_ExecuteTask_TimeAfterHours - true:1
18:28:30.961 [main] INFO  testCases.ExecuteTask.Notification.TC009_NT_ExecuteTask_TimeAfterHours - Work flow clicked
18:28:37.504 [main] INFO  testCases.ExecuteTask.Notification.TC009_NT_ExecuteTask_TimeAfterHours - Cliked Step 1 Next Button to Condition Page
18:28:42.789 [main] INFO  testCases.ExecuteTask.Notification.TC009_NT_ExecuteTask_TimeAfterHours - Cliked Step 2 Next Button to Task List Page
18:28:43.800 [main] INFO  testCases.ExecuteTask.Notification.TC009_NT_ExecuteTask_TimeAfterHours - Clicked Workflow and Navigated to Task Page
18:28:43.853 [main] INFO  testCases.ExecuteTask.Notification.TC009_NT_ExecuteTask_TimeAfterHours - Number of Tasks Listed for this Workflow: wf_ET_OOFS_Notifications : 18
18:28:43.885 [main] INFO  utilities.UtilityCustomFunctions - Is Task Active: 1 : false
18:28:44.085 [main] INFO  utilities.UtilityCustomFunctions - Retrieved Action Type:Send notification
18:28:44.085 [main] INFO  utilities.UtilityCustomFunctions - Retrieved Action Title:tskNT_ExecuteTask_CTAfterMinutes
18:28:44.085 [main] INFO  utilities.UtilityCustomFunctions - Retrieved Expected Action Type:Send notification
18:28:44.085 [main] INFO  utilities.UtilityCustomFunctions - Retrieved Expected Action Title:tskNT_ExecuteTask_TimeAfterHours
18:28:44.131 [main] INFO  utilities.UtilityCustomFunctions - Is Task Active: 2 : false
18:28:44.318 [main] INFO  utilities.UtilityCustomFunctions - Retrieved Action Type:Send notification
18:28:44.318 [main] INFO  utilities.UtilityCustomFunctions - Retrieved Action Title:tskNT_ExecuteTask_CTAfterHours
18:28:44.318 [main] INFO  utilities.UtilityCustomFunctions - Retrieved Expected Action Type:Send notification
18:28:44.318 [main] INFO  utilities.UtilityCustomFunctions - Retrieved Expected Action Title:tskNT_ExecuteTask_TimeAfterHours
18:28:44.349 [main] INFO  utilities.UtilityCustomFunctions - Is Task Active: 3 : false
18:28:44.535 [main] INFO  utilities.UtilityCustomFunctions - Retrieved Action Type:Send notification
18:28:44.535 [main] INFO  utilities.UtilityCustomFunctions - Retrieved Action Title:tskNT_ExecuteTask_CTAfterDays
18:28:44.535 [main] INFO  utilities.UtilityCustomFunctions - Retrieved Expected Action Type:Send notification
18:28:44.535 [main] INFO  utilities.UtilityCustomFunctions - Retrieved Expected Action Title:tskNT_ExecuteTask_TimeAfterHours
18:28:44.583 [main] INFO  utilities.UtilityCustomFunctions - Is Task Active: 4 : false
18:28:44.769 [main] INFO  utilities.UtilityCustomFunctions - Retrieved Action Type:Send notification
18:28:44.769 [main] INFO  utilities.UtilityCustomFunctions - Retrieved Action Title:tskNT_ExecuteTask_MTAfterMinutes
18:28:44.769 [main] INFO  utilities.UtilityCustomFunctions - Retrieved Expected Action Type:Send notification
18:28:44.769 [main] INFO  utilities.UtilityCustomFunctions - Retrieved Expected Action Title:tskNT_ExecuteTask_TimeAfterHours
18:28:44.801 [main] INFO  utilities.UtilityCustomFunctions - Is Task Active: 5 : false
18:28:44.984 [main] INFO  utilities.UtilityCustomFunctions - Retrieved Action Type:Send notification
18:28:44.985 [main] INFO  utilities.UtilityCustomFunctions - Retrieved Action Title:tskNT_ExecuteTask_MTAfterHours
18:28:44.985 [main] INFO  utilities.UtilityCustomFunctions - Retrieved Expected Action Type:Send notification
18:28:44.985 [main] INFO  utilities.UtilityCustomFunctions - Retrieved Expected Action Title:tskNT_ExecuteTask_TimeAfterHours
18:28:45.015 [main] INFO  utilities.UtilityCustomFunctions - Is Task Active: 6 : false
18:28:45.202 [main] INFO  utilities.UtilityCustomFunctions - Retrieved Action Type:Send notification
18:28:45.202 [main] INFO  utilities.UtilityCustomFunctions - Retrieved Action Title:tskNT_ExecuteTask_MTAfterDays
18:28:45.202 [main] INFO  utilities.UtilityCustomFunctions - Retrieved Expected Action Type:Send notification
18:28:45.202 [main] INFO  utilities.UtilityCustomFunctions - Retrieved Expected Action Title:tskNT_ExecuteTask_TimeAfterHours
18:28:45.232 [main] INFO  utilities.UtilityCustomFunctions - Is Task Active: 7 : false
18:28:45.418 [main] INFO  utilities.UtilityCustomFunctions - Retrieved Action Type:Send notification
18:28:45.418 [main] INFO  utilities.UtilityCustomFunctions - Retrieved Action Title:tskNT_ExecuteTask_DateAfterDays
18:28:45.418 [main] INFO  utilities.UtilityCustomFunctions - Retrieved Expected Action Type:Send notification
18:28:45.418 [main] INFO  utilities.UtilityCustomFunctions - Retrieved Expected Action Title:tskNT_ExecuteTask_TimeAfterHours
18:28:45.464 [main] INFO  utilities.UtilityCustomFunctions - Is Task Active: 8 : false
18:28:45.635 [main] INFO  utilities.UtilityCustomFunctions - Retrieved Action Type:Send notification
18:28:45.635 [main] INFO  utilities.UtilityCustomFunctions - Retrieved Action Title:tskNT_ExecuteTask_DateBeforeDays
18:28:45.635 [main] INFO  utilities.UtilityCustomFunctions - Retrieved Expected Action Type:Send notification
18:28:45.635 [main] INFO  utilities.UtilityCustomFunctions - Retrieved Expected Action Title:tskNT_ExecuteTask_TimeAfterHours
18:28:45.666 [main] INFO  utilities.UtilityCustomFunctions - Is Task Active: 9 : true
18:28:45.868 [main] INFO  utilities.UtilityCustomFunctions - Retrieved Action Type:Send notification
18:28:45.868 [main] INFO  utilities.UtilityCustomFunctions - Retrieved Action Title:tskNT_ExecuteTask_TimeAfterHours
18:28:45.868 [main] INFO  utilities.UtilityCustomFunctions - Retrieved Expected Action Type:Send notification
18:28:45.868 [main] INFO  utilities.UtilityCustomFunctions - Retrieved Expected Action Title:tskNT_ExecuteTask_TimeAfterHours
18:28:45.868 [main] INFO  testCases.ExecuteTask.Notification.TC009_NT_ExecuteTask_TimeAfterHours - Action Type and Action Tile matches and also Task Button Enabled
18:28:46.881 [main] INFO  utilities.UtilityCustomFunctions - Out of for loop:false
18:28:49.556 [main] INFO  testCases.ExecuteTask.Notification.TC009_NT_ExecuteTask_TimeAfterHours - Clicked Workflow and Navigated to Task Page
18:28:49.556 [main] INFO  testCases.ExecuteTask.Notification.TC009_NT_ExecuteTask_TimeAfterHours - Task Active Send notification  tskNT_ExecuteTask_TimeAfterHours
18:28:59.826 [main] INFO  utilities.UtilityCustomFunctions - Click Source Module:ETNotification
18:29:02.841 [main] INFO  utilities.UtilityCustomFunctions - Add New Record clicked:ETNotification
18:29:04.851 [main] INFO  utilities.UtilityCustomFunctions - Excel file Utility instance created
18:29:04.918 [main] INFO  utilities.UtilityCustomFunctions - Row Count to Add Values: 1
18:29:04.990 [main] INFO  utilities.UtilityCustomFunctions - Col Count is: 37
18:29:04.990 [main] INFO  utilities.UtilityCustomFunctions - Extracting DataSheet Values started...
18:29:06.333 [main] INFO  utilities.UtilityCustomFunctions - Before Adding Module data
18:29:09.542 [main] INFO  utilities.UtilityCustomFunctions - Assinged To Drop Down clicked
18:29:14.864 [main] INFO  testCases.ExecuteTask.Notification.TC009_NT_ExecuteTask_TimeAfterHours - [Rsoft IT] is selected in List
18:29:15.030 [main] INFO  utilities.UtilityCustomFunctions - Phone NUmber prefix clicked :  
18:29:18.455 [main] INFO  testCases.ExecuteTask.Notification.TC009_NT_ExecuteTask_TimeAfterHours - [+91] is selected in List
18:29:18.455 [main] INFO  utilities.UtilityCustomFunctions - Phone NUmber selected is :  9087654321
18:29:20.072 [main] INFO  utilities.UtilityCustomFunctions - 9087654321 entered in  input
18:29:23.677 [main] INFO  utilities.UtilityCustomFunctions - NewAdd@gmail.com entered in  input
18:29:24.702 [main] INFO  utilities.UtilityCustomFunctions - Email Added is: NewAdd@gmail.com
18:29:26.171 [main] INFO  utilities.UtilityCustomFunctions - NewAddText entered in  input
18:29:26.171 [main] INFO  utilities.UtilityCustomFunctions - Text Value added is::  NewAddText
18:29:48.619 [main] INFO  utilities.UtilityCustomFunctions - MultiCombo box values: one,two
18:29:51.155 [main] INFO  utilities.UtilityCustomFunctions - NewAddTextArea entered in  textarea
18:29:53.229 [main] INFO  utilities.UtilityCustomFunctions - check box value: ON
18:29:53.369 [main] INFO  utilities.UtilityCustomFunctions - Checkbox clicked
18:29:53.494 [main] INFO  utilities.UtilityCustomFunctions - DateBox clicked
18:29:56.568 [main] INFO  utilities.UtilityCustomFunctions - Current Month:May
18:30:00.683 [main] INFO  utilities.UtilityCustomFunctions - Current Month:May
18:30:09.180 [main] INFO  utilities.UtilityCustomFunctions - Year to be selected is:2024
18:30:14.814 [main] INFO  utilities.UtilityCustomFunctions - (//td[contains(@class,'today')])[1]
18:30:18.021 [main] INFO  utilities.UtilityCustomFunctions - Today Date Selected
18:30:20.218 [main] INFO  utilities.UtilityCustomFunctions - Picklist clicked
18:30:21.386 [main] INFO  utilities.UtilityCustomFunctions - Picklist selected: 1
18:30:28.833 [main] INFO  utilities.UtilityCustomFunctions - Date & Time Clicked
18:30:33.917 [main] INFO  utilities.UtilityCustomFunctions - Current Month:May
18:30:38.100 [main] INFO  utilities.UtilityCustomFunctions - Current Month:May
18:30:46.518 [main] INFO  utilities.UtilityCustomFunctions - Year to be selected is:2024
18:30:52.181 [main] INFO  utilities.UtilityCustomFunctions - (//td[contains(@class,'today')])[2]
18:30:57.401 [main] INFO  utilities.UtilityCustomFunctions - Clicked Current Date in Date&Time
18:30:57.605 [main] INFO  utilities.UtilityCustomFunctions - Date & Time Selected
18:30:58.790 [main] INFO  utilities.UtilityCustomFunctions - Time Clicked
18:31:01.798 [main] INFO  utilities.UtilityCustomFunctions - Hours://div[@class='popover-content']//div[@class='clockpicker-tick' and text()='9']
18:31:13.374 [main] INFO  utilities.UtilityCustomFunctions - Actual Date Selected :08-05-2024
18:31:17.555 [main] INFO  testCases.ExecuteTask.Notification.TC009_NT_ExecuteTask_TimeAfterHours - [Mr.] is selected in List
18:31:19.062 [main] INFO  utilities.UtilityCustomFunctions - NewAddName entered in  input
18:31:20.602 [main] INFO  utilities.UtilityCustomFunctions - 1111111111 entered in  input
18:31:22.003 [main] INFO  utilities.UtilityCustomFunctions - 1,000 entered in  input
18:31:23.618 [main] INFO  utilities.UtilityCustomFunctions - http://www.google.com/ entered in  input
18:31:24.750 [main] INFO  utilities.UtilityCustomFunctions - City Drop Down clicked
18:31:28.005 [main] INFO  testCases.ExecuteTask.Notification.TC009_NT_ExecuteTask_TimeAfterHours - [Ariyalur] is selected in List
18:31:28.005 [main] INFO  utilities.UtilityCustomFunctions - City Selected: Ariyalur
18:31:29.178 [main] INFO  utilities.UtilityCustomFunctions - State Drop Down clicked
18:31:32.800 [main] INFO  testCases.ExecuteTask.Notification.TC009_NT_ExecuteTask_TimeAfterHours - [Tamilnadu] is selected in List
18:31:32.800 [main] INFO  utilities.UtilityCustomFunctions - State Selected: Tamilnadu
18:31:34.082 [main] INFO  utilities.UtilityCustomFunctions - Country List clicked
18:31:37.364 [main] INFO  testCases.ExecuteTask.Notification.TC009_NT_ExecuteTask_TimeAfterHours - [India] is selected in List
18:31:37.364 [main] INFO  utilities.UtilityCustomFunctions - Country Selected: India
18:31:54.221 [main] INFO  utilities.UtilityCustomFunctions - RelatedModuleText entered in  input
18:31:54.256 [main] INFO  utilities.UtilityCustomFunctions - Search Button clicked in Related Module Window
18:31:57.957 [main] INFO  utilities.UtilityCustomFunctions - Button Search
18:32:01.016 [main] INFO  utilities.UtilityCustomFunctions - table row Count:1
18:32:09.732 [main] INFO  utilities.UtilityCustomFunctions - Related Module Value Selected
18:32:22.496 [main] INFO  utilities.UtilityCustomFunctions - New Record added in: ETNotification
18:32:24.518 [main] INFO  utilities.UtilityCustomFunctions - Excel file Utility instance created
18:32:24.595 [main] INFO  utilities.UtilityCustomFunctions - Row Count to Add Values: 1
18:32:24.653 [main] INFO  utilities.UtilityCustomFunctions - Col Count is: 37
18:32:24.654 [main] INFO  utilities.UtilityCustomFunctions - Extracting DataSheet Values started...
18:32:25.908 [main] INFO  utilities.UtilityCustomFunctions - Before Verify Detail Summary Module data
18:32:32.022 [main] INFO  utilities.UtilityCustomFunctions - Header Toggle Already ON
18:32:33.328 [main] INFO  utilities.UtilityCustomFunctions - Actual:ETNotification
18:32:33.328 [main] INFO  utilities.UtilityCustomFunctions - Expected:ETNotification
18:32:33.329 [main] INFO  utilities.UtilityCustomFunctions - Message:Module Name in SummaryDetail View Page
18:32:40.039 [main] INFO  utilities.UtilityCustomFunctions - sAssign1:RsoftsAssign2:IT
18:32:40.039 [main] INFO  utilities.UtilityCustomFunctions - Get Text:
18:32:40.418 [main] INFO  utilities.UtilityCustomFunctions - Actual:Rsoft IT
18:32:40.419 [main] INFO  utilities.UtilityCustomFunctions - Expected:Rsoft IT
18:32:40.419 [main] INFO  utilities.UtilityCustomFunctions - Message:Assigned To-Summary Title
18:32:41.651 [main] INFO  utilities.UtilityCustomFunctions - Actual:+91 9087654321
18:32:41.651 [main] INFO  utilities.UtilityCustomFunctions - Expected:+91 9087654321
18:32:41.651 [main] INFO  utilities.UtilityCustomFunctions - Message:Phone Number - Summary Title
18:32:42.882 [main] INFO  utilities.UtilityCustomFunctions - Actual:NewAdd@gmail.com
18:32:42.882 [main] INFO  utilities.UtilityCustomFunctions - Expected:NewAdd@gmail.com
18:32:42.882 [main] INFO  utilities.UtilityCustomFunctions - Message:Email - Summary Title
18:32:44.415 [main] INFO  utilities.UtilityCustomFunctions - Actual:Rsoft IT
18:32:44.415 [main] INFO  utilities.UtilityCustomFunctions - Expected:Rsoft IT
18:32:44.416 [main] INFO  utilities.UtilityCustomFunctions - Message:Assigned To - Summary View Page : 
18:32:45.774 [main] INFO  utilities.UtilityCustomFunctions - Actual:+91 9087654321
18:32:45.774 [main] INFO  utilities.UtilityCustomFunctions - Expected:+91 9087654321
18:32:45.774 [main] INFO  utilities.UtilityCustomFunctions - Message:Mobile Number - Summary View Page : Add New Validation
18:32:47.097 [main] INFO  utilities.UtilityCustomFunctions - Actual:NewAdd@gmail.com
