19:02:49.979 [main] INFO  utilities.UtilityCustomFunctions - Expected:Welcome to Notification test automation for ETRS.
19:02:49.982 [main] INFO  utilities.UtilityCustomFunctions - Message:Detail View Summary
19:02:51.114 [main] INFO  utilities.UtilityCustomFunctions - Actual:       NewTriggerNotification       
19:02:51.114 [main] INFO  utilities.UtilityCustomFunctions - Expected:NewTriggerNotification
19:02:51.115 [main] INFO  utilities.UtilityCustomFunctions - Message:Detail View Action Title
19:02:52.272 [main] INFO  testCases.TC001_WF1_Send_Notify_ETR_S - Captured RecordId
19:02:52.272 [main] INFO  utilities.UtilityCustomFunctions - Record Id:After New Record Added: 122380
19:02:58.828 [main] INFO  utilities.UtilityCustomFunctions - //ul[@class='select2-results__options']/li[contains(text(),'IT')]
19:03:00.409 [main] INFO  utilities.UtilityCustomFunctions - 122380 entered in  input
19:03:05.401 [main] INFO  utilities.UtilityCustomFunctions - table row Count:2
19:03:05.401 [main] INFO  testCases.TC001_WF1_Send_Notify_ETR_S - Passed: Notification Received after New Record Add -Rsoft IT Record Id: 122380
19:03:06.746 [main] INFO  utilities.UtilityCustomFunctions - Actual:Rsoft IT
19:03:06.746 [main] INFO  utilities.UtilityCustomFunctions - Expected:Rsoft IT
19:03:06.746 [main] INFO  utilities.UtilityCustomFunctions - Message:AssignedTo Record Details
19:03:07.852 [main] INFO  utilities.UtilityCustomFunctions - Actual:0
19:03:07.852 [main] INFO  utilities.UtilityCustomFunctions - Expected:0
19:03:07.852 [main] INFO  utilities.UtilityCustomFunctions - Message:Status in Record Details
19:03:08.980 [main] INFO  utilities.UtilityCustomFunctions - Actual:Rsoft IT
19:03:08.980 [main] INFO  utilities.UtilityCustomFunctions - Expected:Rsoft IT
19:03:08.980 [main] INFO  utilities.UtilityCustomFunctions - Message:Created By in Record Details
19:03:10.096 [main] INFO  utilities.UtilityCustomFunctions - Actual:Welcome to Notification test ...
19:03:10.096 [main] INFO  utilities.UtilityCustomFunctions - Expected:Welcome to Notification test automation for ETRS.
19:03:10.096 [main] INFO  utilities.UtilityCustomFunctions - Message:UserName in Record Details
19:03:11.229 [main] INFO  utilities.UtilityCustomFunctions - Actual:NewTriggerNotification ...
19:03:11.229 [main] INFO  utilities.UtilityCustomFunctions - Expected:NewTriggerNotification
19:03:11.229 [main] INFO  utilities.UtilityCustomFunctions - Message:Workflow Title in Record Details
19:03:12.360 [main] INFO  utilities.UtilityCustomFunctions - Actual:122380
19:03:12.360 [main] INFO  utilities.UtilityCustomFunctions - Expected:122380
19:03:12.360 [main] INFO  utilities.UtilityCustomFunctions - Message:Record Id in Record Details
19:03:19.133 [main] INFO  utilities.UtilityCustomFunctions - //ul[@class='select2-results__options']/li[contains(text(),'Jones')]
19:03:20.761 [main] INFO  utilities.UtilityCustomFunctions - 122380 entered in  input
19:03:25.864 [main] INFO  utilities.UtilityCustomFunctions - table row Count:2
19:03:25.864 [main] INFO  testCases.TC001_WF1_Send_Notify_ETR_S - Passed: Notification Received after New Record Add -Indiana Jones Record Id: 122380
19:03:27.224 [main] INFO  utilities.UtilityCustomFunctions - Actual:Indiana Jones
19:03:27.224 [main] INFO  utilities.UtilityCustomFunctions - Expected:Indiana Jones
19:03:27.224 [main] INFO  utilities.UtilityCustomFunctions - Message:AssignedTo Record Details
19:03:28.343 [main] INFO  utilities.UtilityCustomFunctions - Actual:0
19:03:28.343 [main] INFO  utilities.UtilityCustomFunctions - Expected:0
19:03:28.343 [main] INFO  utilities.UtilityCustomFunctions - Message:Status in Record Details
19:03:29.473 [main] INFO  utilities.UtilityCustomFunctions - Actual:Rsoft IT
19:03:29.473 [main] INFO  utilities.UtilityCustomFunctions - Expected:Rsoft IT
19:03:29.473 [main] INFO  utilities.UtilityCustomFunctions - Message:Created By in Record Details
19:03:30.588 [main] INFO  utilities.UtilityCustomFunctions - Actual:Welcome to Notification test ...
19:03:30.588 [main] INFO  utilities.UtilityCustomFunctions - Expected:Welcome to Notification test automation for ETRS.
19:03:30.589 [main] INFO  utilities.UtilityCustomFunctions - Message:UserName in Record Details
19:03:31.727 [main] INFO  utilities.UtilityCustomFunctions - Actual:NewTriggerNotification ...
19:03:31.727 [main] INFO  utilities.UtilityCustomFunctions - Expected:NewTriggerNotification
19:03:31.727 [main] INFO  utilities.UtilityCustomFunctions - Message:Workflow Title in Record Details
19:03:32.857 [main] INFO  utilities.UtilityCustomFunctions - Actual:122380
19:03:32.857 [main] INFO  utilities.UtilityCustomFunctions - Expected:122380
19:03:32.857 [main] INFO  utilities.UtilityCustomFunctions - Message:Record Id in Record Details
19:03:39.684 [main] INFO  utilities.UtilityCustomFunctions - //ul[@class='select2-results__options']/li[contains(text(),'Mohan')]
19:03:41.284 [main] INFO  utilities.UtilityCustomFunctions - 122380 entered in  input
19:03:46.440 [main] INFO  utilities.UtilityCustomFunctions - table row Count:2
19:03:46.440 [main] INFO  testCases.TC001_WF1_Send_Notify_ETR_S - Passed: Notification Received after New Record Add -Madhan Mohan Record Id: 122380
19:03:47.804 [main] INFO  utilities.UtilityCustomFunctions - Actual:Madhan Mohan
19:03:47.804 [main] INFO  utilities.UtilityCustomFunctions - Expected:Madhan Mohan
19:03:47.804 [main] INFO  utilities.UtilityCustomFunctions - Message:AssignedTo Record Details
19:03:48.928 [main] INFO  utilities.UtilityCustomFunctions - Actual:0
19:03:48.928 [main] INFO  utilities.UtilityCustomFunctions - Expected:0
19:03:48.928 [main] INFO  utilities.UtilityCustomFunctions - Message:Status in Record Details
19:03:50.042 [main] INFO  utilities.UtilityCustomFunctions - Actual:Rsoft IT
19:03:50.042 [main] INFO  utilities.UtilityCustomFunctions - Expected:Rsoft IT
19:03:50.042 [main] INFO  utilities.UtilityCustomFunctions - Message:Created By in Record Details
19:03:51.170 [main] INFO  utilities.UtilityCustomFunctions - Actual:Welcome to Notification test ...
19:03:51.170 [main] INFO  utilities.UtilityCustomFunctions - Expected:Welcome to Notification test automation for ETRS.
19:03:51.170 [main] INFO  utilities.UtilityCustomFunctions - Message:UserName in Record Details
19:03:52.311 [main] INFO  utilities.UtilityCustomFunctions - Actual:NewTriggerNotification ...
19:03:52.311 [main] INFO  utilities.UtilityCustomFunctions - Expected:NewTriggerNotification
19:03:52.311 [main] INFO  utilities.UtilityCustomFunctions - Message:Workflow Title in Record Details
19:03:53.438 [main] INFO  utilities.UtilityCustomFunctions - Actual:122380
19:03:53.439 [main] INFO  utilities.UtilityCustomFunctions - Expected:122380
19:03:53.439 [main] INFO  utilities.UtilityCustomFunctions - Message:Record Id in Record Details
19:04:01.250 [main] INFO  utilities.UtilityCustomFunctions - PRIYAN entered in  input
19:04:02.597 [main] INFO  utilities.UtilityCustomFunctions - Jones entered in  input
19:04:03.889 [main] INFO  utilities.UtilityCustomFunctions - Automation@123 entered in  input
19:04:20.214 [main] INFO  testCases.TC001_WF1_Send_Notify_ETR_S - Notification detail view opened
12:13:11.214 [main] INFO  testCases.TC001_WF1_Send_Notify_ETR_S - ******starting WF1_EveryTime_Rec_Save ****
12:13:11.218 [main] INFO  testCases.TC001_WF1_Send_Notify_ETR_S - Test Execution on Browser: chrome
12:13:11.220 [main] INFO  testCases.TC001_WF1_Send_Notify_ETR_S - Excel file Utility instance created
12:13:11.794 [main] INFO  testCases.TC001_WF1_Send_Notify_ETR_S - Row Count is: 1
12:13:11.843 [main] INFO  testCases.TC001_WF1_Send_Notify_ETR_S - Col Count is: 52
12:13:11.843 [main] INFO  testCases.TC001_WF1_Send_Notify_ETR_S - Extracting DataSheet Values started...
12:13:21.115 [main] INFO  utilities.UtilityCustomFunctions - PRIYAN entered in  input
12:13:22.449 [main] INFO  utilities.UtilityCustomFunctions - rsoft entered in  input
12:13:23.719 [main] INFO  utilities.UtilityCustomFunctions - RSoft!@345 entered in  input
12:13:33.171 [main] INFO  testCases.TC001_WF1_Send_Notify_ETR_S - Clicked Avatar
12:13:35.388 [main] INFO  testCases.TC001_WF1_Send_Notify_ETR_S - Clicked Menu CRM Setting
12:13:35.591 [main] INFO  testCases.TC001_WF1_Send_Notify_ETR_S - Clicked Menu Other Setting
12:13:37.999 [main] INFO  testCases.TC001_WF1_Send_Notify_ETR_S - Clicked Menu Item Workflow
12:13:38.209 [main] INFO  testCases.TC001_WF1_Send_Notify_ETR_S - Clicked Workflow from Combox Box List
12:13:40.210 [main] INFO  testCases.TC001_WF1_Send_Notify_ETR_S - Item to be selected:  CRMEditFieldModule Workflow
12:13:46.222 [main] INFO  testCases.TC001_WF1_Send_Notify_ETR_S - [CRMEditFieldModule Workflow] is selected in List
12:13:46.222 [main] INFO  testCases.TC001_WF1_Send_Notify_ETR_S - Item selected in combox Box  CRMEditFieldModule Workflow
12:13:47.231 [main] INFO  testCases.TC001_WF1_Send_Notify_ETR_S - Selected Module to View its Workflows
12:13:47.275 [main] INFO  testCases.TC001_WF1_Send_Notify_ETR_S - Current Workflow Row item: 1
12:13:47.355 [main] INFO  testCases.TC001_WF1_Send_Notify_ETR_S - Current style of Worflow Status Element captured
12:13:47.355 [main] INFO  testCases.TC001_WF1_Send_Notify_ETR_S - Workflow status: of row item: 1 false
12:13:47.378 [main] INFO  testCases.TC001_WF1_Send_Notify_ETR_S - Actual Module Name:  CRMEditFieldModule
12:13:47.378 [main] INFO  testCases.TC001_WF1_Send_Notify_ETR_S - Actual Workflow Name:  wfcreateentity
12:13:47.378 [main] INFO  testCases.TC001_WF1_Send_Notify_ETR_S - Actual Exec Condition Name:  Only on the first save
12:13:47.379 [main] INFO  testCases.TC001_WF1_Send_Notify_ETR_S - Module,workflow,conditions not matched 
12:13:47.379 [main] INFO  testCases.TC001_WF1_Send_Notify_ETR_S - bCurrentWFStatus: false
12:13:47.379 [main] INFO  testCases.TC001_WF1_Send_Notify_ETR_S - Current Workflow Row item: 2
12:13:47.430 [main] INFO  testCases.TC001_WF1_Send_Notify_ETR_S - Current style of Worflow Status Element captured
12:13:47.430 [main] INFO  testCases.TC001_WF1_Send_Notify_ETR_S - Workflow status: of row item: 2 false
12:13:47.457 [main] INFO  testCases.TC001_WF1_Send_Notify_ETR_S - Actual Module Name:  CRMEditFieldModule
12:13:47.457 [main] INFO  testCases.TC001_WF1_Send_Notify_ETR_S - Actual Workflow Name:  wf2
12:13:47.457 [main] INFO  testCases.TC001_WF1_Send_Notify_ETR_S - Actual Exec Condition Name:  Only on the first save
12:13:47.457 [main] INFO  testCases.TC001_WF1_Send_Notify_ETR_S - Module,workflow,conditions not matched 
12:13:47.457 [main] INFO  testCases.TC001_WF1_Send_Notify_ETR_S - bCurrentWFStatus: false
12:13:47.457 [main] INFO  testCases.TC001_WF1_Send_Notify_ETR_S - Current Workflow Row item: 3
12:13:47.499 [main] INFO  testCases.TC001_WF1_Send_Notify_ETR_S - Current style of Worflow Status Element captured
12:13:47.499 [main] INFO  testCases.TC001_WF1_Send_Notify_ETR_S - Workflow status: of row item: 3 false
12:13:47.529 [main] INFO  testCases.TC001_WF1_Send_Notify_ETR_S - Actual Module Name:  CRMEditFieldModule
12:13:47.529 [main] INFO  testCases.TC001_WF1_Send_Notify_ETR_S - Actual Workflow Name:  wfUpdateEntity
12:13:47.529 [main] INFO  testCases.TC001_WF1_Send_Notify_ETR_S - Actual Exec Condition Name:  Only on the first save
12:13:47.529 [main] INFO  testCases.TC001_WF1_Send_Notify_ETR_S - Module,workflow,conditions not matched 
12:13:47.529 [main] INFO  testCases.TC001_WF1_Send_Notify_ETR_S - bCurrentWFStatus: false
12:13:47.529 [main] INFO  testCases.TC001_WF1_Send_Notify_ETR_S - Current Workflow Row item: 4
12:13:47.568 [main] INFO  testCases.TC001_WF1_Send_Notify_ETR_S - Current style of Worflow Status Element captured
12:13:47.568 [main] INFO  testCases.TC001_WF1_Send_Notify_ETR_S - Workflow status: of row item: 4 false
12:13:47.596 [main] INFO  testCases.TC001_WF1_Send_Notify_ETR_S - Actual Module Name:  CRMEditFieldModule
12:13:47.596 [main] INFO  testCases.TC001_WF1_Send_Notify_ETR_S - Actual Workflow Name:  WF3CRMEditField
12:13:47.596 [main] INFO  testCases.TC001_WF1_Send_Notify_ETR_S - Actual Exec Condition Name:  Every time the record is modified
12:13:47.596 [main] INFO  testCases.TC001_WF1_Send_Notify_ETR_S - Module,workflow,conditions not matched 
12:13:47.597 [main] INFO  testCases.TC001_WF1_Send_Notify_ETR_S - bCurrentWFStatus: false
12:13:47.597 [main] INFO  testCases.TC001_WF1_Send_Notify_ETR_S - Current Workflow Row item: 5
12:13:47.633 [main] INFO  testCases.TC001_WF1_Send_Notify_ETR_S - Current style of Worflow Status Element captured
12:13:47.634 [main] INFO  testCases.TC001_WF1_Send_Notify_ETR_S - Workflow status: of row item: 5 false
12:13:47.660 [main] INFO  testCases.TC001_WF1_Send_Notify_ETR_S - Actual Module Name:  CRMEditFieldModule
12:13:47.660 [main] INFO  testCases.TC001_WF1_Send_Notify_ETR_S - Actual Workflow Name:  WF2CRMEditField
12:13:47.660 [main] INFO  testCases.TC001_WF1_Send_Notify_ETR_S - Actual Exec Condition Name:  Only on the first save
12:13:47.660 [main] INFO  testCases.TC001_WF1_Send_Notify_ETR_S - Module,workflow,conditions not matched 
12:13:47.660 [main] INFO  testCases.TC001_WF1_Send_Notify_ETR_S - bCurrentWFStatus: false
12:13:47.660 [main] INFO  testCases.TC001_WF1_Send_Notify_ETR_S - Current Workflow Row item: 6
12:13:47.697 [main] INFO  testCases.TC001_WF1_Send_Notify_ETR_S - Current style of Worflow Status Element captured
12:13:47.697 [main] INFO  testCases.TC001_WF1_Send_Notify_ETR_S - Workflow status: of row item: 6 true
12:13:47.721 [main] INFO  testCases.TC001_WF1_Send_Notify_ETR_S - Actual Module Name:  CRMEditFieldModule
12:13:47.722 [main] INFO  testCases.TC001_WF1_Send_Notify_ETR_S - Actual Workflow Name:  WF1CRMEditField
12:13:47.722 [main] INFO  testCases.TC001_WF1_Send_Notify_ETR_S - Actual Exec Condition Name:  Every time the record is save
12:13:47.722 [main] INFO  testCases.TC001_WF1_Send_Notify_ETR_S - Module,workflow,condition matches
12:13:47.722 [main] INFO  testCases.TC001_WF1_Send_Notify_ETR_S - bCurrentWFStatus: true
12:13:47.722 [main] INFO  testCases.TC001_WF1_Send_Notify_ETR_S - WF1CRMEditFieldWorkflow enabled
12:13:47.722 [main] INFO  utilities.UtilityCustomFunctions - WF1CRMEditFieldDisabled Workflow Manually Enabled
12:13:47.722 [main] INFO  testCases.TC001_WF1_Send_Notify_ETR_S - true:6
12:13:52.962 [main] INFO  testCases.TC001_WF1_Send_Notify_ETR_S - Work flow clicked
12:13:57.310 [main] INFO  testCases.TC001_WF1_Send_Notify_ETR_S - Cliked Step 1 Next Button to Condition Page
12:14:00.110 [main] INFO  testCases.TC001_WF1_Send_Notify_ETR_S - Cliked Step 2 Next Button to Task List Page
12:14:01.115 [main] INFO  testCases.TC001_WF1_Send_Notify_ETR_S - Clicked Workflow and Navigated to Task Page
12:14:01.129 [main] INFO  testCases.TC001_WF1_Send_Notify_ETR_S - Number of Tasks Listed for this Workflow: WF1CRMEditField : 2
12:14:01.151 [main] INFO  utilities.UtilityCustomFunctions - Is Task Active: 1 : true
12:14:01.240 [main] INFO  utilities.UtilityCustomFunctions - Retrieved Action Type:Send notification
12:14:01.240 [main] INFO  utilities.UtilityCustomFunctions - Retrieved Action Title:NewTriggerNotification
12:14:01.240 [main] INFO  utilities.UtilityCustomFunctions - Retrieved Expected Action Type:Send notification
12:14:01.240 [main] INFO  utilities.UtilityCustomFunctions - Retrieved Expected Action Title:NewTriggerNotification
12:14:01.240 [main] INFO  testCases.TC001_WF1_Send_Notify_ETR_S - Action Type and Action Tile matches and also Task Button Enabled
12:14:02.254 [main] INFO  utilities.UtilityCustomFunctions - Out of for loop:false
12:14:04.959 [main] INFO  testCases.TC001_WF1_Send_Notify_ETR_S - Clicked Workflow and Navigated to Task Page
12:14:04.959 [main] INFO  testCases.TC001_WF1_Send_Notify_ETR_S - Task Active Send notification  NewTriggerNotification
12:14:06.231 [main] INFO  utilities.UtilityCustomFunctions - User1NotifyCount:6
12:14:21.743 [main] INFO  utilities.UtilityCustomFunctions - current ulr:https://rdot.in/public/login
12:14:21.743 [main] INFO  utilities.UtilityCustomFunctions - app ulr:https://rdot.in/public/login
12:14:23.989 [main] INFO  utilities.UtilityCustomFunctions - PRIYAN entered in  input
12:14:25.268 [main] INFO  utilities.UtilityCustomFunctions - Jones entered in  input
12:14:26.596 [main] INFO  utilities.UtilityCustomFunctions - Automation@123 entered in  input
12:14:50.871 [main] INFO  utilities.UtilityCustomFunctions - PRIYAN entered in  input
12:14:52.218 [main] INFO  utilities.UtilityCustomFunctions - Madhan entered in  input
12:14:53.508 [main] INFO  utilities.UtilityCustomFunctions - Automation@123 entered in  input
12:15:17.535 [main] INFO  utilities.UtilityCustomFunctions - PRIYAN entered in  input
12:15:18.836 [main] INFO  utilities.UtilityCustomFunctions - rsoft entered in  input
12:15:20.054 [main] INFO  utilities.UtilityCustomFunctions - RSoft!@345 entered in  input
12:15:37.272 [main] INFO  testCases.TC001_WF1_Send_Notify_ETR_S - Excel file Utility instance created
12:15:37.331 [main] INFO  testCases.TC001_WF1_Send_Notify_ETR_S - Row Count is: 1
12:15:37.354 [main] INFO  testCases.TC001_WF1_Send_Notify_ETR_S - Col Count is: 52
12:15:37.354 [main] INFO  testCases.TC001_WF1_Send_Notify_ETR_S - Extracting DataSheet Values started...
12:15:39.311 [main] INFO  utilities.UtilityCustomFunctions - 9087654321 entered in  input
12:15:40.719 [main] INFO  utilities.UtilityCustomFunctions - 44444444444 entered in  input
12:15:43.093 [main] INFO  utilities.UtilityCustomFunctions - checker@afasdf.com entered in  input
12:15:44.337 [main] INFO  utilities.UtilityCustomFunctions - 4444444444 entered in  input
12:15:51.711 [main] INFO  testCases.TC001_WF1_Send_Notify_ETR_S - [Bad] is selected in List
12:16:10.346 [main] INFO  testCases.TC001_WF1_Send_Notify_ETR_S - Excel file Utility instance created
12:16:10.362 [main] INFO  testCases.TC001_WF1_Send_Notify_ETR_S - Row Count is: 1
12:16:10.378 [main] INFO  testCases.TC001_WF1_Send_Notify_ETR_S - Col Count is: 52
12:16:10.378 [main] INFO  testCases.TC001_WF1_Send_Notify_ETR_S - Extracting DataSheet Values started...
12:16:10.726 [main] INFO  utilities.UtilityCustomFunctions - Actual:CRMEditFieldModule
12:16:10.726 [main] INFO  utilities.UtilityCustomFunctions - Expected:CRMEditFieldModule
12:16:10.726 [main] INFO  utilities.UtilityCustomFunctions - Message:Module Name
12:16:12.075 [main] INFO  utilities.UtilityCustomFunctions - Actual:CRMEditFieldModule
12:16:12.075 [main] INFO  utilities.UtilityCustomFunctions - Expected:CRMEditFieldModule
12:16:12.076 [main] INFO  utilities.UtilityCustomFunctions - Message:Module Name
12:16:13.203 [main] INFO  utilities.UtilityCustomFunctions - Actual:+91 9087654321
12:16:13.203 [main] INFO  utilities.UtilityCustomFunctions - Expected:+91 9087654321
12:16:13.203 [main] INFO  utilities.UtilityCustomFunctions - Message:Phone Number
12:16:14.301 [main] INFO  utilities.UtilityCustomFunctions - Actual:checker@afasdf.com
12:16:14.301 [main] INFO  utilities.UtilityCustomFunctions - Expected:checker@afasdf.com
12:16:14.301 [main] INFO  utilities.UtilityCustomFunctions - Message:Email
12:16:15.428 [main] INFO  utilities.UtilityCustomFunctions - Actual:Bad
12:16:15.428 [main] INFO  utilities.UtilityCustomFunctions - Expected:Bad
12:16:15.428 [main] INFO  utilities.UtilityCustomFunctions - Message:Piclist Value
12:16:22.582 [main] INFO  utilities.UtilityCustomFunctions - Header Toggle Already ON
12:16:28.879 [main] INFO  utilities.UtilityCustomFunctions - Actual:+91 9087654321
12:16:28.879 [main] INFO  utilities.UtilityCustomFunctions - Expected:+91 9087654321
12:16:28.879 [main] INFO  utilities.UtilityCustomFunctions - Message:Summary Phone Number
12:16:29.988 [main] INFO  utilities.UtilityCustomFunctions - Actual:44444444444
12:16:29.988 [main] INFO  utilities.UtilityCustomFunctions - Expected:44444444444
12:16:29.988 [main] INFO  utilities.UtilityCustomFunctions - Message:Summary Number Field
12:16:31.095 [main] INFO  utilities.UtilityCustomFunctions - Actual:checker@afasdf.com
12:16:31.095 [main] INFO  utilities.UtilityCustomFunctions - Expected:checker@afasdf.com
12:16:31.095 [main] INFO  utilities.UtilityCustomFunctions - Message:Summary Email
12:16:32.230 [main] INFO  utilities.UtilityCustomFunctions - Actual:Bad
12:16:32.230 [main] INFO  utilities.UtilityCustomFunctions - Expected:Bad
12:16:32.231 [main] INFO  utilities.UtilityCustomFunctions - Message:Summary Picklist Item
12:16:33.360 [main] INFO  utilities.UtilityCustomFunctions - Actual:4444444444
12:16:33.360 [main] INFO  utilities.UtilityCustomFunctions - Expected:4444444444
12:16:33.360 [main] INFO  utilities.UtilityCustomFunctions - Message:Summary Enter Your Number
12:16:35.190 [main] INFO  utilities.UtilityCustomFunctions - Summary View Set ON
12:16:52.635 [main] INFO  utilities.UtilityCustomFunctions - Actual:Rsoft IT
12:16:52.635 [main] INFO  utilities.UtilityCustomFunctions - Expected:Rsoft IT
12:16:52.635 [main] INFO  utilities.UtilityCustomFunctions - Message:Detail View Assigned To
12:16:53.755 [main] INFO  utilities.UtilityCustomFunctions - Actual:+91 9087654321
12:16:53.755 [main] INFO  utilities.UtilityCustomFunctions - Expected:+91 9087654321
12:16:53.756 [main] INFO  utilities.UtilityCustomFunctions - Message:Detail View Phone Numer
12:16:54.887 [main] INFO  utilities.UtilityCustomFunctions - Actual:44444444444
12:16:54.887 [main] INFO  utilities.UtilityCustomFunctions - Expected:44444444444
12:16:54.888 [main] INFO  utilities.UtilityCustomFunctions - Message:Detail View Number Field
12:16:56.006 [main] INFO  utilities.UtilityCustomFunctions - Actual:checker@afasdf.com
12:16:56.006 [main] INFO  utilities.UtilityCustomFunctions - Expected:checker@afasdf.com
12:16:56.006 [main] INFO  utilities.UtilityCustomFunctions - Message:Detail View Email
12:16:57.121 [main] INFO  utilities.UtilityCustomFunctions - Actual:Bad
12:16:57.121 [main] INFO  utilities.UtilityCustomFunctions - Expected:Bad
12:16:57.121 [main] INFO  utilities.UtilityCustomFunctions - Message:Detail View Menu Item
12:16:58.225 [main] INFO  utilities.UtilityCustomFunctions - Actual:4444444444
12:16:58.226 [main] INFO  utilities.UtilityCustomFunctions - Expected:4444444444
12:16:58.226 [main] INFO  utilities.UtilityCustomFunctions - Message:Detail View Enter Your Number
12:17:04.705 [main] INFO  utilities.UtilityCustomFunctions - Actual:CRMEditFieldModule
12:17:04.705 [main] INFO  utilities.UtilityCustomFunctions - Expected:CRMEditFieldModule
12:17:04.705 [main] INFO  utilities.UtilityCustomFunctions - Message:Module Name Title
12:17:05.818 [main] INFO  utilities.UtilityCustomFunctions - Actual:+91 9087654321
12:17:05.818 [main] INFO  utilities.UtilityCustomFunctions - Expected:+91 9087654321
12:17:05.818 [main] INFO  utilities.UtilityCustomFunctions - Message:Phone Number Title
12:17:06.932 [main] INFO  utilities.UtilityCustomFunctions - Actual:checker@afasdf.com
12:17:06.932 [main] INFO  utilities.UtilityCustomFunctions - Expected:checker@afasdf.com
12:17:06.932 [main] INFO  utilities.UtilityCustomFunctions - Message:Email Title
12:17:08.051 [main] INFO  utilities.UtilityCustomFunctions - Actual:Bad
12:17:08.051 [main] INFO  utilities.UtilityCustomFunctions - Expected:Bad
12:17:08.051 [main] INFO  utilities.UtilityCustomFunctions - Message:Piclist Value Title
12:17:14.233 [main] INFO  testCases.TC001_WF1_Send_Notify_ETR_S - Notification detail view opened
12:17:25.279 [main] INFO  utilities.UtilityCustomFunctions - Header Toggle Already ON
12:36:08.866 [main] INFO  utilities.UtilityCustomFunctions - PRIYAN entered in  input
12:36:10.219 [main] INFO  utilities.UtilityCustomFunctions - rsoft entered in  input
12:36:11.535 [main] INFO  utilities.UtilityCustomFunctions - RSoft!@345 entered in  input
12:38:09.826 [main] INFO  utilities.UtilityCustomFunctions - PRIYAN entered in  input
12:38:11.163 [main] INFO  utilities.UtilityCustomFunctions - rsoft entered in  input
12:38:12.404 [main] INFO  utilities.UtilityCustomFunctions - RSoft!@345 entered in  input
12:40:10.074 [main] INFO  utilities.UtilityCustomFunctions - PRIYAN entered in  input
12:40:11.370 [main] INFO  utilities.UtilityCustomFunctions - rsoft entered in  input
12:40:12.608 [main] INFO  utilities.UtilityCustomFunctions - RSoft!@345 entered in  input
12:41:49.935 [main] INFO  utilities.UtilityCustomFunctions - PRIYAN entered in  input
12:41:51.210 [main] INFO  utilities.UtilityCustomFunctions - rsoft entered in  input
12:41:52.491 [main] INFO  utilities.UtilityCustomFunctions - RSoft!@345 entered in  input
13:26:15.674 [main] INFO  utilities.UtilityCustomFunctions - PRIYAN entered in  input
13:26:16.969 [main] INFO  utilities.UtilityCustomFunctions - rsoft entered in  input
13:26:18.208 [main] INFO  utilities.UtilityCustomFunctions - RSoft!@345 entered in  input
13:34:10.925 [main] INFO  utilities.UtilityCustomFunctions - PRIYAN entered in  input
13:34:12.203 [main] INFO  utilities.UtilityCustomFunctions - rsoft entered in  input
13:34:13.445 [main] INFO  utilities.UtilityCustomFunctions - RSoft!@345 entered in  input
16:48:01.149 [main] INFO  testCases.TC001_WF1_Send_Notify_ETR_S - ******starting WF1_EveryTime_Rec_Save ****
16:48:01.153 [main] INFO  testCases.TC001_WF1_Send_Notify_ETR_S - Test Execution on Browser: chrome
16:48:01.157 [main] INFO  testCases.TC001_WF1_Send_Notify_ETR_S - Excel file Utility instance created
16:48:01.866 [main] INFO  testCases.TC001_WF1_Send_Notify_ETR_S - Row Count is: 1
16:48:01.944 [main] INFO  testCases.TC001_WF1_Send_Notify_ETR_S - Col Count is: 52
16:48:01.944 [main] INFO  testCases.TC001_WF1_Send_Notify_ETR_S - Extracting DataSheet Values started...
16:48:08.693 [main] INFO  utilities.UtilityCustomFunctions - PRIYAN entered in  input
16:48:09.984 [main] INFO  utilities.UtilityCustomFunctions - rsoft entered in  input
16:48:11.243 [main] INFO  utilities.UtilityCustomFunctions - RSoft!@345 entered in  input
16:48:21.168 [main] INFO  testCases.TC001_WF1_Send_Notify_ETR_S - Clicked Avatar
16:48:23.450 [main] INFO  testCases.TC001_WF1_Send_Notify_ETR_S - Clicked Menu CRM Setting
16:48:23.786 [main] INFO  testCases.TC001_WF1_Send_Notify_ETR_S - Clicked Menu Other Setting
16:48:26.555 [main] INFO  testCases.TC001_WF1_Send_Notify_ETR_S - Clicked Menu Item Workflow
16:48:26.786 [main] INFO  testCases.TC001_WF1_Send_Notify_ETR_S - Clicked Workflow from Combox Box List
16:48:28.798 [main] INFO  testCases.TC001_WF1_Send_Notify_ETR_S - Item to be selected:  CRMEditFieldModule Workflow
16:48:34.663 [main] INFO  testCases.TC001_WF1_Send_Notify_ETR_S - [CRMEditFieldModule Workflow] is selected in List
16:48:34.663 [main] INFO  testCases.TC001_WF1_Send_Notify_ETR_S - Item selected in combox Box  CRMEditFieldModule Workflow
16:48:35.666 [main] INFO  testCases.TC001_WF1_Send_Notify_ETR_S - Selected Module to View its Workflows
16:48:35.716 [main] INFO  testCases.TC001_WF1_Send_Notify_ETR_S - Current Workflow Row item: 1
16:48:35.768 [main] INFO  testCases.TC001_WF1_Send_Notify_ETR_S - Current style of Worflow Status Element captured
16:48:35.768 [main] INFO  testCases.TC001_WF1_Send_Notify_ETR_S - Workflow status: of row item: 1 false
16:48:35.794 [main] INFO  testCases.TC001_WF1_Send_Notify_ETR_S - Actual Module Name:  CRMEditFieldModule
16:48:35.794 [main] INFO  testCases.TC001_WF1_Send_Notify_ETR_S - Actual Workflow Name:  wfcreateentity
16:48:35.794 [main] INFO  testCases.TC001_WF1_Send_Notify_ETR_S - Actual Exec Condition Name:  Only on the first save
16:48:35.794 [main] INFO  testCases.TC001_WF1_Send_Notify_ETR_S - Module,workflow,conditions not matched 
16:48:35.794 [main] INFO  testCases.TC001_WF1_Send_Notify_ETR_S - bCurrentWFStatus: false
16:48:35.795 [main] INFO  testCases.TC001_WF1_Send_Notify_ETR_S - Current Workflow Row item: 2
16:48:35.849 [main] INFO  testCases.TC001_WF1_Send_Notify_ETR_S - Current style of Worflow Status Element captured
16:48:35.850 [main] INFO  testCases.TC001_WF1_Send_Notify_ETR_S - Workflow status: of row item: 2 false
16:48:35.877 [main] INFO  testCases.TC001_WF1_Send_Notify_ETR_S - Actual Module Name:  CRMEditFieldModule
16:48:35.877 [main] INFO  testCases.TC001_WF1_Send_Notify_ETR_S - Actual Workflow Name:  wf2
16:48:35.877 [main] INFO  testCases.TC001_WF1_Send_Notify_ETR_S - Actual Exec Condition Name:  Only on the first save
16:48:35.877 [main] INFO  testCases.TC001_WF1_Send_Notify_ETR_S - Module,workflow,conditions not matched 
16:48:35.878 [main] INFO  testCases.TC001_WF1_Send_Notify_ETR_S - bCurrentWFStatus: false
16:48:35.878 [main] INFO  testCases.TC001_WF1_Send_Notify_ETR_S - Current Workflow Row item: 3
16:48:35.919 [main] INFO  testCases.TC001_WF1_Send_Notify_ETR_S - Current style of Worflow Status Element captured
16:48:35.919 [main] INFO  testCases.TC001_WF1_Send_Notify_ETR_S - Workflow status: of row item: 3 false
16:48:35.950 [main] INFO  testCases.TC001_WF1_Send_Notify_ETR_S - Actual Module Name:  CRMEditFieldModule
16:48:35.951 [main] INFO  testCases.TC001_WF1_Send_Notify_ETR_S - Actual Workflow Name:  wfUpdateEntity
16:48:35.951 [main] INFO  testCases.TC001_WF1_Send_Notify_ETR_S - Actual Exec Condition Name:  Only on the first save
16:48:35.951 [main] INFO  testCases.TC001_WF1_Send_Notify_ETR_S - Module,workflow,conditions not matched 
16:48:35.951 [main] INFO  testCases.TC001_WF1_Send_Notify_ETR_S - bCurrentWFStatus: false
16:48:35.951 [main] INFO  testCases.TC001_WF1_Send_Notify_ETR_S - Current Workflow Row item: 4
16:48:35.997 [main] INFO  testCases.TC001_WF1_Send_Notify_ETR_S - Current style of Worflow Status Element captured
16:48:35.997 [main] INFO  testCases.TC001_WF1_Send_Notify_ETR_S - Workflow status: of row item: 4 false
16:48:36.025 [main] INFO  testCases.TC001_WF1_Send_Notify_ETR_S - Actual Module Name:  CRMEditFieldModule
16:48:36.025 [main] INFO  testCases.TC001_WF1_Send_Notify_ETR_S - Actual Workflow Name:  WF3CRMEditField
16:48:36.025 [main] INFO  testCases.TC001_WF1_Send_Notify_ETR_S - Actual Exec Condition Name:  Every time the record is modified
16:48:36.025 [main] INFO  testCases.TC001_WF1_Send_Notify_ETR_S - Module,workflow,conditions not matched 
16:48:36.025 [main] INFO  testCases.TC001_WF1_Send_Notify_ETR_S - bCurrentWFStatus: false
16:48:36.025 [main] INFO  testCases.TC001_WF1_Send_Notify_ETR_S - Current Workflow Row item: 5
16:48:36.064 [main] INFO  testCases.TC001_WF1_Send_Notify_ETR_S - Current style of Worflow Status Element captured
16:48:36.064 [main] INFO  testCases.TC001_WF1_Send_Notify_ETR_S - Workflow status: of row item: 5 false
16:48:36.089 [main] INFO  testCases.TC001_WF1_Send_Notify_ETR_S - Actual Module Name:  CRMEditFieldModule
16:48:36.089 [main] INFO  testCases.TC001_WF1_Send_Notify_ETR_S - Actual Workflow Name:  WF2CRMEditField
16:48:36.089 [main] INFO  testCases.TC001_WF1_Send_Notify_ETR_S - Actual Exec Condition Name:  Only on the first save
16:48:36.090 [main] INFO  testCases.TC001_WF1_Send_Notify_ETR_S - Module,workflow,conditions not matched 
16:48:36.090 [main] INFO  testCases.TC001_WF1_Send_Notify_ETR_S - bCurrentWFStatus: false
16:48:36.090 [main] INFO  testCases.TC001_WF1_Send_Notify_ETR_S - Current Workflow Row item: 6
16:48:36.125 [main] INFO  testCases.TC001_WF1_Send_Notify_ETR_S - Current style of Worflow Status Element captured
16:48:36.125 [main] INFO  testCases.TC001_WF1_Send_Notify_ETR_S - Workflow status: of row item: 6 true
16:48:36.150 [main] INFO  testCases.TC001_WF1_Send_Notify_ETR_S - Actual Module Name:  CRMEditFieldModule
16:48:36.150 [main] INFO  testCases.TC001_WF1_Send_Notify_ETR_S - Actual Workflow Name:  WF1CRMEditField
16:48:36.150 [main] INFO  testCases.TC001_WF1_Send_Notify_ETR_S - Actual Exec Condition Name:  Every time the record is save
16:48:36.150 [main] INFO  testCases.TC001_WF1_Send_Notify_ETR_S - Module,workflow,condition matches
16:48:36.150 [main] INFO  testCases.TC001_WF1_Send_Notify_ETR_S - bCurrentWFStatus: true
16:48:36.150 [main] INFO  testCases.TC001_WF1_Send_Notify_ETR_S - WF1CRMEditFieldWorkflow enabled
16:48:36.150 [main] INFO  utilities.UtilityCustomFunctions - WF1CRMEditFieldDisabled Workflow Manually Enabled
16:48:36.150 [main] INFO  testCases.TC001_WF1_Send_Notify_ETR_S - true:6
16:48:41.463 [main] INFO  testCases.TC001_WF1_Send_Notify_ETR_S - Work flow clicked
16:48:45.927 [main] INFO  testCases.TC001_WF1_Send_Notify_ETR_S - Cliked Step 1 Next Button to Condition Page
16:48:48.832 [main] INFO  testCases.TC001_WF1_Send_Notify_ETR_S - Cliked Step 2 Next Button to Task List Page
16:48:49.844 [main] INFO  testCases.TC001_WF1_Send_Notify_ETR_S - Clicked Workflow and Navigated to Task Page
16:48:49.859 [main] INFO  testCases.TC001_WF1_Send_Notify_ETR_S - Number of Tasks Listed for this Workflow: WF1CRMEditField : 2
16:48:49.881 [main] INFO  utilities.UtilityCustomFunctions - Is Task Active: 1 : true
16:48:50.041 [main] INFO  utilities.UtilityCustomFunctions - Retrieved Action Type:Send notification
16:48:50.042 [main] INFO  utilities.UtilityCustomFunctions - Retrieved Action Title:NewTriggerNotification
16:48:50.042 [main] INFO  utilities.UtilityCustomFunctions - Retrieved Expected Action Type:Send notification
16:48:50.042 [main] INFO  utilities.UtilityCustomFunctions - Retrieved Expected Action Title:NewTriggerNotification
16:48:50.042 [main] INFO  testCases.TC001_WF1_Send_Notify_ETR_S - Action Type and Action Tile matches and also Task Button Enabled
16:48:51.043 [main] INFO  utilities.UtilityCustomFunctions - Out of for loop:false
16:48:53.790 [main] INFO  testCases.TC001_WF1_Send_Notify_ETR_S - Clicked Workflow and Navigated to Task Page
16:48:53.790 [main] INFO  testCases.TC001_WF1_Send_Notify_ETR_S - Task Active Send notification  NewTriggerNotification
16:48:55.121 [main] INFO  utilities.UtilityCustomFunctions - User1NotifyCount:8
16:49:31.675 [main] INFO  utilities.UtilityCustomFunctions - current ulr:https://rdot.in/public/login
16:49:31.675 [main] INFO  utilities.UtilityCustomFunctions - app ulr:https://rdot.in/public/login
16:49:33.927 [main] INFO  utilities.UtilityCustomFunctions - PRIYAN entered in  input
16:49:35.217 [main] INFO  utilities.UtilityCustomFunctions - Jones entered in  input
16:49:36.499 [main] INFO  utilities.UtilityCustomFunctions - Automation@123 entered in  input
16:50:01.221 [main] INFO  utilities.UtilityCustomFunctions - PRIYAN entered in  input
16:50:02.447 [main] INFO  utilities.UtilityCustomFunctions - Madhan entered in  input
16:50:03.676 [main] INFO  utilities.UtilityCustomFunctions - Automation@123 entered in  input
16:50:27.769 [main] INFO  utilities.UtilityCustomFunctions - PRIYAN entered in  input
16:50:29.026 [main] INFO  utilities.UtilityCustomFunctions - rsoft entered in  input
16:50:30.285 [main] INFO  utilities.UtilityCustomFunctions - RSoft!@345 entered in  input
16:50:47.906 [main] INFO  testCases.TC001_WF1_Send_Notify_ETR_S - Excel file Utility instance created
16:50:47.958 [main] INFO  testCases.TC001_WF1_Send_Notify_ETR_S - Row Count is: 1
16:50:47.985 [main] INFO  testCases.TC001_WF1_Send_Notify_ETR_S - Col Count is: 52
16:50:47.986 [main] INFO  testCases.TC001_WF1_Send_Notify_ETR_S - Extracting DataSheet Values started...
16:50:50.107 [main] INFO  utilities.UtilityCustomFunctions - 9087654321 entered in  input
16:50:51.412 [main] INFO  utilities.UtilityCustomFunctions - 44444444444 entered in  input
16:50:53.824 [main] INFO  utilities.UtilityCustomFunctions - checker@afasdf.com entered in  input
16:50:55.047 [main] INFO  utilities.UtilityCustomFunctions - 4444444444 entered in  input
16:51:02.439 [main] INFO  testCases.TC001_WF1_Send_Notify_ETR_S - [Bad] is selected in List
16:51:21.192 [main] INFO  utilities.UtilityCustomFunctions - Header Toggle Already ON
16:51:21.209 [main] INFO  utilities.UtilityCustomFunctions - Summary View Already OFF
16:51:31.417 [main] INFO  testCases.TC001_WF1_Send_Notify_ETR_S - Excel file Utility instance created
16:51:31.437 [main] INFO  testCases.TC001_WF1_Send_Notify_ETR_S - Row Count is: 1
16:51:31.455 [main] INFO  testCases.TC001_WF1_Send_Notify_ETR_S - Col Count is: 52
16:51:31.455 [main] INFO  testCases.TC001_WF1_Send_Notify_ETR_S - Extracting DataSheet Values started...
16:51:31.762 [main] INFO  utilities.UtilityCustomFunctions - Actual:CRMEditFieldModule
16:51:31.762 [main] INFO  utilities.UtilityCustomFunctions - Expected:CRMEditFieldModule
16:51:31.762 [main] INFO  utilities.UtilityCustomFunctions - Message:Module Name
16:51:33.147 [main] INFO  utilities.UtilityCustomFunctions - Actual:CRMEditFieldModule
16:51:33.147 [main] INFO  utilities.UtilityCustomFunctions - Expected:CRMEditFieldModule
16:51:33.147 [main] INFO  utilities.UtilityCustomFunctions - Message:Module Name
16:51:34.287 [main] INFO  utilities.UtilityCustomFunctions - Actual:+91 9087654321
16:51:34.287 [main] INFO  utilities.UtilityCustomFunctions - Expected:+91 9087654321
16:51:34.287 [main] INFO  utilities.UtilityCustomFunctions - Message:Phone Number
16:51:35.395 [main] INFO  utilities.UtilityCustomFunctions - Actual:checker@afasdf.com
16:51:35.395 [main] INFO  utilities.UtilityCustomFunctions - Expected:checker@afasdf.com
16:51:35.395 [main] INFO  utilities.UtilityCustomFunctions - Message:Email
16:51:36.503 [main] INFO  utilities.UtilityCustomFunctions - Actual:Bad
16:51:36.503 [main] INFO  utilities.UtilityCustomFunctions - Expected:Bad
16:51:36.503 [main] INFO  utilities.UtilityCustomFunctions - Message:Piclist Value
16:51:43.628 [main] INFO  utilities.UtilityCustomFunctions - Header Toggle Already ON
16:51:43.644 [main] INFO  utilities.UtilityCustomFunctions - Summary View Already OFF
16:51:48.110 [main] INFO  utilities.UtilityCustomFunctions - Actual:+91 9087654321
16:51:48.111 [main] INFO  utilities.UtilityCustomFunctions - Expected:+91 9087654321
16:51:48.111 [main] INFO  utilities.UtilityCustomFunctions - Message:Summary Phone Number
16:51:49.202 [main] INFO  utilities.UtilityCustomFunctions - Actual:44444444444
16:51:49.202 [main] INFO  utilities.UtilityCustomFunctions - Expected:44444444444
16:51:49.202 [main] INFO  utilities.UtilityCustomFunctions - Message:Summary Number Field
16:51:50.304 [main] INFO  utilities.UtilityCustomFunctions - Actual:checker@afasdf.com
16:51:50.304 [main] INFO  utilities.UtilityCustomFunctions - Expected:checker@afasdf.com
16:51:50.304 [main] INFO  utilities.UtilityCustomFunctions - Message:Summary Email
16:51:51.411 [main] INFO  utilities.UtilityCustomFunctions - Actual:Bad
16:51:51.412 [main] INFO  utilities.UtilityCustomFunctions - Expected:Bad
16:51:51.412 [main] INFO  utilities.UtilityCustomFunctions - Message:Summary Picklist Item
16:51:52.513 [main] INFO  utilities.UtilityCustomFunctions - Actual:4444444444
16:51:52.513 [main] INFO  utilities.UtilityCustomFunctions - Expected:4444444444
16:51:52.513 [main] INFO  utilities.UtilityCustomFunctions - Message:Summary Enter Your Number
16:51:54.429 [main] INFO  utilities.UtilityCustomFunctions - Summary View Set ON
16:52:11.867 [main] INFO  utilities.UtilityCustomFunctions - Actual:Rsoft IT
16:52:11.867 [main] INFO  utilities.UtilityCustomFunctions - Expected:Rsoft IT
16:52:11.867 [main] INFO  utilities.UtilityCustomFunctions - Message:Detail View Assigned To
16:52:12.991 [main] INFO  utilities.UtilityCustomFunctions - Actual:+91 9087654321
16:52:12.991 [main] INFO  utilities.UtilityCustomFunctions - Expected:+91 9087654321
16:52:12.991 [main] INFO  utilities.UtilityCustomFunctions - Message:Detail View Phone Numer
16:52:14.107 [main] INFO  utilities.UtilityCustomFunctions - Actual:44444444444
16:52:14.107 [main] INFO  utilities.UtilityCustomFunctions - Expected:44444444444
16:52:14.108 [main] INFO  utilities.UtilityCustomFunctions - Message:Detail View Number Field
16:52:15.230 [main] INFO  utilities.UtilityCustomFunctions - Actual:checker@afasdf.com
16:52:15.230 [main] INFO  utilities.UtilityCustomFunctions - Expected:checker@afasdf.com
16:52:15.230 [main] INFO  utilities.UtilityCustomFunctions - Message:Detail View Email
16:52:16.345 [main] INFO  utilities.UtilityCustomFunctions - Actual:Bad
16:52:16.345 [main] INFO  utilities.UtilityCustomFunctions - Expected:Bad
16:52:16.346 [main] INFO  utilities.UtilityCustomFunctions - Message:Detail View Menu Item
16:52:17.465 [main] INFO  utilities.UtilityCustomFunctions - Actual:4444444444
16:52:17.465 [main] INFO  utilities.UtilityCustomFunctions - Expected:4444444444
16:52:17.465 [main] INFO  utilities.UtilityCustomFunctions - Message:Detail View Enter Your Number
16:52:24.047 [main] INFO  utilities.UtilityCustomFunctions - Actual:CRMEditFieldModule
16:52:24.047 [main] INFO  utilities.UtilityCustomFunctions - Expected:CRMEditFieldModule
16:52:24.047 [main] INFO  utilities.UtilityCustomFunctions - Message:Module Name Title
16:52:25.155 [main] INFO  utilities.UtilityCustomFunctions - Actual:+91 9087654321
16:52:25.155 [main] INFO  utilities.UtilityCustomFunctions - Expected:+91 9087654321
16:52:25.155 [main] INFO  utilities.UtilityCustomFunctions - Message:Phone Number Title
16:52:26.255 [main] INFO  utilities.UtilityCustomFunctions - Actual:checker@afasdf.com
16:52:26.255 [main] INFO  utilities.UtilityCustomFunctions - Expected:checker@afasdf.com
16:52:26.255 [main] INFO  utilities.UtilityCustomFunctions - Message:Email Title
16:52:27.354 [main] INFO  utilities.UtilityCustomFunctions - Actual:Bad
16:52:27.355 [main] INFO  utilities.UtilityCustomFunctions - Expected:Bad
16:52:27.355 [main] INFO  utilities.UtilityCustomFunctions - Message:Piclist Value Title
16:52:48.703 [main] INFO  testCases.TC001_WF1_Send_Notify_ETR_S - Notification detail view opened
16:52:53.742 [main] INFO  testCases.TC001_WF1_Send_Notify_ETR_S - Switched to New Window
16:52:59.797 [main] INFO  utilities.UtilityCustomFunctions - Header Toggle Already ON
16:52:59.815 [main] INFO  utilities.UtilityCustomFunctions - Summary View Already OFF
16:53:02.167 [main] INFO  utilities.UtilityCustomFunctions - Actual:Rsoft IT
16:53:02.167 [main] INFO  utilities.UtilityCustomFunctions - Expected:Rsoft IT
16:53:02.167 [main] INFO  utilities.UtilityCustomFunctions - Message:Summary View Assigned To
16:53:03.275 [main] INFO  utilities.UtilityCustomFunctions - Actual:0
16:53:03.275 [main] INFO  utilities.UtilityCustomFunctions - Expected:0
16:53:03.275 [main] INFO  utilities.UtilityCustomFunctions - Message:Summary View Status
16:53:04.378 [main] INFO  utilities.UtilityCustomFunctions - Actual: Welcome to Notification test automation for ETRS. 
16:53:04.378 [main] INFO  utilities.UtilityCustomFunctions - Expected:Welcome to Notification test automation for ETRS.
16:53:04.378 [main] INFO  utilities.UtilityCustomFunctions - Message:Summary View User
16:53:05.495 [main] INFO  utilities.UtilityCustomFunctions - Actual:       NewTriggerNotification       
16:53:05.495 [main] INFO  utilities.UtilityCustomFunctions - Expected:NewTriggerNotification
16:53:05.495 [main] INFO  utilities.UtilityCustomFunctions - Message:Summary View Action Title
16:53:07.400 [main] INFO  utilities.UtilityCustomFunctions - Summary View Set ON
16:53:15.658 [main] INFO  utilities.UtilityCustomFunctions - Actual:Rsoft IT
16:53:15.658 [main] INFO  utilities.UtilityCustomFunctions - Expected:Rsoft IT
16:53:15.658 [main] INFO  utilities.UtilityCustomFunctions - Message:Detail View Assigned To
16:53:16.771 [main] INFO  utilities.UtilityCustomFunctions - Actual:0
16:53:16.771 [main] INFO  utilities.UtilityCustomFunctions - Expected:0
16:53:16.771 [main] INFO  utilities.UtilityCustomFunctions - Message:Detail View Status
16:53:17.889 [main] INFO  utilities.UtilityCustomFunctions - Actual: Welcome to Notification test automation for ETRS. 
16:53:17.889 [main] INFO  utilities.UtilityCustomFunctions - Expected:Welcome to Notification test automation for ETRS.
16:53:17.889 [main] INFO  utilities.UtilityCustomFunctions - Message:Detail View Summary
16:53:19.027 [main] INFO  utilities.UtilityCustomFunctions - Actual:       NewTriggerNotification       
16:53:19.027 [main] INFO  utilities.UtilityCustomFunctions - Expected:NewTriggerNotification
16:53:19.027 [main] INFO  utilities.UtilityCustomFunctions - Message:Detail View Action Title
16:53:20.116 [main] INFO  utilities.UtilityCustomFunctions - Actual:122778
16:53:20.116 [main] INFO  utilities.UtilityCustomFunctions - Expected:122778
16:53:20.116 [main] INFO  utilities.UtilityCustomFunctions - Message:Detail View Module Record Id
16:53:27.273 [main] INFO  utilities.UtilityCustomFunctions - //ul[@class='select2-results__options']/li[contains(text(),'IT')]
16:53:28.837 [main] INFO  utilities.UtilityCustomFunctions - 122778 entered in  input
16:53:33.954 [main] INFO  utilities.UtilityCustomFunctions - table row Count:2
16:53:33.954 [main] INFO  testCases.TC001_WF1_Send_Notify_ETR_S - Passed: Notification Received after New Record Add -Rsoft IT Record Id: 122778
16:53:35.341 [main] INFO  utilities.UtilityCustomFunctions - Actual:Rsoft IT
16:53:35.341 [main] INFO  utilities.UtilityCustomFunctions - Expected:Rsoft IT
16:53:35.341 [main] INFO  utilities.UtilityCustomFunctions - Message:AssignedTo Record Details
16:53:36.442 [main] INFO  utilities.UtilityCustomFunctions - Actual:0
16:53:36.442 [main] INFO  utilities.UtilityCustomFunctions - Expected:0
16:53:36.442 [main] INFO  utilities.UtilityCustomFunctions - Message:Status in Record Details
16:53:37.582 [main] INFO  utilities.UtilityCustomFunctions - Actual:Rsoft IT
16:53:37.582 [main] INFO  utilities.UtilityCustomFunctions - Expected:Rsoft IT
16:53:37.582 [main] INFO  utilities.UtilityCustomFunctions - Message:Created By in Record Details
16:53:38.702 [main] INFO  utilities.UtilityCustomFunctions - Actual:Welcome to Notification test ...
16:53:38.703 [main] INFO  utilities.UtilityCustomFunctions - Expected:Welcome to Notification test automation for ETRS.
16:53:38.703 [main] INFO  utilities.UtilityCustomFunctions - Message:UserName in Record Details
16:53:39.814 [main] INFO  utilities.UtilityCustomFunctions - Actual:NewTriggerNotification ...
16:53:39.814 [main] INFO  utilities.UtilityCustomFunctions - Expected:NewTriggerNotification
16:53:39.814 [main] INFO  utilities.UtilityCustomFunctions - Message:Workflow Title in Record Details
16:53:40.927 [main] INFO  utilities.UtilityCustomFunctions - Actual:122778
16:53:40.927 [main] INFO  utilities.UtilityCustomFunctions - Expected:122778
16:53:40.927 [main] INFO  utilities.UtilityCustomFunctions - Message:Record Id in Record Details
16:53:47.855 [main] INFO  utilities.UtilityCustomFunctions - //ul[@class='select2-results__options']/li[contains(text(),'Jones')]
16:53:49.394 [main] INFO  utilities.UtilityCustomFunctions - 122778 entered in  input
16:53:54.560 [main] INFO  utilities.UtilityCustomFunctions - table row Count:2
16:53:54.561 [main] INFO  testCases.TC001_WF1_Send_Notify_ETR_S - Passed: Notification Received after New Record Add -Indiana Jones Record Id: 122778
16:53:55.918 [main] INFO  utilities.UtilityCustomFunctions - Actual:Indiana Jones
16:53:55.918 [main] INFO  utilities.UtilityCustomFunctions - Expected:Indiana Jones
16:53:55.918 [main] INFO  utilities.UtilityCustomFunctions - Message:AssignedTo Record Details
16:53:57.051 [main] INFO  utilities.UtilityCustomFunctions - Actual:0
16:53:57.051 [main] INFO  utilities.UtilityCustomFunctions - Expected:0
16:53:57.051 [main] INFO  utilities.UtilityCustomFunctions - Message:Status in Record Details
16:53:58.180 [main] INFO  utilities.UtilityCustomFunctions - Actual:Rsoft IT
16:53:58.180 [main] INFO  utilities.UtilityCustomFunctions - Expected:Rsoft IT
16:53:58.181 [main] INFO  utilities.UtilityCustomFunctions - Message:Created By in Record Details
16:53:59.328 [main] INFO  utilities.UtilityCustomFunctions - Actual:Welcome to Notification test ...
16:53:59.328 [main] INFO  utilities.UtilityCustomFunctions - Expected:Welcome to Notification test automation for ETRS.
16:53:59.328 [main] INFO  utilities.UtilityCustomFunctions - Message:UserName in Record Details
16:54:00.436 [main] INFO  utilities.UtilityCustomFunctions - Actual:NewTriggerNotification ...
16:54:00.437 [main] INFO  utilities.UtilityCustomFunctions - Expected:NewTriggerNotification
16:54:00.437 [main] INFO  utilities.UtilityCustomFunctions - Message:Workflow Title in Record Details
16:54:01.542 [main] INFO  utilities.UtilityCustomFunctions - Actual:122778
16:54:01.543 [main] INFO  utilities.UtilityCustomFunctions - Expected:122778
16:54:01.543 [main] INFO  utilities.UtilityCustomFunctions - Message:Record Id in Record Details
16:54:08.556 [main] INFO  utilities.UtilityCustomFunctions - //ul[@class='select2-results__options']/li[contains(text(),'Mohan')]
16:54:10.067 [main] INFO  utilities.UtilityCustomFunctions - 122778 entered in  input
16:54:15.131 [main] INFO  utilities.UtilityCustomFunctions - table row Count:2
16:54:15.131 [main] INFO  testCases.TC001_WF1_Send_Notify_ETR_S - Passed: Notification Received after New Record Add -Madhan Mohan Record Id: 122778
16:54:16.566 [main] INFO  utilities.UtilityCustomFunctions - Actual:Madhan Mohan
16:54:16.566 [main] INFO  utilities.UtilityCustomFunctions - Expected:Madhan Mohan
16:54:16.566 [main] INFO  utilities.UtilityCustomFunctions - Message:AssignedTo Record Details
16:54:17.680 [main] INFO  utilities.UtilityCustomFunctions - Actual:0
16:54:17.681 [main] INFO  utilities.UtilityCustomFunctions - Expected:0
16:54:17.681 [main] INFO  utilities.UtilityCustomFunctions - Message:Status in Record Details
16:54:18.787 [main] INFO  utilities.UtilityCustomFunctions - Actual:Rsoft IT
16:54:18.787 [main] INFO  utilities.UtilityCustomFunctions - Expected:Rsoft IT
16:54:18.787 [main] INFO  utilities.UtilityCustomFunctions - Message:Created By in Record Details
