11:38:51.397 [main] INFO  utilities.UtilityCustomFunctions - MultiSelect Value:Agree ,Strongly DisAgree
11:38:51.512 [main] INFO  utilities.UtilityCustomFunctions - MultiSelect Drop Down Button Clicked
11:38:51.514 [main] INFO  utilities.UtilityCustomFunctions - Expected MultiSelect Value count: 2
11:38:51.515 [main] INFO  utilities.UtilityCustomFunctions - Items in Multiselect Count: 5
11:38:53.630 [main] INFO  utilities.UtilityCustomFunctions - Item Selected in MultiSelect: Agree
11:39:01.247 [main] INFO  utilities.UtilityCustomFunctions - Item Selected in MultiSelect: Strongly DisAgree
11:39:05.848 [main] INFO  testCases.WebForms.TC001_WF_AllValidUser_NoCondition - MultiSelect Value Selected
11:39:07.399 [main] INFO  testCases.WebForms.TC001_WF_AllValidUser_NoCondition - MultiSelect Next Clicked
11:39:14.819 [main] INFO  utilities.UtilityCustomFunctions - PRIYAN entered in  input
11:39:16.387 [main] INFO  utilities.UtilityCustomFunctions - rsoft entered in  input
11:39:17.888 [main] INFO  utilities.UtilityCustomFunctions - RSoft!@345 entered in  input
11:39:25.565 [main] INFO  testCases.WebForms.TC001_WF_AllValidUser_NoCondition - Clicked Avatar
11:39:29.806 [main] INFO  testCases.WebForms.TC001_WF_AllValidUser_NoCondition - Clicked Menu CRM Setting
11:39:32.063 [main] INFO  testCases.WebForms.TC001_WF_AllValidUser_NoCondition - Clicked Menu User Access Control
12:54:30.081 [main] INFO  testCases.WebForms.TC001_WF_AllValidUser_NoCondition - Test Execution on Browser: chrome
12:54:30.219 [main] INFO  testCases.WebForms.TC001_WF_AllValidUser_NoCondition - Excel file Utility instance created
12:54:31.934 [main] INFO  testCases.WebForms.TC001_WF_AllValidUser_NoCondition - Row Count is: 1
12:54:32.046 [main] INFO  testCases.WebForms.TC001_WF_AllValidUser_NoCondition - Col Count is: 25
12:54:32.046 [main] INFO  testCases.WebForms.TC001_WF_AllValidUser_NoCondition - Extracting DataSheet Values started...
12:54:37.986 [main] INFO  testCases.WebForms.TC001_WF_AllValidUser_NoCondition - Survey Form Url Launched..
12:54:39.486 [main] INFO  testCases.WebForms.TC001_WF_AllValidUser_NoCondition - Build Url Pass
12:54:39.770 [main] INFO  utilities.UtilityCustomFunctions - PN Control Title :  Please type your phone number *
12:54:39.770 [main] INFO  utilities.UtilityCustomFunctions - Actual:Please type your phone number *
12:54:39.770 [main] INFO  utilities.UtilityCustomFunctions - Expected:Please type your phone number *
12:54:39.770 [main] INFO  utilities.UtilityCustomFunctions - Message:Phone Number Control Title
12:54:41.248 [main] INFO  testCases.WebForms.TC001_WF_AllValidUser_NoCondition - Validation of PhoneNumber Control Title
12:54:43.812 [main] INFO  testCases.WebForms.TC001_WF_AllValidUser_NoCondition - Phone Number Conrol Present
12:54:44.594 [main] INFO  utilities.UtilityCustomFunctions - 1234567890 entered in  input
12:54:46.131 [main] INFO  testCases.WebForms.TC001_WF_AllValidUser_NoCondition - Phone Number Entered
12:54:47.444 [main] INFO  testCases.WebForms.TC001_WF_AllValidUser_NoCondition - PhoneNumber Next Clicked
12:54:51.932 [main] INFO  testCases.WebForms.TC001_WF_AllValidUser_NoCondition - Email Control Present
12:54:51.963 [main] INFO  utilities.UtilityCustomFunctions - Email Control Title :  What is your email address? *
12:54:51.963 [main] INFO  utilities.UtilityCustomFunctions - Actual:What is your email address? *
12:54:51.963 [main] INFO  utilities.UtilityCustomFunctions - Expected:What is your email address? *
12:54:51.963 [main] INFO  utilities.UtilityCustomFunctions - Message:Email Control Title
12:54:53.431 [main] INFO  testCases.WebForms.TC001_WF_AllValidUser_NoCondition - Validation of Email Control Title
12:54:53.822 [main] INFO  utilities.UtilityCustomFunctions - sudhakar@rsoft.in entered in  input
12:54:53.832 [main] INFO  testCases.WebForms.TC001_WF_AllValidUser_NoCondition - Email Id Entered
12:54:55.448 [main] INFO  testCases.WebForms.TC001_WF_AllValidUser_NoCondition - Email Next Clicked
12:54:58.228 [main] INFO  testCases.WebForms.TC001_WF_AllValidUser_NoCondition - Text Question Conrol Present
12:54:58.261 [main] INFO  utilities.UtilityCustomFunctions - Text Question Choice Control Title :  Please type an answer ..! *
12:54:58.261 [main] INFO  utilities.UtilityCustomFunctions - Actual:Please type an answer ..! *
12:54:58.261 [main] INFO  utilities.UtilityCustomFunctions - Expected:Please type an answer ..! *
12:54:58.261 [main] INFO  utilities.UtilityCustomFunctions - Message:TextQuestion Control Title
12:54:59.660 [main] INFO  testCases.WebForms.TC001_WF_AllValidUser_NoCondition - Validation of TextQuestion Control Title
12:55:00.032 [main] INFO  utilities.UtilityCustomFunctions - Welcome to Automation...! entered in  textarea
12:55:00.058 [main] INFO  testCases.WebForms.TC001_WF_AllValidUser_NoCondition - Text Entered in TextAnswer Control
12:55:01.724 [main] INFO  testCases.WebForms.TC001_WF_AllValidUser_NoCondition - Text Question Next Clicked
12:55:04.967 [main] INFO  utilities.UtilityCustomFunctions - MS Control Title :  Select your choices..! *
12:55:04.967 [main] INFO  utilities.UtilityCustomFunctions -  Select your choices..! *
12:55:04.967 [main] INFO  utilities.UtilityCustomFunctions - Actual:Select your choices..! *
12:55:04.968 [main] INFO  utilities.UtilityCustomFunctions - Expected:Select your choices..! *
12:55:04.968 [main] INFO  utilities.UtilityCustomFunctions - Message:MultiSelect Control Title
12:55:06.390 [main] INFO  testCases.WebForms.TC001_WF_AllValidUser_NoCondition - Validation of MultiSelect Control Title
12:55:06.391 [main] INFO  utilities.UtilityCustomFunctions - MultiSelect Value:Agree ,Strongly DisAgree
12:55:06.503 [main] INFO  utilities.UtilityCustomFunctions - MultiSelect Drop Down Button Clicked
12:55:06.503 [main] INFO  utilities.UtilityCustomFunctions - Expected MultiSelect Value count: 2
12:55:06.505 [main] INFO  utilities.UtilityCustomFunctions - Items in Multiselect Count: 5
12:55:08.625 [main] INFO  utilities.UtilityCustomFunctions - Item Selected in MultiSelect: Agree
12:55:16.233 [main] INFO  utilities.UtilityCustomFunctions - Item Selected in MultiSelect: Strongly DisAgree
12:55:20.766 [main] INFO  testCases.WebForms.TC001_WF_AllValidUser_NoCondition - MultiSelect Value Selected
12:55:22.654 [main] INFO  testCases.WebForms.TC001_WF_AllValidUser_NoCondition - MultiSelect Next Clicked
12:55:25.667 [main] INFO  testCases.WebForms.TC001_WF_AllValidUser_NoCondition - Excel file Utility instance created
12:55:25.732 [main] INFO  testCases.WebForms.TC001_WF_AllValidUser_NoCondition - Row Count is: 1
12:55:25.799 [main] INFO  testCases.WebForms.TC001_WF_AllValidUser_NoCondition - Col Count is: 25
12:55:25.799 [main] INFO  testCases.WebForms.TC001_WF_AllValidUser_NoCondition - Extracting DataSheet Values started...
12:56:02.065 [main] INFO  testCases.WebForms.TC001_WF_AllValidUser_NoCondition - Test Execution on Browser: chrome
12:56:02.154 [main] INFO  testCases.WebForms.TC001_WF_AllValidUser_NoCondition - Excel file Utility instance created
12:56:03.798 [main] INFO  testCases.WebForms.TC001_WF_AllValidUser_NoCondition - Row Count is: 1
12:56:03.885 [main] INFO  testCases.WebForms.TC001_WF_AllValidUser_NoCondition - Col Count is: 25
12:56:03.886 [main] INFO  testCases.WebForms.TC001_WF_AllValidUser_NoCondition - Extracting DataSheet Values started...
12:59:50.715 [main] INFO  testCases.WebForms.TC001_WF_AllValidUser_NoCondition - Test Execution on Browser: chrome
12:59:50.798 [main] INFO  testCases.WebForms.TC001_WF_AllValidUser_NoCondition - Excel file Utility instance created
12:59:52.344 [main] INFO  testCases.WebForms.TC001_WF_AllValidUser_NoCondition - Row Count is: 1
12:59:52.457 [main] INFO  testCases.WebForms.TC001_WF_AllValidUser_NoCondition - Col Count is: 25
12:59:52.457 [main] INFO  testCases.WebForms.TC001_WF_AllValidUser_NoCondition - Extracting DataSheet Values started...
12:59:57.896 [main] INFO  utilities.UtilityCustomFunctions - PRIYAN entered in  input
12:59:59.720 [main] INFO  utilities.UtilityCustomFunctions - rsoft entered in  input
13:00:01.669 [main] INFO  utilities.UtilityCustomFunctions - RSoft!@345 entered in  input
13:00:09.451 [main] INFO  testCases.WebForms.TC001_WF_AllValidUser_NoCondition - Clicked Avatar
13:00:13.588 [main] INFO  testCases.WebForms.TC001_WF_AllValidUser_NoCondition - Clicked Menu CRM Setting
13:00:15.827 [main] INFO  testCases.WebForms.TC001_WF_AllValidUser_NoCondition - Clicked Menu User Access Control
13:02:02.837 [main] INFO  testCases.WebForms.TC001_WF_AllValidUser_NoCondition - Test Execution on Browser: chrome
13:02:02.928 [main] INFO  testCases.WebForms.TC001_WF_AllValidUser_NoCondition - Excel file Utility instance created
13:02:04.364 [main] INFO  testCases.WebForms.TC001_WF_AllValidUser_NoCondition - Row Count is: 1
13:02:04.461 [main] INFO  testCases.WebForms.TC001_WF_AllValidUser_NoCondition - Col Count is: 25
13:02:04.462 [main] INFO  testCases.WebForms.TC001_WF_AllValidUser_NoCondition - Extracting DataSheet Values started...
13:02:10.044 [main] INFO  utilities.UtilityCustomFunctions - PRIYAN entered in  input
13:02:11.698 [main] INFO  utilities.UtilityCustomFunctions - rsoft entered in  input
13:02:13.561 [main] INFO  utilities.UtilityCustomFunctions - RSoft!@345 entered in  input
13:02:21.315 [main] INFO  testCases.WebForms.TC001_WF_AllValidUser_NoCondition - Clicked Avatar
13:02:25.388 [main] INFO  testCases.WebForms.TC001_WF_AllValidUser_NoCondition - Clicked Menu CRM Setting
13:02:27.608 [main] INFO  testCases.WebForms.TC001_WF_AllValidUser_NoCondition - Clicked Menu User Access Control
13:02:39.237 [main] INFO  testCases.WebForms.TC001_WF_AllValidUser_NoCondition - Clicked Avatar
13:02:43.162 [main] INFO  testCases.WebForms.TC001_WF_AllValidUser_NoCondition - Clicked Menu CRM Setting
13:02:45.405 [main] INFO  testCases.WebForms.TC001_WF_AllValidUser_NoCondition - Clicked Menu User Access Control
13:02:57.249 [main] INFO  testCases.WebForms.TC001_WF_AllValidUser_NoCondition - Clicked Avatar
13:03:01.129 [main] INFO  testCases.WebForms.TC001_WF_AllValidUser_NoCondition - Clicked Menu CRM Setting
13:03:03.339 [main] INFO  testCases.WebForms.TC001_WF_AllValidUser_NoCondition - Clicked Menu User Access Control
13:03:14.740 [main] INFO  testCases.WebForms.TC001_WF_AllValidUser_NoCondition - Clicked Avatar
13:03:18.666 [main] INFO  testCases.WebForms.TC001_WF_AllValidUser_NoCondition - Clicked Menu CRM Setting
13:03:20.905 [main] INFO  testCases.WebForms.TC001_WF_AllValidUser_NoCondition - Clicked Menu User Access Control
13:40:07.910 [main] INFO  testCases.WebForms.TC001_WF_AllValidUser_NoCondition - Test Execution on Browser: chrome
13:40:08.009 [main] INFO  testCases.WebForms.TC001_WF_AllValidUser_NoCondition - Excel file Utility instance created
13:40:09.721 [main] INFO  testCases.WebForms.TC001_WF_AllValidUser_NoCondition - Row Count is: 1
13:40:09.830 [main] INFO  testCases.WebForms.TC001_WF_AllValidUser_NoCondition - Col Count is: 25
13:40:09.832 [main] INFO  testCases.WebForms.TC001_WF_AllValidUser_NoCondition - Extracting DataSheet Values started...
13:40:16.191 [main] INFO  utilities.UtilityCustomFunctions - PRIYAN entered in  input
13:40:18.113 [main] INFO  utilities.UtilityCustomFunctions - rsoft entered in  input
13:40:19.993 [main] INFO  utilities.UtilityCustomFunctions - RSoft!@345 entered in  input
13:40:28.954 [main] INFO  testCases.WebForms.TC001_WF_AllValidUser_NoCondition - Clicked Avatar
13:40:33.024 [main] INFO  testCases.WebForms.TC001_WF_AllValidUser_NoCondition - Clicked Menu CRM Setting
13:40:35.260 [main] INFO  testCases.WebForms.TC001_WF_AllValidUser_NoCondition - Clicked Menu User Access Control
13:40:46.645 [main] INFO  testCases.WebForms.TC001_WF_AllValidUser_NoCondition - Clicked Avatar
13:40:50.499 [main] INFO  testCases.WebForms.TC001_WF_AllValidUser_NoCondition - Clicked Menu CRM Setting
13:40:52.725 [main] INFO  testCases.WebForms.TC001_WF_AllValidUser_NoCondition - Clicked Menu User Access Control
13:41:04.661 [main] INFO  testCases.WebForms.TC001_WF_AllValidUser_NoCondition - Clicked Avatar
13:41:08.473 [main] INFO  testCases.WebForms.TC001_WF_AllValidUser_NoCondition - Clicked Menu CRM Setting
13:41:10.665 [main] INFO  testCases.WebForms.TC001_WF_AllValidUser_NoCondition - Clicked Menu User Access Control
13:41:22.019 [main] INFO  testCases.WebForms.TC001_WF_AllValidUser_NoCondition - Clicked Avatar
13:41:25.844 [main] INFO  testCases.WebForms.TC001_WF_AllValidUser_NoCondition - Clicked Menu CRM Setting
13:41:28.092 [main] INFO  testCases.WebForms.TC001_WF_AllValidUser_NoCondition - Clicked Menu User Access Control
13:42:42.829 [main] INFO  testCases.WebForms.TC001_WF_AllValidUser_NoCondition - Test Execution on Browser: chrome
13:42:42.934 [main] INFO  testCases.WebForms.TC001_WF_AllValidUser_NoCondition - Excel file Utility instance created
13:42:44.601 [main] INFO  testCases.WebForms.TC001_WF_AllValidUser_NoCondition - Row Count is: 1
13:42:44.752 [main] INFO  testCases.WebForms.TC001_WF_AllValidUser_NoCondition - Col Count is: 26
13:42:44.755 [main] INFO  testCases.WebForms.TC001_WF_AllValidUser_NoCondition - Extracting DataSheet Values started...
13:42:50.878 [main] INFO  utilities.UtilityCustomFunctions - PRIYAN entered in  input
13:42:52.745 [main] INFO  utilities.UtilityCustomFunctions - rsoft entered in  input
13:42:54.720 [main] INFO  utilities.UtilityCustomFunctions - RSoft!@345 entered in  input
13:43:02.208 [main] INFO  testCases.WebForms.TC001_WF_AllValidUser_NoCondition - Clicked Avatar
13:43:06.261 [main] INFO  testCases.WebForms.TC001_WF_AllValidUser_NoCondition - Clicked Menu CRM Setting
13:43:08.468 [main] INFO  testCases.WebForms.TC001_WF_AllValidUser_NoCondition - Clicked Menu User Access Control
13:43:19.492 [main] INFO  testCases.WebForms.TC001_WF_AllValidUser_NoCondition - Clicked Avatar
13:43:23.297 [main] INFO  testCases.WebForms.TC001_WF_AllValidUser_NoCondition - Clicked Menu CRM Setting
13:43:25.511 [main] INFO  testCases.WebForms.TC001_WF_AllValidUser_NoCondition - Clicked Menu User Access Control
13:43:36.497 [main] INFO  testCases.WebForms.TC001_WF_AllValidUser_NoCondition - Clicked Avatar
13:43:40.536 [main] INFO  testCases.WebForms.TC001_WF_AllValidUser_NoCondition - Clicked Menu CRM Setting
13:43:42.744 [main] INFO  testCases.WebForms.TC001_WF_AllValidUser_NoCondition - Clicked Menu User Access Control
13:43:53.902 [main] INFO  testCases.WebForms.TC001_WF_AllValidUser_NoCondition - Clicked Avatar
13:43:57.778 [main] INFO  testCases.WebForms.TC001_WF_AllValidUser_NoCondition - Clicked Menu CRM Setting
13:44:00.001 [main] INFO  testCases.WebForms.TC001_WF_AllValidUser_NoCondition - Clicked Menu User Access Control
13:44:11.250 [main] INFO  testCases.WebForms.TC001_WF_AllValidUser_NoCondition - Clicked Avatar
13:44:15.187 [main] INFO  testCases.WebForms.TC001_WF_AllValidUser_NoCondition - Clicked Menu CRM Setting
13:44:15.394 [main] INFO  testCases.WebForms.TC001_WF_AllValidUser_NoCondition - Clicked Integration
13:46:58.774 [main] INFO  testCases.WebForms.TC001_WF_AllValidUser_NoCondition - Test Execution on Browser: chrome
13:46:58.868 [main] INFO  testCases.WebForms.TC001_WF_AllValidUser_NoCondition - Excel file Utility instance created
13:47:00.349 [main] INFO  testCases.WebForms.TC001_WF_AllValidUser_NoCondition - Row Count is: 1
13:47:00.451 [main] INFO  testCases.WebForms.TC001_WF_AllValidUser_NoCondition - Col Count is: 26
13:47:00.451 [main] INFO  testCases.WebForms.TC001_WF_AllValidUser_NoCondition - Extracting DataSheet Values started...
13:47:42.315 [main] INFO  testCases.WebForms.TC001_WF_AllValidUser_NoCondition - Test Execution on Browser: chrome
13:47:42.403 [main] INFO  testCases.WebForms.TC001_WF_AllValidUser_NoCondition - Excel file Utility instance created
13:47:43.903 [main] INFO  testCases.WebForms.TC001_WF_AllValidUser_NoCondition - Row Count is: 1
13:47:44.087 [main] INFO  testCases.WebForms.TC001_WF_AllValidUser_NoCondition - Col Count is: 26
13:47:44.087 [main] INFO  testCases.WebForms.TC001_WF_AllValidUser_NoCondition - Extracting DataSheet Values started...
13:47:50.040 [main] INFO  utilities.UtilityCustomFunctions - PRIYAN entered in  input
13:47:51.721 [main] INFO  utilities.UtilityCustomFunctions - rsoft entered in  input
13:47:53.501 [main] INFO  utilities.UtilityCustomFunctions - RSoft!@345 entered in  input
13:48:05.683 [main] INFO  testCases.WebForms.TC001_WF_AllValidUser_NoCondition - Clicked Avatar
13:48:09.868 [main] INFO  testCases.WebForms.TC001_WF_AllValidUser_NoCondition - Clicked Menu CRM Setting
13:48:12.058 [main] INFO  testCases.WebForms.TC001_WF_AllValidUser_NoCondition - Clicked Menu User Access Control
13:48:23.151 [main] INFO  testCases.WebForms.TC001_WF_AllValidUser_NoCondition - Clicked Avatar
13:48:26.995 [main] INFO  testCases.WebForms.TC001_WF_AllValidUser_NoCondition - Clicked Menu CRM Setting
13:48:29.237 [main] INFO  testCases.WebForms.TC001_WF_AllValidUser_NoCondition - Clicked Menu User Access Control
13:48:41.383 [main] INFO  testCases.WebForms.TC001_WF_AllValidUser_NoCondition - Clicked Avatar
13:48:45.301 [main] INFO  testCases.WebForms.TC001_WF_AllValidUser_NoCondition - Clicked Menu CRM Setting
13:48:47.475 [main] INFO  testCases.WebForms.TC001_WF_AllValidUser_NoCondition - Clicked Menu User Access Control
13:48:58.672 [main] INFO  testCases.WebForms.TC001_WF_AllValidUser_NoCondition - Clicked Avatar
13:49:02.564 [main] INFO  testCases.WebForms.TC001_WF_AllValidUser_NoCondition - Clicked Menu CRM Setting
13:49:04.845 [main] INFO  testCases.WebForms.TC001_WF_AllValidUser_NoCondition - Clicked Menu User Access Control
13:49:15.732 [main] INFO  testCases.WebForms.TC001_WF_AllValidUser_NoCondition - Clicked Avatar
13:49:20.557 [main] INFO  testCases.WebForms.TC001_WF_AllValidUser_NoCondition - Clicked Menu CRM Setting
13:49:20.799 [main] INFO  testCases.WebForms.TC001_WF_AllValidUser_NoCondition - Clicked Integration
14:48:24.842 [main] INFO  testCases.WebForms.TC001_WF_AllValidUser_NoCondition - Test Execution on Browser: chrome
14:48:24.954 [main] INFO  testCases.WebForms.TC001_WF_AllValidUser_NoCondition - Excel file Utility instance created
14:48:26.348 [main] INFO  testCases.WebForms.TC001_WF_AllValidUser_NoCondition - Row Count is: 1
14:48:26.451 [main] INFO  testCases.WebForms.TC001_WF_AllValidUser_NoCondition - Col Count is: 26
14:48:26.451 [main] INFO  testCases.WebForms.TC001_WF_AllValidUser_NoCondition - Extracting DataSheet Values started...
14:48:32.299 [main] INFO  utilities.UtilityCustomFunctions - PRIYAN entered in  input
14:48:34.018 [main] INFO  utilities.UtilityCustomFunctions - rsoft entered in  input
14:48:35.985 [main] INFO  utilities.UtilityCustomFunctions - RSoft!@345 entered in  input
14:48:46.694 [main] INFO  testCases.WebForms.TC001_WF_AllValidUser_NoCondition - Clicked Avatar
14:48:50.760 [main] INFO  testCases.WebForms.TC001_WF_AllValidUser_NoCondition - Clicked Menu CRM Setting
14:48:53.063 [main] INFO  testCases.WebForms.TC001_WF_AllValidUser_NoCondition - Clicked Menu User Access Control
14:49:04.042 [main] INFO  testCases.WebForms.TC001_WF_AllValidUser_NoCondition - Clicked Avatar
14:49:07.886 [main] INFO  testCases.WebForms.TC001_WF_AllValidUser_NoCondition - Clicked Menu CRM Setting
14:49:10.120 [main] INFO  testCases.WebForms.TC001_WF_AllValidUser_NoCondition - Clicked Menu User Access Control
14:49:21.912 [main] INFO  testCases.WebForms.TC001_WF_AllValidUser_NoCondition - Clicked Avatar
14:49:25.865 [main] INFO  testCases.WebForms.TC001_WF_AllValidUser_NoCondition - Clicked Menu CRM Setting
14:49:28.163 [main] INFO  testCases.WebForms.TC001_WF_AllValidUser_NoCondition - Clicked Menu User Access Control
14:49:39.232 [main] INFO  testCases.WebForms.TC001_WF_AllValidUser_NoCondition - Clicked Avatar
14:49:43.143 [main] INFO  testCases.WebForms.TC001_WF_AllValidUser_NoCondition - Clicked Menu CRM Setting
14:49:45.379 [main] INFO  testCases.WebForms.TC001_WF_AllValidUser_NoCondition - Clicked Menu User Access Control
14:49:56.189 [main] INFO  testCases.WebForms.TC001_WF_AllValidUser_NoCondition - Clicked Avatar
14:50:00.071 [main] INFO  testCases.WebForms.TC001_WF_AllValidUser_NoCondition - Clicked Menu CRM Setting
14:50:00.292 [main] INFO  testCases.WebForms.TC001_WF_AllValidUser_NoCondition - Clicked Integration
14:52:05.797 [main] INFO  testCases.WebForms.TC001_WF_AllValidUser_NoCondition - Test Execution on Browser: chrome
14:52:05.907 [main] INFO  testCases.WebForms.TC001_WF_AllValidUser_NoCondition - Excel file Utility instance created
14:52:07.432 [main] INFO  testCases.WebForms.TC001_WF_AllValidUser_NoCondition - Row Count is: 1
14:52:07.590 [main] INFO  testCases.WebForms.TC001_WF_AllValidUser_NoCondition - Col Count is: 26
14:52:07.591 [main] INFO  testCases.WebForms.TC001_WF_AllValidUser_NoCondition - Extracting DataSheet Values started...
14:52:13.366 [main] INFO  utilities.UtilityCustomFunctions - PRIYAN entered in  input
14:52:15.189 [main] INFO  utilities.UtilityCustomFunctions - rsoft entered in  input
14:52:17.070 [main] INFO  utilities.UtilityCustomFunctions - RSoft!@345 entered in  input
14:52:27.906 [main] INFO  testCases.WebForms.TC001_WF_AllValidUser_NoCondition - Clicked Avatar
14:52:31.919 [main] INFO  testCases.WebForms.TC001_WF_AllValidUser_NoCondition - Clicked Menu CRM Setting
14:52:34.194 [main] INFO  testCases.WebForms.TC001_WF_AllValidUser_NoCondition - Clicked Menu User Access Control
14:52:44.826 [main] INFO  testCases.WebForms.TC001_WF_AllValidUser_NoCondition - Clicked Avatar
14:52:48.573 [main] INFO  testCases.WebForms.TC001_WF_AllValidUser_NoCondition - Clicked Menu CRM Setting
14:52:50.843 [main] INFO  testCases.WebForms.TC001_WF_AllValidUser_NoCondition - Clicked Menu User Access Control
14:53:01.630 [main] INFO  testCases.WebForms.TC001_WF_AllValidUser_NoCondition - Clicked Avatar
14:53:05.403 [main] INFO  testCases.WebForms.TC001_WF_AllValidUser_NoCondition - Clicked Menu CRM Setting
14:53:07.662 [main] INFO  testCases.WebForms.TC001_WF_AllValidUser_NoCondition - Clicked Menu User Access Control
14:53:18.527 [main] INFO  testCases.WebForms.TC001_WF_AllValidUser_NoCondition - Clicked Avatar
14:53:22.370 [main] INFO  testCases.WebForms.TC001_WF_AllValidUser_NoCondition - Clicked Menu CRM Setting
14:53:24.653 [main] INFO  testCases.WebForms.TC001_WF_AllValidUser_NoCondition - Clicked Menu User Access Control
14:53:35.822 [main] INFO  testCases.WebForms.TC001_WF_AllValidUser_NoCondition - Clicked Avatar
14:53:39.654 [main] INFO  testCases.WebForms.TC001_WF_AllValidUser_NoCondition - Clicked Menu CRM Setting
14:53:39.867 [main] INFO  testCases.WebForms.TC001_WF_AllValidUser_NoCondition - Clicked Integration
14:56:49.373 [main] INFO  testCases.WebForms.TC001_WF_AllValidUser_NoCondition - Test Execution on Browser: chrome
14:56:49.492 [main] INFO  testCases.WebForms.TC001_WF_AllValidUser_NoCondition - Excel file Utility instance created
14:56:51.318 [main] INFO  testCases.WebForms.TC001_WF_AllValidUser_NoCondition - Row Count is: 1
14:56:51.496 [main] INFO  testCases.WebForms.TC001_WF_AllValidUser_NoCondition - Col Count is: 26
14:56:51.498 [main] INFO  testCases.WebForms.TC001_WF_AllValidUser_NoCondition - Extracting DataSheet Values started...
14:56:58.224 [main] INFO  utilities.UtilityCustomFunctions - PRIYAN entered in  input
14:57:00.752 [main] INFO  utilities.UtilityCustomFunctions - rsoft entered in  input
14:57:02.681 [main] INFO  utilities.UtilityCustomFunctions - RSoft!@345 entered in  input
14:57:13.133 [main] INFO  testCases.WebForms.TC001_WF_AllValidUser_NoCondition - Clicked Avatar
14:57:17.323 [main] INFO  testCases.WebForms.TC001_WF_AllValidUser_NoCondition - Clicked Menu CRM Setting
14:57:19.575 [main] INFO  testCases.WebForms.TC001_WF_AllValidUser_NoCondition - Clicked Menu User Access Control
14:57:30.525 [main] INFO  testCases.WebForms.TC001_WF_AllValidUser_NoCondition - Clicked Avatar
14:57:34.278 [main] INFO  testCases.WebForms.TC001_WF_AllValidUser_NoCondition - Clicked Menu CRM Setting
14:57:36.503 [main] INFO  testCases.WebForms.TC001_WF_AllValidUser_NoCondition - Clicked Menu User Access Control
14:57:47.455 [main] INFO  testCases.WebForms.TC001_WF_AllValidUser_NoCondition - Clicked Avatar
14:57:51.448 [main] INFO  testCases.WebForms.TC001_WF_AllValidUser_NoCondition - Clicked Menu CRM Setting
14:57:53.662 [main] INFO  testCases.WebForms.TC001_WF_AllValidUser_NoCondition - Clicked Menu User Access Control
14:58:04.751 [main] INFO  testCases.WebForms.TC001_WF_AllValidUser_NoCondition - Clicked Avatar
14:58:08.627 [main] INFO  testCases.WebForms.TC001_WF_AllValidUser_NoCondition - Clicked Menu CRM Setting
14:58:10.857 [main] INFO  testCases.WebForms.TC001_WF_AllValidUser_NoCondition - Clicked Menu User Access Control
14:58:21.679 [main] INFO  testCases.WebForms.TC001_WF_AllValidUser_NoCondition - Clicked Avatar
14:58:25.482 [main] INFO  testCases.WebForms.TC001_WF_AllValidUser_NoCondition - Clicked Menu CRM Setting
14:58:25.624 [main] INFO  testCases.WebForms.TC001_WF_AllValidUser_NoCondition - Clicked Integration
15:02:10.531 [main] INFO  testCases.WebForms.TC001_WF_AllValidUser_NoCondition - Test Execution on Browser: chrome
15:02:10.626 [main] INFO  testCases.WebForms.TC001_WF_AllValidUser_NoCondition - Excel file Utility instance created
15:02:12.112 [main] INFO  testCases.WebForms.TC001_WF_AllValidUser_NoCondition - Row Count is: 1
15:02:12.234 [main] INFO  testCases.WebForms.TC001_WF_AllValidUser_NoCondition - Col Count is: 26
15:02:12.235 [main] INFO  testCases.WebForms.TC001_WF_AllValidUser_NoCondition - Extracting DataSheet Values started...
15:02:17.075 [main] INFO  utilities.UtilityCustomFunctions - PRIYAN entered in  input
15:02:18.754 [main] INFO  utilities.UtilityCustomFunctions - rsoft entered in  input
15:02:20.676 [main] INFO  utilities.UtilityCustomFunctions - RSoft!@345 entered in  input
15:02:33.655 [main] INFO  testCases.WebForms.TC001_WF_AllValidUser_NoCondition - Clicked Avatar
15:02:37.718 [main] INFO  testCases.WebForms.TC001_WF_AllValidUser_NoCondition - Clicked Menu CRM Setting
15:02:39.969 [main] INFO  testCases.WebForms.TC001_WF_AllValidUser_NoCondition - Clicked Menu User Access Control
15:02:53.305 [main] INFO  testCases.WebForms.TC001_WF_AllValidUser_NoCondition - Clicked Avatar
15:02:57.419 [main] INFO  testCases.WebForms.TC001_WF_AllValidUser_NoCondition - Clicked Menu CRM Setting
15:02:59.664 [main] INFO  testCases.WebForms.TC001_WF_AllValidUser_NoCondition - Clicked Menu User Access Control
15:03:10.786 [main] INFO  testCases.WebForms.TC001_WF_AllValidUser_NoCondition - Clicked Avatar
15:03:14.992 [main] INFO  testCases.WebForms.TC001_WF_AllValidUser_NoCondition - Clicked Menu CRM Setting
15:03:17.213 [main] INFO  testCases.WebForms.TC001_WF_AllValidUser_NoCondition - Clicked Menu User Access Control
15:03:29.793 [main] INFO  testCases.WebForms.TC001_WF_AllValidUser_NoCondition - Clicked Avatar
15:03:33.637 [main] INFO  testCases.WebForms.TC001_WF_AllValidUser_NoCondition - Clicked Menu CRM Setting
15:03:35.854 [main] INFO  testCases.WebForms.TC001_WF_AllValidUser_NoCondition - Clicked Menu User Access Control
15:03:46.471 [main] INFO  testCases.WebForms.TC001_WF_AllValidUser_NoCondition - Clicked Avatar
15:03:50.373 [main] INFO  testCases.WebForms.TC001_WF_AllValidUser_NoCondition - Clicked Menu CRM Setting
15:03:50.509 [main] INFO  testCases.WebForms.TC001_WF_AllValidUser_NoCondition - Clicked Integration
15:08:10.161 [main] INFO  testCases.WebForms.TC001_WF_AllValidUser_NoCondition - Test Execution on Browser: chrome
15:08:10.251 [main] INFO  testCases.WebForms.TC001_WF_AllValidUser_NoCondition - Excel file Utility instance created
15:08:11.613 [main] INFO  testCases.WebForms.TC001_WF_AllValidUser_NoCondition - Row Count is: 1
15:08:11.741 [main] INFO  testCases.WebForms.TC001_WF_AllValidUser_NoCondition - Col Count is: 26
15:08:11.741 [main] INFO  testCases.WebForms.TC001_WF_AllValidUser_NoCondition - Extracting DataSheet Values started...
15:08:17.859 [main] INFO  utilities.UtilityCustomFunctions - PRIYAN entered in  input
15:08:19.573 [main] INFO  utilities.UtilityCustomFunctions - rsoft entered in  input
15:08:21.488 [main] INFO  utilities.UtilityCustomFunctions - RSoft!@345 entered in  input
15:08:32.020 [main] INFO  testCases.WebForms.TC001_WF_AllValidUser_NoCondition - Clicked Avatar
15:08:36.026 [main] INFO  testCases.WebForms.TC001_WF_AllValidUser_NoCondition - Clicked Menu CRM Setting
15:08:38.265 [main] INFO  testCases.WebForms.TC001_WF_AllValidUser_NoCondition - Clicked Menu User Access Control
15:08:49.187 [main] INFO  testCases.WebForms.TC001_WF_AllValidUser_NoCondition - Clicked Avatar
15:08:52.973 [main] INFO  testCases.WebForms.TC001_WF_AllValidUser_NoCondition - Clicked Menu CRM Setting
15:08:55.212 [main] INFO  testCases.WebForms.TC001_WF_AllValidUser_NoCondition - Clicked Menu User Access Control
15:09:06.034 [main] INFO  testCases.WebForms.TC001_WF_AllValidUser_NoCondition - Clicked Avatar
15:09:10.003 [main] INFO  testCases.WebForms.TC001_WF_AllValidUser_NoCondition - Clicked Menu CRM Setting
15:09:12.229 [main] INFO  testCases.WebForms.TC001_WF_AllValidUser_NoCondition - Clicked Menu User Access Control
15:09:23.289 [main] INFO  testCases.WebForms.TC001_WF_AllValidUser_NoCondition - Clicked Avatar
15:09:27.155 [main] INFO  testCases.WebForms.TC001_WF_AllValidUser_NoCondition - Clicked Menu CRM Setting
15:09:29.522 [main] INFO  testCases.WebForms.TC001_WF_AllValidUser_NoCondition - Clicked Menu User Access Control
15:09:40.199 [main] INFO  testCases.WebForms.TC001_WF_AllValidUser_NoCondition - Clicked Avatar
15:09:43.868 [main] INFO  testCases.WebForms.TC001_WF_AllValidUser_NoCondition - Clicked Menu CRM Setting
15:09:44.004 [main] INFO  testCases.WebForms.TC001_WF_AllValidUser_NoCondition - Clicked Integration
15:11:50.089 [main] INFO  testCases.WebForms.TC001_WF_AllValidUser_NoCondition - Test Execution on Browser: chrome
15:11:50.183 [main] INFO  testCases.WebForms.TC001_WF_AllValidUser_NoCondition - Excel file Utility instance created
15:11:51.745 [main] INFO  testCases.WebForms.TC001_WF_AllValidUser_NoCondition - Row Count is: 1
15:11:51.859 [main] INFO  testCases.WebForms.TC001_WF_AllValidUser_NoCondition - Col Count is: 26
15:11:51.861 [main] INFO  testCases.WebForms.TC001_WF_AllValidUser_NoCondition - Extracting DataSheet Values started...
15:11:57.796 [main] INFO  utilities.UtilityCustomFunctions - PRIYAN entered in  input
15:11:59.480 [main] INFO  utilities.UtilityCustomFunctions - rsoft entered in  input
15:12:01.252 [main] INFO  utilities.UtilityCustomFunctions - RSoft!@345 entered in  input
15:12:11.829 [main] INFO  testCases.WebForms.TC001_WF_AllValidUser_NoCondition - Clicked Avatar
15:12:15.846 [main] INFO  testCases.WebForms.TC001_WF_AllValidUser_NoCondition - Clicked Menu CRM Setting
15:12:18.065 [main] INFO  testCases.WebForms.TC001_WF_AllValidUser_NoCondition - Clicked Menu User Access Control
15:12:28.880 [main] INFO  testCases.WebForms.TC001_WF_AllValidUser_NoCondition - Clicked Avatar
15:12:32.625 [main] INFO  testCases.WebForms.TC001_WF_AllValidUser_NoCondition - Clicked Menu CRM Setting
15:12:34.842 [main] INFO  testCases.WebForms.TC001_WF_AllValidUser_NoCondition - Clicked Menu User Access Control
15:12:45.493 [main] INFO  testCases.WebForms.TC001_WF_AllValidUser_NoCondition - Clicked Avatar
15:12:49.312 [main] INFO  testCases.WebForms.TC001_WF_AllValidUser_NoCondition - Clicked Menu CRM Setting
15:12:51.547 [main] INFO  testCases.WebForms.TC001_WF_AllValidUser_NoCondition - Clicked Menu User Access Control
15:13:02.541 [main] INFO  testCases.WebForms.TC001_WF_AllValidUser_NoCondition - Clicked Avatar
15:13:06.386 [main] INFO  testCases.WebForms.TC001_WF_AllValidUser_NoCondition - Clicked Menu CRM Setting
15:13:08.595 [main] INFO  testCases.WebForms.TC001_WF_AllValidUser_NoCondition - Clicked Menu User Access Control
15:13:19.583 [main] INFO  testCases.WebForms.TC001_WF_AllValidUser_NoCondition - Clicked Avatar
15:13:23.451 [main] INFO  testCases.WebForms.TC001_WF_AllValidUser_NoCondition - Clicked Menu CRM Setting
15:13:23.594 [main] INFO  testCases.WebForms.TC001_WF_AllValidUser_NoCondition - Clicked Integration
15:14:44.411 [main] INFO  testCases.WebForms.TC001_WF_AllValidUser_NoCondition - Test Execution on Browser: chrome
15:14:44.514 [main] INFO  testCases.WebForms.TC001_WF_AllValidUser_NoCondition - Excel file Utility instance created
15:14:45.910 [main] INFO  testCases.WebForms.TC001_WF_AllValidUser_NoCondition - Row Count is: 1
15:14:46.029 [main] INFO  testCases.WebForms.TC001_WF_AllValidUser_NoCondition - Col Count is: 26
15:14:46.029 [main] INFO  testCases.WebForms.TC001_WF_AllValidUser_NoCondition - Extracting DataSheet Values started...
15:14:52.612 [main] INFO  utilities.UtilityCustomFunctions - PRIYAN entered in  input
15:14:54.480 [main] INFO  utilities.UtilityCustomFunctions - rsoft entered in  input
15:14:56.398 [main] INFO  utilities.UtilityCustomFunctions - RSoft!@345 entered in  input
15:15:07.042 [main] INFO  testCases.WebForms.TC001_WF_AllValidUser_NoCondition - Clicked Avatar
15:15:11.083 [main] INFO  testCases.WebForms.TC001_WF_AllValidUser_NoCondition - Clicked Menu CRM Setting
15:15:13.363 [main] INFO  testCases.WebForms.TC001_WF_AllValidUser_NoCondition - Clicked Menu User Access Control
15:15:24.089 [main] INFO  testCases.WebForms.TC001_WF_AllValidUser_NoCondition - Clicked Avatar
15:15:28.262 [main] INFO  testCases.WebForms.TC001_WF_AllValidUser_NoCondition - Clicked Menu CRM Setting
15:15:30.546 [main] INFO  testCases.WebForms.TC001_WF_AllValidUser_NoCondition - Clicked Menu User Access Control
15:15:41.285 [main] INFO  testCases.WebForms.TC001_WF_AllValidUser_NoCondition - Clicked Avatar
15:15:45.370 [main] INFO  testCases.WebForms.TC001_WF_AllValidUser_NoCondition - Clicked Menu CRM Setting
15:15:47.594 [main] INFO  testCases.WebForms.TC001_WF_AllValidUser_NoCondition - Clicked Menu User Access Control
15:15:58.368 [main] INFO  testCases.WebForms.TC001_WF_AllValidUser_NoCondition - Clicked Avatar
15:16:02.264 [main] INFO  testCases.WebForms.TC001_WF_AllValidUser_NoCondition - Clicked Menu CRM Setting
15:16:04.504 [main] INFO  testCases.WebForms.TC001_WF_AllValidUser_NoCondition - Clicked Menu User Access Control
15:16:15.710 [main] INFO  testCases.WebForms.TC001_WF_AllValidUser_NoCondition - Clicked Avatar
15:16:19.654 [main] INFO  testCases.WebForms.TC001_WF_AllValidUser_NoCondition - Clicked Menu CRM Setting
15:16:19.840 [main] INFO  testCases.WebForms.TC001_WF_AllValidUser_NoCondition - Clicked Integration
15:16:32.038 [main] INFO  testCases.WebForms.TC001_WF_AllValidUser_NoCondition - [ETNotification Webform] is selected in List
15:25:43.302 [main] INFO  testCases.WebForms.TC001_WF_AllValidUser_NoCondition - Test Execution on Browser: chrome
15:25:43.399 [main] INFO  testCases.WebForms.TC001_WF_AllValidUser_NoCondition - Excel file Utility instance created
15:25:44.892 [main] INFO  testCases.WebForms.TC001_WF_AllValidUser_NoCondition - Row Count is: 1
15:25:44.998 [main] INFO  testCases.WebForms.TC001_WF_AllValidUser_NoCondition - Col Count is: 26
15:25:44.998 [main] INFO  testCases.WebForms.TC001_WF_AllValidUser_NoCondition - Extracting DataSheet Values started...
15:25:50.869 [main] INFO  utilities.UtilityCustomFunctions - PRIYAN entered in  input
15:25:52.627 [main] INFO  utilities.UtilityCustomFunctions - rsoft entered in  input
15:25:54.513 [main] INFO  utilities.UtilityCustomFunctions - RSoft!@345 entered in  input
15:26:05.451 [main] INFO  testCases.WebForms.TC001_WF_AllValidUser_NoCondition - Clicked Avatar
15:26:09.514 [main] INFO  testCases.WebForms.TC001_WF_AllValidUser_NoCondition - Clicked Menu CRM Setting
15:26:11.729 [main] INFO  testCases.WebForms.TC001_WF_AllValidUser_NoCondition - Clicked Menu User Access Control
15:26:22.625 [main] INFO  testCases.WebForms.TC001_WF_AllValidUser_NoCondition - Clicked Avatar
15:26:26.360 [main] INFO  testCases.WebForms.TC001_WF_AllValidUser_NoCondition - Clicked Menu CRM Setting
15:26:28.599 [main] INFO  testCases.WebForms.TC001_WF_AllValidUser_NoCondition - Clicked Menu User Access Control
15:26:39.517 [main] INFO  testCases.WebForms.TC001_WF_AllValidUser_NoCondition - Clicked Avatar
15:26:43.516 [main] INFO  testCases.WebForms.TC001_WF_AllValidUser_NoCondition - Clicked Menu CRM Setting
15:26:45.742 [main] INFO  testCases.WebForms.TC001_WF_AllValidUser_NoCondition - Clicked Menu User Access Control
15:26:56.590 [main] INFO  testCases.WebForms.TC001_WF_AllValidUser_NoCondition - Clicked Avatar
15:27:00.479 [main] INFO  testCases.WebForms.TC001_WF_AllValidUser_NoCondition - Clicked Menu CRM Setting
15:27:02.689 [main] INFO  testCases.WebForms.TC001_WF_AllValidUser_NoCondition - Clicked Menu User Access Control
15:27:13.624 [main] INFO  testCases.WebForms.TC001_WF_AllValidUser_NoCondition - Clicked Avatar
15:27:17.517 [main] INFO  testCases.WebForms.TC001_WF_AllValidUser_NoCondition - Clicked Menu CRM Setting
15:27:17.703 [main] INFO  testCases.WebForms.TC001_WF_AllValidUser_NoCondition - Clicked Integration
15:27:29.488 [main] INFO  testCases.WebForms.TC001_WF_AllValidUser_NoCondition - [ETNotification Webform] is selected in List
15:45:04.650 [main] INFO  testCases.WebForms.TC001_WF_AllValidUser_NoCondition - Test Execution on Browser: chrome
15:45:04.769 [main] INFO  testCases.WebForms.TC001_WF_AllValidUser_NoCondition - Excel file Utility instance created
15:45:06.501 [main] INFO  testCases.WebForms.TC001_WF_AllValidUser_NoCondition - Row Count is: 1
15:45:06.631 [main] INFO  testCases.WebForms.TC001_WF_AllValidUser_NoCondition - Col Count is: 26
15:45:06.632 [main] INFO  testCases.WebForms.TC001_WF_AllValidUser_NoCondition - Extracting DataSheet Values started...
15:45:13.253 [main] INFO  utilities.UtilityCustomFunctions - PRIYAN entered in  input
15:45:15.133 [main] INFO  utilities.UtilityCustomFunctions - rsoft entered in  input
15:45:17.022 [main] INFO  utilities.UtilityCustomFunctions - RSoft!@345 entered in  input
15:45:28.478 [main] INFO  testCases.WebForms.TC001_WF_AllValidUser_NoCondition - Clicked Avatar
15:45:32.684 [main] INFO  testCases.WebForms.TC001_WF_AllValidUser_NoCondition - Clicked Menu CRM Setting
15:45:34.967 [main] INFO  testCases.WebForms.TC001_WF_AllValidUser_NoCondition - Clicked Menu User Access Control
15:45:46.346 [main] INFO  testCases.WebForms.TC001_WF_AllValidUser_NoCondition - Clicked Avatar
15:45:50.598 [main] INFO  testCases.WebForms.TC001_WF_AllValidUser_NoCondition - Clicked Menu CRM Setting
15:45:52.867 [main] INFO  testCases.WebForms.TC001_WF_AllValidUser_NoCondition - Clicked Menu User Access Control
15:46:04.780 [main] INFO  testCases.WebForms.TC001_WF_AllValidUser_NoCondition - Clicked Avatar
15:46:08.611 [main] INFO  testCases.WebForms.TC001_WF_AllValidUser_NoCondition - Clicked Menu CRM Setting
15:46:10.871 [main] INFO  testCases.WebForms.TC001_WF_AllValidUser_NoCondition - Clicked Menu User Access Control
15:46:22.310 [main] INFO  testCases.WebForms.TC001_WF_AllValidUser_NoCondition - Clicked Avatar
15:46:26.441 [main] INFO  testCases.WebForms.TC001_WF_AllValidUser_NoCondition - Clicked Menu CRM Setting
15:46:28.704 [main] INFO  testCases.WebForms.TC001_WF_AllValidUser_NoCondition - Clicked Menu User Access Control
15:46:39.694 [main] INFO  testCases.WebForms.TC001_WF_AllValidUser_NoCondition - Clicked Avatar
15:46:45.847 [main] INFO  testCases.WebForms.TC001_WF_AllValidUser_NoCondition - Clicked Menu CRM Setting
15:46:46.007 [main] INFO  testCases.WebForms.TC001_WF_AllValidUser_NoCondition - Clicked Integration
15:46:57.979 [main] INFO  testCases.WebForms.TC001_WF_AllValidUser_NoCondition - [ETNotification Webform] is selected in List
16:01:38.487 [main] INFO  testCases.WebForms.TC001_WF_AllValidUser_NoCondition - Test Execution on Browser: chrome
16:01:38.629 [main] INFO  testCases.WebForms.TC001_WF_AllValidUser_NoCondition - Excel file Utility instance created
16:01:40.180 [main] INFO  testCases.WebForms.TC001_WF_AllValidUser_NoCondition - Row Count is: 1
16:01:40.276 [main] INFO  testCases.WebForms.TC001_WF_AllValidUser_NoCondition - Col Count is: 26
16:01:40.276 [main] INFO  testCases.WebForms.TC001_WF_AllValidUser_NoCondition - Extracting DataSheet Values started...
16:01:46.580 [main] INFO  utilities.UtilityCustomFunctions - PRIYAN entered in  input
16:01:48.646 [main] INFO  utilities.UtilityCustomFunctions - rsoft entered in  input
16:01:50.671 [main] INFO  utilities.UtilityCustomFunctions - RSoft!@345 entered in  input
16:02:01.476 [main] INFO  testCases.WebForms.TC001_WF_AllValidUser_NoCondition - Clicked Avatar
16:02:05.593 [main] INFO  testCases.WebForms.TC001_WF_AllValidUser_NoCondition - Clicked Menu CRM Setting
16:02:07.814 [main] INFO  testCases.WebForms.TC001_WF_AllValidUser_NoCondition - Clicked Menu User Access Control
16:02:21.090 [main] INFO  testCases.WebForms.TC001_WF_AllValidUser_NoCondition - Clicked Avatar
16:02:24.963 [main] INFO  testCases.WebForms.TC001_WF_AllValidUser_NoCondition - Clicked Menu CRM Setting
16:02:27.196 [main] INFO  testCases.WebForms.TC001_WF_AllValidUser_NoCondition - Clicked Menu User Access Control
16:02:38.456 [main] INFO  testCases.WebForms.TC001_WF_AllValidUser_NoCondition - Clicked Avatar
16:02:42.316 [main] INFO  testCases.WebForms.TC001_WF_AllValidUser_NoCondition - Clicked Menu CRM Setting
16:02:44.527 [main] INFO  testCases.WebForms.TC001_WF_AllValidUser_NoCondition - Clicked Menu User Access Control
16:02:55.719 [main] INFO  testCases.WebForms.TC001_WF_AllValidUser_NoCondition - Clicked Avatar
16:02:59.672 [main] INFO  testCases.WebForms.TC001_WF_AllValidUser_NoCondition - Clicked Menu CRM Setting
16:03:01.898 [main] INFO  testCases.WebForms.TC001_WF_AllValidUser_NoCondition - Clicked Menu User Access Control
16:03:13.615 [main] INFO  testCases.WebForms.TC001_WF_AllValidUser_NoCondition - Clicked Avatar
16:03:17.791 [main] INFO  testCases.WebForms.TC001_WF_AllValidUser_NoCondition - Clicked Menu CRM Setting
16:03:17.948 [main] INFO  testCases.WebForms.TC001_WF_AllValidUser_NoCondition - Clicked Integration
16:03:30.754 [main] INFO  testCases.WebForms.TC001_WF_AllValidUser_NoCondition - [ETNotification Webform] is selected in List
16:21:48.885 [main] INFO  testCases.WebForms.TC001_WF_AllValidUser_NoCondition - Test Execution on Browser: chrome
16:21:49.407 [main] INFO  testCases.WebForms.TC001_WF_AllValidUser_NoCondition - Excel file Utility instance created
16:21:51.296 [main] INFO  testCases.WebForms.TC001_WF_AllValidUser_NoCondition - Row Count is: 1
16:21:51.477 [main] INFO  testCases.WebForms.TC001_WF_AllValidUser_NoCondition - Col Count is: 26
16:21:51.478 [main] INFO  testCases.WebForms.TC001_WF_AllValidUser_NoCondition - Extracting DataSheet Values started...
16:22:06.278 [main] INFO  testCases.WebForms.TC001_WF_AllValidUser_NoCondition - Test Execution on Browser: chrome
16:22:06.384 [main] INFO  testCases.WebForms.TC001_WF_AllValidUser_NoCondition - Excel file Utility instance created
16:22:07.857 [main] INFO  testCases.WebForms.TC001_WF_AllValidUser_NoCondition - Row Count is: 1
16:22:08.175 [main] INFO  testCases.WebForms.TC001_WF_AllValidUser_NoCondition - Col Count is: 26
16:22:08.175 [main] INFO  testCases.WebForms.TC001_WF_AllValidUser_NoCondition - Extracting DataSheet Values started...
16:22:16.847 [main] INFO  utilities.UtilityCustomFunctions - PRIYAN entered in  input
16:22:18.617 [main] INFO  utilities.UtilityCustomFunctions - rsoft entered in  input
16:22:20.240 [main] INFO  utilities.UtilityCustomFunctions - RSoft!@345 entered in  input
16:22:33.579 [main] INFO  testCases.WebForms.TC001_WF_AllValidUser_NoCondition - Clicked Avatar
16:22:37.807 [main] INFO  testCases.WebForms.TC001_WF_AllValidUser_NoCondition - Clicked Menu CRM Setting
16:22:40.114 [main] INFO  testCases.WebForms.TC001_WF_AllValidUser_NoCondition - Clicked Menu User Access Control
16:22:50.884 [main] INFO  testCases.WebForms.TC001_WF_AllValidUser_NoCondition - Clicked Avatar
16:22:54.689 [main] INFO  testCases.WebForms.TC001_WF_AllValidUser_NoCondition - Clicked Menu CRM Setting
16:22:56.937 [main] INFO  testCases.WebForms.TC001_WF_AllValidUser_NoCondition - Clicked Menu User Access Control
16:23:07.882 [main] INFO  testCases.WebForms.TC001_WF_AllValidUser_NoCondition - Clicked Avatar
16:23:11.944 [main] INFO  testCases.WebForms.TC001_WF_AllValidUser_NoCondition - Clicked Menu CRM Setting
16:23:14.159 [main] INFO  testCases.WebForms.TC001_WF_AllValidUser_NoCondition - Clicked Menu User Access Control
16:23:24.896 [main] INFO  testCases.WebForms.TC001_WF_AllValidUser_NoCondition - Clicked Avatar
16:23:28.791 [main] INFO  testCases.WebForms.TC001_WF_AllValidUser_NoCondition - Clicked Menu CRM Setting
16:23:31.028 [main] INFO  testCases.WebForms.TC001_WF_AllValidUser_NoCondition - Clicked Menu User Access Control
16:23:41.917 [main] INFO  testCases.WebForms.TC001_WF_AllValidUser_NoCondition - Clicked Avatar
16:23:45.817 [main] INFO  testCases.WebForms.TC001_WF_AllValidUser_NoCondition - Clicked Menu CRM Setting
16:23:45.955 [main] INFO  testCases.WebForms.TC001_WF_AllValidUser_NoCondition - Clicked Integration
16:23:57.742 [main] INFO  testCases.WebForms.TC001_WF_AllValidUser_NoCondition - [ETNotification Webform] is selected in List
16:26:16.394 [main] INFO  testCases.WebForms.TC001_WF_AllValidUser_NoCondition - Test Execution on Browser: chrome
16:26:16.503 [main] INFO  testCases.WebForms.TC001_WF_AllValidUser_NoCondition - Excel file Utility instance created
16:26:18.135 [main] INFO  testCases.WebForms.TC001_WF_AllValidUser_NoCondition - Row Count is: 1
16:26:18.264 [main] INFO  testCases.WebForms.TC001_WF_AllValidUser_NoCondition - Col Count is: 26
16:26:18.264 [main] INFO  testCases.WebForms.TC001_WF_AllValidUser_NoCondition - Extracting DataSheet Values started...
16:26:25.551 [main] INFO  utilities.UtilityCustomFunctions - PRIYAN entered in  input
16:26:27.519 [main] INFO  utilities.UtilityCustomFunctions - rsoft entered in  input
16:26:29.693 [main] INFO  utilities.UtilityCustomFunctions - RSoft!@345 entered in  input
16:26:40.346 [main] INFO  testCases.WebForms.TC001_WF_AllValidUser_NoCondition - Clicked Avatar
16:26:44.469 [main] INFO  testCases.WebForms.TC001_WF_AllValidUser_NoCondition - Clicked Menu CRM Setting
16:26:46.675 [main] INFO  testCases.WebForms.TC001_WF_AllValidUser_NoCondition - Clicked Menu User Access Control
16:26:58.703 [main] INFO  testCases.WebForms.TC001_WF_AllValidUser_NoCondition - Clicked Avatar
16:27:02.530 [main] INFO  testCases.WebForms.TC001_WF_AllValidUser_NoCondition - Clicked Menu CRM Setting
16:27:04.743 [main] INFO  testCases.WebForms.TC001_WF_AllValidUser_NoCondition - Clicked Menu User Access Control
16:27:16.207 [main] INFO  testCases.WebForms.TC001_WF_AllValidUser_NoCondition - Clicked Avatar
16:27:20.129 [main] INFO  testCases.WebForms.TC001_WF_AllValidUser_NoCondition - Clicked Menu CRM Setting
16:27:22.366 [main] INFO  testCases.WebForms.TC001_WF_AllValidUser_NoCondition - Clicked Menu User Access Control
16:27:34.152 [main] INFO  testCases.WebForms.TC001_WF_AllValidUser_NoCondition - Clicked Avatar
16:27:38.307 [main] INFO  testCases.WebForms.TC001_WF_AllValidUser_NoCondition - Clicked Menu CRM Setting
16:27:40.513 [main] INFO  testCases.WebForms.TC001_WF_AllValidUser_NoCondition - Clicked Menu User Access Control
16:27:51.678 [main] INFO  testCases.WebForms.TC001_WF_AllValidUser_NoCondition - Clicked Avatar
16:27:55.586 [main] INFO  testCases.WebForms.TC001_WF_AllValidUser_NoCondition - Clicked Menu CRM Setting
16:27:55.721 [main] INFO  testCases.WebForms.TC001_WF_AllValidUser_NoCondition - Clicked Integration
16:28:07.972 [main] INFO  testCases.WebForms.TC001_WF_AllValidUser_NoCondition - [ETNotification Webform] is selected in List
16:37:52.894 [main] INFO  testCases.WebForms.TC001_WF_AllValidUser_NoCondition - Test Execution on Browser: chrome
16:37:52.995 [main] INFO  testCases.WebForms.TC001_WF_AllValidUser_NoCondition - Excel file Utility instance created
16:37:54.604 [main] INFO  testCases.WebForms.TC001_WF_AllValidUser_NoCondition - Row Count is: 1
16:37:54.734 [main] INFO  testCases.WebForms.TC001_WF_AllValidUser_NoCondition - Col Count is: 26
16:37:54.740 [main] INFO  testCases.WebForms.TC001_WF_AllValidUser_NoCondition - Extracting DataSheet Values started...
16:38:00.631 [main] INFO  utilities.UtilityCustomFunctions - PRIYAN entered in  input
16:38:02.650 [main] INFO  utilities.UtilityCustomFunctions - rsoft entered in  input
16:38:04.636 [main] INFO  utilities.UtilityCustomFunctions - RSoft!@345 entered in  input
16:38:15.139 [main] INFO  testCases.WebForms.TC001_WF_AllValidUser_NoCondition - Clicked Avatar
16:38:19.247 [main] INFO  testCases.WebForms.TC001_WF_AllValidUser_NoCondition - Clicked Menu CRM Setting
16:38:21.492 [main] INFO  testCases.WebForms.TC001_WF_AllValidUser_NoCondition - Clicked Menu User Access Control
16:38:32.954 [main] INFO  testCases.WebForms.TC001_WF_AllValidUser_NoCondition - Clicked Avatar
16:38:36.811 [main] INFO  testCases.WebForms.TC001_WF_AllValidUser_NoCondition - Clicked Menu CRM Setting
16:38:39.019 [main] INFO  testCases.WebForms.TC001_WF_AllValidUser_NoCondition - Clicked Menu User Access Control
16:38:49.801 [main] INFO  testCases.WebForms.TC001_WF_AllValidUser_NoCondition - Clicked Avatar
16:38:53.719 [main] INFO  testCases.WebForms.TC001_WF_AllValidUser_NoCondition - Clicked Menu CRM Setting
16:38:55.929 [main] INFO  testCases.WebForms.TC001_WF_AllValidUser_NoCondition - Clicked Menu User Access Control
16:39:07.016 [main] INFO  testCases.WebForms.TC001_WF_AllValidUser_NoCondition - Clicked Avatar
