17:12:28.944 [main] INFO  utilities.UtilityCustomFunctions - Actual:Please type your phone number *
17:12:28.944 [main] INFO  utilities.UtilityCustomFunctions - Expected:Please type your phone number *
17:12:28.944 [main] INFO  utilities.UtilityCustomFunctions - Message:Phone Number Control Title
17:12:30.362 [main] INFO  testCases.WebForms.TC005_WF_RRUserYN_OneConditionYN - Validation of PhoneNumber Control Title
17:12:32.762 [main] INFO  testCases.WebForms.TC005_WF_RRUserYN_OneConditionYN - Phone Number Conrol Present
17:12:33.612 [main] INFO  utilities.UtilityCustomFunctions - 9840022196 entered in  input
17:12:35.044 [main] INFO  testCases.WebForms.TC005_WF_RRUserYN_OneConditionYN - Phone Number Entered
17:12:36.290 [main] INFO  testCases.WebForms.TC005_WF_RRUserYN_OneConditionYN - PhoneNumber Next Clicked
17:12:40.776 [main] INFO  testCases.WebForms.TC005_WF_RRUserYN_OneConditionYN - Email Control Present
17:12:40.807 [main] INFO  utilities.UtilityCustomFunctions - Email Control Title :  What is your email address? *
17:12:40.807 [main] INFO  utilities.UtilityCustomFunctions - Actual:What is your email address? *
17:12:40.807 [main] INFO  utilities.UtilityCustomFunctions - Expected:What is your email address? *
17:12:40.807 [main] INFO  utilities.UtilityCustomFunctions - Message:Email Control Title
17:12:42.228 [main] INFO  testCases.WebForms.TC005_WF_RRUserYN_OneConditionYN - Validation of Email Control Title
17:12:42.692 [main] INFO  utilities.UtilityCustomFunctions - Julia@rsoft.in entered in  input
17:12:42.708 [main] INFO  testCases.WebForms.TC005_WF_RRUserYN_OneConditionYN - Email Id Entered
17:12:44.316 [main] INFO  testCases.WebForms.TC005_WF_RRUserYN_OneConditionYN - Email Next Clicked
17:12:47.093 [main] INFO  testCases.WebForms.TC005_WF_RRUserYN_OneConditionYN - Text Question Conrol Present
17:12:47.124 [main] INFO  utilities.UtilityCustomFunctions - Text Question Choice Control Title :  Please type an answer ..! *
17:12:47.124 [main] INFO  utilities.UtilityCustomFunctions - Actual:Please type an answer ..! *
17:12:47.124 [main] INFO  utilities.UtilityCustomFunctions - Expected:Please type an answer ..! *
17:12:47.124 [main] INFO  utilities.UtilityCustomFunctions - Message:TextQuestion Control Title
17:12:48.529 [main] INFO  testCases.WebForms.TC005_WF_RRUserYN_OneConditionYN - Validation of TextQuestion Control Title
17:12:49.166 [main] INFO  utilities.UtilityCustomFunctions - Welcome to Automation World...! entered in  textarea
17:12:49.183 [main] INFO  testCases.WebForms.TC005_WF_RRUserYN_OneConditionYN - Text Entered in TextAnswer Control
17:12:50.747 [main] INFO  testCases.WebForms.TC005_WF_RRUserYN_OneConditionYN - Text Question Next Clicked
17:12:53.945 [main] INFO  utilities.UtilityCustomFunctions - MS Control Title :  Select your choices..! *
17:12:53.945 [main] INFO  utilities.UtilityCustomFunctions -  Select your choices..! *
17:12:53.945 [main] INFO  utilities.UtilityCustomFunctions - Actual:Select your choices..! *
17:12:53.945 [main] INFO  utilities.UtilityCustomFunctions - Expected:Select your choices..! *
17:12:53.945 [main] INFO  utilities.UtilityCustomFunctions - Message:MultiSelect Control Title
17:12:55.377 [main] INFO  testCases.WebForms.TC005_WF_RRUserYN_OneConditionYN - Validation of MultiSelect Control Title
17:12:55.377 [main] INFO  utilities.UtilityCustomFunctions - MultiSelect Value:one
17:12:55.481 [main] INFO  utilities.UtilityCustomFunctions - MultiSelect Drop Down Button Clicked
17:12:55.481 [main] INFO  utilities.UtilityCustomFunctions - Expected MultiSelect Value count: 1
17:12:55.481 [main] INFO  utilities.UtilityCustomFunctions - Items in Multiselect Count: 5
17:12:57.554 [main] INFO  utilities.UtilityCustomFunctions - Item Selected in MultiSelect: one
17:13:03.282 [main] INFO  testCases.WebForms.TC005_WF_RRUserYN_OneConditionYN - MultiSelect Value Selected
17:13:04.882 [main] INFO  testCases.WebForms.TC005_WF_RRUserYN_OneConditionYN - MultiSelect Next Clicked
17:13:08.091 [main] INFO  testCases.WebForms.TC005_WF_RRUserYN_OneConditionYN -  Select an option..! *Actual Title 
17:13:08.091 [main] INFO  utilities.UtilityCustomFunctions - Multi Choice Control Title :  Select an option..! *
17:13:08.091 [main] INFO  utilities.UtilityCustomFunctions - Actual:Select an option..! *
17:13:08.091 [main] INFO  utilities.UtilityCustomFunctions - Expected:Select an option..! *
17:13:08.091 [main] INFO  utilities.UtilityCustomFunctions - Message:MultiChoice Control Title
17:13:12.841 [main] INFO  testCases.WebForms.TC005_WF_RRUserYN_OneConditionYN - [Tamilnadu] is selected in List
17:13:12.841 [main] INFO  testCases.WebForms.TC005_WF_RRUserYN_OneConditionYN - MultiChoice Item Selected
17:13:17.497 [main] INFO  testCases.WebForms.TC005_WF_RRUserYN_OneConditionYN - MultiChoice Next Clicked
17:13:34.749 [main] INFO  utilities.UtilityCustomFunctions - Actual:Yakub Dennis
17:13:34.749 [main] INFO  utilities.UtilityCustomFunctions - Expected:Yakub Dennis
17:13:34.750 [main] INFO  utilities.UtilityCustomFunctions - Message:AssignedTo Value
17:13:35.961 [main] INFO  utilities.UtilityCustomFunctions - Actual:+91
17:13:35.961 [main] INFO  utilities.UtilityCustomFunctions - Expected:+91
17:13:35.961 [main] INFO  utilities.UtilityCustomFunctions - Message:Mobile Number Prefix
17:13:37.228 [main] INFO  utilities.UtilityCustomFunctions - Actual:9840022196
17:13:37.244 [main] INFO  utilities.UtilityCustomFunctions - Expected:9840022196
17:13:37.244 [main] INFO  utilities.UtilityCustomFunctions - Message:Mobile Number
17:13:38.459 [main] INFO  utilities.UtilityCustomFunctions - Actual:Julia@rsoft.in
17:13:38.459 [main] INFO  utilities.UtilityCustomFunctions - Expected:Julia@rsoft.in
17:13:38.459 [main] INFO  utilities.UtilityCustomFunctions - Message:Email
17:13:39.710 [main] INFO  utilities.UtilityCustomFunctions - Actual:Welcome to Automation World...!
17:13:39.710 [main] INFO  utilities.UtilityCustomFunctions - Expected:Welcome to Automation World...!
17:13:39.710 [main] INFO  utilities.UtilityCustomFunctions - Message:Text
17:13:40.980 [main] INFO  utilities.UtilityCustomFunctions - Actual:one
17:13:40.980 [main] INFO  utilities.UtilityCustomFunctions - Expected:one
17:13:40.980 [main] INFO  utilities.UtilityCustomFunctions - Message:MultiSelect
17:13:42.228 [main] INFO  utilities.UtilityCustomFunctions - Actual:Tamilnadu
17:13:42.228 [main] INFO  utilities.UtilityCustomFunctions - Expected:Tamilnadu
17:13:42.228 [main] INFO  utilities.UtilityCustomFunctions - Message:MultiChoice State
17:13:53.798 [main] INFO  testCases.WebForms.TC005_WF_RRUserYN_OneConditionYN - Excel file Utility instance created
17:13:53.813 [main] INFO  testCases.WebForms.TC005_WF_RRUserYN_OneConditionYN - Row Count is: 9
17:13:53.844 [main] INFO  testCases.WebForms.TC005_WF_RRUserYN_OneConditionYN - Col Count is: 15
17:13:53.844 [main] INFO  testCases.WebForms.TC005_WF_RRUserYN_OneConditionYN - Extracting DataSheet Values started...
17:13:58.645 [main] INFO  testCases.WebForms.TC005_WF_RRUserYN_OneConditionYN - Survey Form Url Launched..
17:14:00.123 [main] INFO  testCases.WebForms.TC005_WF_RRUserYN_OneConditionYN - Build Url Pass
17:14:00.311 [main] INFO  utilities.UtilityCustomFunctions - PN Control Title :  Please type your phone number *
17:14:00.311 [main] INFO  utilities.UtilityCustomFunctions - Actual:Please type your phone number *
17:14:00.311 [main] INFO  utilities.UtilityCustomFunctions - Expected:Please type your phone number *
17:14:00.311 [main] INFO  utilities.UtilityCustomFunctions - Message:Phone Number Control Title
17:14:01.804 [main] INFO  testCases.WebForms.TC005_WF_RRUserYN_OneConditionYN - Validation of PhoneNumber Control Title
17:14:04.337 [main] INFO  testCases.WebForms.TC005_WF_RRUserYN_OneConditionYN - Phone Number Conrol Present
17:14:04.945 [main] INFO  utilities.UtilityCustomFunctions - 9840036579 entered in  input
17:14:06.439 [main] INFO  testCases.WebForms.TC005_WF_RRUserYN_OneConditionYN - Phone Number Entered
17:14:07.697 [main] INFO  testCases.WebForms.TC005_WF_RRUserYN_OneConditionYN - PhoneNumber Next Clicked
17:14:12.271 [main] INFO  testCases.WebForms.TC005_WF_RRUserYN_OneConditionYN - Email Control Present
17:14:12.302 [main] INFO  utilities.UtilityCustomFunctions - Email Control Title :  What is your email address? *
17:14:12.302 [main] INFO  utilities.UtilityCustomFunctions - Actual:What is your email address? *
17:14:12.302 [main] INFO  utilities.UtilityCustomFunctions - Expected:What is your email address? *
17:14:12.302 [main] INFO  utilities.UtilityCustomFunctions - Message:Email Control Title
17:14:13.774 [main] INFO  testCases.WebForms.TC005_WF_RRUserYN_OneConditionYN - Validation of Email Control Title
17:14:14.240 [main] INFO  utilities.UtilityCustomFunctions - Grace@rsoft.in entered in  input
17:14:14.256 [main] INFO  testCases.WebForms.TC005_WF_RRUserYN_OneConditionYN - Email Id Entered
17:14:15.901 [main] INFO  testCases.WebForms.TC005_WF_RRUserYN_OneConditionYN - Email Next Clicked
17:14:18.736 [main] INFO  testCases.WebForms.TC005_WF_RRUserYN_OneConditionYN - Text Question Conrol Present
17:14:18.768 [main] INFO  utilities.UtilityCustomFunctions - Text Question Choice Control Title :  Please type an answer ..! *
17:14:18.768 [main] INFO  utilities.UtilityCustomFunctions - Actual:Please type an answer ..! *
17:14:18.768 [main] INFO  utilities.UtilityCustomFunctions - Expected:Please type an answer ..! *
17:14:18.768 [main] INFO  utilities.UtilityCustomFunctions - Message:TextQuestion Control Title
17:14:20.255 [main] INFO  testCases.WebForms.TC005_WF_RRUserYN_OneConditionYN - Validation of TextQuestion Control Title
17:14:20.932 [main] INFO  utilities.UtilityCustomFunctions - Welcome to Automation World...! entered in  textarea
17:14:20.967 [main] INFO  testCases.WebForms.TC005_WF_RRUserYN_OneConditionYN - Text Entered in TextAnswer Control
17:14:22.596 [main] INFO  testCases.WebForms.TC005_WF_RRUserYN_OneConditionYN - Text Question Next Clicked
17:14:25.779 [main] INFO  utilities.UtilityCustomFunctions - MS Control Title :  Select your choices..! *
17:14:25.779 [main] INFO  utilities.UtilityCustomFunctions -  Select your choices..! *
17:14:25.779 [main] INFO  utilities.UtilityCustomFunctions - Actual:Select your choices..! *
17:14:25.779 [main] INFO  utilities.UtilityCustomFunctions - Expected:Select your choices..! *
17:14:25.779 [main] INFO  utilities.UtilityCustomFunctions - Message:MultiSelect Control Title
17:14:27.289 [main] INFO  testCases.WebForms.TC005_WF_RRUserYN_OneConditionYN - Validation of MultiSelect Control Title
17:14:27.289 [main] INFO  utilities.UtilityCustomFunctions - MultiSelect Value:two
17:14:27.398 [main] INFO  utilities.UtilityCustomFunctions - MultiSelect Drop Down Button Clicked
17:14:27.398 [main] INFO  utilities.UtilityCustomFunctions - Expected MultiSelect Value count: 1
17:14:27.398 [main] INFO  utilities.UtilityCustomFunctions - Items in Multiselect Count: 5
17:14:30.538 [main] INFO  utilities.UtilityCustomFunctions - Item Selected in MultiSelect: two
17:14:35.029 [main] INFO  testCases.WebForms.TC005_WF_RRUserYN_OneConditionYN - MultiSelect Value Selected
17:14:36.686 [main] INFO  testCases.WebForms.TC005_WF_RRUserYN_OneConditionYN - MultiSelect Next Clicked
17:14:39.898 [main] INFO  testCases.WebForms.TC005_WF_RRUserYN_OneConditionYN -  Select an option..! *Actual Title 
17:14:39.898 [main] INFO  utilities.UtilityCustomFunctions - Multi Choice Control Title :  Select an option..! *
17:14:39.898 [main] INFO  utilities.UtilityCustomFunctions - Actual:Select an option..! *
17:14:39.898 [main] INFO  utilities.UtilityCustomFunctions - Expected:Select an option..! *
17:14:39.898 [main] INFO  utilities.UtilityCustomFunctions - Message:MultiChoice Control Title
17:14:44.668 [main] INFO  testCases.WebForms.TC005_WF_RRUserYN_OneConditionYN - [Bihar] is selected in List
17:14:44.669 [main] INFO  testCases.WebForms.TC005_WF_RRUserYN_OneConditionYN - MultiChoice Item Selected
17:14:49.411 [main] INFO  testCases.WebForms.TC005_WF_RRUserYN_OneConditionYN - MultiChoice Next Clicked
17:15:07.232 [main] INFO  utilities.UtilityCustomFunctions - Actual:White Raymond
17:15:07.232 [main] INFO  utilities.UtilityCustomFunctions - Expected:White Raymond
17:15:07.232 [main] INFO  utilities.UtilityCustomFunctions - Message:AssignedTo Value
17:15:08.476 [main] INFO  utilities.UtilityCustomFunctions - Actual:+91
17:15:08.476 [main] INFO  utilities.UtilityCustomFunctions - Expected:+91
17:15:08.476 [main] INFO  utilities.UtilityCustomFunctions - Message:Mobile Number Prefix
17:15:09.727 [main] INFO  utilities.UtilityCustomFunctions - Actual:9840036579
17:15:09.727 [main] INFO  utilities.UtilityCustomFunctions - Expected:9840036579
17:15:09.727 [main] INFO  utilities.UtilityCustomFunctions - Message:Mobile Number
17:15:10.911 [main] INFO  utilities.UtilityCustomFunctions - Actual:Grace@rsoft.in
17:15:10.911 [main] INFO  utilities.UtilityCustomFunctions - Expected:Grace@rsoft.in
17:15:10.911 [main] INFO  utilities.UtilityCustomFunctions - Message:Email
17:15:12.111 [main] INFO  utilities.UtilityCustomFunctions - Actual:Welcome to Automation World...!
17:15:12.111 [main] INFO  utilities.UtilityCustomFunctions - Expected:Welcome to Automation World...!
17:15:12.111 [main] INFO  utilities.UtilityCustomFunctions - Message:Text
17:15:13.358 [main] INFO  utilities.UtilityCustomFunctions - Actual:two
17:15:13.358 [main] INFO  utilities.UtilityCustomFunctions - Expected:two
17:15:13.358 [main] INFO  utilities.UtilityCustomFunctions - Message:MultiSelect
17:15:14.559 [main] INFO  utilities.UtilityCustomFunctions - Actual:Bihar
17:15:14.559 [main] INFO  utilities.UtilityCustomFunctions - Expected:Bihar
17:15:14.559 [main] INFO  utilities.UtilityCustomFunctions - Message:MultiChoice State
17:15:26.192 [main] INFO  testCases.WebForms.TC005_WF_RRUserYN_OneConditionYN - Excel file Utility instance created
17:15:26.211 [main] INFO  testCases.WebForms.TC005_WF_RRUserYN_OneConditionYN - Row Count is: 9
17:15:26.242 [main] INFO  testCases.WebForms.TC005_WF_RRUserYN_OneConditionYN - Col Count is: 15
17:15:26.242 [main] INFO  testCases.WebForms.TC005_WF_RRUserYN_OneConditionYN - Extracting DataSheet Values started...
17:15:30.652 [main] INFO  testCases.WebForms.TC005_WF_RRUserYN_OneConditionYN - Survey Form Url Launched..
17:15:32.156 [main] INFO  testCases.WebForms.TC005_WF_RRUserYN_OneConditionYN - Build Url Pass
17:15:32.344 [main] INFO  utilities.UtilityCustomFunctions - PN Control Title :  Please type your phone number *
17:15:32.344 [main] INFO  utilities.UtilityCustomFunctions - Actual:Please type your phone number *
17:15:32.344 [main] INFO  utilities.UtilityCustomFunctions - Expected:Please type your phone number *
17:15:32.344 [main] INFO  utilities.UtilityCustomFunctions - Message:Phone Number Control Title
17:15:33.869 [main] INFO  testCases.WebForms.TC005_WF_RRUserYN_OneConditionYN - Validation of PhoneNumber Control Title
17:15:36.339 [main] INFO  testCases.WebForms.TC005_WF_RRUserYN_OneConditionYN - Phone Number Conrol Present
17:15:36.873 [main] INFO  utilities.UtilityCustomFunctions - 9840093161 entered in  input
17:15:38.384 [main] INFO  testCases.WebForms.TC005_WF_RRUserYN_OneConditionYN - Phone Number Entered
17:15:39.631 [main] INFO  testCases.WebForms.TC005_WF_RRUserYN_OneConditionYN - PhoneNumber Next Clicked
17:15:44.217 [main] INFO  testCases.WebForms.TC005_WF_RRUserYN_OneConditionYN - Email Control Present
17:15:44.264 [main] INFO  utilities.UtilityCustomFunctions - Email Control Title :  What is your email address? *
17:15:44.264 [main] INFO  utilities.UtilityCustomFunctions - Actual:What is your email address? *
17:15:44.264 [main] INFO  utilities.UtilityCustomFunctions - Expected:What is your email address? *
17:15:44.264 [main] INFO  utilities.UtilityCustomFunctions - Message:Email Control Title
17:15:45.713 [main] INFO  testCases.WebForms.TC005_WF_RRUserYN_OneConditionYN - Validation of Email Control Title
17:15:46.187 [main] INFO  utilities.UtilityCustomFunctions - Denise@rsoft.in entered in  input
17:15:46.203 [main] INFO  testCases.WebForms.TC005_WF_RRUserYN_OneConditionYN - Email Id Entered
17:15:47.833 [main] INFO  testCases.WebForms.TC005_WF_RRUserYN_OneConditionYN - Email Next Clicked
17:15:50.600 [main] INFO  testCases.WebForms.TC005_WF_RRUserYN_OneConditionYN - Text Question Conrol Present
17:15:50.632 [main] INFO  utilities.UtilityCustomFunctions - Text Question Choice Control Title :  Please type an answer ..! *
17:15:50.632 [main] INFO  utilities.UtilityCustomFunctions - Actual:Please type an answer ..! *
17:15:50.632 [main] INFO  utilities.UtilityCustomFunctions - Expected:Please type an answer ..! *
17:15:50.632 [main] INFO  utilities.UtilityCustomFunctions - Message:TextQuestion Control Title
17:15:52.104 [main] INFO  testCases.WebForms.TC005_WF_RRUserYN_OneConditionYN - Validation of TextQuestion Control Title
17:15:52.769 [main] INFO  utilities.UtilityCustomFunctions - Welcome to Automation World...! entered in  textarea
17:15:52.796 [main] INFO  testCases.WebForms.TC005_WF_RRUserYN_OneConditionYN - Text Entered in TextAnswer Control
17:15:54.399 [main] INFO  testCases.WebForms.TC005_WF_RRUserYN_OneConditionYN - Text Question Next Clicked
17:15:57.563 [main] INFO  utilities.UtilityCustomFunctions - MS Control Title :  Select your choices..! *
17:15:57.563 [main] INFO  utilities.UtilityCustomFunctions -  Select your choices..! *
17:15:57.563 [main] INFO  utilities.UtilityCustomFunctions - Actual:Select your choices..! *
17:15:57.563 [main] INFO  utilities.UtilityCustomFunctions - Expected:Select your choices..! *
17:15:57.563 [main] INFO  utilities.UtilityCustomFunctions - Message:MultiSelect Control Title
17:15:59.069 [main] INFO  testCases.WebForms.TC005_WF_RRUserYN_OneConditionYN - Validation of MultiSelect Control Title
17:15:59.069 [main] INFO  utilities.UtilityCustomFunctions - MultiSelect Value:one
17:15:59.187 [main] INFO  utilities.UtilityCustomFunctions - MultiSelect Drop Down Button Clicked
17:15:59.187 [main] INFO  utilities.UtilityCustomFunctions - Expected MultiSelect Value count: 1
17:15:59.187 [main] INFO  utilities.UtilityCustomFunctions - Items in Multiselect Count: 5
17:16:01.308 [main] INFO  utilities.UtilityCustomFunctions - Item Selected in MultiSelect: one
17:16:06.943 [main] INFO  testCases.WebForms.TC005_WF_RRUserYN_OneConditionYN - MultiSelect Value Selected
17:16:08.605 [main] INFO  testCases.WebForms.TC005_WF_RRUserYN_OneConditionYN - MultiSelect Next Clicked
17:16:11.818 [main] INFO  testCases.WebForms.TC005_WF_RRUserYN_OneConditionYN -  Select an option..! *Actual Title 
17:16:11.818 [main] INFO  utilities.UtilityCustomFunctions - Multi Choice Control Title :  Select an option..! *
17:16:11.818 [main] INFO  utilities.UtilityCustomFunctions - Actual:Select an option..! *
17:16:11.818 [main] INFO  utilities.UtilityCustomFunctions - Expected:Select an option..! *
17:16:11.818 [main] INFO  utilities.UtilityCustomFunctions - Message:MultiChoice Control Title
17:16:16.594 [main] INFO  testCases.WebForms.TC005_WF_RRUserYN_OneConditionYN - [Tamilnadu] is selected in List
17:16:16.594 [main] INFO  testCases.WebForms.TC005_WF_RRUserYN_OneConditionYN - MultiChoice Item Selected
17:16:21.370 [main] INFO  testCases.WebForms.TC005_WF_RRUserYN_OneConditionYN - MultiChoice Next Clicked
17:16:37.237 [main] INFO  utilities.UtilityCustomFunctions - Actual:Mary Tyler
17:16:37.237 [main] INFO  utilities.UtilityCustomFunctions - Expected:Mary Tyler
17:16:37.238 [main] INFO  utilities.UtilityCustomFunctions - Message:AssignedTo Value
17:16:38.508 [main] INFO  utilities.UtilityCustomFunctions - Actual:+91
17:16:38.508 [main] INFO  utilities.UtilityCustomFunctions - Expected:+91
17:16:38.508 [main] INFO  utilities.UtilityCustomFunctions - Message:Mobile Number Prefix
17:16:39.741 [main] INFO  utilities.UtilityCustomFunctions - Actual:9840093161
17:16:39.741 [main] INFO  utilities.UtilityCustomFunctions - Expected:9840093161
17:16:39.741 [main] INFO  utilities.UtilityCustomFunctions - Message:Mobile Number
17:16:40.940 [main] INFO  utilities.UtilityCustomFunctions - Actual:Denise@rsoft.in
17:16:40.940 [main] INFO  utilities.UtilityCustomFunctions - Expected:Denise@rsoft.in
17:16:40.940 [main] INFO  utilities.UtilityCustomFunctions - Message:Email
17:16:42.140 [main] INFO  utilities.UtilityCustomFunctions - Actual:Welcome to Automation World...!
17:16:42.140 [main] INFO  utilities.UtilityCustomFunctions - Expected:Welcome to Automation World...!
17:16:42.140 [main] INFO  utilities.UtilityCustomFunctions - Message:Text
17:16:43.324 [main] INFO  utilities.UtilityCustomFunctions - Actual:one
17:16:43.324 [main] INFO  utilities.UtilityCustomFunctions - Expected:one
17:16:43.324 [main] INFO  utilities.UtilityCustomFunctions - Message:MultiSelect
17:16:44.540 [main] INFO  utilities.UtilityCustomFunctions - Actual:Tamilnadu
17:16:44.540 [main] INFO  utilities.UtilityCustomFunctions - Expected:Tamilnadu
17:16:44.540 [main] INFO  utilities.UtilityCustomFunctions - Message:MultiChoice State
17:16:56.059 [main] INFO  testCases.WebForms.TC005_WF_RRUserYN_OneConditionYN - Excel file Utility instance created
17:16:56.093 [main] INFO  testCases.WebForms.TC005_WF_RRUserYN_OneConditionYN - Row Count is: 9
17:16:56.108 [main] INFO  testCases.WebForms.TC005_WF_RRUserYN_OneConditionYN - Col Count is: 15
17:16:56.108 [main] INFO  testCases.WebForms.TC005_WF_RRUserYN_OneConditionYN - Extracting DataSheet Values started...
17:17:00.038 [main] INFO  testCases.WebForms.TC005_WF_RRUserYN_OneConditionYN - Survey Form Url Launched..
17:17:01.517 [main] INFO  testCases.WebForms.TC005_WF_RRUserYN_OneConditionYN - Build Url Pass
17:17:01.699 [main] INFO  utilities.UtilityCustomFunctions - PN Control Title :  Please type your phone number *
17:17:01.699 [main] INFO  utilities.UtilityCustomFunctions - Actual:Please type your phone number *
17:17:01.699 [main] INFO  utilities.UtilityCustomFunctions - Expected:Please type your phone number *
17:17:01.699 [main] INFO  utilities.UtilityCustomFunctions - Message:Phone Number Control Title
17:17:03.170 [main] INFO  testCases.WebForms.TC005_WF_RRUserYN_OneConditionYN - Validation of PhoneNumber Control Title
17:17:05.653 [main] INFO  testCases.WebForms.TC005_WF_RRUserYN_OneConditionYN - Phone Number Conrol Present
17:17:06.126 [main] INFO  utilities.UtilityCustomFunctions - 9840050368 entered in  input
17:17:07.571 [main] INFO  testCases.WebForms.TC005_WF_RRUserYN_OneConditionYN - Phone Number Entered
17:17:08.818 [main] INFO  testCases.WebForms.TC005_WF_RRUserYN_OneConditionYN - PhoneNumber Next Clicked
17:17:13.400 [main] INFO  testCases.WebForms.TC005_WF_RRUserYN_OneConditionYN - Email Control Present
17:17:13.418 [main] INFO  utilities.UtilityCustomFunctions - Email Control Title :  What is your email address? *
17:17:13.418 [main] INFO  utilities.UtilityCustomFunctions - Actual:What is your email address? *
17:17:13.418 [main] INFO  utilities.UtilityCustomFunctions - Expected:What is your email address? *
17:17:13.418 [main] INFO  utilities.UtilityCustomFunctions - Message:Email Control Title
17:17:14.918 [main] INFO  testCases.WebForms.TC005_WF_RRUserYN_OneConditionYN - Validation of Email Control Title
17:17:15.404 [main] INFO  utilities.UtilityCustomFunctions - Marilyn@rsoft.in entered in  input
17:17:15.435 [main] INFO  testCases.WebForms.TC005_WF_RRUserYN_OneConditionYN - Email Id Entered
17:17:17.051 [main] INFO  testCases.WebForms.TC005_WF_RRUserYN_OneConditionYN - Email Next Clicked
17:17:19.834 [main] INFO  testCases.WebForms.TC005_WF_RRUserYN_OneConditionYN - Text Question Conrol Present
17:17:19.866 [main] INFO  utilities.UtilityCustomFunctions - Text Question Choice Control Title :  Please type an answer ..! *
17:17:19.866 [main] INFO  utilities.UtilityCustomFunctions - Actual:Please type an answer ..! *
17:17:19.866 [main] INFO  utilities.UtilityCustomFunctions - Expected:Please type an answer ..! *
17:17:19.866 [main] INFO  utilities.UtilityCustomFunctions - Message:TextQuestion Control Title
17:17:21.352 [main] INFO  testCases.WebForms.TC005_WF_RRUserYN_OneConditionYN - Validation of TextQuestion Control Title
17:17:21.997 [main] INFO  utilities.UtilityCustomFunctions - Welcome to Automation World...! entered in  textarea
17:17:22.013 [main] INFO  testCases.WebForms.TC005_WF_RRUserYN_OneConditionYN - Text Entered in TextAnswer Control
17:17:23.628 [main] INFO  testCases.WebForms.TC005_WF_RRUserYN_OneConditionYN - Text Question Next Clicked
17:17:26.870 [main] INFO  utilities.UtilityCustomFunctions - MS Control Title :  Select your choices..! *
17:17:26.870 [main] INFO  utilities.UtilityCustomFunctions -  Select your choices..! *
17:17:26.870 [main] INFO  utilities.UtilityCustomFunctions - Actual:Select your choices..! *
17:17:26.870 [main] INFO  utilities.UtilityCustomFunctions - Expected:Select your choices..! *
17:17:26.870 [main] INFO  utilities.UtilityCustomFunctions - Message:MultiSelect Control Title
17:17:28.367 [main] INFO  testCases.WebForms.TC005_WF_RRUserYN_OneConditionYN - Validation of MultiSelect Control Title
17:17:28.367 [main] INFO  utilities.UtilityCustomFunctions - MultiSelect Value:four
17:17:28.485 [main] INFO  utilities.UtilityCustomFunctions - MultiSelect Drop Down Button Clicked
17:17:28.485 [main] INFO  utilities.UtilityCustomFunctions - Expected MultiSelect Value count: 1
17:17:28.485 [main] INFO  utilities.UtilityCustomFunctions - Items in Multiselect Count: 5
17:17:33.848 [main] INFO  utilities.UtilityCustomFunctions - Item Selected in MultiSelect: four
17:17:36.276 [main] INFO  testCases.WebForms.TC005_WF_RRUserYN_OneConditionYN - MultiSelect Value Selected
17:17:37.938 [main] INFO  testCases.WebForms.TC005_WF_RRUserYN_OneConditionYN - MultiSelect Next Clicked
17:17:41.130 [main] INFO  testCases.WebForms.TC005_WF_RRUserYN_OneConditionYN -  Select an option..! *Actual Title 
17:17:41.130 [main] INFO  utilities.UtilityCustomFunctions - Multi Choice Control Title :  Select an option..! *
17:17:41.130 [main] INFO  utilities.UtilityCustomFunctions - Actual:Select an option..! *
17:17:41.130 [main] INFO  utilities.UtilityCustomFunctions - Expected:Select an option..! *
17:17:41.130 [main] INFO  utilities.UtilityCustomFunctions - Message:MultiChoice Control Title
17:17:45.833 [main] INFO  testCases.WebForms.TC005_WF_RRUserYN_OneConditionYN - [Andhra Pradesh] is selected in List
17:17:45.833 [main] INFO  testCases.WebForms.TC005_WF_RRUserYN_OneConditionYN - MultiChoice Item Selected
17:17:50.529 [main] INFO  testCases.WebForms.TC005_WF_RRUserYN_OneConditionYN - MultiChoice Next Clicked
17:18:06.480 [main] INFO  utilities.UtilityCustomFunctions - Actual:Usman Patrick
17:18:06.480 [main] INFO  utilities.UtilityCustomFunctions - Expected:Usman Patrick
17:18:06.480 [main] INFO  utilities.UtilityCustomFunctions - Message:AssignedTo Value
17:18:07.759 [main] INFO  utilities.UtilityCustomFunctions - Actual:+91
17:18:07.759 [main] INFO  utilities.UtilityCustomFunctions - Expected:+91
17:18:07.759 [main] INFO  utilities.UtilityCustomFunctions - Message:Mobile Number Prefix
17:18:09.015 [main] INFO  utilities.UtilityCustomFunctions - Actual:9840050368
17:18:09.015 [main] INFO  utilities.UtilityCustomFunctions - Expected:9840050368
17:18:09.015 [main] INFO  utilities.UtilityCustomFunctions - Message:Mobile Number
17:18:10.254 [main] INFO  utilities.UtilityCustomFunctions - Actual:Marilyn@rsoft.in
17:18:10.254 [main] INFO  utilities.UtilityCustomFunctions - Expected:Marilyn@rsoft.in
17:18:10.254 [main] INFO  utilities.UtilityCustomFunctions - Message:Email
17:18:11.476 [main] INFO  utilities.UtilityCustomFunctions - Actual:Welcome to Automation World...!
17:18:11.476 [main] INFO  utilities.UtilityCustomFunctions - Expected:Welcome to Automation World...!
17:18:11.476 [main] INFO  utilities.UtilityCustomFunctions - Message:Text
17:18:12.708 [main] INFO  utilities.UtilityCustomFunctions - Actual:four
17:18:12.708 [main] INFO  utilities.UtilityCustomFunctions - Expected:four
17:18:12.708 [main] INFO  utilities.UtilityCustomFunctions - Message:MultiSelect
17:18:13.925 [main] INFO  utilities.UtilityCustomFunctions - Actual:Andhra Pradesh
17:18:13.925 [main] INFO  utilities.UtilityCustomFunctions - Expected:Andhra Pradesh
17:18:13.925 [main] INFO  utilities.UtilityCustomFunctions - Message:MultiChoice State
17:24:57.817 [main] INFO  testCases.WebForms.TC006_WF_RRUserN_OneConditionY - Test Execution on Browser: chrome
17:24:57.938 [main] INFO  testCases.WebForms.TC006_WF_RRUserN_OneConditionY - Excel file Utility instance created
17:24:59.519 [main] INFO  testCases.WebForms.TC006_WF_RRUserN_OneConditionY - Row Count is: 9
17:24:59.619 [main] INFO  testCases.WebForms.TC006_WF_RRUserN_OneConditionY - Col Count is: 15
17:24:59.619 [main] INFO  testCases.WebForms.TC006_WF_RRUserN_OneConditionY - Extracting DataSheet Values started...
17:25:06.349 [main] INFO  utilities.UtilityCustomFunctions - PRIYAN entered in  input
17:25:08.320 [main] INFO  utilities.UtilityCustomFunctions - rsoft entered in  input
17:25:10.170 [main] INFO  utilities.UtilityCustomFunctions - RSoft!@345 entered in  input
17:25:20.681 [main] INFO  testCases.WebForms.TC006_WF_RRUserN_OneConditionY - Clicked Avatar
17:25:24.671 [main] INFO  testCases.WebForms.TC006_WF_RRUserN_OneConditionY - Clicked Menu CRM Setting
17:25:27.064 [main] INFO  testCases.WebForms.TC006_WF_RRUserN_OneConditionY - Clicked Menu User Access Control
17:25:32.884 [main] INFO  testCases.WebForms.TC006_WF_RRUserN_OneConditionY - Clicked Avatar
17:25:36.853 [main] INFO  testCases.WebForms.TC006_WF_RRUserN_OneConditionY - Clicked Menu CRM Setting
17:25:37.052 [main] INFO  testCases.WebForms.TC006_WF_RRUserN_OneConditionY - Clicked Integration
17:25:49.138 [main] INFO  testCases.WebForms.TC006_WF_RRUserN_OneConditionY - [ETNotification Webform] is selected in List
17:25:53.643 [main] INFO  testCases.WebForms.TC006_WF_RRUserN_OneConditionY - [ETNotification Webform] is selected in List
17:27:04.484 [main] INFO  testCases.WebForms.TC006_WF_RRUserN_OneConditionY - Excel file Utility instance created
17:27:04.500 [main] INFO  testCases.WebForms.TC006_WF_RRUserN_OneConditionY - Row Count is: 9
17:27:04.549 [main] INFO  testCases.WebForms.TC006_WF_RRUserN_OneConditionY - Col Count is: 15
17:27:04.549 [main] INFO  testCases.WebForms.TC006_WF_RRUserN_OneConditionY - Extracting DataSheet Values started...
17:27:09.874 [main] INFO  testCases.WebForms.TC006_WF_RRUserN_OneConditionY - Survey Form Url Launched..
17:27:11.313 [main] INFO  testCases.WebForms.TC006_WF_RRUserN_OneConditionY - Build Url Pass
17:27:11.517 [main] INFO  utilities.UtilityCustomFunctions - PN Control Title :  Please type your phone number *
17:27:11.517 [main] INFO  utilities.UtilityCustomFunctions - Actual:Please type your phone number *
17:27:11.517 [main] INFO  utilities.UtilityCustomFunctions - Expected:Please type your phone number *
17:27:11.517 [main] INFO  utilities.UtilityCustomFunctions - Message:Phone Number Control Title
17:27:12.899 [main] INFO  testCases.WebForms.TC006_WF_RRUserN_OneConditionY - Validation of PhoneNumber Control Title
17:27:15.332 [main] INFO  testCases.WebForms.TC006_WF_RRUserN_OneConditionY - Phone Number Conrol Present
17:27:16.232 [main] INFO  utilities.UtilityCustomFunctions - 9840058155 entered in  input
17:27:17.649 [main] INFO  testCases.WebForms.TC006_WF_RRUserN_OneConditionY - Phone Number Entered
17:27:18.917 [main] INFO  testCases.WebForms.TC006_WF_RRUserN_OneConditionY - PhoneNumber Next Clicked
17:27:23.365 [main] INFO  testCases.WebForms.TC006_WF_RRUserN_OneConditionY - Email Control Present
17:27:23.396 [main] INFO  utilities.UtilityCustomFunctions - Email Control Title :  What is your email address? *
17:27:23.396 [main] INFO  utilities.UtilityCustomFunctions - Actual:What is your email address? *
17:27:23.396 [main] INFO  utilities.UtilityCustomFunctions - Expected:What is your email address? *
17:27:23.396 [main] INFO  utilities.UtilityCustomFunctions - Message:Email Control Title
17:27:24.830 [main] INFO  testCases.WebForms.TC006_WF_RRUserN_OneConditionY - Validation of Email Control Title
17:27:25.312 [main] INFO  utilities.UtilityCustomFunctions - Julia@rsoft.in entered in  input
17:27:25.343 [main] INFO  testCases.WebForms.TC006_WF_RRUserN_OneConditionY - Email Id Entered
17:27:26.903 [main] INFO  testCases.WebForms.TC006_WF_RRUserN_OneConditionY - Email Next Clicked
17:27:29.631 [main] INFO  testCases.WebForms.TC006_WF_RRUserN_OneConditionY - Text Question Conrol Present
17:27:29.663 [main] INFO  utilities.UtilityCustomFunctions - Text Question Choice Control Title :  Please type an answer ..! *
17:27:29.679 [main] INFO  utilities.UtilityCustomFunctions - Actual:Please type an answer ..! *
17:27:29.679 [main] INFO  utilities.UtilityCustomFunctions - Expected:Please type an answer ..! *
17:27:29.679 [main] INFO  utilities.UtilityCustomFunctions - Message:TextQuestion Control Title
17:27:31.098 [main] INFO  testCases.WebForms.TC006_WF_RRUserN_OneConditionY - Validation of TextQuestion Control Title
17:27:31.799 [main] INFO  utilities.UtilityCustomFunctions - Welcome to Automation World...! entered in  textarea
17:27:31.830 [main] INFO  testCases.WebForms.TC006_WF_RRUserN_OneConditionY - Text Entered in TextAnswer Control
17:27:33.386 [main] INFO  testCases.WebForms.TC006_WF_RRUserN_OneConditionY - Text Question Next Clicked
17:27:36.566 [main] INFO  utilities.UtilityCustomFunctions - MS Control Title :  Select your choices..! *
17:27:36.566 [main] INFO  utilities.UtilityCustomFunctions -  Select your choices..! *
17:27:36.566 [main] INFO  utilities.UtilityCustomFunctions - Actual:Select your choices..! *
17:27:36.566 [main] INFO  utilities.UtilityCustomFunctions - Expected:Select your choices..! *
17:27:36.566 [main] INFO  utilities.UtilityCustomFunctions - Message:MultiSelect Control Title
17:27:37.997 [main] INFO  testCases.WebForms.TC006_WF_RRUserN_OneConditionY - Validation of MultiSelect Control Title
17:27:37.997 [main] INFO  utilities.UtilityCustomFunctions - MultiSelect Value:one
17:27:38.110 [main] INFO  utilities.UtilityCustomFunctions - MultiSelect Drop Down Button Clicked
17:27:38.110 [main] INFO  utilities.UtilityCustomFunctions - Expected MultiSelect Value count: 1
17:27:38.111 [main] INFO  utilities.UtilityCustomFunctions - Items in Multiselect Count: 5
17:27:40.192 [main] INFO  utilities.UtilityCustomFunctions - Item Selected in MultiSelect: one
17:27:45.884 [main] INFO  testCases.WebForms.TC006_WF_RRUserN_OneConditionY - MultiSelect Value Selected
17:27:47.433 [main] INFO  testCases.WebForms.TC006_WF_RRUserN_OneConditionY - MultiSelect Next Clicked
17:27:50.622 [main] INFO  testCases.WebForms.TC006_WF_RRUserN_OneConditionY -  Select an option..! *Actual Title 
17:27:50.638 [main] INFO  utilities.UtilityCustomFunctions - Multi Choice Control Title :  Select an option..! *
17:27:50.638 [main] INFO  utilities.UtilityCustomFunctions - Actual:Select an option..! *
17:27:50.638 [main] INFO  utilities.UtilityCustomFunctions - Expected:Select an option..! *
17:27:50.638 [main] INFO  utilities.UtilityCustomFunctions - Message:MultiChoice Control Title
17:27:55.405 [main] INFO  testCases.WebForms.TC006_WF_RRUserN_OneConditionY - [Tamilnadu] is selected in List
17:27:55.407 [main] INFO  testCases.WebForms.TC006_WF_RRUserN_OneConditionY - MultiChoice Item Selected
17:28:00.043 [main] INFO  testCases.WebForms.TC006_WF_RRUserN_OneConditionY - MultiChoice Next Clicked
17:28:16.374 [main] INFO  utilities.UtilityCustomFunctions - Actual:Susan Zachary
17:28:16.374 [main] INFO  utilities.UtilityCustomFunctions - Expected:Susan Zachary
17:28:16.374 [main] INFO  utilities.UtilityCustomFunctions - Message:AssignedTo Value
17:28:17.614 [main] INFO  utilities.UtilityCustomFunctions - Actual:+91
17:28:17.614 [main] INFO  utilities.UtilityCustomFunctions - Expected:+91
17:28:17.614 [main] INFO  utilities.UtilityCustomFunctions - Message:Mobile Number Prefix
17:28:18.866 [main] INFO  utilities.UtilityCustomFunctions - Actual:9840058155
17:28:18.866 [main] INFO  utilities.UtilityCustomFunctions - Expected:9840058155
17:28:18.866 [main] INFO  utilities.UtilityCustomFunctions - Message:Mobile Number
17:28:20.130 [main] INFO  utilities.UtilityCustomFunctions - Actual:Julia@rsoft.in
17:28:20.130 [main] INFO  utilities.UtilityCustomFunctions - Expected:Julia@rsoft.in
17:28:20.130 [main] INFO  utilities.UtilityCustomFunctions - Message:Email
17:28:21.382 [main] INFO  utilities.UtilityCustomFunctions - Actual:Welcome to Automation World...!
17:28:21.382 [main] INFO  utilities.UtilityCustomFunctions - Expected:Welcome to Automation World...!
17:28:21.382 [main] INFO  utilities.UtilityCustomFunctions - Message:Text
17:28:22.629 [main] INFO  utilities.UtilityCustomFunctions - Actual:one
17:28:22.629 [main] INFO  utilities.UtilityCustomFunctions - Expected:one
17:28:22.629 [main] INFO  utilities.UtilityCustomFunctions - Message:MultiSelect
17:28:23.828 [main] INFO  utilities.UtilityCustomFunctions - Actual:Tamilnadu
17:28:23.828 [main] INFO  utilities.UtilityCustomFunctions - Expected:Tamilnadu
17:28:23.828 [main] INFO  utilities.UtilityCustomFunctions - Message:MultiChoice State
17:28:35.365 [main] INFO  testCases.WebForms.TC006_WF_RRUserN_OneConditionY - Excel file Utility instance created
17:28:35.380 [main] INFO  testCases.WebForms.TC006_WF_RRUserN_OneConditionY - Row Count is: 9
17:28:35.412 [main] INFO  testCases.WebForms.TC006_WF_RRUserN_OneConditionY - Col Count is: 15
17:28:35.412 [main] INFO  testCases.WebForms.TC006_WF_RRUserN_OneConditionY - Extracting DataSheet Values started...
17:28:40.163 [main] INFO  testCases.WebForms.TC006_WF_RRUserN_OneConditionY - Survey Form Url Launched..
17:28:41.675 [main] INFO  testCases.WebForms.TC006_WF_RRUserN_OneConditionY - Build Url Pass
17:28:41.864 [main] INFO  utilities.UtilityCustomFunctions - PN Control Title :  Please type your phone number *
17:28:41.864 [main] INFO  utilities.UtilityCustomFunctions - Actual:Please type your phone number *
17:28:41.864 [main] INFO  utilities.UtilityCustomFunctions - Expected:Please type your phone number *
17:28:41.864 [main] INFO  utilities.UtilityCustomFunctions - Message:Phone Number Control Title
17:28:43.358 [main] INFO  testCases.WebForms.TC006_WF_RRUserN_OneConditionY - Validation of PhoneNumber Control Title
17:28:45.874 [main] INFO  testCases.WebForms.TC006_WF_RRUserN_OneConditionY - Phone Number Conrol Present
17:28:46.509 [main] INFO  utilities.UtilityCustomFunctions - 9840053624 entered in  input
17:28:48.007 [main] INFO  testCases.WebForms.TC006_WF_RRUserN_OneConditionY - Phone Number Entered
17:28:49.287 [main] INFO  testCases.WebForms.TC006_WF_RRUserN_OneConditionY - PhoneNumber Next Clicked
17:28:53.776 [main] INFO  testCases.WebForms.TC006_WF_RRUserN_OneConditionY - Email Control Present
17:28:53.839 [main] INFO  utilities.UtilityCustomFunctions - Email Control Title :  What is your email address? *
17:28:53.839 [main] INFO  utilities.UtilityCustomFunctions - Actual:What is your email address? *
17:28:53.839 [main] INFO  utilities.UtilityCustomFunctions - Expected:What is your email address? *
17:28:53.839 [main] INFO  utilities.UtilityCustomFunctions - Message:Email Control Title
17:28:55.293 [main] INFO  testCases.WebForms.TC006_WF_RRUserN_OneConditionY - Validation of Email Control Title
17:28:55.759 [main] INFO  utilities.UtilityCustomFunctions - Amber@rsoft.in entered in  input
17:28:55.775 [main] INFO  testCases.WebForms.TC006_WF_RRUserN_OneConditionY - Email Id Entered
17:28:57.672 [main] INFO  testCases.WebForms.TC006_WF_RRUserN_OneConditionY - Email Next Clicked
17:29:00.472 [main] INFO  testCases.WebForms.TC006_WF_RRUserN_OneConditionY - Text Question Conrol Present
17:29:00.503 [main] INFO  utilities.UtilityCustomFunctions - Text Question Choice Control Title :  Please type an answer ..! *
17:29:00.503 [main] INFO  utilities.UtilityCustomFunctions - Actual:Please type an answer ..! *
17:29:00.503 [main] INFO  utilities.UtilityCustomFunctions - Expected:Please type an answer ..! *
17:29:00.503 [main] INFO  utilities.UtilityCustomFunctions - Message:TextQuestion Control Title
17:29:02.006 [main] INFO  testCases.WebForms.TC006_WF_RRUserN_OneConditionY - Validation of TextQuestion Control Title
17:29:02.735 [main] INFO  utilities.UtilityCustomFunctions - Welcome to Automation World...! entered in  textarea
17:29:02.751 [main] INFO  testCases.WebForms.TC006_WF_RRUserN_OneConditionY - Text Entered in TextAnswer Control
17:29:04.367 [main] INFO  testCases.WebForms.TC006_WF_RRUserN_OneConditionY - Text Question Next Clicked
17:29:07.603 [main] INFO  utilities.UtilityCustomFunctions - MS Control Title :  Select your choices..! *
17:29:07.603 [main] INFO  utilities.UtilityCustomFunctions -  Select your choices..! *
17:29:07.603 [main] INFO  utilities.UtilityCustomFunctions - Actual:Select your choices..! *
17:29:07.603 [main] INFO  utilities.UtilityCustomFunctions - Expected:Select your choices..! *
17:29:07.603 [main] INFO  utilities.UtilityCustomFunctions - Message:MultiSelect Control Title
17:29:09.138 [main] INFO  testCases.WebForms.TC006_WF_RRUserN_OneConditionY - Validation of MultiSelect Control Title
17:29:09.138 [main] INFO  utilities.UtilityCustomFunctions - MultiSelect Value:one
17:29:09.240 [main] INFO  utilities.UtilityCustomFunctions - MultiSelect Drop Down Button Clicked
17:29:09.240 [main] INFO  utilities.UtilityCustomFunctions - Expected MultiSelect Value count: 1
17:29:09.240 [main] INFO  utilities.UtilityCustomFunctions - Items in Multiselect Count: 5
17:29:11.308 [main] INFO  utilities.UtilityCustomFunctions - Item Selected in MultiSelect: one
17:29:16.983 [main] INFO  testCases.WebForms.TC006_WF_RRUserN_OneConditionY - MultiSelect Value Selected
17:29:18.651 [main] INFO  testCases.WebForms.TC006_WF_RRUserN_OneConditionY - MultiSelect Next Clicked
17:29:21.837 [main] INFO  testCases.WebForms.TC006_WF_RRUserN_OneConditionY -  Select an option..! *Actual Title 
17:29:21.837 [main] INFO  utilities.UtilityCustomFunctions - Multi Choice Control Title :  Select an option..! *
17:29:21.837 [main] INFO  utilities.UtilityCustomFunctions - Actual:Select an option..! *
17:29:21.837 [main] INFO  utilities.UtilityCustomFunctions - Expected:Select an option..! *
17:29:21.837 [main] INFO  utilities.UtilityCustomFunctions - Message:MultiChoice Control Title
17:29:26.655 [main] INFO  testCases.WebForms.TC006_WF_RRUserN_OneConditionY - [Goa] is selected in List
17:29:26.655 [main] INFO  testCases.WebForms.TC006_WF_RRUserN_OneConditionY - MultiChoice Item Selected
17:29:31.459 [main] INFO  testCases.WebForms.TC006_WF_RRUserN_OneConditionY - MultiChoice Next Clicked
17:29:48.667 [main] INFO  utilities.UtilityCustomFunctions - Actual:Jessica Douglas
17:29:48.667 [main] INFO  utilities.UtilityCustomFunctions - Expected:Jessica Douglas
17:29:48.667 [main] INFO  utilities.UtilityCustomFunctions - Message:AssignedTo Value
17:29:49.929 [main] INFO  utilities.UtilityCustomFunctions - Actual:+91
17:29:49.929 [main] INFO  utilities.UtilityCustomFunctions - Expected:+91
17:29:49.929 [main] INFO  utilities.UtilityCustomFunctions - Message:Mobile Number Prefix
17:29:51.200 [main] INFO  utilities.UtilityCustomFunctions - Actual:9840053624
17:29:51.200 [main] INFO  utilities.UtilityCustomFunctions - Expected:9840053624
17:29:51.200 [main] INFO  utilities.UtilityCustomFunctions - Message:Mobile Number
17:29:52.411 [main] INFO  utilities.UtilityCustomFunctions - Actual:Amber@rsoft.in
17:29:52.411 [main] INFO  utilities.UtilityCustomFunctions - Expected:Amber@rsoft.in
17:29:52.411 [main] INFO  utilities.UtilityCustomFunctions - Message:Email
17:29:53.654 [main] INFO  utilities.UtilityCustomFunctions - Actual:Welcome to Automation World...!
17:29:53.654 [main] INFO  utilities.UtilityCustomFunctions - Expected:Welcome to Automation World...!
17:29:53.662 [main] INFO  utilities.UtilityCustomFunctions - Message:Text
17:29:54.893 [main] INFO  utilities.UtilityCustomFunctions - Actual:one
17:29:54.893 [main] INFO  utilities.UtilityCustomFunctions - Expected:one
17:29:54.893 [main] INFO  utilities.UtilityCustomFunctions - Message:MultiSelect
17:29:56.113 [main] INFO  utilities.UtilityCustomFunctions - Actual:Goa
17:29:56.113 [main] INFO  utilities.UtilityCustomFunctions - Expected:Goa
17:29:56.113 [main] INFO  utilities.UtilityCustomFunctions - Message:MultiChoice State
17:30:07.703 [main] INFO  testCases.WebForms.TC006_WF_RRUserN_OneConditionY - Excel file Utility instance created
17:30:07.734 [main] INFO  testCases.WebForms.TC006_WF_RRUserN_OneConditionY - Row Count is: 9
17:30:07.764 [main] INFO  testCases.WebForms.TC006_WF_RRUserN_OneConditionY - Col Count is: 15
17:30:07.764 [main] INFO  testCases.WebForms.TC006_WF_RRUserN_OneConditionY - Extracting DataSheet Values started...
17:30:11.819 [main] INFO  testCases.WebForms.TC006_WF_RRUserN_OneConditionY - Survey Form Url Launched..
17:30:13.323 [main] INFO  testCases.WebForms.TC006_WF_RRUserN_OneConditionY - Build Url Pass
17:30:13.512 [main] INFO  utilities.UtilityCustomFunctions - PN Control Title :  Please type your phone number *
17:30:13.512 [main] INFO  utilities.UtilityCustomFunctions - Actual:Please type your phone number *
17:30:13.512 [main] INFO  utilities.UtilityCustomFunctions - Expected:Please type your phone number *
17:30:13.512 [main] INFO  utilities.UtilityCustomFunctions - Message:Phone Number Control Title
17:30:15.055 [main] INFO  testCases.WebForms.TC006_WF_RRUserN_OneConditionY - Validation of PhoneNumber Control Title
17:30:17.604 [main] INFO  testCases.WebForms.TC006_WF_RRUserN_OneConditionY - Phone Number Conrol Present
17:30:18.126 [main] INFO  utilities.UtilityCustomFunctions - 9840077670 entered in  input
17:30:19.619 [main] INFO  testCases.WebForms.TC006_WF_RRUserN_OneConditionY - Phone Number Entered
17:30:20.880 [main] INFO  testCases.WebForms.TC006_WF_RRUserN_OneConditionY - PhoneNumber Next Clicked
17:30:25.455 [main] INFO  testCases.WebForms.TC006_WF_RRUserN_OneConditionY - Email Control Present
17:30:25.470 [main] INFO  utilities.UtilityCustomFunctions - Email Control Title :  What is your email address? *
17:30:25.470 [main] INFO  utilities.UtilityCustomFunctions - Actual:What is your email address? *
17:30:25.470 [main] INFO  utilities.UtilityCustomFunctions - Expected:What is your email address? *
17:30:25.470 [main] INFO  utilities.UtilityCustomFunctions - Message:Email Control Title
17:30:26.956 [main] INFO  testCases.WebForms.TC006_WF_RRUserN_OneConditionY - Validation of Email Control Title
17:30:27.427 [main] INFO  utilities.UtilityCustomFunctions - Denise@rsoft.in entered in  input
17:30:27.438 [main] INFO  testCases.WebForms.TC006_WF_RRUserN_OneConditionY - Email Id Entered
17:30:29.074 [main] INFO  testCases.WebForms.TC006_WF_RRUserN_OneConditionY - Email Next Clicked
17:30:31.855 [main] INFO  testCases.WebForms.TC006_WF_RRUserN_OneConditionY - Text Question Conrol Present
17:30:31.887 [main] INFO  utilities.UtilityCustomFunctions - Text Question Choice Control Title :  Please type an answer ..! *
17:30:31.887 [main] INFO  utilities.UtilityCustomFunctions - Actual:Please type an answer ..! *
17:30:31.887 [main] INFO  utilities.UtilityCustomFunctions - Expected:Please type an answer ..! *
17:30:31.887 [main] INFO  utilities.UtilityCustomFunctions - Message:TextQuestion Control Title
17:30:33.372 [main] INFO  testCases.WebForms.TC006_WF_RRUserN_OneConditionY - Validation of TextQuestion Control Title
17:30:34.017 [main] INFO  utilities.UtilityCustomFunctions - Welcome to Automation World...! entered in  textarea
17:30:34.044 [main] INFO  testCases.WebForms.TC006_WF_RRUserN_OneConditionY - Text Entered in TextAnswer Control
17:30:35.667 [main] INFO  testCases.WebForms.TC006_WF_RRUserN_OneConditionY - Text Question Next Clicked
17:30:38.834 [main] INFO  utilities.UtilityCustomFunctions - MS Control Title :  Select your choices..! *
17:30:38.834 [main] INFO  utilities.UtilityCustomFunctions -  Select your choices..! *
17:30:38.834 [main] INFO  utilities.UtilityCustomFunctions - Actual:Select your choices..! *
17:30:38.834 [main] INFO  utilities.UtilityCustomFunctions - Expected:Select your choices..! *
17:30:38.834 [main] INFO  utilities.UtilityCustomFunctions - Message:MultiSelect Control Title
17:30:40.307 [main] INFO  testCases.WebForms.TC006_WF_RRUserN_OneConditionY - Validation of MultiSelect Control Title
17:30:40.307 [main] INFO  utilities.UtilityCustomFunctions - MultiSelect Value:one
17:30:40.422 [main] INFO  utilities.UtilityCustomFunctions - MultiSelect Drop Down Button Clicked
17:30:40.423 [main] INFO  utilities.UtilityCustomFunctions - Expected MultiSelect Value count: 1
17:30:40.423 [main] INFO  utilities.UtilityCustomFunctions - Items in Multiselect Count: 5
17:30:42.519 [main] INFO  utilities.UtilityCustomFunctions - Item Selected in MultiSelect: one
17:30:48.215 [main] INFO  testCases.WebForms.TC006_WF_RRUserN_OneConditionY - MultiSelect Value Selected
17:30:49.921 [main] INFO  testCases.WebForms.TC006_WF_RRUserN_OneConditionY - MultiSelect Next Clicked
17:30:53.089 [main] INFO  testCases.WebForms.TC006_WF_RRUserN_OneConditionY -  Select an option..! *Actual Title 
17:30:53.089 [main] INFO  utilities.UtilityCustomFunctions - Multi Choice Control Title :  Select an option..! *
17:30:53.089 [main] INFO  utilities.UtilityCustomFunctions - Actual:Select an option..! *
17:30:53.089 [main] INFO  utilities.UtilityCustomFunctions - Expected:Select an option..! *
