17:10:44.871 [main] INFO  testCases.TC006_WF6_Send_SMS_ETR_M - ******starting Send_SMS_ETR_M ****
17:10:44.879 [main] INFO  testCases.TC006_WF6_Send_SMS_ETR_M - Test Execution on Browser: chrome
17:10:44.879 [main] INFO  testCases.TC006_WF6_Send_SMS_ETR_M - Browser:chrome
17:10:44.882 [main] INFO  testCases.TC006_WF6_Send_SMS_ETR_M - Excel file Utility instance created
17:10:46.154 [main] INFO  testCases.TC006_WF6_Send_SMS_ETR_M - Row Count is: 1
17:10:46.318 [main] INFO  testCases.TC006_WF6_Send_SMS_ETR_M - Col Count is: 52
17:10:46.318 [main] INFO  testCases.TC006_WF6_Send_SMS_ETR_M - Extracting DataSheet Values started...
17:10:52.494 [main] INFO  testCases.TC006_WF6_Send_SMS_ETR_M - PN1:2503380077
17:10:52.510 [main] INFO  testCases.TC006_WF6_Send_SMS_ETR_M - PN2:2562299660
17:10:52.510 [main] INFO  testCases.TC006_WF6_Send_SMS_ETR_M - PN3:2430732637
17:10:52.510 [main] INFO  testCases.TC006_WF6_Send_SMS_ETR_M - PN4:2774830371
17:11:17.304 [main] INFO  testCases.TC006_WF6_Send_SMS_ETR_M - PRIYAN entered in  input
17:11:17.784 [main] INFO  testCases.TC006_WF6_Send_SMS_ETR_M - Sudhakar entered in  input
17:11:18.299 [main] INFO  testCases.TC006_WF6_Send_SMS_ETR_M - Automation@123 entered in  input
17:11:49.239 [main] INFO  testCases.TC006_WF6_Send_SMS_ETR_M - CRM Login Success with:Sudhakar
17:11:49.239 [main] INFO  testCases.TC006_WF6_Send_SMS_ETR_M - User: Sudhakar Passed : Actual Value is: Login SuccessExpected Value is: Login Success
17:11:56.505 [main] INFO  testCases.TC006_WF6_Send_SMS_ETR_M - Clicked Avatar
17:12:00.060 [main] INFO  testCases.TC006_WF6_Send_SMS_ETR_M - Clicked Menu CRM Setting
17:12:00.346 [main] INFO  testCases.TC006_WF6_Send_SMS_ETR_M - Clicked Menu Other Setting
17:12:06.930 [main] INFO  testCases.TC006_WF6_Send_SMS_ETR_M - Clicked Menu Item Workflow
17:12:07.358 [main] INFO  testCases.TC006_WF6_Send_SMS_ETR_M - Clicked Workflow from Combox Box List
17:12:09.370 [main] INFO  testCases.TC006_WF6_Send_SMS_ETR_M - Item to be selected:  CRMNotification Workflow
17:12:17.706 [main] INFO  testCases.TC006_WF6_Send_SMS_ETR_M - [CRMNotification Workflow] is selected in List
17:12:17.707 [main] INFO  testCases.TC006_WF6_Send_SMS_ETR_M - Item selected in combox Box  CRMNotification Workflow
17:12:18.720 [main] INFO  testCases.TC006_WF6_Send_SMS_ETR_M - Selected Module to View its Workflows
17:12:18.753 [main] INFO  testCases.TC006_WF6_Send_SMS_ETR_M - Current Workflow Row item: 1
17:12:18.835 [main] INFO  testCases.TC006_WF6_Send_SMS_ETR_M - Current style of Worflow Status Element captured
17:12:18.835 [main] INFO  testCases.TC006_WF6_Send_SMS_ETR_M - Workflow status: of row item: 1 false
17:12:18.899 [main] INFO  testCases.TC006_WF6_Send_SMS_ETR_M - Actual Module Name:  CRMNotification
17:12:18.899 [main] INFO  testCases.TC006_WF6_Send_SMS_ETR_M - Actual Workflow Name:  WF5_Send_SMS_ETR_S
17:12:18.899 [main] INFO  testCases.TC006_WF6_Send_SMS_ETR_M - Actual Exec Condition Name:  Every time the record is save
17:12:18.899 [main] INFO  testCases.TC006_WF6_Send_SMS_ETR_M - Module,workflow,conditions not matched 
17:12:18.899 [main] INFO  testCases.TC006_WF6_Send_SMS_ETR_M - bCurrentWFStatus: false
17:12:18.899 [main] INFO  testCases.TC006_WF6_Send_SMS_ETR_M - Current Workflow Row item: 2
17:12:18.985 [main] INFO  testCases.TC006_WF6_Send_SMS_ETR_M - Current style of Worflow Status Element captured
17:12:18.985 [main] INFO  testCases.TC006_WF6_Send_SMS_ETR_M - Workflow status: of row item: 2 true
17:12:19.039 [main] INFO  testCases.TC006_WF6_Send_SMS_ETR_M - Actual Module Name:  CRMNotification
17:12:19.039 [main] INFO  testCases.TC006_WF6_Send_SMS_ETR_M - Actual Workflow Name:  WF6_Send_SMS_ETR_M
17:12:19.039 [main] INFO  testCases.TC006_WF6_Send_SMS_ETR_M - Actual Exec Condition Name:  Every time the record is modified
17:12:19.039 [main] INFO  testCases.TC006_WF6_Send_SMS_ETR_M - Module,workflow,condition matches
17:12:19.039 [main] INFO  testCases.TC006_WF6_Send_SMS_ETR_M - bCurrentWFStatus: true
17:12:19.039 [main] INFO  testCases.TC006_WF6_Send_SMS_ETR_M - WF6_Send_SMS_ETR_MWorkflow enabled
17:12:19.039 [main] INFO  testCases.TC006_WF6_Send_SMS_ETR_M - Current Workflow Row item: 3
17:12:19.102 [main] INFO  testCases.TC006_WF6_Send_SMS_ETR_M - Current style of Worflow Status Element captured
17:12:19.102 [main] INFO  testCases.TC006_WF6_Send_SMS_ETR_M - Workflow status: of row item: 3 false
17:12:19.152 [main] INFO  testCases.TC006_WF6_Send_SMS_ETR_M - Actual Module Name:  CRMNotification
17:12:19.152 [main] INFO  testCases.TC006_WF6_Send_SMS_ETR_M - Actual Workflow Name:  WF4_Send_SMS_OOF_S
17:12:19.152 [main] INFO  testCases.TC006_WF6_Send_SMS_ETR_M - Actual Exec Condition Name:  Only on the first save
17:12:19.152 [main] INFO  testCases.TC006_WF6_Send_SMS_ETR_M - Module,workflow,conditions not matched 
17:12:19.152 [main] INFO  testCases.TC006_WF6_Send_SMS_ETR_M - bCurrentWFStatus: false
17:12:19.152 [main] INFO  testCases.TC006_WF6_Send_SMS_ETR_M - Current Workflow Row item: 4
17:12:19.219 [main] INFO  testCases.TC006_WF6_Send_SMS_ETR_M - Current style of Worflow Status Element captured
17:12:19.219 [main] INFO  testCases.TC006_WF6_Send_SMS_ETR_M - Workflow status: of row item: 4 false
17:12:19.269 [main] INFO  testCases.TC006_WF6_Send_SMS_ETR_M - Actual Module Name:  CRMNotification
17:12:19.269 [main] INFO  testCases.TC006_WF6_Send_SMS_ETR_M - Actual Workflow Name:  WF5_Send_SMS_OOF_S
17:12:19.269 [main] INFO  testCases.TC006_WF6_Send_SMS_ETR_M - Actual Exec Condition Name:  Only on the first save
17:12:19.284 [main] INFO  testCases.TC006_WF6_Send_SMS_ETR_M - Module,workflow,conditions not matched 
17:12:19.284 [main] INFO  testCases.TC006_WF6_Send_SMS_ETR_M - bCurrentWFStatus: false
17:12:19.284 [main] INFO  testCases.TC006_WF6_Send_SMS_ETR_M - Current Workflow Row item: 5
17:12:19.352 [main] INFO  testCases.TC006_WF6_Send_SMS_ETR_M - Current style of Worflow Status Element captured
17:12:19.352 [main] INFO  testCases.TC006_WF6_Send_SMS_ETR_M - Workflow status: of row item: 5 false
17:12:19.403 [main] INFO  testCases.TC006_WF6_Send_SMS_ETR_M - Actual Module Name:  CRMNotification
17:12:19.403 [main] INFO  testCases.TC006_WF6_Send_SMS_ETR_M - Actual Workflow Name:  WF4_Send_SMS_ETR_modifies
17:12:19.403 [main] INFO  testCases.TC006_WF6_Send_SMS_ETR_M - Actual Exec Condition Name:  Every time the record is modified
17:12:19.403 [main] INFO  testCases.TC006_WF6_Send_SMS_ETR_M - Module,workflow,conditions not matched 
17:12:19.403 [main] INFO  testCases.TC006_WF6_Send_SMS_ETR_M - bCurrentWFStatus: false
17:12:19.403 [main] INFO  testCases.TC006_WF6_Send_SMS_ETR_M - Current Workflow Row item: 6
17:12:19.470 [main] INFO  testCases.TC006_WF6_Send_SMS_ETR_M - Current style of Worflow Status Element captured
17:12:19.470 [main] INFO  testCases.TC006_WF6_Send_SMS_ETR_M - Workflow status: of row item: 6 false
17:12:19.520 [main] INFO  testCases.TC006_WF6_Send_SMS_ETR_M - Actual Module Name:  CRMNotification
17:12:19.520 [main] INFO  testCases.TC006_WF6_Send_SMS_ETR_M - Actual Workflow Name:  WF2_Only_On_First_Save
17:12:19.520 [main] INFO  testCases.TC006_WF6_Send_SMS_ETR_M - Actual Exec Condition Name:  Only on the first save
17:12:19.520 [main] INFO  testCases.TC006_WF6_Send_SMS_ETR_M - Module,workflow,conditions not matched 
17:12:19.520 [main] INFO  testCases.TC006_WF6_Send_SMS_ETR_M - bCurrentWFStatus: false
17:12:19.520 [main] INFO  testCases.TC006_WF6_Send_SMS_ETR_M - WF2_Only_On_First_SaveDisabled Workflow Manually Enabled
17:12:19.520 [main] INFO  testCases.TC006_WF6_Send_SMS_ETR_M - true:2
17:12:30.606 [main] INFO  testCases.TC006_WF6_Send_SMS_ETR_M - Work flow clicked
17:12:37.834 [main] INFO  testCases.TC006_WF6_Send_SMS_ETR_M - Cliked Step 1 Next Button to Condition Page
17:12:44.264 [main] INFO  testCases.TC006_WF6_Send_SMS_ETR_M - Cliked Step 2 Next Button to Task List Page
17:12:45.266 [main] INFO  testCases.TC006_WF6_Send_SMS_ETR_M - Clicked Workflow and Navigated to Task Page
17:12:45.286 [main] INFO  testCases.TC006_WF6_Send_SMS_ETR_M - Number of Tasks Listed for this Workflow: WF6_Send_SMS_ETR_M : 3
17:12:45.333 [main] INFO  testCases.TC006_WF6_Send_SMS_ETR_M - Is Task Active: 1 : false
17:12:45.637 [main] INFO  testCases.TC006_WF6_Send_SMS_ETR_M - Retrieved Action Type:Send SMS
17:12:45.637 [main] INFO  testCases.TC006_WF6_Send_SMS_ETR_M - Retrieved Action Title:SMSTriiggerETRS
17:12:45.688 [main] INFO  testCases.TC006_WF6_Send_SMS_ETR_M - Is Task Active: 2 : false
17:12:45.868 [main] INFO  testCases.TC006_WF6_Send_SMS_ETR_M - Retrieved Action Type:Send notification
17:12:45.868 [main] INFO  testCases.TC006_WF6_Send_SMS_ETR_M - Retrieved Action Title:TestWF
17:12:45.899 [main] INFO  testCases.TC006_WF6_Send_SMS_ETR_M - Is Task Active: 3 : true
17:12:46.070 [main] INFO  testCases.TC006_WF6_Send_SMS_ETR_M - Retrieved Action Type:Send SMS
17:12:46.070 [main] INFO  testCases.TC006_WF6_Send_SMS_ETR_M - Retrieved Action Title:SMSTriiggerETRM
17:12:46.070 [main] INFO  testCases.TC006_WF6_Send_SMS_ETR_M - Action Type and Action Tile matches and also Task Button Enabled
17:12:46.070 [main] INFO  testCases.TC006_WF6_Send_SMS_ETR_M - Clicked Workflow and Navigated to Task Page
17:12:46.070 [main] INFO  testCases.TC006_WF6_Send_SMS_ETR_M - Task Active Send SMS  SMSTriiggerETRM
17:13:04.871 [main] INFO  testCases.TC006_WF6_Send_SMS_ETR_M - [CRMNotification] is selected in List
17:13:12.970 [main] INFO  testCases.TC006_WF6_Send_SMS_ETR_M - Excel file Utility instance created
17:13:13.036 [main] INFO  testCases.TC006_WF6_Send_SMS_ETR_M - Row Count is: 1
17:13:13.085 [main] INFO  testCases.TC006_WF6_Send_SMS_ETR_M - Col Count is: 52
17:13:13.085 [main] INFO  testCases.TC006_WF6_Send_SMS_ETR_M - Extracting DataSheet Values started...
17:13:14.671 [main] INFO  testCases.TC006_WF6_Send_SMS_ETR_M - Before Adding Module data
17:13:17.838 [main] INFO  testCases.TC006_WF6_Send_SMS_ETR_M - Assinged To Drop Down clicked
17:13:23.152 [main] INFO  testCases.TC006_WF6_Send_SMS_ETR_M - [Sudhakar VE] is selected in List
17:13:23.168 [main] INFO  testCases.TC006_WF6_Send_SMS_ETR_M - Assinged To Value Seleted is::  Sudhakar VE
17:13:23.748 [main] INFO  testCases.TC006_WF6_Send_SMS_ETR_M - Testing ETR_M entered in  input
17:13:23.757 [main] INFO  testCases.TC006_WF6_Send_SMS_ETR_M - Text Value added is::  Testing ETR_M
17:13:24.971 [main] INFO  testCases.TC006_WF6_Send_SMS_ETR_M - Phone NUmber prefix clicked :  
17:13:28.411 [main] INFO  testCases.TC006_WF6_Send_SMS_ETR_M - [+65] is selected in List
17:13:28.411 [main] INFO  testCases.TC006_WF6_Send_SMS_ETR_M - Phone NUmber selected is :  2503380077
17:13:28.965 [main] INFO  testCases.TC006_WF6_Send_SMS_ETR_M - 2503380077 entered in  input
17:13:30.625 [main] INFO  testCases.TC006_WF6_Send_SMS_ETR_M - sudhakar@rsoft.in entered in  input
17:13:31.636 [main] INFO  testCases.TC006_WF6_Send_SMS_ETR_M - Email Added is: sudhakar@rsoft.in
17:13:31.841 [main] INFO  testCases.TC006_WF6_Send_SMS_ETR_M - Picklist clicked
17:13:36.289 [main] INFO  testCases.TC006_WF6_Send_SMS_ETR_M - [3] is selected in List
17:13:36.289 [main] INFO  testCases.TC006_WF6_Send_SMS_ETR_M - Picklist selected: 3
17:13:46.141 [main] INFO  testCases.TC006_WF6_Send_SMS_ETR_M -  Item selected in Multi combox Box: [[ChromeDriver: chrome on windows (7f2aaa2b31d05cb8d20a5245c6bc75c7)] -> xpath: //li[@role='treeitem']]
17:13:49.159 [main] INFO  testCases.TC006_WF6_Send_SMS_ETR_M - MultiCombo box values: one
17:13:50.351 [main] INFO  testCases.TC006_WF6_Send_SMS_ETR_M - City Drop Down clicked
17:13:53.974 [main] INFO  testCases.TC006_WF6_Send_SMS_ETR_M - [Kanchipuram] is selected in List
17:13:53.975 [main] INFO  testCases.TC006_WF6_Send_SMS_ETR_M - City Selected: Kanchipuram
17:13:55.163 [main] INFO  testCases.TC006_WF6_Send_SMS_ETR_M - State Drop Down clicked
17:13:59.389 [main] INFO  testCases.TC006_WF6_Send_SMS_ETR_M - [Tamilnadu] is selected in List
17:13:59.389 [main] INFO  testCases.TC006_WF6_Send_SMS_ETR_M - State Selected: Tamilnadu
17:14:00.634 [main] INFO  testCases.TC006_WF6_Send_SMS_ETR_M - Country List clicked
17:14:04.022 [main] INFO  testCases.TC006_WF6_Send_SMS_ETR_M - [India] is selected in List
17:14:04.022 [main] INFO  testCases.TC006_WF6_Send_SMS_ETR_M - Country Selected: India
17:14:05.193 [main] INFO  testCases.TC006_WF6_Send_SMS_ETR_M - Checkbox clicked
17:14:05.353 [main] INFO  testCases.TC006_WF6_Send_SMS_ETR_M - DateBox clicked
17:14:08.355 [main] INFO  testCases.TC006_WF6_Send_SMS_ETR_M - (//td[contains(@class,'today')])[1]
17:14:09.587 [main] INFO  testCases.TC006_WF6_Send_SMS_ETR_M - Today Date Selected
17:14:10.767 [main] INFO  testCases.TC006_WF6_Send_SMS_ETR_M - Time Clicked
17:14:17.404 [main] INFO  testCases.TC006_WF6_Send_SMS_ETR_M - Time Selected is: 02:36 PM
17:14:18.663 [main] INFO  testCases.TC006_WF6_Send_SMS_ETR_M - Date & Time Clicked
17:14:23.668 [main] INFO  testCases.TC006_WF6_Send_SMS_ETR_M - (//td[contains(@class,'today')])[2]
17:14:26.901 [main] INFO  testCases.TC006_WF6_Send_SMS_ETR_M - Clicked Current Date in Date&Time
17:14:27.115 [main] INFO  testCases.TC006_WF6_Send_SMS_ETR_M - Date & Time Selected
17:14:28.136 [main] INFO  testCases.TC006_WF6_Send_SMS_ETR_M -  entered in  input
17:14:31.916 [main] INFO  testCases.TC006_WF6_Send_SMS_ETR_M - [Mrs.] is selected in List
17:14:32.358 [main] INFO  testCases.TC006_WF6_Send_SMS_ETR_M - Sudhakar entered in  input
17:14:32.818 [main] INFO  testCases.TC006_WF6_Send_SMS_ETR_M - 33333333333 entered in  input
17:14:33.213 [main] INFO  testCases.TC006_WF6_Send_SMS_ETR_M - 8,000 entered in  input
17:14:34.000 [main] INFO  testCases.TC006_WF6_Send_SMS_ETR_M - http://www.google.com/ entered in  input
17:14:37.560 [main] INFO  testCases.TC006_WF6_Send_SMS_ETR_M - [Dr.] is selected in List
17:14:38.058 [main] INFO  testCases.TC006_WF6_Send_SMS_ETR_M - TestNames entered in  input
17:14:38.782 [main] INFO  testCases.TC006_WF6_Send_SMS_ETR_M - testEnquiry@test.com entered in  input
17:14:39.532 [main] INFO  testCases.TC006_WF6_Send_SMS_ETR_M - Enquired about real estate entered in  input
17:14:46.673 [main] INFO  testCases.TC006_WF6_Send_SMS_ETR_M - RSoft World-Class CRM Software (Customer Relationship Management) solution has been helping all kinds of small and medium businesses to organise, automate and improve their business. Our 15+ years of experience in Sales and Marketing. RSoft makes your business run transparently and intelligently which projects your brand image and win your customers satisfaction. RSoft is way ahead of other CRM's with its new generation features. entered in  textarea
17:14:49.833 [main] INFO  testCases.TC006_WF6_Send_SMS_ETR_M - (//td[contains(@class,'today')])[2]
17:14:56.048 [main] INFO  testCases.TC006_WF6_Send_SMS_ETR_M - [+60] is selected in List
17:14:57.608 [main] INFO  testCases.TC006_WF6_Send_SMS_ETR_M - 2562299660 entered in  input
17:15:01.400 [main] INFO  testCases.TC006_WF6_Send_SMS_ETR_M - [Ordinary] is selected in List
17:15:07.008 [main] INFO  testCases.TC006_WF6_Send_SMS_ETR_M - [+91] is selected in List
17:15:08.699 [main] INFO  testCases.TC006_WF6_Send_SMS_ETR_M - 2430732637 entered in  input
17:15:09.265 [main] INFO  testCases.TC006_WF6_Send_SMS_ETR_M - Lead@rsoft.in entered in  input
17:15:09.799 [main] INFO  testCases.TC006_WF6_Send_SMS_ETR_M - Sample Text entered in  input
17:15:14.444 [main] INFO  testCases.TC006_WF6_Send_SMS_ETR_M - [+60] is selected in List
17:15:16.047 [main] INFO  testCases.TC006_WF6_Send_SMS_ETR_M - 2774830371 entered in  input
17:15:16.595 [main] INFO  testCases.TC006_WF6_Send_SMS_ETR_M - Sales@rsoft.in entered in  input
17:15:38.884 [main] INFO  testCases.TC006_WF6_Send_SMS_ETR_M - Excel file Utility instance created
17:15:38.934 [main] INFO  testCases.TC006_WF6_Send_SMS_ETR_M - Row Count is: 1
17:15:38.967 [main] INFO  testCases.TC006_WF6_Send_SMS_ETR_M - Col Count is: 52
17:15:38.967 [main] INFO  testCases.TC006_WF6_Send_SMS_ETR_M - Extracting DataSheet Values started...
17:15:40.614 [main] INFO  testCases.TC006_WF6_Send_SMS_ETR_M - Module Name : Direct Entry Module Data Passed : Actual Value is: CRMNotificationExpected Value is: CRMNotification
17:15:42.184 [main] INFO  testCases.TC006_WF6_Send_SMS_ETR_M - Summary Text:  Direct Entry Module Data Passed : Actual Value is: Testing ETR_MExpected Value is: Testing ETR_M
17:15:43.465 [main] INFO  testCases.TC006_WF6_Send_SMS_ETR_M - Mobile Title: Direct Entry Module Data Passed : Actual Value is: +65 2503380077Expected Value is: +65 2503380077
17:15:44.748 [main] INFO  testCases.TC006_WF6_Send_SMS_ETR_M - Email: Direct Entry Module Data Passed : Actual Value is: sudhakar@rsoft.inExpected Value is: sudhakar@rsoft.in
17:15:54.971 [main] INFO  testCases.TC006_WF6_Send_SMS_ETR_M - Summary AssignedTo:  Direct Entry Module Data Passed : Actual Value is: Sudhakar VEExpected Value is: Sudhakar VE
17:15:56.324 [main] INFO  testCases.TC006_WF6_Send_SMS_ETR_M - Summary Text:  Direct Entry Module Data Passed : Actual Value is: Testing ETR_MExpected Value is: Testing ETR_M
17:15:57.721 [main] INFO  testCases.TC006_WF6_Send_SMS_ETR_M - Summary Mobile Number:  Direct Entry Module Data Passed : Actual Value is: +65 2503380077Expected Value is: +65 2503380077
17:15:59.072 [main] INFO  testCases.TC006_WF6_Send_SMS_ETR_M - Summary Email :  Direct Entry Module Data Passed : Actual Value is: sudhakar@rsoft.inExpected Value is: sudhakar@rsoft.in
17:16:00.443 [main] INFO  testCases.TC006_WF6_Send_SMS_ETR_M - Summary PicListValue :  Direct Entry Module Data Passed : Actual Value is: 3Expected Value is: 3
17:16:01.806 [main] INFO  testCases.TC006_WF6_Send_SMS_ETR_M - Summary MuultiCombo Values :  Direct Entry Module Data Passed : Actual Value is: oneExpected Value is: one
17:16:03.193 [main] INFO  testCases.TC006_WF6_Send_SMS_ETR_M - Summary City:  Direct Entry Module Data Passed : Actual Value is: KanchipuramExpected Value is: Kanchipuram
17:16:04.569 [main] INFO  testCases.TC006_WF6_Send_SMS_ETR_M - Summary State:  Direct Entry Module Data Passed : Actual Value is: TamilnaduExpected Value is: Tamilnadu
17:16:05.919 [main] INFO  testCases.TC006_WF6_Send_SMS_ETR_M - Summary Country:  Direct Entry Module Data Passed : Actual Value is: IndiaExpected Value is: India
17:16:07.291 [main] INFO  testCases.TC006_WF6_Send_SMS_ETR_M - Summary CheckBox:  Direct Entry Module Data Passed : Actual Value is: YesExpected Value is: Yes
17:16:08.668 [main] INFO  testCases.TC006_WF6_Send_SMS_ETR_M - Summary Date:  Direct Entry Module Data Passed : Actual Value is: 2024-01-03Expected Value is: 2024-01-03
17:16:09.994 [main] INFO  testCases.TC006_WF6_Send_SMS_ETR_M - Summary Time:  Direct Entry Module Data Passed : Actual Value is: 02:35PMExpected Value is: 02:35PM
17:16:11.303 [main] INFO  testCases.TC006_WF6_Send_SMS_ETR_M - Summary Date & Time :  Direct Entry Module Data Passed : Actual Value is: 2024-01-03 05:00 PMExpected Value is: 2024-01-03 05:00 PM
17:16:12.723 [main] INFO  testCases.TC006_WF6_Send_SMS_ETR_M - Summary File Upload :  Direct Entry Module Data Passed : Actual Value is: annie-sprattExpected Value is: annie-spratt
17:16:14.050 [main] INFO  testCases.TC006_WF6_Send_SMS_ETR_M - Summary Name:  Direct Entry Module Data Passed : Actual Value is: Mrs. SudhakarExpected Value is: Mrs. Sudhakar
17:16:15.438 [main] INFO  testCases.TC006_WF6_Send_SMS_ETR_M - Summary Number:  Direct Entry Module Data Passed : Actual Value is: 33333333333Expected Value is: 33333333333
17:16:16.819 [main] INFO  testCases.TC006_WF6_Send_SMS_ETR_M - Summary Currency:  Direct Entry Module Data Failed : Actual Value is: 8000Expected Value is: 8,000
17:16:18.106 [main] INFO  testCases.TC006_WF6_Send_SMS_ETR_M - Summary Url:  Direct Entry Module Data Passed : Actual Value is: http://www.google.com/Expected Value is: http://www.google.com/
17:16:19.490 [main] INFO  testCases.TC006_WF6_Send_SMS_ETR_M - Summary Enquiry Name:  Direct Entry Module Data Passed : Actual Value is: Dr. TestNamesExpected Value is: Dr. TestNames
17:16:20.871 [main] INFO  testCases.TC006_WF6_Send_SMS_ETR_M - Summary Enquiry Email:  Direct Entry Module Data Passed : Actual Value is: testEnquiry@test.comExpected Value is: testEnquiry@test.com
17:16:22.286 [main] INFO  testCases.TC006_WF6_Send_SMS_ETR_M - Summary Enquiry Text:  Direct Entry Module Data Passed : Actual Value is: Enquired about real estateExpected Value is: Enquired about real estate
17:16:23.669 [main] INFO  testCases.TC006_WF6_Send_SMS_ETR_M - Summary Enquiry Text Area:  Direct Entry Module Data Passed : Actual Value is: RSoft World-Class CRM Software (Customer Relationship Management) solution has been helping all kinds of small and medium businesses to organise, automate and improve their business. Our 15+ years of experience in Sales and Marketing. RSoft makes your business run transparently and intelligently which projects your brand image and win your customers satisfaction. RSoft is way ahead of other CRM's with its new generation features.Expected Value is: RSoft World-Class CRM Software (Customer Relationship Management) solution has been helping all kinds of small and medium businesses to organise, automate and improve their business. Our 15+ years of experience in Sales and Marketing. RSoft makes your business run transparently and intelligently which projects your brand image and win your customers satisfaction. RSoft is way ahead of other CRM's with its new generation features.
17:16:25.058 [main] INFO  testCases.TC006_WF6_Send_SMS_ETR_M - Summary Enquiry Date:  Direct Entry Module Data Passed : Actual Value is: 2024-01-03Expected Value is: 2024-01-03
17:16:26.450 [main] INFO  testCases.TC006_WF6_Send_SMS_ETR_M - Summary Enquiry Phone Number:  Direct Entry Module Data Passed : Actual Value is: +60 2562299660Expected Value is: +60 2562299660
17:16:27.815 [main] INFO  testCases.TC006_WF6_Send_SMS_ETR_M - Summary Enquiry Category:  Direct Entry Module Data Passed : Actual Value is: OrdinaryExpected Value is: Ordinary
17:16:29.223 [main] INFO  testCases.TC006_WF6_Send_SMS_ETR_M - Summary Lead PhoneNumber:  Direct Entry Module Data Passed : Actual Value is: +91 2430732637Expected Value is: +91 2430732637
17:16:30.599 [main] INFO  testCases.TC006_WF6_Send_SMS_ETR_M - Summary Lead Email:  Direct Entry Module Data Passed : Actual Value is: Lead@rsoft.inExpected Value is: Lead@rsoft.in
17:16:31.965 [main] INFO  testCases.TC006_WF6_Send_SMS_ETR_M - Summary Lead Text:  Direct Entry Module Data Passed : Actual Value is: Sample TextExpected Value is: Sample Text
17:16:33.362 [main] INFO  testCases.TC006_WF6_Send_SMS_ETR_M - Summary Sales PhoneNumber:  Direct Entry Module Data Passed : Actual Value is: +60 2774830371Expected Value is: +60 2774830371
17:16:34.748 [main] INFO  testCases.TC006_WF6_Send_SMS_ETR_M - Summary Sales Email:  Direct Entry Module Data Passed : Actual Value is: Sales@rsoft.inExpected Value is: Sales@rsoft.in
17:16:51.301 [main] INFO  testCases.TC006_WF6_Send_SMS_ETR_M - Detail View AssignedTo:  Direct Entry Module Data Passed : Actual Value is: Sudhakar VEExpected Value is: Sudhakar VE
17:16:52.671 [main] INFO  testCases.TC006_WF6_Send_SMS_ETR_M - Detail View Text:  Direct Entry Module Data Passed : Actual Value is: Testing ETR_MExpected Value is: Testing ETR_M
17:16:54.039 [main] INFO  testCases.TC006_WF6_Send_SMS_ETR_M - Detail View Mobile Number:  Direct Entry Module Data Passed : Actual Value is: +65 2503380077Expected Value is: +65 2503380077
17:16:55.416 [main] INFO  testCases.TC006_WF6_Send_SMS_ETR_M - Detail View Email :  Direct Entry Module Data Passed : Actual Value is: sudhakar@rsoft.inExpected Value is: sudhakar@rsoft.in
17:16:56.818 [main] INFO  testCases.TC006_WF6_Send_SMS_ETR_M - Detail View PicListValue :  Direct Entry Module Data Passed : Actual Value is: 3Expected Value is: 3
17:16:58.187 [main] INFO  testCases.TC006_WF6_Send_SMS_ETR_M - Detail View MuultiCombo Values :  Direct Entry Module Data Passed : Actual Value is: oneExpected Value is: one
17:16:59.600 [main] INFO  testCases.TC006_WF6_Send_SMS_ETR_M - Detail View City:  Direct Entry Module Data Passed : Actual Value is: KanchipuramExpected Value is: Kanchipuram
17:17:00.933 [main] INFO  testCases.TC006_WF6_Send_SMS_ETR_M - Detail View Stat:  Direct Entry Module Data Passed : Actual Value is: TamilnaduExpected Value is: Tamilnadu
17:17:02.305 [main] INFO  testCases.TC006_WF6_Send_SMS_ETR_M - Detail View Country:  Direct Entry Module Data Passed : Actual Value is: IndiaExpected Value is: India
17:17:03.650 [main] INFO  testCases.TC006_WF6_Send_SMS_ETR_M - Detail View CheckBox:  Direct Entry Module Data Passed : Actual Value is: YesExpected Value is: Yes
17:17:05.051 [main] INFO  testCases.TC006_WF6_Send_SMS_ETR_M - Detail View Date:  Direct Entry Module Data Passed : Actual Value is: 2024-01-03Expected Value is: 2024-01-03
17:17:06.436 [main] INFO  testCases.TC006_WF6_Send_SMS_ETR_M - Detail View Time:  Direct Entry Module Data Failed : Actual Value is: 02:35 PMExpected Value is: 02:35PM
17:17:07.781 [main] INFO  testCases.TC006_WF6_Send_SMS_ETR_M - Detail View Date & Time :  Direct Entry Module Data Passed : Actual Value is: 2024-01-03 05:00 PMExpected Value is: 2024-01-03 05:00 PM
17:17:09.150 [main] INFO  testCases.TC006_WF6_Send_SMS_ETR_M - Detail View Related Module :  Direct Entry Module Data Passed : Actual Value is: Expected Value is: 
17:17:10.591 [main] INFO  testCases.TC006_WF6_Send_SMS_ETR_M - Detail View File Upload :  Direct Entry Module Data Passed : Actual Value is: annie-sprattExpected Value is: annie-spratt
17:17:11.983 [main] INFO  testCases.TC006_WF6_Send_SMS_ETR_M - Detail View Name:  Direct Entry Module Data Passed : Actual Value is: Mrs. SudhakarExpected Value is: Mrs. Sudhakar
17:17:13.385 [main] INFO  testCases.TC006_WF6_Send_SMS_ETR_M - Detail View Number:  Direct Entry Module Data Passed : Actual Value is: 33333333333Expected Value is: 33333333333
17:17:14.719 [main] INFO  testCases.TC006_WF6_Send_SMS_ETR_M - Detail View Currency:  Direct Entry Module Data Failed : Actual Value is: 8000Expected Value is: 8,000
17:17:16.014 [main] INFO  testCases.TC006_WF6_Send_SMS_ETR_M - Detail View Url:  Direct Entry Module Data Passed : Actual Value is: http://www.google.com/Expected Value is: http://www.google.com/
17:17:17.379 [main] INFO  testCases.TC006_WF6_Send_SMS_ETR_M - Detail View Enquiry Name:  Direct Entry Module Data Passed : Actual Value is: Dr. TestNamesExpected Value is: Dr. TestNames
17:17:18.766 [main] INFO  testCases.TC006_WF6_Send_SMS_ETR_M - Detail View Enquiry Email:  Direct Entry Module Data Passed : Actual Value is: testEnquiry@test.comExpected Value is: testEnquiry@test.com
17:17:20.100 [main] INFO  testCases.TC006_WF6_Send_SMS_ETR_M - Detail View Enquiry Text:  Direct Entry Module Data Passed : Actual Value is: Enquired about real estateExpected Value is: Enquired about real estate
17:17:21.481 [main] INFO  testCases.TC006_WF6_Send_SMS_ETR_M - Detail View Enquiry Text Area:  Direct Entry Module Data Passed : Actual Value is: RSoft World-Class CRM Software (Customer Relationship Management) solution has been helping all kinds of small and medium businesses to organise, automate and improve their business. Our 15+ years of experience in Sales and Marketing. RSoft makes your business run transparently and intelligently which projects your brand image and win your customers satisfaction. RSoft is way ahead of other CRM's with its new generation features.Expected Value is: RSoft World-Class CRM Software (Customer Relationship Management) solution has been helping all kinds of small and medium businesses to organise, automate and improve their business. Our 15+ years of experience in Sales and Marketing. RSoft makes your business run transparently and intelligently which projects your brand image and win your customers satisfaction. RSoft is way ahead of other CRM's with its new generation features.
17:17:22.858 [main] INFO  testCases.TC006_WF6_Send_SMS_ETR_M - Detail View Enquiry Date:  Direct Entry Module Data Passed : Actual Value is: 2024-01-03Expected Value is: 2024-01-03
17:17:24.197 [main] INFO  testCases.TC006_WF6_Send_SMS_ETR_M - Detail View Enquiry Phone Number:  Direct Entry Module Data Passed : Actual Value is: +60 2562299660Expected Value is: +60 2562299660
17:17:25.581 [main] INFO  testCases.TC006_WF6_Send_SMS_ETR_M - Detail View Enquiry Category:  Direct Entry Module Data Passed : Actual Value is: OrdinaryExpected Value is: Ordinary
17:17:26.915 [main] INFO  testCases.TC006_WF6_Send_SMS_ETR_M - DT Lead Mobile Number:  Direct Entry Module Data Passed : Actual Value is: +91 2430732637Expected Value is: +91 2430732637
17:17:28.265 [main] INFO  testCases.TC006_WF6_Send_SMS_ETR_M - DT View Lead Email  Direct Entry Module Data Passed : Actual Value is: Lead@rsoft.inExpected Value is: Lead@rsoft.in
17:17:29.614 [main] INFO  testCases.TC006_WF6_Send_SMS_ETR_M - DT View Lead Text Direct Entry Module Data Passed : Actual Value is: Sample TextExpected Value is: Sample Text
17:17:30.943 [main] INFO  testCases.TC006_WF6_Send_SMS_ETR_M - DT Sales Mobile Number:  Direct Entry Module Data Passed : Actual Value is: +60 2774830371Expected Value is: +60 2774830371
17:17:32.297 [main] INFO  testCases.TC006_WF6_Send_SMS_ETR_M - DT View Sales EmailDirect Entry Module Data Passed : Actual Value is: Sales@rsoft.inExpected Value is: Sales@rsoft.in
17:18:00.962 [main] INFO  testCases.TC006_WF6_Send_SMS_ETR_M - [SMS Notifiers] is selected in List
17:18:04.532 [main] INFO  testCases.TC006_WF6_Send_SMS_ETR_M - 2503380077 entered in  input
17:18:15.254 [main] INFO  testCases.TC006_WF6_Send_SMS_ETR_M - SMS Count:1
17:18:15.264 [main] INFO  testCases.TC006_WF6_Send_SMS_ETR_M - Passed: SMS Not Received after New Record Add -2503380077
17:18:20.102 [main] INFO  testCases.TC006_WF6_Send_SMS_ETR_M - 2562299660 entered in  input
17:18:29.063 [main] INFO  testCases.TC006_WF6_Send_SMS_ETR_M - SMS Count:1
17:18:29.063 [main] INFO  testCases.TC006_WF6_Send_SMS_ETR_M - Passed: SMS Not Received after New Record Add -2562299660
17:18:33.947 [main] INFO  testCases.TC006_WF6_Send_SMS_ETR_M - 2430732637 entered in  input
17:18:50.331 [main] INFO  testCases.TC006_WF6_Send_SMS_ETR_M - SMS Count:1
17:18:50.331 [main] INFO  testCases.TC006_WF6_Send_SMS_ETR_M - Passed: SMS Not Received after New Record Add -2430732637
17:19:03.540 [main] INFO  testCases.TC006_WF6_Send_SMS_ETR_M - [CRMNotification] is selected in List
17:19:21.665 [main] INFO  testCases.TC006_WF6_Send_SMS_ETR_M - Excel file Utility instance created
17:19:21.699 [main] INFO  testCases.TC006_WF6_Send_SMS_ETR_M - Row Count is: 1
17:19:21.730 [main] INFO  testCases.TC006_WF6_Send_SMS_ETR_M - Col Count is: 52
17:19:21.731 [main] INFO  testCases.TC006_WF6_Send_SMS_ETR_M - Extracting DataSheet Values started...
17:19:22.877 [main] INFO  testCases.TC006_WF6_Send_SMS_ETR_M - Before Adding Module data
17:19:26.063 [main] INFO  testCases.TC006_WF6_Send_SMS_ETR_M - Assinged To Drop Down clicked
17:19:31.406 [main] INFO  testCases.TC006_WF6_Send_SMS_ETR_M - [Sudhakar VE] is selected in List
17:19:31.406 [main] INFO  testCases.TC006_WF6_Send_SMS_ETR_M - Assinged To Value Seleted is::  Sudhakar VE
17:19:32.185 [main] INFO  testCases.TC006_WF6_Send_SMS_ETR_M - New Add Text : Testing ETR_M entered in  input
17:19:32.192 [main] INFO  testCases.TC006_WF6_Send_SMS_ETR_M - Text Value added is::  New Add Text : Testing ETR_M
17:19:33.397 [main] INFO  testCases.TC006_WF6_Send_SMS_ETR_M - Phone NUmber prefix clicked :  
17:19:36.818 [main] INFO  testCases.TC006_WF6_Send_SMS_ETR_M - [+65] is selected in List
17:19:36.818 [main] INFO  testCases.TC006_WF6_Send_SMS_ETR_M - Phone NUmber selected is :  2503380077
17:19:37.345 [main] INFO  testCases.TC006_WF6_Send_SMS_ETR_M - 2503380077 entered in  input
17:19:39.066 [main] INFO  testCases.TC006_WF6_Send_SMS_ETR_M - sudhavijayarag@gmail.com entered in  input
17:19:40.080 [main] INFO  testCases.TC006_WF6_Send_SMS_ETR_M - Email Added is: sudhavijayarag@gmail.com
17:19:40.214 [main] INFO  testCases.TC006_WF6_Send_SMS_ETR_M - Picklist clicked
17:19:44.743 [main] INFO  testCases.TC006_WF6_Send_SMS_ETR_M - [4] is selected in List
17:19:44.743 [main] INFO  testCases.TC006_WF6_Send_SMS_ETR_M - Picklist selected: 4
17:19:54.476 [main] INFO  testCases.TC006_WF6_Send_SMS_ETR_M -  Item selected in Multi combox Box: [[ChromeDriver: chrome on windows (7f2aaa2b31d05cb8d20a5245c6bc75c7)] -> xpath: //li[@role='treeitem']]
17:19:57.495 [main] INFO  testCases.TC006_WF6_Send_SMS_ETR_M - MultiCombo box values: two
17:19:58.679 [main] INFO  testCases.TC006_WF6_Send_SMS_ETR_M - City Drop Down clicked
17:20:02.235 [main] INFO  testCases.TC006_WF6_Send_SMS_ETR_M - [Chennai] is selected in List
17:20:02.235 [main] INFO  testCases.TC006_WF6_Send_SMS_ETR_M - City Selected: Chennai
17:20:03.422 [main] INFO  testCases.TC006_WF6_Send_SMS_ETR_M - State Drop Down clicked
17:20:07.448 [main] INFO  testCases.TC006_WF6_Send_SMS_ETR_M - [Tamilnadu] is selected in List
17:20:07.448 [main] INFO  testCases.TC006_WF6_Send_SMS_ETR_M - State Selected: Tamilnadu
17:20:08.652 [main] INFO  testCases.TC006_WF6_Send_SMS_ETR_M - Country List clicked
17:20:11.995 [main] INFO  testCases.TC006_WF6_Send_SMS_ETR_M - [India] is selected in List
17:20:11.995 [main] INFO  testCases.TC006_WF6_Send_SMS_ETR_M - Country Selected: India
17:20:13.206 [main] INFO  testCases.TC006_WF6_Send_SMS_ETR_M - Checkbox clicked
17:20:13.356 [main] INFO  testCases.TC006_WF6_Send_SMS_ETR_M - DateBox clicked
17:20:16.362 [main] INFO  testCases.TC006_WF6_Send_SMS_ETR_M - (//td[contains(@class,'today')])[1]
17:20:17.561 [main] INFO  testCases.TC006_WF6_Send_SMS_ETR_M - Today Date Selected
17:20:18.689 [main] INFO  testCases.TC006_WF6_Send_SMS_ETR_M - Time Clicked
17:20:25.378 [main] INFO  testCases.TC006_WF6_Send_SMS_ETR_M - Time Selected is: 02:36 PM
17:20:26.567 [main] INFO  testCases.TC006_WF6_Send_SMS_ETR_M - Date & Time Clicked
17:20:31.579 [main] INFO  testCases.TC006_WF6_Send_SMS_ETR_M - (//td[contains(@class,'today')])[2]
17:20:34.844 [main] INFO  testCases.TC006_WF6_Send_SMS_ETR_M - Clicked Current Date in Date&Time
17:20:35.047 [main] INFO  testCases.TC006_WF6_Send_SMS_ETR_M - Date & Time Selected
17:20:35.815 [main] INFO  testCases.TC006_WF6_Send_SMS_ETR_M -  entered in  input
17:20:39.415 [main] INFO  testCases.TC006_WF6_Send_SMS_ETR_M - [Mrs.] is selected in List
17:20:39.878 [main] INFO  testCases.TC006_WF6_Send_SMS_ETR_M - Sudhakar entered in  input
17:20:40.377 [main] INFO  testCases.TC006_WF6_Send_SMS_ETR_M - 44444444444 entered in  input
17:20:40.751 [main] INFO  testCases.TC006_WF6_Send_SMS_ETR_M - 70,000 entered in  input
17:20:41.445 [main] INFO  testCases.TC006_WF6_Send_SMS_ETR_M - http://www.google.com/ entered in  input
17:20:45.032 [main] INFO  testCases.TC006_WF6_Send_SMS_ETR_M - [Dr.] is selected in List
17:20:45.586 [main] INFO  testCases.TC006_WF6_Send_SMS_ETR_M - Annie spratt entered in  input
17:20:46.200 [main] INFO  testCases.TC006_WF6_Send_SMS_ETR_M - secondadd@gmail.com entered in  input
17:20:46.748 [main] INFO  testCases.TC006_WF6_Send_SMS_ETR_M - new text added  entered in  input
17:20:53.778 [main] INFO  testCases.TC006_WF6_Send_SMS_ETR_M - RSoft World-Class CRM Software (Customer Relationship Management) solution has been helping all kinds of small and medium businesses to organise, automate and improve their business. Our 15+ years of experience in Sales and Marketing. RSoft makes your business run transparently and intelligently which projects your brand image and win your customers satisfaction. RSoft is way ahead of other CRM's with its new generation features. entered in  textarea
17:20:56.945 [main] INFO  testCases.TC006_WF6_Send_SMS_ETR_M - (//td[contains(@class,'today')])[2]
17:21:02.966 [main] INFO  testCases.TC006_WF6_Send_SMS_ETR_M - [+60] is selected in List
17:21:04.555 [main] INFO  testCases.TC006_WF6_Send_SMS_ETR_M - 2562299660 entered in  input
17:21:08.329 [main] INFO  testCases.TC006_WF6_Send_SMS_ETR_M - [Urgent] is selected in List
17:21:13.950 [main] INFO  testCases.TC006_WF6_Send_SMS_ETR_M - [+91] is selected in List
17:21:15.505 [main] INFO  testCases.TC006_WF6_Send_SMS_ETR_M - 2430732637 entered in  input
17:21:16.095 [main] INFO  testCases.TC006_WF6_Send_SMS_ETR_M - CRM_Lead@text.com entered in  input
17:21:16.607 [main] INFO  testCases.TC006_WF6_Send_SMS_ETR_M - Lead Text entered in  input
17:21:21.186 [main] INFO  testCases.TC006_WF6_Send_SMS_ETR_M - [+60] is selected in List
17:21:22.787 [main] INFO  testCases.TC006_WF6_Send_SMS_ETR_M - 2774830371 entered in  input
17:21:23.361 [main] INFO  testCases.TC006_WF6_Send_SMS_ETR_M - Sales@rsoft.in entered in  input
17:21:44.110 [main] INFO  testCases.TC006_WF6_Send_SMS_ETR_M - Excel file Utility instance created
17:21:44.161 [main] INFO  testCases.TC006_WF6_Send_SMS_ETR_M - Row Count is: 1
17:21:44.194 [main] INFO  testCases.TC006_WF6_Send_SMS_ETR_M - Col Count is: 52
17:21:44.194 [main] INFO  testCases.TC006_WF6_Send_SMS_ETR_M - Extracting DataSheet Values started...
17:21:45.538 [main] INFO  testCases.TC006_WF6_Send_SMS_ETR_M - Module Name : Summary Add Data Validation Passed : Actual Value is: CRMNotificationExpected Value is: CRMNotification
17:21:47.128 [main] INFO  testCases.TC006_WF6_Send_SMS_ETR_M - Summary Text:  Summary Add Data Validation Failed : Actual Value is: New Add Text : Testing ET...Expected Value is: New Add Text : Testing ETR_M
17:21:48.424 [main] INFO  testCases.TC006_WF6_Send_SMS_ETR_M - Mobile Title: Summary Add Data Validation Passed : Actual Value is: +65 2503380077Expected Value is: +65 2503380077
17:21:49.742 [main] INFO  testCases.TC006_WF6_Send_SMS_ETR_M - Email: Summary Add Data Validation Passed : Actual Value is: sudhavijayarag@gmail.comExpected Value is: sudhavijayarag@gmail.com
17:21:58.880 [main] INFO  testCases.TC006_WF6_Send_SMS_ETR_M - Summary AssignedTo:  Summary Add Data Validation Passed : Actual Value is: Sudhakar VEExpected Value is: Sudhakar VE
17:22:00.245 [main] INFO  testCases.TC006_WF6_Send_SMS_ETR_M - Summary Text:  Summary Add Data Validation Passed : Actual Value is: New Add Text : Testing ETR_MExpected Value is: New Add Text : Testing ETR_M
17:22:01.635 [main] INFO  testCases.TC006_WF6_Send_SMS_ETR_M - Summary Mobile Number:  Summary Add Data Validation Passed : Actual Value is: +65 2503380077Expected Value is: +65 2503380077
17:22:02.966 [main] INFO  testCases.TC006_WF6_Send_SMS_ETR_M - Summary Email :  Summary Add Data Validation Passed : Actual Value is: sudhavijayarag@gmail.comExpected Value is: sudhavijayarag@gmail.com
17:22:04.329 [main] INFO  testCases.TC006_WF6_Send_SMS_ETR_M - Summary PicListValue :  Summary Add Data Validation Passed : Actual Value is: 4Expected Value is: 4
17:22:05.679 [main] INFO  testCases.TC006_WF6_Send_SMS_ETR_M - Summary MuultiCombo Values :  Summary Add Data Validation Passed : Actual Value is: twoExpected Value is: two
17:22:07.098 [main] INFO  testCases.TC006_WF6_Send_SMS_ETR_M - Summary City:  Summary Add Data Validation Passed : Actual Value is: ChennaiExpected Value is: Chennai
17:22:08.499 [main] INFO  testCases.TC006_WF6_Send_SMS_ETR_M - Summary State:  Summary Add Data Validation Passed : Actual Value is: TamilnaduExpected Value is: Tamilnadu
17:22:09.935 [main] INFO  testCases.TC006_WF6_Send_SMS_ETR_M - Summary Country:  Summary Add Data Validation Passed : Actual Value is: IndiaExpected Value is: India
17:22:11.283 [main] INFO  testCases.TC006_WF6_Send_SMS_ETR_M - Summary CheckBox:  Summary Add Data Validation Passed : Actual Value is: YesExpected Value is: Yes
17:22:12.665 [main] INFO  testCases.TC006_WF6_Send_SMS_ETR_M - Summary Date:  Summary Add Data Validation Passed : Actual Value is: 2024-01-03Expected Value is: 2024-01-03
17:22:14.015 [main] INFO  testCases.TC006_WF6_Send_SMS_ETR_M - Summary Time:  Summary Add Data Validation Passed : Actual Value is: 02:35PMExpected Value is: 02:35PM
17:22:15.396 [main] INFO  testCases.TC006_WF6_Send_SMS_ETR_M - Summary Date & Time :  Summary Add Data Validation Passed : Actual Value is: 2024-01-03 05:00 PMExpected Value is: 2024-01-03 05:00 PM
17:22:16.824 [main] INFO  testCases.TC006_WF6_Send_SMS_ETR_M - Summary File Upload :  Summary Add Data Validation Passed : Actual Value is: annie-sprattExpected Value is: annie-spratt
17:22:18.200 [main] INFO  testCases.TC006_WF6_Send_SMS_ETR_M - Summary Name:  Summary Add Data Validation Passed : Actual Value is: Mrs. SudhakarExpected Value is: Mrs. Sudhakar
17:22:19.566 [main] INFO  testCases.TC006_WF6_Send_SMS_ETR_M - Summary Number:  Summary Add Data Validation Passed : Actual Value is: 44444444444Expected Value is: 44444444444
17:22:20.951 [main] INFO  testCases.TC006_WF6_Send_SMS_ETR_M - Summary Currency:  Summary Add Data Validation Failed : Actual Value is: 70000Expected Value is: 70,000
17:22:22.259 [main] INFO  testCases.TC006_WF6_Send_SMS_ETR_M - Summary Url:  Summary Add Data Validation Passed : Actual Value is: http://www.google.com/Expected Value is: http://www.google.com/
17:22:23.635 [main] INFO  testCases.TC006_WF6_Send_SMS_ETR_M - Summary Enquiry Name:  Summary Add Data Validation Failed : Actual Value is: Dr. AnnieExpected Value is: Dr. Annie spratt
17:22:24.998 [main] INFO  testCases.TC006_WF6_Send_SMS_ETR_M - Summary Enquiry Email:  Summary Add Data Validation Passed : Actual Value is: secondadd@gmail.comExpected Value is: secondadd@gmail.com
17:22:26.379 [main] INFO  testCases.TC006_WF6_Send_SMS_ETR_M - Summary Enquiry Text:  Summary Add Data Validation Passed : Actual Value is: new text addedExpected Value is: new text added 
17:22:27.746 [main] INFO  testCases.TC006_WF6_Send_SMS_ETR_M - Summary Enquiry Text Area:  Summary Add Data Validation Passed : Actual Value is: RSoft World-Class CRM Software (Customer Relationship Management) solution has been helping all kinds of small and medium businesses to organise, automate and improve their business. Our 15+ years of experience in Sales and Marketing. RSoft makes your business run transparently and intelligently which projects your brand image and win your customers satisfaction. RSoft is way ahead of other CRM's with its new generation features.Expected Value is: RSoft World-Class CRM Software (Customer Relationship Management) solution has been helping all kinds of small and medium businesses to organise, automate and improve their business. Our 15+ years of experience in Sales and Marketing. RSoft makes your business run transparently and intelligently which projects your brand image and win your customers satisfaction. RSoft is way ahead of other CRM's with its new generation features.
17:22:29.127 [main] INFO  testCases.TC006_WF6_Send_SMS_ETR_M - Summary Enquiry Date:  Summary Add Data Validation Passed : Actual Value is: 2024-01-03Expected Value is: 2024-01-03
17:22:30.483 [main] INFO  testCases.TC006_WF6_Send_SMS_ETR_M - Summary Enquiry Phone Number:  Summary Add Data Validation Passed : Actual Value is: +60 2562299660Expected Value is: +60 2562299660
17:22:31.842 [main] INFO  testCases.TC006_WF6_Send_SMS_ETR_M - Summary Enquiry Category:  Summary Add Data Validation Passed : Actual Value is: UrgentExpected Value is: Urgent
17:22:33.283 [main] INFO  testCases.TC006_WF6_Send_SMS_ETR_M - Summary Lead PhoneNumber:  Summary Add Data Validation Passed : Actual Value is: +91 2430732637Expected Value is: +91 2430732637
17:22:34.625 [main] INFO  testCases.TC006_WF6_Send_SMS_ETR_M - Summary Lead Email:  Summary Add Data Validation Passed : Actual Value is: CRM_Lead@text.comExpected Value is: CRM_Lead@text.com
17:22:35.909 [main] INFO  testCases.TC006_WF6_Send_SMS_ETR_M - Summary Lead Text:  Summary Add Data Validation Passed : Actual Value is: Lead TextExpected Value is: Lead Text
17:22:37.299 [main] INFO  testCases.TC006_WF6_Send_SMS_ETR_M - Summary Sales PhoneNumber:  Summary Add Data Validation Passed : Actual Value is: +60 2774830371Expected Value is: +60 2774830371
17:22:38.659 [main] INFO  testCases.TC006_WF6_Send_SMS_ETR_M - Summary Sales Email:  Summary Add Data Validation Passed : Actual Value is: Sales@rsoft.inExpected Value is: Sales@rsoft.in
17:22:46.685 [main] INFO  testCases.TC006_WF6_Send_SMS_ETR_M - Detail View AssignedTo:  Summary Add Data Validation Passed : Actual Value is: Sudhakar VEExpected Value is: Sudhakar VE
17:22:48.042 [main] INFO  testCases.TC006_WF6_Send_SMS_ETR_M - Detail View Text:  Summary Add Data Validation Passed : Actual Value is: New Add Text : Testing ETR_MExpected Value is: New Add Text : Testing ETR_M
17:22:49.410 [main] INFO  testCases.TC006_WF6_Send_SMS_ETR_M - Detail View Mobile Number:  Summary Add Data Validation Passed : Actual Value is: +65 2503380077Expected Value is: +65 2503380077
17:22:50.814 [main] INFO  testCases.TC006_WF6_Send_SMS_ETR_M - Detail View Email :  Summary Add Data Validation Passed : Actual Value is: sudhavijayarag@gmail.comExpected Value is: sudhavijayarag@gmail.com
17:22:52.166 [main] INFO  testCases.TC006_WF6_Send_SMS_ETR_M - Detail View PicListValue :  Summary Add Data Validation Passed : Actual Value is: 4Expected Value is: 4
17:22:53.542 [main] INFO  testCases.TC006_WF6_Send_SMS_ETR_M - Detail View MuultiCombo Values :  Summary Add Data Validation Passed : Actual Value is: twoExpected Value is: two
17:22:54.929 [main] INFO  testCases.TC006_WF6_Send_SMS_ETR_M - Detail View City:  Summary Add Data Validation Passed : Actual Value is: ChennaiExpected Value is: Chennai
17:22:56.310 [main] INFO  testCases.TC006_WF6_Send_SMS_ETR_M - Detail View Stat:  Summary Add Data Validation Passed : Actual Value is: TamilnaduExpected Value is: Tamilnadu
17:22:57.667 [main] INFO  testCases.TC006_WF6_Send_SMS_ETR_M - Detail View Country:  Summary Add Data Validation Passed : Actual Value is: IndiaExpected Value is: India
17:22:58.997 [main] INFO  testCases.TC006_WF6_Send_SMS_ETR_M - Detail View CheckBox:  Summary Add Data Validation Passed : Actual Value is: YesExpected Value is: Yes
17:23:00.344 [main] INFO  testCases.TC006_WF6_Send_SMS_ETR_M - Detail View Date:  Summary Add Data Validation Passed : Actual Value is: 2024-01-03Expected Value is: 2024-01-03
17:23:01.729 [main] INFO  testCases.TC006_WF6_Send_SMS_ETR_M - Detail View Time:  Summary Add Data Validation Failed : Actual Value is: 02:35 PMExpected Value is: 02:35PM
17:23:03.128 [main] INFO  testCases.TC006_WF6_Send_SMS_ETR_M - Detail View Date & Time :  Summary Add Data Validation Passed : Actual Value is: 2024-01-03 05:00 PMExpected Value is: 2024-01-03 05:00 PM
17:23:04.498 [main] INFO  testCases.TC006_WF6_Send_SMS_ETR_M - Detail View Related Module :  Summary Add Data Validation Passed : Actual Value is: Expected Value is: 
17:23:05.902 [main] INFO  testCases.TC006_WF6_Send_SMS_ETR_M - Detail View File Upload :  Summary Add Data Validation Passed : Actual Value is: annie-sprattExpected Value is: annie-spratt
17:23:07.285 [main] INFO  testCases.TC006_WF6_Send_SMS_ETR_M - Detail View Name:  Summary Add Data Validation Passed : Actual Value is: Mrs. SudhakarExpected Value is: Mrs. Sudhakar
17:23:08.681 [main] INFO  testCases.TC006_WF6_Send_SMS_ETR_M - Detail View Number:  Summary Add Data Validation Passed : Actual Value is: 44444444444Expected Value is: 44444444444
17:23:10.026 [main] INFO  testCases.TC006_WF6_Send_SMS_ETR_M - Detail View Currency:  Summary Add Data Validation Failed : Actual Value is: 70000Expected Value is: 70,000
17:23:11.379 [main] INFO  testCases.TC006_WF6_Send_SMS_ETR_M - Detail View Url:  Summary Add Data Validation Passed : Actual Value is: http://www.google.com/Expected Value is: http://www.google.com/
17:23:12.766 [main] INFO  testCases.TC006_WF6_Send_SMS_ETR_M - Detail View Enquiry Name:  Summary Add Data Validation Failed : Actual Value is: Dr. AnnieExpected Value is: Dr. Annie spratt
17:23:14.114 [main] INFO  testCases.TC006_WF6_Send_SMS_ETR_M - Detail View Enquiry Email:  Summary Add Data Validation Passed : Actual Value is: secondadd@gmail.comExpected Value is: secondadd@gmail.com
17:23:15.497 [main] INFO  testCases.TC006_WF6_Send_SMS_ETR_M - Detail View Enquiry Text:  Summary Add Data Validation Passed : Actual Value is: new text addedExpected Value is: new text added 
17:23:16.877 [main] INFO  testCases.TC006_WF6_Send_SMS_ETR_M - Detail View Enquiry Text Area:  Summary Add Data Validation Passed : Actual Value is: RSoft World-Class CRM Software (Customer Relationship Management) solution has been helping all kinds of small and medium businesses to organise, automate and improve their business. Our 15+ years of experience in Sales and Marketing. RSoft makes your business run transparently and intelligently which projects your brand image and win your customers satisfaction. RSoft is way ahead of other CRM's with its new generation features.Expected Value is: RSoft World-Class CRM Software (Customer Relationship Management) solution has been helping all kinds of small and medium businesses to organise, automate and improve their business. Our 15+ years of experience in Sales and Marketing. RSoft makes your business run transparently and intelligently which projects your brand image and win your customers satisfaction. RSoft is way ahead of other CRM's with its new generation features.
17:23:18.266 [main] INFO  testCases.TC006_WF6_Send_SMS_ETR_M - Detail View Enquiry Date:  Summary Add Data Validation Passed : Actual Value is: 2024-01-03Expected Value is: 2024-01-03
17:23:19.625 [main] INFO  testCases.TC006_WF6_Send_SMS_ETR_M - Detail View Enquiry Phone Number:  Summary Add Data Validation Passed : Actual Value is: +60 2562299660Expected Value is: +60 2562299660
17:23:20.992 [main] INFO  testCases.TC006_WF6_Send_SMS_ETR_M - Detail View Enquiry Category:  Summary Add Data Validation Passed : Actual Value is: UrgentExpected Value is: Urgent
