15:59:01.236 [main] INFO  utilities.UtilityCustomFunctions - Retrieved Action Type:Send notification
15:59:01.236 [main] INFO  utilities.UtilityCustomFunctions - Retrieved Action Title:tskNT_ExecuteTask_DTBeforeMinutes
15:59:01.236 [main] INFO  utilities.UtilityCustomFunctions - Retrieved Expected Action Type:Send notification
15:59:01.236 [main] INFO  utilities.UtilityCustomFunctions - Retrieved Expected Action Title:tskNT_ExecuteTask_DTAfterMinutes
15:59:01.436 [main] INFO  utilities.UtilityCustomFunctions - Retrieved Action Type:Send notification
15:59:01.436 [main] INFO  utilities.UtilityCustomFunctions - Retrieved Action Title:tskNT_ExecuteTask_DTAfterDays
15:59:01.436 [main] INFO  utilities.UtilityCustomFunctions - Retrieved Expected Action Type:Send notification
15:59:01.436 [main] INFO  utilities.UtilityCustomFunctions - Retrieved Expected Action Title:tskNT_ExecuteTask_DTAfterMinutes
15:59:01.653 [main] INFO  utilities.UtilityCustomFunctions - Retrieved Action Type:Send notification
15:59:01.653 [main] INFO  utilities.UtilityCustomFunctions - Retrieved Action Title:tskNT_ExecuteTask_DTAfterHours
15:59:01.653 [main] INFO  utilities.UtilityCustomFunctions - Retrieved Expected Action Type:Send notification
15:59:01.653 [main] INFO  utilities.UtilityCustomFunctions - Retrieved Expected Action Title:tskNT_ExecuteTask_DTAfterMinutes
15:59:01.852 [main] INFO  utilities.UtilityCustomFunctions - Retrieved Action Type:Send notification
15:59:01.852 [main] INFO  utilities.UtilityCustomFunctions - Retrieved Action Title:tskNT_ExecuteTask_DTAfterMinutes
15:59:01.852 [main] INFO  utilities.UtilityCustomFunctions - Retrieved Expected Action Type:Send notification
15:59:01.852 [main] INFO  utilities.UtilityCustomFunctions - Retrieved Expected Action Title:tskNT_ExecuteTask_DTAfterMinutes
15:59:01.852 [main] INFO  testCases.ExecuteTask.Notification.TC031_NT_ET_ETRS_DTAfterMinutes - Action Type and Action Tile matches and also Task Button Enabled
15:59:02.052 [main] INFO  utilities.UtilityCustomFunctions - Retrieved Action Type:Send notification
15:59:02.052 [main] INFO  utilities.UtilityCustomFunctions - Retrieved Action Title:tskNT_ExecuteTask_TimeBeforeMinutes
15:59:02.052 [main] INFO  utilities.UtilityCustomFunctions - Retrieved Expected Action Type:Send notification
15:59:02.052 [main] INFO  utilities.UtilityCustomFunctions - Retrieved Expected Action Title:tskNT_ExecuteTask_DTAfterMinutes
15:59:02.252 [main] INFO  utilities.UtilityCustomFunctions - Retrieved Action Type:Send notification
15:59:02.252 [main] INFO  utilities.UtilityCustomFunctions - Retrieved Action Title:tskNT_ExecuteTask_TimeBeforeHours
15:59:02.252 [main] INFO  utilities.UtilityCustomFunctions - Retrieved Expected Action Type:Send notification
15:59:02.252 [main] INFO  utilities.UtilityCustomFunctions - Retrieved Expected Action Title:tskNT_ExecuteTask_DTAfterMinutes
15:59:02.470 [main] INFO  utilities.UtilityCustomFunctions - Retrieved Action Type:Send notification
15:59:02.470 [main] INFO  utilities.UtilityCustomFunctions - Retrieved Action Title:tskNT_ExecuteTask_CTAfterMinutes
15:59:02.470 [main] INFO  utilities.UtilityCustomFunctions - Retrieved Expected Action Type:Send notification
15:59:02.470 [main] INFO  utilities.UtilityCustomFunctions - Retrieved Expected Action Title:tskNT_ExecuteTask_DTAfterMinutes
15:59:02.703 [main] INFO  utilities.UtilityCustomFunctions - Retrieved Action Type:Send notification
15:59:02.703 [main] INFO  utilities.UtilityCustomFunctions - Retrieved Action Title:tskNT_ExecuteTask_TimeAfterHours
15:59:02.703 [main] INFO  utilities.UtilityCustomFunctions - Retrieved Expected Action Type:Send notification
15:59:02.703 [main] INFO  utilities.UtilityCustomFunctions - Retrieved Expected Action Title:tskNT_ExecuteTask_DTAfterMinutes
15:59:02.922 [main] INFO  utilities.UtilityCustomFunctions - Retrieved Action Type:Send notification
15:59:02.922 [main] INFO  utilities.UtilityCustomFunctions - Retrieved Action Title:tskNT_ExecuteTask_DateBeforeDays
15:59:02.922 [main] INFO  utilities.UtilityCustomFunctions - Retrieved Expected Action Type:Send notification
15:59:02.922 [main] INFO  utilities.UtilityCustomFunctions - Retrieved Expected Action Title:tskNT_ExecuteTask_DTAfterMinutes
15:59:03.119 [main] INFO  utilities.UtilityCustomFunctions - Retrieved Action Type:Send notification
15:59:03.119 [main] INFO  utilities.UtilityCustomFunctions - Retrieved Action Title:tskNT_ExecuteTask_DateAfterDays
15:59:03.119 [main] INFO  utilities.UtilityCustomFunctions - Retrieved Expected Action Type:Send notification
15:59:03.119 [main] INFO  utilities.UtilityCustomFunctions - Retrieved Expected Action Title:tskNT_ExecuteTask_DTAfterMinutes
15:59:03.351 [main] INFO  utilities.UtilityCustomFunctions - Retrieved Action Type:Send notification
15:59:03.351 [main] INFO  utilities.UtilityCustomFunctions - Retrieved Action Title:tskNT_ExecuteTask_MTAfterDays
15:59:03.351 [main] INFO  utilities.UtilityCustomFunctions - Retrieved Expected Action Type:Send notification
15:59:03.351 [main] INFO  utilities.UtilityCustomFunctions - Retrieved Expected Action Title:tskNT_ExecuteTask_DTAfterMinutes
15:59:03.568 [main] INFO  utilities.UtilityCustomFunctions - Retrieved Action Type:Send notification
15:59:03.568 [main] INFO  utilities.UtilityCustomFunctions - Retrieved Action Title:tskNT_ExecuteTask_MTAfterHours
15:59:03.568 [main] INFO  utilities.UtilityCustomFunctions - Retrieved Expected Action Type:Send notification
15:59:03.568 [main] INFO  utilities.UtilityCustomFunctions - Retrieved Expected Action Title:tskNT_ExecuteTask_DTAfterMinutes
15:59:03.800 [main] INFO  utilities.UtilityCustomFunctions - Retrieved Action Type:Send notification
15:59:03.800 [main] INFO  utilities.UtilityCustomFunctions - Retrieved Action Title:tskNT_ExecuteTask_MTAfterMinutes
15:59:03.800 [main] INFO  utilities.UtilityCustomFunctions - Retrieved Expected Action Type:Send notification
15:59:03.800 [main] INFO  utilities.UtilityCustomFunctions - Retrieved Expected Action Title:tskNT_ExecuteTask_DTAfterMinutes
15:59:04.019 [main] INFO  utilities.UtilityCustomFunctions - Retrieved Action Type:Send notification
15:59:04.019 [main] INFO  utilities.UtilityCustomFunctions - Retrieved Action Title:tskNT_ExecuteTask_CTAfterDays
15:59:04.019 [main] INFO  utilities.UtilityCustomFunctions - Retrieved Expected Action Type:Send notification
15:59:04.019 [main] INFO  utilities.UtilityCustomFunctions - Retrieved Expected Action Title:tskNT_ExecuteTask_DTAfterMinutes
15:59:04.219 [main] INFO  utilities.UtilityCustomFunctions - Retrieved Action Type:Send notification
15:59:04.219 [main] INFO  utilities.UtilityCustomFunctions - Retrieved Action Title:tskNT_ExecuteTask_CTAfterHours
15:59:04.219 [main] INFO  utilities.UtilityCustomFunctions - Retrieved Expected Action Type:Send notification
15:59:04.219 [main] INFO  utilities.UtilityCustomFunctions - Retrieved Expected Action Title:tskNT_ExecuteTask_DTAfterMinutes
15:59:05.235 [main] INFO  utilities.UtilityCustomFunctions - Out of for loop:false
15:59:08.322 [main] INFO  testCases.ExecuteTask.Notification.TC031_NT_ET_ETRS_DTAfterMinutes - Clicked Workflow and Navigated to Task Page
15:59:08.322 [main] INFO  testCases.ExecuteTask.Notification.TC031_NT_ET_ETRS_DTAfterMinutes - Task Active Send notification  tskNT_ExecuteTask_DTAfterMinutes
15:59:19.229 [main] INFO  utilities.UtilityCustomFunctions - Click Module:ETNotification
15:59:22.509 [main] INFO  utilities.UtilityCustomFunctions - Add New Record clicked:ETNotification
15:59:24.520 [main] INFO  utilities.UtilityCustomFunctions - Excel file Utility instance created
15:59:24.666 [main] INFO  utilities.UtilityCustomFunctions - Row Count to Add Values: 1
15:59:24.770 [main] INFO  utilities.UtilityCustomFunctions - Col Count is: 37
15:59:24.770 [main] INFO  utilities.UtilityCustomFunctions - Extracting DataSheet Values started...
15:59:26.000 [main] INFO  utilities.UtilityCustomFunctions - Before Adding Module data
15:59:29.187 [main] INFO  utilities.UtilityCustomFunctions - Assinged To Drop Down clicked
15:59:34.524 [main] INFO  testCases.ExecuteTask.Notification.TC031_NT_ET_ETRS_DTAfterMinutes - [Rsoft IT] is selected in List
15:59:34.663 [main] INFO  utilities.UtilityCustomFunctions - Phone NUmber prefix clicked :  
15:59:37.981 [main] INFO  testCases.ExecuteTask.Notification.TC031_NT_ET_ETRS_DTAfterMinutes - [+91] is selected in List
15:59:37.981 [main] INFO  utilities.UtilityCustomFunctions - Phone NUmber selected is :  9087654321
15:59:39.605 [main] INFO  utilities.UtilityCustomFunctions - 9087654321 entered in  input
15:59:43.213 [main] INFO  utilities.UtilityCustomFunctions - NewAdd@gmail.com entered in  input
15:59:44.236 [main] INFO  utilities.UtilityCustomFunctions - Email Added is: NewAdd@gmail.com
15:59:45.672 [main] INFO  utilities.UtilityCustomFunctions - NewAddText entered in  input
15:59:45.689 [main] INFO  utilities.UtilityCustomFunctions - Text Value added is::  NewAddText
16:00:08.138 [main] INFO  utilities.UtilityCustomFunctions - MultiCombo box values: one,two
16:00:10.670 [main] INFO  utilities.UtilityCustomFunctions - NewAddTextArea entered in  textarea
16:00:12.751 [main] INFO  utilities.UtilityCustomFunctions - check box value: ON
16:00:12.856 [main] INFO  utilities.UtilityCustomFunctions - Checkbox clicked
16:00:13.006 [main] INFO  utilities.UtilityCustomFunctions - DateBox clicked
16:00:19.067 [main] INFO  utilities.UtilityCustomFunctions - Current Month:May
16:00:23.200 [main] INFO  utilities.UtilityCustomFunctions - Current Month:May
16:00:31.835 [main] INFO  utilities.UtilityCustomFunctions - Year to be selected is:2024
16:00:37.497 [main] INFO  utilities.UtilityCustomFunctions - (//td[contains(@class,'today')])[1]
16:00:40.692 [main] INFO  utilities.UtilityCustomFunctions - Today Date Selected
16:00:42.834 [main] INFO  utilities.UtilityCustomFunctions - Picklist clicked
16:00:43.987 [main] INFO  utilities.UtilityCustomFunctions - Picklist selected: 1
16:00:51.361 [main] INFO  utilities.UtilityCustomFunctions - Date & Time Clicked
16:00:59.397 [main] INFO  utilities.UtilityCustomFunctions - Current Month:May
16:01:03.582 [main] INFO  utilities.UtilityCustomFunctions - Current Month:May
16:01:12.149 [main] INFO  utilities.UtilityCustomFunctions - Year to be selected is:2024
16:04:18.135 [main] INFO  utilities.UtilityCustomFunctions - ******starting TC031_NT_ET_ETRS_DTAfterMinutes ****
16:04:18.140 [main] INFO  utilities.UtilityCustomFunctions - Browser Execution on: chrome
16:04:18.143 [main] INFO  utilities.UtilityCustomFunctions - Excel file Utility instance created
16:04:19.493 [main] INFO  utilities.UtilityCustomFunctions - Total rows: 1
16:04:19.699 [main] INFO  utilities.UtilityCustomFunctions - Cols Count: 37
16:04:19.700 [main] INFO  utilities.UtilityCustomFunctions - Extracting DataSheet Values started...
16:04:26.216 [main] INFO  utilities.UtilityCustomFunctions - PRIYAN entered in  input
16:04:28.015 [main] INFO  utilities.UtilityCustomFunctions - rsoft entered in  input
16:04:30.098 [main] INFO  utilities.UtilityCustomFunctions - RSoft!@345 entered in  input
16:04:39.283 [main] INFO  testCases.ExecuteTask.Notification.TC031_NT_ET_ETRS_DTAfterMinutes - Clicked Avatar
16:04:43.435 [main] INFO  testCases.ExecuteTask.Notification.TC031_NT_ET_ETRS_DTAfterMinutes - Clicked Menu CRM Setting
16:04:45.711 [main] INFO  testCases.ExecuteTask.Notification.TC031_NT_ET_ETRS_DTAfterMinutes - Clicked Menu Other Setting
16:04:50.976 [main] INFO  testCases.ExecuteTask.Notification.TC031_NT_ET_ETRS_DTAfterMinutes - Clicked Menu Item Workflow
16:04:51.316 [main] INFO  testCases.ExecuteTask.Notification.TC031_NT_ET_ETRS_DTAfterMinutes - Clicked Workflow from Combox Box List
16:04:53.331 [main] INFO  testCases.ExecuteTask.Notification.TC031_NT_ET_ETRS_DTAfterMinutes - Item to be selected:  ETNotification Workflow
16:04:59.786 [main] INFO  testCases.ExecuteTask.Notification.TC031_NT_ET_ETRS_DTAfterMinutes - [ETNotification Workflow] is selected in List
16:04:59.787 [main] INFO  testCases.ExecuteTask.Notification.TC031_NT_ET_ETRS_DTAfterMinutes - Item selected in combox Box  ETNotification Workflow
16:05:02.798 [main] INFO  testCases.ExecuteTask.Notification.TC031_NT_ET_ETRS_DTAfterMinutes - Selected Module to View its Workflows
16:05:02.996 [main] INFO  testCases.ExecuteTask.Notification.TC031_NT_ET_ETRS_DTAfterMinutes - Module,workflow,condition matches
16:05:02.996 [main] INFO  testCases.ExecuteTask.Notification.TC031_NT_ET_ETRS_DTAfterMinutes - bCurrentWFStatus: true
16:05:02.996 [main] INFO  testCases.ExecuteTask.Notification.TC031_NT_ET_ETRS_DTAfterMinutes - wf_ET_ETRS_NotificationsWorkflow enabled
16:05:03.143 [main] INFO  testCases.ExecuteTask.Notification.TC031_NT_ET_ETRS_DTAfterMinutes - Module,workflow,conditions not matched 
16:05:03.143 [main] INFO  testCases.ExecuteTask.Notification.TC031_NT_ET_ETRS_DTAfterMinutes - bCurrentWFStatus: false
16:05:03.158 [main] INFO  utilities.UtilityCustomFunctions - wf_ET_OOFS_NotificationsDisabled Workflow Manually Enabled
16:05:03.158 [main] INFO  testCases.ExecuteTask.Notification.TC031_NT_ET_ETRS_DTAfterMinutes - true:1
16:05:10.798 [main] INFO  testCases.ExecuteTask.Notification.TC031_NT_ET_ETRS_DTAfterMinutes - Work flow clicked
16:05:22.025 [main] INFO  testCases.ExecuteTask.Notification.TC031_NT_ET_ETRS_DTAfterMinutes - Cliked Step 1 Next Button to Condition Page
16:05:27.575 [main] INFO  testCases.ExecuteTask.Notification.TC031_NT_ET_ETRS_DTAfterMinutes - Cliked Step 2 Next Button to Task List Page
16:05:28.576 [main] INFO  testCases.ExecuteTask.Notification.TC031_NT_ET_ETRS_DTAfterMinutes - Clicked Workflow and Navigated to Task Page
16:05:28.626 [main] INFO  testCases.ExecuteTask.Notification.TC031_NT_ET_ETRS_DTAfterMinutes - Number of Tasks Listed for this Workflow: wf_ET_ETRS_Notifications : 18
16:05:28.899 [main] INFO  utilities.UtilityCustomFunctions - Retrieved Action Type:Send notification
16:05:28.899 [main] INFO  utilities.UtilityCustomFunctions - Retrieved Action Title:tskNT_ExecuteTask_TimeAfterMinutes
16:05:28.900 [main] INFO  utilities.UtilityCustomFunctions - Retrieved Expected Action Type:Send notification
16:05:28.900 [main] INFO  utilities.UtilityCustomFunctions - Retrieved Expected Action Title:tskNT_ExecuteTask_DTAfterMinutes
16:05:29.123 [main] INFO  utilities.UtilityCustomFunctions - Retrieved Action Type:Send notification
16:05:29.123 [main] INFO  utilities.UtilityCustomFunctions - Retrieved Action Title:tskNT_ExecuteTask_DTBeforeDays
16:05:29.123 [main] INFO  utilities.UtilityCustomFunctions - Retrieved Expected Action Type:Send notification
16:05:29.124 [main] INFO  utilities.UtilityCustomFunctions - Retrieved Expected Action Title:tskNT_ExecuteTask_DTAfterMinutes
16:05:29.359 [main] INFO  utilities.UtilityCustomFunctions - Retrieved Action Type:Send notification
16:05:29.359 [main] INFO  utilities.UtilityCustomFunctions - Retrieved Action Title:tskNT_ExecuteTask_DTBeforeHours
16:05:29.359 [main] INFO  utilities.UtilityCustomFunctions - Retrieved Expected Action Type:Send notification
16:05:29.360 [main] INFO  utilities.UtilityCustomFunctions - Retrieved Expected Action Title:tskNT_ExecuteTask_DTAfterMinutes
16:05:29.563 [main] INFO  utilities.UtilityCustomFunctions - Retrieved Action Type:Send notification
16:05:29.563 [main] INFO  utilities.UtilityCustomFunctions - Retrieved Action Title:tskNT_ExecuteTask_DTBeforeMinutes
16:05:29.563 [main] INFO  utilities.UtilityCustomFunctions - Retrieved Expected Action Type:Send notification
16:05:29.563 [main] INFO  utilities.UtilityCustomFunctions - Retrieved Expected Action Title:tskNT_ExecuteTask_DTAfterMinutes
16:05:29.779 [main] INFO  utilities.UtilityCustomFunctions - Retrieved Action Type:Send notification
16:05:29.779 [main] INFO  utilities.UtilityCustomFunctions - Retrieved Action Title:tskNT_ExecuteTask_DTAfterDays
16:05:29.779 [main] INFO  utilities.UtilityCustomFunctions - Retrieved Expected Action Type:Send notification
16:05:29.779 [main] INFO  utilities.UtilityCustomFunctions - Retrieved Expected Action Title:tskNT_ExecuteTask_DTAfterMinutes
16:05:29.996 [main] INFO  utilities.UtilityCustomFunctions - Retrieved Action Type:Send notification
16:05:29.996 [main] INFO  utilities.UtilityCustomFunctions - Retrieved Action Title:tskNT_ExecuteTask_DTAfterHours
16:05:29.996 [main] INFO  utilities.UtilityCustomFunctions - Retrieved Expected Action Type:Send notification
16:05:29.996 [main] INFO  utilities.UtilityCustomFunctions - Retrieved Expected Action Title:tskNT_ExecuteTask_DTAfterMinutes
16:05:30.246 [main] INFO  utilities.UtilityCustomFunctions - Retrieved Action Type:Send notification
16:05:30.246 [main] INFO  utilities.UtilityCustomFunctions - Retrieved Action Title:tskNT_ExecuteTask_DTAfterMinutes
16:05:30.246 [main] INFO  utilities.UtilityCustomFunctions - Retrieved Expected Action Type:Send notification
16:05:30.246 [main] INFO  utilities.UtilityCustomFunctions - Retrieved Expected Action Title:tskNT_ExecuteTask_DTAfterMinutes
16:05:30.262 [main] INFO  testCases.ExecuteTask.Notification.TC031_NT_ET_ETRS_DTAfterMinutes - Action Type and Action Tile matches and also Task Button Enabled
16:05:30.462 [main] INFO  utilities.UtilityCustomFunctions - Retrieved Action Type:Send notification
16:05:30.462 [main] INFO  utilities.UtilityCustomFunctions - Retrieved Action Title:tskNT_ExecuteTask_TimeBeforeMinutes
16:05:30.462 [main] INFO  utilities.UtilityCustomFunctions - Retrieved Expected Action Type:Send notification
16:05:30.462 [main] INFO  utilities.UtilityCustomFunctions - Retrieved Expected Action Title:tskNT_ExecuteTask_DTAfterMinutes
16:05:30.664 [main] INFO  utilities.UtilityCustomFunctions - Retrieved Action Type:Send notification
16:05:30.664 [main] INFO  utilities.UtilityCustomFunctions - Retrieved Action Title:tskNT_ExecuteTask_TimeBeforeHours
16:05:30.664 [main] INFO  utilities.UtilityCustomFunctions - Retrieved Expected Action Type:Send notification
16:05:30.664 [main] INFO  utilities.UtilityCustomFunctions - Retrieved Expected Action Title:tskNT_ExecuteTask_DTAfterMinutes
16:05:30.880 [main] INFO  utilities.UtilityCustomFunctions - Retrieved Action Type:Send notification
16:05:30.880 [main] INFO  utilities.UtilityCustomFunctions - Retrieved Action Title:tskNT_ExecuteTask_CTAfterMinutes
16:05:30.880 [main] INFO  utilities.UtilityCustomFunctions - Retrieved Expected Action Type:Send notification
16:05:30.880 [main] INFO  utilities.UtilityCustomFunctions - Retrieved Expected Action Title:tskNT_ExecuteTask_DTAfterMinutes
16:05:31.112 [main] INFO  utilities.UtilityCustomFunctions - Retrieved Action Type:Send notification
16:05:31.112 [main] INFO  utilities.UtilityCustomFunctions - Retrieved Action Title:tskNT_ExecuteTask_TimeAfterHours
16:05:31.112 [main] INFO  utilities.UtilityCustomFunctions - Retrieved Expected Action Type:Send notification
16:05:31.112 [main] INFO  utilities.UtilityCustomFunctions - Retrieved Expected Action Title:tskNT_ExecuteTask_DTAfterMinutes
16:05:31.429 [main] INFO  utilities.UtilityCustomFunctions - Retrieved Action Type:Send notification
16:05:31.429 [main] INFO  utilities.UtilityCustomFunctions - Retrieved Action Title:tskNT_ExecuteTask_DateBeforeDays
16:05:31.429 [main] INFO  utilities.UtilityCustomFunctions - Retrieved Expected Action Type:Send notification
16:05:31.429 [main] INFO  utilities.UtilityCustomFunctions - Retrieved Expected Action Title:tskNT_ExecuteTask_DTAfterMinutes
16:05:31.629 [main] INFO  utilities.UtilityCustomFunctions - Retrieved Action Type:Send notification
16:05:31.629 [main] INFO  utilities.UtilityCustomFunctions - Retrieved Action Title:tskNT_ExecuteTask_DateAfterDays
16:05:31.629 [main] INFO  utilities.UtilityCustomFunctions - Retrieved Expected Action Type:Send notification
16:05:31.629 [main] INFO  utilities.UtilityCustomFunctions - Retrieved Expected Action Title:tskNT_ExecuteTask_DTAfterMinutes
16:05:31.861 [main] INFO  utilities.UtilityCustomFunctions - Retrieved Action Type:Send notification
16:05:31.861 [main] INFO  utilities.UtilityCustomFunctions - Retrieved Action Title:tskNT_ExecuteTask_MTAfterDays
16:05:31.861 [main] INFO  utilities.UtilityCustomFunctions - Retrieved Expected Action Type:Send notification
16:05:31.861 [main] INFO  utilities.UtilityCustomFunctions - Retrieved Expected Action Title:tskNT_ExecuteTask_DTAfterMinutes
16:05:32.078 [main] INFO  utilities.UtilityCustomFunctions - Retrieved Action Type:Send notification
16:05:32.078 [main] INFO  utilities.UtilityCustomFunctions - Retrieved Action Title:tskNT_ExecuteTask_MTAfterHours
16:05:32.078 [main] INFO  utilities.UtilityCustomFunctions - Retrieved Expected Action Type:Send notification
16:05:32.078 [main] INFO  utilities.UtilityCustomFunctions - Retrieved Expected Action Title:tskNT_ExecuteTask_DTAfterMinutes
16:05:32.312 [main] INFO  utilities.UtilityCustomFunctions - Retrieved Action Type:Send notification
16:05:32.312 [main] INFO  utilities.UtilityCustomFunctions - Retrieved Action Title:tskNT_ExecuteTask_MTAfterMinutes
16:05:32.312 [main] INFO  utilities.UtilityCustomFunctions - Retrieved Expected Action Type:Send notification
16:05:32.312 [main] INFO  utilities.UtilityCustomFunctions - Retrieved Expected Action Title:tskNT_ExecuteTask_DTAfterMinutes
16:05:32.512 [main] INFO  utilities.UtilityCustomFunctions - Retrieved Action Type:Send notification
16:05:32.512 [main] INFO  utilities.UtilityCustomFunctions - Retrieved Action Title:tskNT_ExecuteTask_CTAfterDays
16:05:32.512 [main] INFO  utilities.UtilityCustomFunctions - Retrieved Expected Action Type:Send notification
16:05:32.512 [main] INFO  utilities.UtilityCustomFunctions - Retrieved Expected Action Title:tskNT_ExecuteTask_DTAfterMinutes
16:05:32.712 [main] INFO  utilities.UtilityCustomFunctions - Retrieved Action Type:Send notification
16:05:32.712 [main] INFO  utilities.UtilityCustomFunctions - Retrieved Action Title:tskNT_ExecuteTask_CTAfterHours
16:05:32.712 [main] INFO  utilities.UtilityCustomFunctions - Retrieved Expected Action Type:Send notification
16:05:32.712 [main] INFO  utilities.UtilityCustomFunctions - Retrieved Expected Action Title:tskNT_ExecuteTask_DTAfterMinutes
16:05:33.726 [main] INFO  utilities.UtilityCustomFunctions - Out of for loop:false
16:05:36.921 [main] INFO  testCases.ExecuteTask.Notification.TC031_NT_ET_ETRS_DTAfterMinutes - Clicked Workflow and Navigated to Task Page
16:05:36.921 [main] INFO  testCases.ExecuteTask.Notification.TC031_NT_ET_ETRS_DTAfterMinutes - Task Active Send notification  tskNT_ExecuteTask_DTAfterMinutes
16:05:47.291 [main] INFO  utilities.UtilityCustomFunctions - Click Module:ETNotification
16:05:50.602 [main] INFO  utilities.UtilityCustomFunctions - Add New Record clicked:ETNotification
16:05:52.613 [main] INFO  utilities.UtilityCustomFunctions - Excel file Utility instance created
16:05:52.677 [main] INFO  utilities.UtilityCustomFunctions - Row Count to Add Values: 1
16:05:52.745 [main] INFO  utilities.UtilityCustomFunctions - Col Count is: 37
16:05:52.745 [main] INFO  utilities.UtilityCustomFunctions - Extracting DataSheet Values started...
16:05:53.927 [main] INFO  utilities.UtilityCustomFunctions - Before Adding Module data
16:05:57.212 [main] INFO  utilities.UtilityCustomFunctions - Assinged To Drop Down clicked
16:06:02.569 [main] INFO  testCases.ExecuteTask.Notification.TC031_NT_ET_ETRS_DTAfterMinutes - [Rsoft IT] is selected in List
16:06:02.748 [main] INFO  utilities.UtilityCustomFunctions - Phone NUmber prefix clicked :  
16:06:06.003 [main] INFO  testCases.ExecuteTask.Notification.TC031_NT_ET_ETRS_DTAfterMinutes - [+91] is selected in List
16:06:06.003 [main] INFO  utilities.UtilityCustomFunctions - Phone NUmber selected is :  9087654321
16:06:07.662 [main] INFO  utilities.UtilityCustomFunctions - 9087654321 entered in  input
16:06:11.249 [main] INFO  utilities.UtilityCustomFunctions - NewAdd@gmail.com entered in  input
16:06:12.263 [main] INFO  utilities.UtilityCustomFunctions - Email Added is: NewAdd@gmail.com
16:06:13.712 [main] INFO  utilities.UtilityCustomFunctions - NewAddText entered in  input
16:06:13.723 [main] INFO  utilities.UtilityCustomFunctions - Text Value added is::  NewAddText
16:06:36.215 [main] INFO  utilities.UtilityCustomFunctions - MultiCombo box values: one,two
16:06:38.780 [main] INFO  utilities.UtilityCustomFunctions - NewAddTextArea entered in  textarea
16:06:40.825 [main] INFO  utilities.UtilityCustomFunctions - check box value: ON
16:06:40.915 [main] INFO  utilities.UtilityCustomFunctions - Checkbox clicked
16:06:41.068 [main] INFO  utilities.UtilityCustomFunctions - DateBox clicked
16:06:47.109 [main] INFO  utilities.UtilityCustomFunctions - Current Month:May
16:06:51.295 [main] INFO  utilities.UtilityCustomFunctions - Current Month:May
16:06:59.895 [main] INFO  utilities.UtilityCustomFunctions - Year to be selected is:2024
16:07:05.546 [main] INFO  utilities.UtilityCustomFunctions - (//td[contains(@class,'today')])[1]
16:07:08.739 [main] INFO  utilities.UtilityCustomFunctions - Today Date Selected
16:07:10.943 [main] INFO  utilities.UtilityCustomFunctions - Picklist clicked
16:07:12.104 [main] INFO  utilities.UtilityCustomFunctions - Picklist selected: 1
16:07:19.538 [main] INFO  utilities.UtilityCustomFunctions - Date & Time Clicked
16:07:27.611 [main] INFO  utilities.UtilityCustomFunctions - Current Month:May
16:07:31.778 [main] INFO  utilities.UtilityCustomFunctions - Current Month:May
16:07:40.376 [main] INFO  utilities.UtilityCustomFunctions - Year to be selected is:2024
16:25:32.691 [main] INFO  utilities.UtilityCustomFunctions - ******starting TC031_NT_ET_ETRS_DTAfterMinutes ****
16:25:32.697 [main] INFO  utilities.UtilityCustomFunctions - Browser Execution on: chrome
16:25:32.701 [main] INFO  utilities.UtilityCustomFunctions - Excel file Utility instance created
16:25:34.047 [main] INFO  utilities.UtilityCustomFunctions - Total rows: 1
16:25:34.178 [main] INFO  utilities.UtilityCustomFunctions - Cols Count: 37
16:25:34.178 [main] INFO  utilities.UtilityCustomFunctions - Extracting DataSheet Values started...
16:25:40.697 [main] INFO  utilities.UtilityCustomFunctions - PRIYAN entered in  input
16:25:42.376 [main] INFO  utilities.UtilityCustomFunctions - rsoft entered in  input
16:25:44.253 [main] INFO  utilities.UtilityCustomFunctions - RSoft!@345 entered in  input
16:25:54.772 [main] INFO  testCases.ExecuteTask.Notification.TC031_NT_ET_ETRS_DTAfterMinutes - Clicked Avatar
16:25:59.042 [main] INFO  testCases.ExecuteTask.Notification.TC031_NT_ET_ETRS_DTAfterMinutes - Clicked Menu CRM Setting
16:26:01.275 [main] INFO  testCases.ExecuteTask.Notification.TC031_NT_ET_ETRS_DTAfterMinutes - Clicked Menu Other Setting
16:26:05.987 [main] INFO  testCases.ExecuteTask.Notification.TC031_NT_ET_ETRS_DTAfterMinutes - Clicked Menu Item Workflow
16:26:06.265 [main] INFO  testCases.ExecuteTask.Notification.TC031_NT_ET_ETRS_DTAfterMinutes - Clicked Workflow from Combox Box List
16:26:08.274 [main] INFO  testCases.ExecuteTask.Notification.TC031_NT_ET_ETRS_DTAfterMinutes - Item to be selected:  ETNotification Workflow
16:26:14.680 [main] INFO  testCases.ExecuteTask.Notification.TC031_NT_ET_ETRS_DTAfterMinutes - [ETNotification Workflow] is selected in List
16:26:14.681 [main] INFO  testCases.ExecuteTask.Notification.TC031_NT_ET_ETRS_DTAfterMinutes - Item selected in combox Box  ETNotification Workflow
16:26:17.707 [main] INFO  testCases.ExecuteTask.Notification.TC031_NT_ET_ETRS_DTAfterMinutes - Selected Module to View its Workflows
16:26:17.922 [main] INFO  testCases.ExecuteTask.Notification.TC031_NT_ET_ETRS_DTAfterMinutes - Module,workflow,condition matches
16:26:17.922 [main] INFO  testCases.ExecuteTask.Notification.TC031_NT_ET_ETRS_DTAfterMinutes - bCurrentWFStatus: true
16:26:17.922 [main] INFO  testCases.ExecuteTask.Notification.TC031_NT_ET_ETRS_DTAfterMinutes - wf_ET_ETRS_NotificationsWorkflow enabled
16:26:18.055 [main] INFO  testCases.ExecuteTask.Notification.TC031_NT_ET_ETRS_DTAfterMinutes - Module,workflow,conditions not matched 
16:26:18.055 [main] INFO  testCases.ExecuteTask.Notification.TC031_NT_ET_ETRS_DTAfterMinutes - bCurrentWFStatus: false
16:26:18.074 [main] INFO  utilities.UtilityCustomFunctions - wf_ET_OOFS_NotificationsDisabled Workflow Manually Enabled
16:26:18.074 [main] INFO  testCases.ExecuteTask.Notification.TC031_NT_ET_ETRS_DTAfterMinutes - true:1
16:26:25.507 [main] INFO  testCases.ExecuteTask.Notification.TC031_NT_ET_ETRS_DTAfterMinutes - Work flow clicked
16:26:32.512 [main] INFO  testCases.ExecuteTask.Notification.TC031_NT_ET_ETRS_DTAfterMinutes - Cliked Step 1 Next Button to Condition Page
16:26:38.066 [main] INFO  testCases.ExecuteTask.Notification.TC031_NT_ET_ETRS_DTAfterMinutes - Cliked Step 2 Next Button to Task List Page
16:26:39.073 [main] INFO  testCases.ExecuteTask.Notification.TC031_NT_ET_ETRS_DTAfterMinutes - Clicked Workflow and Navigated to Task Page
16:26:39.120 [main] INFO  testCases.ExecuteTask.Notification.TC031_NT_ET_ETRS_DTAfterMinutes - Number of Tasks Listed for this Workflow: wf_ET_ETRS_Notifications : 18
16:26:39.382 [main] INFO  utilities.UtilityCustomFunctions - Retrieved Action Type:Send notification
16:26:39.382 [main] INFO  utilities.UtilityCustomFunctions - Retrieved Action Title:tskNT_ExecuteTask_TimeAfterMinutes
16:26:39.382 [main] INFO  utilities.UtilityCustomFunctions - Retrieved Expected Action Type:Send notification
16:26:39.383 [main] INFO  utilities.UtilityCustomFunctions - Retrieved Expected Action Title:tskNT_ExecuteTask_DTAfterMinutes
16:26:39.605 [main] INFO  utilities.UtilityCustomFunctions - Retrieved Action Type:Send notification
16:26:39.605 [main] INFO  utilities.UtilityCustomFunctions - Retrieved Action Title:tskNT_ExecuteTask_DTBeforeDays
16:26:39.605 [main] INFO  utilities.UtilityCustomFunctions - Retrieved Expected Action Type:Send notification
16:26:39.606 [main] INFO  utilities.UtilityCustomFunctions - Retrieved Expected Action Title:tskNT_ExecuteTask_DTAfterMinutes
16:26:39.912 [main] INFO  utilities.UtilityCustomFunctions - Retrieved Action Type:Send notification
16:26:39.913 [main] INFO  utilities.UtilityCustomFunctions - Retrieved Action Title:tskNT_ExecuteTask_DTBeforeHours
16:26:39.913 [main] INFO  utilities.UtilityCustomFunctions - Retrieved Expected Action Type:Send notification
16:26:39.913 [main] INFO  utilities.UtilityCustomFunctions - Retrieved Expected Action Title:tskNT_ExecuteTask_DTAfterMinutes
16:26:40.124 [main] INFO  utilities.UtilityCustomFunctions - Retrieved Action Type:Send notification
16:26:40.124 [main] INFO  utilities.UtilityCustomFunctions - Retrieved Action Title:tskNT_ExecuteTask_DTBeforeMinutes
16:26:40.124 [main] INFO  utilities.UtilityCustomFunctions - Retrieved Expected Action Type:Send notification
16:26:40.124 [main] INFO  utilities.UtilityCustomFunctions - Retrieved Expected Action Title:tskNT_ExecuteTask_DTAfterMinutes
16:26:40.357 [main] INFO  utilities.UtilityCustomFunctions - Retrieved Action Type:Send notification
16:26:40.357 [main] INFO  utilities.UtilityCustomFunctions - Retrieved Action Title:tskNT_ExecuteTask_DTAfterDays
16:26:40.357 [main] INFO  utilities.UtilityCustomFunctions - Retrieved Expected Action Type:Send notification
16:26:40.357 [main] INFO  utilities.UtilityCustomFunctions - Retrieved Expected Action Title:tskNT_ExecuteTask_DTAfterMinutes
16:26:40.556 [main] INFO  utilities.UtilityCustomFunctions - Retrieved Action Type:Send notification
16:26:40.556 [main] INFO  utilities.UtilityCustomFunctions - Retrieved Action Title:tskNT_ExecuteTask_DTAfterHours
16:26:40.556 [main] INFO  utilities.UtilityCustomFunctions - Retrieved Expected Action Type:Send notification
16:26:40.556 [main] INFO  utilities.UtilityCustomFunctions - Retrieved Expected Action Title:tskNT_ExecuteTask_DTAfterMinutes
16:26:40.773 [main] INFO  utilities.UtilityCustomFunctions - Retrieved Action Type:Send notification
16:26:40.773 [main] INFO  utilities.UtilityCustomFunctions - Retrieved Action Title:tskNT_ExecuteTask_DTAfterMinutes
16:26:40.773 [main] INFO  utilities.UtilityCustomFunctions - Retrieved Expected Action Type:Send notification
16:26:40.773 [main] INFO  utilities.UtilityCustomFunctions - Retrieved Expected Action Title:tskNT_ExecuteTask_DTAfterMinutes
16:26:40.773 [main] INFO  testCases.ExecuteTask.Notification.TC031_NT_ET_ETRS_DTAfterMinutes - Action Type and Action Tile matches and also Task Button Enabled
16:26:40.973 [main] INFO  utilities.UtilityCustomFunctions - Retrieved Action Type:Send notification
16:26:40.973 [main] INFO  utilities.UtilityCustomFunctions - Retrieved Action Title:tskNT_ExecuteTask_TimeBeforeMinutes
16:26:40.973 [main] INFO  utilities.UtilityCustomFunctions - Retrieved Expected Action Type:Send notification
16:26:40.973 [main] INFO  utilities.UtilityCustomFunctions - Retrieved Expected Action Title:tskNT_ExecuteTask_DTAfterMinutes
16:26:41.190 [main] INFO  utilities.UtilityCustomFunctions - Retrieved Action Type:Send notification
16:26:41.190 [main] INFO  utilities.UtilityCustomFunctions - Retrieved Action Title:tskNT_ExecuteTask_TimeBeforeHours
16:26:41.190 [main] INFO  utilities.UtilityCustomFunctions - Retrieved Expected Action Type:Send notification
16:26:41.190 [main] INFO  utilities.UtilityCustomFunctions - Retrieved Expected Action Title:tskNT_ExecuteTask_DTAfterMinutes
16:26:41.408 [main] INFO  utilities.UtilityCustomFunctions - Retrieved Action Type:Send notification
16:26:41.408 [main] INFO  utilities.UtilityCustomFunctions - Retrieved Action Title:tskNT_ExecuteTask_CTAfterMinutes
16:26:41.408 [main] INFO  utilities.UtilityCustomFunctions - Retrieved Expected Action Type:Send notification
16:26:41.408 [main] INFO  utilities.UtilityCustomFunctions - Retrieved Expected Action Title:tskNT_ExecuteTask_DTAfterMinutes
16:26:41.640 [main] INFO  utilities.UtilityCustomFunctions - Retrieved Action Type:Send notification
16:26:41.640 [main] INFO  utilities.UtilityCustomFunctions - Retrieved Action Title:tskNT_ExecuteTask_TimeAfterHours
16:26:41.640 [main] INFO  utilities.UtilityCustomFunctions - Retrieved Expected Action Type:Send notification
16:26:41.640 [main] INFO  utilities.UtilityCustomFunctions - Retrieved Expected Action Title:tskNT_ExecuteTask_DTAfterMinutes
16:26:41.856 [main] INFO  utilities.UtilityCustomFunctions - Retrieved Action Type:Send notification
16:26:41.856 [main] INFO  utilities.UtilityCustomFunctions - Retrieved Action Title:tskNT_ExecuteTask_DateBeforeDays
16:26:41.856 [main] INFO  utilities.UtilityCustomFunctions - Retrieved Expected Action Type:Send notification
16:26:41.856 [main] INFO  utilities.UtilityCustomFunctions - Retrieved Expected Action Title:tskNT_ExecuteTask_DTAfterMinutes
16:26:42.073 [main] INFO  utilities.UtilityCustomFunctions - Retrieved Action Type:Send notification
16:26:42.073 [main] INFO  utilities.UtilityCustomFunctions - Retrieved Action Title:tskNT_ExecuteTask_DateAfterDays
16:26:42.073 [main] INFO  utilities.UtilityCustomFunctions - Retrieved Expected Action Type:Send notification
16:26:42.073 [main] INFO  utilities.UtilityCustomFunctions - Retrieved Expected Action Title:tskNT_ExecuteTask_DTAfterMinutes
16:26:42.272 [main] INFO  utilities.UtilityCustomFunctions - Retrieved Action Type:Send notification
16:26:42.272 [main] INFO  utilities.UtilityCustomFunctions - Retrieved Action Title:tskNT_ExecuteTask_MTAfterDays
16:26:42.272 [main] INFO  utilities.UtilityCustomFunctions - Retrieved Expected Action Type:Send notification
16:26:42.272 [main] INFO  utilities.UtilityCustomFunctions - Retrieved Expected Action Title:tskNT_ExecuteTask_DTAfterMinutes
16:26:42.505 [main] INFO  utilities.UtilityCustomFunctions - Retrieved Action Type:Send notification
16:26:42.505 [main] INFO  utilities.UtilityCustomFunctions - Retrieved Action Title:tskNT_ExecuteTask_MTAfterHours
16:26:42.505 [main] INFO  utilities.UtilityCustomFunctions - Retrieved Expected Action Type:Send notification
16:26:42.505 [main] INFO  utilities.UtilityCustomFunctions - Retrieved Expected Action Title:tskNT_ExecuteTask_DTAfterMinutes
16:26:42.739 [main] INFO  utilities.UtilityCustomFunctions - Retrieved Action Type:Send notification
16:26:42.739 [main] INFO  utilities.UtilityCustomFunctions - Retrieved Action Title:tskNT_ExecuteTask_MTAfterMinutes
16:26:42.739 [main] INFO  utilities.UtilityCustomFunctions - Retrieved Expected Action Type:Send notification
16:26:42.739 [main] INFO  utilities.UtilityCustomFunctions - Retrieved Expected Action Title:tskNT_ExecuteTask_DTAfterMinutes
16:26:42.974 [main] INFO  utilities.UtilityCustomFunctions - Retrieved Action Type:Send notification
16:26:42.974 [main] INFO  utilities.UtilityCustomFunctions - Retrieved Action Title:tskNT_ExecuteTask_CTAfterDays
16:26:42.974 [main] INFO  utilities.UtilityCustomFunctions - Retrieved Expected Action Type:Send notification
16:26:42.974 [main] INFO  utilities.UtilityCustomFunctions - Retrieved Expected Action Title:tskNT_ExecuteTask_DTAfterMinutes
16:26:43.189 [main] INFO  utilities.UtilityCustomFunctions - Retrieved Action Type:Send notification
16:26:43.189 [main] INFO  utilities.UtilityCustomFunctions - Retrieved Action Title:tskNT_ExecuteTask_CTAfterHours
16:26:43.189 [main] INFO  utilities.UtilityCustomFunctions - Retrieved Expected Action Type:Send notification
16:26:43.202 [main] INFO  utilities.UtilityCustomFunctions - Retrieved Expected Action Title:tskNT_ExecuteTask_DTAfterMinutes
16:26:44.206 [main] INFO  utilities.UtilityCustomFunctions - Out of for loop:false
16:26:47.342 [main] INFO  testCases.ExecuteTask.Notification.TC031_NT_ET_ETRS_DTAfterMinutes - Clicked Workflow and Navigated to Task Page
16:26:47.343 [main] INFO  testCases.ExecuteTask.Notification.TC031_NT_ET_ETRS_DTAfterMinutes - Task Active Send notification  tskNT_ExecuteTask_DTAfterMinutes
16:26:58.097 [main] INFO  utilities.UtilityCustomFunctions - Click Module:ETNotification
16:27:01.442 [main] INFO  utilities.UtilityCustomFunctions - Add New Record clicked:ETNotification
16:27:03.457 [main] INFO  utilities.UtilityCustomFunctions - Excel file Utility instance created
16:27:03.505 [main] INFO  utilities.UtilityCustomFunctions - Row Count to Add Values: 1
16:27:03.571 [main] INFO  utilities.UtilityCustomFunctions - Col Count is: 37
16:27:03.571 [main] INFO  utilities.UtilityCustomFunctions - Extracting DataSheet Values started...
16:27:04.739 [main] INFO  utilities.UtilityCustomFunctions - Before Adding Module data
16:27:07.945 [main] INFO  utilities.UtilityCustomFunctions - Assinged To Drop Down clicked
16:27:13.273 [main] INFO  testCases.ExecuteTask.Notification.TC031_NT_ET_ETRS_DTAfterMinutes - [Rsoft IT] is selected in List
16:27:13.428 [main] INFO  utilities.UtilityCustomFunctions - Phone NUmber prefix clicked :  
16:27:16.725 [main] INFO  testCases.ExecuteTask.Notification.TC031_NT_ET_ETRS_DTAfterMinutes - [+91] is selected in List
16:27:16.725 [main] INFO  utilities.UtilityCustomFunctions - Phone NUmber selected is :  9087654321
16:27:18.342 [main] INFO  utilities.UtilityCustomFunctions - 9087654321 entered in  input
16:27:21.991 [main] INFO  utilities.UtilityCustomFunctions - NewAdd@gmail.com entered in  input
16:27:23.007 [main] INFO  utilities.UtilityCustomFunctions - Email Added is: NewAdd@gmail.com
16:27:24.475 [main] INFO  utilities.UtilityCustomFunctions - NewAddText entered in  input
16:27:24.492 [main] INFO  utilities.UtilityCustomFunctions - Text Value added is::  NewAddText
16:27:47.028 [main] INFO  utilities.UtilityCustomFunctions - MultiCombo box values: one,two
16:27:49.558 [main] INFO  utilities.UtilityCustomFunctions - NewAddTextArea entered in  textarea
16:27:51.622 [main] INFO  utilities.UtilityCustomFunctions - check box value: ON
16:27:51.724 [main] INFO  utilities.UtilityCustomFunctions - Checkbox clicked
16:27:51.914 [main] INFO  utilities.UtilityCustomFunctions - DateBox clicked
16:27:57.991 [main] INFO  utilities.UtilityCustomFunctions - Current Month:May
16:28:02.169 [main] INFO  utilities.UtilityCustomFunctions - Current Month:May
16:28:10.806 [main] INFO  utilities.UtilityCustomFunctions - Year to be selected is:2024
16:28:16.588 [main] INFO  utilities.UtilityCustomFunctions - (//td[contains(@class,'today')])[1]
16:28:19.815 [main] INFO  utilities.UtilityCustomFunctions - Today Date Selected
16:28:21.972 [main] INFO  utilities.UtilityCustomFunctions - Picklist clicked
16:28:23.123 [main] INFO  utilities.UtilityCustomFunctions - Picklist selected: 1
16:28:30.487 [main] INFO  utilities.UtilityCustomFunctions - Date & Time Clicked
16:28:38.571 [main] INFO  utilities.UtilityCustomFunctions - Current Month:May
16:28:42.739 [main] INFO  utilities.UtilityCustomFunctions - Current Month:May
16:28:51.319 [main] INFO  utilities.UtilityCustomFunctions - Year to be selected is:2024
16:29:00.670 [main] INFO  testCases.ExecuteTask.Notification.TC031_NT_ET_ETRS_DTAfterMinutes - [5] is selected in List
16:29:04.130 [main] INFO  testCases.ExecuteTask.Notification.TC031_NT_ET_ETRS_DTAfterMinutes - [00] is selected in List
16:29:07.557 [main] INFO  testCases.ExecuteTask.Notification.TC031_NT_ET_ETRS_DTAfterMinutes - [00] is selected in List
16:29:10.974 [main] INFO  testCases.ExecuteTask.Notification.TC031_NT_ET_ETRS_DTAfterMinutes - [PM] is selected in List
16:29:12.987 [main] INFO  utilities.UtilityCustomFunctions - Clicked Current Date in Date&Time
16:29:13.190 [main] INFO  utilities.UtilityCustomFunctions - Date & Time Selected
16:29:14.354 [main] INFO  utilities.UtilityCustomFunctions - Time Clicked
16:29:17.360 [main] INFO  utilities.UtilityCustomFunctions - Hours://div[@class='popover-content']//div[@class='clockpicker-tick' and text()='5']
16:29:28.956 [main] INFO  utilities.UtilityCustomFunctions - Actual Date Selected :25-05-2024
16:29:32.917 [main] INFO  testCases.ExecuteTask.Notification.TC031_NT_ET_ETRS_DTAfterMinutes - [Mr.] is selected in List
16:29:34.438 [main] INFO  utilities.UtilityCustomFunctions - NewAddName entered in  input
16:29:35.938 [main] INFO  utilities.UtilityCustomFunctions - 1111111111 entered in  input
16:29:37.319 [main] INFO  utilities.UtilityCustomFunctions - 1,000 entered in  input
16:29:38.922 [main] INFO  utilities.UtilityCustomFunctions - http://www.google.com/ entered in  input
16:29:40.109 [main] INFO  utilities.UtilityCustomFunctions - City Drop Down clicked
16:29:43.430 [main] INFO  testCases.ExecuteTask.Notification.TC031_NT_ET_ETRS_DTAfterMinutes - [Ariyalur] is selected in List
16:29:43.430 [main] INFO  utilities.UtilityCustomFunctions - City Selected: Ariyalur
16:29:44.536 [main] INFO  utilities.UtilityCustomFunctions - State Drop Down clicked
16:29:48.141 [main] INFO  testCases.ExecuteTask.Notification.TC031_NT_ET_ETRS_DTAfterMinutes - [Tamilnadu] is selected in List
16:29:48.141 [main] INFO  utilities.UtilityCustomFunctions - State Selected: Tamilnadu
16:29:49.344 [main] INFO  utilities.UtilityCustomFunctions - Country List clicked
16:29:52.639 [main] INFO  testCases.ExecuteTask.Notification.TC031_NT_ET_ETRS_DTAfterMinutes - [India] is selected in List
16:29:52.640 [main] INFO  utilities.UtilityCustomFunctions - Country Selected: India
16:30:09.432 [main] INFO  utilities.UtilityCustomFunctions - RelatedModuleText entered in  input
16:30:09.452 [main] INFO  utilities.UtilityCustomFunctions - Search Button clicked in Related Module Window
16:30:13.472 [main] INFO  utilities.UtilityCustomFunctions - Button Search
16:30:16.552 [main] INFO  utilities.UtilityCustomFunctions - table row Count:1
16:30:25.337 [main] INFO  utilities.UtilityCustomFunctions - Related Module Value Selected
16:30:38.591 [main] INFO  utilities.UtilityCustomFunctions - New Record added in: ETNotification
16:30:49.804 [main] INFO  utilities.UtilityCustomFunctions - testing entered in  input
16:30:50.235 [main] INFO  utilities.UtilityCustomFunctions - dCr2KGiHBrC2!@ entered in  input
16:31:17.806 [main] INFO  testCases.ExecuteTask.Notification.TC031_NT_ET_ETRS_DTAfterMinutes - [PRIMARY (DESC)] is selected in List
16:31:22.821 [main] INFO  utilities.UtilityCustomFunctions - Entity Id Searched: 125456
16:31:27.211 [main] INFO  utilities.UtilityCustomFunctions - Entity Id Searched: 125456
17:10:14.262 [main] INFO  utilities.UtilityCustomFunctions - ******starting TC031_NT_ET_ETRS_DTAfterMinutes ****
17:10:14.268 [main] INFO  utilities.UtilityCustomFunctions - Browser Execution on: chrome
17:10:14.271 [main] INFO  utilities.UtilityCustomFunctions - Excel file Utility instance created
17:10:15.648 [main] INFO  utilities.UtilityCustomFunctions - Total rows: 1
17:10:15.782 [main] INFO  utilities.UtilityCustomFunctions - Cols Count: 37
17:10:15.782 [main] INFO  utilities.UtilityCustomFunctions - Extracting DataSheet Values started...
17:10:22.346 [main] INFO  utilities.UtilityCustomFunctions - PRIYAN entered in  input
17:10:24.062 [main] INFO  utilities.UtilityCustomFunctions - rsoft entered in  input
17:10:25.827 [main] INFO  utilities.UtilityCustomFunctions - RSoft!@345 entered in  input
17:10:35.031 [main] INFO  testCases.ExecuteTask.Notification.TC031_NT_ET_ETRS_DTAfterMinutes - Clicked Avatar
17:10:39.121 [main] INFO  testCases.ExecuteTask.Notification.TC031_NT_ET_ETRS_DTAfterMinutes - Clicked Menu CRM Setting
17:10:41.473 [main] INFO  testCases.ExecuteTask.Notification.TC031_NT_ET_ETRS_DTAfterMinutes - Clicked Menu Other Setting
17:10:46.193 [main] INFO  testCases.ExecuteTask.Notification.TC031_NT_ET_ETRS_DTAfterMinutes - Clicked Menu Item Workflow
17:10:46.482 [main] INFO  testCases.ExecuteTask.Notification.TC031_NT_ET_ETRS_DTAfterMinutes - Clicked Workflow from Combox Box List
17:10:48.492 [main] INFO  testCases.ExecuteTask.Notification.TC031_NT_ET_ETRS_DTAfterMinutes - Item to be selected:  ETNotification Workflow
17:10:55.112 [main] INFO  testCases.ExecuteTask.Notification.TC031_NT_ET_ETRS_DTAfterMinutes - [ETNotification Workflow] is selected in List
17:10:55.112 [main] INFO  testCases.ExecuteTask.Notification.TC031_NT_ET_ETRS_DTAfterMinutes - Item selected in combox Box  ETNotification Workflow
17:10:58.143 [main] INFO  testCases.ExecuteTask.Notification.TC031_NT_ET_ETRS_DTAfterMinutes - Selected Module to View its Workflows
17:10:58.337 [main] INFO  testCases.ExecuteTask.Notification.TC031_NT_ET_ETRS_DTAfterMinutes - Module,workflow,condition matches
17:10:58.337 [main] INFO  testCases.ExecuteTask.Notification.TC031_NT_ET_ETRS_DTAfterMinutes - bCurrentWFStatus: true
17:10:58.337 [main] INFO  testCases.ExecuteTask.Notification.TC031_NT_ET_ETRS_DTAfterMinutes - wf_ET_ETRS_NotificationsWorkflow enabled
17:10:58.462 [main] INFO  testCases.ExecuteTask.Notification.TC031_NT_ET_ETRS_DTAfterMinutes - Module,workflow,conditions not matched 
17:10:58.462 [main] INFO  testCases.ExecuteTask.Notification.TC031_NT_ET_ETRS_DTAfterMinutes - bCurrentWFStatus: false
17:10:58.477 [main] INFO  utilities.UtilityCustomFunctions - wf_ET_OOFS_NotificationsDisabled Workflow Manually Enabled
17:10:58.477 [main] INFO  testCases.ExecuteTask.Notification.TC031_NT_ET_ETRS_DTAfterMinutes - true:1
17:11:06.216 [main] INFO  testCases.ExecuteTask.Notification.TC031_NT_ET_ETRS_DTAfterMinutes - Work flow clicked
17:11:13.186 [main] INFO  testCases.ExecuteTask.Notification.TC031_NT_ET_ETRS_DTAfterMinutes - Cliked Step 1 Next Button to Condition Page
17:13:09.395 [main] INFO  utilities.UtilityCustomFunctions - ******starting TC031_NT_ET_ETRS_DTAfterMinutes ****
17:13:09.399 [main] INFO  utilities.UtilityCustomFunctions - Browser Execution on: chrome
17:13:09.402 [main] INFO  utilities.UtilityCustomFunctions - Excel file Utility instance created
17:13:10.752 [main] INFO  utilities.UtilityCustomFunctions - Total rows: 1
17:13:10.903 [main] INFO  utilities.UtilityCustomFunctions - Cols Count: 37
17:13:10.904 [main] INFO  utilities.UtilityCustomFunctions - Extracting DataSheet Values started...
17:13:17.426 [main] INFO  utilities.UtilityCustomFunctions - PRIYAN entered in  input
17:13:19.224 [main] INFO  utilities.UtilityCustomFunctions - rsoft entered in  input
17:13:21.672 [main] INFO  utilities.UtilityCustomFunctions - RSoft!@345 entered in  input
17:13:30.825 [main] INFO  testCases.ExecuteTask.Notification.TC031_NT_ET_ETRS_DTAfterMinutes - Clicked Avatar
17:13:34.971 [main] INFO  testCases.ExecuteTask.Notification.TC031_NT_ET_ETRS_DTAfterMinutes - Clicked Menu CRM Setting
17:13:37.225 [main] INFO  testCases.ExecuteTask.Notification.TC031_NT_ET_ETRS_DTAfterMinutes - Clicked Menu Other Setting
17:13:41.993 [main] INFO  testCases.ExecuteTask.Notification.TC031_NT_ET_ETRS_DTAfterMinutes - Clicked Menu Item Workflow
17:13:42.322 [main] INFO  testCases.ExecuteTask.Notification.TC031_NT_ET_ETRS_DTAfterMinutes - Clicked Workflow from Combox Box List
17:13:44.332 [main] INFO  testCases.ExecuteTask.Notification.TC031_NT_ET_ETRS_DTAfterMinutes - Item to be selected:  ETNotification Workflow
17:13:50.953 [main] INFO  testCases.ExecuteTask.Notification.TC031_NT_ET_ETRS_DTAfterMinutes - [ETNotification Workflow] is selected in List
17:13:50.953 [main] INFO  testCases.ExecuteTask.Notification.TC031_NT_ET_ETRS_DTAfterMinutes - Item selected in combox Box  ETNotification Workflow
17:13:53.971 [main] INFO  testCases.ExecuteTask.Notification.TC031_NT_ET_ETRS_DTAfterMinutes - Selected Module to View its Workflows
17:13:54.154 [main] INFO  testCases.ExecuteTask.Notification.TC031_NT_ET_ETRS_DTAfterMinutes - Module,workflow,condition matches
17:13:54.154 [main] INFO  testCases.ExecuteTask.Notification.TC031_NT_ET_ETRS_DTAfterMinutes - bCurrentWFStatus: true
17:13:54.154 [main] INFO  testCases.ExecuteTask.Notification.TC031_NT_ET_ETRS_DTAfterMinutes - wf_ET_ETRS_NotificationsWorkflow enabled
