11:04:06.498 [main] INFO  utilities.UtilityCustomFunctions - Country Selected: India
11:04:22.882 [main] INFO  utilities.UtilityCustomFunctions - RelatedModuleText entered in  input
11:04:22.891 [main] INFO  utilities.UtilityCustomFunctions - Search Button clicked in Related Module Window
11:04:25.840 [main] INFO  utilities.UtilityCustomFunctions - Button Search
11:04:28.896 [main] INFO  utilities.UtilityCustomFunctions - table row Count:1
11:04:37.535 [main] INFO  utilities.UtilityCustomFunctions - Related Module Value Selected
11:04:46.145 [main] INFO  utilities.UtilityCustomFunctions - Header Toggle Already ON
11:04:53.691 [main] INFO  utilities.UtilityCustomFunctions - New Record added in: ETNotification
11:04:53.693 [main] INFO  utilities.UtilityCustomFunctions - Excel file Utility instance created
11:04:53.712 [main] INFO  utilities.UtilityCustomFunctions - Row Count to Add Values: 1
11:04:53.725 [main] INFO  utilities.UtilityCustomFunctions - Col Count is: 33
11:04:53.725 [main] INFO  utilities.UtilityCustomFunctions - Extracting DataSheet Values started...
11:04:53.993 [main] INFO  utilities.UtilityCustomFunctions - Before Verify Detail Summary Module data
11:05:00.024 [main] INFO  utilities.UtilityCustomFunctions - Header Toggle Already ON
11:05:00.037 [main] INFO  utilities.UtilityCustomFunctions - Summary View Already OFF
11:05:00.210 [main] INFO  utilities.UtilityCustomFunctions - Actual:ETNotification
11:05:00.210 [main] INFO  utilities.UtilityCustomFunctions - Expected:ETNotification
11:05:00.210 [main] INFO  utilities.UtilityCustomFunctions - Message:Module Name in SummaryDetail View Page
11:05:06.519 [main] INFO  utilities.UtilityCustomFunctions - sAssign1:RsoftsAssign2:IT
11:05:06.519 [main] INFO  utilities.UtilityCustomFunctions - Get Text:
11:05:06.672 [main] INFO  utilities.UtilityCustomFunctions - Actual:Rsoft IT
11:05:06.672 [main] INFO  utilities.UtilityCustomFunctions - Expected:Rsoft IT
11:05:06.672 [main] INFO  utilities.UtilityCustomFunctions - Message:Assigned To-Summary Title
11:05:07.786 [main] INFO  utilities.UtilityCustomFunctions - Actual:+91 1234567890
11:05:07.786 [main] INFO  utilities.UtilityCustomFunctions - Expected:+91 1234567890
11:05:07.786 [main] INFO  utilities.UtilityCustomFunctions - Message:Phone Number - Summary Title
11:05:08.911 [main] INFO  utilities.UtilityCustomFunctions - Actual:SummaryAdd@gmail.com
11:05:08.912 [main] INFO  utilities.UtilityCustomFunctions - Expected:SummaryAdd@gmail.com
11:05:08.912 [main] INFO  utilities.UtilityCustomFunctions - Message:Email - Summary Title
11:05:10.112 [main] INFO  utilities.UtilityCustomFunctions - Actual:Rsoft IT
11:05:10.112 [main] INFO  utilities.UtilityCustomFunctions - Expected:Rsoft IT
11:05:10.112 [main] INFO  utilities.UtilityCustomFunctions - Message:Assigned To - Summary View Page : 
11:05:11.301 [main] INFO  utilities.UtilityCustomFunctions - Actual:+91 1234567890
11:05:11.301 [main] INFO  utilities.UtilityCustomFunctions - Expected:+91 1234567890
11:05:11.301 [main] INFO  utilities.UtilityCustomFunctions - Message:Mobile Number - Summary View Page : Summary Page Add Data
11:05:12.451 [main] INFO  utilities.UtilityCustomFunctions - Actual:SummaryAdd@gmail.com
11:05:12.451 [main] INFO  utilities.UtilityCustomFunctions - Expected:SummaryAdd@gmail.com
11:05:12.451 [main] INFO  utilities.UtilityCustomFunctions - Message:Email - Summary View Page: Summary Page Add Data
11:05:13.625 [main] INFO  utilities.UtilityCustomFunctions - Actual:SummaryAddText
11:05:13.625 [main] INFO  utilities.UtilityCustomFunctions - Expected:SummaryAddText
11:05:13.625 [main] INFO  utilities.UtilityCustomFunctions - Message:Text - Summary View Page:Summary Page Add Data
11:05:14.790 [main] INFO  utilities.UtilityCustomFunctions - Actual:three,four
11:05:14.790 [main] INFO  utilities.UtilityCustomFunctions - Expected:three,four
11:05:14.790 [main] INFO  utilities.UtilityCustomFunctions - Message:MultiComboValues - Summary View Page:  Summary Page Add Data
11:05:15.941 [main] INFO  utilities.UtilityCustomFunctions - Actual:SummaryAddTextArea
11:05:15.941 [main] INFO  utilities.UtilityCustomFunctions - Expected:SummaryAddTextArea
11:05:15.941 [main] INFO  utilities.UtilityCustomFunctions - Message:Text Area - Summary View Page:  Summary Page Add Data
11:05:17.100 [main] INFO  utilities.UtilityCustomFunctions - Actual:Yes
11:05:17.100 [main] INFO  utilities.UtilityCustomFunctions - Expected:Yes
11:05:17.100 [main] INFO  utilities.UtilityCustomFunctions - Message:CheckBox - Summary View Page:   Summary Page Add Data
11:05:18.275 [main] INFO  utilities.UtilityCustomFunctions - Actual:30-04-2024
11:05:18.275 [main] INFO  utilities.UtilityCustomFunctions - Expected:30-04-2024
11:05:18.275 [main] INFO  utilities.UtilityCustomFunctions - Message:Date - Summary View Page:  Summary Page Add Data
11:05:19.436 [main] INFO  utilities.UtilityCustomFunctions - Actual:1
11:05:19.436 [main] INFO  utilities.UtilityCustomFunctions - Expected:1
11:05:19.436 [main] INFO  utilities.UtilityCustomFunctions - Message:PickList - Summary View Page:  Summary Page Add Data
11:05:20.695 [main] INFO  utilities.UtilityCustomFunctions - Actual:annie-spratt
11:05:20.695 [main] INFO  utilities.UtilityCustomFunctions - Expected:annie-spratt
11:05:20.695 [main] INFO  utilities.UtilityCustomFunctions - Message:File Upload - Summary View Page: Summary Page Add Data
11:05:21.899 [main] INFO  utilities.UtilityCustomFunctions - Actual:30-04-2024 11:01:27 AM
11:05:21.899 [main] INFO  utilities.UtilityCustomFunctions - Expected:30-04-2024 11:01:27 AM
11:05:21.899 [main] INFO  utilities.UtilityCustomFunctions - Message:Date & Time - Summary View Page:   Summary Page Add Data
11:05:23.056 [main] INFO  utilities.UtilityCustomFunctions - Actual:02:35:55 AM
11:05:23.057 [main] INFO  utilities.UtilityCustomFunctions - Expected:02:35:55 AM
11:05:23.057 [main] INFO  utilities.UtilityCustomFunctions - Message:Time - Summary View Page:   Summary Page Add Data
11:05:24.225 [main] INFO  utilities.UtilityCustomFunctions - Actual:
11:05:24.225 [main] INFO  utilities.UtilityCustomFunctions - Expected:Mr. SummaryAddName
11:05:24.225 [main] INFO  utilities.UtilityCustomFunctions - Message:Name - Summary View Page:   Summary Page Add Data
11:05:24.275 [main] INFO  utilities.UtilityCustomFunctions - Actual:2323232323
11:05:24.275 [main] INFO  utilities.UtilityCustomFunctions - Expected:2323232323
11:05:24.275 [main] INFO  utilities.UtilityCustomFunctions - Message:Number - Summary View Page:   Summary Page Add Data
11:05:25.453 [main] INFO  utilities.UtilityCustomFunctions - Actual:1,000
11:05:25.453 [main] INFO  utilities.UtilityCustomFunctions - Expected:1,000
11:05:25.453 [main] INFO  utilities.UtilityCustomFunctions - Message:Currency - Summary View Page:   Summary Page Add Data
11:05:26.576 [main] INFO  utilities.UtilityCustomFunctions - Actual:http://www.mvnrepository.com/
11:05:26.576 [main] INFO  utilities.UtilityCustomFunctions - Expected:http://www.mvnrepository.com/
11:05:26.576 [main] INFO  utilities.UtilityCustomFunctions - Message:URL - Summary View Page:  Summary Page Add Data
11:05:27.739 [main] INFO  utilities.UtilityCustomFunctions - Actual:
11:05:27.739 [main] INFO  utilities.UtilityCustomFunctions - Expected:Chennai
11:05:27.739 [main] INFO  utilities.UtilityCustomFunctions - Message:City - Summary View Page: Summary Page Add Data
11:05:27.789 [main] INFO  utilities.UtilityCustomFunctions - Actual:Tamilnadu
11:05:27.789 [main] INFO  utilities.UtilityCustomFunctions - Expected:Tamilnadu
11:05:27.789 [main] INFO  utilities.UtilityCustomFunctions - Message:State - Summary View Page:Summary Page Add Data
11:05:28.950 [main] INFO  utilities.UtilityCustomFunctions - Actual:India
11:05:28.950 [main] INFO  utilities.UtilityCustomFunctions - Expected:India
11:05:28.950 [main] INFO  utilities.UtilityCustomFunctions - Message:Country - Summary View Page:  Summary Page Add Data
11:05:30.107 [main] INFO  utilities.UtilityCustomFunctions - Actual:RelatedModuleText
11:05:30.107 [main] INFO  utilities.UtilityCustomFunctions - Expected:RelatedModuleText
11:05:30.107 [main] INFO  utilities.UtilityCustomFunctions - Message:Related Module Text - Summary View Page:  Summary Page Add Data
11:05:31.849 [main] INFO  utilities.UtilityCustomFunctions - Summary View Set ON
11:05:40.195 [main] INFO  utilities.UtilityCustomFunctions - Actual:Rsoft IT
11:05:40.195 [main] INFO  utilities.UtilityCustomFunctions - Expected:Rsoft IT
11:05:40.195 [main] INFO  utilities.UtilityCustomFunctions - Message:AssignedTo - Detail View Page:   Summary Page Add Data
11:05:41.354 [main] INFO  utilities.UtilityCustomFunctions - sActDTMobileNumber +91
  1234567890
11:05:41.354 [main] INFO  utilities.UtilityCustomFunctions - Actual:+91 1234567890
11:05:41.354 [main] INFO  utilities.UtilityCustomFunctions - Expected:+91 1234567890
11:05:41.354 [main] INFO  utilities.UtilityCustomFunctions - Message:Mobile Number - Detail View Page:   Summary Page Add Data
11:05:42.512 [main] INFO  utilities.UtilityCustomFunctions - Actual:SummaryAdd@gmail.com
11:05:42.513 [main] INFO  utilities.UtilityCustomFunctions - Expected:SummaryAdd@gmail.com
11:05:42.513 [main] INFO  utilities.UtilityCustomFunctions - Message:Email - Detail View Page: Summary Page Add Data
11:05:43.697 [main] INFO  utilities.UtilityCustomFunctions - Actual:SummaryAddText
11:05:43.697 [main] INFO  utilities.UtilityCustomFunctions - Expected:SummaryAddText
11:05:43.697 [main] INFO  utilities.UtilityCustomFunctions - Message:Text - Detail View Page:  Summary Page Add Data
11:05:44.859 [main] INFO  utilities.UtilityCustomFunctions - Actual:three,four
11:05:44.859 [main] INFO  utilities.UtilityCustomFunctions - Expected:three,four
11:05:44.859 [main] INFO  utilities.UtilityCustomFunctions - Message:MultiCombo - Detail View Page:   Summary Page Add Data
11:05:46.007 [main] INFO  utilities.UtilityCustomFunctions - Actual:SummaryAddTextArea
11:05:46.007 [main] INFO  utilities.UtilityCustomFunctions - Expected:SummaryAddTextArea
11:05:46.007 [main] INFO  utilities.UtilityCustomFunctions - Message:TextArea - Detail View Page:  Summary Page Add Data
11:05:47.207 [main] INFO  utilities.UtilityCustomFunctions - Actual:Yes
11:05:47.208 [main] INFO  utilities.UtilityCustomFunctions - Expected:Yes
11:05:47.208 [main] INFO  utilities.UtilityCustomFunctions - Message:CheckBox - Detail View Page: Summary Page Add Data
11:05:48.377 [main] INFO  utilities.UtilityCustomFunctions - Actual:30-04-2024
11:05:48.377 [main] INFO  utilities.UtilityCustomFunctions - Expected:30-04-2024
11:05:48.377 [main] INFO  utilities.UtilityCustomFunctions - Message:Date - Detail View Page: Summary Page Add Data
11:05:49.639 [main] INFO  utilities.UtilityCustomFunctions - Actual:1
11:05:49.639 [main] INFO  utilities.UtilityCustomFunctions - Expected:1
11:05:49.639 [main] INFO  utilities.UtilityCustomFunctions - Message:PickList - Detail View Page:   Summary Page Add Data
11:05:50.906 [main] INFO  utilities.UtilityCustomFunctions - Actual:annie-spratt
11:05:50.907 [main] INFO  utilities.UtilityCustomFunctions - Expected:annie-spratt
11:05:50.907 [main] INFO  utilities.UtilityCustomFunctions - Message:File Upload - Detail View Page:   Summary Page Add Data
11:05:52.058 [main] INFO  utilities.UtilityCustomFunctions - Actual:30-04-2024 11:01:27 AM
11:05:52.059 [main] INFO  utilities.UtilityCustomFunctions - Expected:30-04-2024 11:01:27 AM
11:05:52.059 [main] INFO  utilities.UtilityCustomFunctions - Message:Date & Time - Detail View Page: Summary Page Add Data
11:05:53.226 [main] INFO  utilities.UtilityCustomFunctions - Actual:02:35:55 AM
11:05:53.226 [main] INFO  utilities.UtilityCustomFunctions - Expected:02:35:55 AM
11:05:53.226 [main] INFO  utilities.UtilityCustomFunctions - Message:Time - Detail View Page:    Summary Page Add Data
11:05:54.418 [main] INFO  utilities.UtilityCustomFunctions - ActualNameDT: Mr. SummaryAddName ExpectedNameDT: Mr. SummaryAddName
11:05:54.418 [main] INFO  utilities.UtilityCustomFunctions - Actual:Mr. SummaryAddName
11:05:54.418 [main] INFO  utilities.UtilityCustomFunctions - Expected:Mr. SummaryAddName
11:05:54.418 [main] INFO  utilities.UtilityCustomFunctions - Message:Name - Detail View Page:  Summary Page Add Data
11:05:55.572 [main] INFO  utilities.UtilityCustomFunctions - Actual:2323232323
11:05:55.572 [main] INFO  utilities.UtilityCustomFunctions - Expected:2323232323
11:05:55.572 [main] INFO  utilities.UtilityCustomFunctions - Message:Number - Detail View Page:  Summary Page Add Data
11:05:56.733 [main] INFO  utilities.UtilityCustomFunctions - Actual:1,000
11:05:56.733 [main] INFO  utilities.UtilityCustomFunctions - Expected:1,000
11:05:56.733 [main] INFO  utilities.UtilityCustomFunctions - Message:Currency - Detail View Page:  Summary Page Add Data
11:05:57.885 [main] INFO  utilities.UtilityCustomFunctions - Actual:http://www.mvnrepository.com/
11:05:57.885 [main] INFO  utilities.UtilityCustomFunctions - Expected:http://www.mvnrepository.com/
11:05:57.885 [main] INFO  utilities.UtilityCustomFunctions - Message:URL - Detail View Page:  Summary Page Add Data
11:06:02.080 [main] INFO  utilities.UtilityCustomFunctions - Actual:Chennai
11:06:02.080 [main] INFO  utilities.UtilityCustomFunctions - Expected:Chennai
11:06:02.080 [main] INFO  utilities.UtilityCustomFunctions - Message:City - Detail View Page:   Summary Page Add Data
11:06:03.246 [main] INFO  utilities.UtilityCustomFunctions - Actual:Tamilnadu
11:06:03.246 [main] INFO  utilities.UtilityCustomFunctions - Expected:Tamilnadu
11:06:03.246 [main] INFO  utilities.UtilityCustomFunctions - Message:State - Detail View Page:   Summary Page Add Data
11:06:04.413 [main] INFO  utilities.UtilityCustomFunctions - Actual:India
11:06:04.413 [main] INFO  utilities.UtilityCustomFunctions - Expected:India
11:06:04.413 [main] INFO  utilities.UtilityCustomFunctions - Message:Country - Detail View Page:  Summary Page Add Data
11:06:05.570 [main] INFO  utilities.UtilityCustomFunctions - Actual:RelatedModuleText
11:06:05.570 [main] INFO  utilities.UtilityCustomFunctions - Expected:RelatedModuleText
11:06:05.570 [main] INFO  utilities.UtilityCustomFunctions - Message:Related Module Text - Detail View Page:  Summary Page Add Data
11:06:14.756 [main] INFO  utilities.UtilityCustomFunctions - testing entered in  input
11:06:15.014 [main] INFO  utilities.UtilityCustomFunctions - dCr2KGiHBrC2!@ entered in  input
11:08:36.456 [main] INFO  utilities.UtilityCustomFunctions - No EndPage Link
11:08:36.689 [main] INFO  utilities.UtilityCustomFunctions - Taask Id:144
11:08:36.699 [main] INFO  utilities.UtilityCustomFunctions - Module Name:Etnotification
11:08:36.709 [main] INFO  utilities.UtilityCustomFunctions - Schedule Type:0
11:08:36.719 [main] INFO  utilities.UtilityCustomFunctions - Schedule Type Name:
11:08:36.729 [main] INFO  utilities.UtilityCustomFunctions - Actual Execution Time: 2024-04-30 05:44:41
11:08:36.741 [main] INFO  utilities.UtilityCustomFunctions - Actual Send Type: Send notification
11:08:36.754 [main] INFO  utilities.UtilityCustomFunctions - Actual Creation Time: 2024-04-30 05:34:42
11:08:36.754 [main] INFO  utilities.UtilityCustomFunctions - Actual Creation Time: Tue Apr 30 05:34:42 IST 2024Actual Execution Time: Tue Apr 30 05:44:41 IST 2024
11:08:36.754 [main] INFO  utilities.UtilityCustomFunctions - Within Date Diff Validation
11:08:37.891 [main] INFO  utilities.UtilityCustomFunctions - Summary New Record Failed: Actual EntityId: 123875 ScheduleName:  Created Time: 2024-04-30 05:34:42 ExecutionTime:2024-04-30 05:44:41 Difference In Minutes:= 9 Send Type: Send notification Module Name: Etnotification and Task Id: 144
11:10:38.603 [main] INFO  utilities.UtilityCustomFunctions - No EndPage or NextPage Link
11:10:46.464 [main] INFO  utilities.UtilityCustomFunctions - PRIYAN entered in  input
11:10:47.752 [main] INFO  utilities.UtilityCustomFunctions - rsoft entered in  input
11:10:49.026 [main] INFO  utilities.UtilityCustomFunctions - RSoft!@345 entered in  input
11:11:09.299 [main] INFO  utilities.UtilityCustomFunctions - Excel file Utility instance created
11:11:09.330 [main] INFO  utilities.UtilityCustomFunctions - Row Count to Add Values: 1
11:11:09.350 [main] INFO  utilities.UtilityCustomFunctions - Col Count is: 33
11:11:09.350 [main] INFO  utilities.UtilityCustomFunctions - Extracting DataSheet Values started...
11:11:09.843 [main] INFO  utilities.UtilityCustomFunctions - Before Adding Module data
11:11:12.941 [main] INFO  utilities.UtilityCustomFunctions - Assinged To Drop Down clicked
11:11:18.162 [main] INFO  testCases.ExecuteTask.Notification.TC001_NT_ExecuteTask_CTAfterMinutes - [Rsoft IT] is selected in List
11:11:18.234 [main] INFO  utilities.UtilityCustomFunctions - Phone NUmber prefix clicked :  
11:11:21.388 [main] INFO  testCases.ExecuteTask.Notification.TC001_NT_ExecuteTask_CTAfterMinutes - [+91] is selected in List
11:11:21.389 [main] INFO  utilities.UtilityCustomFunctions - Phone NUmber selected is :  1234567890
11:11:22.700 [main] INFO  utilities.UtilityCustomFunctions - 1234567890 entered in  input
11:11:26.001 [main] INFO  utilities.UtilityCustomFunctions - DuplicateAdd@gmail.com entered in  input
11:11:27.007 [main] INFO  utilities.UtilityCustomFunctions - Email Added is: DuplicateAdd@gmail.com
11:11:28.262 [main] INFO  utilities.UtilityCustomFunctions - DuplicateAddText entered in  input
11:11:28.265 [main] INFO  utilities.UtilityCustomFunctions - Text Value added is::  DuplicateAddText
11:11:48.099 [main] INFO  utilities.UtilityCustomFunctions - MultiCombo box values: four,five
11:11:50.396 [main] INFO  utilities.UtilityCustomFunctions - DuplicateAddTextArea entered in  textarea
11:11:52.430 [main] INFO  utilities.UtilityCustomFunctions - check box value: ON
11:11:52.444 [main] INFO  utilities.UtilityCustomFunctions - Checkbox clicked
11:11:52.512 [main] INFO  utilities.UtilityCustomFunctions - DateBox clicked
11:12:03.806 [main] INFO  utilities.UtilityCustomFunctions - Year to be selected is:2024
11:12:08.503 [main] INFO  utilities.UtilityCustomFunctions - (//td[contains(@class,'today')])[1]
11:12:11.572 [main] INFO  utilities.UtilityCustomFunctions - Today Date Selected
11:12:13.641 [main] INFO  utilities.UtilityCustomFunctions - Picklist clicked
11:12:14.698 [main] INFO  utilities.UtilityCustomFunctions - Picklist selected: 1
11:12:17.892 [main] INFO  utilities.UtilityCustomFunctions - Date & Time Clicked
11:12:31.267 [main] INFO  utilities.UtilityCustomFunctions - Year to be selected is:2024
11:12:36.006 [main] INFO  utilities.UtilityCustomFunctions - (//td[contains(@class,'today')])[3]
11:12:41.147 [main] INFO  utilities.UtilityCustomFunctions - Clicked Current Date in Date&Time
11:12:41.243 [main] INFO  utilities.UtilityCustomFunctions - Date & Time Selected
11:12:42.313 [main] INFO  utilities.UtilityCustomFunctions - Time Clicked
11:12:45.323 [main] INFO  utilities.UtilityCustomFunctions - Hours://div[@class='popover-content']//div[@class='clockpicker-tick' and text()='2']
11:12:55.583 [main] INFO  utilities.UtilityCustomFunctions - Time Selected is: 02:35 PM
11:12:56.680 [main] INFO  utilities.UtilityCustomFunctions - Actual Date Selected :30-04-2024
11:13:00.115 [main] INFO  testCases.ExecuteTask.Notification.TC001_NT_ExecuteTask_CTAfterMinutes - [Mr.] is selected in List
11:13:01.373 [main] INFO  utilities.UtilityCustomFunctions - DuplicateAddName entered in  input
11:13:02.676 [main] INFO  utilities.UtilityCustomFunctions - 2323232323 entered in  input
11:13:03.888 [main] INFO  utilities.UtilityCustomFunctions - 1,000 entered in  input
11:13:05.248 [main] INFO  utilities.UtilityCustomFunctions - http://www.mvnrepository.com/ entered in  input
11:13:06.320 [main] INFO  utilities.UtilityCustomFunctions - City Drop Down clicked
11:13:09.502 [main] INFO  testCases.ExecuteTask.Notification.TC001_NT_ExecuteTask_CTAfterMinutes - [Chennai] is selected in List
11:13:09.502 [main] INFO  utilities.UtilityCustomFunctions - City Selected: Chennai
11:13:10.607 [main] INFO  utilities.UtilityCustomFunctions - State Drop Down clicked
11:13:13.896 [main] INFO  testCases.ExecuteTask.Notification.TC001_NT_ExecuteTask_CTAfterMinutes - [Tamilnadu] is selected in List
11:13:13.896 [main] INFO  utilities.UtilityCustomFunctions - State Selected: Tamilnadu
11:13:15.022 [main] INFO  utilities.UtilityCustomFunctions - Country List clicked
11:13:18.183 [main] INFO  testCases.ExecuteTask.Notification.TC001_NT_ExecuteTask_CTAfterMinutes - [India] is selected in List
11:13:18.183 [main] INFO  utilities.UtilityCustomFunctions - Country Selected: India
11:13:34.581 [main] INFO  utilities.UtilityCustomFunctions - RelatedModuleText entered in  input
11:13:34.591 [main] INFO  utilities.UtilityCustomFunctions - Search Button clicked in Related Module Window
11:13:37.468 [main] INFO  utilities.UtilityCustomFunctions - Button Search
11:13:40.515 [main] INFO  utilities.UtilityCustomFunctions - table row Count:1
11:13:49.105 [main] INFO  utilities.UtilityCustomFunctions - Related Module Value Selected
11:13:57.682 [main] INFO  utilities.UtilityCustomFunctions - Header Toggle Already ON
11:14:04.416 [main] INFO  utilities.UtilityCustomFunctions - New Record added in: ETNotification
11:14:04.417 [main] INFO  utilities.UtilityCustomFunctions - Excel file Utility instance created
11:14:04.433 [main] INFO  utilities.UtilityCustomFunctions - Row Count to Add Values: 1
11:14:04.445 [main] INFO  utilities.UtilityCustomFunctions - Col Count is: 33
11:14:04.445 [main] INFO  utilities.UtilityCustomFunctions - Extracting DataSheet Values started...
11:14:04.686 [main] INFO  utilities.UtilityCustomFunctions - Before Verify Detail Summary Module data
11:14:10.717 [main] INFO  utilities.UtilityCustomFunctions - Header Toggle Already ON
11:14:10.730 [main] INFO  utilities.UtilityCustomFunctions - Summary View Already OFF
11:14:10.900 [main] INFO  utilities.UtilityCustomFunctions - Actual:ETNotification
11:14:10.900 [main] INFO  utilities.UtilityCustomFunctions - Expected:ETNotification
11:14:10.900 [main] INFO  utilities.UtilityCustomFunctions - Message:Module Name in SummaryDetail View Page
11:14:17.197 [main] INFO  utilities.UtilityCustomFunctions - sAssign1:RsoftsAssign2:IT
11:14:17.197 [main] INFO  utilities.UtilityCustomFunctions - Get Text:
11:14:17.339 [main] INFO  utilities.UtilityCustomFunctions - Actual:Rsoft IT
11:14:17.339 [main] INFO  utilities.UtilityCustomFunctions - Expected:Rsoft IT
11:14:17.339 [main] INFO  utilities.UtilityCustomFunctions - Message:Assigned To-Summary Title
11:14:18.467 [main] INFO  utilities.UtilityCustomFunctions - Actual:+91 1234567890
11:14:18.467 [main] INFO  utilities.UtilityCustomFunctions - Expected:+91 1234567890
11:14:18.467 [main] INFO  utilities.UtilityCustomFunctions - Message:Phone Number - Summary Title
11:14:19.598 [main] INFO  utilities.UtilityCustomFunctions - Actual:DuplicateAdd@gmail.com
11:14:19.598 [main] INFO  utilities.UtilityCustomFunctions - Expected:DuplicateAdd@gmail.com
11:14:19.598 [main] INFO  utilities.UtilityCustomFunctions - Message:Email - Summary Title
11:14:20.779 [main] INFO  utilities.UtilityCustomFunctions - Actual:Rsoft IT
11:14:20.779 [main] INFO  utilities.UtilityCustomFunctions - Expected:Rsoft IT
11:14:20.779 [main] INFO  utilities.UtilityCustomFunctions - Message:Assigned To - Summary View Page : 
11:14:21.936 [main] INFO  utilities.UtilityCustomFunctions - Actual:+91 1234567890
11:14:21.936 [main] INFO  utilities.UtilityCustomFunctions - Expected:+91 1234567890
11:14:21.936 [main] INFO  utilities.UtilityCustomFunctions - Message:Mobile Number - Summary View Page : Duplicate Record
11:14:23.094 [main] INFO  utilities.UtilityCustomFunctions - Actual:DuplicateAdd@gmail.com
11:14:23.094 [main] INFO  utilities.UtilityCustomFunctions - Expected:DuplicateAdd@gmail.com
11:14:23.094 [main] INFO  utilities.UtilityCustomFunctions - Message:Email - Summary View Page: Duplicate Record
11:14:24.233 [main] INFO  utilities.UtilityCustomFunctions - Actual:DuplicateAddText
11:14:24.234 [main] INFO  utilities.UtilityCustomFunctions - Expected:DuplicateAddText
11:14:24.234 [main] INFO  utilities.UtilityCustomFunctions - Message:Text - Summary View Page:Duplicate Record
11:14:25.385 [main] INFO  utilities.UtilityCustomFunctions - Actual:three,five
11:14:25.385 [main] INFO  utilities.UtilityCustomFunctions - Expected:four,five
11:14:25.385 [main] INFO  utilities.UtilityCustomFunctions - Message:MultiComboValues - Summary View Page:  Duplicate Record
11:14:26.541 [main] INFO  utilities.UtilityCustomFunctions - Actual:DuplicateAddTextArea
11:14:26.541 [main] INFO  utilities.UtilityCustomFunctions - Expected:DuplicateAddTextArea
11:14:26.541 [main] INFO  utilities.UtilityCustomFunctions - Message:Text Area - Summary View Page:  Duplicate Record
11:14:27.732 [main] INFO  utilities.UtilityCustomFunctions - Actual:Yes
11:14:27.732 [main] INFO  utilities.UtilityCustomFunctions - Expected:Yes
11:14:27.732 [main] INFO  utilities.UtilityCustomFunctions - Message:CheckBox - Summary View Page:   Duplicate Record
11:14:28.902 [main] INFO  utilities.UtilityCustomFunctions - Actual:30-04-2024
11:14:28.902 [main] INFO  utilities.UtilityCustomFunctions - Expected:30-04-2024
11:14:28.902 [main] INFO  utilities.UtilityCustomFunctions - Message:Date - Summary View Page:  Duplicate Record
11:14:30.051 [main] INFO  utilities.UtilityCustomFunctions - Actual:1
11:14:30.051 [main] INFO  utilities.UtilityCustomFunctions - Expected:1
11:14:30.051 [main] INFO  utilities.UtilityCustomFunctions - Message:PickList - Summary View Page:  Duplicate Record
11:14:31.292 [main] INFO  utilities.UtilityCustomFunctions - Actual:annie-spratt
11:14:31.292 [main] INFO  utilities.UtilityCustomFunctions - Expected:annie-spratt
11:14:31.292 [main] INFO  utilities.UtilityCustomFunctions - Message:File Upload - Summary View Page: Duplicate Record
11:14:32.443 [main] INFO  utilities.UtilityCustomFunctions - Actual:30-04-2024 11:01:27 AM
11:14:32.443 [main] INFO  utilities.UtilityCustomFunctions - Expected:30-04-2024 11:01:27 AM
11:14:32.443 [main] INFO  utilities.UtilityCustomFunctions - Message:Date & Time - Summary View Page:   Duplicate Record
11:14:33.575 [main] INFO  utilities.UtilityCustomFunctions - Actual:02:35:55 AM
11:14:33.575 [main] INFO  utilities.UtilityCustomFunctions - Expected:02:35:55 AM
11:14:33.575 [main] INFO  utilities.UtilityCustomFunctions - Message:Time - Summary View Page:   Duplicate Record
11:14:34.743 [main] INFO  utilities.UtilityCustomFunctions - Actual:
11:14:34.743 [main] INFO  utilities.UtilityCustomFunctions - Expected:Mr. DuplicateAddName
11:14:34.743 [main] INFO  utilities.UtilityCustomFunctions - Message:Name - Summary View Page:   Duplicate Record
11:14:34.791 [main] INFO  utilities.UtilityCustomFunctions - Actual:2323232323
11:14:34.791 [main] INFO  utilities.UtilityCustomFunctions - Expected:2323232323
11:14:34.791 [main] INFO  utilities.UtilityCustomFunctions - Message:Number - Summary View Page:   Duplicate Record
11:14:35.951 [main] INFO  utilities.UtilityCustomFunctions - Actual:1,000
11:14:35.951 [main] INFO  utilities.UtilityCustomFunctions - Expected:1,000
11:14:35.951 [main] INFO  utilities.UtilityCustomFunctions - Message:Currency - Summary View Page:   Duplicate Record
11:14:37.091 [main] INFO  utilities.UtilityCustomFunctions - Actual:http://www.mvnrepository.com/
11:14:37.091 [main] INFO  utilities.UtilityCustomFunctions - Expected:http://www.mvnrepository.com/
11:14:37.091 [main] INFO  utilities.UtilityCustomFunctions - Message:URL - Summary View Page:  Duplicate Record
11:14:38.250 [main] INFO  utilities.UtilityCustomFunctions - Actual:
11:14:38.250 [main] INFO  utilities.UtilityCustomFunctions - Expected:Chennai
11:14:38.250 [main] INFO  utilities.UtilityCustomFunctions - Message:City - Summary View Page: Duplicate Record
11:14:38.299 [main] INFO  utilities.UtilityCustomFunctions - Actual:Tamilnadu
11:14:38.299 [main] INFO  utilities.UtilityCustomFunctions - Expected:Tamilnadu
11:14:38.299 [main] INFO  utilities.UtilityCustomFunctions - Message:State - Summary View Page:Duplicate Record
11:14:39.453 [main] INFO  utilities.UtilityCustomFunctions - Actual:India
11:14:39.454 [main] INFO  utilities.UtilityCustomFunctions - Expected:India
11:14:39.454 [main] INFO  utilities.UtilityCustomFunctions - Message:Country - Summary View Page:  Duplicate Record
11:14:40.624 [main] INFO  utilities.UtilityCustomFunctions - Actual:RelatedModuleText
11:14:40.624 [main] INFO  utilities.UtilityCustomFunctions - Expected:RelatedModuleText
11:14:40.624 [main] INFO  utilities.UtilityCustomFunctions - Message:Related Module Text - Summary View Page:  Duplicate Record
11:14:42.355 [main] INFO  utilities.UtilityCustomFunctions - Summary View Set ON
11:14:50.786 [main] INFO  utilities.UtilityCustomFunctions - Actual:Rsoft IT
11:14:50.786 [main] INFO  utilities.UtilityCustomFunctions - Expected:Rsoft IT
11:14:50.786 [main] INFO  utilities.UtilityCustomFunctions - Message:AssignedTo - Detail View Page:   Duplicate Record
11:14:51.948 [main] INFO  utilities.UtilityCustomFunctions - sActDTMobileNumber +91
  1234567890
11:14:51.948 [main] INFO  utilities.UtilityCustomFunctions - Actual:+91 1234567890
11:14:51.948 [main] INFO  utilities.UtilityCustomFunctions - Expected:+91 1234567890
11:14:51.948 [main] INFO  utilities.UtilityCustomFunctions - Message:Mobile Number - Detail View Page:   Duplicate Record
11:14:53.122 [main] INFO  utilities.UtilityCustomFunctions - Actual:DuplicateAdd@gmail.com
11:14:53.122 [main] INFO  utilities.UtilityCustomFunctions - Expected:DuplicateAdd@gmail.com
11:14:53.122 [main] INFO  utilities.UtilityCustomFunctions - Message:Email - Detail View Page: Duplicate Record
11:14:54.270 [main] INFO  utilities.UtilityCustomFunctions - Actual:DuplicateAddText
11:14:54.270 [main] INFO  utilities.UtilityCustomFunctions - Expected:DuplicateAddText
11:14:54.270 [main] INFO  utilities.UtilityCustomFunctions - Message:Text - Detail View Page:  Duplicate Record
11:14:55.463 [main] INFO  utilities.UtilityCustomFunctions - Actual:three,five
11:14:55.463 [main] INFO  utilities.UtilityCustomFunctions - Expected:four,five
11:14:55.463 [main] INFO  utilities.UtilityCustomFunctions - Message:MultiCombo - Detail View Page:   Duplicate Record
11:14:56.612 [main] INFO  utilities.UtilityCustomFunctions - Actual:DuplicateAddTextArea
11:14:56.612 [main] INFO  utilities.UtilityCustomFunctions - Expected:DuplicateAddTextArea
11:14:56.612 [main] INFO  utilities.UtilityCustomFunctions - Message:TextArea - Detail View Page:  Duplicate Record
11:14:57.866 [main] INFO  utilities.UtilityCustomFunctions - Actual:Yes
11:14:57.866 [main] INFO  utilities.UtilityCustomFunctions - Expected:Yes
11:14:57.866 [main] INFO  utilities.UtilityCustomFunctions - Message:CheckBox - Detail View Page: Duplicate Record
11:14:59.026 [main] INFO  utilities.UtilityCustomFunctions - Actual:30-04-2024
11:14:59.026 [main] INFO  utilities.UtilityCustomFunctions - Expected:30-04-2024
11:14:59.026 [main] INFO  utilities.UtilityCustomFunctions - Message:Date - Detail View Page: Duplicate Record
11:15:00.194 [main] INFO  utilities.UtilityCustomFunctions - Actual:1
11:15:00.194 [main] INFO  utilities.UtilityCustomFunctions - Expected:1
11:15:00.194 [main] INFO  utilities.UtilityCustomFunctions - Message:PickList - Detail View Page:   Duplicate Record
11:15:01.427 [main] INFO  utilities.UtilityCustomFunctions - Actual:annie-spratt
11:15:01.427 [main] INFO  utilities.UtilityCustomFunctions - Expected:annie-spratt
11:15:01.427 [main] INFO  utilities.UtilityCustomFunctions - Message:File Upload - Detail View Page:   Duplicate Record
11:15:02.572 [main] INFO  utilities.UtilityCustomFunctions - Actual:30-04-2024 11:01:27 AM
11:15:02.572 [main] INFO  utilities.UtilityCustomFunctions - Expected:30-04-2024 11:01:27 AM
11:15:02.572 [main] INFO  utilities.UtilityCustomFunctions - Message:Date & Time - Detail View Page: Duplicate Record
11:15:03.743 [main] INFO  utilities.UtilityCustomFunctions - Actual:02:35:55 AM
11:15:03.744 [main] INFO  utilities.UtilityCustomFunctions - Expected:02:35:55 AM
11:15:03.744 [main] INFO  utilities.UtilityCustomFunctions - Message:Time - Detail View Page:    Duplicate Record
11:15:04.923 [main] INFO  utilities.UtilityCustomFunctions - ActualNameDT: Mr. DuplicateAddName ExpectedNameDT: Mr. DuplicateAddName
11:15:04.923 [main] INFO  utilities.UtilityCustomFunctions - Actual:Mr. DuplicateAddName
11:15:04.923 [main] INFO  utilities.UtilityCustomFunctions - Expected:Mr. DuplicateAddName
11:15:04.923 [main] INFO  utilities.UtilityCustomFunctions - Message:Name - Detail View Page:  Duplicate Record
11:15:06.077 [main] INFO  utilities.UtilityCustomFunctions - Actual:2323232323
11:15:06.077 [main] INFO  utilities.UtilityCustomFunctions - Expected:2323232323
11:15:06.077 [main] INFO  utilities.UtilityCustomFunctions - Message:Number - Detail View Page:  Duplicate Record
11:15:07.235 [main] INFO  utilities.UtilityCustomFunctions - Actual:1,000
11:15:07.235 [main] INFO  utilities.UtilityCustomFunctions - Expected:1,000
11:15:07.235 [main] INFO  utilities.UtilityCustomFunctions - Message:Currency - Detail View Page:  Duplicate Record
11:15:08.359 [main] INFO  utilities.UtilityCustomFunctions - Actual:http://www.mvnrepository.com/
11:15:08.360 [main] INFO  utilities.UtilityCustomFunctions - Expected:http://www.mvnrepository.com/
11:15:08.360 [main] INFO  utilities.UtilityCustomFunctions - Message:URL - Detail View Page:  Duplicate Record
11:15:12.616 [main] INFO  utilities.UtilityCustomFunctions - Actual:Chennai
11:15:12.616 [main] INFO  utilities.UtilityCustomFunctions - Expected:Chennai
11:15:12.616 [main] INFO  utilities.UtilityCustomFunctions - Message:City - Detail View Page:   Duplicate Record
11:15:13.846 [main] INFO  utilities.UtilityCustomFunctions - Actual:Tamilnadu
11:15:13.846 [main] INFO  utilities.UtilityCustomFunctions - Expected:Tamilnadu
11:15:13.846 [main] INFO  utilities.UtilityCustomFunctions - Message:State - Detail View Page:   Duplicate Record
11:15:15.017 [main] INFO  utilities.UtilityCustomFunctions - Actual:India
11:15:15.017 [main] INFO  utilities.UtilityCustomFunctions - Expected:India
11:15:15.018 [main] INFO  utilities.UtilityCustomFunctions - Message:Country - Detail View Page:  Duplicate Record
11:15:16.204 [main] INFO  utilities.UtilityCustomFunctions - Actual:RelatedModuleText
11:15:16.204 [main] INFO  utilities.UtilityCustomFunctions - Expected:RelatedModuleText
11:15:16.204 [main] INFO  utilities.UtilityCustomFunctions - Message:Related Module Text - Detail View Page:  Duplicate Record
11:15:25.418 [main] INFO  utilities.UtilityCustomFunctions - testing entered in  input
11:15:25.611 [main] INFO  utilities.UtilityCustomFunctions - dCr2KGiHBrC2!@ entered in  input
11:17:47.009 [main] INFO  utilities.UtilityCustomFunctions - No EndPage Link
11:17:47.234 [main] INFO  utilities.UtilityCustomFunctions - Taask Id:145
11:17:47.244 [main] INFO  utilities.UtilityCustomFunctions - Module Name:Etnotification
11:17:47.253 [main] INFO  utilities.UtilityCustomFunctions - Schedule Type:0
11:17:47.263 [main] INFO  utilities.UtilityCustomFunctions - Schedule Type Name:
11:17:47.273 [main] INFO  utilities.UtilityCustomFunctions - Actual Execution Time: 2024-04-30 05:53:52
11:17:47.282 [main] INFO  utilities.UtilityCustomFunctions - Actual Send Type: Send notification
11:17:47.293 [main] INFO  utilities.UtilityCustomFunctions - Actual Creation Time: 2024-04-30 05:43:53
11:17:47.293 [main] INFO  utilities.UtilityCustomFunctions - Actual Creation Time: Tue Apr 30 05:43:53 IST 2024Actual Execution Time: Tue Apr 30 05:53:52 IST 2024
11:17:47.293 [main] INFO  utilities.UtilityCustomFunctions - Within Date Diff Validation
11:17:48.440 [main] INFO  utilities.UtilityCustomFunctions - Duplicate Record Failed: Actual EntityId: 123883 ScheduleName:  Created Time: 2024-04-30 05:43:53 ExecutionTime:2024-04-30 05:53:52 Difference In Minutes:= 9 Send Type: Send notification Module Name: Etnotification and Task Id: 145
11:19:49.889 [main] INFO  utilities.UtilityCustomFunctions - No EndPage or NextPage Link
12:35:10.365 [main] INFO  utilities.UtilityCustomFunctions - ******starting TC001_NT_ExecuteTask_CTAfterMinutes ****
12:35:10.367 [main] INFO  utilities.UtilityCustomFunctions - Browser Execution on: chrome
12:35:10.368 [main] INFO  utilities.UtilityCustomFunctions - Excel file Utility instance created
12:35:10.962 [main] INFO  utilities.UtilityCustomFunctions - Total rows: 1
12:35:11.019 [main] INFO  utilities.UtilityCustomFunctions - Cols Count: 37
12:35:11.019 [main] INFO  utilities.UtilityCustomFunctions - Extracting DataSheet Values started...
12:35:22.113 [main] INFO  utilities.UtilityCustomFunctions - PRIYAN entered in  input
12:35:23.445 [main] INFO  utilities.UtilityCustomFunctions - rsoft entered in  input
12:35:24.705 [main] INFO  utilities.UtilityCustomFunctions - RSoft!@345 entered in  input
12:35:48.716 [main] INFO  testCases.ExecuteTask.Notification.TC001_NT_ExecuteTask_CTAfterMinutes - Clicked Avatar
12:35:52.262 [main] INFO  testCases.ExecuteTask.Notification.TC001_NT_ExecuteTask_CTAfterMinutes - Clicked Menu CRM Setting
12:35:54.391 [main] INFO  testCases.ExecuteTask.Notification.TC001_NT_ExecuteTask_CTAfterMinutes - Clicked Menu Other Setting
12:35:59.596 [main] INFO  testCases.ExecuteTask.Notification.TC001_NT_ExecuteTask_CTAfterMinutes - Clicked Menu Item Workflow
12:35:59.768 [main] INFO  testCases.ExecuteTask.Notification.TC001_NT_ExecuteTask_CTAfterMinutes - Clicked Workflow from Combox Box List
12:36:01.771 [main] INFO  testCases.ExecuteTask.Notification.TC001_NT_ExecuteTask_CTAfterMinutes - Item to be selected:  ETNotification Workflow
12:36:08.043 [main] INFO  testCases.ExecuteTask.Notification.TC001_NT_ExecuteTask_CTAfterMinutes - [ETNotification Workflow] is selected in List
12:36:08.043 [main] INFO  testCases.ExecuteTask.Notification.TC001_NT_ExecuteTask_CTAfterMinutes - Item selected in combox Box  ETNotification Workflow
12:36:11.060 [main] INFO  testCases.ExecuteTask.Notification.TC001_NT_ExecuteTask_CTAfterMinutes - Selected Module to View its Workflows
12:36:11.074 [main] INFO  testCases.ExecuteTask.Notification.TC001_NT_ExecuteTask_CTAfterMinutes - Current Workflow Row item: 1
12:36:11.122 [main] INFO  testCases.ExecuteTask.Notification.TC001_NT_ExecuteTask_CTAfterMinutes - Current style of Worflow Status Element captured
12:36:11.122 [main] INFO  testCases.ExecuteTask.Notification.TC001_NT_ExecuteTask_CTAfterMinutes - Workflow status: of row item: 1 true
12:36:11.147 [main] INFO  testCases.ExecuteTask.Notification.TC001_NT_ExecuteTask_CTAfterMinutes - Actual Module Name:  ETNotification
12:36:11.147 [main] INFO  testCases.ExecuteTask.Notification.TC001_NT_ExecuteTask_CTAfterMinutes - Actual Workflow Name:  wf_ET_OOFS_Notifications
12:36:11.148 [main] INFO  testCases.ExecuteTask.Notification.TC001_NT_ExecuteTask_CTAfterMinutes - Actual Exec Condition Name:  Only on the first save
12:36:11.148 [main] INFO  testCases.ExecuteTask.Notification.TC001_NT_ExecuteTask_CTAfterMinutes - Module,workflow,condition matches
12:36:11.148 [main] INFO  testCases.ExecuteTask.Notification.TC001_NT_ExecuteTask_CTAfterMinutes - bCurrentWFStatus: true
12:36:11.148 [main] INFO  testCases.ExecuteTask.Notification.TC001_NT_ExecuteTask_CTAfterMinutes - wf_ET_OOFS_NotificationsWorkflow enabled
12:36:11.148 [main] INFO  utilities.UtilityCustomFunctions - wf_ET_OOFS_NotificationsDisabled Workflow Manually Enabled
12:36:11.148 [main] INFO  testCases.ExecuteTask.Notification.TC001_NT_ExecuteTask_CTAfterMinutes - true:1
12:36:17.177 [main] INFO  testCases.ExecuteTask.Notification.TC001_NT_ExecuteTask_CTAfterMinutes - Work flow clicked
12:36:22.106 [main] INFO  testCases.ExecuteTask.Notification.TC001_NT_ExecuteTask_CTAfterMinutes - Cliked Step 1 Next Button to Condition Page
12:36:25.796 [main] INFO  testCases.ExecuteTask.Notification.TC001_NT_ExecuteTask_CTAfterMinutes - Cliked Step 2 Next Button to Task List Page
12:36:26.811 [main] INFO  testCases.ExecuteTask.Notification.TC001_NT_ExecuteTask_CTAfterMinutes - Clicked Workflow and Navigated to Task Page
12:36:26.841 [main] INFO  testCases.ExecuteTask.Notification.TC001_NT_ExecuteTask_CTAfterMinutes - Number of Tasks Listed for this Workflow: wf_ET_OOFS_Notifications : 18
12:36:26.865 [main] INFO  utilities.UtilityCustomFunctions - Is Task Active: 1 : true
12:36:26.967 [main] INFO  utilities.UtilityCustomFunctions - Retrieved Action Type:Send notification
12:36:26.967 [main] INFO  utilities.UtilityCustomFunctions - Retrieved Action Title:tskNT_ExecuteTask_CTAfterMinutes
12:36:26.967 [main] INFO  utilities.UtilityCustomFunctions - Retrieved Expected Action Type:Send notification
12:36:26.967 [main] INFO  utilities.UtilityCustomFunctions - Retrieved Expected Action Title:tskNT_ExecuteTask_CTAfterMinutes
12:36:26.967 [main] INFO  testCases.ExecuteTask.Notification.TC001_NT_ExecuteTask_CTAfterMinutes - Action Type and Action Tile matches and also Task Button Enabled
12:36:27.972 [main] INFO  utilities.UtilityCustomFunctions - Out of for loop:false
12:36:31.176 [main] INFO  testCases.ExecuteTask.Notification.TC001_NT_ExecuteTask_CTAfterMinutes - Clicked Workflow and Navigated to Task Page
12:36:31.176 [main] INFO  testCases.ExecuteTask.Notification.TC001_NT_ExecuteTask_CTAfterMinutes - Task Active Send notification  tskNT_ExecuteTask_CTAfterMinutes
12:39:03.462 [main] INFO  utilities.UtilityCustomFunctions - ******starting TC001_NT_ExecuteTask_CTAfterMinutes ****
12:39:03.463 [main] INFO  utilities.UtilityCustomFunctions - Browser Execution on: chrome
12:39:03.465 [main] INFO  utilities.UtilityCustomFunctions - Excel file Utility instance created
12:39:04.009 [main] INFO  utilities.UtilityCustomFunctions - Total rows: 1
12:39:04.082 [main] INFO  utilities.UtilityCustomFunctions - Cols Count: 37
12:39:04.082 [main] INFO  utilities.UtilityCustomFunctions - Extracting DataSheet Values started...
12:39:15.053 [main] INFO  utilities.UtilityCustomFunctions - PRIYAN entered in  input
12:39:16.352 [main] INFO  utilities.UtilityCustomFunctions - rsoft entered in  input
12:39:17.602 [main] INFO  utilities.UtilityCustomFunctions - RSoft!@345 entered in  input
12:39:28.735 [main] INFO  testCases.ExecuteTask.Notification.TC001_NT_ExecuteTask_CTAfterMinutes - Clicked Avatar
12:39:32.515 [main] INFO  testCases.ExecuteTask.Notification.TC001_NT_ExecuteTask_CTAfterMinutes - Clicked Menu CRM Setting
12:39:34.673 [main] INFO  testCases.ExecuteTask.Notification.TC001_NT_ExecuteTask_CTAfterMinutes - Clicked Menu Other Setting
12:39:39.363 [main] INFO  testCases.ExecuteTask.Notification.TC001_NT_ExecuteTask_CTAfterMinutes - Clicked Menu Item Workflow
12:39:39.547 [main] INFO  testCases.ExecuteTask.Notification.TC001_NT_ExecuteTask_CTAfterMinutes - Clicked Workflow from Combox Box List
12:39:41.556 [main] INFO  testCases.ExecuteTask.Notification.TC001_NT_ExecuteTask_CTAfterMinutes - Item to be selected:  ETNotification Workflow
12:39:47.986 [main] INFO  testCases.ExecuteTask.Notification.TC001_NT_ExecuteTask_CTAfterMinutes - [ETNotification Workflow] is selected in List
12:39:47.986 [main] INFO  testCases.ExecuteTask.Notification.TC001_NT_ExecuteTask_CTAfterMinutes - Item selected in combox Box  ETNotification Workflow
12:39:50.999 [main] INFO  testCases.ExecuteTask.Notification.TC001_NT_ExecuteTask_CTAfterMinutes - Selected Module to View its Workflows
12:39:51.017 [main] INFO  testCases.ExecuteTask.Notification.TC001_NT_ExecuteTask_CTAfterMinutes - Current Workflow Row item: 1
12:39:51.065 [main] INFO  testCases.ExecuteTask.Notification.TC001_NT_ExecuteTask_CTAfterMinutes - Current style of Worflow Status Element captured
12:39:51.065 [main] INFO  testCases.ExecuteTask.Notification.TC001_NT_ExecuteTask_CTAfterMinutes - Workflow status: of row item: 1 true
12:39:51.096 [main] INFO  testCases.ExecuteTask.Notification.TC001_NT_ExecuteTask_CTAfterMinutes - Actual Module Name:  ETNotification
12:39:51.096 [main] INFO  testCases.ExecuteTask.Notification.TC001_NT_ExecuteTask_CTAfterMinutes - Actual Workflow Name:  wf_ET_OOFS_Notifications
12:39:51.096 [main] INFO  testCases.ExecuteTask.Notification.TC001_NT_ExecuteTask_CTAfterMinutes - Actual Exec Condition Name:  Only on the first save
12:39:51.096 [main] INFO  testCases.ExecuteTask.Notification.TC001_NT_ExecuteTask_CTAfterMinutes - Module,workflow,condition matches
12:39:51.096 [main] INFO  testCases.ExecuteTask.Notification.TC001_NT_ExecuteTask_CTAfterMinutes - bCurrentWFStatus: true
12:39:51.096 [main] INFO  testCases.ExecuteTask.Notification.TC001_NT_ExecuteTask_CTAfterMinutes - wf_ET_OOFS_NotificationsWorkflow enabled
12:39:51.097 [main] INFO  utilities.UtilityCustomFunctions - wf_ET_OOFS_NotificationsDisabled Workflow Manually Enabled
12:39:51.097 [main] INFO  testCases.ExecuteTask.Notification.TC001_NT_ExecuteTask_CTAfterMinutes - true:1
12:39:56.866 [main] INFO  testCases.ExecuteTask.Notification.TC001_NT_ExecuteTask_CTAfterMinutes - Work flow clicked
12:40:02.350 [main] INFO  testCases.ExecuteTask.Notification.TC001_NT_ExecuteTask_CTAfterMinutes - Cliked Step 1 Next Button to Condition Page
12:40:05.969 [main] INFO  testCases.ExecuteTask.Notification.TC001_NT_ExecuteTask_CTAfterMinutes - Cliked Step 2 Next Button to Task List Page
12:40:06.981 [main] INFO  testCases.ExecuteTask.Notification.TC001_NT_ExecuteTask_CTAfterMinutes - Clicked Workflow and Navigated to Task Page
12:40:06.995 [main] INFO  testCases.ExecuteTask.Notification.TC001_NT_ExecuteTask_CTAfterMinutes - Number of Tasks Listed for this Workflow: wf_ET_OOFS_Notifications : 18
12:40:07.020 [main] INFO  utilities.UtilityCustomFunctions - Is Task Active: 1 : true
12:40:07.128 [main] INFO  utilities.UtilityCustomFunctions - Retrieved Action Type:Send notification
12:40:07.128 [main] INFO  utilities.UtilityCustomFunctions - Retrieved Action Title:tskNT_ExecuteTask_CTAfterMinutes
12:40:07.128 [main] INFO  utilities.UtilityCustomFunctions - Retrieved Expected Action Type:Send notification
12:40:07.128 [main] INFO  utilities.UtilityCustomFunctions - Retrieved Expected Action Title:tskNT_ExecuteTask_CTAfterMinutes
12:40:07.128 [main] INFO  testCases.ExecuteTask.Notification.TC001_NT_ExecuteTask_CTAfterMinutes - Action Type and Action Tile matches and also Task Button Enabled
12:40:08.130 [main] INFO  utilities.UtilityCustomFunctions - Out of for loop:false
12:40:10.969 [main] INFO  testCases.ExecuteTask.Notification.TC001_NT_ExecuteTask_CTAfterMinutes - Clicked Workflow and Navigated to Task Page
12:40:10.969 [main] INFO  testCases.ExecuteTask.Notification.TC001_NT_ExecuteTask_CTAfterMinutes - Task Active Send notification  tskNT_ExecuteTask_CTAfterMinutes
12:41:08.544 [main] INFO  utilities.UtilityCustomFunctions - ******starting TC001_NT_ExecuteTask_CTAfterMinutes ****
12:41:08.547 [main] INFO  utilities.UtilityCustomFunctions - Browser Execution on: chrome
12:41:08.549 [main] INFO  utilities.UtilityCustomFunctions - Excel file Utility instance created
12:41:09.110 [main] INFO  utilities.UtilityCustomFunctions - Total rows: 1
12:41:09.161 [main] INFO  utilities.UtilityCustomFunctions - Cols Count: 37
12:41:09.161 [main] INFO  utilities.UtilityCustomFunctions - Extracting DataSheet Values started...
12:41:18.546 [main] INFO  utilities.UtilityCustomFunctions - PRIYAN entered in  input
12:41:19.847 [main] INFO  utilities.UtilityCustomFunctions - rsoft entered in  input
12:41:21.080 [main] INFO  utilities.UtilityCustomFunctions - RSoft!@345 entered in  input
12:41:33.872 [main] INFO  testCases.ExecuteTask.Notification.TC001_NT_ExecuteTask_CTAfterMinutes - Clicked Avatar
12:41:37.956 [main] INFO  testCases.ExecuteTask.Notification.TC001_NT_ExecuteTask_CTAfterMinutes - Clicked Menu CRM Setting
12:41:40.089 [main] INFO  testCases.ExecuteTask.Notification.TC001_NT_ExecuteTask_CTAfterMinutes - Clicked Menu Other Setting
12:41:44.824 [main] INFO  testCases.ExecuteTask.Notification.TC001_NT_ExecuteTask_CTAfterMinutes - Clicked Menu Item Workflow
12:41:44.994 [main] INFO  testCases.ExecuteTask.Notification.TC001_NT_ExecuteTask_CTAfterMinutes - Clicked Workflow from Combox Box List
12:41:46.996 [main] INFO  testCases.ExecuteTask.Notification.TC001_NT_ExecuteTask_CTAfterMinutes - Item to be selected:  ETNotification Workflow
12:41:53.020 [main] INFO  testCases.ExecuteTask.Notification.TC001_NT_ExecuteTask_CTAfterMinutes - [ETNotification Workflow] is selected in List
12:41:53.020 [main] INFO  testCases.ExecuteTask.Notification.TC001_NT_ExecuteTask_CTAfterMinutes - Item selected in combox Box  ETNotification Workflow
12:41:56.041 [main] INFO  testCases.ExecuteTask.Notification.TC001_NT_ExecuteTask_CTAfterMinutes - Selected Module to View its Workflows
12:41:56.067 [main] INFO  testCases.ExecuteTask.Notification.TC001_NT_ExecuteTask_CTAfterMinutes - Current Workflow Row item: 1
12:41:56.115 [main] INFO  testCases.ExecuteTask.Notification.TC001_NT_ExecuteTask_CTAfterMinutes - Current style of Worflow Status Element captured
12:41:56.115 [main] INFO  testCases.ExecuteTask.Notification.TC001_NT_ExecuteTask_CTAfterMinutes - Workflow status: of row item: 1 true
12:41:56.145 [main] INFO  testCases.ExecuteTask.Notification.TC001_NT_ExecuteTask_CTAfterMinutes - Actual Module Name:  ETNotification
12:41:56.145 [main] INFO  testCases.ExecuteTask.Notification.TC001_NT_ExecuteTask_CTAfterMinutes - Actual Workflow Name:  wf_ET_OOFS_Notifications
12:41:56.145 [main] INFO  testCases.ExecuteTask.Notification.TC001_NT_ExecuteTask_CTAfterMinutes - Actual Exec Condition Name:  Only on the first save
