16:11:13.748 [main] INFO  testCases.ExecuteTask.Notification.TC018_NT_ExecuteTask_DTBeforeDays - [5] is selected in List
16:11:17.187 [main] INFO  testCases.ExecuteTask.Notification.TC018_NT_ExecuteTask_DTBeforeDays - [00] is selected in List
16:11:20.600 [main] INFO  testCases.ExecuteTask.Notification.TC018_NT_ExecuteTask_DTBeforeDays - [00] is selected in List
16:11:24.013 [main] INFO  testCases.ExecuteTask.Notification.TC018_NT_ExecuteTask_DTBeforeDays - [PM] is selected in List
16:11:26.016 [main] INFO  utilities.UtilityCustomFunctions - Clicked Current Date in Date&Time
16:11:26.184 [main] INFO  utilities.UtilityCustomFunctions - Date & Time Selected
16:11:27.335 [main] INFO  utilities.UtilityCustomFunctions - Time Clicked
16:11:30.351 [main] INFO  utilities.UtilityCustomFunctions - Hours://div[@class='popover-content']//div[@class='clockpicker-tick' and text()='5']
16:11:41.986 [main] INFO  utilities.UtilityCustomFunctions - Actual Date Selected :10-05-2024
16:11:45.856 [main] INFO  testCases.ExecuteTask.Notification.TC018_NT_ExecuteTask_DTBeforeDays - [Mr.] is selected in List
16:11:47.465 [main] INFO  utilities.UtilityCustomFunctions - SummaryAddName entered in  input
16:11:49.013 [main] INFO  utilities.UtilityCustomFunctions - 2323232323 entered in  input
16:11:50.401 [main] INFO  utilities.UtilityCustomFunctions - 1,000 entered in  input
16:11:52.079 [main] INFO  utilities.UtilityCustomFunctions - http://www.mvnrepository.com/ entered in  input
16:11:53.280 [main] INFO  utilities.UtilityCustomFunctions - City Drop Down clicked
16:11:56.642 [main] INFO  testCases.ExecuteTask.Notification.TC018_NT_ExecuteTask_DTBeforeDays - [Chennai] is selected in List
16:11:56.642 [main] INFO  utilities.UtilityCustomFunctions - City Selected: Chennai
16:11:57.832 [main] INFO  utilities.UtilityCustomFunctions - State Drop Down clicked
16:12:01.531 [main] INFO  testCases.ExecuteTask.Notification.TC018_NT_ExecuteTask_DTBeforeDays - [Tamilnadu] is selected in List
16:12:01.531 [main] INFO  utilities.UtilityCustomFunctions - State Selected: Tamilnadu
16:12:02.724 [main] INFO  utilities.UtilityCustomFunctions - Country List clicked
16:12:06.091 [main] INFO  testCases.ExecuteTask.Notification.TC018_NT_ExecuteTask_DTBeforeDays - [India] is selected in List
16:12:06.091 [main] INFO  utilities.UtilityCustomFunctions - Country Selected: India
16:12:22.905 [main] INFO  utilities.UtilityCustomFunctions - RelatedModuleText entered in  input
16:12:22.928 [main] INFO  utilities.UtilityCustomFunctions - Search Button clicked in Related Module Window
16:12:26.738 [main] INFO  utilities.UtilityCustomFunctions - Button Search
16:12:29.833 [main] INFO  utilities.UtilityCustomFunctions - table row Count:1
16:12:38.634 [main] INFO  utilities.UtilityCustomFunctions - Related Module Value Selected
16:12:52.318 [main] INFO  utilities.UtilityCustomFunctions - New Record added in: ETNotification
16:12:54.321 [main] INFO  utilities.UtilityCustomFunctions - New Record added in: ETNotification
16:13:05.449 [main] INFO  utilities.UtilityCustomFunctions - testing entered in  input
16:13:05.932 [main] INFO  utilities.UtilityCustomFunctions - dCr2KGiHBrC2!@ entered in  input
16:13:33.608 [main] INFO  testCases.ExecuteTask.Notification.TC018_NT_ExecuteTask_DTBeforeDays - [PRIMARY (DESC)] is selected in List
16:13:38.617 [main] INFO  utilities.UtilityCustomFunctions - Entity Id Searched: 124771
16:13:43.158 [main] INFO  utilities.UtilityCustomFunctions - Entity Id Searched: 124771
16:13:44.692 [main] INFO  utilities.UtilityCustomFunctions - Execute Task Notification Date&Time before Days Actual Value: 2024-05-13 17:00:00Expected Value: 2024-05-13 17:00:00 EntityId: 124771@Summary Add New
16:13:53.402 [main] INFO  utilities.UtilityCustomFunctions - PRIYAN entered in  input
16:13:54.960 [main] INFO  utilities.UtilityCustomFunctions - rsoft entered in  input
16:13:56.497 [main] INFO  utilities.UtilityCustomFunctions - RSoft!@345 entered in  input
16:14:22.894 [main] INFO  utilities.UtilityCustomFunctions - Excel file Utility instance created
16:14:22.965 [main] INFO  utilities.UtilityCustomFunctions - Row Count to Add Values: 1
16:14:23.097 [main] INFO  utilities.UtilityCustomFunctions - Col Count is: 37
16:14:23.098 [main] INFO  utilities.UtilityCustomFunctions - Extracting DataSheet Values started...
16:14:24.180 [main] INFO  utilities.UtilityCustomFunctions - Before Adding Module data
16:14:27.373 [main] INFO  utilities.UtilityCustomFunctions - Assinged To Drop Down clicked
16:14:32.695 [main] INFO  testCases.ExecuteTask.Notification.TC018_NT_ExecuteTask_DTBeforeDays - [Rsoft IT] is selected in List
16:14:32.857 [main] INFO  utilities.UtilityCustomFunctions - Phone NUmber prefix clicked :  
16:14:36.186 [main] INFO  testCases.ExecuteTask.Notification.TC018_NT_ExecuteTask_DTBeforeDays - [+91] is selected in List
16:14:36.186 [main] INFO  utilities.UtilityCustomFunctions - Phone NUmber selected is :  1234567890
16:14:38.017 [main] INFO  utilities.UtilityCustomFunctions - 1234567890 entered in  input
16:14:41.874 [main] INFO  utilities.UtilityCustomFunctions - DuplicateAdd@gmail.com entered in  input
16:14:42.890 [main] INFO  utilities.UtilityCustomFunctions - Email Added is: DuplicateAdd@gmail.com
16:14:44.462 [main] INFO  utilities.UtilityCustomFunctions - DuplicateAddText entered in  input
16:14:44.475 [main] INFO  utilities.UtilityCustomFunctions - Text Value added is::  DuplicateAddText
16:15:15.299 [main] INFO  utilities.UtilityCustomFunctions - MultiCombo box values: four,five
16:15:18.002 [main] INFO  utilities.UtilityCustomFunctions - DuplicateAddTextArea entered in  textarea
16:15:20.084 [main] INFO  utilities.UtilityCustomFunctions - check box value: ON
16:15:20.192 [main] INFO  utilities.UtilityCustomFunctions - Checkbox clicked
16:15:20.331 [main] INFO  utilities.UtilityCustomFunctions - DateBox clicked
16:15:23.398 [main] INFO  utilities.UtilityCustomFunctions - Current Month:May
16:15:27.570 [main] INFO  utilities.UtilityCustomFunctions - Current Month:May
16:15:36.100 [main] INFO  utilities.UtilityCustomFunctions - Year to be selected is:2024
16:15:41.814 [main] INFO  utilities.UtilityCustomFunctions - (//td[contains(@class,'today')])[1]
16:15:45.034 [main] INFO  utilities.UtilityCustomFunctions - Today Date Selected
16:15:47.193 [main] INFO  utilities.UtilityCustomFunctions - Picklist clicked
16:15:48.298 [main] INFO  utilities.UtilityCustomFunctions - Picklist selected: 1
16:15:51.704 [main] INFO  utilities.UtilityCustomFunctions - Date & Time Clicked
16:15:56.762 [main] INFO  utilities.UtilityCustomFunctions - Current Month:May
16:16:00.973 [main] INFO  utilities.UtilityCustomFunctions - Current Month:May
16:16:09.460 [main] INFO  utilities.UtilityCustomFunctions - Year to be selected is:2024
16:16:19.024 [main] INFO  testCases.ExecuteTask.Notification.TC018_NT_ExecuteTask_DTBeforeDays - [5] is selected in List
16:16:22.409 [main] INFO  testCases.ExecuteTask.Notification.TC018_NT_ExecuteTask_DTBeforeDays - [00] is selected in List
16:16:25.772 [main] INFO  testCases.ExecuteTask.Notification.TC018_NT_ExecuteTask_DTBeforeDays - [00] is selected in List
16:16:29.121 [main] INFO  testCases.ExecuteTask.Notification.TC018_NT_ExecuteTask_DTBeforeDays - [PM] is selected in List
16:16:31.133 [main] INFO  utilities.UtilityCustomFunctions - Clicked Current Date in Date&Time
16:16:31.320 [main] INFO  utilities.UtilityCustomFunctions - Date & Time Selected
16:16:32.478 [main] INFO  utilities.UtilityCustomFunctions - Time Clicked
16:16:35.493 [main] INFO  utilities.UtilityCustomFunctions - Hours://div[@class='popover-content']//div[@class='clockpicker-tick' and text()='5']
16:16:47.202 [main] INFO  utilities.UtilityCustomFunctions - Actual Date Selected :10-05-2024
16:16:51.036 [main] INFO  testCases.ExecuteTask.Notification.TC018_NT_ExecuteTask_DTBeforeDays - [Mr.] is selected in List
16:16:52.730 [main] INFO  utilities.UtilityCustomFunctions - DuplicateAddName entered in  input
16:16:54.272 [main] INFO  utilities.UtilityCustomFunctions - 2323232323 entered in  input
16:16:55.771 [main] INFO  utilities.UtilityCustomFunctions - 1,000 entered in  input
16:16:57.536 [main] INFO  utilities.UtilityCustomFunctions - http://www.mvnrepository.com/ entered in  input
16:16:58.731 [main] INFO  utilities.UtilityCustomFunctions - City Drop Down clicked
16:17:02.116 [main] INFO  testCases.ExecuteTask.Notification.TC018_NT_ExecuteTask_DTBeforeDays - [Chennai] is selected in List
16:17:02.116 [main] INFO  utilities.UtilityCustomFunctions - City Selected: Chennai
16:17:03.248 [main] INFO  utilities.UtilityCustomFunctions - State Drop Down clicked
16:17:06.891 [main] INFO  testCases.ExecuteTask.Notification.TC018_NT_ExecuteTask_DTBeforeDays - [Tamilnadu] is selected in List
16:17:06.891 [main] INFO  utilities.UtilityCustomFunctions - State Selected: Tamilnadu
16:17:08.068 [main] INFO  utilities.UtilityCustomFunctions - Country List clicked
16:17:11.350 [main] INFO  testCases.ExecuteTask.Notification.TC018_NT_ExecuteTask_DTBeforeDays - [India] is selected in List
16:17:11.351 [main] INFO  utilities.UtilityCustomFunctions - Country Selected: India
16:17:28.230 [main] INFO  utilities.UtilityCustomFunctions - RelatedModuleText entered in  input
16:17:28.250 [main] INFO  utilities.UtilityCustomFunctions - Search Button clicked in Related Module Window
16:17:32.205 [main] INFO  utilities.UtilityCustomFunctions - Button Search
16:17:35.324 [main] INFO  utilities.UtilityCustomFunctions - table row Count:1
16:17:44.081 [main] INFO  utilities.UtilityCustomFunctions - Related Module Value Selected
16:17:56.759 [main] INFO  utilities.UtilityCustomFunctions - New Record added in: ETNotification
16:18:07.826 [main] INFO  utilities.UtilityCustomFunctions - testing entered in  input
16:18:08.365 [main] INFO  utilities.UtilityCustomFunctions - dCr2KGiHBrC2!@ entered in  input
16:18:36.155 [main] INFO  testCases.ExecuteTask.Notification.TC018_NT_ExecuteTask_DTBeforeDays - [PRIMARY (DESC)] is selected in List
16:18:41.171 [main] INFO  utilities.UtilityCustomFunctions - Entity Id Searched: 124776
16:18:45.651 [main] INFO  utilities.UtilityCustomFunctions - Entity Id Searched: 124776
16:18:47.148 [main] INFO  utilities.UtilityCustomFunctions - Execute Task Notification Date&Time before Days Actual Value: 2024-05-13 17:00:00Expected Value: 2024-05-13 17:00:00 EntityId: 124776@Duplicate Record
12:00:10.645 [main] INFO  utilities.UtilityCustomFunctions - ******starting TC004_NT_ExecuteTask_MTAfterMinutes ****
12:00:10.654 [main] INFO  utilities.UtilityCustomFunctions - Browser Execution on: chrome
12:00:10.659 [main] INFO  utilities.UtilityCustomFunctions - Excel file Utility instance created
12:00:12.542 [main] INFO  utilities.UtilityCustomFunctions - Total rows: 1
12:00:12.721 [main] INFO  utilities.UtilityCustomFunctions - Cols Count: 37
12:00:12.721 [main] INFO  utilities.UtilityCustomFunctions - Extracting DataSheet Values started...
12:00:18.350 [main] INFO  utilities.UtilityCustomFunctions - PRIYAN entered in  input
12:00:19.919 [main] INFO  utilities.UtilityCustomFunctions - rsoft entered in  input
12:00:21.655 [main] INFO  utilities.UtilityCustomFunctions - RSoft!@345 entered in  input
12:00:35.975 [main] INFO  testCases.ExecuteTask.Notification.TC004_NT_ExecuteTask_MTAfterMinutes - Clicked Avatar
12:00:40.194 [main] INFO  testCases.ExecuteTask.Notification.TC004_NT_ExecuteTask_MTAfterMinutes - Clicked Menu CRM Setting
12:00:42.606 [main] INFO  testCases.ExecuteTask.Notification.TC004_NT_ExecuteTask_MTAfterMinutes - Clicked Menu Other Setting
12:00:46.935 [main] INFO  testCases.ExecuteTask.Notification.TC004_NT_ExecuteTask_MTAfterMinutes - Clicked Menu Item Workflow
12:00:47.289 [main] INFO  testCases.ExecuteTask.Notification.TC004_NT_ExecuteTask_MTAfterMinutes - Clicked Workflow from Combox Box List
12:00:49.306 [main] INFO  testCases.ExecuteTask.Notification.TC004_NT_ExecuteTask_MTAfterMinutes - Item to be selected:  ETNotification Workflow
12:00:55.325 [main] INFO  testCases.ExecuteTask.Notification.TC004_NT_ExecuteTask_MTAfterMinutes - [ETNotification Workflow] is selected in List
12:00:55.326 [main] INFO  testCases.ExecuteTask.Notification.TC004_NT_ExecuteTask_MTAfterMinutes - Item selected in combox Box  ETNotification Workflow
12:00:58.338 [main] INFO  testCases.ExecuteTask.Notification.TC004_NT_ExecuteTask_MTAfterMinutes - Selected Module to View its Workflows
12:00:58.389 [main] INFO  testCases.ExecuteTask.Notification.TC004_NT_ExecuteTask_MTAfterMinutes - Current Workflow Row item: 1
12:00:58.469 [main] INFO  testCases.ExecuteTask.Notification.TC004_NT_ExecuteTask_MTAfterMinutes - Current style of Worflow Status Element captured
12:00:58.469 [main] INFO  testCases.ExecuteTask.Notification.TC004_NT_ExecuteTask_MTAfterMinutes - Workflow status: of row item: 1 true
12:00:58.522 [main] INFO  testCases.ExecuteTask.Notification.TC004_NT_ExecuteTask_MTAfterMinutes - Actual Module Name:  ETNotification
12:00:58.522 [main] INFO  testCases.ExecuteTask.Notification.TC004_NT_ExecuteTask_MTAfterMinutes - Actual Workflow Name:  wf_ET_ETRS_Notifications
12:00:58.522 [main] INFO  testCases.ExecuteTask.Notification.TC004_NT_ExecuteTask_MTAfterMinutes - Actual Exec Condition Name:  Every time the record is save
12:00:58.522 [main] INFO  testCases.ExecuteTask.Notification.TC004_NT_ExecuteTask_MTAfterMinutes - Module,workflow,conditions not matched 
12:00:58.522 [main] INFO  testCases.ExecuteTask.Notification.TC004_NT_ExecuteTask_MTAfterMinutes - bCurrentWFStatus: true
12:00:58.605 [main] INFO  testCases.ExecuteTask.Notification.TC004_NT_ExecuteTask_MTAfterMinutes - wf_ET_ETRS_NotificationsWorkflow disabled manually
12:00:58.606 [main] INFO  testCases.ExecuteTask.Notification.TC004_NT_ExecuteTask_MTAfterMinutes - Current Workflow Row item: 2
12:00:58.695 [main] INFO  testCases.ExecuteTask.Notification.TC004_NT_ExecuteTask_MTAfterMinutes - Current style of Worflow Status Element captured
12:00:58.695 [main] INFO  testCases.ExecuteTask.Notification.TC004_NT_ExecuteTask_MTAfterMinutes - Workflow status: of row item: 2 false
12:00:58.742 [main] INFO  testCases.ExecuteTask.Notification.TC004_NT_ExecuteTask_MTAfterMinutes - Actual Module Name:  ETNotification
12:00:58.742 [main] INFO  testCases.ExecuteTask.Notification.TC004_NT_ExecuteTask_MTAfterMinutes - Actual Workflow Name:  wf_ET_OOFS_Notifications
12:00:58.742 [main] INFO  testCases.ExecuteTask.Notification.TC004_NT_ExecuteTask_MTAfterMinutes - Actual Exec Condition Name:  Only on the first save
12:00:58.742 [main] INFO  testCases.ExecuteTask.Notification.TC004_NT_ExecuteTask_MTAfterMinutes - Module,workflow,condition matches
12:00:58.742 [main] INFO  testCases.ExecuteTask.Notification.TC004_NT_ExecuteTask_MTAfterMinutes - bCurrentWFStatus: false
12:00:58.850 [main] INFO  utilities.UtilityCustomFunctions - wf_ET_OOFS_NotificationsDisabled Workflow Manually Enabled
12:00:58.850 [main] INFO  testCases.ExecuteTask.Notification.TC004_NT_ExecuteTask_MTAfterMinutes - true:2
12:01:06.790 [main] INFO  testCases.ExecuteTask.Notification.TC004_NT_ExecuteTask_MTAfterMinutes - Work flow clicked
12:01:13.221 [main] INFO  testCases.ExecuteTask.Notification.TC004_NT_ExecuteTask_MTAfterMinutes - Cliked Step 1 Next Button to Condition Page
12:01:18.243 [main] INFO  testCases.ExecuteTask.Notification.TC004_NT_ExecuteTask_MTAfterMinutes - Cliked Step 2 Next Button to Task List Page
12:01:19.255 [main] INFO  testCases.ExecuteTask.Notification.TC004_NT_ExecuteTask_MTAfterMinutes - Clicked Workflow and Navigated to Task Page
12:01:19.305 [main] INFO  testCases.ExecuteTask.Notification.TC004_NT_ExecuteTask_MTAfterMinutes - Number of Tasks Listed for this Workflow: wf_ET_OOFS_Notifications : 18
12:01:19.390 [main] INFO  utilities.UtilityCustomFunctions - Is Task Active: 1 : false
12:01:19.606 [main] INFO  utilities.UtilityCustomFunctions - Retrieved Action Type:Send notification
12:01:19.606 [main] INFO  utilities.UtilityCustomFunctions - Retrieved Action Title:tskNT_ExecuteTask_CTAfterMinutes
12:01:19.606 [main] INFO  utilities.UtilityCustomFunctions - Retrieved Expected Action Type:Send notification
12:01:19.606 [main] INFO  utilities.UtilityCustomFunctions - Retrieved Expected Action Title:tskNT_ExecuteTask_MTAfterMinutes
12:01:19.654 [main] INFO  utilities.UtilityCustomFunctions - Is Task Active: 2 : false
12:01:19.822 [main] INFO  utilities.UtilityCustomFunctions - Retrieved Action Type:Send notification
12:01:19.822 [main] INFO  utilities.UtilityCustomFunctions - Retrieved Action Title:tskNT_ExecuteTask_CTAfterHours
12:01:19.822 [main] INFO  utilities.UtilityCustomFunctions - Retrieved Expected Action Type:Send notification
12:01:19.822 [main] INFO  utilities.UtilityCustomFunctions - Retrieved Expected Action Title:tskNT_ExecuteTask_MTAfterMinutes
12:01:19.854 [main] INFO  utilities.UtilityCustomFunctions - Is Task Active: 3 : false
12:01:20.039 [main] INFO  utilities.UtilityCustomFunctions - Retrieved Action Type:Send notification
12:01:20.055 [main] INFO  utilities.UtilityCustomFunctions - Retrieved Action Title:tskNT_ExecuteTask_CTAfterDays
12:01:20.055 [main] INFO  utilities.UtilityCustomFunctions - Retrieved Expected Action Type:Send notification
12:01:20.055 [main] INFO  utilities.UtilityCustomFunctions - Retrieved Expected Action Title:tskNT_ExecuteTask_MTAfterMinutes
12:01:20.088 [main] INFO  utilities.UtilityCustomFunctions - Is Task Active: 4 : false
12:01:20.255 [main] INFO  utilities.UtilityCustomFunctions - Retrieved Action Type:Send notification
12:01:20.255 [main] INFO  utilities.UtilityCustomFunctions - Retrieved Action Title:tskNT_ExecuteTask_MTAfterMinutes
12:01:20.255 [main] INFO  utilities.UtilityCustomFunctions - Retrieved Expected Action Type:Send notification
12:01:20.255 [main] INFO  utilities.UtilityCustomFunctions - Retrieved Expected Action Title:tskNT_ExecuteTask_MTAfterMinutes
12:01:20.286 [main] INFO  utilities.UtilityCustomFunctions - Is Task Active: 5 : false
12:01:20.472 [main] INFO  utilities.UtilityCustomFunctions - Retrieved Action Type:Send notification
12:01:20.472 [main] INFO  utilities.UtilityCustomFunctions - Retrieved Action Title:tskNT_ExecuteTask_MTAfterHours
12:01:20.472 [main] INFO  utilities.UtilityCustomFunctions - Retrieved Expected Action Type:Send notification
12:01:20.472 [main] INFO  utilities.UtilityCustomFunctions - Retrieved Expected Action Title:tskNT_ExecuteTask_MTAfterMinutes
12:01:20.525 [main] INFO  utilities.UtilityCustomFunctions - Is Task Active: 6 : false
12:01:20.725 [main] INFO  utilities.UtilityCustomFunctions - Retrieved Action Type:Send notification
12:01:20.725 [main] INFO  utilities.UtilityCustomFunctions - Retrieved Action Title:tskNT_ExecuteTask_MTAfterDays
12:01:20.725 [main] INFO  utilities.UtilityCustomFunctions - Retrieved Expected Action Type:Send notification
12:01:20.725 [main] INFO  utilities.UtilityCustomFunctions - Retrieved Expected Action Title:tskNT_ExecuteTask_MTAfterMinutes
12:01:20.756 [main] INFO  utilities.UtilityCustomFunctions - Is Task Active: 7 : false
12:01:20.939 [main] INFO  utilities.UtilityCustomFunctions - Retrieved Action Type:Send notification
12:01:20.939 [main] INFO  utilities.UtilityCustomFunctions - Retrieved Action Title:tskNT_ExecuteTask_DateAfterDays
12:01:20.939 [main] INFO  utilities.UtilityCustomFunctions - Retrieved Expected Action Type:Send notification
12:01:20.939 [main] INFO  utilities.UtilityCustomFunctions - Retrieved Expected Action Title:tskNT_ExecuteTask_MTAfterMinutes
12:01:20.986 [main] INFO  utilities.UtilityCustomFunctions - Is Task Active: 8 : false
12:01:21.155 [main] INFO  utilities.UtilityCustomFunctions - Retrieved Action Type:Send notification
12:01:21.155 [main] INFO  utilities.UtilityCustomFunctions - Retrieved Action Title:tskNT_ExecuteTask_DateBeforeDays
12:01:21.155 [main] INFO  utilities.UtilityCustomFunctions - Retrieved Expected Action Type:Send notification
12:01:21.155 [main] INFO  utilities.UtilityCustomFunctions - Retrieved Expected Action Title:tskNT_ExecuteTask_MTAfterMinutes
12:01:21.187 [main] INFO  utilities.UtilityCustomFunctions - Is Task Active: 9 : false
12:01:21.389 [main] INFO  utilities.UtilityCustomFunctions - Retrieved Action Type:Send notification
12:01:21.389 [main] INFO  utilities.UtilityCustomFunctions - Retrieved Action Title:tskNT_ExecuteTask_TimeAfterHours
12:01:21.389 [main] INFO  utilities.UtilityCustomFunctions - Retrieved Expected Action Type:Send notification
12:01:21.389 [main] INFO  utilities.UtilityCustomFunctions - Retrieved Expected Action Title:tskNT_ExecuteTask_MTAfterMinutes
12:01:21.421 [main] INFO  utilities.UtilityCustomFunctions - Is Task Active: 10 : false
12:01:21.673 [main] INFO  utilities.UtilityCustomFunctions - Retrieved Action Type:Send notification
12:01:21.673 [main] INFO  utilities.UtilityCustomFunctions - Retrieved Action Title:tskNT_ExecuteTask_TimeAfterMinutes
12:01:21.673 [main] INFO  utilities.UtilityCustomFunctions - Retrieved Expected Action Type:Send notification
12:01:21.673 [main] INFO  utilities.UtilityCustomFunctions - Retrieved Expected Action Title:tskNT_ExecuteTask_MTAfterMinutes
12:01:21.722 [main] INFO  utilities.UtilityCustomFunctions - Is Task Active: 11 : false
12:01:21.937 [main] INFO  utilities.UtilityCustomFunctions - Retrieved Action Type:Send notification
12:01:21.937 [main] INFO  utilities.UtilityCustomFunctions - Retrieved Action Title:tskNT_ExecuteTask_TimeBeforeHours
12:01:21.937 [main] INFO  utilities.UtilityCustomFunctions - Retrieved Expected Action Type:Send notification
12:01:21.937 [main] INFO  utilities.UtilityCustomFunctions - Retrieved Expected Action Title:tskNT_ExecuteTask_MTAfterMinutes
12:01:21.978 [main] INFO  utilities.UtilityCustomFunctions - Is Task Active: 12 : false
12:01:22.154 [main] INFO  utilities.UtilityCustomFunctions - Retrieved Action Type:Send notification
12:01:22.154 [main] INFO  utilities.UtilityCustomFunctions - Retrieved Action Title:tskNT_ExecuteTask_TimeBeforeMinutes
12:01:22.154 [main] INFO  utilities.UtilityCustomFunctions - Retrieved Expected Action Type:Send notification
12:01:22.154 [main] INFO  utilities.UtilityCustomFunctions - Retrieved Expected Action Title:tskNT_ExecuteTask_MTAfterMinutes
12:01:22.205 [main] INFO  utilities.UtilityCustomFunctions - Is Task Active: 13 : false
12:01:22.372 [main] INFO  utilities.UtilityCustomFunctions - Retrieved Action Type:Send notification
12:01:22.372 [main] INFO  utilities.UtilityCustomFunctions - Retrieved Action Title:tskNT_ExecuteTask_DTAfterMinutes
12:01:22.372 [main] INFO  utilities.UtilityCustomFunctions - Retrieved Expected Action Type:Send notification
12:01:22.372 [main] INFO  utilities.UtilityCustomFunctions - Retrieved Expected Action Title:tskNT_ExecuteTask_MTAfterMinutes
12:01:22.408 [main] INFO  utilities.UtilityCustomFunctions - Is Task Active: 14 : false
12:01:22.587 [main] INFO  utilities.UtilityCustomFunctions - Retrieved Action Type:Send notification
12:01:22.587 [main] INFO  utilities.UtilityCustomFunctions - Retrieved Action Title:tskNT_ExecuteTask_DTAfterHours
12:01:22.587 [main] INFO  utilities.UtilityCustomFunctions - Retrieved Expected Action Type:Send notification
12:01:22.587 [main] INFO  utilities.UtilityCustomFunctions - Retrieved Expected Action Title:tskNT_ExecuteTask_MTAfterMinutes
12:01:22.622 [main] INFO  utilities.UtilityCustomFunctions - Is Task Active: 15 : false
12:01:22.804 [main] INFO  utilities.UtilityCustomFunctions - Retrieved Action Type:Send notification
12:01:22.804 [main] INFO  utilities.UtilityCustomFunctions - Retrieved Action Title:tskNT_ExecuteTask_DTAfterDays
12:01:22.804 [main] INFO  utilities.UtilityCustomFunctions - Retrieved Expected Action Type:Send notification
12:01:22.808 [main] INFO  utilities.UtilityCustomFunctions - Retrieved Expected Action Title:tskNT_ExecuteTask_MTAfterMinutes
12:01:22.839 [main] INFO  utilities.UtilityCustomFunctions - Is Task Active: 16 : false
12:01:23.022 [main] INFO  utilities.UtilityCustomFunctions - Retrieved Action Type:Send notification
12:01:23.022 [main] INFO  utilities.UtilityCustomFunctions - Retrieved Action Title:tskNT_ExecuteTask_DTBeforeMinutes
12:01:23.022 [main] INFO  utilities.UtilityCustomFunctions - Retrieved Expected Action Type:Send notification
12:01:23.022 [main] INFO  utilities.UtilityCustomFunctions - Retrieved Expected Action Title:tskNT_ExecuteTask_MTAfterMinutes
12:01:23.068 [main] INFO  utilities.UtilityCustomFunctions - Is Task Active: 17 : false
12:01:23.270 [main] INFO  utilities.UtilityCustomFunctions - Retrieved Action Type:Send notification
12:01:23.270 [main] INFO  utilities.UtilityCustomFunctions - Retrieved Action Title:tskNT_ExecuteTask_DTBeforeHours
12:01:23.270 [main] INFO  utilities.UtilityCustomFunctions - Retrieved Expected Action Type:Send notification
12:01:23.270 [main] INFO  utilities.UtilityCustomFunctions - Retrieved Expected Action Title:tskNT_ExecuteTask_MTAfterMinutes
12:01:23.385 [main] INFO  utilities.UtilityCustomFunctions - Is Task Active: 18 : true
12:01:23.587 [main] INFO  utilities.UtilityCustomFunctions - Retrieved Action Type:Send notification
12:01:23.587 [main] INFO  utilities.UtilityCustomFunctions - Retrieved Action Title:tskNT_ExecuteTask_DTBeforeDays
12:01:23.587 [main] INFO  utilities.UtilityCustomFunctions - Retrieved Expected Action Type:Send notification
12:01:23.587 [main] INFO  utilities.UtilityCustomFunctions - Retrieved Expected Action Title:tskNT_ExecuteTask_MTAfterMinutes
12:01:23.690 [main] INFO  testCases.ExecuteTask.Notification.TC004_NT_ExecuteTask_MTAfterMinutes - Task Deactivated for Action Type:Send notificationand Action Title:tskNT_ExecuteTask_DTBeforeDays
12:01:24.704 [main] INFO  utilities.UtilityCustomFunctions - Out of for loop:true
12:01:27.494 [main] INFO  testCases.ExecuteTask.Notification.TC004_NT_ExecuteTask_MTAfterMinutes - Clicked Workflow and Navigated to Task Page
12:01:27.494 [main] INFO  testCases.ExecuteTask.Notification.TC004_NT_ExecuteTask_MTAfterMinutes - Task Active Send notification  tskNT_ExecuteTask_MTAfterMinutes
12:01:38.471 [main] INFO  utilities.UtilityCustomFunctions - Click Source Module:ETNotification
12:01:41.528 [main] INFO  utilities.UtilityCustomFunctions - Add New Record clicked:ETNotification
12:01:43.537 [main] INFO  utilities.UtilityCustomFunctions - Excel file Utility instance created
12:01:43.619 [main] INFO  utilities.UtilityCustomFunctions - Row Count to Add Values: 1
12:01:43.703 [main] INFO  utilities.UtilityCustomFunctions - Col Count is: 37
12:01:43.703 [main] INFO  utilities.UtilityCustomFunctions - Extracting DataSheet Values started...
12:01:44.954 [main] INFO  utilities.UtilityCustomFunctions - Before Adding Module data
12:01:48.161 [main] INFO  utilities.UtilityCustomFunctions - Assinged To Drop Down clicked
12:01:53.522 [main] INFO  testCases.ExecuteTask.Notification.TC004_NT_ExecuteTask_MTAfterMinutes - [Rsoft IT] is selected in List
12:01:53.712 [main] INFO  utilities.UtilityCustomFunctions - Phone NUmber prefix clicked :  
12:01:57.104 [main] INFO  testCases.ExecuteTask.Notification.TC004_NT_ExecuteTask_MTAfterMinutes - [+91] is selected in List
12:01:57.104 [main] INFO  utilities.UtilityCustomFunctions - Phone NUmber selected is :  9087654321
12:01:58.791 [main] INFO  utilities.UtilityCustomFunctions - 9087654321 entered in  input
12:02:02.419 [main] INFO  utilities.UtilityCustomFunctions - NewAdd@gmail.com entered in  input
12:02:03.437 [main] INFO  utilities.UtilityCustomFunctions - Email Added is: NewAdd@gmail.com
12:02:04.957 [main] INFO  utilities.UtilityCustomFunctions - NewAddText entered in  input
12:02:04.966 [main] INFO  utilities.UtilityCustomFunctions - Text Value added is::  NewAddText
12:02:27.463 [main] INFO  utilities.UtilityCustomFunctions - MultiCombo box values: one,two
12:02:30.006 [main] INFO  utilities.UtilityCustomFunctions - NewAddTextArea entered in  textarea
12:02:32.037 [main] INFO  utilities.UtilityCustomFunctions - check box value: ON
12:02:32.148 [main] INFO  utilities.UtilityCustomFunctions - Checkbox clicked
12:02:32.292 [main] INFO  utilities.UtilityCustomFunctions - DateBox clicked
12:02:35.404 [main] INFO  utilities.UtilityCustomFunctions - Current Month:May
12:02:39.589 [main] INFO  utilities.UtilityCustomFunctions - Current Month:May
12:02:48.189 [main] INFO  utilities.UtilityCustomFunctions - Year to be selected is:2024
12:02:53.985 [main] INFO  utilities.UtilityCustomFunctions - (//td[contains(@class,'today')])[1]
12:02:57.211 [main] INFO  utilities.UtilityCustomFunctions - Today Date Selected
12:02:59.369 [main] INFO  utilities.UtilityCustomFunctions - Picklist clicked
12:03:00.513 [main] INFO  utilities.UtilityCustomFunctions - Picklist selected: 1
12:03:07.933 [main] INFO  utilities.UtilityCustomFunctions - Date & Time Clicked
12:03:13.007 [main] INFO  utilities.UtilityCustomFunctions - Current Month:May
12:03:17.156 [main] INFO  utilities.UtilityCustomFunctions - Current Month:May
12:03:25.738 [main] INFO  utilities.UtilityCustomFunctions - Year to be selected is:2024
12:03:35.304 [main] INFO  testCases.ExecuteTask.Notification.TC004_NT_ExecuteTask_MTAfterMinutes - [5] is selected in List
12:03:38.742 [main] INFO  testCases.ExecuteTask.Notification.TC004_NT_ExecuteTask_MTAfterMinutes - [00] is selected in List
12:03:42.123 [main] INFO  testCases.ExecuteTask.Notification.TC004_NT_ExecuteTask_MTAfterMinutes - [00] is selected in List
12:03:45.536 [main] INFO  testCases.ExecuteTask.Notification.TC004_NT_ExecuteTask_MTAfterMinutes - [PM] is selected in List
12:03:47.551 [main] INFO  utilities.UtilityCustomFunctions - Clicked Current Date in Date&Time
12:03:47.718 [main] INFO  utilities.UtilityCustomFunctions - Date & Time Selected
12:03:48.885 [main] INFO  utilities.UtilityCustomFunctions - Time Clicked
12:03:51.887 [main] INFO  utilities.UtilityCustomFunctions - Hours://div[@class='popover-content']//div[@class='clockpicker-tick' and text()='2']
12:04:02.320 [main] INFO  utilities.UtilityCustomFunctions - Time Selected is: 02:35 PM
12:04:03.521 [main] INFO  utilities.UtilityCustomFunctions - Actual Date Selected :14-05-2024
12:04:07.518 [main] INFO  testCases.ExecuteTask.Notification.TC004_NT_ExecuteTask_MTAfterMinutes - [Mr.] is selected in List
12:04:08.996 [main] INFO  utilities.UtilityCustomFunctions - NewAddName entered in  input
12:04:10.523 [main] INFO  utilities.UtilityCustomFunctions - 1111111111 entered in  input
12:04:12.172 [main] INFO  utilities.UtilityCustomFunctions - 1,000 entered in  input
12:04:13.939 [main] INFO  utilities.UtilityCustomFunctions - http://www.google.com/ entered in  input
12:04:15.139 [main] INFO  utilities.UtilityCustomFunctions - City Drop Down clicked
12:04:18.572 [main] INFO  testCases.ExecuteTask.Notification.TC004_NT_ExecuteTask_MTAfterMinutes - [Ariyalur] is selected in List
12:04:18.573 [main] INFO  utilities.UtilityCustomFunctions - City Selected: Ariyalur
12:04:19.729 [main] INFO  utilities.UtilityCustomFunctions - State Drop Down clicked
12:04:23.485 [main] INFO  testCases.ExecuteTask.Notification.TC004_NT_ExecuteTask_MTAfterMinutes - [Tamilnadu] is selected in List
12:04:23.485 [main] INFO  utilities.UtilityCustomFunctions - State Selected: Tamilnadu
12:04:24.592 [main] INFO  utilities.UtilityCustomFunctions - Country List clicked
12:04:27.867 [main] INFO  testCases.ExecuteTask.Notification.TC004_NT_ExecuteTask_MTAfterMinutes - [India] is selected in List
12:04:27.867 [main] INFO  utilities.UtilityCustomFunctions - Country Selected: India
12:04:44.921 [main] INFO  utilities.UtilityCustomFunctions - RelatedModuleText entered in  input
12:04:44.946 [main] INFO  utilities.UtilityCustomFunctions - Search Button clicked in Related Module Window
12:04:48.728 [main] INFO  utilities.UtilityCustomFunctions - Button Search
12:04:51.769 [main] INFO  utilities.UtilityCustomFunctions - table row Count:1
12:05:00.500 [main] INFO  utilities.UtilityCustomFunctions - Related Module Value Selected
12:05:13.967 [main] INFO  utilities.UtilityCustomFunctions - New Record added in: ETNotification
12:05:15.985 [main] INFO  utilities.UtilityCustomFunctions - Excel file Utility instance created
12:05:16.056 [main] INFO  utilities.UtilityCustomFunctions - Row Count to Add Values: 1
12:05:16.182 [main] INFO  utilities.UtilityCustomFunctions - Col Count is: 37
12:05:16.182 [main] INFO  utilities.UtilityCustomFunctions - Extracting DataSheet Values started...
12:05:17.436 [main] INFO  utilities.UtilityCustomFunctions - Before Verify Detail Summary Module data
12:05:23.527 [main] INFO  utilities.UtilityCustomFunctions - Header Toggle Already ON
12:05:24.933 [main] INFO  utilities.UtilityCustomFunctions - Actual:ETNotification
12:05:24.933 [main] INFO  utilities.UtilityCustomFunctions - Expected:ETNotification
12:05:24.933 [main] INFO  utilities.UtilityCustomFunctions - Message:Module Name in SummaryDetail View Page
12:05:31.682 [main] INFO  utilities.UtilityCustomFunctions - sAssign1:RsoftsAssign2:IT
12:05:31.682 [main] INFO  utilities.UtilityCustomFunctions - Get Text:
12:05:32.000 [main] INFO  utilities.UtilityCustomFunctions - Actual:Rsoft IT
12:05:32.000 [main] INFO  utilities.UtilityCustomFunctions - Expected:Rsoft IT
12:05:32.000 [main] INFO  utilities.UtilityCustomFunctions - Message:Assigned To-Summary Title
12:05:33.249 [main] INFO  utilities.UtilityCustomFunctions - Actual:+91 9087654321
12:05:33.249 [main] INFO  utilities.UtilityCustomFunctions - Expected:+91 9087654321
12:05:33.249 [main] INFO  utilities.UtilityCustomFunctions - Message:Phone Number - Summary Title
12:05:34.548 [main] INFO  utilities.UtilityCustomFunctions - Actual:NewAdd@gmail.com
12:05:34.548 [main] INFO  utilities.UtilityCustomFunctions - Expected:NewAdd@gmail.com
12:05:34.548 [main] INFO  utilities.UtilityCustomFunctions - Message:Email - Summary Title
12:05:35.995 [main] INFO  utilities.UtilityCustomFunctions - Actual:Rsoft IT
12:05:35.995 [main] INFO  utilities.UtilityCustomFunctions - Expected:Rsoft IT
12:05:35.995 [main] INFO  utilities.UtilityCustomFunctions - Message:Assigned To - Summary View Page : 
12:05:37.337 [main] INFO  utilities.UtilityCustomFunctions - Actual:+91 9087654321
12:05:37.337 [main] INFO  utilities.UtilityCustomFunctions - Expected:+91 9087654321
12:05:37.337 [main] INFO  utilities.UtilityCustomFunctions - Message:Mobile Number - Summary View Page : New Add Data in Summary Verification
12:05:38.688 [main] INFO  utilities.UtilityCustomFunctions - Actual:NewAdd@gmail.com
12:05:38.688 [main] INFO  utilities.UtilityCustomFunctions - Expected:NewAdd@gmail.com
12:05:38.688 [main] INFO  utilities.UtilityCustomFunctions - Message:Email - Summary View Page: New Add Data in Summary Verification
12:05:40.071 [main] INFO  utilities.UtilityCustomFunctions - Actual:NewAddText
12:05:40.072 [main] INFO  utilities.UtilityCustomFunctions - Expected:NewAddText
12:05:40.072 [main] INFO  utilities.UtilityCustomFunctions - Message:Text - Summary View Page:New Add Data in Summary Verification
12:05:41.423 [main] INFO  utilities.UtilityCustomFunctions - Actual:one,two
12:05:41.423 [main] INFO  utilities.UtilityCustomFunctions - Expected:one,two
12:05:41.423 [main] INFO  utilities.UtilityCustomFunctions - Message:MultiComboValues - Summary View Page:  New Add Data in Summary Verification
12:05:42.740 [main] INFO  utilities.UtilityCustomFunctions - Actual:NewAddTextArea
12:05:42.740 [main] INFO  utilities.UtilityCustomFunctions - Expected:NewAddTextArea
12:05:42.740 [main] INFO  utilities.UtilityCustomFunctions - Message:Text Area - Summary View Page:  New Add Data in Summary Verification
12:05:44.060 [main] INFO  utilities.UtilityCustomFunctions - Actual:Yes
12:05:44.060 [main] INFO  utilities.UtilityCustomFunctions - Expected:Yes
12:05:44.060 [main] INFO  utilities.UtilityCustomFunctions - Message:CheckBox - Summary View Page:   New Add Data in Summary Verification
12:05:45.403 [main] INFO  utilities.UtilityCustomFunctions - Actual:14-05-2024
12:05:45.403 [main] INFO  utilities.UtilityCustomFunctions - Expected:14-05-2024
12:05:45.403 [main] INFO  utilities.UtilityCustomFunctions - Message:Date - Summary View Page:  New Add Data in Summary Verification
12:05:46.819 [main] INFO  utilities.UtilityCustomFunctions - Actual:1
12:05:46.819 [main] INFO  utilities.UtilityCustomFunctions - Expected:1
12:05:46.819 [main] INFO  utilities.UtilityCustomFunctions - Message:PickList - Summary View Page:  New Add Data in Summary Verification
12:05:48.466 [main] INFO  utilities.UtilityCustomFunctions - Actual:annie-spratt
12:05:48.466 [main] INFO  utilities.UtilityCustomFunctions - Expected:annie-spratt
12:05:48.466 [main] INFO  utilities.UtilityCustomFunctions - Message:File Upload - Summary View Page: New Add Data in Summary Verification
12:05:49.851 [main] INFO  utilities.UtilityCustomFunctions - Actual:17-05-2024 05:00:00 PM
12:05:49.851 [main] INFO  utilities.UtilityCustomFunctions - Expected:17-05-2024 05:00:00 PM
12:05:49.851 [main] INFO  utilities.UtilityCustomFunctions - Message:Date & Time - Summary View Page:   New Add Data in Summary Verification
12:05:51.233 [main] INFO  utilities.UtilityCustomFunctions - Actual:02:35:55 PM
12:05:51.233 [main] INFO  utilities.UtilityCustomFunctions - Expected:02:35:55 PM
12:05:51.233 [main] INFO  utilities.UtilityCustomFunctions - Message:Time - Summary View Page:   New Add Data in Summary Verification
12:05:52.649 [main] INFO  utilities.UtilityCustomFunctions - Actual:
12:05:52.649 [main] INFO  utilities.UtilityCustomFunctions - Expected:Mr. NewAddName
12:05:52.649 [main] INFO  utilities.UtilityCustomFunctions - Message:Name - Summary View Page:   New Add Data in Summary Verification
12:05:52.767 [main] INFO  utilities.UtilityCustomFunctions - Actual:1111111111
12:05:52.767 [main] INFO  utilities.UtilityCustomFunctions - Expected:1111111111
12:05:52.767 [main] INFO  utilities.UtilityCustomFunctions - Message:Number - Summary View Page:   New Add Data in Summary Verification
12:05:54.168 [main] INFO  utilities.UtilityCustomFunctions - Actual:1,000
12:05:54.168 [main] INFO  utilities.UtilityCustomFunctions - Expected:1,000
12:05:54.168 [main] INFO  utilities.UtilityCustomFunctions - Message:Currency - Summary View Page:   New Add Data in Summary Verification
12:05:55.684 [main] INFO  utilities.UtilityCustomFunctions - Actual:http://www.google.com/
12:05:55.684 [main] INFO  utilities.UtilityCustomFunctions - Expected:http://www.google.com/
12:05:55.684 [main] INFO  utilities.UtilityCustomFunctions - Message:URL - Summary View Page:  New Add Data in Summary Verification
12:05:57.125 [main] INFO  utilities.UtilityCustomFunctions - Actual:
12:05:57.125 [main] INFO  utilities.UtilityCustomFunctions - Expected:Ariyalur
12:05:57.125 [main] INFO  utilities.UtilityCustomFunctions - Message:City - Summary View Page: New Add Data in Summary Verification
12:05:57.251 [main] INFO  utilities.UtilityCustomFunctions - Actual:Tamilnadu
12:05:57.251 [main] INFO  utilities.UtilityCustomFunctions - Expected:Tamilnadu
12:05:57.251 [main] INFO  utilities.UtilityCustomFunctions - Message:State - Summary View Page:New Add Data in Summary Verification
12:05:58.700 [main] INFO  utilities.UtilityCustomFunctions - Actual:India
12:05:58.700 [main] INFO  utilities.UtilityCustomFunctions - Expected:India
12:05:58.700 [main] INFO  utilities.UtilityCustomFunctions - Message:Country - Summary View Page:  New Add Data in Summary Verification
12:06:00.168 [main] INFO  utilities.UtilityCustomFunctions - Actual:RelatedModuleText
12:06:00.168 [main] INFO  utilities.UtilityCustomFunctions - Expected:RelatedModuleText
12:06:00.168 [main] INFO  utilities.UtilityCustomFunctions - Message:Related Module Text - Summary View Page:  New Add Data in Summary Verification
12:06:02.287 [main] INFO  utilities.UtilityCustomFunctions - Summary View Set ON
12:06:11.963 [main] INFO  utilities.UtilityCustomFunctions - Actual:Rsoft IT
12:06:11.963 [main] INFO  utilities.UtilityCustomFunctions - Expected:Rsoft IT
12:06:11.963 [main] INFO  utilities.UtilityCustomFunctions - Message:AssignedTo - Detail View Page:   New Add Data in Summary Verification
12:06:13.354 [main] INFO  utilities.UtilityCustomFunctions - sActDTMobileNumber +91
  9087654321
12:06:13.355 [main] INFO  utilities.UtilityCustomFunctions - Actual:+91 9087654321
12:06:13.355 [main] INFO  utilities.UtilityCustomFunctions - Expected:+91 9087654321
12:06:13.355 [main] INFO  utilities.UtilityCustomFunctions - Message:Mobile Number - Detail View Page:   New Add Data in Summary Verification
12:06:14.776 [main] INFO  utilities.UtilityCustomFunctions - Actual:NewAdd@gmail.com
12:06:14.776 [main] INFO  utilities.UtilityCustomFunctions - Expected:NewAdd@gmail.com
12:06:14.776 [main] INFO  utilities.UtilityCustomFunctions - Message:Email - Detail View Page: New Add Data in Summary Verification
12:06:16.210 [main] INFO  utilities.UtilityCustomFunctions - Actual:NewAddText
12:06:16.210 [main] INFO  utilities.UtilityCustomFunctions - Expected:NewAddText
12:06:16.210 [main] INFO  utilities.UtilityCustomFunctions - Message:Text - Detail View Page:  New Add Data in Summary Verification
12:06:17.570 [main] INFO  utilities.UtilityCustomFunctions - Actual:one,two
12:06:17.570 [main] INFO  utilities.UtilityCustomFunctions - Expected:one,two
12:06:17.570 [main] INFO  utilities.UtilityCustomFunctions - Message:MultiCombo - Detail View Page:   New Add Data in Summary Verification
12:06:18.988 [main] INFO  utilities.UtilityCustomFunctions - Actual:NewAddTextArea
12:06:18.989 [main] INFO  utilities.UtilityCustomFunctions - Expected:NewAddTextArea
12:06:18.989 [main] INFO  utilities.UtilityCustomFunctions - Message:TextArea - Detail View Page:  New Add Data in Summary Verification
12:06:20.471 [main] INFO  utilities.UtilityCustomFunctions - Actual:Yes
12:06:20.471 [main] INFO  utilities.UtilityCustomFunctions - Expected:Yes
12:06:20.471 [main] INFO  utilities.UtilityCustomFunctions - Message:CheckBox - Detail View Page: New Add Data in Summary Verification
12:06:21.902 [main] INFO  utilities.UtilityCustomFunctions - Actual:14-05-2024
12:06:21.902 [main] INFO  utilities.UtilityCustomFunctions - Expected:14-05-2024
12:06:21.902 [main] INFO  utilities.UtilityCustomFunctions - Message:Date - Detail View Page: New Add Data in Summary Verification
12:06:23.383 [main] INFO  utilities.UtilityCustomFunctions - Actual:1
12:06:23.384 [main] INFO  utilities.UtilityCustomFunctions - Expected:1
12:06:23.384 [main] INFO  utilities.UtilityCustomFunctions - Message:PickList - Detail View Page:   New Add Data in Summary Verification
12:06:25.098 [main] INFO  utilities.UtilityCustomFunctions - Actual:annie-spratt
12:06:25.098 [main] INFO  utilities.UtilityCustomFunctions - Expected:annie-spratt
12:06:25.098 [main] INFO  utilities.UtilityCustomFunctions - Message:File Upload - Detail View Page:   New Add Data in Summary Verification
12:06:26.617 [main] INFO  utilities.UtilityCustomFunctions - Actual:17-05-2024 05:00:00 PM
12:06:26.617 [main] INFO  utilities.UtilityCustomFunctions - Expected:17-05-2024 05:00:00 PM
12:06:26.617 [main] INFO  utilities.UtilityCustomFunctions - Message:Date & Time - Detail View Page: New Add Data in Summary Verification
12:06:28.167 [main] INFO  utilities.UtilityCustomFunctions - Actual:02:35:55 PM
12:06:28.167 [main] INFO  utilities.UtilityCustomFunctions - Expected:02:35:55 PM
12:06:28.167 [main] INFO  utilities.UtilityCustomFunctions - Message:Time - Detail View Page:    New Add Data in Summary Verification
12:06:29.532 [main] INFO  utilities.UtilityCustomFunctions - ActualNameDT: Mr. NewAddName ExpectedNameDT: Mr. NewAddName
12:06:29.532 [main] INFO  utilities.UtilityCustomFunctions - Actual:Mr. NewAddName
12:06:29.532 [main] INFO  utilities.UtilityCustomFunctions - Expected:Mr. NewAddName
12:06:29.532 [main] INFO  utilities.UtilityCustomFunctions - Message:Name - Detail View Page:  New Add Data in Summary Verification
12:06:30.933 [main] INFO  utilities.UtilityCustomFunctions - Actual:1111111111
12:06:30.933 [main] INFO  utilities.UtilityCustomFunctions - Expected:1111111111
12:06:30.933 [main] INFO  utilities.UtilityCustomFunctions - Message:Number - Detail View Page:  New Add Data in Summary Verification
12:06:32.299 [main] INFO  utilities.UtilityCustomFunctions - Actual:1,000
12:06:32.299 [main] INFO  utilities.UtilityCustomFunctions - Expected:1,000
12:06:32.299 [main] INFO  utilities.UtilityCustomFunctions - Message:Currency - Detail View Page:  New Add Data in Summary Verification
12:06:33.646 [main] INFO  utilities.UtilityCustomFunctions - Actual:http://www.google.com/
12:06:33.662 [main] INFO  utilities.UtilityCustomFunctions - Expected:http://www.google.com/
12:06:33.662 [main] INFO  utilities.UtilityCustomFunctions - Message:URL - Detail View Page:  New Add Data in Summary Verification
12:06:38.098 [main] INFO  utilities.UtilityCustomFunctions - Actual:Ariyalur
12:06:38.098 [main] INFO  utilities.UtilityCustomFunctions - Expected:Ariyalur
12:06:38.098 [main] INFO  utilities.UtilityCustomFunctions - Message:City - Detail View Page:   New Add Data in Summary Verification
12:06:39.482 [main] INFO  utilities.UtilityCustomFunctions - Actual:Tamilnadu
12:06:39.482 [main] INFO  utilities.UtilityCustomFunctions - Expected:Tamilnadu
12:06:39.482 [main] INFO  utilities.UtilityCustomFunctions - Message:State - Detail View Page:   New Add Data in Summary Verification
12:06:40.799 [main] INFO  utilities.UtilityCustomFunctions - Actual:India
12:06:40.799 [main] INFO  utilities.UtilityCustomFunctions - Expected:India
12:06:40.799 [main] INFO  utilities.UtilityCustomFunctions - Message:Country - Detail View Page:  New Add Data in Summary Verification
12:06:42.136 [main] INFO  utilities.UtilityCustomFunctions - Actual:RelatedModuleText
12:06:42.136 [main] INFO  utilities.UtilityCustomFunctions - Expected:RelatedModuleText
12:06:42.136 [main] INFO  utilities.UtilityCustomFunctions - Message:Related Module Text - Detail View Page:  New Add Data in Summary Verification
12:06:53.299 [main] INFO  utilities.UtilityCustomFunctions - testing entered in  input
12:06:53.962 [main] INFO  utilities.UtilityCustomFunctions - dCr2KGiHBrC2!@ entered in  input
12:07:31.657 [main] INFO  utilities.UtilityCustomFunctions - No EndPage Link
12:07:37.218 [main] INFO  testCases.ExecuteTask.Notification.TC004_NT_ExecuteTask_MTAfterMinutes - [PRIMARY (DESC)] is selected in List
12:07:42.231 [main] INFO  utilities.UtilityCustomFunctions - Entity Id Searched: 124838
12:07:46.639 [main] INFO  utilities.UtilityCustomFunctions - Entity Id Searched: 124838
12:07:49.190 [main] INFO  utilities.UtilityCustomFunctions - ******starting TC005_NT_ExecuteTask_MTAfterHours ****
12:07:49.190 [main] INFO  utilities.UtilityCustomFunctions - Browser Execution on: chrome
12:07:49.191 [main] INFO  utilities.UtilityCustomFunctions - Excel file Utility instance created
12:07:49.248 [main] INFO  utilities.UtilityCustomFunctions - Total rows: 1
12:07:49.280 [main] INFO  utilities.UtilityCustomFunctions - Cols Count: 37
12:07:49.280 [main] INFO  utilities.UtilityCustomFunctions - Extracting DataSheet Values started...
12:07:53.167 [main] INFO  utilities.UtilityCustomFunctions - PRIYAN entered in  input
12:07:54.956 [main] INFO  utilities.UtilityCustomFunctions - rsoft entered in  input
12:07:56.481 [main] INFO  utilities.UtilityCustomFunctions - RSoft!@345 entered in  input
12:08:05.882 [main] INFO  testCases.ExecuteTask.Notification.TC005_NT_ExecuteTask_MTAfterHours - Clicked Avatar
12:08:10.219 [main] INFO  testCases.ExecuteTask.Notification.TC005_NT_ExecuteTask_MTAfterHours - Clicked Menu CRM Setting
12:08:12.511 [main] INFO  testCases.ExecuteTask.Notification.TC005_NT_ExecuteTask_MTAfterHours - Clicked Menu Other Setting
12:08:16.913 [main] INFO  testCases.ExecuteTask.Notification.TC005_NT_ExecuteTask_MTAfterHours - Clicked Menu Item Workflow
12:08:17.312 [main] INFO  testCases.ExecuteTask.Notification.TC005_NT_ExecuteTask_MTAfterHours - Clicked Workflow from Combox Box List
12:08:19.313 [main] INFO  testCases.ExecuteTask.Notification.TC005_NT_ExecuteTask_MTAfterHours - Item to be selected:  ETNotification Workflow
12:08:25.471 [main] INFO  testCases.ExecuteTask.Notification.TC005_NT_ExecuteTask_MTAfterHours - [ETNotification Workflow] is selected in List
12:08:25.472 [main] INFO  testCases.ExecuteTask.Notification.TC005_NT_ExecuteTask_MTAfterHours - Item selected in combox Box  ETNotification Workflow
12:08:28.494 [main] INFO  testCases.ExecuteTask.Notification.TC005_NT_ExecuteTask_MTAfterHours - Selected Module to View its Workflows
12:08:28.513 [main] INFO  testCases.ExecuteTask.Notification.TC005_NT_ExecuteTask_MTAfterHours - Current Workflow Row item: 1
12:08:28.586 [main] INFO  testCases.ExecuteTask.Notification.TC005_NT_ExecuteTask_MTAfterHours - Current style of Worflow Status Element captured
12:08:28.586 [main] INFO  testCases.ExecuteTask.Notification.TC005_NT_ExecuteTask_MTAfterHours - Workflow status: of row item: 1 false
12:08:28.652 [main] INFO  testCases.ExecuteTask.Notification.TC005_NT_ExecuteTask_MTAfterHours - Actual Module Name:  ETNotification
12:08:28.652 [main] INFO  testCases.ExecuteTask.Notification.TC005_NT_ExecuteTask_MTAfterHours - Actual Workflow Name:  wf_ET_ETRS_Notifications
12:08:28.652 [main] INFO  testCases.ExecuteTask.Notification.TC005_NT_ExecuteTask_MTAfterHours - Actual Exec Condition Name:  Every time the record is save
12:08:28.653 [main] INFO  testCases.ExecuteTask.Notification.TC005_NT_ExecuteTask_MTAfterHours - Module,workflow,conditions not matched 
