18:07:17.086 [TestNG-tests-1] INFO  utilities.UtilityCustomFunctions - Extracting DataSheet Values started...
18:07:17.440 [TestNG-tests-1] INFO  utilities.UtilityCustomFunctions - Before Adding Module data
18:07:18.539 [TestNG-tests-1] INFO  utilities.UtilityCustomFunctions - Assinged To Drop Down clicked
18:07:23.728 [TestNG-tests-1] INFO  testCases.ExecuteTask.Notification.TC031_NT_ET_ETRS_DTAfterMinutes - [Rsoft IT] is selected in List
18:07:23.807 [TestNG-tests-1] INFO  utilities.UtilityCustomFunctions - Phone NUmber prefix clicked :  
18:07:26.948 [TestNG-tests-1] INFO  testCases.ExecuteTask.Notification.TC031_NT_ET_ETRS_DTAfterMinutes - [+91] is selected in List
18:07:26.948 [TestNG-tests-1] INFO  utilities.UtilityCustomFunctions - Phone NUmber selected is :  1234567890
18:07:28.249 [TestNG-tests-1] INFO  utilities.UtilityCustomFunctions - 1234567890 entered in  input
18:07:31.554 [TestNG-tests-1] INFO  utilities.UtilityCustomFunctions - SummaryAdd@gmail.com entered in  input
18:07:32.564 [TestNG-tests-1] INFO  utilities.UtilityCustomFunctions - Email Added is: SummaryAdd@gmail.com
18:07:33.771 [TestNG-tests-1] INFO  utilities.UtilityCustomFunctions - SummaryAddText entered in  input
18:07:33.776 [TestNG-tests-1] INFO  utilities.UtilityCustomFunctions - Text Value added is::  SummaryAddText
18:07:55.665 [TestNG-tests-1] INFO  utilities.UtilityCustomFunctions - MultiCombo box values: three,four
18:07:57.917 [TestNG-tests-1] INFO  utilities.UtilityCustomFunctions - SummaryAddTextArea entered in  textarea
18:07:59.970 [TestNG-tests-1] INFO  utilities.UtilityCustomFunctions - check box value: ON
18:08:00.018 [TestNG-tests-1] INFO  utilities.UtilityCustomFunctions - Checkbox clicked
18:08:00.091 [TestNG-tests-1] INFO  utilities.UtilityCustomFunctions - DateBox clicked
18:08:06.207 [TestNG-tests-1] INFO  utilities.UtilityCustomFunctions - Current Month:Aug
18:08:12.533 [TestNG-tests-1] INFO  utilities.UtilityCustomFunctions - Year to be selected is:2024
18:08:14.427 [TestNG-tests-1] INFO  utilities.UtilityCustomFunctions - Control Type:sDate
18:08:18.434 [TestNG-tests-1] INFO  utilities.UtilityCustomFunctions - (//td[contains(@class,'today')])[1]
18:08:20.539 [TestNG-tests-1] INFO  utilities.UtilityCustomFunctions - Today Date Selected
18:08:22.634 [TestNG-tests-1] INFO  utilities.UtilityCustomFunctions - Picklist clicked
18:08:23.723 [TestNG-tests-1] INFO  utilities.UtilityCustomFunctions - Picklist selected: 1
18:08:30.943 [TestNG-tests-1] INFO  utilities.UtilityCustomFunctions - Date & Time Clicked
18:08:35.957 [TestNG-tests-1] INFO  utilities.UtilityCustomFunctions - Current Month:Aug
18:08:51.531 [TestNG-tests-1] INFO  testCases.ExecuteTask.Notification.TC031_NT_ET_ETRS_DTAfterMinutes - [10] is selected in List
18:08:56.749 [TestNG-tests-1] INFO  testCases.ExecuteTask.Notification.TC031_NT_ET_ETRS_DTAfterMinutes - [00] is selected in List
18:09:01.963 [TestNG-tests-1] INFO  testCases.ExecuteTask.Notification.TC031_NT_ET_ETRS_DTAfterMinutes - [00] is selected in List
18:09:07.168 [TestNG-tests-1] INFO  testCases.ExecuteTask.Notification.TC031_NT_ET_ETRS_DTAfterMinutes - [PM] is selected in List
18:09:08.179 [TestNG-tests-1] INFO  utilities.UtilityCustomFunctions - Clicked Current Date in Date&Time
18:09:08.282 [TestNG-tests-1] INFO  utilities.UtilityCustomFunctions - Date & Time Selected
18:09:09.345 [TestNG-tests-1] INFO  utilities.UtilityCustomFunctions - Time Clicked
18:09:13.446 [TestNG-tests-1] INFO  utilities.UtilityCustomFunctions - Hours://div[@class='popover-content']//div[@class='clockpicker-tick' and text()='10']
18:09:24.809 [TestNG-tests-1] INFO  utilities.UtilityCustomFunctions - Actual Date Selected :01-08-2024
18:09:28.182 [TestNG-tests-1] INFO  testCases.ExecuteTask.Notification.TC031_NT_ET_ETRS_DTAfterMinutes - [Mr.] is selected in List
18:09:29.416 [TestNG-tests-1] INFO  utilities.UtilityCustomFunctions - SummaryAddName entered in  input
18:09:30.682 [TestNG-tests-1] INFO  utilities.UtilityCustomFunctions - 2323232323 entered in  input
18:09:31.905 [TestNG-tests-1] INFO  utilities.UtilityCustomFunctions - 1,000 entered in  input
18:09:33.201 [TestNG-tests-1] INFO  utilities.UtilityCustomFunctions - http://www.mvnrepository.com/ entered in  input
18:09:34.286 [TestNG-tests-1] INFO  utilities.UtilityCustomFunctions - City Drop Down clicked
18:09:37.438 [TestNG-tests-1] INFO  testCases.ExecuteTask.Notification.TC031_NT_ET_ETRS_DTAfterMinutes - [Chennai] is selected in List
18:09:37.438 [TestNG-tests-1] INFO  utilities.UtilityCustomFunctions - City Selected: Chennai
18:09:38.521 [TestNG-tests-1] INFO  utilities.UtilityCustomFunctions - State Drop Down clicked
18:09:41.828 [TestNG-tests-1] INFO  testCases.ExecuteTask.Notification.TC031_NT_ET_ETRS_DTAfterMinutes - [Tamilnadu] is selected in List
18:09:41.829 [TestNG-tests-1] INFO  utilities.UtilityCustomFunctions - State Selected: Tamilnadu
18:09:42.896 [TestNG-tests-1] INFO  utilities.UtilityCustomFunctions - Country List clicked
18:09:46.037 [TestNG-tests-1] INFO  testCases.ExecuteTask.Notification.TC031_NT_ET_ETRS_DTAfterMinutes - [India] is selected in List
18:09:46.037 [TestNG-tests-1] INFO  utilities.UtilityCustomFunctions - Country Selected: India
18:09:59.521 [TestNG-tests-1] INFO  utilities.UtilityCustomFunctions - New Record added in: ETNotification
18:10:09.462 [TestNG-tests-1] INFO  utilities.UtilityCustomFunctions - testing entered in  input
18:10:09.647 [TestNG-tests-1] INFO  utilities.UtilityCustomFunctions - dCr2KGiHBrC2!@ entered in  input
18:10:35.664 [TestNG-tests-1] INFO  testCases.ExecuteTask.Notification.TC031_NT_ET_ETRS_DTAfterMinutes - [PRIMARY (DESC)] is selected in List
18:10:40.667 [TestNG-tests-1] INFO  utilities.UtilityCustomFunctions - Entity Id Searched: 154144
18:10:44.902 [TestNG-tests-1] INFO  utilities.UtilityCustomFunctions - Entity Id Searched: 154144
18:10:46.145 [TestNG-tests-1] INFO  utilities.UtilityCustomFunctions - Passed: Execute Task Notification Date&Time after Minutes Actual Value: 2024-08-04 22:45:00Expected Value: 2024-08-04 22:45:00 EntityId: 154144@Summary Add
18:10:54.013 [TestNG-tests-1] INFO  utilities.UtilityCustomFunctions - PRIYAN entered in  input
18:10:55.242 [TestNG-tests-1] INFO  utilities.UtilityCustomFunctions - rsoft entered in  input
18:10:56.495 [TestNG-tests-1] INFO  utilities.UtilityCustomFunctions - RSoft!@345 entered in  input
18:11:30.341 [TestNG-tests-1] INFO  utilities.UtilityCustomFunctions - Excel file Utility instance created
18:11:30.364 [TestNG-tests-1] INFO  utilities.UtilityCustomFunctions - Row Count to Add Values: 1
18:11:30.384 [TestNG-tests-1] INFO  utilities.UtilityCustomFunctions - Col Count is: 37
18:11:30.385 [TestNG-tests-1] INFO  utilities.UtilityCustomFunctions - Extracting DataSheet Values started...
18:11:30.886 [TestNG-tests-1] INFO  utilities.UtilityCustomFunctions - Before Adding Module data
18:11:32.609 [TestNG-tests-1] INFO  utilities.UtilityCustomFunctions - Assinged To Drop Down clicked
18:11:37.793 [TestNG-tests-1] INFO  testCases.ExecuteTask.Notification.TC031_NT_ET_ETRS_DTAfterMinutes - [Rsoft IT] is selected in List
18:11:37.869 [TestNG-tests-1] INFO  utilities.UtilityCustomFunctions - Phone NUmber prefix clicked :  
18:11:41.017 [TestNG-tests-1] INFO  testCases.ExecuteTask.Notification.TC031_NT_ET_ETRS_DTAfterMinutes - [+91] is selected in List
18:11:41.017 [TestNG-tests-1] INFO  utilities.UtilityCustomFunctions - Phone NUmber selected is :  1234567890
18:11:42.359 [TestNG-tests-1] INFO  utilities.UtilityCustomFunctions - 1234567890 entered in  input
18:11:45.703 [TestNG-tests-1] INFO  utilities.UtilityCustomFunctions - DuplicateAdd@gmail.com entered in  input
18:11:46.710 [TestNG-tests-1] INFO  utilities.UtilityCustomFunctions - Email Added is: DuplicateAdd@gmail.com
18:11:47.971 [TestNG-tests-1] INFO  utilities.UtilityCustomFunctions - DuplicateAddText entered in  input
18:11:47.976 [TestNG-tests-1] INFO  utilities.UtilityCustomFunctions - Text Value added is::  DuplicateAddText
18:12:17.985 [TestNG-tests-1] INFO  utilities.UtilityCustomFunctions - MultiCombo box values: four,five
18:12:20.211 [TestNG-tests-1] INFO  utilities.UtilityCustomFunctions - DuplicateAddTextArea entered in  textarea
18:12:22.266 [TestNG-tests-1] INFO  utilities.UtilityCustomFunctions - check box value: ON
18:12:22.280 [TestNG-tests-1] INFO  utilities.UtilityCustomFunctions - Checkbox clicked
18:12:22.364 [TestNG-tests-1] INFO  utilities.UtilityCustomFunctions - DateBox clicked
18:12:28.491 [TestNG-tests-1] INFO  utilities.UtilityCustomFunctions - Current Month:Aug
18:12:34.832 [TestNG-tests-1] INFO  utilities.UtilityCustomFunctions - Year to be selected is:2024
18:12:36.730 [TestNG-tests-1] INFO  utilities.UtilityCustomFunctions - Control Type:sDate
18:12:40.754 [TestNG-tests-1] INFO  utilities.UtilityCustomFunctions - (//td[contains(@class,'today')])[1]
18:12:42.872 [TestNG-tests-1] INFO  utilities.UtilityCustomFunctions - Today Date Selected
18:12:44.950 [TestNG-tests-1] INFO  utilities.UtilityCustomFunctions - Picklist clicked
18:12:46.023 [TestNG-tests-1] INFO  utilities.UtilityCustomFunctions - Picklist selected: 1
18:12:49.214 [TestNG-tests-1] INFO  utilities.UtilityCustomFunctions - Date & Time Clicked
18:12:54.226 [TestNG-tests-1] INFO  utilities.UtilityCustomFunctions - Current Month:Aug
18:13:09.794 [TestNG-tests-1] INFO  testCases.ExecuteTask.Notification.TC031_NT_ET_ETRS_DTAfterMinutes - [10] is selected in List
18:13:15.017 [TestNG-tests-1] INFO  testCases.ExecuteTask.Notification.TC031_NT_ET_ETRS_DTAfterMinutes - [00] is selected in List
18:13:20.220 [TestNG-tests-1] INFO  testCases.ExecuteTask.Notification.TC031_NT_ET_ETRS_DTAfterMinutes - [00] is selected in List
18:13:25.457 [TestNG-tests-1] INFO  testCases.ExecuteTask.Notification.TC031_NT_ET_ETRS_DTAfterMinutes - [PM] is selected in List
18:13:26.458 [TestNG-tests-1] INFO  utilities.UtilityCustomFunctions - Clicked Current Date in Date&Time
18:13:26.537 [TestNG-tests-1] INFO  utilities.UtilityCustomFunctions - Date & Time Selected
18:13:27.600 [TestNG-tests-1] INFO  utilities.UtilityCustomFunctions - Time Clicked
18:13:31.712 [TestNG-tests-1] INFO  utilities.UtilityCustomFunctions - Hours://div[@class='popover-content']//div[@class='clockpicker-tick' and text()='10']
18:13:43.035 [TestNG-tests-1] INFO  utilities.UtilityCustomFunctions - Actual Date Selected :01-08-2024
18:13:46.395 [TestNG-tests-1] INFO  testCases.ExecuteTask.Notification.TC031_NT_ET_ETRS_DTAfterMinutes - [Mr.] is selected in List
18:13:47.632 [TestNG-tests-1] INFO  utilities.UtilityCustomFunctions - DuplicateAddName entered in  input
18:13:48.932 [TestNG-tests-1] INFO  utilities.UtilityCustomFunctions - 2323232323 entered in  input
18:13:50.234 [TestNG-tests-1] INFO  utilities.UtilityCustomFunctions - 1,000 entered in  input
18:13:51.504 [TestNG-tests-1] INFO  utilities.UtilityCustomFunctions - http://www.mvnrepository.com/ entered in  input
18:13:52.613 [TestNG-tests-1] INFO  utilities.UtilityCustomFunctions - City Drop Down clicked
18:13:55.816 [TestNG-tests-1] INFO  testCases.ExecuteTask.Notification.TC031_NT_ET_ETRS_DTAfterMinutes - [Chennai] is selected in List
18:13:55.816 [TestNG-tests-1] INFO  utilities.UtilityCustomFunctions - City Selected: Chennai
18:13:56.888 [TestNG-tests-1] INFO  utilities.UtilityCustomFunctions - State Drop Down clicked
18:14:00.311 [TestNG-tests-1] INFO  testCases.ExecuteTask.Notification.TC031_NT_ET_ETRS_DTAfterMinutes - [Tamilnadu] is selected in List
18:14:00.311 [TestNG-tests-1] INFO  utilities.UtilityCustomFunctions - State Selected: Tamilnadu
18:14:01.380 [TestNG-tests-1] INFO  utilities.UtilityCustomFunctions - Country List clicked
18:14:04.563 [TestNG-tests-1] INFO  testCases.ExecuteTask.Notification.TC031_NT_ET_ETRS_DTAfterMinutes - [India] is selected in List
18:14:04.563 [TestNG-tests-1] INFO  utilities.UtilityCustomFunctions - Country Selected: India
18:14:18.111 [TestNG-tests-1] INFO  utilities.UtilityCustomFunctions - New Record added in: ETNotification
18:14:28.248 [TestNG-tests-1] INFO  utilities.UtilityCustomFunctions - testing entered in  input
18:14:28.427 [TestNG-tests-1] INFO  utilities.UtilityCustomFunctions - dCr2KGiHBrC2!@ entered in  input
18:14:54.442 [TestNG-tests-1] INFO  testCases.ExecuteTask.Notification.TC031_NT_ET_ETRS_DTAfterMinutes - [PRIMARY (DESC)] is selected in List
18:14:59.452 [TestNG-tests-1] INFO  utilities.UtilityCustomFunctions - Entity Id Searched: 154146
18:15:03.675 [TestNG-tests-1] INFO  utilities.UtilityCustomFunctions - Entity Id Searched: 154146
18:15:04.886 [TestNG-tests-1] INFO  utilities.UtilityCustomFunctions - Passed: Execute Task Notification Date&Time after Minutes Actual Value: 2024-08-04 22:45:00Expected Value: 2024-08-04 22:45:00 EntityId: 154146@Duplicate Add
18:15:12.726 [TestNG-tests-1] INFO  utilities.UtilityCustomFunctions - PRIYAN entered in  input
18:15:13.942 [TestNG-tests-1] INFO  utilities.UtilityCustomFunctions - rsoft entered in  input
18:15:15.162 [TestNG-tests-1] INFO  utilities.UtilityCustomFunctions - RSoft!@345 entered in  input
18:15:52.324 [TestNG-tests-1] INFO  utilities.UtilityCustomFunctions - Excel file Utility instance created
18:15:52.337 [TestNG-tests-1] INFO  utilities.UtilityCustomFunctions - Row Count to Add Values: 1
18:15:52.347 [TestNG-tests-1] INFO  utilities.UtilityCustomFunctions - Col Count is: 36
18:15:52.348 [TestNG-tests-1] INFO  utilities.UtilityCustomFunctions - Extracting DataSheet Values started...
18:15:52.641 [TestNG-tests-1] INFO  utilities.UtilityCustomFunctions - Before Adding Module data
18:15:55.204 [TestNG-tests-1] INFO  utilities.UtilityCustomFunctions - Assinged To Drop Down clicked
18:16:00.390 [TestNG-tests-1] INFO  testCases.ExecuteTask.Notification.TC031_NT_ET_ETRS_DTAfterMinutes - [Rsoft IT] is selected in List
18:16:00.465 [TestNG-tests-1] INFO  utilities.UtilityCustomFunctions - Phone NUmber prefix clicked :  
18:16:03.603 [TestNG-tests-1] INFO  testCases.ExecuteTask.Notification.TC031_NT_ET_ETRS_DTAfterMinutes - [+91] is selected in List
18:16:03.603 [TestNG-tests-1] INFO  utilities.UtilityCustomFunctions - Phone NUmber selected is :  1234567890
18:16:04.932 [TestNG-tests-1] INFO  utilities.UtilityCustomFunctions - 1234567890 entered in  input
18:16:08.240 [TestNG-tests-1] INFO  utilities.UtilityCustomFunctions - EditSave@gmail.com entered in  input
18:16:09.256 [TestNG-tests-1] INFO  utilities.UtilityCustomFunctions - Email Added is: EditSave@gmail.com
18:16:10.485 [TestNG-tests-1] INFO  utilities.UtilityCustomFunctions - EditSaveAddText entered in  input
18:16:10.489 [TestNG-tests-1] INFO  utilities.UtilityCustomFunctions - Text Value added is::  EditSaveAddText
18:16:40.454 [TestNG-tests-1] INFO  utilities.UtilityCustomFunctions - MultiCombo box values: one,two
18:16:42.701 [TestNG-tests-1] INFO  utilities.UtilityCustomFunctions - EditSaveTextArea entered in  textarea
18:16:44.751 [TestNG-tests-1] INFO  utilities.UtilityCustomFunctions - check box value: ON
18:16:44.761 [TestNG-tests-1] INFO  utilities.UtilityCustomFunctions - Checkbox clicked
18:16:44.853 [TestNG-tests-1] INFO  utilities.UtilityCustomFunctions - DateBox clicked
18:16:50.949 [TestNG-tests-1] INFO  utilities.UtilityCustomFunctions - Current Month:Aug
18:16:57.262 [TestNG-tests-1] INFO  utilities.UtilityCustomFunctions - Year to be selected is:2024
18:16:59.130 [TestNG-tests-1] INFO  utilities.UtilityCustomFunctions - Control Type:sDate
18:17:03.154 [TestNG-tests-1] INFO  utilities.UtilityCustomFunctions - (//td[contains(@class,'today')])[1]
18:17:05.291 [TestNG-tests-1] INFO  utilities.UtilityCustomFunctions - Today Date Selected
18:17:07.367 [TestNG-tests-1] INFO  utilities.UtilityCustomFunctions - Picklist clicked
18:17:08.441 [TestNG-tests-1] INFO  utilities.UtilityCustomFunctions - Picklist selected: 1
18:17:11.646 [TestNG-tests-1] INFO  utilities.UtilityCustomFunctions - Date & Time Clicked
18:17:16.654 [TestNG-tests-1] INFO  utilities.UtilityCustomFunctions - Current Month:Aug
18:17:32.317 [TestNG-tests-1] INFO  testCases.ExecuteTask.Notification.TC031_NT_ET_ETRS_DTAfterMinutes - [10] is selected in List
18:17:37.533 [TestNG-tests-1] INFO  testCases.ExecuteTask.Notification.TC031_NT_ET_ETRS_DTAfterMinutes - [00] is selected in List
18:17:42.735 [TestNG-tests-1] INFO  testCases.ExecuteTask.Notification.TC031_NT_ET_ETRS_DTAfterMinutes - [00] is selected in List
18:17:47.929 [TestNG-tests-1] INFO  testCases.ExecuteTask.Notification.TC031_NT_ET_ETRS_DTAfterMinutes - [PM] is selected in List
18:17:48.934 [TestNG-tests-1] INFO  utilities.UtilityCustomFunctions - Clicked Current Date in Date&Time
18:17:49.028 [TestNG-tests-1] INFO  utilities.UtilityCustomFunctions - Date & Time Selected
18:17:50.105 [TestNG-tests-1] INFO  utilities.UtilityCustomFunctions - Time Clicked
18:17:54.211 [TestNG-tests-1] INFO  utilities.UtilityCustomFunctions - Hours://div[@class='popover-content']//div[@class='clockpicker-tick' and text()='10']
18:18:05.542 [TestNG-tests-1] INFO  utilities.UtilityCustomFunctions - Actual Date Selected :01-08-2024
18:18:08.883 [TestNG-tests-1] INFO  testCases.ExecuteTask.Notification.TC031_NT_ET_ETRS_DTAfterMinutes - [Mr.] is selected in List
18:18:10.113 [TestNG-tests-1] INFO  utilities.UtilityCustomFunctions - EditSaveName entered in  input
18:18:11.353 [TestNG-tests-1] INFO  utilities.UtilityCustomFunctions - 2323232323 entered in  input
18:18:12.571 [TestNG-tests-1] INFO  utilities.UtilityCustomFunctions - 1,000 entered in  input
18:18:13.849 [TestNG-tests-1] INFO  utilities.UtilityCustomFunctions - http://www.mvnrepository.com/ entered in  input
18:18:14.925 [TestNG-tests-1] INFO  utilities.UtilityCustomFunctions - City Drop Down clicked
18:18:18.072 [TestNG-tests-1] INFO  testCases.ExecuteTask.Notification.TC031_NT_ET_ETRS_DTAfterMinutes - [Chennai] is selected in List
18:18:18.072 [TestNG-tests-1] INFO  utilities.UtilityCustomFunctions - City Selected: Chennai
18:18:19.145 [TestNG-tests-1] INFO  utilities.UtilityCustomFunctions - State Drop Down clicked
18:18:22.452 [TestNG-tests-1] INFO  testCases.ExecuteTask.Notification.TC031_NT_ET_ETRS_DTAfterMinutes - [Tamilnadu] is selected in List
18:18:22.452 [TestNG-tests-1] INFO  utilities.UtilityCustomFunctions - State Selected: Tamilnadu
18:18:23.509 [TestNG-tests-1] INFO  utilities.UtilityCustomFunctions - Country List clicked
18:18:26.633 [TestNG-tests-1] INFO  testCases.ExecuteTask.Notification.TC031_NT_ET_ETRS_DTAfterMinutes - [India] is selected in List
18:18:26.633 [TestNG-tests-1] INFO  utilities.UtilityCustomFunctions - Country Selected: India
18:18:40.943 [TestNG-tests-1] INFO  utilities.UtilityCustomFunctions - New Record added in: ETNotification
18:18:51.960 [TestNG-tests-1] INFO  utilities.UtilityCustomFunctions - testing entered in  input
18:18:52.205 [TestNG-tests-1] INFO  utilities.UtilityCustomFunctions - dCr2KGiHBrC2!@ entered in  input
18:19:18.160 [TestNG-tests-1] INFO  testCases.ExecuteTask.Notification.TC031_NT_ET_ETRS_DTAfterMinutes - [PRIMARY (DESC)] is selected in List
18:19:23.166 [TestNG-tests-1] INFO  utilities.UtilityCustomFunctions - Entity Id Searched: 154146
18:19:27.360 [TestNG-tests-1] INFO  utilities.UtilityCustomFunctions - Entity Id Searched: 154146
18:19:28.610 [TestNG-tests-1] INFO  utilities.UtilityCustomFunctions - Passed: Execute Task Notification Date&Time after Minutes Actual Value: 2024-08-04 22:45:00Expected Value: 2024-08-04 22:45:00 EntityId: 154146@Edit & Save
18:19:36.942 [TestNG-tests-1] INFO  utilities.UtilityCustomFunctions - PRIYAN entered in  input
18:19:38.152 [TestNG-tests-1] INFO  utilities.UtilityCustomFunctions - rsoft entered in  input
18:19:39.374 [TestNG-tests-1] INFO  utilities.UtilityCustomFunctions - RSoft!@345 entered in  input
18:19:43.363 [TestNG-tests-1] INFO  utilities.UtilityCustomFunctions - Before Single LIne Edit: Last Task Id:  current record id 154146
18:20:12.399 [TestNG-tests-1] INFO  utilities.UtilityCustomFunctions - Header Toggle Already ON
18:20:18.026 [TestNG-tests-1] INFO  utilities.UtilityCustomFunctions - Mobile Number Edit On in Summary Page
18:20:24.719 [TestNG-tests-1] INFO  utilities.UtilityCustomFunctions - 2233445566 entered in  input
18:20:27.343 [TestNG-tests-1] INFO  utilities.UtilityCustomFunctions - 2233445566 Is Updated Text for Mobile Number@Single Line Edit
18:20:47.181 [TestNG-tests-1] INFO  utilities.UtilityCustomFunctions - testing entered in  input
18:20:47.359 [TestNG-tests-1] INFO  utilities.UtilityCustomFunctions - dCr2KGiHBrC2!@ entered in  input
18:21:13.327 [TestNG-tests-1] INFO  testCases.ExecuteTask.Notification.TC031_NT_ET_ETRS_DTAfterMinutes - [PRIMARY (DESC)] is selected in List
18:21:18.338 [TestNG-tests-1] INFO  utilities.UtilityCustomFunctions - Entity Id Searched: 154146
18:21:22.556 [TestNG-tests-1] INFO  utilities.UtilityCustomFunctions - Entity Id Searched: 154146
18:21:23.754 [TestNG-tests-1] INFO  utilities.UtilityCustomFunctions - Passed: Execute Task Notification Date&Time after Minutes Actual Value: 2024-08-04 22:45:00Expected Value: 2024-08-04 22:45:00 EntityId: 154146@Single Line Edit
18:21:25.730 [TestNG-tests-1] INFO  utilities.UtilityCustomFunctions - Actual:Total Validation Count:41
18:21:25.730 [TestNG-tests-1] INFO  utilities.UtilityCustomFunctions - Expected:Total Validation Count:41
18:21:25.731 [TestNG-tests-1] INFO  utilities.UtilityCustomFunctions - Message:pass
15:23:33.110 [TestNG-tests-1] INFO  testCases.WebForms.TC019_WF_RRN_OneYN_TwoN - Test Execution on Browser: chrome
15:23:33.171 [TestNG-tests-1] INFO  testCases.WebForms.TC019_WF_RRN_OneYN_TwoN - Excel file Utility instance created
15:23:33.940 [TestNG-tests-1] INFO  testCases.WebForms.TC019_WF_RRN_OneYN_TwoN - Row Count is: 9
15:23:33.985 [TestNG-tests-1] INFO  testCases.WebForms.TC019_WF_RRN_OneYN_TwoN - Col Count is: 15
15:23:40.838 [TestNG-tests-1] INFO  utilities.UtilityCustomFunctions - PRIYAN entered in  input
15:23:42.134 [TestNG-tests-1] INFO  utilities.UtilityCustomFunctions - rsoft entered in  input
15:23:43.402 [TestNG-tests-1] INFO  utilities.UtilityCustomFunctions - RSoft!@345 entered in  input
15:23:59.837 [TestNG-tests-1] INFO  testCases.WebForms.TC019_WF_RRN_OneYN_TwoN - Clicked Avatar
15:24:03.429 [TestNG-tests-1] INFO  testCases.WebForms.TC019_WF_RRN_OneYN_TwoN - Clicked Menu CRM Setting
15:24:05.557 [TestNG-tests-1] INFO  testCases.WebForms.TC019_WF_RRN_OneYN_TwoN - Clicked Menu User Access Control
15:24:09.048 [TestNG-tests-1] INFO  testCases.WebForms.TC019_WF_RRN_OneYN_TwoN - Clicked Avatar
15:24:12.573 [TestNG-tests-1] INFO  testCases.WebForms.TC019_WF_RRN_OneYN_TwoN - Clicked Menu CRM Setting
15:24:12.672 [TestNG-tests-1] INFO  testCases.WebForms.TC019_WF_RRN_OneYN_TwoN - Clicked Integration
15:24:23.271 [TestNG-tests-1] INFO  testCases.WebForms.TC019_WF_RRN_OneYN_TwoN - [ETNotification Webform] is selected in List
15:25:10.339 [TestNG-tests-1] INFO  utilities.UtilityCustomFunctions - Actual:28-12-2024 03:24:49 PM
15:25:10.339 [TestNG-tests-1] INFO  utilities.UtilityCustomFunctions - Expected:Kimberly
15:25:10.340 [TestNG-tests-1] INFO  utilities.UtilityCustomFunctions - Message:AssignedTo Value
15:25:11.545 [TestNG-tests-1] INFO  utilities.UtilityCustomFunctions - Actual:
15:25:11.545 [TestNG-tests-1] INFO  utilities.UtilityCustomFunctions - Expected:+91
15:25:11.545 [TestNG-tests-1] INFO  utilities.UtilityCustomFunctions - Message:Mobile Number Prefix
15:25:11.545 [TestNG-tests-1] INFO  utilities.UtilityCustomFunctions - Actual:Angela Billy
15:25:11.545 [TestNG-tests-1] INFO  utilities.UtilityCustomFunctions - Expected:9840053888
15:25:11.545 [TestNG-tests-1] INFO  utilities.UtilityCustomFunctions - Message:Mobile Number
15:25:12.701 [TestNG-tests-1] INFO  utilities.UtilityCustomFunctions - Actual:
15:25:12.702 [TestNG-tests-1] INFO  utilities.UtilityCustomFunctions - Expected:Julia@rsoft.in
15:25:12.702 [TestNG-tests-1] INFO  utilities.UtilityCustomFunctions - Message:Email
15:25:12.702 [TestNG-tests-1] INFO  utilities.UtilityCustomFunctions - Actual:
15:25:12.702 [TestNG-tests-1] INFO  utilities.UtilityCustomFunctions - Expected:Welcome to Automation World...!
15:25:12.702 [TestNG-tests-1] INFO  utilities.UtilityCustomFunctions - Message:Text
15:25:12.702 [TestNG-tests-1] INFO  utilities.UtilityCustomFunctions - Actual:
15:25:12.702 [TestNG-tests-1] INFO  utilities.UtilityCustomFunctions - Expected:one
15:25:12.702 [TestNG-tests-1] INFO  utilities.UtilityCustomFunctions - Message:MultiSelect
15:25:12.702 [TestNG-tests-1] INFO  utilities.UtilityCustomFunctions - Actual:
15:25:12.702 [TestNG-tests-1] INFO  utilities.UtilityCustomFunctions - Expected:Tamilnadu
15:25:12.702 [TestNG-tests-1] INFO  utilities.UtilityCustomFunctions - Message:MultiChoice State
15:25:17.117 [TestNG-tests-1] INFO  testCases.WebForms.TC019_WF_RRN_OneYN_TwoN - Clicked Avatar
15:25:20.113 [TestNG-tests-1] INFO  testCases.WebForms.TC019_WF_RRN_OneYN_TwoN - Clicked Menu CRM Setting
15:25:22.255 [TestNG-tests-1] INFO  testCases.WebForms.TC019_WF_RRN_OneYN_TwoN - Clicked Menu User Access Control
15:26:05.830 [TestNG-tests-1] INFO  utilities.UtilityCustomFunctions - Actual:28-12-2024 03:24:49 PM
15:26:05.831 [TestNG-tests-1] INFO  utilities.UtilityCustomFunctions - Expected:Kamesh P
15:26:05.831 [TestNG-tests-1] INFO  utilities.UtilityCustomFunctions - Message:AssignedTo Value
15:26:08.365 [TestNG-tests-1] INFO  utilities.UtilityCustomFunctions - Actual:
15:26:08.366 [TestNG-tests-1] INFO  utilities.UtilityCustomFunctions - Expected:+91
15:26:08.366 [TestNG-tests-1] INFO  utilities.UtilityCustomFunctions - Message:Mobile Number Prefix
15:26:08.366 [TestNG-tests-1] INFO  utilities.UtilityCustomFunctions - Actual:Angela Billy
15:26:08.367 [TestNG-tests-1] INFO  utilities.UtilityCustomFunctions - Expected:9840035014
15:26:08.367 [TestNG-tests-1] INFO  utilities.UtilityCustomFunctions - Message:Mobile Number
15:26:09.528 [TestNG-tests-1] INFO  utilities.UtilityCustomFunctions - Actual:
15:26:09.528 [TestNG-tests-1] INFO  utilities.UtilityCustomFunctions - Expected:Grace@rsoft.in
15:26:09.528 [TestNG-tests-1] INFO  utilities.UtilityCustomFunctions - Message:Email
15:26:09.528 [TestNG-tests-1] INFO  utilities.UtilityCustomFunctions - Actual:
15:26:09.529 [TestNG-tests-1] INFO  utilities.UtilityCustomFunctions - Expected:Welcome to Automation World...!
15:26:09.529 [TestNG-tests-1] INFO  utilities.UtilityCustomFunctions - Message:Text
15:26:09.529 [TestNG-tests-1] INFO  utilities.UtilityCustomFunctions - Actual:
15:26:09.529 [TestNG-tests-1] INFO  utilities.UtilityCustomFunctions - Expected:two
15:26:09.529 [TestNG-tests-1] INFO  utilities.UtilityCustomFunctions - Message:MultiSelect
15:26:09.529 [TestNG-tests-1] INFO  utilities.UtilityCustomFunctions - Actual:
15:26:09.529 [TestNG-tests-1] INFO  utilities.UtilityCustomFunctions - Expected:Bihar
15:26:09.529 [TestNG-tests-1] INFO  utilities.UtilityCustomFunctions - Message:MultiChoice State
15:26:31.535 [TestNG-tests-1] INFO  utilities.UtilityCustomFunctions - Actual:28-12-2024 03:24:49 PM
15:26:31.535 [TestNG-tests-1] INFO  utilities.UtilityCustomFunctions - Expected:Donna
15:26:31.535 [TestNG-tests-1] INFO  utilities.UtilityCustomFunctions - Message:AssignedTo Value
15:26:32.696 [TestNG-tests-1] INFO  utilities.UtilityCustomFunctions - Actual:
15:26:32.697 [TestNG-tests-1] INFO  utilities.UtilityCustomFunctions - Expected:+91
15:26:32.697 [TestNG-tests-1] INFO  utilities.UtilityCustomFunctions - Message:Mobile Number Prefix
15:26:32.697 [TestNG-tests-1] INFO  utilities.UtilityCustomFunctions - Actual:Angela Billy
15:26:32.697 [TestNG-tests-1] INFO  utilities.UtilityCustomFunctions - Expected:9840022233
15:26:32.697 [TestNG-tests-1] INFO  utilities.UtilityCustomFunctions - Message:Mobile Number
15:26:33.847 [TestNG-tests-1] INFO  utilities.UtilityCustomFunctions - Actual:
15:26:33.847 [TestNG-tests-1] INFO  utilities.UtilityCustomFunctions - Expected:Amber@rsoft.in
15:26:33.847 [TestNG-tests-1] INFO  utilities.UtilityCustomFunctions - Message:Email
15:26:33.847 [TestNG-tests-1] INFO  utilities.UtilityCustomFunctions - Actual:
15:26:33.847 [TestNG-tests-1] INFO  utilities.UtilityCustomFunctions - Expected:Welcome to Automation World...!
15:26:33.847 [TestNG-tests-1] INFO  utilities.UtilityCustomFunctions - Message:Text
15:26:33.847 [TestNG-tests-1] INFO  utilities.UtilityCustomFunctions - Actual:
15:26:33.847 [TestNG-tests-1] INFO  utilities.UtilityCustomFunctions - Expected:one
15:26:33.848 [TestNG-tests-1] INFO  utilities.UtilityCustomFunctions - Message:MultiSelect
15:26:33.848 [TestNG-tests-1] INFO  utilities.UtilityCustomFunctions - Actual:
15:26:33.848 [TestNG-tests-1] INFO  utilities.UtilityCustomFunctions - Expected:Goa
15:26:33.848 [TestNG-tests-1] INFO  utilities.UtilityCustomFunctions - Message:MultiChoice State
15:26:37.230 [TestNG-tests-1] INFO  testCases.WebForms.TC019_WF_RRN_OneYN_TwoN - Clicked Avatar
15:26:40.211 [TestNG-tests-1] INFO  testCases.WebForms.TC019_WF_RRN_OneYN_TwoN - Clicked Menu CRM Setting
15:26:42.335 [TestNG-tests-1] INFO  testCases.WebForms.TC019_WF_RRN_OneYN_TwoN - Clicked Menu User Access Control
15:27:26.257 [TestNG-tests-1] INFO  utilities.UtilityCustomFunctions - Actual:28-12-2024 03:24:49 PM
15:27:26.257 [TestNG-tests-1] INFO  utilities.UtilityCustomFunctions - Expected:Kamesh P
15:27:26.257 [TestNG-tests-1] INFO  utilities.UtilityCustomFunctions - Message:AssignedTo Value
15:27:29.090 [TestNG-tests-1] INFO  utilities.UtilityCustomFunctions - Actual:
15:27:29.090 [TestNG-tests-1] INFO  utilities.UtilityCustomFunctions - Expected:+91
15:27:29.091 [TestNG-tests-1] INFO  utilities.UtilityCustomFunctions - Message:Mobile Number Prefix
15:27:29.091 [TestNG-tests-1] INFO  utilities.UtilityCustomFunctions - Actual:Angela Billy
15:27:29.091 [TestNG-tests-1] INFO  utilities.UtilityCustomFunctions - Expected:9840014888
15:27:29.091 [TestNG-tests-1] INFO  utilities.UtilityCustomFunctions - Message:Mobile Number
15:27:30.239 [TestNG-tests-1] INFO  utilities.UtilityCustomFunctions - Actual:
15:27:30.239 [TestNG-tests-1] INFO  utilities.UtilityCustomFunctions - Expected:Alice@rsoft.in
15:27:30.239 [TestNG-tests-1] INFO  utilities.UtilityCustomFunctions - Message:Email
15:27:30.239 [TestNG-tests-1] INFO  utilities.UtilityCustomFunctions - Actual:
15:27:30.239 [TestNG-tests-1] INFO  utilities.UtilityCustomFunctions - Expected:Welcome to Automation World...!
15:27:30.239 [TestNG-tests-1] INFO  utilities.UtilityCustomFunctions - Message:Text
15:27:30.239 [TestNG-tests-1] INFO  utilities.UtilityCustomFunctions - Actual:
15:27:30.239 [TestNG-tests-1] INFO  utilities.UtilityCustomFunctions - Expected:four
15:27:30.240 [TestNG-tests-1] INFO  utilities.UtilityCustomFunctions - Message:MultiSelect
15:27:30.240 [TestNG-tests-1] INFO  utilities.UtilityCustomFunctions - Actual:
15:27:30.240 [TestNG-tests-1] INFO  utilities.UtilityCustomFunctions - Expected:Andhra Pradesh
15:27:30.240 [TestNG-tests-1] INFO  utilities.UtilityCustomFunctions - Message:MultiChoice State
15:27:33.708 [TestNG-tests-1] INFO  testCases.WebForms.TC019_WF_RRN_OneYN_TwoN - Clicked Avatar
15:27:36.753 [TestNG-tests-1] INFO  testCases.WebForms.TC019_WF_RRN_OneYN_TwoN - Clicked Menu CRM Setting
15:27:38.881 [TestNG-tests-1] INFO  testCases.WebForms.TC019_WF_RRN_OneYN_TwoN - Clicked Menu User Access Control
15:30:17.165 [TestNG-tests-1] INFO  testCases.WebForms.TC019_WF_RRN_OneYN_TwoN - Test Execution on Browser: chrome
15:30:17.217 [TestNG-tests-1] INFO  testCases.WebForms.TC019_WF_RRN_OneYN_TwoN - Excel file Utility instance created
15:30:17.777 [TestNG-tests-1] INFO  testCases.WebForms.TC019_WF_RRN_OneYN_TwoN - Row Count is: 9
15:30:17.827 [TestNG-tests-1] INFO  testCases.WebForms.TC019_WF_RRN_OneYN_TwoN - Col Count is: 15
15:30:22.347 [TestNG-tests-1] INFO  utilities.UtilityCustomFunctions - PRIYAN entered in  input
15:30:23.604 [TestNG-tests-1] INFO  utilities.UtilityCustomFunctions - rsoft entered in  input
15:30:24.826 [TestNG-tests-1] INFO  utilities.UtilityCustomFunctions - RSoft!@345 entered in  input
15:30:41.443 [TestNG-tests-1] INFO  testCases.WebForms.TC019_WF_RRN_OneYN_TwoN - Clicked Avatar
15:30:44.611 [TestNG-tests-1] INFO  testCases.WebForms.TC019_WF_RRN_OneYN_TwoN - Clicked Menu CRM Setting
15:30:46.739 [TestNG-tests-1] INFO  testCases.WebForms.TC019_WF_RRN_OneYN_TwoN - Clicked Menu User Access Control
15:30:50.182 [TestNG-tests-1] INFO  testCases.WebForms.TC019_WF_RRN_OneYN_TwoN - Clicked Avatar
15:30:53.229 [TestNG-tests-1] INFO  testCases.WebForms.TC019_WF_RRN_OneYN_TwoN - Clicked Menu CRM Setting
15:30:53.323 [TestNG-tests-1] INFO  testCases.WebForms.TC019_WF_RRN_OneYN_TwoN - Clicked Integration
15:31:03.807 [TestNG-tests-1] INFO  testCases.WebForms.TC019_WF_RRN_OneYN_TwoN - [ETNotification Webform] is selected in List
15:31:51.357 [TestNG-tests-1] INFO  utilities.UtilityCustomFunctions - Actual:28-12-2024 03:24:49 PM
15:31:51.357 [TestNG-tests-1] INFO  utilities.UtilityCustomFunctions - Expected:Kimberly
15:31:51.357 [TestNG-tests-1] INFO  utilities.UtilityCustomFunctions - Message:AssignedTo Value
15:31:52.578 [TestNG-tests-1] INFO  utilities.UtilityCustomFunctions - Actual:
15:31:52.578 [TestNG-tests-1] INFO  utilities.UtilityCustomFunctions - Expected:+91
15:31:52.578 [TestNG-tests-1] INFO  utilities.UtilityCustomFunctions - Message:Mobile Number Prefix
15:31:52.578 [TestNG-tests-1] INFO  utilities.UtilityCustomFunctions - Actual:Angela Billy
15:31:52.578 [TestNG-tests-1] INFO  utilities.UtilityCustomFunctions - Expected:9840089663
15:31:52.578 [TestNG-tests-1] INFO  utilities.UtilityCustomFunctions - Message:Mobile Number
15:31:53.748 [TestNG-tests-1] INFO  utilities.UtilityCustomFunctions - Actual:
15:31:53.749 [TestNG-tests-1] INFO  utilities.UtilityCustomFunctions - Expected:Julia@rsoft.in
15:31:53.749 [TestNG-tests-1] INFO  utilities.UtilityCustomFunctions - Message:Email
15:31:53.749 [TestNG-tests-1] INFO  utilities.UtilityCustomFunctions - Actual:
15:31:53.749 [TestNG-tests-1] INFO  utilities.UtilityCustomFunctions - Expected:Welcome to Automation World...!
15:31:53.749 [TestNG-tests-1] INFO  utilities.UtilityCustomFunctions - Message:Text
15:31:53.749 [TestNG-tests-1] INFO  utilities.UtilityCustomFunctions - Actual:
15:31:53.749 [TestNG-tests-1] INFO  utilities.UtilityCustomFunctions - Expected:one
15:31:53.749 [TestNG-tests-1] INFO  utilities.UtilityCustomFunctions - Message:MultiSelect
15:31:53.750 [TestNG-tests-1] INFO  utilities.UtilityCustomFunctions - Actual:
15:31:53.750 [TestNG-tests-1] INFO  utilities.UtilityCustomFunctions - Expected:Tamilnadu
15:31:53.750 [TestNG-tests-1] INFO  utilities.UtilityCustomFunctions - Message:MultiChoice State
15:31:57.178 [TestNG-tests-1] INFO  testCases.WebForms.TC019_WF_RRN_OneYN_TwoN - Clicked Avatar
15:32:00.248 [TestNG-tests-1] INFO  testCases.WebForms.TC019_WF_RRN_OneYN_TwoN - Clicked Menu CRM Setting
15:32:02.380 [TestNG-tests-1] INFO  testCases.WebForms.TC019_WF_RRN_OneYN_TwoN - Clicked Menu User Access Control
15:32:45.635 [TestNG-tests-1] INFO  utilities.UtilityCustomFunctions - Actual:28-12-2024 03:24:49 PM
15:32:45.635 [TestNG-tests-1] INFO  utilities.UtilityCustomFunctions - Expected:Kamesh P
15:32:45.635 [TestNG-tests-1] INFO  utilities.UtilityCustomFunctions - Message:AssignedTo Value
15:32:46.782 [TestNG-tests-1] INFO  utilities.UtilityCustomFunctions - Actual:
15:32:46.782 [TestNG-tests-1] INFO  utilities.UtilityCustomFunctions - Expected:+91
15:32:46.782 [TestNG-tests-1] INFO  utilities.UtilityCustomFunctions - Message:Mobile Number Prefix
15:32:46.782 [TestNG-tests-1] INFO  utilities.UtilityCustomFunctions - Actual:Angela Billy
15:32:46.782 [TestNG-tests-1] INFO  utilities.UtilityCustomFunctions - Expected:9840014819
15:32:46.782 [TestNG-tests-1] INFO  utilities.UtilityCustomFunctions - Message:Mobile Number
15:32:47.951 [TestNG-tests-1] INFO  utilities.UtilityCustomFunctions - Actual:
15:32:47.951 [TestNG-tests-1] INFO  utilities.UtilityCustomFunctions - Expected:Grace@rsoft.in
15:32:47.951 [TestNG-tests-1] INFO  utilities.UtilityCustomFunctions - Message:Email
15:32:47.951 [TestNG-tests-1] INFO  utilities.UtilityCustomFunctions - Actual:
15:32:47.951 [TestNG-tests-1] INFO  utilities.UtilityCustomFunctions - Expected:Welcome to Automation World...!
15:32:47.951 [TestNG-tests-1] INFO  utilities.UtilityCustomFunctions - Message:Text
15:32:47.951 [TestNG-tests-1] INFO  utilities.UtilityCustomFunctions - Actual:
15:32:47.951 [TestNG-tests-1] INFO  utilities.UtilityCustomFunctions - Expected:two
15:32:47.951 [TestNG-tests-1] INFO  utilities.UtilityCustomFunctions - Message:MultiSelect
15:32:47.951 [TestNG-tests-1] INFO  utilities.UtilityCustomFunctions - Actual:
15:32:47.951 [TestNG-tests-1] INFO  utilities.UtilityCustomFunctions - Expected:Bihar
15:32:47.951 [TestNG-tests-1] INFO  utilities.UtilityCustomFunctions - Message:MultiChoice State
15:33:10.142 [TestNG-tests-1] INFO  utilities.UtilityCustomFunctions - Actual:28-12-2024 03:24:49 PM
15:33:10.143 [TestNG-tests-1] INFO  utilities.UtilityCustomFunctions - Expected:Donna
15:33:10.143 [TestNG-tests-1] INFO  utilities.UtilityCustomFunctions - Message:AssignedTo Value
15:33:11.327 [TestNG-tests-1] INFO  utilities.UtilityCustomFunctions - Actual:
15:33:11.328 [TestNG-tests-1] INFO  utilities.UtilityCustomFunctions - Expected:+91
15:33:11.328 [TestNG-tests-1] INFO  utilities.UtilityCustomFunctions - Message:Mobile Number Prefix
15:33:11.328 [TestNG-tests-1] INFO  utilities.UtilityCustomFunctions - Actual:Angela Billy
15:33:11.328 [TestNG-tests-1] INFO  utilities.UtilityCustomFunctions - Expected:9840083162
15:33:11.328 [TestNG-tests-1] INFO  utilities.UtilityCustomFunctions - Message:Mobile Number
15:33:12.482 [TestNG-tests-1] INFO  utilities.UtilityCustomFunctions - Actual:
15:33:12.483 [TestNG-tests-1] INFO  utilities.UtilityCustomFunctions - Expected:Amber@rsoft.in
15:33:12.483 [TestNG-tests-1] INFO  utilities.UtilityCustomFunctions - Message:Email
15:33:12.483 [TestNG-tests-1] INFO  utilities.UtilityCustomFunctions - Actual:
15:33:12.483 [TestNG-tests-1] INFO  utilities.UtilityCustomFunctions - Expected:Welcome to Automation World...!
15:33:12.483 [TestNG-tests-1] INFO  utilities.UtilityCustomFunctions - Message:Text
15:33:12.483 [TestNG-tests-1] INFO  utilities.UtilityCustomFunctions - Actual:
15:33:12.483 [TestNG-tests-1] INFO  utilities.UtilityCustomFunctions - Expected:one
15:33:12.483 [TestNG-tests-1] INFO  utilities.UtilityCustomFunctions - Message:MultiSelect
15:33:12.483 [TestNG-tests-1] INFO  utilities.UtilityCustomFunctions - Actual:
15:33:12.483 [TestNG-tests-1] INFO  utilities.UtilityCustomFunctions - Expected:Goa
15:33:12.483 [TestNG-tests-1] INFO  utilities.UtilityCustomFunctions - Message:MultiChoice State
15:33:15.839 [TestNG-tests-1] INFO  testCases.WebForms.TC019_WF_RRN_OneYN_TwoN - Clicked Avatar
15:33:19.127 [TestNG-tests-1] INFO  testCases.WebForms.TC019_WF_RRN_OneYN_TwoN - Clicked Menu CRM Setting
15:33:21.243 [TestNG-tests-1] INFO  testCases.WebForms.TC019_WF_RRN_OneYN_TwoN - Clicked Menu User Access Control
15:34:05.583 [TestNG-tests-1] INFO  utilities.UtilityCustomFunctions - Actual:28-12-2024 03:24:49 PM
15:34:05.583 [TestNG-tests-1] INFO  utilities.UtilityCustomFunctions - Expected:Kamesh P
15:34:05.583 [TestNG-tests-1] INFO  utilities.UtilityCustomFunctions - Message:AssignedTo Value
15:34:06.732 [TestNG-tests-1] INFO  utilities.UtilityCustomFunctions - Actual:
15:34:06.733 [TestNG-tests-1] INFO  utilities.UtilityCustomFunctions - Expected:+91
15:34:06.733 [TestNG-tests-1] INFO  utilities.UtilityCustomFunctions - Message:Mobile Number Prefix
15:34:06.733 [TestNG-tests-1] INFO  utilities.UtilityCustomFunctions - Actual:Angela Billy
15:34:06.733 [TestNG-tests-1] INFO  utilities.UtilityCustomFunctions - Expected:9840067190
15:34:06.733 [TestNG-tests-1] INFO  utilities.UtilityCustomFunctions - Message:Mobile Number
15:34:07.900 [TestNG-tests-1] INFO  utilities.UtilityCustomFunctions - Actual:
15:34:08.467 [TestNG-tests-1] INFO  utilities.UtilityCustomFunctions - Expected:Alice@rsoft.in
15:34:08.467 [TestNG-tests-1] INFO  utilities.UtilityCustomFunctions - Message:Email
15:34:08.467 [TestNG-tests-1] INFO  utilities.UtilityCustomFunctions - Actual:
15:34:08.467 [TestNG-tests-1] INFO  utilities.UtilityCustomFunctions - Expected:Welcome to Automation World...!
15:34:08.468 [TestNG-tests-1] INFO  utilities.UtilityCustomFunctions - Message:Text
15:34:08.468 [TestNG-tests-1] INFO  utilities.UtilityCustomFunctions - Actual:
15:34:08.468 [TestNG-tests-1] INFO  utilities.UtilityCustomFunctions - Expected:four
15:34:08.468 [TestNG-tests-1] INFO  utilities.UtilityCustomFunctions - Message:MultiSelect
15:34:08.468 [TestNG-tests-1] INFO  utilities.UtilityCustomFunctions - Actual:
15:34:08.468 [TestNG-tests-1] INFO  utilities.UtilityCustomFunctions - Expected:Andhra Pradesh
15:34:08.469 [TestNG-tests-1] INFO  utilities.UtilityCustomFunctions - Message:MultiChoice State
15:34:11.826 [TestNG-tests-1] INFO  testCases.WebForms.TC019_WF_RRN_OneYN_TwoN - Clicked Avatar
15:34:15.214 [TestNG-tests-1] INFO  testCases.WebForms.TC019_WF_RRN_OneYN_TwoN - Clicked Menu CRM Setting
15:34:17.332 [TestNG-tests-1] INFO  testCases.WebForms.TC019_WF_RRN_OneYN_TwoN - Clicked Menu User Access Control
15:35:00.686 [TestNG-tests-1] INFO  utilities.UtilityCustomFunctions - Actual:28-12-2024 03:24:49 PM
15:35:00.686 [TestNG-tests-1] INFO  utilities.UtilityCustomFunctions - Expected:Kamesh P
15:35:00.686 [TestNG-tests-1] INFO  utilities.UtilityCustomFunctions - Message:AssignedTo Value
15:35:02.060 [TestNG-tests-1] INFO  utilities.UtilityCustomFunctions - Actual:
15:35:02.060 [TestNG-tests-1] INFO  utilities.UtilityCustomFunctions - Expected:+91
15:35:02.060 [TestNG-tests-1] INFO  utilities.UtilityCustomFunctions - Message:Mobile Number Prefix
15:35:02.060 [TestNG-tests-1] INFO  utilities.UtilityCustomFunctions - Actual:Angela Billy
15:35:02.060 [TestNG-tests-1] INFO  utilities.UtilityCustomFunctions - Expected:9840044618
15:35:02.060 [TestNG-tests-1] INFO  utilities.UtilityCustomFunctions - Message:Mobile Number
15:35:03.218 [TestNG-tests-1] INFO  utilities.UtilityCustomFunctions - Actual:
15:35:03.218 [TestNG-tests-1] INFO  utilities.UtilityCustomFunctions - Expected:Jean@rsoft.in
15:35:03.218 [TestNG-tests-1] INFO  utilities.UtilityCustomFunctions - Message:Email
15:35:03.218 [TestNG-tests-1] INFO  utilities.UtilityCustomFunctions - Actual:
15:35:03.219 [TestNG-tests-1] INFO  utilities.UtilityCustomFunctions - Expected:Welcome to Automation World...!
15:35:03.219 [TestNG-tests-1] INFO  utilities.UtilityCustomFunctions - Message:Text
15:35:03.219 [TestNG-tests-1] INFO  utilities.UtilityCustomFunctions - Actual:
15:35:03.219 [TestNG-tests-1] INFO  utilities.UtilityCustomFunctions - Expected:five
15:35:03.219 [TestNG-tests-1] INFO  utilities.UtilityCustomFunctions - Message:MultiSelect
15:35:03.219 [TestNG-tests-1] INFO  utilities.UtilityCustomFunctions - Actual:
15:35:03.219 [TestNG-tests-1] INFO  utilities.UtilityCustomFunctions - Expected:Delhi
15:35:03.219 [TestNG-tests-1] INFO  utilities.UtilityCustomFunctions - Message:MultiChoice State
15:35:06.604 [TestNG-tests-1] INFO  testCases.WebForms.TC019_WF_RRN_OneYN_TwoN - Clicked Avatar
15:35:09.628 [TestNG-tests-1] INFO  testCases.WebForms.TC019_WF_RRN_OneYN_TwoN - Clicked Menu CRM Setting
15:35:11.755 [TestNG-tests-1] INFO  testCases.WebForms.TC019_WF_RRN_OneYN_TwoN - Clicked Menu User Access Control
15:35:54.847 [TestNG-tests-1] INFO  utilities.UtilityCustomFunctions - Actual:28-12-2024 03:35:03 PM
15:35:54.847 [TestNG-tests-1] INFO  utilities.UtilityCustomFunctions - Expected:Kamesh P
15:35:54.848 [TestNG-tests-1] INFO  utilities.UtilityCustomFunctions - Message:AssignedTo Value
15:35:55.993 [TestNG-tests-1] INFO  utilities.UtilityCustomFunctions - Actual:
15:35:55.994 [TestNG-tests-1] INFO  utilities.UtilityCustomFunctions - Expected:+91
15:35:55.994 [TestNG-tests-1] INFO  utilities.UtilityCustomFunctions - Message:Mobile Number Prefix
15:35:55.994 [TestNG-tests-1] INFO  utilities.UtilityCustomFunctions - Actual:Smith Gregory
15:35:55.994 [TestNG-tests-1] INFO  utilities.UtilityCustomFunctions - Expected:9840032284
15:35:55.994 [TestNG-tests-1] INFO  utilities.UtilityCustomFunctions - Message:Mobile Number
15:35:57.145 [TestNG-tests-1] INFO  utilities.UtilityCustomFunctions - Actual:
15:35:57.145 [TestNG-tests-1] INFO  utilities.UtilityCustomFunctions - Expected:Testing@rsoft.in
15:35:57.145 [TestNG-tests-1] INFO  utilities.UtilityCustomFunctions - Message:Email
15:35:57.145 [TestNG-tests-1] INFO  utilities.UtilityCustomFunctions - Actual:
15:35:57.145 [TestNG-tests-1] INFO  utilities.UtilityCustomFunctions - Expected:Testing
15:35:57.145 [TestNG-tests-1] INFO  utilities.UtilityCustomFunctions - Message:Text
15:35:57.145 [TestNG-tests-1] INFO  utilities.UtilityCustomFunctions - Actual:
15:35:57.145 [TestNG-tests-1] INFO  utilities.UtilityCustomFunctions - Expected:three
15:35:57.145 [TestNG-tests-1] INFO  utilities.UtilityCustomFunctions - Message:MultiSelect
15:35:57.145 [TestNG-tests-1] INFO  utilities.UtilityCustomFunctions - Actual:
15:35:57.145 [TestNG-tests-1] INFO  utilities.UtilityCustomFunctions - Expected:Tamilnadu
15:35:57.145 [TestNG-tests-1] INFO  utilities.UtilityCustomFunctions - Message:MultiChoice State
15:36:19.275 [TestNG-tests-1] INFO  utilities.UtilityCustomFunctions - Actual:28-12-2024 03:35:03 PM
15:36:19.276 [TestNG-tests-1] INFO  utilities.UtilityCustomFunctions - Expected:Kimberly
15:36:19.276 [TestNG-tests-1] INFO  utilities.UtilityCustomFunctions - Message:AssignedTo Value
15:36:20.428 [TestNG-tests-1] INFO  utilities.UtilityCustomFunctions - Actual:
15:36:20.428 [TestNG-tests-1] INFO  utilities.UtilityCustomFunctions - Expected:+91
15:36:20.428 [TestNG-tests-1] INFO  utilities.UtilityCustomFunctions - Message:Mobile Number Prefix
15:36:20.428 [TestNG-tests-1] INFO  utilities.UtilityCustomFunctions - Actual:Smith Gregory
15:36:20.428 [TestNG-tests-1] INFO  utilities.UtilityCustomFunctions - Expected:9840058091
15:36:20.428 [TestNG-tests-1] INFO  utilities.UtilityCustomFunctions - Message:Mobile Number
15:36:21.622 [TestNG-tests-1] INFO  utilities.UtilityCustomFunctions - Actual:
15:36:21.622 [TestNG-tests-1] INFO  utilities.UtilityCustomFunctions - Expected:Frances@rsoft.in
15:36:21.622 [TestNG-tests-1] INFO  utilities.UtilityCustomFunctions - Message:Email
15:36:21.622 [TestNG-tests-1] INFO  utilities.UtilityCustomFunctions - Actual:
15:36:21.622 [TestNG-tests-1] INFO  utilities.UtilityCustomFunctions - Expected:Welcome to Automation World...!
15:36:21.622 [TestNG-tests-1] INFO  utilities.UtilityCustomFunctions - Message:Text
15:36:21.622 [TestNG-tests-1] INFO  utilities.UtilityCustomFunctions - Actual:
15:36:21.622 [TestNG-tests-1] INFO  utilities.UtilityCustomFunctions - Expected:one
15:36:21.622 [TestNG-tests-1] INFO  utilities.UtilityCustomFunctions - Message:MultiSelect
15:36:21.622 [TestNG-tests-1] INFO  utilities.UtilityCustomFunctions - Actual:
15:36:21.622 [TestNG-tests-1] INFO  utilities.UtilityCustomFunctions - Expected:Delhi
15:36:21.622 [TestNG-tests-1] INFO  utilities.UtilityCustomFunctions - Message:MultiChoice State
15:36:26.000 [TestNG-tests-1] INFO  testCases.WebForms.TC019_WF_RRN_OneYN_TwoN - Clicked Avatar
15:36:30.245 [TestNG-tests-1] INFO  testCases.WebForms.TC019_WF_RRN_OneYN_TwoN - Clicked Menu CRM Setting
15:36:32.355 [TestNG-tests-1] INFO  testCases.WebForms.TC019_WF_RRN_OneYN_TwoN - Clicked Menu User Access Control
15:37:16.540 [TestNG-tests-1] INFO  utilities.UtilityCustomFunctions - Actual:28-12-2024 03:35:03 PM
15:37:16.540 [TestNG-tests-1] INFO  utilities.UtilityCustomFunctions - Expected:Kamesh P
15:37:16.540 [TestNG-tests-1] INFO  utilities.UtilityCustomFunctions - Message:AssignedTo Value
15:37:17.699 [TestNG-tests-1] INFO  utilities.UtilityCustomFunctions - Actual:
15:37:18.323 [TestNG-tests-1] INFO  utilities.UtilityCustomFunctions - Expected:+91
15:37:18.323 [TestNG-tests-1] INFO  utilities.UtilityCustomFunctions - Message:Mobile Number Prefix
15:37:18.324 [TestNG-tests-1] INFO  utilities.UtilityCustomFunctions - Actual:Smith Gregory
15:37:18.324 [TestNG-tests-1] INFO  utilities.UtilityCustomFunctions - Expected:9840022092
15:37:18.324 [TestNG-tests-1] INFO  utilities.UtilityCustomFunctions - Message:Mobile Number
15:37:19.483 [TestNG-tests-1] INFO  utilities.UtilityCustomFunctions - Actual:
15:37:19.483 [TestNG-tests-1] INFO  utilities.UtilityCustomFunctions - Expected:Danielle@rsoft.in
15:37:19.483 [TestNG-tests-1] INFO  utilities.UtilityCustomFunctions - Message:Email
15:37:19.483 [TestNG-tests-1] INFO  utilities.UtilityCustomFunctions - Actual:
15:37:19.483 [TestNG-tests-1] INFO  utilities.UtilityCustomFunctions - Expected:Welcome to Automation World...!
15:37:19.483 [TestNG-tests-1] INFO  utilities.UtilityCustomFunctions - Message:Text
15:37:19.483 [TestNG-tests-1] INFO  utilities.UtilityCustomFunctions - Actual:
15:37:19.483 [TestNG-tests-1] INFO  utilities.UtilityCustomFunctions - Expected:three
15:37:19.483 [TestNG-tests-1] INFO  utilities.UtilityCustomFunctions - Message:MultiSelect
15:37:19.483 [TestNG-tests-1] INFO  utilities.UtilityCustomFunctions - Actual:
15:37:19.483 [TestNG-tests-1] INFO  utilities.UtilityCustomFunctions - Expected:Goa
15:37:19.483 [TestNG-tests-1] INFO  utilities.UtilityCustomFunctions - Message:MultiChoice State
15:37:41.660 [TestNG-tests-1] INFO  utilities.UtilityCustomFunctions - Actual:28-12-2024 03:35:03 PM
15:37:41.660 [TestNG-tests-1] INFO  utilities.UtilityCustomFunctions - Expected:Donna
