16:54:56.498 [main] INFO  testCases.TC001_WF1_EveryTime_Rec_Save - Module Name Passed : Actual Value is: CRMEditFieldModuleExpected Value is: CRMEditFieldModule
16:54:57.784 [main] INFO  testCases.TC001_WF1_EveryTime_Rec_Save - Module Name Pass
16:54:58.303 [main] INFO  testCases.TC001_WF1_EveryTime_Rec_Save - Module Name Passed : Actual Value is: CRMEditFieldModuleExpected Value is: CRMEditFieldModule
16:54:59.574 [main] INFO  testCases.TC001_WF1_EveryTime_Rec_Save - Module Name Pass
16:54:59.574 [main] INFO  testCases.TC001_WF1_EveryTime_Rec_Save - Phone Number Passed : Actual Value is: +91 1234567890Expected Value is: +91 1234567890
16:55:00.810 [main] INFO  testCases.TC001_WF1_EveryTime_Rec_Save - Phone Number Pass
16:55:00.810 [main] INFO  testCases.TC001_WF1_EveryTime_Rec_Save - Email Passed : Actual Value is: sudhakar@rsoft.inExpected Value is: sudhakar@rsoft.in
16:55:02.064 [main] INFO  testCases.TC001_WF1_EveryTime_Rec_Save - Email Pass
16:55:02.065 [main] INFO  testCases.TC001_WF1_EveryTime_Rec_Save - Piclist Value Passed : Actual Value is: Very goodExpected Value is: Very good
16:55:03.338 [main] INFO  testCases.TC001_WF1_EveryTime_Rec_Save - Piclist Value Pass
16:55:09.098 [main] INFO  testCases.TC001_WF1_EveryTime_Rec_Save - Summary Phone Number Passed : Actual Value is: +91 1234567890Expected Value is: +91 1234567890
16:55:10.344 [main] INFO  testCases.TC001_WF1_EveryTime_Rec_Save - Summary Phone Number Pass
16:55:10.344 [main] INFO  testCases.TC001_WF1_EveryTime_Rec_Save - Summary Number Field Passed : Actual Value is: 12431234234Expected Value is: 12431234234
16:55:11.641 [main] INFO  testCases.TC001_WF1_EveryTime_Rec_Save - Summary Number Field Pass
16:55:11.642 [main] INFO  testCases.TC001_WF1_EveryTime_Rec_Save - Summary Email Passed : Actual Value is: sudhakar@rsoft.inExpected Value is: sudhakar@rsoft.in
16:55:12.887 [main] INFO  testCases.TC001_WF1_EveryTime_Rec_Save - Summary Email Pass
16:55:12.888 [main] INFO  testCases.TC001_WF1_EveryTime_Rec_Save - Summary Picklist Item Passed : Actual Value is: Very goodExpected Value is: Very good
16:55:14.258 [main] INFO  testCases.TC001_WF1_EveryTime_Rec_Save - Summary Picklist Item Pass
16:55:14.258 [main] INFO  testCases.TC001_WF1_EveryTime_Rec_Save - Summary Enter Your Number Passed : Actual Value is: 4123412341Expected Value is: 4123412341
16:55:15.482 [main] INFO  testCases.TC001_WF1_EveryTime_Rec_Save - Summary Enter Your Number Pass
16:55:21.064 [main] INFO  testCases.TC001_WF1_EveryTime_Rec_Save - Detail View Assigned To Failed : Actual Value is: Madhan MohanExpected Value is: Sudhakar VE
16:55:22.325 [main] INFO  testCases.TC001_WF1_EveryTime_Rec_Save - Detail View Assigned To fail
16:55:22.345 [main] INFO  testCases.TC001_WF1_EveryTime_Rec_Save - Detail View Phone Numer Passed : Actual Value is: +91 1234567890Expected Value is: +91 1234567890
16:55:23.589 [main] INFO  testCases.TC001_WF1_EveryTime_Rec_Save - Detail View Phone Numer Pass
16:55:23.589 [main] INFO  testCases.TC001_WF1_EveryTime_Rec_Save - Detail View Email Passed : Actual Value is: sudhakar@rsoft.inExpected Value is: sudhakar@rsoft.in
16:55:24.877 [main] INFO  testCases.TC001_WF1_EveryTime_Rec_Save - Detail View Email Pass
16:55:24.877 [main] INFO  testCases.TC001_WF1_EveryTime_Rec_Save - Detail View Menu Item Passed : Actual Value is: Very goodExpected Value is: Very good
16:55:26.180 [main] INFO  testCases.TC001_WF1_EveryTime_Rec_Save - Detail View Menu Item Pass
16:55:26.181 [main] INFO  testCases.TC001_WF1_EveryTime_Rec_Save - Detail View Enter Your Number Passed : Actual Value is: 4123412341Expected Value is: 4123412341
16:55:27.529 [main] INFO  testCases.TC001_WF1_EveryTime_Rec_Save - Detail View Enter Your Number Pass
16:55:27.758 [main] INFO  testCases.TC001_WF1_EveryTime_Rec_Save - Module Name Passed : Actual Value is: CRMEditFieldModuleExpected Value is: CRMEditFieldModule
16:55:29.119 [main] INFO  testCases.TC001_WF1_EveryTime_Rec_Save - Module Name Pass
16:55:30.094 [main] INFO  testCases.TC001_WF1_EveryTime_Rec_Save - Module Name Passed : Actual Value is: CRMEditFieldModuleExpected Value is: CRMEditFieldModule
16:55:31.366 [main] INFO  testCases.TC001_WF1_EveryTime_Rec_Save - Module Name Pass
16:55:31.367 [main] INFO  testCases.TC001_WF1_EveryTime_Rec_Save - Phone Number Passed : Actual Value is: +91 1234567890Expected Value is: +91 1234567890
16:55:32.616 [main] INFO  testCases.TC001_WF1_EveryTime_Rec_Save - Phone Number Pass
16:55:32.616 [main] INFO  testCases.TC001_WF1_EveryTime_Rec_Save - Email Passed : Actual Value is: sudhakar@rsoft.inExpected Value is: sudhakar@rsoft.in
16:55:33.897 [main] INFO  testCases.TC001_WF1_EveryTime_Rec_Save - Email Pass
16:55:33.897 [main] INFO  testCases.TC001_WF1_EveryTime_Rec_Save - Piclist Value Passed : Actual Value is: Very goodExpected Value is: Very good
16:55:35.134 [main] INFO  testCases.TC001_WF1_EveryTime_Rec_Save - Piclist Value Pass
16:55:40.743 [main] INFO  testCases.TC001_WF1_EveryTime_Rec_Save - Module Name Passed : Actual Value is: CRMEditFieldModuleExpected Value is: CRMEditFieldModule
16:55:42.059 [main] INFO  testCases.TC001_WF1_EveryTime_Rec_Save - Module Name Pass
16:55:42.529 [main] INFO  testCases.TC001_WF1_EveryTime_Rec_Save - Module Name Passed : Actual Value is: CRMEditFieldModuleExpected Value is: CRMEditFieldModule
16:55:43.820 [main] INFO  testCases.TC001_WF1_EveryTime_Rec_Save - Module Name Pass
16:55:43.821 [main] INFO  testCases.TC001_WF1_EveryTime_Rec_Save - Phone Number Passed : Actual Value is: +91 1234567890Expected Value is: +91 1234567890
16:55:45.079 [main] INFO  testCases.TC001_WF1_EveryTime_Rec_Save - Phone Number Pass
16:55:45.079 [main] INFO  testCases.TC001_WF1_EveryTime_Rec_Save - Email Passed : Actual Value is: sudhakar@rsoft.inExpected Value is: sudhakar@rsoft.in
16:55:46.311 [main] INFO  testCases.TC001_WF1_EveryTime_Rec_Save - Email Pass
16:55:46.311 [main] INFO  testCases.TC001_WF1_EveryTime_Rec_Save - Piclist Value Passed : Actual Value is: Very goodExpected Value is: Very good
16:55:47.577 [main] INFO  testCases.TC001_WF1_EveryTime_Rec_Save - Piclist Value Pass
16:55:53.442 [main] INFO  testCases.TC001_WF1_EveryTime_Rec_Save - Summary Phone Number Passed : Actual Value is: +91 1234567890Expected Value is: +91 1234567890
16:55:54.649 [main] INFO  testCases.TC001_WF1_EveryTime_Rec_Save - Summary Phone Number Pass
16:55:54.650 [main] INFO  testCases.TC001_WF1_EveryTime_Rec_Save - Summary Number Field Passed : Actual Value is: 12431234234Expected Value is: 12431234234
16:55:55.887 [main] INFO  testCases.TC001_WF1_EveryTime_Rec_Save - Summary Number Field Pass
16:55:55.888 [main] INFO  testCases.TC001_WF1_EveryTime_Rec_Save - Summary Email Passed : Actual Value is: sudhakar@rsoft.inExpected Value is: sudhakar@rsoft.in
16:55:57.130 [main] INFO  testCases.TC001_WF1_EveryTime_Rec_Save - Summary Email Pass
16:55:57.131 [main] INFO  testCases.TC001_WF1_EveryTime_Rec_Save - Summary Picklist Item Passed : Actual Value is: Very goodExpected Value is: Very good
16:55:58.410 [main] INFO  testCases.TC001_WF1_EveryTime_Rec_Save - Summary Picklist Item Pass
16:55:58.410 [main] INFO  testCases.TC001_WF1_EveryTime_Rec_Save - Summary Enter Your Number Passed : Actual Value is: 4123412341Expected Value is: 4123412341
16:55:59.682 [main] INFO  testCases.TC001_WF1_EveryTime_Rec_Save - Summary Enter Your Number Pass
16:56:05.268 [main] INFO  testCases.TC001_WF1_EveryTime_Rec_Save - Detail View Assigned To Failed : Actual Value is: Madhan MohanExpected Value is: Sudhakar VE
16:56:06.536 [main] INFO  testCases.TC001_WF1_EveryTime_Rec_Save - Detail View Assigned To fail
16:56:06.537 [main] INFO  testCases.TC001_WF1_EveryTime_Rec_Save - Detail View Phone Numer Passed : Actual Value is: +91 1234567890Expected Value is: +91 1234567890
16:56:07.792 [main] INFO  testCases.TC001_WF1_EveryTime_Rec_Save - Detail View Phone Numer Pass
16:56:07.792 [main] INFO  testCases.TC001_WF1_EveryTime_Rec_Save - Detail View Email Passed : Actual Value is: sudhakar@rsoft.inExpected Value is: sudhakar@rsoft.in
16:56:09.024 [main] INFO  testCases.TC001_WF1_EveryTime_Rec_Save - Detail View Email Pass
16:56:09.024 [main] INFO  testCases.TC001_WF1_EveryTime_Rec_Save - Detail View Menu Item Passed : Actual Value is: Very goodExpected Value is: Very good
16:56:10.333 [main] INFO  testCases.TC001_WF1_EveryTime_Rec_Save - Detail View Menu Item Pass
16:56:10.333 [main] INFO  testCases.TC001_WF1_EveryTime_Rec_Save - Detail View Enter Your Number Passed : Actual Value is: 4123412341Expected Value is: 4123412341
16:56:11.587 [main] INFO  testCases.TC001_WF1_EveryTime_Rec_Save - Detail View Enter Your Number Pass
16:56:11.741 [main] INFO  testCases.TC001_WF1_EveryTime_Rec_Save - Module Name Passed : Actual Value is: CRMEditFieldModuleExpected Value is: CRMEditFieldModule
16:56:13.006 [main] INFO  testCases.TC001_WF1_EveryTime_Rec_Save - Module Name Pass
16:56:13.458 [main] INFO  testCases.TC001_WF1_EveryTime_Rec_Save - Module Name Passed : Actual Value is: CRMEditFieldModuleExpected Value is: CRMEditFieldModule
16:56:14.761 [main] INFO  testCases.TC001_WF1_EveryTime_Rec_Save - Module Name Pass
16:56:14.761 [main] INFO  testCases.TC001_WF1_EveryTime_Rec_Save - Phone Number Passed : Actual Value is: +91 1234567890Expected Value is: +91 1234567890
16:56:16.012 [main] INFO  testCases.TC001_WF1_EveryTime_Rec_Save - Phone Number Pass
16:56:16.012 [main] INFO  testCases.TC001_WF1_EveryTime_Rec_Save - Email Passed : Actual Value is: sudhakar@rsoft.inExpected Value is: sudhakar@rsoft.in
16:56:17.238 [main] INFO  testCases.TC001_WF1_EveryTime_Rec_Save - Email Pass
16:56:17.239 [main] INFO  testCases.TC001_WF1_EveryTime_Rec_Save - Piclist Value Passed : Actual Value is: Very goodExpected Value is: Very good
16:56:18.496 [main] INFO  testCases.TC001_WF1_EveryTime_Rec_Save - Piclist Value Pass
16:56:23.028 [main] INFO  testCases.TC001_WF1_EveryTime_Rec_Save - PRIYAN entered in  input
16:56:23.378 [main] INFO  testCases.TC001_WF1_EveryTime_Rec_Save - rsoft entered in  input
16:56:23.789 [main] INFO  testCases.TC001_WF1_EveryTime_Rec_Save - RSoft!@345 entered in  input
16:59:02.101 [main] INFO  testCases.TC001_WF1_EveryTime_Rec_Save - ******starting WF1_EveryTime_Rec_Save ****
16:59:02.109 [main] INFO  testCases.TC001_WF1_EveryTime_Rec_Save - Test Execution on Browser: chrome
16:59:02.112 [main] INFO  testCases.TC001_WF1_EveryTime_Rec_Save - Excel file Utility instance created
16:59:03.269 [main] INFO  testCases.TC001_WF1_EveryTime_Rec_Save - Row Count is: 1
16:59:03.349 [main] INFO  testCases.TC001_WF1_EveryTime_Rec_Save - Col Count is: 8
16:59:03.350 [main] INFO  testCases.TC001_WF1_EveryTime_Rec_Save - Extracting DataSheet Values started...
16:59:07.261 [main] INFO  testCases.TC001_WF1_EveryTime_Rec_Save - PRIYAN entered in  input
16:59:07.725 [main] INFO  testCases.TC001_WF1_EveryTime_Rec_Save - rsoft entered in  input
16:59:08.180 [main] INFO  testCases.TC001_WF1_EveryTime_Rec_Save - RSoft!@345 entered in  input
16:59:28.913 [main] INFO  testCases.TC001_WF1_EveryTime_Rec_Save - Home Page Displayed after Login Pass
16:59:38.435 [main] INFO  testCases.TC001_WF1_EveryTime_Rec_Save - [CRMEditFieldModule] is selected in List
16:59:44.168 [main] INFO  testCases.TC001_WF1_EveryTime_Rec_Save - 1234567890 entered in  input
16:59:44.662 [main] INFO  testCases.TC001_WF1_EveryTime_Rec_Save - 12431234234 entered in  input
16:59:46.360 [main] INFO  testCases.TC001_WF1_EveryTime_Rec_Save - sudhakar@rsoft.in entered in  input
16:59:47.882 [main] INFO  testCases.TC001_WF1_EveryTime_Rec_Save - 4123412341 entered in  input
16:59:55.703 [main] INFO  testCases.TC001_WF1_EveryTime_Rec_Save - [Very good] is selected in List
17:01:04.341 [main] INFO  testCases.TC001_WF1_EveryTime_Rec_Save - Module Name Passed : Actual Value is: CRMEditFieldModuleExpected Value is: CRMEditFieldModule
17:01:05.595 [main] INFO  testCases.TC001_WF1_EveryTime_Rec_Save - Module Name Pass
17:01:06.101 [main] INFO  testCases.TC001_WF1_EveryTime_Rec_Save - Module Name Passed : Actual Value is: CRMEditFieldModuleExpected Value is: CRMEditFieldModule
17:01:07.372 [main] INFO  testCases.TC001_WF1_EveryTime_Rec_Save - Module Name Pass
17:01:07.372 [main] INFO  testCases.TC001_WF1_EveryTime_Rec_Save - Phone Number Passed : Actual Value is: +91 1234567890Expected Value is: +91 1234567890
17:01:08.642 [main] INFO  testCases.TC001_WF1_EveryTime_Rec_Save - Phone Number Pass
17:01:08.642 [main] INFO  testCases.TC001_WF1_EveryTime_Rec_Save - Email Passed : Actual Value is: sudhakar@rsoft.inExpected Value is: sudhakar@rsoft.in
17:01:09.904 [main] INFO  testCases.TC001_WF1_EveryTime_Rec_Save - Email Pass
17:01:09.904 [main] INFO  testCases.TC001_WF1_EveryTime_Rec_Save - Piclist Value Passed : Actual Value is: Very goodExpected Value is: Very good
17:01:11.162 [main] INFO  testCases.TC001_WF1_EveryTime_Rec_Save - Piclist Value Pass
17:01:17.034 [main] INFO  testCases.TC001_WF1_EveryTime_Rec_Save - Summary Phone Number Passed : Actual Value is: +91 1234567890Expected Value is: +91 1234567890
17:01:18.298 [main] INFO  testCases.TC001_WF1_EveryTime_Rec_Save - Summary Phone Number Pass
17:01:18.299 [main] INFO  testCases.TC001_WF1_EveryTime_Rec_Save - Summary Number Field Passed : Actual Value is: 12431234234Expected Value is: 12431234234
17:01:19.535 [main] INFO  testCases.TC001_WF1_EveryTime_Rec_Save - Summary Number Field Pass
17:01:19.535 [main] INFO  testCases.TC001_WF1_EveryTime_Rec_Save - Summary Email Passed : Actual Value is: sudhakar@rsoft.inExpected Value is: sudhakar@rsoft.in
17:01:20.819 [main] INFO  testCases.TC001_WF1_EveryTime_Rec_Save - Summary Email Pass
17:01:20.819 [main] INFO  testCases.TC001_WF1_EveryTime_Rec_Save - Summary Picklist Item Passed : Actual Value is: Very goodExpected Value is: Very good
17:01:22.072 [main] INFO  testCases.TC001_WF1_EveryTime_Rec_Save - Summary Picklist Item Pass
17:01:22.072 [main] INFO  testCases.TC001_WF1_EveryTime_Rec_Save - Summary Enter Your Number Passed : Actual Value is: 4123412341Expected Value is: 4123412341
17:01:23.289 [main] INFO  testCases.TC001_WF1_EveryTime_Rec_Save - Summary Enter Your Number Pass
17:01:28.895 [main] INFO  testCases.TC001_WF1_EveryTime_Rec_Save - Detail View Assigned To Failed : Actual Value is: Rsoft ITExpected Value is: Sudhakar VE
17:01:30.155 [main] INFO  testCases.TC001_WF1_EveryTime_Rec_Save - Detail View Assigned To fail
17:01:30.168 [main] INFO  testCases.TC001_WF1_EveryTime_Rec_Save - Detail View Phone Numer Passed : Actual Value is: +91 1234567890Expected Value is: +91 1234567890
17:01:31.421 [main] INFO  testCases.TC001_WF1_EveryTime_Rec_Save - Detail View Phone Numer Pass
17:01:31.421 [main] INFO  testCases.TC001_WF1_EveryTime_Rec_Save - Detail View Email Passed : Actual Value is: sudhakar@rsoft.inExpected Value is: sudhakar@rsoft.in
17:01:32.661 [main] INFO  testCases.TC001_WF1_EveryTime_Rec_Save - Detail View Email Pass
17:01:32.661 [main] INFO  testCases.TC001_WF1_EveryTime_Rec_Save - Detail View Menu Item Passed : Actual Value is: Very goodExpected Value is: Very good
17:01:33.904 [main] INFO  testCases.TC001_WF1_EveryTime_Rec_Save - Detail View Menu Item Pass
17:01:33.904 [main] INFO  testCases.TC001_WF1_EveryTime_Rec_Save - Detail View Enter Your Number Passed : Actual Value is: 4123412341Expected Value is: 4123412341
17:01:35.131 [main] INFO  testCases.TC001_WF1_EveryTime_Rec_Save - Detail View Enter Your Number Pass
17:01:35.295 [main] INFO  testCases.TC001_WF1_EveryTime_Rec_Save - Module Name Passed : Actual Value is: CRMEditFieldModuleExpected Value is: CRMEditFieldModule
17:01:36.525 [main] INFO  testCases.TC001_WF1_EveryTime_Rec_Save - Module Name Pass
17:01:36.972 [main] INFO  testCases.TC001_WF1_EveryTime_Rec_Save - Module Name Passed : Actual Value is: CRMEditFieldModuleExpected Value is: CRMEditFieldModule
17:01:38.215 [main] INFO  testCases.TC001_WF1_EveryTime_Rec_Save - Module Name Pass
17:01:38.215 [main] INFO  testCases.TC001_WF1_EveryTime_Rec_Save - Phone Number Passed : Actual Value is: +91 1234567890Expected Value is: +91 1234567890
17:01:39.480 [main] INFO  testCases.TC001_WF1_EveryTime_Rec_Save - Phone Number Pass
17:01:39.481 [main] INFO  testCases.TC001_WF1_EveryTime_Rec_Save - Email Passed : Actual Value is: sudhakar@rsoft.inExpected Value is: sudhakar@rsoft.in
17:01:40.713 [main] INFO  testCases.TC001_WF1_EveryTime_Rec_Save - Email Pass
17:01:40.714 [main] INFO  testCases.TC001_WF1_EveryTime_Rec_Save - Piclist Value Passed : Actual Value is: Very goodExpected Value is: Very good
17:01:41.999 [main] INFO  testCases.TC001_WF1_EveryTime_Rec_Save - Piclist Value Pass
17:01:47.709 [main] INFO  testCases.TC001_WF1_EveryTime_Rec_Save - Module Name Passed : Actual Value is: CRMEditFieldModuleExpected Value is: CRMEditFieldModule
17:01:48.965 [main] INFO  testCases.TC001_WF1_EveryTime_Rec_Save - Module Name Pass
17:01:49.429 [main] INFO  testCases.TC001_WF1_EveryTime_Rec_Save - Module Name Passed : Actual Value is: CRMEditFieldModuleExpected Value is: CRMEditFieldModule
17:01:50.706 [main] INFO  testCases.TC001_WF1_EveryTime_Rec_Save - Module Name Pass
17:01:50.706 [main] INFO  testCases.TC001_WF1_EveryTime_Rec_Save - Phone Number Passed : Actual Value is: +91 1234567890Expected Value is: +91 1234567890
17:01:51.956 [main] INFO  testCases.TC001_WF1_EveryTime_Rec_Save - Phone Number Pass
17:01:51.956 [main] INFO  testCases.TC001_WF1_EveryTime_Rec_Save - Email Passed : Actual Value is: sudhakar@rsoft.inExpected Value is: sudhakar@rsoft.in
17:01:53.222 [main] INFO  testCases.TC001_WF1_EveryTime_Rec_Save - Email Pass
17:01:53.223 [main] INFO  testCases.TC001_WF1_EveryTime_Rec_Save - Piclist Value Passed : Actual Value is: Very goodExpected Value is: Very good
17:01:54.444 [main] INFO  testCases.TC001_WF1_EveryTime_Rec_Save - Piclist Value Pass
17:02:00.371 [main] INFO  testCases.TC001_WF1_EveryTime_Rec_Save - Summary Phone Number Passed : Actual Value is: +91 1234567890Expected Value is: +91 1234567890
17:02:01.619 [main] INFO  testCases.TC001_WF1_EveryTime_Rec_Save - Summary Phone Number Pass
17:02:01.619 [main] INFO  testCases.TC001_WF1_EveryTime_Rec_Save - Summary Number Field Passed : Actual Value is: 12431234234Expected Value is: 12431234234
17:02:02.871 [main] INFO  testCases.TC001_WF1_EveryTime_Rec_Save - Summary Number Field Pass
17:02:02.871 [main] INFO  testCases.TC001_WF1_EveryTime_Rec_Save - Summary Email Passed : Actual Value is: sudhakar@rsoft.inExpected Value is: sudhakar@rsoft.in
17:02:04.139 [main] INFO  testCases.TC001_WF1_EveryTime_Rec_Save - Summary Email Pass
17:02:04.139 [main] INFO  testCases.TC001_WF1_EveryTime_Rec_Save - Summary Picklist Item Passed : Actual Value is: Very goodExpected Value is: Very good
17:02:05.411 [main] INFO  testCases.TC001_WF1_EveryTime_Rec_Save - Summary Picklist Item Pass
17:02:05.412 [main] INFO  testCases.TC001_WF1_EveryTime_Rec_Save - Summary Enter Your Number Passed : Actual Value is: 4123412341Expected Value is: 4123412341
17:02:06.680 [main] INFO  testCases.TC001_WF1_EveryTime_Rec_Save - Summary Enter Your Number Pass
17:02:12.282 [main] INFO  testCases.TC001_WF1_EveryTime_Rec_Save - Detail View Assigned To Failed : Actual Value is: Rsoft ITExpected Value is: Sudhakar VE
17:02:13.543 [main] INFO  testCases.TC001_WF1_EveryTime_Rec_Save - Detail View Assigned To fail
17:02:13.543 [main] INFO  testCases.TC001_WF1_EveryTime_Rec_Save - Detail View Phone Numer Passed : Actual Value is: +91 1234567890Expected Value is: +91 1234567890
17:02:14.816 [main] INFO  testCases.TC001_WF1_EveryTime_Rec_Save - Detail View Phone Numer Pass
17:02:14.816 [main] INFO  testCases.TC001_WF1_EveryTime_Rec_Save - Detail View Email Passed : Actual Value is: sudhakar@rsoft.inExpected Value is: sudhakar@rsoft.in
17:02:16.070 [main] INFO  testCases.TC001_WF1_EveryTime_Rec_Save - Detail View Email Pass
17:02:16.070 [main] INFO  testCases.TC001_WF1_EveryTime_Rec_Save - Detail View Menu Item Passed : Actual Value is: Very goodExpected Value is: Very good
17:02:17.323 [main] INFO  testCases.TC001_WF1_EveryTime_Rec_Save - Detail View Menu Item Pass
17:02:17.324 [main] INFO  testCases.TC001_WF1_EveryTime_Rec_Save - Detail View Enter Your Number Passed : Actual Value is: 4123412341Expected Value is: 4123412341
17:02:18.573 [main] INFO  testCases.TC001_WF1_EveryTime_Rec_Save - Detail View Enter Your Number Pass
17:02:18.737 [main] INFO  testCases.TC001_WF1_EveryTime_Rec_Save - Module Name Passed : Actual Value is: CRMEditFieldModuleExpected Value is: CRMEditFieldModule
17:02:19.984 [main] INFO  testCases.TC001_WF1_EveryTime_Rec_Save - Module Name Pass
17:02:20.441 [main] INFO  testCases.TC001_WF1_EveryTime_Rec_Save - Module Name Passed : Actual Value is: CRMEditFieldModuleExpected Value is: CRMEditFieldModule
17:02:21.667 [main] INFO  testCases.TC001_WF1_EveryTime_Rec_Save - Module Name Pass
17:02:21.667 [main] INFO  testCases.TC001_WF1_EveryTime_Rec_Save - Phone Number Passed : Actual Value is: +91 1234567890Expected Value is: +91 1234567890
17:02:22.918 [main] INFO  testCases.TC001_WF1_EveryTime_Rec_Save - Phone Number Pass
17:02:22.918 [main] INFO  testCases.TC001_WF1_EveryTime_Rec_Save - Email Passed : Actual Value is: sudhakar@rsoft.inExpected Value is: sudhakar@rsoft.in
17:02:24.191 [main] INFO  testCases.TC001_WF1_EveryTime_Rec_Save - Email Pass
17:02:24.191 [main] INFO  testCases.TC001_WF1_EveryTime_Rec_Save - Piclist Value Passed : Actual Value is: Very goodExpected Value is: Very good
17:02:25.464 [main] INFO  testCases.TC001_WF1_EveryTime_Rec_Save - Piclist Value Pass
17:02:29.929 [main] INFO  testCases.TC001_WF1_EveryTime_Rec_Save - PRIYAN entered in  input
17:02:30.337 [main] INFO  testCases.TC001_WF1_EveryTime_Rec_Save - Madhan entered in  input
17:02:30.774 [main] INFO  testCases.TC001_WF1_EveryTime_Rec_Save - Automation@123 entered in  input
17:02:56.994 [main] INFO  testCases.TC001_WF1_EveryTime_Rec_Save - Module Name Passed : Actual Value is: CRMEditFieldModuleExpected Value is: CRMEditFieldModule
17:02:58.299 [main] INFO  testCases.TC001_WF1_EveryTime_Rec_Save - Module Name Pass
17:02:58.753 [main] INFO  testCases.TC001_WF1_EveryTime_Rec_Save - Module Name Passed : Actual Value is: CRMEditFieldModuleExpected Value is: CRMEditFieldModule
17:02:59.969 [main] INFO  testCases.TC001_WF1_EveryTime_Rec_Save - Module Name Pass
17:02:59.969 [main] INFO  testCases.TC001_WF1_EveryTime_Rec_Save - Phone Number Passed : Actual Value is: +91 1234567890Expected Value is: +91 1234567890
17:03:01.227 [main] INFO  testCases.TC001_WF1_EveryTime_Rec_Save - Phone Number Pass
17:03:01.228 [main] INFO  testCases.TC001_WF1_EveryTime_Rec_Save - Email Passed : Actual Value is: sudhakar@rsoft.inExpected Value is: sudhakar@rsoft.in
17:03:02.475 [main] INFO  testCases.TC001_WF1_EveryTime_Rec_Save - Email Pass
17:03:02.475 [main] INFO  testCases.TC001_WF1_EveryTime_Rec_Save - Piclist Value Passed : Actual Value is: Very goodExpected Value is: Very good
17:03:03.777 [main] INFO  testCases.TC001_WF1_EveryTime_Rec_Save - Piclist Value Pass
17:03:09.829 [main] INFO  testCases.TC001_WF1_EveryTime_Rec_Save - Summary Phone Number Passed : Actual Value is: +91 1234567890Expected Value is: +91 1234567890
17:03:11.068 [main] INFO  testCases.TC001_WF1_EveryTime_Rec_Save - Summary Phone Number Pass
17:03:11.068 [main] INFO  testCases.TC001_WF1_EveryTime_Rec_Save - Summary Number Field Passed : Actual Value is: 12431234234Expected Value is: 12431234234
17:03:12.337 [main] INFO  testCases.TC001_WF1_EveryTime_Rec_Save - Summary Number Field Pass
17:03:12.338 [main] INFO  testCases.TC001_WF1_EveryTime_Rec_Save - Summary Email Passed : Actual Value is: sudhakar@rsoft.inExpected Value is: sudhakar@rsoft.in
17:03:13.560 [main] INFO  testCases.TC001_WF1_EveryTime_Rec_Save - Summary Email Pass
17:03:13.560 [main] INFO  testCases.TC001_WF1_EveryTime_Rec_Save - Summary Picklist Item Passed : Actual Value is: Very goodExpected Value is: Very good
17:03:14.783 [main] INFO  testCases.TC001_WF1_EveryTime_Rec_Save - Summary Picklist Item Pass
17:03:14.783 [main] INFO  testCases.TC001_WF1_EveryTime_Rec_Save - Summary Enter Your Number Passed : Actual Value is: 4123412341Expected Value is: 4123412341
17:03:16.043 [main] INFO  testCases.TC001_WF1_EveryTime_Rec_Save - Summary Enter Your Number Pass
17:03:21.675 [main] INFO  testCases.TC001_WF1_EveryTime_Rec_Save - Detail View Assigned To Failed : Actual Value is: Rsoft ITExpected Value is: Sudhakar VE
17:03:22.901 [main] INFO  testCases.TC001_WF1_EveryTime_Rec_Save - Detail View Assigned To fail
17:03:22.901 [main] INFO  testCases.TC001_WF1_EveryTime_Rec_Save - Detail View Phone Numer Passed : Actual Value is: +91 1234567890Expected Value is: +91 1234567890
17:03:24.149 [main] INFO  testCases.TC001_WF1_EveryTime_Rec_Save - Detail View Phone Numer Pass
17:03:24.150 [main] INFO  testCases.TC001_WF1_EveryTime_Rec_Save - Detail View Email Passed : Actual Value is: sudhakar@rsoft.inExpected Value is: sudhakar@rsoft.in
17:03:25.369 [main] INFO  testCases.TC001_WF1_EveryTime_Rec_Save - Detail View Email Pass
17:03:25.370 [main] INFO  testCases.TC001_WF1_EveryTime_Rec_Save - Detail View Menu Item Passed : Actual Value is: Very goodExpected Value is: Very good
17:03:26.608 [main] INFO  testCases.TC001_WF1_EveryTime_Rec_Save - Detail View Menu Item Pass
17:03:26.608 [main] INFO  testCases.TC001_WF1_EveryTime_Rec_Save - Detail View Enter Your Number Passed : Actual Value is: 4123412341Expected Value is: 4123412341
17:03:27.876 [main] INFO  testCases.TC001_WF1_EveryTime_Rec_Save - Detail View Enter Your Number Pass
17:03:28.040 [main] INFO  testCases.TC001_WF1_EveryTime_Rec_Save - Module Name Passed : Actual Value is: CRMEditFieldModuleExpected Value is: CRMEditFieldModule
17:03:29.336 [main] INFO  testCases.TC001_WF1_EveryTime_Rec_Save - Module Name Pass
17:03:29.765 [main] INFO  testCases.TC001_WF1_EveryTime_Rec_Save - Module Name Passed : Actual Value is: CRMEditFieldModuleExpected Value is: CRMEditFieldModule
17:03:31.075 [main] INFO  testCases.TC001_WF1_EveryTime_Rec_Save - Module Name Pass
17:03:31.075 [main] INFO  testCases.TC001_WF1_EveryTime_Rec_Save - Phone Number Passed : Actual Value is: +91 1234567890Expected Value is: +91 1234567890
17:03:32.344 [main] INFO  testCases.TC001_WF1_EveryTime_Rec_Save - Phone Number Pass
17:03:32.344 [main] INFO  testCases.TC001_WF1_EveryTime_Rec_Save - Email Passed : Actual Value is: sudhakar@rsoft.inExpected Value is: sudhakar@rsoft.in
17:03:33.581 [main] INFO  testCases.TC001_WF1_EveryTime_Rec_Save - Email Pass
17:03:33.581 [main] INFO  testCases.TC001_WF1_EveryTime_Rec_Save - Piclist Value Passed : Actual Value is: Very goodExpected Value is: Very good
17:03:34.805 [main] INFO  testCases.TC001_WF1_EveryTime_Rec_Save - Piclist Value Pass
17:14:10.895 [main] INFO  testCases.TC001_WF1_EveryTime_Rec_Save - ******starting WF1_EveryTime_Rec_Save ****
17:14:10.901 [main] INFO  testCases.TC001_WF1_EveryTime_Rec_Save - Test Execution on Browser: chrome
17:14:10.905 [main] INFO  testCases.TC001_WF1_EveryTime_Rec_Save - Excel file Utility instance created
17:14:12.007 [main] INFO  testCases.TC001_WF1_EveryTime_Rec_Save - Row Count is: 1
17:14:12.068 [main] INFO  testCases.TC001_WF1_EveryTime_Rec_Save - Col Count is: 8
17:14:12.069 [main] INFO  testCases.TC001_WF1_EveryTime_Rec_Save - Extracting DataSheet Values started...
17:14:15.721 [main] INFO  testCases.TC001_WF1_EveryTime_Rec_Save - PRIYAN entered in  input
17:14:16.130 [main] INFO  testCases.TC001_WF1_EveryTime_Rec_Save - rsoft entered in  input
17:14:16.572 [main] INFO  testCases.TC001_WF1_EveryTime_Rec_Save - RSoft!@345 entered in  input
17:14:38.129 [main] INFO  testCases.TC001_WF1_EveryTime_Rec_Save - Home Page Displayed after Login Pass
17:14:47.782 [main] INFO  testCases.TC001_WF1_EveryTime_Rec_Save - [CRMEditFieldModule] is selected in List
17:14:53.408 [main] INFO  testCases.TC001_WF1_EveryTime_Rec_Save - 1234567890 entered in  input
17:14:53.920 [main] INFO  testCases.TC001_WF1_EveryTime_Rec_Save - 12431234234 entered in  input
17:14:55.690 [main] INFO  testCases.TC001_WF1_EveryTime_Rec_Save - sudhakar@rsoft.in entered in  input
17:14:57.248 [main] INFO  testCases.TC001_WF1_EveryTime_Rec_Save - 4123412341 entered in  input
17:15:05.141 [main] INFO  testCases.TC001_WF1_EveryTime_Rec_Save - [Very good] is selected in List
17:16:10.575 [main] INFO  testCases.TC001_WF1_EveryTime_Rec_Save - Module Name Passed : Actual Value is: CRMEditFieldModuleExpected Value is: CRMEditFieldModule
17:16:11.819 [main] INFO  testCases.TC001_WF1_EveryTime_Rec_Save - Module Name Pass
17:16:12.301 [main] INFO  testCases.TC001_WF1_EveryTime_Rec_Save - Module Name Passed : Actual Value is: CRMEditFieldModuleExpected Value is: CRMEditFieldModule
17:16:13.551 [main] INFO  testCases.TC001_WF1_EveryTime_Rec_Save - Module Name Pass
17:16:13.551 [main] INFO  testCases.TC001_WF1_EveryTime_Rec_Save - Phone Number Passed : Actual Value is: +91 1234567890Expected Value is: +91 1234567890
17:16:14.810 [main] INFO  testCases.TC001_WF1_EveryTime_Rec_Save - Phone Number Pass
17:16:14.811 [main] INFO  testCases.TC001_WF1_EveryTime_Rec_Save - Email Passed : Actual Value is: sudhakar@rsoft.inExpected Value is: sudhakar@rsoft.in
17:16:16.070 [main] INFO  testCases.TC001_WF1_EveryTime_Rec_Save - Email Pass
17:16:16.070 [main] INFO  testCases.TC001_WF1_EveryTime_Rec_Save - Piclist Value Passed : Actual Value is: Very goodExpected Value is: Very good
17:16:17.364 [main] INFO  testCases.TC001_WF1_EveryTime_Rec_Save - Piclist Value Pass
17:16:23.417 [main] INFO  testCases.TC001_WF1_EveryTime_Rec_Save - Summary Phone Number Passed : Actual Value is: +91 1234567890Expected Value is: +91 1234567890
17:16:24.716 [main] INFO  testCases.TC001_WF1_EveryTime_Rec_Save - Summary Phone Number Pass
17:16:24.716 [main] INFO  testCases.TC001_WF1_EveryTime_Rec_Save - Summary Number Field Passed : Actual Value is: 12431234234Expected Value is: 12431234234
17:16:25.958 [main] INFO  testCases.TC001_WF1_EveryTime_Rec_Save - Summary Number Field Pass
17:16:25.959 [main] INFO  testCases.TC001_WF1_EveryTime_Rec_Save - Summary Email Passed : Actual Value is: sudhakar@rsoft.inExpected Value is: sudhakar@rsoft.in
17:16:27.297 [main] INFO  testCases.TC001_WF1_EveryTime_Rec_Save - Summary Email Pass
17:16:27.297 [main] INFO  testCases.TC001_WF1_EveryTime_Rec_Save - Summary Picklist Item Passed : Actual Value is: Very goodExpected Value is: Very good
17:16:28.626 [main] INFO  testCases.TC001_WF1_EveryTime_Rec_Save - Summary Picklist Item Pass
17:16:28.627 [main] INFO  testCases.TC001_WF1_EveryTime_Rec_Save - Summary Enter Your Number Passed : Actual Value is: 4123412341Expected Value is: 4123412341
17:16:29.884 [main] INFO  testCases.TC001_WF1_EveryTime_Rec_Save - Summary Enter Your Number Pass
17:16:35.545 [main] INFO  testCases.TC001_WF1_EveryTime_Rec_Save - Detail View Assigned To Failed : Actual Value is: Rsoft ITExpected Value is: Sudhakar VE
17:16:36.806 [main] INFO  testCases.TC001_WF1_EveryTime_Rec_Save - Detail View Assigned To fail
17:16:36.822 [main] INFO  testCases.TC001_WF1_EveryTime_Rec_Save - Detail View Phone Numer Passed : Actual Value is: +91 1234567890Expected Value is: +91 1234567890
17:16:38.070 [main] INFO  testCases.TC001_WF1_EveryTime_Rec_Save - Detail View Phone Numer Pass
17:16:38.070 [main] INFO  testCases.TC001_WF1_EveryTime_Rec_Save - Detail View Email Passed : Actual Value is: sudhakar@rsoft.inExpected Value is: sudhakar@rsoft.in
17:16:39.328 [main] INFO  testCases.TC001_WF1_EveryTime_Rec_Save - Detail View Email Pass
17:16:39.329 [main] INFO  testCases.TC001_WF1_EveryTime_Rec_Save - Detail View Menu Item Passed : Actual Value is: Very goodExpected Value is: Very good
17:16:40.564 [main] INFO  testCases.TC001_WF1_EveryTime_Rec_Save - Detail View Menu Item Pass
17:16:40.564 [main] INFO  testCases.TC001_WF1_EveryTime_Rec_Save - Detail View Enter Your Number Passed : Actual Value is: 4123412341Expected Value is: 4123412341
17:16:41.817 [main] INFO  testCases.TC001_WF1_EveryTime_Rec_Save - Detail View Enter Your Number Pass
17:16:41.978 [main] INFO  testCases.TC001_WF1_EveryTime_Rec_Save - Module Name Passed : Actual Value is: CRMEditFieldModuleExpected Value is: CRMEditFieldModule
17:16:43.261 [main] INFO  testCases.TC001_WF1_EveryTime_Rec_Save - Module Name Pass
17:16:43.742 [main] INFO  testCases.TC001_WF1_EveryTime_Rec_Save - Module Name Passed : Actual Value is: CRMEditFieldModuleExpected Value is: CRMEditFieldModule
17:16:45.012 [main] INFO  testCases.TC001_WF1_EveryTime_Rec_Save - Module Name Pass
17:16:45.013 [main] INFO  testCases.TC001_WF1_EveryTime_Rec_Save - Phone Number Passed : Actual Value is: +91 1234567890Expected Value is: +91 1234567890
17:16:46.279 [main] INFO  testCases.TC001_WF1_EveryTime_Rec_Save - Phone Number Pass
17:16:46.279 [main] INFO  testCases.TC001_WF1_EveryTime_Rec_Save - Email Passed : Actual Value is: sudhakar@rsoft.inExpected Value is: sudhakar@rsoft.in
17:16:47.526 [main] INFO  testCases.TC001_WF1_EveryTime_Rec_Save - Email Pass
17:16:47.527 [main] INFO  testCases.TC001_WF1_EveryTime_Rec_Save - Piclist Value Passed : Actual Value is: Very goodExpected Value is: Very good
17:16:48.792 [main] INFO  testCases.TC001_WF1_EveryTime_Rec_Save - Piclist Value Pass
17:16:55.530 [main] INFO  testCases.TC001_WF1_EveryTime_Rec_Save - Module Name Passed : Actual Value is: CRMEditFieldModuleExpected Value is: CRMEditFieldModule
17:16:56.784 [main] INFO  testCases.TC001_WF1_EveryTime_Rec_Save - Module Name Pass
17:16:57.270 [main] INFO  testCases.TC001_WF1_EveryTime_Rec_Save - Module Name Passed : Actual Value is: CRMEditFieldModuleExpected Value is: CRMEditFieldModule
17:16:58.534 [main] INFO  testCases.TC001_WF1_EveryTime_Rec_Save - Module Name Pass
17:16:58.534 [main] INFO  testCases.TC001_WF1_EveryTime_Rec_Save - Phone Number Passed : Actual Value is: +91 1234567890Expected Value is: +91 1234567890
17:16:59.787 [main] INFO  testCases.TC001_WF1_EveryTime_Rec_Save - Phone Number Pass
17:16:59.787 [main] INFO  testCases.TC001_WF1_EveryTime_Rec_Save - Email Passed : Actual Value is: sudhakar@rsoft.inExpected Value is: sudhakar@rsoft.in
17:17:01.048 [main] INFO  testCases.TC001_WF1_EveryTime_Rec_Save - Email Pass
17:17:01.050 [main] INFO  testCases.TC001_WF1_EveryTime_Rec_Save - Piclist Value Passed : Actual Value is: Very goodExpected Value is: Very good
17:17:02.311 [main] INFO  testCases.TC001_WF1_EveryTime_Rec_Save - Piclist Value Pass
17:17:09.783 [main] INFO  testCases.TC001_WF1_EveryTime_Rec_Save - Summary Phone Number Passed : Actual Value is: +91 1234567890Expected Value is: +91 1234567890
17:17:11.040 [main] INFO  testCases.TC001_WF1_EveryTime_Rec_Save - Summary Phone Number Pass
17:17:11.040 [main] INFO  testCases.TC001_WF1_EveryTime_Rec_Save - Summary Number Field Passed : Actual Value is: 12431234234Expected Value is: 12431234234
17:17:12.279 [main] INFO  testCases.TC001_WF1_EveryTime_Rec_Save - Summary Number Field Pass
17:17:12.280 [main] INFO  testCases.TC001_WF1_EveryTime_Rec_Save - Summary Email Passed : Actual Value is: sudhakar@rsoft.inExpected Value is: sudhakar@rsoft.in
17:17:13.561 [main] INFO  testCases.TC001_WF1_EveryTime_Rec_Save - Summary Email Pass
17:17:13.562 [main] INFO  testCases.TC001_WF1_EveryTime_Rec_Save - Summary Picklist Item Passed : Actual Value is: Very goodExpected Value is: Very good
17:17:14.818 [main] INFO  testCases.TC001_WF1_EveryTime_Rec_Save - Summary Picklist Item Pass
17:17:14.818 [main] INFO  testCases.TC001_WF1_EveryTime_Rec_Save - Summary Enter Your Number Passed : Actual Value is: 4123412341Expected Value is: 4123412341
17:17:16.054 [main] INFO  testCases.TC001_WF1_EveryTime_Rec_Save - Summary Enter Your Number Pass
17:17:21.835 [main] INFO  testCases.TC001_WF1_EveryTime_Rec_Save - Detail View Assigned To Failed : Actual Value is: Rsoft ITExpected Value is: Sudhakar VE
17:17:23.102 [main] INFO  testCases.TC001_WF1_EveryTime_Rec_Save - Detail View Assigned To fail
17:17:23.103 [main] INFO  testCases.TC001_WF1_EveryTime_Rec_Save - Detail View Phone Numer Passed : Actual Value is: +91 1234567890Expected Value is: +91 1234567890
17:17:24.333 [main] INFO  testCases.TC001_WF1_EveryTime_Rec_Save - Detail View Phone Numer Pass
17:17:24.334 [main] INFO  testCases.TC001_WF1_EveryTime_Rec_Save - Detail View Email Passed : Actual Value is: sudhakar@rsoft.inExpected Value is: sudhakar@rsoft.in
17:17:25.578 [main] INFO  testCases.TC001_WF1_EveryTime_Rec_Save - Detail View Email Pass
17:17:25.578 [main] INFO  testCases.TC001_WF1_EveryTime_Rec_Save - Detail View Menu Item Passed : Actual Value is: Very goodExpected Value is: Very good
17:17:26.834 [main] INFO  testCases.TC001_WF1_EveryTime_Rec_Save - Detail View Menu Item Pass
17:17:26.834 [main] INFO  testCases.TC001_WF1_EveryTime_Rec_Save - Detail View Enter Your Number Passed : Actual Value is: 4123412341Expected Value is: 4123412341
17:17:28.048 [main] INFO  testCases.TC001_WF1_EveryTime_Rec_Save - Detail View Enter Your Number Pass
17:17:28.208 [main] INFO  testCases.TC001_WF1_EveryTime_Rec_Save - Module Name Passed : Actual Value is: CRMEditFieldModuleExpected Value is: CRMEditFieldModule
17:17:29.513 [main] INFO  testCases.TC001_WF1_EveryTime_Rec_Save - Module Name Pass
17:17:29.976 [main] INFO  testCases.TC001_WF1_EveryTime_Rec_Save - Module Name Passed : Actual Value is: CRMEditFieldModuleExpected Value is: CRMEditFieldModule
17:17:31.370 [main] INFO  testCases.TC001_WF1_EveryTime_Rec_Save - Module Name Pass
17:17:31.371 [main] INFO  testCases.TC001_WF1_EveryTime_Rec_Save - Phone Number Passed : Actual Value is: +91 1234567890Expected Value is: +91 1234567890
17:17:32.738 [main] INFO  testCases.TC001_WF1_EveryTime_Rec_Save - Phone Number Pass
17:17:32.738 [main] INFO  testCases.TC001_WF1_EveryTime_Rec_Save - Email Passed : Actual Value is: sudhakar@rsoft.inExpected Value is: sudhakar@rsoft.in
17:17:34.054 [main] INFO  testCases.TC001_WF1_EveryTime_Rec_Save - Email Pass
17:17:34.054 [main] INFO  testCases.TC001_WF1_EveryTime_Rec_Save - Piclist Value Passed : Actual Value is: Very goodExpected Value is: Very good
17:17:35.350 [main] INFO  testCases.TC001_WF1_EveryTime_Rec_Save - Piclist Value Pass
17:17:40.873 [main] INFO  testCases.TC001_WF1_EveryTime_Rec_Save - PRIYAN entered in  input
17:17:41.252 [main] INFO  testCases.TC001_WF1_EveryTime_Rec_Save - Madhan entered in  input
17:17:41.696 [main] INFO  testCases.TC001_WF1_EveryTime_Rec_Save - Automation@123 entered in  input
17:18:08.585 [main] INFO  testCases.TC001_WF1_EveryTime_Rec_Save - Module Name Passed : Actual Value is: CRMEditFieldModuleExpected Value is: CRMEditFieldModule
17:18:09.885 [main] INFO  testCases.TC001_WF1_EveryTime_Rec_Save - Module Name Pass
17:18:10.358 [main] INFO  testCases.TC001_WF1_EveryTime_Rec_Save - Module Name Passed : Actual Value is: CRMEditFieldModuleExpected Value is: CRMEditFieldModule
17:18:11.601 [main] INFO  testCases.TC001_WF1_EveryTime_Rec_Save - Module Name Pass
17:18:11.601 [main] INFO  testCases.TC001_WF1_EveryTime_Rec_Save - Phone Number Passed : Actual Value is: +91 1234567890Expected Value is: +91 1234567890
17:18:12.814 [main] INFO  testCases.TC001_WF1_EveryTime_Rec_Save - Phone Number Pass
17:18:12.816 [main] INFO  testCases.TC001_WF1_EveryTime_Rec_Save - Email Passed : Actual Value is: sudhakar@rsoft.inExpected Value is: sudhakar@rsoft.in
17:18:14.054 [main] INFO  testCases.TC001_WF1_EveryTime_Rec_Save - Email Pass
17:18:14.054 [main] INFO  testCases.TC001_WF1_EveryTime_Rec_Save - Piclist Value Passed : Actual Value is: Very goodExpected Value is: Very good
17:18:15.355 [main] INFO  testCases.TC001_WF1_EveryTime_Rec_Save - Piclist Value Pass
17:18:21.410 [main] INFO  testCases.TC001_WF1_EveryTime_Rec_Save - Summary Phone Number Passed : Actual Value is: +91 1234567890Expected Value is: +91 1234567890
17:18:22.665 [main] INFO  testCases.TC001_WF1_EveryTime_Rec_Save - Summary Phone Number Pass
17:18:22.665 [main] INFO  testCases.TC001_WF1_EveryTime_Rec_Save - Summary Number Field Passed : Actual Value is: 12431234234Expected Value is: 12431234234
17:18:23.947 [main] INFO  testCases.TC001_WF1_EveryTime_Rec_Save - Summary Number Field Pass
17:18:23.948 [main] INFO  testCases.TC001_WF1_EveryTime_Rec_Save - Summary Email Passed : Actual Value is: sudhakar@rsoft.inExpected Value is: sudhakar@rsoft.in
17:18:25.216 [main] INFO  testCases.TC001_WF1_EveryTime_Rec_Save - Summary Email Pass
17:18:25.216 [main] INFO  testCases.TC001_WF1_EveryTime_Rec_Save - Summary Picklist Item Passed : Actual Value is: Very goodExpected Value is: Very good
17:18:26.450 [main] INFO  testCases.TC001_WF1_EveryTime_Rec_Save - Summary Picklist Item Pass
17:18:26.450 [main] INFO  testCases.TC001_WF1_EveryTime_Rec_Save - Summary Enter Your Number Passed : Actual Value is: 4123412341Expected Value is: 4123412341
17:18:27.684 [main] INFO  testCases.TC001_WF1_EveryTime_Rec_Save - Summary Enter Your Number Pass
17:18:33.612 [main] INFO  testCases.TC001_WF1_EveryTime_Rec_Save - Detail View Assigned To Failed : Actual Value is: Rsoft ITExpected Value is: Sudhakar VE
17:18:34.866 [main] INFO  testCases.TC001_WF1_EveryTime_Rec_Save - Detail View Assigned To fail
17:18:34.867 [main] INFO  testCases.TC001_WF1_EveryTime_Rec_Save - Detail View Phone Numer Passed : Actual Value is: +91 1234567890Expected Value is: +91 1234567890
17:18:36.112 [main] INFO  testCases.TC001_WF1_EveryTime_Rec_Save - Detail View Phone Numer Pass
17:18:36.113 [main] INFO  testCases.TC001_WF1_EveryTime_Rec_Save - Detail View Email Passed : Actual Value is: sudhakar@rsoft.inExpected Value is: sudhakar@rsoft.in
17:18:37.342 [main] INFO  testCases.TC001_WF1_EveryTime_Rec_Save - Detail View Email Pass
17:18:37.342 [main] INFO  testCases.TC001_WF1_EveryTime_Rec_Save - Detail View Menu Item Passed : Actual Value is: Very goodExpected Value is: Very good
17:18:38.578 [main] INFO  testCases.TC001_WF1_EveryTime_Rec_Save - Detail View Menu Item Pass
17:18:38.578 [main] INFO  testCases.TC001_WF1_EveryTime_Rec_Save - Detail View Enter Your Number Passed : Actual Value is: 4123412341Expected Value is: 4123412341
17:18:39.792 [main] INFO  testCases.TC001_WF1_EveryTime_Rec_Save - Detail View Enter Your Number Pass
17:18:39.961 [main] INFO  testCases.TC001_WF1_EveryTime_Rec_Save - Module Name Passed : Actual Value is: CRMEditFieldModuleExpected Value is: CRMEditFieldModule
17:18:41.260 [main] INFO  testCases.TC001_WF1_EveryTime_Rec_Save - Module Name Pass
17:18:41.711 [main] INFO  testCases.TC001_WF1_EveryTime_Rec_Save - Module Name Passed : Actual Value is: CRMEditFieldModuleExpected Value is: CRMEditFieldModule
17:18:42.991 [main] INFO  testCases.TC001_WF1_EveryTime_Rec_Save - Module Name Pass
17:18:42.991 [main] INFO  testCases.TC001_WF1_EveryTime_Rec_Save - Phone Number Passed : Actual Value is: +91 1234567890Expected Value is: +91 1234567890
17:18:44.238 [main] INFO  testCases.TC001_WF1_EveryTime_Rec_Save - Phone Number Pass
17:18:44.238 [main] INFO  testCases.TC001_WF1_EveryTime_Rec_Save - Email Passed : Actual Value is: sudhakar@rsoft.inExpected Value is: sudhakar@rsoft.in
17:18:45.524 [main] INFO  testCases.TC001_WF1_EveryTime_Rec_Save - Email Pass
17:18:45.524 [main] INFO  testCases.TC001_WF1_EveryTime_Rec_Save - Piclist Value Passed : Actual Value is: Very goodExpected Value is: Very good
17:18:46.775 [main] INFO  testCases.TC001_WF1_EveryTime_Rec_Save - Piclist Value Pass
17:18:49.269 [main] INFO  testCases.TC001_WF1_EveryTime_Rec_Save - PRIYAN entered in  input
17:18:49.713 [main] INFO  testCases.TC001_WF1_EveryTime_Rec_Save - Sudhakar entered in  input
17:18:50.222 [main] INFO  testCases.TC001_WF1_EveryTime_Rec_Save - Automation@123 entered in  input
17:25:41.131 [main] INFO  testCases.TC001_WF1_EveryTime_Rec_Save - ******starting WF1_EveryTime_Rec_Save ****
17:25:41.139 [main] INFO  testCases.TC001_WF1_EveryTime_Rec_Save - Test Execution on Browser: chrome
17:25:41.141 [main] INFO  testCases.TC001_WF1_EveryTime_Rec_Save - Excel file Utility instance created
17:25:42.330 [main] INFO  testCases.TC001_WF1_EveryTime_Rec_Save - Row Count is: 1
17:25:42.395 [main] INFO  testCases.TC001_WF1_EveryTime_Rec_Save - Col Count is: 8
17:25:42.395 [main] INFO  testCases.TC001_WF1_EveryTime_Rec_Save - Extracting DataSheet Values started...
17:25:46.177 [main] INFO  testCases.TC001_WF1_EveryTime_Rec_Save - PRIYAN entered in  input
17:25:46.585 [main] INFO  testCases.TC001_WF1_EveryTime_Rec_Save - rsoft entered in  input
17:25:47.039 [main] INFO  testCases.TC001_WF1_EveryTime_Rec_Save - RSoft!@345 entered in  input
17:26:09.035 [main] INFO  testCases.TC001_WF1_EveryTime_Rec_Save - Home Page Displayed after Login Pass
17:26:18.573 [main] INFO  testCases.TC001_WF1_EveryTime_Rec_Save - [CRMEditFieldModule] is selected in List
17:26:24.171 [main] INFO  testCases.TC001_WF1_EveryTime_Rec_Save - 1234567890 entered in  input
17:26:24.698 [main] INFO  testCases.TC001_WF1_EveryTime_Rec_Save - 12431234234 entered in  input
17:26:26.430 [main] INFO  testCases.TC001_WF1_EveryTime_Rec_Save - sudhakar@rsoft.in entered in  input
17:26:27.977 [main] INFO  testCases.TC001_WF1_EveryTime_Rec_Save - 4123412341 entered in  input
17:26:35.844 [main] INFO  testCases.TC001_WF1_EveryTime_Rec_Save - [Very good] is selected in List
17:27:42.752 [main] INFO  testCases.TC001_WF1_EveryTime_Rec_Save - Module Name Passed : Actual Value is: CRMEditFieldModuleExpected Value is: CRMEditFieldModule
17:27:44.051 [main] INFO  testCases.TC001_WF1_EveryTime_Rec_Save - Module Name Pass
17:27:44.537 [main] INFO  testCases.TC001_WF1_EveryTime_Rec_Save - Module Name Passed : Actual Value is: CRMEditFieldModuleExpected Value is: CRMEditFieldModule
17:27:45.792 [main] INFO  testCases.TC001_WF1_EveryTime_Rec_Save - Module Name Pass
17:27:45.792 [main] INFO  testCases.TC001_WF1_EveryTime_Rec_Save - Phone Number Passed : Actual Value is: +91 1234567890Expected Value is: +91 1234567890
17:27:47.088 [main] INFO  testCases.TC001_WF1_EveryTime_Rec_Save - Phone Number Pass
17:27:47.088 [main] INFO  testCases.TC001_WF1_EveryTime_Rec_Save - Email Passed : Actual Value is: sudhakar@rsoft.inExpected Value is: sudhakar@rsoft.in
17:27:48.357 [main] INFO  testCases.TC001_WF1_EveryTime_Rec_Save - Email Pass
17:27:48.357 [main] INFO  testCases.TC001_WF1_EveryTime_Rec_Save - Piclist Value Passed : Actual Value is: Very goodExpected Value is: Very good
17:27:49.585 [main] INFO  testCases.TC001_WF1_EveryTime_Rec_Save - Piclist Value Pass
17:27:55.552 [main] INFO  testCases.TC001_WF1_EveryTime_Rec_Save - Summary Phone Number Passed : Actual Value is: +91 1234567890Expected Value is: +91 1234567890
17:27:56.819 [main] INFO  testCases.TC001_WF1_EveryTime_Rec_Save - Summary Phone Number Pass
17:27:56.819 [main] INFO  testCases.TC001_WF1_EveryTime_Rec_Save - Summary Number Field Passed : Actual Value is: 12431234234Expected Value is: 12431234234
17:27:58.041 [main] INFO  testCases.TC001_WF1_EveryTime_Rec_Save - Summary Number Field Pass
17:27:58.042 [main] INFO  testCases.TC001_WF1_EveryTime_Rec_Save - Summary Email Passed : Actual Value is: sudhakar@rsoft.inExpected Value is: sudhakar@rsoft.in
17:27:59.278 [main] INFO  testCases.TC001_WF1_EveryTime_Rec_Save - Summary Email Pass
17:27:59.278 [main] INFO  testCases.TC001_WF1_EveryTime_Rec_Save - Summary Picklist Item Passed : Actual Value is: Very goodExpected Value is: Very good
17:28:00.520 [main] INFO  testCases.TC001_WF1_EveryTime_Rec_Save - Summary Picklist Item Pass
17:28:00.520 [main] INFO  testCases.TC001_WF1_EveryTime_Rec_Save - Summary Enter Your Number Passed : Actual Value is: 4123412341Expected Value is: 4123412341
17:28:01.797 [main] INFO  testCases.TC001_WF1_EveryTime_Rec_Save - Summary Enter Your Number Pass
17:28:07.540 [main] INFO  testCases.TC001_WF1_EveryTime_Rec_Save - Detail View Assigned To Failed : Actual Value is: Rsoft ITExpected Value is: Sudhakar VE
17:28:08.779 [main] INFO  testCases.TC001_WF1_EveryTime_Rec_Save - Detail View Assigned To fail
17:28:08.790 [main] INFO  testCases.TC001_WF1_EveryTime_Rec_Save - Detail View Phone Numer Passed : Actual Value is: +91 1234567890Expected Value is: +91 1234567890
17:28:10.029 [main] INFO  testCases.TC001_WF1_EveryTime_Rec_Save - Detail View Phone Numer Pass
17:28:10.029 [main] INFO  testCases.TC001_WF1_EveryTime_Rec_Save - Detail View Email Passed : Actual Value is: sudhakar@rsoft.inExpected Value is: sudhakar@rsoft.in
17:28:11.283 [main] INFO  testCases.TC001_WF1_EveryTime_Rec_Save - Detail View Email Pass
17:28:11.283 [main] INFO  testCases.TC001_WF1_EveryTime_Rec_Save - Detail View Menu Item Passed : Actual Value is: Very goodExpected Value is: Very good
17:28:12.533 [main] INFO  testCases.TC001_WF1_EveryTime_Rec_Save - Detail View Menu Item Pass
17:28:12.533 [main] INFO  testCases.TC001_WF1_EveryTime_Rec_Save - Detail View Enter Your Number Passed : Actual Value is: 4123412341Expected Value is: 4123412341
17:28:13.791 [main] INFO  testCases.TC001_WF1_EveryTime_Rec_Save - Detail View Enter Your Number Pass
17:28:13.951 [main] INFO  testCases.TC001_WF1_EveryTime_Rec_Save - Module Name Passed : Actual Value is: CRMEditFieldModuleExpected Value is: CRMEditFieldModule
17:28:15.187 [main] INFO  testCases.TC001_WF1_EveryTime_Rec_Save - Module Name Pass
17:28:15.646 [main] INFO  testCases.TC001_WF1_EveryTime_Rec_Save - Module Name Passed : Actual Value is: CRMEditFieldModuleExpected Value is: CRMEditFieldModule
17:28:16.941 [main] INFO  testCases.TC001_WF1_EveryTime_Rec_Save - Module Name Pass
17:28:16.941 [main] INFO  testCases.TC001_WF1_EveryTime_Rec_Save - Phone Number Passed : Actual Value is: +91 1234567890Expected Value is: +91 1234567890
17:28:18.213 [main] INFO  testCases.TC001_WF1_EveryTime_Rec_Save - Phone Number Pass
