17:30:48.080 [main] INFO  testCases.TC007_WF1_Validate_Schedule_Notify - testing entered in  input
17:30:48.550 [main] INFO  testCases.TC007_WF1_Validate_Schedule_Notify - dCr2KGiHBrC2!@ entered in  input
17:31:06.502 [main] INFO  testCases.TC007_WF1_Validate_Schedule_Notify - SELECT * FROM `rsoft_workflowtask_queue` where `entity_id` =93209;
17:32:55.034 [main] INFO  testCases.TC007_WF1_Validate_Schedule_Notify - ******starting WF Schedule Notify ****
17:32:55.039 [main] INFO  testCases.TC007_WF1_Validate_Schedule_Notify - Test Execution on Browser: chrome
17:32:55.043 [main] INFO  testCases.TC007_WF1_Validate_Schedule_Notify - Excel file Utility instance created
17:32:56.394 [main] INFO  testCases.TC007_WF1_Validate_Schedule_Notify - Row Count is: 1
17:32:56.565 [main] INFO  testCases.TC007_WF1_Validate_Schedule_Notify - Col Count is: 52
17:32:56.565 [main] INFO  testCases.TC007_WF1_Validate_Schedule_Notify - Extracting DataSheet Values started...
17:32:56.934 [main] INFO  testCases.TC007_WF1_Validate_Schedule_Notify - uidtesting
17:32:56.934 [main] INFO  testCases.TC007_WF1_Validate_Schedule_Notify - pwddCr2KGiHBrC2!@
17:32:56.934 [main] INFO  testCases.TC007_WF1_Validate_Schedule_Notify - urlhttps://www.rdot.in/public/phpMyAdmin/
17:33:02.094 [main] INFO  testCases.TC007_WF1_Validate_Schedule_Notify - testing entered in  input
17:33:02.573 [main] INFO  testCases.TC007_WF1_Validate_Schedule_Notify - dCr2KGiHBrC2!@ entered in  input
17:33:20.371 [main] INFO  testCases.TC007_WF1_Validate_Schedule_Notify - SELECT * FROM `rsoft_workflowtask_queue` where `entity_id` =93209;
17:35:07.653 [main] INFO  testCases.TC007_WF1_Validate_Schedule_Notify - ******starting WF Schedule Notify ****
17:35:07.660 [main] INFO  testCases.TC007_WF1_Validate_Schedule_Notify - Test Execution on Browser: chrome
17:35:07.663 [main] INFO  testCases.TC007_WF1_Validate_Schedule_Notify - Excel file Utility instance created
17:35:09.004 [main] INFO  testCases.TC007_WF1_Validate_Schedule_Notify - Row Count is: 1
17:35:09.214 [main] INFO  testCases.TC007_WF1_Validate_Schedule_Notify - Col Count is: 52
17:35:09.214 [main] INFO  testCases.TC007_WF1_Validate_Schedule_Notify - Extracting DataSheet Values started...
17:35:09.630 [main] INFO  testCases.TC007_WF1_Validate_Schedule_Notify - uidtesting
17:35:09.630 [main] INFO  testCases.TC007_WF1_Validate_Schedule_Notify - pwddCr2KGiHBrC2!@
17:35:09.630 [main] INFO  testCases.TC007_WF1_Validate_Schedule_Notify - urlhttps://www.rdot.in/public/phpMyAdmin/
17:35:14.710 [main] INFO  testCases.TC007_WF1_Validate_Schedule_Notify - testing entered in  input
17:35:15.172 [main] INFO  testCases.TC007_WF1_Validate_Schedule_Notify - dCr2KGiHBrC2!@ entered in  input
17:35:33.026 [main] INFO  testCases.TC007_WF1_Validate_Schedule_Notify - SELECT * FROM `rsoft_workflowtask_queue` where `entity_id` =93209;
17:38:30.071 [main] INFO  testCases.TC007_WF1_Validate_Schedule_Notify - ******starting WF Schedule Notify ****
17:38:30.078 [main] INFO  testCases.TC007_WF1_Validate_Schedule_Notify - Test Execution on Browser: chrome
17:38:30.082 [main] INFO  testCases.TC007_WF1_Validate_Schedule_Notify - Excel file Utility instance created
17:38:31.473 [main] INFO  testCases.TC007_WF1_Validate_Schedule_Notify - Row Count is: 1
17:38:31.847 [main] INFO  testCases.TC007_WF1_Validate_Schedule_Notify - Col Count is: 52
17:38:31.847 [main] INFO  testCases.TC007_WF1_Validate_Schedule_Notify - Extracting DataSheet Values started...
17:38:32.106 [main] INFO  testCases.TC007_WF1_Validate_Schedule_Notify - uidtesting
17:38:32.106 [main] INFO  testCases.TC007_WF1_Validate_Schedule_Notify - pwddCr2KGiHBrC2!@
17:38:32.106 [main] INFO  testCases.TC007_WF1_Validate_Schedule_Notify - urlhttps://www.rdot.in/public/phpMyAdmin/
17:38:36.756 [main] INFO  testCases.TC007_WF1_Validate_Schedule_Notify - testing entered in  input
17:38:37.210 [main] INFO  testCases.TC007_WF1_Validate_Schedule_Notify - dCr2KGiHBrC2!@ entered in  input
17:38:54.958 [main] INFO  testCases.TC007_WF1_Validate_Schedule_Notify - SELECT * FROM `rsoft_workflowtask_queue` where `entity_id` =93209;
17:47:45.085 [main] INFO  testCases.TC007_WF1_Validate_Schedule_Notify - ******starting WF Schedule Notify ****
17:47:45.090 [main] INFO  testCases.TC007_WF1_Validate_Schedule_Notify - Test Execution on Browser: chrome
17:47:45.093 [main] INFO  testCases.TC007_WF1_Validate_Schedule_Notify - Excel file Utility instance created
17:47:46.518 [main] INFO  testCases.TC007_WF1_Validate_Schedule_Notify - Row Count is: 1
17:47:46.805 [main] INFO  testCases.TC007_WF1_Validate_Schedule_Notify - Col Count is: 52
17:47:46.805 [main] INFO  testCases.TC007_WF1_Validate_Schedule_Notify - Extracting DataSheet Values started...
17:47:47.073 [main] INFO  testCases.TC007_WF1_Validate_Schedule_Notify - uidtesting
17:47:47.073 [main] INFO  testCases.TC007_WF1_Validate_Schedule_Notify - pwddCr2KGiHBrC2!@
17:47:47.073 [main] INFO  testCases.TC007_WF1_Validate_Schedule_Notify - urlhttps://www.rdot.in/public/phpMyAdmin/
17:47:51.954 [main] INFO  testCases.TC007_WF1_Validate_Schedule_Notify - testing entered in  input
17:47:52.370 [main] INFO  testCases.TC007_WF1_Validate_Schedule_Notify - dCr2KGiHBrC2!@ entered in  input
17:48:10.138 [main] INFO  testCases.TC007_WF1_Validate_Schedule_Notify - SELECT * FROM `rsoft_workflowtask_queue` where `entity_id` =93209;
18:43:21.030 [main] INFO  testCases.TC007_WF1_Validate_Schedule_Notify - ******starting WF Schedule Notify ****
18:43:21.037 [main] INFO  testCases.TC007_WF1_Validate_Schedule_Notify - Test Execution on Browser: chrome
18:43:21.041 [main] INFO  testCases.TC007_WF1_Validate_Schedule_Notify - Excel file Utility instance created
18:43:22.541 [main] INFO  testCases.TC007_WF1_Validate_Schedule_Notify - Row Count is: 1
18:43:22.723 [main] INFO  testCases.TC007_WF1_Validate_Schedule_Notify - Col Count is: 52
18:43:22.723 [main] INFO  testCases.TC007_WF1_Validate_Schedule_Notify - Extracting DataSheet Values started...
18:43:22.970 [main] INFO  testCases.TC007_WF1_Validate_Schedule_Notify - uidtesting
18:43:22.971 [main] INFO  testCases.TC007_WF1_Validate_Schedule_Notify - pwddCr2KGiHBrC2!@
18:43:22.971 [main] INFO  testCases.TC007_WF1_Validate_Schedule_Notify - urlhttps://www.rdot.in/public/phpMyAdmin/
18:43:27.669 [main] INFO  testCases.TC007_WF1_Validate_Schedule_Notify - testing entered in  input
18:43:28.125 [main] INFO  testCases.TC007_WF1_Validate_Schedule_Notify - dCr2KGiHBrC2!@ entered in  input
18:43:46.025 [main] INFO  testCases.TC007_WF1_Validate_Schedule_Notify - SELECT * FROM `rsoft_workflowtask_queue` where `entity_id` =93209;
18:45:12.509 [main] INFO  testCases.TC007_WF1_Validate_Schedule_Notify - ******starting WF Schedule Notify ****
18:45:12.550 [main] INFO  testCases.TC007_WF1_Validate_Schedule_Notify - Test Execution on Browser: chrome
18:45:12.558 [main] INFO  testCases.TC007_WF1_Validate_Schedule_Notify - Excel file Utility instance created
18:45:15.102 [main] INFO  testCases.TC007_WF1_Validate_Schedule_Notify - Row Count is: 1
18:45:15.411 [main] INFO  testCases.TC007_WF1_Validate_Schedule_Notify - Col Count is: 52
18:45:15.412 [main] INFO  testCases.TC007_WF1_Validate_Schedule_Notify - Extracting DataSheet Values started...
18:45:15.650 [main] INFO  testCases.TC007_WF1_Validate_Schedule_Notify - uidtesting
18:45:15.650 [main] INFO  testCases.TC007_WF1_Validate_Schedule_Notify - pwddCr2KGiHBrC2!@
18:45:15.650 [main] INFO  testCases.TC007_WF1_Validate_Schedule_Notify - urlhttps://www.rdot.in/public/phpMyAdmin/
18:45:20.297 [main] INFO  testCases.TC007_WF1_Validate_Schedule_Notify - testing entered in  input
18:45:20.745 [main] INFO  testCases.TC007_WF1_Validate_Schedule_Notify - dCr2KGiHBrC2!@ entered in  input
18:45:38.852 [main] INFO  testCases.TC007_WF1_Validate_Schedule_Notify - SELECT * FROM `rsoft_workflowtask_queue` where `entity_id` =93209;
18:46:18.746 [main] INFO  testCases.TC007_WF1_Validate_Schedule_Notify - ******starting WF Schedule Notify ****
18:46:18.753 [main] INFO  testCases.TC007_WF1_Validate_Schedule_Notify - Test Execution on Browser: chrome
18:46:18.756 [main] INFO  testCases.TC007_WF1_Validate_Schedule_Notify - Excel file Utility instance created
18:46:20.053 [main] INFO  testCases.TC007_WF1_Validate_Schedule_Notify - Row Count is: 1
18:46:20.246 [main] INFO  testCases.TC007_WF1_Validate_Schedule_Notify - Col Count is: 52
18:46:20.246 [main] INFO  testCases.TC007_WF1_Validate_Schedule_Notify - Extracting DataSheet Values started...
18:46:20.639 [main] INFO  testCases.TC007_WF1_Validate_Schedule_Notify - uidtesting
18:46:20.639 [main] INFO  testCases.TC007_WF1_Validate_Schedule_Notify - pwddCr2KGiHBrC2!@
18:46:20.639 [main] INFO  testCases.TC007_WF1_Validate_Schedule_Notify - urlhttps://www.rdot.in/public/phpMyAdmin/
18:46:26.209 [main] INFO  testCases.TC007_WF1_Validate_Schedule_Notify - testing entered in  input
18:46:26.694 [main] INFO  testCases.TC007_WF1_Validate_Schedule_Notify - dCr2KGiHBrC2!@ entered in  input
18:46:45.692 [main] INFO  testCases.TC007_WF1_Validate_Schedule_Notify - SELECT * FROM `rsoft_workflowtask_queue` where `entity_id` =93209;
14:47:20.095 [main] INFO  testCases.TC007_WF1_Validate_Schedule_Notify - ******starting WF Schedule Notify ****
14:47:20.103 [main] INFO  testCases.TC007_WF1_Validate_Schedule_Notify - Test Execution on Browser: chrome
14:47:20.107 [main] INFO  testCases.TC007_WF1_Validate_Schedule_Notify - Excel file Utility instance created
14:47:22.164 [main] INFO  testCases.TC007_WF1_Validate_Schedule_Notify - Row Count is: 1
14:47:22.400 [main] INFO  testCases.TC007_WF1_Validate_Schedule_Notify - Col Count is: 52
14:47:22.401 [main] INFO  testCases.TC007_WF1_Validate_Schedule_Notify - Extracting DataSheet Values started...
14:47:22.661 [main] INFO  testCases.TC007_WF1_Validate_Schedule_Notify - uidtesting
14:47:22.662 [main] INFO  testCases.TC007_WF1_Validate_Schedule_Notify - pwddCr2KGiHBrC2!@
14:47:22.662 [main] INFO  testCases.TC007_WF1_Validate_Schedule_Notify - urlhttps://www.rdot.in/public/phpMyAdmin/
14:47:27.668 [main] INFO  testCases.TC007_WF1_Validate_Schedule_Notify - testing entered in  input
14:47:28.129 [main] INFO  testCases.TC007_WF1_Validate_Schedule_Notify - dCr2KGiHBrC2!@ entered in  input
14:47:46.407 [main] INFO  testCases.TC007_WF1_Validate_Schedule_Notify - SELECT * FROM `rsoft_workflowtask_queue` where `entity_id` =93209;
14:48:59.808 [main] INFO  testCases.TC007_WF1_Validate_Schedule_Notify - ******starting WF Schedule Notify ****
14:48:59.816 [main] INFO  testCases.TC007_WF1_Validate_Schedule_Notify - Test Execution on Browser: chrome
14:48:59.819 [main] INFO  testCases.TC007_WF1_Validate_Schedule_Notify - Excel file Utility instance created
14:49:01.145 [main] INFO  testCases.TC007_WF1_Validate_Schedule_Notify - Row Count is: 1
14:49:01.448 [main] INFO  testCases.TC007_WF1_Validate_Schedule_Notify - Col Count is: 52
14:49:01.449 [main] INFO  testCases.TC007_WF1_Validate_Schedule_Notify - Extracting DataSheet Values started...
14:49:01.758 [main] INFO  testCases.TC007_WF1_Validate_Schedule_Notify - uidtesting
14:49:01.758 [main] INFO  testCases.TC007_WF1_Validate_Schedule_Notify - pwddCr2KGiHBrC2!@
14:49:01.759 [main] INFO  testCases.TC007_WF1_Validate_Schedule_Notify - urlhttps://www.rdot.in/public/phpMyAdmin/
14:49:05.761 [main] INFO  testCases.TC007_WF1_Validate_Schedule_Notify - testing entered in  input
14:49:06.228 [main] INFO  testCases.TC007_WF1_Validate_Schedule_Notify - dCr2KGiHBrC2!@ entered in  input
14:49:24.203 [main] INFO  testCases.TC007_WF1_Validate_Schedule_Notify - SELECT * FROM `rsoft_workflowtask_queue` where `entity_id` =93209;
14:50:28.038 [main] INFO  testCases.TC007_WF1_Validate_Schedule_Notify - ******starting WF Schedule Notify ****
14:50:28.044 [main] INFO  testCases.TC007_WF1_Validate_Schedule_Notify - Test Execution on Browser: chrome
14:50:28.046 [main] INFO  testCases.TC007_WF1_Validate_Schedule_Notify - Excel file Utility instance created
14:50:29.409 [main] INFO  testCases.TC007_WF1_Validate_Schedule_Notify - Row Count is: 1
14:50:29.746 [main] INFO  testCases.TC007_WF1_Validate_Schedule_Notify - Col Count is: 52
14:50:29.746 [main] INFO  testCases.TC007_WF1_Validate_Schedule_Notify - Extracting DataSheet Values started...
14:50:29.976 [main] INFO  testCases.TC007_WF1_Validate_Schedule_Notify - uidtesting
14:50:29.976 [main] INFO  testCases.TC007_WF1_Validate_Schedule_Notify - pwddCr2KGiHBrC2!@
14:50:29.977 [main] INFO  testCases.TC007_WF1_Validate_Schedule_Notify - urlhttps://www.rdot.in/public/phpMyAdmin/
14:50:34.626 [main] INFO  testCases.TC007_WF1_Validate_Schedule_Notify - testing entered in  input
14:50:35.093 [main] INFO  testCases.TC007_WF1_Validate_Schedule_Notify - dCr2KGiHBrC2!@ entered in  input
14:50:53.053 [main] INFO  testCases.TC007_WF1_Validate_Schedule_Notify - SELECT * FROM `rsoft_workflowtask_queue` where `entity_id` =93209;
14:56:43.424 [main] INFO  testCases.TC007_WF1_Validate_Schedule_Notify - ******starting WF Schedule Notify ****
14:56:43.430 [main] INFO  testCases.TC007_WF1_Validate_Schedule_Notify - Test Execution on Browser: chrome
14:56:43.434 [main] INFO  testCases.TC007_WF1_Validate_Schedule_Notify - Excel file Utility instance created
14:56:44.746 [main] INFO  testCases.TC007_WF1_Validate_Schedule_Notify - Row Count is: 1
14:56:45.071 [main] INFO  testCases.TC007_WF1_Validate_Schedule_Notify - Col Count is: 52
14:56:45.072 [main] INFO  testCases.TC007_WF1_Validate_Schedule_Notify - Extracting DataSheet Values started...
14:56:45.282 [main] INFO  testCases.TC007_WF1_Validate_Schedule_Notify - uidtesting
14:56:45.283 [main] INFO  testCases.TC007_WF1_Validate_Schedule_Notify - pwddCr2KGiHBrC2!@
14:56:45.283 [main] INFO  testCases.TC007_WF1_Validate_Schedule_Notify - urlhttps://www.rdot.in/public/phpMyAdmin/
14:56:50.105 [main] INFO  testCases.TC007_WF1_Validate_Schedule_Notify - testing entered in  input
14:56:50.553 [main] INFO  testCases.TC007_WF1_Validate_Schedule_Notify - dCr2KGiHBrC2!@ entered in  input
14:57:08.512 [main] INFO  testCases.TC007_WF1_Validate_Schedule_Notify - SELECT * FROM `rsoft_workflowtask_queue` where `entity_id` =93209;
14:59:05.291 [main] INFO  testCases.TC007_WF1_Validate_Schedule_Notify - ******starting WF Schedule Notify ****
14:59:05.301 [main] INFO  testCases.TC007_WF1_Validate_Schedule_Notify - Test Execution on Browser: chrome
14:59:05.304 [main] INFO  testCases.TC007_WF1_Validate_Schedule_Notify - Excel file Utility instance created
14:59:06.599 [main] INFO  testCases.TC007_WF1_Validate_Schedule_Notify - Row Count is: 1
14:59:06.783 [main] INFO  testCases.TC007_WF1_Validate_Schedule_Notify - Col Count is: 52
14:59:06.783 [main] INFO  testCases.TC007_WF1_Validate_Schedule_Notify - Extracting DataSheet Values started...
14:59:07.131 [main] INFO  testCases.TC007_WF1_Validate_Schedule_Notify - uidtesting
14:59:07.131 [main] INFO  testCases.TC007_WF1_Validate_Schedule_Notify - pwddCr2KGiHBrC2!@
14:59:07.131 [main] INFO  testCases.TC007_WF1_Validate_Schedule_Notify - urlhttps://www.rdot.in/public/phpMyAdmin/
14:59:11.869 [main] INFO  testCases.TC007_WF1_Validate_Schedule_Notify - testing entered in  input
14:59:12.351 [main] INFO  testCases.TC007_WF1_Validate_Schedule_Notify - dCr2KGiHBrC2!@ entered in  input
15:00:03.662 [main] INFO  testCases.TC007_WF1_Validate_Schedule_Notify - SELECT * FROM `rsoft_workflowtask_queue` where `entity_id` =93209;
15:16:11.524 [main] INFO  testCases.TC007_WF1_Validate_Schedule_Notify - ******starting WF Schedule Notify ****
15:16:11.533 [main] INFO  testCases.TC007_WF1_Validate_Schedule_Notify - Test Execution on Browser: chrome
15:16:11.540 [main] INFO  testCases.TC007_WF1_Validate_Schedule_Notify - Excel file Utility instance created
15:16:12.908 [main] INFO  testCases.TC007_WF1_Validate_Schedule_Notify - Row Count is: 1
15:16:13.276 [main] INFO  testCases.TC007_WF1_Validate_Schedule_Notify - Col Count is: 52
15:16:13.276 [main] INFO  testCases.TC007_WF1_Validate_Schedule_Notify - Extracting DataSheet Values started...
15:16:13.503 [main] INFO  testCases.TC007_WF1_Validate_Schedule_Notify - uidtesting
15:16:13.503 [main] INFO  testCases.TC007_WF1_Validate_Schedule_Notify - pwddCr2KGiHBrC2!@
15:16:13.503 [main] INFO  testCases.TC007_WF1_Validate_Schedule_Notify - urlhttps://www.rdot.in/public/phpMyAdmin/
15:16:18.466 [main] INFO  testCases.TC007_WF1_Validate_Schedule_Notify - testing entered in  input
15:16:18.915 [main] INFO  testCases.TC007_WF1_Validate_Schedule_Notify - dCr2KGiHBrC2!@ entered in  input
15:21:00.495 [main] INFO  testCases.TC007_WF1_Validate_Schedule_Notify - ******starting WF Schedule Notify ****
15:21:00.506 [main] INFO  testCases.TC007_WF1_Validate_Schedule_Notify - Test Execution on Browser: chrome
15:21:00.509 [main] INFO  testCases.TC007_WF1_Validate_Schedule_Notify - Excel file Utility instance created
15:21:02.046 [main] INFO  testCases.TC007_WF1_Validate_Schedule_Notify - Row Count is: 1
15:21:02.319 [main] INFO  testCases.TC007_WF1_Validate_Schedule_Notify - Col Count is: 52
15:21:02.319 [main] INFO  testCases.TC007_WF1_Validate_Schedule_Notify - Extracting DataSheet Values started...
15:21:02.541 [main] INFO  testCases.TC007_WF1_Validate_Schedule_Notify - uidtesting
15:21:02.542 [main] INFO  testCases.TC007_WF1_Validate_Schedule_Notify - pwddCr2KGiHBrC2!@
15:21:02.542 [main] INFO  testCases.TC007_WF1_Validate_Schedule_Notify - urlhttps://www.rdot.in/public/phpMyAdmin/
15:21:07.313 [main] INFO  testCases.TC007_WF1_Validate_Schedule_Notify - testing entered in  input
15:21:07.787 [main] INFO  testCases.TC007_WF1_Validate_Schedule_Notify - dCr2KGiHBrC2!@ entered in  input
15:31:23.450 [main] INFO  testCases.TC007_WF1_Validate_Schedule_Notify - ******starting WF Schedule Notify ****
15:31:23.462 [main] INFO  testCases.TC007_WF1_Validate_Schedule_Notify - Test Execution on Browser: chrome
15:31:23.467 [main] INFO  testCases.TC007_WF1_Validate_Schedule_Notify - Excel file Utility instance created
15:31:24.823 [main] INFO  testCases.TC007_WF1_Validate_Schedule_Notify - Row Count is: 1
15:31:25.009 [main] INFO  testCases.TC007_WF1_Validate_Schedule_Notify - Col Count is: 52
15:31:25.010 [main] INFO  testCases.TC007_WF1_Validate_Schedule_Notify - Extracting DataSheet Values started...
15:31:25.244 [main] INFO  testCases.TC007_WF1_Validate_Schedule_Notify - uidtesting
15:31:25.244 [main] INFO  testCases.TC007_WF1_Validate_Schedule_Notify - pwddCr2KGiHBrC2!@
15:31:25.244 [main] INFO  testCases.TC007_WF1_Validate_Schedule_Notify - urlhttps://www.rdot.in/public/phpMyAdmin/
15:31:29.915 [main] INFO  testCases.TC007_WF1_Validate_Schedule_Notify - testing entered in  input
15:31:30.387 [main] INFO  testCases.TC007_WF1_Validate_Schedule_Notify - dCr2KGiHBrC2!@ entered in  input
15:33:00.563 [main] INFO  testCases.TC007_WF1_Validate_Schedule_Notify - ******starting WF Schedule Notify ****
15:33:00.571 [main] INFO  testCases.TC007_WF1_Validate_Schedule_Notify - Test Execution on Browser: chrome
15:33:00.574 [main] INFO  testCases.TC007_WF1_Validate_Schedule_Notify - Excel file Utility instance created
15:33:01.915 [main] INFO  testCases.TC007_WF1_Validate_Schedule_Notify - Row Count is: 1
15:33:02.270 [main] INFO  testCases.TC007_WF1_Validate_Schedule_Notify - Col Count is: 52
15:33:02.271 [main] INFO  testCases.TC007_WF1_Validate_Schedule_Notify - Extracting DataSheet Values started...
15:33:02.533 [main] INFO  testCases.TC007_WF1_Validate_Schedule_Notify - uidtesting
15:33:02.533 [main] INFO  testCases.TC007_WF1_Validate_Schedule_Notify - pwddCr2KGiHBrC2!@
15:33:02.533 [main] INFO  testCases.TC007_WF1_Validate_Schedule_Notify - urlhttps://www.rdot.in/public/phpMyAdmin/
15:33:07.284 [main] INFO  testCases.TC007_WF1_Validate_Schedule_Notify - testing entered in  input
15:33:07.751 [main] INFO  testCases.TC007_WF1_Validate_Schedule_Notify - dCr2KGiHBrC2!@ entered in  input
15:34:31.271 [main] INFO  testCases.TC007_WF1_Validate_Schedule_Notify - ******starting WF Schedule Notify ****
15:34:31.277 [main] INFO  testCases.TC007_WF1_Validate_Schedule_Notify - Test Execution on Browser: chrome
15:34:31.281 [main] INFO  testCases.TC007_WF1_Validate_Schedule_Notify - Excel file Utility instance created
15:34:32.671 [main] INFO  testCases.TC007_WF1_Validate_Schedule_Notify - Row Count is: 1
15:34:33.062 [main] INFO  testCases.TC007_WF1_Validate_Schedule_Notify - Col Count is: 52
15:34:33.063 [main] INFO  testCases.TC007_WF1_Validate_Schedule_Notify - Extracting DataSheet Values started...
15:34:33.270 [main] INFO  testCases.TC007_WF1_Validate_Schedule_Notify - uidtesting
15:34:33.270 [main] INFO  testCases.TC007_WF1_Validate_Schedule_Notify - pwddCr2KGiHBrC2!@
15:34:33.270 [main] INFO  testCases.TC007_WF1_Validate_Schedule_Notify - urlhttps://www.rdot.in/public/phpMyAdmin/
15:34:38.077 [main] INFO  testCases.TC007_WF1_Validate_Schedule_Notify - testing entered in  input
15:34:38.482 [main] INFO  testCases.TC007_WF1_Validate_Schedule_Notify - dCr2KGiHBrC2!@ entered in  input
15:41:14.376 [main] INFO  testCases.TC007_WF1_Validate_Schedule_Notify - ******starting WF Schedule Notify ****
15:41:14.383 [main] INFO  testCases.TC007_WF1_Validate_Schedule_Notify - Test Execution on Browser: chrome
15:41:14.387 [main] INFO  testCases.TC007_WF1_Validate_Schedule_Notify - Excel file Utility instance created
15:41:15.797 [main] INFO  testCases.TC007_WF1_Validate_Schedule_Notify - Row Count is: 1
15:41:16.138 [main] INFO  testCases.TC007_WF1_Validate_Schedule_Notify - Col Count is: 52
15:41:16.138 [main] INFO  testCases.TC007_WF1_Validate_Schedule_Notify - Extracting DataSheet Values started...
15:41:16.426 [main] INFO  testCases.TC007_WF1_Validate_Schedule_Notify - uidtesting
15:41:16.427 [main] INFO  testCases.TC007_WF1_Validate_Schedule_Notify - pwddCr2KGiHBrC2!@
15:41:16.427 [main] INFO  testCases.TC007_WF1_Validate_Schedule_Notify - urlhttps://www.rdot.in/public/phpMyAdmin/
15:41:21.042 [main] INFO  testCases.TC007_WF1_Validate_Schedule_Notify - testing entered in  input
15:41:21.508 [main] INFO  testCases.TC007_WF1_Validate_Schedule_Notify - dCr2KGiHBrC2!@ entered in  input
15:46:16.109 [main] INFO  testCases.TC007_WF1_Validate_Schedule_Notify - ******starting WF Schedule Notify ****
15:46:16.114 [main] INFO  testCases.TC007_WF1_Validate_Schedule_Notify - Test Execution on Browser: chrome
15:46:16.116 [main] INFO  testCases.TC007_WF1_Validate_Schedule_Notify - Excel file Utility instance created
15:46:17.457 [main] INFO  testCases.TC007_WF1_Validate_Schedule_Notify - Row Count is: 1
15:46:17.797 [main] INFO  testCases.TC007_WF1_Validate_Schedule_Notify - Col Count is: 52
15:46:17.798 [main] INFO  testCases.TC007_WF1_Validate_Schedule_Notify - Extracting DataSheet Values started...
15:46:18.063 [main] INFO  testCases.TC007_WF1_Validate_Schedule_Notify - uidtesting
15:46:18.063 [main] INFO  testCases.TC007_WF1_Validate_Schedule_Notify - pwddCr2KGiHBrC2!@
15:46:18.063 [main] INFO  testCases.TC007_WF1_Validate_Schedule_Notify - urlhttps://www.rdot.in/public/phpMyAdmin/
15:46:22.830 [main] INFO  testCases.TC007_WF1_Validate_Schedule_Notify - testing entered in  input
15:46:23.286 [main] INFO  testCases.TC007_WF1_Validate_Schedule_Notify - dCr2KGiHBrC2!@ entered in  input
16:05:35.277 [main] INFO  testCases.TC007_WF1_Validate_Schedule_Notify - ******starting WF Schedule Notify ****
16:05:35.284 [main] INFO  testCases.TC007_WF1_Validate_Schedule_Notify - Test Execution on Browser: chrome
16:05:35.287 [main] INFO  testCases.TC007_WF1_Validate_Schedule_Notify - Excel file Utility instance created
16:05:36.653 [main] INFO  testCases.TC007_WF1_Validate_Schedule_Notify - Row Count is: 1
16:05:36.980 [main] INFO  testCases.TC007_WF1_Validate_Schedule_Notify - Col Count is: 52
16:05:36.980 [main] INFO  testCases.TC007_WF1_Validate_Schedule_Notify - Extracting DataSheet Values started...
16:05:37.212 [main] INFO  testCases.TC007_WF1_Validate_Schedule_Notify - uidtesting
16:05:37.212 [main] INFO  testCases.TC007_WF1_Validate_Schedule_Notify - pwddCr2KGiHBrC2!@
16:05:37.212 [main] INFO  testCases.TC007_WF1_Validate_Schedule_Notify - urlhttps://www.rdot.in/public/phpMyAdmin/
16:05:42.632 [main] INFO  testCases.TC007_WF1_Validate_Schedule_Notify - testing entered in  input
16:05:43.086 [main] INFO  testCases.TC007_WF1_Validate_Schedule_Notify - dCr2KGiHBrC2!@ entered in  input
16:08:45.513 [main] INFO  testCases.TC007_WF1_Validate_Schedule_Notify - ******starting WF Schedule Notify ****
16:08:45.520 [main] INFO  testCases.TC007_WF1_Validate_Schedule_Notify - Test Execution on Browser: chrome
16:08:45.522 [main] INFO  testCases.TC007_WF1_Validate_Schedule_Notify - Excel file Utility instance created
16:08:46.848 [main] INFO  testCases.TC007_WF1_Validate_Schedule_Notify - Row Count is: 1
16:08:47.188 [main] INFO  testCases.TC007_WF1_Validate_Schedule_Notify - Col Count is: 52
16:08:47.188 [main] INFO  testCases.TC007_WF1_Validate_Schedule_Notify - Extracting DataSheet Values started...
16:08:47.817 [main] INFO  testCases.TC007_WF1_Validate_Schedule_Notify - uidtesting
16:08:47.817 [main] INFO  testCases.TC007_WF1_Validate_Schedule_Notify - pwddCr2KGiHBrC2!@
16:08:47.817 [main] INFO  testCases.TC007_WF1_Validate_Schedule_Notify - urlhttps://www.rdot.in/public/phpMyAdmin/
16:08:52.631 [main] INFO  testCases.TC007_WF1_Validate_Schedule_Notify - testing entered in  input
16:08:53.080 [main] INFO  testCases.TC007_WF1_Validate_Schedule_Notify - dCr2KGiHBrC2!@ entered in  input
16:12:56.721 [main] INFO  testCases.TC007_WF1_Validate_Schedule_Notify - ******starting WF Schedule Notify ****
16:12:56.728 [main] INFO  testCases.TC007_WF1_Validate_Schedule_Notify - Test Execution on Browser: chrome
16:12:56.732 [main] INFO  testCases.TC007_WF1_Validate_Schedule_Notify - Excel file Utility instance created
16:12:58.119 [main] INFO  testCases.TC007_WF1_Validate_Schedule_Notify - Row Count is: 1
16:12:58.298 [main] INFO  testCases.TC007_WF1_Validate_Schedule_Notify - Col Count is: 52
16:12:58.298 [main] INFO  testCases.TC007_WF1_Validate_Schedule_Notify - Extracting DataSheet Values started...
16:12:58.591 [main] INFO  testCases.TC007_WF1_Validate_Schedule_Notify - uidtesting
16:12:58.591 [main] INFO  testCases.TC007_WF1_Validate_Schedule_Notify - pwddCr2KGiHBrC2!@
16:12:58.591 [main] INFO  testCases.TC007_WF1_Validate_Schedule_Notify - urlhttps://www.rdot.in/public/phpMyAdmin/
16:13:04.476 [main] INFO  testCases.TC007_WF1_Validate_Schedule_Notify - testing entered in  input
16:13:04.945 [main] INFO  testCases.TC007_WF1_Validate_Schedule_Notify - dCr2KGiHBrC2!@ entered in  input
16:21:31.142 [main] INFO  testCases.TC007_WF1_Validate_Schedule_Notify - ******starting WF Schedule Notify ****
16:21:31.147 [main] INFO  testCases.TC007_WF1_Validate_Schedule_Notify - Test Execution on Browser: chrome
16:21:31.150 [main] INFO  testCases.TC007_WF1_Validate_Schedule_Notify - Excel file Utility instance created
16:21:32.448 [main] INFO  testCases.TC007_WF1_Validate_Schedule_Notify - Row Count is: 1
16:21:32.672 [main] INFO  testCases.TC007_WF1_Validate_Schedule_Notify - Col Count is: 52
16:21:32.673 [main] INFO  testCases.TC007_WF1_Validate_Schedule_Notify - Extracting DataSheet Values started...
16:21:33.094 [main] INFO  testCases.TC007_WF1_Validate_Schedule_Notify - uidtesting
16:21:33.094 [main] INFO  testCases.TC007_WF1_Validate_Schedule_Notify - pwddCr2KGiHBrC2!@
16:21:33.094 [main] INFO  testCases.TC007_WF1_Validate_Schedule_Notify - urlhttps://www.rdot.in/public/phpMyAdmin/
16:21:38.135 [main] INFO  testCases.TC007_WF1_Validate_Schedule_Notify - testing entered in  input
16:21:38.584 [main] INFO  testCases.TC007_WF1_Validate_Schedule_Notify - dCr2KGiHBrC2!@ entered in  input
16:22:35.319 [main] INFO  testCases.TC007_WF1_Validate_Schedule_Notify - ******starting WF Schedule Notify ****
16:22:35.325 [main] INFO  testCases.TC007_WF1_Validate_Schedule_Notify - Test Execution on Browser: chrome
16:22:35.328 [main] INFO  testCases.TC007_WF1_Validate_Schedule_Notify - Excel file Utility instance created
16:22:36.643 [main] INFO  testCases.TC007_WF1_Validate_Schedule_Notify - Row Count is: 1
16:22:36.815 [main] INFO  testCases.TC007_WF1_Validate_Schedule_Notify - Col Count is: 52
16:22:36.815 [main] INFO  testCases.TC007_WF1_Validate_Schedule_Notify - Extracting DataSheet Values started...
16:22:37.218 [main] INFO  testCases.TC007_WF1_Validate_Schedule_Notify - uidtesting
16:22:37.219 [main] INFO  testCases.TC007_WF1_Validate_Schedule_Notify - pwddCr2KGiHBrC2!@
16:22:37.219 [main] INFO  testCases.TC007_WF1_Validate_Schedule_Notify - urlhttps://www.rdot.in/public/phpMyAdmin/
16:22:41.784 [main] INFO  testCases.TC007_WF1_Validate_Schedule_Notify - testing entered in  input
16:22:42.249 [main] INFO  testCases.TC007_WF1_Validate_Schedule_Notify - dCr2KGiHBrC2!@ entered in  input
16:26:28.245 [main] INFO  testCases.TC007_WF1_Validate_Schedule_Notify - ******starting WF Schedule Notify ****
16:26:28.251 [main] INFO  testCases.TC007_WF1_Validate_Schedule_Notify - Test Execution on Browser: chrome
16:26:28.255 [main] INFO  testCases.TC007_WF1_Validate_Schedule_Notify - Excel file Utility instance created
16:26:29.516 [main] INFO  testCases.TC007_WF1_Validate_Schedule_Notify - Row Count is: 1
16:26:29.724 [main] INFO  testCases.TC007_WF1_Validate_Schedule_Notify - Col Count is: 52
16:26:29.725 [main] INFO  testCases.TC007_WF1_Validate_Schedule_Notify - Extracting DataSheet Values started...
16:26:30.109 [main] INFO  testCases.TC007_WF1_Validate_Schedule_Notify - uidtesting
16:26:30.109 [main] INFO  testCases.TC007_WF1_Validate_Schedule_Notify - pwddCr2KGiHBrC2!@
16:26:30.109 [main] INFO  testCases.TC007_WF1_Validate_Schedule_Notify - urlhttps://www.rdot.in/public/phpMyAdmin/
16:26:35.431 [main] INFO  testCases.TC007_WF1_Validate_Schedule_Notify - testing entered in  input
16:26:35.881 [main] INFO  testCases.TC007_WF1_Validate_Schedule_Notify - dCr2KGiHBrC2!@ entered in  input
16:50:05.707 [main] INFO  testCases.TC007_WF1_Validate_Schedule_Notify - ******starting WF Schedule Notify ****
16:50:05.717 [main] INFO  testCases.TC007_WF1_Validate_Schedule_Notify - Test Execution on Browser: chrome
16:50:05.724 [main] INFO  testCases.TC007_WF1_Validate_Schedule_Notify - Excel file Utility instance created
16:50:07.793 [main] INFO  testCases.TC007_WF1_Validate_Schedule_Notify - Row Count is: 1
16:50:08.060 [main] INFO  testCases.TC007_WF1_Validate_Schedule_Notify - Col Count is: 52
16:50:08.060 [main] INFO  testCases.TC007_WF1_Validate_Schedule_Notify - Extracting DataSheet Values started...
16:50:08.342 [main] INFO  testCases.TC007_WF1_Validate_Schedule_Notify - uidtesting
16:50:08.342 [main] INFO  testCases.TC007_WF1_Validate_Schedule_Notify - pwddCr2KGiHBrC2!@
16:50:08.342 [main] INFO  testCases.TC007_WF1_Validate_Schedule_Notify - urlhttps://www.rdot.in/public/phpMyAdmin/
16:50:15.118 [main] INFO  testCases.TC007_WF1_Validate_Schedule_Notify - testing entered in  input
16:50:15.640 [main] INFO  testCases.TC007_WF1_Validate_Schedule_Notify - dCr2KGiHBrC2!@ entered in  input
16:51:44.514 [main] INFO  testCases.TC007_WF1_Validate_Schedule_Notify - ******starting WF Schedule Notify ****
16:51:44.521 [main] INFO  testCases.TC007_WF1_Validate_Schedule_Notify - Test Execution on Browser: chrome
16:51:44.524 [main] INFO  testCases.TC007_WF1_Validate_Schedule_Notify - Excel file Utility instance created
16:51:45.785 [main] INFO  testCases.TC007_WF1_Validate_Schedule_Notify - Row Count is: 1
16:51:45.951 [main] INFO  testCases.TC007_WF1_Validate_Schedule_Notify - Col Count is: 52
16:51:45.956 [main] INFO  testCases.TC007_WF1_Validate_Schedule_Notify - Extracting DataSheet Values started...
16:51:46.320 [main] INFO  testCases.TC007_WF1_Validate_Schedule_Notify - uidtesting
16:51:46.321 [main] INFO  testCases.TC007_WF1_Validate_Schedule_Notify - pwddCr2KGiHBrC2!@
16:51:46.321 [main] INFO  testCases.TC007_WF1_Validate_Schedule_Notify - urlhttps://www.rdot.in/public/phpMyAdmin/
16:51:51.050 [main] INFO  testCases.TC007_WF1_Validate_Schedule_Notify - testing entered in  input
16:51:51.502 [main] INFO  testCases.TC007_WF1_Validate_Schedule_Notify - dCr2KGiHBrC2!@ entered in  input
16:56:49.708 [main] INFO  testCases.TC007_WF1_Validate_Schedule_Notify - ******starting WF Schedule Notify ****
16:56:49.716 [main] INFO  testCases.TC007_WF1_Validate_Schedule_Notify - Test Execution on Browser: chrome
16:56:49.719 [main] INFO  testCases.TC007_WF1_Validate_Schedule_Notify - Excel file Utility instance created
16:56:51.036 [main] INFO  testCases.TC007_WF1_Validate_Schedule_Notify - Row Count is: 1
16:56:51.211 [main] INFO  testCases.TC007_WF1_Validate_Schedule_Notify - Col Count is: 52
16:56:51.211 [main] INFO  testCases.TC007_WF1_Validate_Schedule_Notify - Extracting DataSheet Values started...
16:56:51.654 [main] INFO  testCases.TC007_WF1_Validate_Schedule_Notify - uidtesting
16:56:51.655 [main] INFO  testCases.TC007_WF1_Validate_Schedule_Notify - pwddCr2KGiHBrC2!@
16:56:51.655 [main] INFO  testCases.TC007_WF1_Validate_Schedule_Notify - urlhttps://www.rdot.in/public/phpMyAdmin/
16:56:56.378 [main] INFO  testCases.TC007_WF1_Validate_Schedule_Notify - testing entered in  input
16:56:56.830 [main] INFO  testCases.TC007_WF1_Validate_Schedule_Notify - dCr2KGiHBrC2!@ entered in  input
17:05:48.955 [main] INFO  testCases.TC007_WF1_Validate_Schedule_Notify - ******starting WF Schedule Notify ****
17:05:48.961 [main] INFO  testCases.TC007_WF1_Validate_Schedule_Notify - Test Execution on Browser: chrome
17:05:48.963 [main] INFO  testCases.TC007_WF1_Validate_Schedule_Notify - Excel file Utility instance created
17:05:50.368 [main] INFO  testCases.TC007_WF1_Validate_Schedule_Notify - Row Count is: 1
17:05:50.761 [main] INFO  testCases.TC007_WF1_Validate_Schedule_Notify - Col Count is: 52
17:05:50.761 [main] INFO  testCases.TC007_WF1_Validate_Schedule_Notify - Extracting DataSheet Values started...
17:05:50.957 [main] INFO  testCases.TC007_WF1_Validate_Schedule_Notify - uidtesting
17:05:50.957 [main] INFO  testCases.TC007_WF1_Validate_Schedule_Notify - pwddCr2KGiHBrC2!@
17:05:50.957 [main] INFO  testCases.TC007_WF1_Validate_Schedule_Notify - urlhttps://www.rdot.in/public/phpMyAdmin/
17:05:56.037 [main] INFO  testCases.TC007_WF1_Validate_Schedule_Notify - testing entered in  input
17:05:56.486 [main] INFO  testCases.TC007_WF1_Validate_Schedule_Notify - dCr2KGiHBrC2!@ entered in  input
17:06:31.294 [main] INFO  testCases.TC007_WF1_Validate_Schedule_Notify - SELECT * FROM `rsoft_workflowtask_queue` where `entity_id` =93209;
17:21:40.613 [main] INFO  testCases.TC007_WF1_Validate_Schedule_Notify - ******starting WF Schedule Notify ****
17:21:40.637 [main] INFO  testCases.TC007_WF1_Validate_Schedule_Notify - Test Execution on Browser: chrome
17:21:40.640 [main] INFO  testCases.TC007_WF1_Validate_Schedule_Notify - Excel file Utility instance created
17:21:42.464 [main] INFO  testCases.TC007_WF1_Validate_Schedule_Notify - Row Count is: 1
17:21:42.700 [main] INFO  testCases.TC007_WF1_Validate_Schedule_Notify - Col Count is: 52
17:21:42.700 [main] INFO  testCases.TC007_WF1_Validate_Schedule_Notify - Extracting DataSheet Values started...
17:21:42.966 [main] INFO  testCases.TC007_WF1_Validate_Schedule_Notify - uidtesting
17:21:42.966 [main] INFO  testCases.TC007_WF1_Validate_Schedule_Notify - pwddCr2KGiHBrC2!@
17:21:42.966 [main] INFO  testCases.TC007_WF1_Validate_Schedule_Notify - urlhttps://www.rdot.in/public/phpMyAdmin/
17:21:47.569 [main] INFO  testCases.TC007_WF1_Validate_Schedule_Notify - testing entered in  input
17:21:47.967 [main] INFO  testCases.TC007_WF1_Validate_Schedule_Notify - dCr2KGiHBrC2!@ entered in  input
17:27:00.453 [main] INFO  testCases.TC007_WF1_Validate_Schedule_Notify - ******starting WF Schedule Notify ****
17:27:00.463 [main] INFO  testCases.TC007_WF1_Validate_Schedule_Notify - Test Execution on Browser: chrome
17:27:00.467 [main] INFO  testCases.TC007_WF1_Validate_Schedule_Notify - Excel file Utility instance created
17:27:01.838 [main] INFO  testCases.TC007_WF1_Validate_Schedule_Notify - Row Count is: 1
17:27:02.190 [main] INFO  testCases.TC007_WF1_Validate_Schedule_Notify - Col Count is: 52
17:27:02.190 [main] INFO  testCases.TC007_WF1_Validate_Schedule_Notify - Extracting DataSheet Values started...
17:27:02.449 [main] INFO  testCases.TC007_WF1_Validate_Schedule_Notify - uidtesting
17:27:02.449 [main] INFO  testCases.TC007_WF1_Validate_Schedule_Notify - pwddCr2KGiHBrC2!@
17:27:02.449 [main] INFO  testCases.TC007_WF1_Validate_Schedule_Notify - urlhttps://www.rdot.in/public/phpMyAdmin/
17:27:07.713 [main] INFO  testCases.TC007_WF1_Validate_Schedule_Notify - testing entered in  input
17:27:08.181 [main] INFO  testCases.TC007_WF1_Validate_Schedule_Notify - dCr2KGiHBrC2!@ entered in  input
17:28:53.823 [main] INFO  testCases.TC007_WF1_Validate_Schedule_Notify - ******starting WF Schedule Notify ****
17:28:53.830 [main] INFO  testCases.TC007_WF1_Validate_Schedule_Notify - Test Execution on Browser: chrome
17:28:53.832 [main] INFO  testCases.TC007_WF1_Validate_Schedule_Notify - Excel file Utility instance created
17:28:55.120 [main] INFO  testCases.TC007_WF1_Validate_Schedule_Notify - Row Count is: 1
17:28:55.290 [main] INFO  testCases.TC007_WF1_Validate_Schedule_Notify - Col Count is: 52
17:28:55.290 [main] INFO  testCases.TC007_WF1_Validate_Schedule_Notify - Extracting DataSheet Values started...
17:28:55.628 [main] INFO  testCases.TC007_WF1_Validate_Schedule_Notify - uidtesting
17:28:55.629 [main] INFO  testCases.TC007_WF1_Validate_Schedule_Notify - pwddCr2KGiHBrC2!@
17:28:55.629 [main] INFO  testCases.TC007_WF1_Validate_Schedule_Notify - urlhttps://www.rdot.in/public/phpMyAdmin/
17:29:00.478 [main] INFO  testCases.TC007_WF1_Validate_Schedule_Notify - testing entered in  input
17:29:00.946 [main] INFO  testCases.TC007_WF1_Validate_Schedule_Notify - dCr2KGiHBrC2!@ entered in  input
17:34:59.144 [main] INFO  testCases.TC007_WF1_Validate_Schedule_Notify - ******starting WF Schedule Notify ****
17:34:59.149 [main] INFO  testCases.TC007_WF1_Validate_Schedule_Notify - Test Execution on Browser: chrome
17:34:59.151 [main] INFO  testCases.TC007_WF1_Validate_Schedule_Notify - Excel file Utility instance created
17:35:00.511 [main] INFO  testCases.TC007_WF1_Validate_Schedule_Notify - Row Count is: 1
17:35:00.765 [main] INFO  testCases.TC007_WF1_Validate_Schedule_Notify - Col Count is: 52
17:35:00.765 [main] INFO  testCases.TC007_WF1_Validate_Schedule_Notify - Extracting DataSheet Values started...
17:35:01.033 [main] INFO  testCases.TC007_WF1_Validate_Schedule_Notify - uidtesting
17:35:01.034 [main] INFO  testCases.TC007_WF1_Validate_Schedule_Notify - pwddCr2KGiHBrC2!@
17:35:01.034 [main] INFO  testCases.TC007_WF1_Validate_Schedule_Notify - urlhttps://www.rdot.in/public/phpMyAdmin/
17:35:05.755 [main] INFO  testCases.TC007_WF1_Validate_Schedule_Notify - testing entered in  input
17:35:06.204 [main] INFO  testCases.TC007_WF1_Validate_Schedule_Notify - dCr2KGiHBrC2!@ entered in  input
17:43:19.561 [main] INFO  testCases.TC007_WF1_Validate_Schedule_Notify - ******starting WF Schedule Notify ****
17:43:19.567 [main] INFO  testCases.TC007_WF1_Validate_Schedule_Notify - Test Execution on Browser: chrome
17:43:19.569 [main] INFO  testCases.TC007_WF1_Validate_Schedule_Notify - Excel file Utility instance created
17:43:20.835 [main] INFO  testCases.TC007_WF1_Validate_Schedule_Notify - Row Count is: 1
17:43:21.017 [main] INFO  testCases.TC007_WF1_Validate_Schedule_Notify - Col Count is: 52
17:43:21.018 [main] INFO  testCases.TC007_WF1_Validate_Schedule_Notify - Extracting DataSheet Values started...
17:43:21.322 [main] INFO  testCases.TC007_WF1_Validate_Schedule_Notify - uidtesting
17:43:21.323 [main] INFO  testCases.TC007_WF1_Validate_Schedule_Notify - pwddCr2KGiHBrC2!@
17:43:21.323 [main] INFO  testCases.TC007_WF1_Validate_Schedule_Notify - urlhttps://www.rdot.in/public/phpMyAdmin/
17:43:26.114 [main] INFO  testCases.TC007_WF1_Validate_Schedule_Notify - testing entered in  input
17:43:26.579 [main] INFO  testCases.TC007_WF1_Validate_Schedule_Notify - dCr2KGiHBrC2!@ entered in  input
17:45:51.660 [main] INFO  testCases.TC007_WF1_Validate_Schedule_Notify - ******starting WF Schedule Notify ****
17:45:51.667 [main] INFO  testCases.TC007_WF1_Validate_Schedule_Notify - Test Execution on Browser: chrome
17:45:51.669 [main] INFO  testCases.TC007_WF1_Validate_Schedule_Notify - Excel file Utility instance created
17:45:53.168 [main] INFO  testCases.TC007_WF1_Validate_Schedule_Notify - Row Count is: 1
17:45:53.680 [main] INFO  testCases.TC007_WF1_Validate_Schedule_Notify - Col Count is: 52
17:45:53.680 [main] INFO  testCases.TC007_WF1_Validate_Schedule_Notify - Extracting DataSheet Values started...
17:45:53.947 [main] INFO  testCases.TC007_WF1_Validate_Schedule_Notify - uidtesting
17:45:53.948 [main] INFO  testCases.TC007_WF1_Validate_Schedule_Notify - pwddCr2KGiHBrC2!@
17:45:53.948 [main] INFO  testCases.TC007_WF1_Validate_Schedule_Notify - urlhttps://www.rdot.in/public/phpMyAdmin/
17:45:58.631 [main] INFO  testCases.TC007_WF1_Validate_Schedule_Notify - testing entered in  input
17:45:59.093 [main] INFO  testCases.TC007_WF1_Validate_Schedule_Notify - dCr2KGiHBrC2!@ entered in  input
18:05:54.356 [main] INFO  testCases.TC007_WF1_Validate_Schedule_Notify - ******starting WF Schedule Notify ****
18:05:54.363 [main] INFO  testCases.TC007_WF1_Validate_Schedule_Notify - Test Execution on Browser: chrome
18:05:54.366 [main] INFO  testCases.TC007_WF1_Validate_Schedule_Notify - Excel file Utility instance created
18:05:55.719 [main] INFO  testCases.TC007_WF1_Validate_Schedule_Notify - Row Count is: 1
18:05:56.147 [main] INFO  testCases.TC007_WF1_Validate_Schedule_Notify - Col Count is: 52
18:05:56.147 [main] INFO  testCases.TC007_WF1_Validate_Schedule_Notify - Extracting DataSheet Values started...
18:05:56.382 [main] INFO  testCases.TC007_WF1_Validate_Schedule_Notify - uidtesting
18:05:56.382 [main] INFO  testCases.TC007_WF1_Validate_Schedule_Notify - pwddCr2KGiHBrC2!@
18:05:56.382 [main] INFO  testCases.TC007_WF1_Validate_Schedule_Notify - urlhttps://www.rdot.in/public/phpMyAdmin/
18:06:01.726 [main] INFO  testCases.TC007_WF1_Validate_Schedule_Notify - testing entered in  input
18:06:02.206 [main] INFO  testCases.TC007_WF1_Validate_Schedule_Notify - dCr2KGiHBrC2!@ entered in  input
18:12:43.131 [main] INFO  testCases.TC007_WF1_Validate_Schedule_Notify - ******starting WF Schedule Notify ****
18:12:43.137 [main] INFO  testCases.TC007_WF1_Validate_Schedule_Notify - Test Execution on Browser: chrome
18:12:43.139 [main] INFO  testCases.TC007_WF1_Validate_Schedule_Notify - Excel file Utility instance created
18:12:44.447 [main] INFO  testCases.TC007_WF1_Validate_Schedule_Notify - Row Count is: 1
18:12:44.601 [main] INFO  testCases.TC007_WF1_Validate_Schedule_Notify - Col Count is: 52
18:12:44.601 [main] INFO  testCases.TC007_WF1_Validate_Schedule_Notify - Extracting DataSheet Values started...
18:12:44.913 [main] INFO  testCases.TC007_WF1_Validate_Schedule_Notify - uidtesting
18:12:44.914 [main] INFO  testCases.TC007_WF1_Validate_Schedule_Notify - pwddCr2KGiHBrC2!@
18:12:44.914 [main] INFO  testCases.TC007_WF1_Validate_Schedule_Notify - urlhttps://www.rdot.in/public/phpMyAdmin/
18:12:50.899 [main] INFO  testCases.TC007_WF1_Validate_Schedule_Notify - testing entered in  input
18:12:51.366 [main] INFO  testCases.TC007_WF1_Validate_Schedule_Notify - dCr2KGiHBrC2!@ entered in  input
18:16:46.154 [main] INFO  testCases.TC007_WF1_Validate_Schedule_Notify - ******starting WF Schedule Notify ****
18:16:46.161 [main] INFO  testCases.TC007_WF1_Validate_Schedule_Notify - Test Execution on Browser: chrome
18:16:46.165 [main] INFO  testCases.TC007_WF1_Validate_Schedule_Notify - Excel file Utility instance created
18:16:47.605 [main] INFO  testCases.TC007_WF1_Validate_Schedule_Notify - Row Count is: 1
18:16:47.984 [main] INFO  testCases.TC007_WF1_Validate_Schedule_Notify - Col Count is: 52
18:16:47.984 [main] INFO  testCases.TC007_WF1_Validate_Schedule_Notify - Extracting DataSheet Values started...
18:16:48.215 [main] INFO  testCases.TC007_WF1_Validate_Schedule_Notify - uidtesting
18:16:48.215 [main] INFO  testCases.TC007_WF1_Validate_Schedule_Notify - pwddCr2KGiHBrC2!@
18:16:48.216 [main] INFO  testCases.TC007_WF1_Validate_Schedule_Notify - urlhttps://www.rdot.in/public/phpMyAdmin/
18:16:52.864 [main] INFO  testCases.TC007_WF1_Validate_Schedule_Notify - testing entered in  input
18:16:53.328 [main] INFO  testCases.TC007_WF1_Validate_Schedule_Notify - dCr2KGiHBrC2!@ entered in  input
18:20:25.357 [main] INFO  testCases.TC007_WF1_CRM_Schedule_Notify - ******starting WF Schedule Notify ****
18:20:25.364 [main] INFO  testCases.TC007_WF1_CRM_Schedule_Notify - Test Execution on Browser: chrome
18:20:25.367 [main] INFO  testCases.TC007_WF1_CRM_Schedule_Notify - Excel file Utility instance created
18:20:26.631 [main] INFO  testCases.TC007_WF1_CRM_Schedule_Notify - Row Count is: 1
18:20:26.804 [main] INFO  testCases.TC007_WF1_CRM_Schedule_Notify - Col Count is: 52
18:20:26.806 [main] INFO  testCases.TC007_WF1_CRM_Schedule_Notify - Extracting DataSheet Values started...
18:20:33.060 [main] INFO  testCases.TC007_WF1_CRM_Schedule_Notify - PN1:4362006786
18:20:33.060 [main] INFO  testCases.TC007_WF1_CRM_Schedule_Notify - PN2:7979432109
18:20:33.060 [main] INFO  testCases.TC007_WF1_CRM_Schedule_Notify - PN3:9422810651
18:20:33.060 [main] INFO  testCases.TC007_WF1_CRM_Schedule_Notify - PN4:8021536308
18:20:40.191 [main] INFO  testCases.TC007_WF1_CRM_Schedule_Notify - PRIYAN entered in  input
18:20:42.163 [main] INFO  testCases.TC007_WF1_CRM_Schedule_Notify - Sudhakar entered in  input
18:20:43.885 [main] INFO  testCases.TC007_WF1_CRM_Schedule_Notify - Automation@123 entered in  input
18:20:52.797 [main] INFO  testCases.TC007_WF1_CRM_Schedule_Notify - CRM Login Success with:Sudhakar
18:20:52.797 [main] INFO  testCases.TC007_WF1_CRM_Schedule_Notify - User: Sudhakar Passed : Actual Value is: Login SuccessExpected Value is: Login Success
18:21:08.902 [main] INFO  testCases.TC007_WF1_CRM_Schedule_Notify - [CRMScheduleNotification] is selected in List
18:21:14.360 [main] INFO  testCases.TC007_WF1_CRM_Schedule_Notify - Excel file Utility instance created
18:21:14.414 [main] INFO  testCases.TC007_WF1_CRM_Schedule_Notify - Row Count is: 1
18:21:14.449 [main] INFO  testCases.TC007_WF1_CRM_Schedule_Notify - Col Count is: 52
18:21:14.449 [main] INFO  testCases.TC007_WF1_CRM_Schedule_Notify - Extracting DataSheet Values started...
18:21:16.257 [main] INFO  testCases.TC007_WF1_CRM_Schedule_Notify - Before Adding Module data
18:21:19.405 [main] INFO  testCases.TC007_WF1_CRM_Schedule_Notify - Assinged To Drop Down clicked
18:21:24.807 [main] INFO  testCases.TC007_WF1_CRM_Schedule_Notify - [Sudhakar VE] is selected in List
18:21:24.807 [main] INFO  testCases.TC007_WF1_CRM_Schedule_Notify - Assinged To Value Seleted is::  Sudhakar VE
18:21:26.457 [main] INFO  testCases.TC007_WF1_CRM_Schedule_Notify - Add New Text entered in  input
18:21:26.475 [main] INFO  testCases.TC007_WF1_CRM_Schedule_Notify - Text Value added is::  Add New Text
18:21:27.713 [main] INFO  testCases.TC007_WF1_CRM_Schedule_Notify - Phone NUmber prefix clicked :  
18:21:31.127 [main] INFO  testCases.TC007_WF1_CRM_Schedule_Notify - [+65] is selected in List
18:21:31.128 [main] INFO  testCases.TC007_WF1_CRM_Schedule_Notify - Phone NUmber selected is :  4362006786
18:21:32.877 [main] INFO  testCases.TC007_WF1_CRM_Schedule_Notify - 4362006786 entered in  input
18:21:35.560 [main] INFO  testCases.TC007_WF1_CRM_Schedule_Notify - AddNew@rsoft.in entered in  input
18:21:36.590 [main] INFO  testCases.TC007_WF1_CRM_Schedule_Notify - Email Added is: AddNew@rsoft.in
18:21:37.760 [main] INFO  testCases.TC007_WF1_CRM_Schedule_Notify - Picklist clicked
18:21:38.983 [main] INFO  testCases.TC007_WF1_CRM_Schedule_Notify - Picklist selected: 1
18:22:46.866 [main] INFO  testCases.TC007_WF1_CRM_Schedule_Notify - MultiCombo box values: two
18:22:48.120 [main] INFO  testCases.TC007_WF1_CRM_Schedule_Notify - City Drop Down clicked
18:22:51.721 [main] INFO  testCases.TC007_WF1_CRM_Schedule_Notify - [Kanchipuram] is selected in List
18:22:51.721 [main] INFO  testCases.TC007_WF1_CRM_Schedule_Notify - City Selected: Kanchipuram
18:22:52.946 [main] INFO  testCases.TC007_WF1_CRM_Schedule_Notify - State Drop Down clicked
18:22:57.115 [main] INFO  testCases.TC007_WF1_CRM_Schedule_Notify - [Tamilnadu] is selected in List
18:22:57.115 [main] INFO  testCases.TC007_WF1_CRM_Schedule_Notify - State Selected: Tamilnadu
18:22:58.366 [main] INFO  testCases.TC007_WF1_CRM_Schedule_Notify - Country List clicked
18:23:01.711 [main] INFO  testCases.TC007_WF1_CRM_Schedule_Notify - [India] is selected in List
18:23:01.712 [main] INFO  testCases.TC007_WF1_CRM_Schedule_Notify - Country Selected: India
18:23:02.926 [main] INFO  testCases.TC007_WF1_CRM_Schedule_Notify - Checkbox clicked
18:23:03.120 [main] INFO  testCases.TC007_WF1_CRM_Schedule_Notify - DateBox clicked
18:23:06.124 [main] INFO  testCases.TC007_WF1_CRM_Schedule_Notify - (//td[contains(@class,'today')])[1]
18:23:07.386 [main] INFO  testCases.TC007_WF1_CRM_Schedule_Notify - Today Date Selected
18:23:08.571 [main] INFO  testCases.TC007_WF1_CRM_Schedule_Notify - Time Clicked
18:23:15.221 [main] INFO  testCases.TC007_WF1_CRM_Schedule_Notify - Time Selected is: 02:36 PM
18:23:16.475 [main] INFO  testCases.TC007_WF1_CRM_Schedule_Notify - Date & Time Clicked
18:23:21.490 [main] INFO  testCases.TC007_WF1_CRM_Schedule_Notify - (//td[contains(@class,'today')])[2]
18:23:24.738 [main] INFO  testCases.TC007_WF1_CRM_Schedule_Notify - Clicked Current Date in Date&Time
