15:41:54.946 [main] INFO  testCases.TC005_WF5_Send_SMS_ETR_S - Actual Exec Condition Name:  Only on the first save
15:41:54.946 [main] INFO  testCases.TC005_WF5_Send_SMS_ETR_S - Module,workflow,conditions not matched 
15:41:54.946 [main] INFO  testCases.TC005_WF5_Send_SMS_ETR_S - bCurrentWFStatus: true
15:41:55.029 [main] INFO  testCases.TC005_WF5_Send_SMS_ETR_S - WF5_Send_SMS_OOF_SWorkflow disabled manually
15:41:55.029 [main] INFO  testCases.TC005_WF5_Send_SMS_ETR_S - Current Workflow Row item: 4
15:41:55.109 [main] INFO  testCases.TC005_WF5_Send_SMS_ETR_S - Current style of Worflow Status Element captured
15:41:55.109 [main] INFO  testCases.TC005_WF5_Send_SMS_ETR_S - Workflow status: of row item: 4 true
15:41:55.176 [main] INFO  testCases.TC005_WF5_Send_SMS_ETR_S - Actual Module Name:  CRMNotification
15:41:55.176 [main] INFO  testCases.TC005_WF5_Send_SMS_ETR_S - Actual Workflow Name:  WF4_Send_SMS_ETR_modifies
15:41:55.176 [main] INFO  testCases.TC005_WF5_Send_SMS_ETR_S - Actual Exec Condition Name:  Every time the record is modified
15:41:55.176 [main] INFO  testCases.TC005_WF5_Send_SMS_ETR_S - Module,workflow,conditions not matched 
15:41:55.176 [main] INFO  testCases.TC005_WF5_Send_SMS_ETR_S - bCurrentWFStatus: true
15:41:55.256 [main] INFO  testCases.TC005_WF5_Send_SMS_ETR_S - WF4_Send_SMS_ETR_modifiesWorkflow disabled manually
15:41:55.256 [main] INFO  testCases.TC005_WF5_Send_SMS_ETR_S - Current Workflow Row item: 5
15:41:55.376 [main] INFO  testCases.TC005_WF5_Send_SMS_ETR_S - Current style of Worflow Status Element captured
15:41:55.376 [main] INFO  testCases.TC005_WF5_Send_SMS_ETR_S - Workflow status: of row item: 5 true
15:41:55.442 [main] INFO  testCases.TC005_WF5_Send_SMS_ETR_S - Actual Module Name:  CRMNotification
15:41:55.442 [main] INFO  testCases.TC005_WF5_Send_SMS_ETR_S - Actual Workflow Name:  WF2_Only_On_First_Save
15:41:55.442 [main] INFO  testCases.TC005_WF5_Send_SMS_ETR_S - Actual Exec Condition Name:  Only on the first save
15:41:55.442 [main] INFO  testCases.TC005_WF5_Send_SMS_ETR_S - Module,workflow,conditions not matched 
15:41:55.442 [main] INFO  testCases.TC005_WF5_Send_SMS_ETR_S - bCurrentWFStatus: true
15:41:55.525 [main] INFO  testCases.TC005_WF5_Send_SMS_ETR_S - WF2_Only_On_First_SaveWorkflow disabled manually
15:41:55.626 [main] INFO  testCases.TC005_WF5_Send_SMS_ETR_S - WF2_Only_On_First_SaveDisabled Workflow Manually Enabled
15:41:55.626 [main] INFO  testCases.TC005_WF5_Send_SMS_ETR_S - true:1
15:42:02.281 [main] INFO  testCases.TC005_WF5_Send_SMS_ETR_S - Work flow clicked
15:42:09.364 [main] INFO  testCases.TC005_WF5_Send_SMS_ETR_S - Cliked Step 1 Next Button to Condition Page
15:42:14.142 [main] INFO  testCases.TC005_WF5_Send_SMS_ETR_S - Cliked Step 2 Next Button to Task List Page
15:42:15.153 [main] INFO  testCases.TC005_WF5_Send_SMS_ETR_S - Clicked Workflow and Navigated to Task Page
15:42:15.214 [main] INFO  testCases.TC005_WF5_Send_SMS_ETR_S - Number of Tasks Listed for this Workflow: WF5_Send_SMS_ETR_S : 2
15:42:15.254 [main] INFO  testCases.TC005_WF5_Send_SMS_ETR_S - Is Task Active: 1 : false
15:42:15.470 [main] INFO  testCases.TC005_WF5_Send_SMS_ETR_S - Retrieved Action Type:Send SMS
15:42:15.470 [main] INFO  testCases.TC005_WF5_Send_SMS_ETR_S - Retrieved Action Title:SMSTriiggerETRS
15:42:15.520 [main] INFO  testCases.TC005_WF5_Send_SMS_ETR_S - Is Task Active: 2 : true
15:42:15.687 [main] INFO  testCases.TC005_WF5_Send_SMS_ETR_S - Retrieved Action Type:Send notification
15:42:15.687 [main] INFO  testCases.TC005_WF5_Send_SMS_ETR_S - Retrieved Action Title:TestWF
15:42:15.793 [main] INFO  testCases.TC005_WF5_Send_SMS_ETR_S - Task Deactivated for Action Type:Send notificationand Action Title:TestWF
15:42:15.896 [main] INFO  testCases.TC005_WF5_Send_SMS_ETR_S - Clicked Workflow and Navigated to Task Page
15:42:15.896 [main] INFO  testCases.TC005_WF5_Send_SMS_ETR_S - Task Active Send SMS  SMSTriiggerETRS
15:42:27.856 [main] INFO  testCases.TC005_WF5_Send_SMS_ETR_S - [CRMNotification] is selected in List
15:42:33.010 [main] INFO  testCases.TC005_WF5_Send_SMS_ETR_S - Excel file Utility instance created
15:42:33.064 [main] INFO  testCases.TC005_WF5_Send_SMS_ETR_S - Row Count is: 1
15:42:33.114 [main] INFO  testCases.TC005_WF5_Send_SMS_ETR_S - Col Count is: 52
15:42:33.115 [main] INFO  testCases.TC005_WF5_Send_SMS_ETR_S - Extracting DataSheet Values started...
15:42:35.522 [main] INFO  testCases.TC005_WF5_Send_SMS_ETR_S - Before Adding Module data
15:42:38.677 [main] INFO  testCases.TC005_WF5_Send_SMS_ETR_S - Assinged To Drop Down clicked
15:42:44.025 [main] INFO  testCases.TC005_WF5_Send_SMS_ETR_S - [Sudhakar VE] is selected in List
15:42:44.025 [main] INFO  testCases.TC005_WF5_Send_SMS_ETR_S - Assinged To Value Seleted is::  Sudhakar VE
15:42:44.546 [main] INFO  testCases.TC005_WF5_Send_SMS_ETR_S - Testing ETRS entered in  input
15:42:44.555 [main] INFO  testCases.TC005_WF5_Send_SMS_ETR_S - Text Value added is::  Testing ETRS
15:42:45.774 [main] INFO  testCases.TC005_WF5_Send_SMS_ETR_S - Phone NUmber prefix clicked :  
15:42:49.213 [main] INFO  testCases.TC005_WF5_Send_SMS_ETR_S - [+65] is selected in List
15:42:49.213 [main] INFO  testCases.TC005_WF5_Send_SMS_ETR_S - Phone NUmber selected is :  7134669578
15:42:49.787 [main] INFO  testCases.TC005_WF5_Send_SMS_ETR_S - 7134669578 entered in  input
15:42:51.398 [main] INFO  testCases.TC005_WF5_Send_SMS_ETR_S - sudhakar@rsoft.in entered in  input
15:42:52.408 [main] INFO  testCases.TC005_WF5_Send_SMS_ETR_S - Email Added is: sudhakar@rsoft.in
15:42:52.572 [main] INFO  testCases.TC005_WF5_Send_SMS_ETR_S - Picklist clicked
15:42:57.076 [main] INFO  testCases.TC005_WF5_Send_SMS_ETR_S - [3] is selected in List
15:42:57.076 [main] INFO  testCases.TC005_WF5_Send_SMS_ETR_S - Picklist selected: 3
15:43:06.896 [main] INFO  testCases.TC005_WF5_Send_SMS_ETR_S -  Item selected in Multi combox Box: [[ChromeDriver: chrome on windows (b74494d19c7b5afdaaed1029e4892080)] -> xpath: //li[@role='treeitem']]
15:43:09.907 [main] INFO  testCases.TC005_WF5_Send_SMS_ETR_S - MultiCombo box values: one
15:43:11.089 [main] INFO  testCases.TC005_WF5_Send_SMS_ETR_S - City Drop Down clicked
15:43:14.695 [main] INFO  testCases.TC005_WF5_Send_SMS_ETR_S - [Kanchipuram] is selected in List
15:43:14.695 [main] INFO  testCases.TC005_WF5_Send_SMS_ETR_S - City Selected: Kanchipuram
15:43:15.875 [main] INFO  testCases.TC005_WF5_Send_SMS_ETR_S - State Drop Down clicked
15:43:20.147 [main] INFO  testCases.TC005_WF5_Send_SMS_ETR_S - [Tamilnadu] is selected in List
15:43:20.148 [main] INFO  testCases.TC005_WF5_Send_SMS_ETR_S - State Selected: Tamilnadu
15:43:21.354 [main] INFO  testCases.TC005_WF5_Send_SMS_ETR_S - Country List clicked
15:43:24.737 [main] INFO  testCases.TC005_WF5_Send_SMS_ETR_S - [India] is selected in List
15:43:24.737 [main] INFO  testCases.TC005_WF5_Send_SMS_ETR_S - Country Selected: India
15:43:25.933 [main] INFO  testCases.TC005_WF5_Send_SMS_ETR_S - Checkbox clicked
15:43:26.110 [main] INFO  testCases.TC005_WF5_Send_SMS_ETR_S - DateBox clicked
15:43:29.121 [main] INFO  testCases.TC005_WF5_Send_SMS_ETR_S - (//td[contains(@class,'today')])[1]
15:43:30.322 [main] INFO  testCases.TC005_WF5_Send_SMS_ETR_S - Today Date Selected
15:43:31.465 [main] INFO  testCases.TC005_WF5_Send_SMS_ETR_S - Time Clicked
15:43:38.203 [main] INFO  testCases.TC005_WF5_Send_SMS_ETR_S - Time Selected is: 02:36 PM
15:43:39.438 [main] INFO  testCases.TC005_WF5_Send_SMS_ETR_S - Date & Time Clicked
15:43:44.440 [main] INFO  testCases.TC005_WF5_Send_SMS_ETR_S - (//td[contains(@class,'today')])[2]
15:43:47.705 [main] INFO  testCases.TC005_WF5_Send_SMS_ETR_S - Clicked Current Date in Date&Time
15:43:47.920 [main] INFO  testCases.TC005_WF5_Send_SMS_ETR_S - Date & Time Selected
15:43:48.787 [main] INFO  testCases.TC005_WF5_Send_SMS_ETR_S -  entered in  input
15:43:52.436 [main] INFO  testCases.TC005_WF5_Send_SMS_ETR_S - [Mrs.] is selected in List
15:43:52.871 [main] INFO  testCases.TC005_WF5_Send_SMS_ETR_S - Sudhakar entered in  input
15:43:53.330 [main] INFO  testCases.TC005_WF5_Send_SMS_ETR_S - 33333333333 entered in  input
15:43:53.691 [main] INFO  testCases.TC005_WF5_Send_SMS_ETR_S - 8,000 entered in  input
15:43:54.369 [main] INFO  testCases.TC005_WF5_Send_SMS_ETR_S - http://www.google.com/ entered in  input
15:43:58.067 [main] INFO  testCases.TC005_WF5_Send_SMS_ETR_S - [Dr.] is selected in List
15:43:58.566 [main] INFO  testCases.TC005_WF5_Send_SMS_ETR_S - TestNames entered in  input
15:43:59.147 [main] INFO  testCases.TC005_WF5_Send_SMS_ETR_S - testEnquiry@test.com entered in  input
15:43:59.894 [main] INFO  testCases.TC005_WF5_Send_SMS_ETR_S - Enquired about real estate entered in  input
15:44:05.996 [main] INFO  testCases.TC005_WF5_Send_SMS_ETR_S - RSoft World-Class CRM Software (Customer Relationship Management) solution has been helping all kinds of small and medium businesses to organise, automate and improve their business. Our 15+ years of experience in Sales and Marketing. RSoft makes your business run transparently and intelligently which projects your brand image and win your customers satisfaction. RSoft is way ahead of other CRM's with its new generation features. entered in  textarea
15:44:09.187 [main] INFO  testCases.TC005_WF5_Send_SMS_ETR_S - (//td[contains(@class,'today')])[2]
15:44:15.468 [main] INFO  testCases.TC005_WF5_Send_SMS_ETR_S - [+60] is selected in List
15:44:17.135 [main] INFO  testCases.TC005_WF5_Send_SMS_ETR_S - 3900686622 entered in  input
15:44:20.949 [main] INFO  testCases.TC005_WF5_Send_SMS_ETR_S - [Ordinary] is selected in List
15:44:26.551 [main] INFO  testCases.TC005_WF5_Send_SMS_ETR_S - [+91] is selected in List
15:44:28.255 [main] INFO  testCases.TC005_WF5_Send_SMS_ETR_S - 4399936194 entered in  input
15:44:28.804 [main] INFO  testCases.TC005_WF5_Send_SMS_ETR_S - Lead@rsoft.in entered in  input
15:44:29.318 [main] INFO  testCases.TC005_WF5_Send_SMS_ETR_S - Sample Text entered in  input
15:44:33.941 [main] INFO  testCases.TC005_WF5_Send_SMS_ETR_S - [+60] is selected in List
15:44:35.635 [main] INFO  testCases.TC005_WF5_Send_SMS_ETR_S - 3830231843 entered in  input
15:44:36.235 [main] INFO  testCases.TC005_WF5_Send_SMS_ETR_S - Sales@rsoft.in entered in  input
15:44:51.934 [main] INFO  testCases.TC005_WF5_Send_SMS_ETR_S - Excel file Utility instance created
15:44:51.970 [main] INFO  testCases.TC005_WF5_Send_SMS_ETR_S - Row Count is: 1
15:44:52.003 [main] INFO  testCases.TC005_WF5_Send_SMS_ETR_S - Col Count is: 52
15:44:52.003 [main] INFO  testCases.TC005_WF5_Send_SMS_ETR_S - Extracting DataSheet Values started...
15:44:53.161 [main] INFO  testCases.TC005_WF5_Send_SMS_ETR_S - Module Name : Direct Entry Module Data Passed : Actual Value is: CRMNotificationExpected Value is: CRMNotification
15:44:54.753 [main] INFO  testCases.TC005_WF5_Send_SMS_ETR_S - Summary Text:  Direct Entry Module Data Passed : Actual Value is: Testing ETRSExpected Value is: Testing ETRS
15:44:56.000 [main] INFO  testCases.TC005_WF5_Send_SMS_ETR_S - Mobile Title: Direct Entry Module Data Passed : Actual Value is: +65 7134669578Expected Value is: +65 7134669578
15:44:57.283 [main] INFO  testCases.TC005_WF5_Send_SMS_ETR_S - Email: Direct Entry Module Data Passed : Actual Value is: sudhakar@rsoft.inExpected Value is: sudhakar@rsoft.in
15:45:04.589 [main] INFO  testCases.TC005_WF5_Send_SMS_ETR_S - Summary AssignedTo:  Direct Entry Module Data Passed : Actual Value is: Sudhakar VEExpected Value is: Sudhakar VE
15:45:05.945 [main] INFO  testCases.TC005_WF5_Send_SMS_ETR_S - Summary Text:  Direct Entry Module Data Passed : Actual Value is: Testing ETRSExpected Value is: Testing ETRS
15:45:07.299 [main] INFO  testCases.TC005_WF5_Send_SMS_ETR_S - Summary Mobile Number:  Direct Entry Module Data Passed : Actual Value is: +65 7134669578Expected Value is: +65 7134669578
15:45:08.604 [main] INFO  testCases.TC005_WF5_Send_SMS_ETR_S - Summary Email :  Direct Entry Module Data Passed : Actual Value is: sudhakar@rsoft.inExpected Value is: sudhakar@rsoft.in
15:45:09.972 [main] INFO  testCases.TC005_WF5_Send_SMS_ETR_S - Summary PicListValue :  Direct Entry Module Data Passed : Actual Value is: 3Expected Value is: 3
15:45:11.295 [main] INFO  testCases.TC005_WF5_Send_SMS_ETR_S - Summary MuultiCombo Values :  Direct Entry Module Data Passed : Actual Value is: oneExpected Value is: one
15:45:12.654 [main] INFO  testCases.TC005_WF5_Send_SMS_ETR_S - Summary City:  Direct Entry Module Data Passed : Actual Value is: KanchipuramExpected Value is: Kanchipuram
15:45:14.027 [main] INFO  testCases.TC005_WF5_Send_SMS_ETR_S - Summary State:  Direct Entry Module Data Passed : Actual Value is: TamilnaduExpected Value is: Tamilnadu
15:45:15.376 [main] INFO  testCases.TC005_WF5_Send_SMS_ETR_S - Summary Country:  Direct Entry Module Data Passed : Actual Value is: IndiaExpected Value is: India
15:45:16.737 [main] INFO  testCases.TC005_WF5_Send_SMS_ETR_S - Summary CheckBox:  Direct Entry Module Data Passed : Actual Value is: YesExpected Value is: Yes
15:45:18.123 [main] INFO  testCases.TC005_WF5_Send_SMS_ETR_S - Summary Date:  Direct Entry Module Data Passed : Actual Value is: 2023-12-30Expected Value is: 2023-12-30
15:45:19.470 [main] INFO  testCases.TC005_WF5_Send_SMS_ETR_S - Summary Time:  Direct Entry Module Data Passed : Actual Value is: 02:35PMExpected Value is: 02:35PM
15:45:20.821 [main] INFO  testCases.TC005_WF5_Send_SMS_ETR_S - Summary Date & Time :  Direct Entry Module Data Passed : Actual Value is: 2023-12-30 03:00 PMExpected Value is: 2023-12-30 03:00 PM
15:45:22.233 [main] INFO  testCases.TC005_WF5_Send_SMS_ETR_S - Summary File Upload :  Direct Entry Module Data Passed : Actual Value is: annie-sprattExpected Value is: annie-spratt
15:45:23.570 [main] INFO  testCases.TC005_WF5_Send_SMS_ETR_S - Summary Name:  Direct Entry Module Data Passed : Actual Value is: Mrs. SudhakarExpected Value is: Mrs. Sudhakar
15:45:24.921 [main] INFO  testCases.TC005_WF5_Send_SMS_ETR_S - Summary Number:  Direct Entry Module Data Passed : Actual Value is: 33333333333Expected Value is: 33333333333
15:45:26.258 [main] INFO  testCases.TC005_WF5_Send_SMS_ETR_S - Summary Currency:  Direct Entry Module Data Failed : Actual Value is: 8000Expected Value is: 8,000
15:45:27.597 [main] INFO  testCases.TC005_WF5_Send_SMS_ETR_S - Summary Url:  Direct Entry Module Data Passed : Actual Value is: http://www.google.com/Expected Value is: http://www.google.com/
15:45:28.954 [main] INFO  testCases.TC005_WF5_Send_SMS_ETR_S - Summary Enquiry Name:  Direct Entry Module Data Passed : Actual Value is: Dr. TestNamesExpected Value is: Dr. TestNames
15:45:30.335 [main] INFO  testCases.TC005_WF5_Send_SMS_ETR_S - Summary Enquiry Email:  Direct Entry Module Data Passed : Actual Value is: testEnquiry@test.comExpected Value is: testEnquiry@test.com
15:45:31.653 [main] INFO  testCases.TC005_WF5_Send_SMS_ETR_S - Summary Enquiry Text:  Direct Entry Module Data Passed : Actual Value is: Enquired about real estateExpected Value is: Enquired about real estate
15:45:33.058 [main] INFO  testCases.TC005_WF5_Send_SMS_ETR_S - Summary Enquiry Text Area:  Direct Entry Module Data Passed : Actual Value is: RSoft World-Class CRM Software (Customer Relationship Management) solution has been helping all kinds of small and medium businesses to organise, automate and improve their business. Our 15+ years of experience in Sales and Marketing. RSoft makes your business run transparently and intelligently which projects your brand image and win your customers satisfaction. RSoft is way ahead of other CRM's with its new generation features.Expected Value is: RSoft World-Class CRM Software (Customer Relationship Management) solution has been helping all kinds of small and medium businesses to organise, automate and improve their business. Our 15+ years of experience in Sales and Marketing. RSoft makes your business run transparently and intelligently which projects your brand image and win your customers satisfaction. RSoft is way ahead of other CRM's with its new generation features.
15:45:34.386 [main] INFO  testCases.TC005_WF5_Send_SMS_ETR_S - Summary Enquiry Date:  Direct Entry Module Data Passed : Actual Value is: 2023-12-30Expected Value is: 2023-12-30
15:45:35.743 [main] INFO  testCases.TC005_WF5_Send_SMS_ETR_S - Summary Enquiry Phone Number:  Direct Entry Module Data Passed : Actual Value is: +60 3900686622Expected Value is: +60 3900686622
15:45:37.102 [main] INFO  testCases.TC005_WF5_Send_SMS_ETR_S - Summary Enquiry Category:  Direct Entry Module Data Passed : Actual Value is: OrdinaryExpected Value is: Ordinary
15:45:38.467 [main] INFO  testCases.TC005_WF5_Send_SMS_ETR_S - Summary Lead PhoneNumber:  Direct Entry Module Data Passed : Actual Value is: +91 4399936194Expected Value is: +91 4399936194
15:45:39.819 [main] INFO  testCases.TC005_WF5_Send_SMS_ETR_S - Summary Lead Email:  Direct Entry Module Data Passed : Actual Value is: Lead@rsoft.inExpected Value is: Lead@rsoft.in
15:45:41.169 [main] INFO  testCases.TC005_WF5_Send_SMS_ETR_S - Summary Lead Text:  Direct Entry Module Data Passed : Actual Value is: Sample TextExpected Value is: Sample Text
15:45:42.553 [main] INFO  testCases.TC005_WF5_Send_SMS_ETR_S - Summary Sales PhoneNumber:  Direct Entry Module Data Passed : Actual Value is: +60 3830231843Expected Value is: +60 3830231843
15:45:43.936 [main] INFO  testCases.TC005_WF5_Send_SMS_ETR_S - Summary Sales Email:  Direct Entry Module Data Passed : Actual Value is: Sales@rsoft.inExpected Value is: Sales@rsoft.in
15:45:48.997 [main] INFO  testCases.TC005_WF5_Send_SMS_ETR_S - Detail View AssignedTo:  Direct Entry Module Data Passed : Actual Value is: Sudhakar VEExpected Value is: Sudhakar VE
15:45:50.340 [main] INFO  testCases.TC005_WF5_Send_SMS_ETR_S - Detail View Text:  Direct Entry Module Data Passed : Actual Value is: Testing ETRSExpected Value is: Testing ETRS
15:45:51.728 [main] INFO  testCases.TC005_WF5_Send_SMS_ETR_S - Detail View Mobile Number:  Direct Entry Module Data Passed : Actual Value is: +65 7134669578Expected Value is: +65 7134669578
15:45:53.107 [main] INFO  testCases.TC005_WF5_Send_SMS_ETR_S - Detail View Email :  Direct Entry Module Data Passed : Actual Value is: sudhakar@rsoft.inExpected Value is: sudhakar@rsoft.in
15:45:54.474 [main] INFO  testCases.TC005_WF5_Send_SMS_ETR_S - Detail View PicListValue :  Direct Entry Module Data Passed : Actual Value is: 3Expected Value is: 3
15:45:55.788 [main] INFO  testCases.TC005_WF5_Send_SMS_ETR_S - Detail View MuultiCombo Values :  Direct Entry Module Data Passed : Actual Value is: oneExpected Value is: one
15:45:57.278 [main] INFO  testCases.TC005_WF5_Send_SMS_ETR_S - Detail View City:  Direct Entry Module Data Passed : Actual Value is: KanchipuramExpected Value is: Kanchipuram
15:45:58.640 [main] INFO  testCases.TC005_WF5_Send_SMS_ETR_S - Detail View Stat:  Direct Entry Module Data Passed : Actual Value is: TamilnaduExpected Value is: Tamilnadu
15:46:00.018 [main] INFO  testCases.TC005_WF5_Send_SMS_ETR_S - Detail View Country:  Direct Entry Module Data Passed : Actual Value is: IndiaExpected Value is: India
15:46:01.389 [main] INFO  testCases.TC005_WF5_Send_SMS_ETR_S - Detail View CheckBox:  Direct Entry Module Data Passed : Actual Value is: YesExpected Value is: Yes
15:46:02.760 [main] INFO  testCases.TC005_WF5_Send_SMS_ETR_S - Detail View Date:  Direct Entry Module Data Passed : Actual Value is: 2023-12-30Expected Value is: 2023-12-30
15:46:04.107 [main] INFO  testCases.TC005_WF5_Send_SMS_ETR_S - Detail View Time:  Direct Entry Module Data Failed : Actual Value is: 02:35 PMExpected Value is: 02:35PM
15:46:05.575 [main] INFO  testCases.TC005_WF5_Send_SMS_ETR_S - Detail View Date & Time :  Direct Entry Module Data Passed : Actual Value is: 2023-12-30 03:00 PMExpected Value is: 2023-12-30 03:00 PM
15:46:06.941 [main] INFO  testCases.TC005_WF5_Send_SMS_ETR_S - Detail View Related Module :  Direct Entry Module Data Passed : Actual Value is: Expected Value is: 
15:46:08.366 [main] INFO  testCases.TC005_WF5_Send_SMS_ETR_S - Detail View File Upload :  Direct Entry Module Data Passed : Actual Value is: annie-sprattExpected Value is: annie-spratt
15:46:09.752 [main] INFO  testCases.TC005_WF5_Send_SMS_ETR_S - Detail View Name:  Direct Entry Module Data Passed : Actual Value is: Mrs. SudhakarExpected Value is: Mrs. Sudhakar
15:46:11.109 [main] INFO  testCases.TC005_WF5_Send_SMS_ETR_S - Detail View Number:  Direct Entry Module Data Passed : Actual Value is: 33333333333Expected Value is: 33333333333
15:46:12.489 [main] INFO  testCases.TC005_WF5_Send_SMS_ETR_S - Detail View Currency:  Direct Entry Module Data Failed : Actual Value is: 8000Expected Value is: 8,000
15:46:13.826 [main] INFO  testCases.TC005_WF5_Send_SMS_ETR_S - Detail View Url:  Direct Entry Module Data Passed : Actual Value is: http://www.google.com/Expected Value is: http://www.google.com/
15:46:15.244 [main] INFO  testCases.TC005_WF5_Send_SMS_ETR_S - Detail View Enquiry Name:  Direct Entry Module Data Passed : Actual Value is: Dr. TestNamesExpected Value is: Dr. TestNames
15:46:16.588 [main] INFO  testCases.TC005_WF5_Send_SMS_ETR_S - Detail View Enquiry Email:  Direct Entry Module Data Passed : Actual Value is: testEnquiry@test.comExpected Value is: testEnquiry@test.com
15:46:17.941 [main] INFO  testCases.TC005_WF5_Send_SMS_ETR_S - Detail View Enquiry Text:  Direct Entry Module Data Passed : Actual Value is: Enquired about real estateExpected Value is: Enquired about real estate
15:46:19.340 [main] INFO  testCases.TC005_WF5_Send_SMS_ETR_S - Detail View Enquiry Text Area:  Direct Entry Module Data Passed : Actual Value is: RSoft World-Class CRM Software (Customer Relationship Management) solution has been helping all kinds of small and medium businesses to organise, automate and improve their business. Our 15+ years of experience in Sales and Marketing. RSoft makes your business run transparently and intelligently which projects your brand image and win your customers satisfaction. RSoft is way ahead of other CRM's with its new generation features.Expected Value is: RSoft World-Class CRM Software (Customer Relationship Management) solution has been helping all kinds of small and medium businesses to organise, automate and improve their business. Our 15+ years of experience in Sales and Marketing. RSoft makes your business run transparently and intelligently which projects your brand image and win your customers satisfaction. RSoft is way ahead of other CRM's with its new generation features.
15:46:20.750 [main] INFO  testCases.TC005_WF5_Send_SMS_ETR_S - Detail View Enquiry Date:  Direct Entry Module Data Passed : Actual Value is: 2023-12-30Expected Value is: 2023-12-30
15:46:22.089 [main] INFO  testCases.TC005_WF5_Send_SMS_ETR_S - Detail View Enquiry Phone Number:  Direct Entry Module Data Passed : Actual Value is: +60 3900686622Expected Value is: +60 3900686622
15:46:23.423 [main] INFO  testCases.TC005_WF5_Send_SMS_ETR_S - Detail View Enquiry Category:  Direct Entry Module Data Passed : Actual Value is: OrdinaryExpected Value is: Ordinary
15:46:24.789 [main] INFO  testCases.TC005_WF5_Send_SMS_ETR_S - DT Lead Mobile Number:  Direct Entry Module Data Passed : Actual Value is: +91 4399936194Expected Value is: +91 4399936194
15:46:26.139 [main] INFO  testCases.TC005_WF5_Send_SMS_ETR_S - DT View Lead Email  Direct Entry Module Data Passed : Actual Value is: Lead@rsoft.inExpected Value is: Lead@rsoft.in
15:46:27.488 [main] INFO  testCases.TC005_WF5_Send_SMS_ETR_S - DT View Lead Text Direct Entry Module Data Passed : Actual Value is: Sample TextExpected Value is: Sample Text
15:46:28.839 [main] INFO  testCases.TC005_WF5_Send_SMS_ETR_S - DT Sales Mobile Number:  Direct Entry Module Data Passed : Actual Value is: +60 3830231843Expected Value is: +60 3830231843
15:46:30.205 [main] INFO  testCases.TC005_WF5_Send_SMS_ETR_S - DT View Sales EmailDirect Entry Module Data Passed : Actual Value is: Sales@rsoft.inExpected Value is: Sales@rsoft.in
15:46:41.294 [main] INFO  testCases.TC005_WF5_Send_SMS_ETR_S - [SMS Notifiers] is selected in List
15:46:44.844 [main] INFO  testCases.TC005_WF5_Send_SMS_ETR_S - 7134669578 entered in  input
15:46:50.539 [main] INFO  testCases.TC005_WF5_Send_SMS_ETR_S - SMS Count:2
15:46:56.845 [main] INFO  testCases.TC005_WF5_Send_SMS_ETR_S - Summary Mobile Number:  SMS Validation for 7134669578 Failed : Actual Value is: +91 7134669578Expected Value is: +65 7134669578
15:46:58.120 [main] INFO  testCases.TC005_WF5_Send_SMS_ETR_S - Summary AssignTo:  SMS Validation for 7134669578 Passed : Actual Value is: Sudhakar VEExpected Value is: Sudhakar VE
15:46:59.375 [main] INFO  testCases.TC005_WF5_Send_SMS_ETR_S - Summary StatusSMS Validation for 7134669578 Passed : Actual Value is: SentExpected Value is: Sent
15:47:00.601 [main] INFO  testCases.TC005_WF5_Send_SMS_ETR_S - Summary TypeSMS Validation for 7134669578 Passed : Actual Value is: SMSExpected Value is: SMS
15:47:01.852 [main] INFO  testCases.TC005_WF5_Send_SMS_ETR_S - Summary MessageSMS Validation for 7134669578 Passed : Actual Value is:  Hi, Thanks for contacting RSoft. Test Automation ensures quality of the app and maximum test coverage and validation. Expected Value is:  Hi, Thanks for contacting RSoft. Test Automation ensures quality of the app and maximum test coverage and validation. 
15:47:08.414 [main] INFO  testCases.TC005_WF5_Send_SMS_ETR_S - Detail View AssignedTo:  SMS Validation for 7134669578 Passed : Actual Value is: Sudhakar VEExpected Value is: Sudhakar VE
15:47:09.771 [main] INFO  testCases.TC005_WF5_Send_SMS_ETR_S - Detail View MobileNo SMS Validation for 7134669578 Failed : Actual Value is: +91 7134669578Expected Value is: +65 7134669578
15:47:11.111 [main] INFO  testCases.TC005_WF5_Send_SMS_ETR_S - Detail View StatusSMS Validation for 7134669578 Passed : Actual Value is: SentExpected Value is: Sent
15:47:12.460 [main] INFO  testCases.TC005_WF5_Send_SMS_ETR_S - Detail View Type SMS Validation for 7134669578 Passed : Actual Value is: SMSExpected Value is: SMS
15:47:13.787 [main] INFO  testCases.TC005_WF5_Send_SMS_ETR_S - Detail View Message SMS Validation for 7134669578 Passed : Actual Value is: Hi, Thanks for contacting RSoft. Test Automation ensures quality of the app and maximum test coverage and validation.Expected Value is:  Hi, Thanks for contacting RSoft. Test Automation ensures quality of the app and maximum test coverage and validation. 
15:47:15.053 [main] INFO  testCases.TC005_WF5_Send_SMS_ETR_S - RecorId after add new record :7134669578RecordId: 448981844
15:47:24.590 [main] INFO  testCases.TC005_WF5_Send_SMS_ETR_S - [SMS Notifiers] is selected in List
15:47:28.197 [main] INFO  testCases.TC005_WF5_Send_SMS_ETR_S - 3900686622 entered in  input
15:47:33.956 [main] INFO  testCases.TC005_WF5_Send_SMS_ETR_S - SMS Count:2
15:47:40.177 [main] INFO  testCases.TC005_WF5_Send_SMS_ETR_S - Summary Mobile Number:  SMS Validation for 3900686622 Failed : Actual Value is: +91 3900686622Expected Value is: +603900686622
15:47:41.399 [main] INFO  testCases.TC005_WF5_Send_SMS_ETR_S - Summary AssignTo:  SMS Validation for 3900686622 Passed : Actual Value is: Sudhakar VEExpected Value is: Sudhakar VE
15:47:42.639 [main] INFO  testCases.TC005_WF5_Send_SMS_ETR_S - Summary StatusSMS Validation for 3900686622 Passed : Actual Value is: SentExpected Value is: Sent
15:47:43.884 [main] INFO  testCases.TC005_WF5_Send_SMS_ETR_S - Summary TypeSMS Validation for 3900686622 Passed : Actual Value is: SMSExpected Value is: SMS
15:47:45.167 [main] INFO  testCases.TC005_WF5_Send_SMS_ETR_S - Summary MessageSMS Validation for 3900686622 Passed : Actual Value is:  Hi, Thanks for contacting RSoft. Test Automation ensures quality of the app and maximum test coverage and validation. Expected Value is:  Hi, Thanks for contacting RSoft. Test Automation ensures quality of the app and maximum test coverage and validation. 
15:47:51.745 [main] INFO  testCases.TC005_WF5_Send_SMS_ETR_S - Detail View AssignedTo:  SMS Validation for 3900686622 Passed : Actual Value is: Sudhakar VEExpected Value is: Sudhakar VE
15:47:53.105 [main] INFO  testCases.TC005_WF5_Send_SMS_ETR_S - Detail View MobileNo SMS Validation for 3900686622 Failed : Actual Value is: +91 3900686622Expected Value is: +603900686622
15:47:54.459 [main] INFO  testCases.TC005_WF5_Send_SMS_ETR_S - Detail View StatusSMS Validation for 3900686622 Passed : Actual Value is: SentExpected Value is: Sent
15:47:55.788 [main] INFO  testCases.TC005_WF5_Send_SMS_ETR_S - Detail View Type SMS Validation for 3900686622 Passed : Actual Value is: SMSExpected Value is: SMS
15:47:57.136 [main] INFO  testCases.TC005_WF5_Send_SMS_ETR_S - Detail View Message SMS Validation for 3900686622 Passed : Actual Value is: Hi, Thanks for contacting RSoft. Test Automation ensures quality of the app and maximum test coverage and validation.Expected Value is:  Hi, Thanks for contacting RSoft. Test Automation ensures quality of the app and maximum test coverage and validation. 
15:47:58.486 [main] INFO  testCases.TC005_WF5_Send_SMS_ETR_S - RecorId after add new record :7134669578RecordId: 448981845
15:48:08.058 [main] INFO  testCases.TC005_WF5_Send_SMS_ETR_S - [SMS Notifiers] is selected in List
15:48:11.713 [main] INFO  testCases.TC005_WF5_Send_SMS_ETR_S - 4399936194 entered in  input
15:48:17.465 [main] INFO  testCases.TC005_WF5_Send_SMS_ETR_S - SMS Count:2
15:48:23.674 [main] INFO  testCases.TC005_WF5_Send_SMS_ETR_S - Summary Mobile Number:  SMS Validation for +91 4399936194 Passed : Actual Value is: +91 4399936194Expected Value is: +91 4399936194
15:48:24.935 [main] INFO  testCases.TC005_WF5_Send_SMS_ETR_S - Summary AssignTo:  SMS Validation for +91 4399936194 Passed : Actual Value is: Sudhakar VEExpected Value is: Sudhakar VE
15:48:26.182 [main] INFO  testCases.TC005_WF5_Send_SMS_ETR_S - Summary StatusSMS Validation for +91 4399936194 Passed : Actual Value is: SentExpected Value is: Sent
15:48:27.405 [main] INFO  testCases.TC005_WF5_Send_SMS_ETR_S - Summary TypeSMS Validation for +91 4399936194 Passed : Actual Value is: SMSExpected Value is: SMS
15:48:28.634 [main] INFO  testCases.TC005_WF5_Send_SMS_ETR_S - Summary MessageSMS Validation for +91 4399936194 Passed : Actual Value is:  Hi, Thanks for contacting RSoft. Test Automation ensures quality of the app and maximum test coverage and validation. Expected Value is:  Hi, Thanks for contacting RSoft. Test Automation ensures quality of the app and maximum test coverage and validation. 
15:48:35.064 [main] INFO  testCases.TC005_WF5_Send_SMS_ETR_S - Detail View AssignedTo:  SMS Validation for +91 4399936194 Passed : Actual Value is: Sudhakar VEExpected Value is: Sudhakar VE
15:48:36.397 [main] INFO  testCases.TC005_WF5_Send_SMS_ETR_S - Detail View MobileNo SMS Validation for +91 4399936194 Passed : Actual Value is: +91 4399936194Expected Value is: +91 4399936194
15:48:37.744 [main] INFO  testCases.TC005_WF5_Send_SMS_ETR_S - Detail View StatusSMS Validation for +91 4399936194 Passed : Actual Value is: SentExpected Value is: Sent
15:48:39.094 [main] INFO  testCases.TC005_WF5_Send_SMS_ETR_S - Detail View Type SMS Validation for +91 4399936194 Passed : Actual Value is: SMSExpected Value is: SMS
15:48:40.402 [main] INFO  testCases.TC005_WF5_Send_SMS_ETR_S - Detail View Message SMS Validation for +91 4399936194 Passed : Actual Value is: Hi, Thanks for contacting RSoft. Test Automation ensures quality of the app and maximum test coverage and validation.Expected Value is:  Hi, Thanks for contacting RSoft. Test Automation ensures quality of the app and maximum test coverage and validation. 
15:48:41.653 [main] INFO  testCases.TC005_WF5_Send_SMS_ETR_S - RecordId after add new record :+91 4399936194RecordId: 448981847
15:48:52.080 [main] INFO  testCases.TC005_WF5_Send_SMS_ETR_S - [CRMNotification] is selected in List
15:49:16.358 [main] INFO  testCases.TC005_WF5_Send_SMS_ETR_S - [SMS Notifiers] is selected in List
15:49:20.019 [main] INFO  testCases.TC005_WF5_Send_SMS_ETR_S - 7134669578 entered in  input
15:49:26.668 [main] INFO  testCases.TC005_WF5_Send_SMS_ETR_S - SMS Count:3
15:49:26.668 [main] INFO  testCases.TC005_WF5_Send_SMS_ETR_S - Pass: SMS Received for the Mobile Number7134669578
15:49:32.001 [main] INFO  testCases.TC005_WF5_Send_SMS_ETR_S - SMS Count:3
15:49:32.119 [main] INFO  testCases.TC005_WF5_Send_SMS_ETR_S - SMS Receipient Number Passed : Actual Value is: 7134669578Expected Value is: 7134669578
15:49:33.436 [main] INFO  testCases.TC005_WF5_Send_SMS_ETR_S - SMS Type Passed : Actual Value is: SMSExpected Value is: SMS
15:49:34.720 [main] INFO  testCases.TC005_WF5_Send_SMS_ETR_S - SMS Status Passed : Actual Value is: SentExpected Value is: Sent
15:49:36.016 [main] INFO  testCases.TC005_WF5_Send_SMS_ETR_S - RecordId after Edit:7134669578RecordId: 448982558
15:49:37.539 [main] INFO  testCases.TC005_WF5_Send_SMS_ETR_S - 3900686622 entered in  input
15:49:44.324 [main] INFO  testCases.TC005_WF5_Send_SMS_ETR_S - SMS Count:3
15:49:44.324 [main] INFO  testCases.TC005_WF5_Send_SMS_ETR_S - Pass: SMS Received for the Enquiry Number3900686622
15:49:49.681 [main] INFO  testCases.TC005_WF5_Send_SMS_ETR_S - SMS Count:3
15:49:49.786 [main] INFO  testCases.TC005_WF5_Send_SMS_ETR_S - SMS Receipient Number Passed : Actual Value is: 3900686622Expected Value is: 3900686622
15:49:51.085 [main] INFO  testCases.TC005_WF5_Send_SMS_ETR_S - SMS Type Passed : Actual Value is: SMSExpected Value is: SMS
15:49:52.369 [main] INFO  testCases.TC005_WF5_Send_SMS_ETR_S - SMS Status Passed : Actual Value is: SentExpected Value is: Sent
15:49:53.666 [main] INFO  testCases.TC005_WF5_Send_SMS_ETR_S - RecordId after Edit:3900686622RecordId: 448982560
15:49:55.153 [main] INFO  testCases.TC005_WF5_Send_SMS_ETR_S - 4399936194 entered in  input
15:50:01.751 [main] INFO  testCases.TC005_WF5_Send_SMS_ETR_S - SMS Count:3
15:50:01.751 [main] INFO  testCases.TC005_WF5_Send_SMS_ETR_S - Pass: SMS Received for the Lead Number4399936194
15:50:07.120 [main] INFO  testCases.TC005_WF5_Send_SMS_ETR_S - SMS Count:3
15:50:07.234 [main] INFO  testCases.TC005_WF5_Send_SMS_ETR_S - SMS Receipient Number Passed : Actual Value is: 4399936194Expected Value is: 4399936194
15:50:08.533 [main] INFO  testCases.TC005_WF5_Send_SMS_ETR_S - SMS Type Passed : Actual Value is: SMSExpected Value is: SMS
15:50:09.835 [main] INFO  testCases.TC005_WF5_Send_SMS_ETR_S - SMS Status Passed : Actual Value is: SentExpected Value is: Sent
15:50:11.135 [main] INFO  testCases.TC005_WF5_Send_SMS_ETR_S - RecordId after Edit:4399936194RecordId: 448982561
15:50:21.587 [main] INFO  testCases.TC005_WF5_Send_SMS_ETR_S - [CRMNotification] is selected in List
15:50:32.871 [main] INFO  testCases.TC005_WF5_Send_SMS_ETR_S - IndividualTextEdited entered in  input
15:50:50.513 [main] INFO  testCases.TC005_WF5_Send_SMS_ETR_S - [SMS Notifiers] is selected in List
15:50:54.048 [main] INFO  testCases.TC005_WF5_Send_SMS_ETR_S - 7134669578 entered in  input
15:51:00.803 [main] INFO  testCases.TC005_WF5_Send_SMS_ETR_S - SMS Count:4
15:51:00.803 [main] INFO  testCases.TC005_WF5_Send_SMS_ETR_S - Pass: SMS Received after Single Edit for the Mobile Number7134669578
15:51:06.213 [main] INFO  testCases.TC005_WF5_Send_SMS_ETR_S - SMS Count:4
15:51:06.330 [main] INFO  testCases.TC005_WF5_Send_SMS_ETR_S - SMS Receipient Number Passed : Actual Value is: 7134669578Expected Value is: 7134669578
15:51:07.610 [main] INFO  testCases.TC005_WF5_Send_SMS_ETR_S - SMS Type Passed : Actual Value is: SMSExpected Value is: SMS
15:51:08.896 [main] INFO  testCases.TC005_WF5_Send_SMS_ETR_S - SMS Status Passed : Actual Value is: SentExpected Value is: Sent
15:51:10.194 [main] INFO  testCases.TC005_WF5_Send_SMS_ETR_S - Single Edit Record:7134669578RecordId: 448982893
15:51:11.767 [main] INFO  testCases.TC005_WF5_Send_SMS_ETR_S - 3900686622 entered in  input
15:51:18.509 [main] INFO  testCases.TC005_WF5_Send_SMS_ETR_S - SMS Count:4
15:51:18.509 [main] INFO  testCases.TC005_WF5_Send_SMS_ETR_S - Pass: SMS Received after Single Edit for the Enquiry Number3900686622
15:51:23.883 [main] INFO  testCases.TC005_WF5_Send_SMS_ETR_S - SMS Count:4
15:51:23.996 [main] INFO  testCases.TC005_WF5_Send_SMS_ETR_S - SMS Receipient Number Passed : Actual Value is: 3900686622Expected Value is: 3900686622
15:51:25.392 [main] INFO  testCases.TC005_WF5_Send_SMS_ETR_S - SMS Type Passed : Actual Value is: SMSExpected Value is: SMS
15:51:26.687 [main] INFO  testCases.TC005_WF5_Send_SMS_ETR_S - SMS Status Passed : Actual Value is: SentExpected Value is: Sent
15:51:27.996 [main] INFO  testCases.TC005_WF5_Send_SMS_ETR_S - Single Edit Record:3900686622RecordId: 448982895
15:51:29.548 [main] INFO  testCases.TC005_WF5_Send_SMS_ETR_S - 4399936194 entered in  input
15:51:36.314 [main] INFO  testCases.TC005_WF5_Send_SMS_ETR_S - SMS Count:4
15:51:36.314 [main] INFO  testCases.TC005_WF5_Send_SMS_ETR_S - Pass: SMS Received after Single Edit for the Lead Number4399936194
15:51:41.713 [main] INFO  testCases.TC005_WF5_Send_SMS_ETR_S - SMS Count:4
15:51:41.828 [main] INFO  testCases.TC005_WF5_Send_SMS_ETR_S - SMS Receipient Number Passed : Actual Value is: 4399936194Expected Value is: 4399936194
15:51:43.114 [main] INFO  testCases.TC005_WF5_Send_SMS_ETR_S - SMS Type Passed : Actual Value is: SMSExpected Value is: SMS
15:51:44.396 [main] INFO  testCases.TC005_WF5_Send_SMS_ETR_S - SMS Status Passed : Actual Value is: SentExpected Value is: Sent
15:51:45.692 [main] INFO  testCases.TC005_WF5_Send_SMS_ETR_S - Single Edit Record:4399936194RecordId: 448982896
15:51:56.387 [main] INFO  testCases.TC005_WF5_Send_SMS_ETR_S - [CRMNotification] is selected in List
15:52:33.208 [main] INFO  testCases.TC005_WF5_Send_SMS_ETR_S - [SMS Notifiers] is selected in List
15:52:36.811 [main] INFO  testCases.TC005_WF5_Send_SMS_ETR_S - 7134669578 entered in  input
15:52:43.629 [main] INFO  testCases.TC005_WF5_Send_SMS_ETR_S - SMS Count:5
15:52:43.629 [main] INFO  testCases.TC005_WF5_Send_SMS_ETR_S - Pass: SMS Received after duplicate for the Mobile Number7134669578
15:52:48.978 [main] INFO  testCases.TC005_WF5_Send_SMS_ETR_S - SMS Count:5
15:52:49.078 [main] INFO  testCases.TC005_WF5_Send_SMS_ETR_S - SMS Receipient Number Passed : Actual Value is: 7134669578Expected Value is: 7134669578
15:52:50.393 [main] INFO  testCases.TC005_WF5_Send_SMS_ETR_S - SMS Type Passed : Actual Value is: SMSExpected Value is: SMS
15:52:51.646 [main] INFO  testCases.TC005_WF5_Send_SMS_ETR_S - SMS Status Passed : Actual Value is: SentExpected Value is: Sent
15:52:52.977 [main] INFO  testCases.TC005_WF5_Send_SMS_ETR_S - Duplicate Record - SMS received:7134669578RecordId: 448983143
15:52:54.472 [main] INFO  testCases.TC005_WF5_Send_SMS_ETR_S - 3900686622 entered in  input
15:53:01.245 [main] INFO  testCases.TC005_WF5_Send_SMS_ETR_S - SMS Count:5
15:53:01.245 [main] INFO  testCases.TC005_WF5_Send_SMS_ETR_S - Pass: SMS Received after duplicate for the Enquiry Number3900686622
15:53:06.644 [main] INFO  testCases.TC005_WF5_Send_SMS_ETR_S - SMS Count:5
15:53:06.761 [main] INFO  testCases.TC005_WF5_Send_SMS_ETR_S - SMS Receipient Number Passed : Actual Value is: 3900686622Expected Value is: 3900686622
15:53:08.076 [main] INFO  testCases.TC005_WF5_Send_SMS_ETR_S - SMS Type Passed : Actual Value is: SMSExpected Value is: SMS
15:53:09.328 [main] INFO  testCases.TC005_WF5_Send_SMS_ETR_S - SMS Status Passed : Actual Value is: SentExpected Value is: Sent
15:53:10.611 [main] INFO  testCases.TC005_WF5_Send_SMS_ETR_S - RecordId after duplicate: Enquiry 3900686622RecordId: 448983144
15:53:12.153 [main] INFO  testCases.TC005_WF5_Send_SMS_ETR_S - 4399936194 entered in  input
15:53:18.764 [main] INFO  testCases.TC005_WF5_Send_SMS_ETR_S - SMS Count:5
15:53:18.764 [main] INFO  testCases.TC005_WF5_Send_SMS_ETR_S - Pass: SMS Received after duplicate for the Lead Number4399936194
15:53:24.163 [main] INFO  testCases.TC005_WF5_Send_SMS_ETR_S - SMS Count:5
15:53:24.296 [main] INFO  testCases.TC005_WF5_Send_SMS_ETR_S - SMS Receipient Number Passed : Actual Value is: 4399936194Expected Value is: 4399936194
15:53:25.591 [main] INFO  testCases.TC005_WF5_Send_SMS_ETR_S - SMS Type Passed : Actual Value is: SMSExpected Value is: SMS
15:53:26.861 [main] INFO  testCases.TC005_WF5_Send_SMS_ETR_S - SMS Status Passed : Actual Value is: SentExpected Value is: Sent
15:53:28.156 [main] INFO  testCases.TC005_WF5_Send_SMS_ETR_S - Duplicate Record - SMS received4399936194RecordId: 448983146
15:53:38.424 [main] INFO  testCases.TC005_WF5_Send_SMS_ETR_S - [CRMNotification] is selected in List
15:53:49.981 [main] INFO  testCases.TC005_WF5_Send_SMS_ETR_S - Excel file Utility instance created
15:53:50.019 [main] INFO  testCases.TC005_WF5_Send_SMS_ETR_S - Row Count is: 1
15:53:50.028 [main] INFO  testCases.TC005_WF5_Send_SMS_ETR_S - Col Count is: 52
15:53:50.028 [main] INFO  testCases.TC005_WF5_Send_SMS_ETR_S - Extracting DataSheet Values started...
15:53:50.757 [main] INFO  testCases.TC005_WF5_Send_SMS_ETR_S - Before Adding Module data
15:53:53.946 [main] INFO  testCases.TC005_WF5_Send_SMS_ETR_S - Assinged To Drop Down clicked
15:53:59.327 [main] INFO  testCases.TC005_WF5_Send_SMS_ETR_S - [Sudhakar VE] is selected in List
15:53:59.327 [main] INFO  testCases.TC005_WF5_Send_SMS_ETR_S - Assinged To Value Seleted is::  Sudhakar VE
15:53:59.910 [main] INFO  testCases.TC005_WF5_Send_SMS_ETR_S - Testing ETRS entered in  input
15:53:59.917 [main] INFO  testCases.TC005_WF5_Send_SMS_ETR_S - Text Value added is::  Testing ETRS
15:54:01.144 [main] INFO  testCases.TC005_WF5_Send_SMS_ETR_S - Phone NUmber prefix clicked :  
15:54:04.565 [main] INFO  testCases.TC005_WF5_Send_SMS_ETR_S - [+65] is selected in List
15:54:04.566 [main] INFO  testCases.TC005_WF5_Send_SMS_ETR_S - Phone NUmber selected is :  7134669578
15:54:05.143 [main] INFO  testCases.TC005_WF5_Send_SMS_ETR_S - 7134669578 entered in  input
15:54:06.760 [main] INFO  testCases.TC005_WF5_Send_SMS_ETR_S - sudhakar@rsoft.in entered in  input
15:54:07.774 [main] INFO  testCases.TC005_WF5_Send_SMS_ETR_S - Email Added is: sudhakar@rsoft.in
15:54:07.963 [main] INFO  testCases.TC005_WF5_Send_SMS_ETR_S - Picklist clicked
15:54:12.451 [main] INFO  testCases.TC005_WF5_Send_SMS_ETR_S - [3] is selected in List
15:54:12.451 [main] INFO  testCases.TC005_WF5_Send_SMS_ETR_S - Picklist selected: 3
15:54:22.249 [main] INFO  testCases.TC005_WF5_Send_SMS_ETR_S -  Item selected in Multi combox Box: [[ChromeDriver: chrome on windows (b74494d19c7b5afdaaed1029e4892080)] -> xpath: //li[@role='treeitem']]
15:54:25.262 [main] INFO  testCases.TC005_WF5_Send_SMS_ETR_S - MultiCombo box values: one
15:54:26.426 [main] INFO  testCases.TC005_WF5_Send_SMS_ETR_S - City Drop Down clicked
15:54:30.088 [main] INFO  testCases.TC005_WF5_Send_SMS_ETR_S - [Kanchipuram] is selected in List
15:54:30.088 [main] INFO  testCases.TC005_WF5_Send_SMS_ETR_S - City Selected: Kanchipuram
15:54:31.280 [main] INFO  testCases.TC005_WF5_Send_SMS_ETR_S - State Drop Down clicked
15:54:35.499 [main] INFO  testCases.TC005_WF5_Send_SMS_ETR_S - [Tamilnadu] is selected in List
15:54:35.499 [main] INFO  testCases.TC005_WF5_Send_SMS_ETR_S - State Selected: Tamilnadu
15:54:36.677 [main] INFO  testCases.TC005_WF5_Send_SMS_ETR_S - Country List clicked
15:54:40.068 [main] INFO  testCases.TC005_WF5_Send_SMS_ETR_S - [India] is selected in List
15:54:40.068 [main] INFO  testCases.TC005_WF5_Send_SMS_ETR_S - Country Selected: India
15:54:41.258 [main] INFO  testCases.TC005_WF5_Send_SMS_ETR_S - Checkbox clicked
15:54:41.410 [main] INFO  testCases.TC005_WF5_Send_SMS_ETR_S - DateBox clicked
15:54:44.426 [main] INFO  testCases.TC005_WF5_Send_SMS_ETR_S - (//td[contains(@class,'today')])[1]
15:54:45.676 [main] INFO  testCases.TC005_WF5_Send_SMS_ETR_S - Today Date Selected
15:54:46.904 [main] INFO  testCases.TC005_WF5_Send_SMS_ETR_S - Time Clicked
15:54:53.578 [main] INFO  testCases.TC005_WF5_Send_SMS_ETR_S - Time Selected is: 02:36 PM
15:54:54.799 [main] INFO  testCases.TC005_WF5_Send_SMS_ETR_S - Date & Time Clicked
15:54:59.806 [main] INFO  testCases.TC005_WF5_Send_SMS_ETR_S - (//td[contains(@class,'today')])[2]
15:55:03.047 [main] INFO  testCases.TC005_WF5_Send_SMS_ETR_S - Clicked Current Date in Date&Time
15:55:03.260 [main] INFO  testCases.TC005_WF5_Send_SMS_ETR_S - Date & Time Selected
15:55:04.026 [main] INFO  testCases.TC005_WF5_Send_SMS_ETR_S -  entered in  input
15:55:07.716 [main] INFO  testCases.TC005_WF5_Send_SMS_ETR_S - [Mrs.] is selected in List
15:55:08.135 [main] INFO  testCases.TC005_WF5_Send_SMS_ETR_S - Sudhakar entered in  input
15:55:08.647 [main] INFO  testCases.TC005_WF5_Send_SMS_ETR_S - 33333333333 entered in  input
15:55:09.087 [main] INFO  testCases.TC005_WF5_Send_SMS_ETR_S - 8,000 entered in  input
15:55:09.807 [main] INFO  testCases.TC005_WF5_Send_SMS_ETR_S - http://www.google.com/ entered in  input
15:55:13.358 [main] INFO  testCases.TC005_WF5_Send_SMS_ETR_S - [Dr.] is selected in List
15:55:13.876 [main] INFO  testCases.TC005_WF5_Send_SMS_ETR_S - TestNames entered in  input
15:55:14.529 [main] INFO  testCases.TC005_WF5_Send_SMS_ETR_S - testEnquiry@test.com entered in  input
15:55:15.288 [main] INFO  testCases.TC005_WF5_Send_SMS_ETR_S - Enquired about real estate entered in  input
15:55:22.625 [main] INFO  testCases.TC005_WF5_Send_SMS_ETR_S - RSoft World-Class CRM Software (Customer Relationship Management) solution has been helping all kinds of small and medium businesses to organise, automate and improve their business. Our 15+ years of experience in Sales and Marketing. RSoft makes your business run transparently and intelligently which projects your brand image and win your customers satisfaction. RSoft is way ahead of other CRM's with its new generation features. entered in  textarea
15:55:25.812 [main] INFO  testCases.TC005_WF5_Send_SMS_ETR_S - (//td[contains(@class,'today')])[2]
15:55:31.873 [main] INFO  testCases.TC005_WF5_Send_SMS_ETR_S - [+60] is selected in List
15:55:33.559 [main] INFO  testCases.TC005_WF5_Send_SMS_ETR_S - 3900686622 entered in  input
15:55:37.398 [main] INFO  testCases.TC005_WF5_Send_SMS_ETR_S - [Ordinary] is selected in List
15:55:42.931 [main] INFO  testCases.TC005_WF5_Send_SMS_ETR_S - [+91] is selected in List
15:55:44.535 [main] INFO  testCases.TC005_WF5_Send_SMS_ETR_S - 4399936194 entered in  input
15:55:45.049 [main] INFO  testCases.TC005_WF5_Send_SMS_ETR_S - Lead@rsoft.in entered in  input
15:55:45.535 [main] INFO  testCases.TC005_WF5_Send_SMS_ETR_S - Sample Text entered in  input
15:55:50.158 [main] INFO  testCases.TC005_WF5_Send_SMS_ETR_S - [+60] is selected in List
15:55:52.145 [main] INFO  testCases.TC005_WF5_Send_SMS_ETR_S - 3830231843 entered in  input
15:55:52.679 [main] INFO  testCases.TC005_WF5_Send_SMS_ETR_S - Sales@rsoft.in entered in  input
15:56:09.831 [main] INFO  testCases.TC005_WF5_Send_SMS_ETR_S - Excel file Utility instance created
15:56:09.884 [main] INFO  testCases.TC005_WF5_Send_SMS_ETR_S - Row Count is: 1
15:56:09.897 [main] INFO  testCases.TC005_WF5_Send_SMS_ETR_S - Col Count is: 52
15:56:09.897 [main] INFO  testCases.TC005_WF5_Send_SMS_ETR_S - Extracting DataSheet Values started...
15:56:10.769 [main] INFO  testCases.TC005_WF5_Send_SMS_ETR_S - Module Name : Summary Add Data Validation Passed : Actual Value is: CRMNotificationExpected Value is: CRMNotification
15:56:12.316 [main] INFO  testCases.TC005_WF5_Send_SMS_ETR_S - Summary Text:  Summary Add Data Validation Passed : Actual Value is: Testing ETRSExpected Value is: Testing ETRS
15:56:13.595 [main] INFO  testCases.TC005_WF5_Send_SMS_ETR_S - Mobile Title: Summary Add Data Validation Passed : Actual Value is: +65 7134669578Expected Value is: +65 7134669578
15:56:14.845 [main] INFO  testCases.TC005_WF5_Send_SMS_ETR_S - Email: Summary Add Data Validation Passed : Actual Value is: sudhakar@rsoft.inExpected Value is: sudhakar@rsoft.in
15:56:21.817 [main] INFO  testCases.TC005_WF5_Send_SMS_ETR_S - Summary AssignedTo:  Summary Add Data Validation Passed : Actual Value is: Sudhakar VEExpected Value is: Sudhakar VE
15:56:23.184 [main] INFO  testCases.TC005_WF5_Send_SMS_ETR_S - Summary Text:  Summary Add Data Validation Passed : Actual Value is: Testing ETRSExpected Value is: Testing ETRS
15:56:24.530 [main] INFO  testCases.TC005_WF5_Send_SMS_ETR_S - Summary Mobile Number:  Summary Add Data Validation Passed : Actual Value is: +65 7134669578Expected Value is: +65 7134669578
15:56:25.853 [main] INFO  testCases.TC005_WF5_Send_SMS_ETR_S - Summary Email :  Summary Add Data Validation Passed : Actual Value is: sudhakar@rsoft.inExpected Value is: sudhakar@rsoft.in
15:56:27.202 [main] INFO  testCases.TC005_WF5_Send_SMS_ETR_S - Summary PicListValue :  Summary Add Data Validation Passed : Actual Value is: 3Expected Value is: 3
15:56:28.615 [main] INFO  testCases.TC005_WF5_Send_SMS_ETR_S - Summary MuultiCombo Values :  Summary Add Data Validation Passed : Actual Value is: oneExpected Value is: one
15:56:30.002 [main] INFO  testCases.TC005_WF5_Send_SMS_ETR_S - Summary City:  Summary Add Data Validation Passed : Actual Value is: KanchipuramExpected Value is: Kanchipuram
15:56:31.376 [main] INFO  testCases.TC005_WF5_Send_SMS_ETR_S - Summary State:  Summary Add Data Validation Passed : Actual Value is: TamilnaduExpected Value is: Tamilnadu
15:56:32.714 [main] INFO  testCases.TC005_WF5_Send_SMS_ETR_S - Summary Country:  Summary Add Data Validation Passed : Actual Value is: IndiaExpected Value is: India
15:56:34.100 [main] INFO  testCases.TC005_WF5_Send_SMS_ETR_S - Summary CheckBox:  Summary Add Data Validation Passed : Actual Value is: YesExpected Value is: Yes
15:56:35.448 [main] INFO  testCases.TC005_WF5_Send_SMS_ETR_S - Summary Date:  Summary Add Data Validation Passed : Actual Value is: 2023-12-30Expected Value is: 2023-12-30
