18:18:15.130 [main] INFO  testCases.TC013_CreateEntity_OOF_S_NewValues - Email Added is: AddNew@rsoft.in
18:18:16.302 [main] INFO  testCases.TC013_CreateEntity_OOF_S_NewValues - Picklist clicked
18:18:17.521 [main] INFO  testCases.TC013_CreateEntity_OOF_S_NewValues - Picklist selected: 3
18:18:45.294 [main] INFO  testCases.TC013_CreateEntity_OOF_S_NewValues - MultiCombo box values: one
18:18:46.488 [main] INFO  testCases.TC013_CreateEntity_OOF_S_NewValues - City Drop Down clicked
18:18:50.085 [main] INFO  testCases.TC013_CreateEntity_OOF_S_NewValues - [Kanchipuram] is selected in List
18:18:50.085 [main] INFO  testCases.TC013_CreateEntity_OOF_S_NewValues - City Selected: Kanchipuram
18:18:51.232 [main] INFO  testCases.TC013_CreateEntity_OOF_S_NewValues - State Drop Down clicked
18:18:55.349 [main] INFO  testCases.TC013_CreateEntity_OOF_S_NewValues - [Tamilnadu] is selected in List
18:18:55.349 [main] INFO  testCases.TC013_CreateEntity_OOF_S_NewValues - State Selected: Tamilnadu
18:18:56.479 [main] INFO  testCases.TC013_CreateEntity_OOF_S_NewValues - Country List clicked
18:18:59.902 [main] INFO  testCases.TC013_CreateEntity_OOF_S_NewValues - [India] is selected in List
18:18:59.902 [main] INFO  testCases.TC013_CreateEntity_OOF_S_NewValues - Country Selected: India
18:19:01.123 [main] INFO  testCases.TC013_CreateEntity_OOF_S_NewValues - Checkbox clicked
18:19:01.265 [main] INFO  testCases.TC013_CreateEntity_OOF_S_NewValues - DateBox clicked
18:19:04.276 [main] INFO  testCases.TC013_CreateEntity_OOF_S_NewValues - (//td[contains(@class,'today')])[1]
18:19:05.405 [main] INFO  testCases.TC013_CreateEntity_OOF_S_NewValues - Today Date Selected
18:19:06.519 [main] INFO  testCases.TC013_CreateEntity_OOF_S_NewValues - Time Clicked
18:19:09.527 [main] INFO  testCases.TC013_CreateEntity_OOF_S_NewValues - Hours://div[@class='popover-content']//div[@class='clockpicker-tick' and text()='2']
18:19:19.942 [main] INFO  testCases.TC013_CreateEntity_OOF_S_NewValues - Time Selected is: 02:36 PM
18:19:21.215 [main] INFO  testCases.TC013_CreateEntity_OOF_S_NewValues - Date & Time Clicked
18:19:26.229 [main] INFO  testCases.TC013_CreateEntity_OOF_S_NewValues - (//td[contains(@class,'today')])[2]
18:19:29.451 [main] INFO  testCases.TC013_CreateEntity_OOF_S_NewValues - Clicked Current Date in Date&Time
18:19:29.671 [main] INFO  testCases.TC013_CreateEntity_OOF_S_NewValues - Date & Time Selected
18:19:31.680 [main] INFO  testCases.TC013_CreateEntity_OOF_S_NewValues - Add New Text entered in  input
18:19:46.410 [main] INFO  testCases.TC013_CreateEntity_OOF_S_NewValues - [Mrs.] is selected in List
18:19:47.871 [main] INFO  testCases.TC013_CreateEntity_OOF_S_NewValues - Steven entered in  input
18:19:49.472 [main] INFO  testCases.TC013_CreateEntity_OOF_S_NewValues - 11111111111 entered in  input
18:19:50.874 [main] INFO  testCases.TC013_CreateEntity_OOF_S_NewValues - 10000 entered in  input
18:19:52.510 [main] INFO  testCases.TC013_CreateEntity_OOF_S_NewValues - http://www.google.com/ entered in  input
18:19:56.061 [main] INFO  testCases.TC013_CreateEntity_OOF_S_NewValues - [Dr.] is selected in List
18:19:57.554 [main] INFO  testCases.TC013_CreateEntity_OOF_S_NewValues - Annie entered in  input
18:19:59.328 [main] INFO  testCases.TC013_CreateEntity_OOF_S_NewValues - AddNewEnquiry@gmail.com entered in  input
18:20:00.893 [main] INFO  testCases.TC013_CreateEntity_OOF_S_NewValues - Enquiry about Chatbot entered in  input
18:20:00.901 [main] INFO  testCases.TC013_CreateEntity_OOF_S_NewValues - Enqiry txt area:India's First Lead Management System with
"Auto Lead Call Distribution With Call Recording"
18:20:03.114 [main] INFO  testCases.TC013_CreateEntity_OOF_S_NewValues - India's First Lead Management System with
"Auto Lead Call Distribution With Call Recording" entered in  textarea
18:20:06.272 [main] INFO  testCases.TC013_CreateEntity_OOF_S_NewValues - (//td[contains(@class,'today')])[2]
18:20:12.506 [main] INFO  testCases.TC013_CreateEntity_OOF_S_NewValues - [+60] is selected in List
18:20:15.413 [main] INFO  testCases.TC013_CreateEntity_OOF_S_NewValues - 4581265866 entered in  input
18:20:21.646 [main] INFO  testCases.TC013_CreateEntity_OOF_S_NewValues - Enq Cat:Urgent
18:20:38.240 [main] INFO  testCases.TC013_CreateEntity_OOF_S_NewValues - [+91] is selected in List
18:20:40.870 [main] INFO  testCases.TC013_CreateEntity_OOF_S_NewValues - 9502010363 entered in  input
18:20:42.573 [main] INFO  testCases.TC013_CreateEntity_OOF_S_NewValues - AddNewLead@gmail.com entered in  input
18:20:44.174 [main] INFO  testCases.TC013_CreateEntity_OOF_S_NewValues - Lead about Chatbot entered in  input
18:20:48.733 [main] INFO  testCases.TC013_CreateEntity_OOF_S_NewValues - [+60] is selected in List
18:20:51.448 [main] INFO  testCases.TC013_CreateEntity_OOF_S_NewValues - 1410139023 entered in  input
18:20:53.152 [main] INFO  testCases.TC013_CreateEntity_OOF_S_NewValues - AddNewSales@gmail.com entered in  input
18:21:16.428 [main] INFO  testCases.TC013_CreateEntity_OOF_S_NewValues - Actual List Item:1is: Leads
18:21:16.428 [main] INFO  testCases.TC013_CreateEntity_OOF_S_NewValues - Expected List Item:CreateEntityTarget
18:21:16.512 [main] INFO  testCases.TC013_CreateEntity_OOF_S_NewValues - Actual List Item:2is: Tickets
18:21:16.512 [main] INFO  testCases.TC013_CreateEntity_OOF_S_NewValues - Expected List Item:CreateEntityTarget
18:21:16.589 [main] INFO  testCases.TC013_CreateEntity_OOF_S_NewValues - Actual List Item:3is: ENQUIRY MODULE
18:21:16.589 [main] INFO  testCases.TC013_CreateEntity_OOF_S_NewValues - Expected List Item:CreateEntityTarget
18:21:16.660 [main] INFO  testCases.TC013_CreateEntity_OOF_S_NewValues - Actual List Item:4is: LEAD MODULE
18:21:16.660 [main] INFO  testCases.TC013_CreateEntity_OOF_S_NewValues - Expected List Item:CreateEntityTarget
18:21:16.728 [main] INFO  testCases.TC013_CreateEntity_OOF_S_NewValues - Actual List Item:5is: OPPORTUNITY MODULE
18:21:16.728 [main] INFO  testCases.TC013_CreateEntity_OOF_S_NewValues - Expected List Item:CreateEntityTarget
18:21:16.795 [main] INFO  testCases.TC013_CreateEntity_OOF_S_NewValues - Actual List Item:6is: PRIYAN TM ONE
18:21:16.795 [main] INFO  testCases.TC013_CreateEntity_OOF_S_NewValues - Expected List Item:CreateEntityTarget
18:21:16.878 [main] INFO  testCases.TC013_CreateEntity_OOF_S_NewValues - Actual List Item:7is: PRIYAN TM TWO
18:21:16.878 [main] INFO  testCases.TC013_CreateEntity_OOF_S_NewValues - Expected List Item:CreateEntityTarget
18:21:16.945 [main] INFO  testCases.TC013_CreateEntity_OOF_S_NewValues - Actual List Item:8is: IVR Providers
18:21:16.945 [main] INFO  testCases.TC013_CreateEntity_OOF_S_NewValues - Expected List Item:CreateEntityTarget
18:21:17.045 [main] INFO  testCases.TC013_CreateEntity_OOF_S_NewValues - Actual List Item:9is: PDF Makers
18:21:17.045 [main] INFO  testCases.TC013_CreateEntity_OOF_S_NewValues - Expected List Item:CreateEntityTarget
18:21:17.095 [main] INFO  testCases.TC013_CreateEntity_OOF_S_NewValues - Actual List Item:10is: Chats
18:21:17.095 [main] INFO  testCases.TC013_CreateEntity_OOF_S_NewValues - Expected List Item:CreateEntityTarget
18:21:17.178 [main] INFO  testCases.TC013_CreateEntity_OOF_S_NewValues - Actual List Item:11is: PRODUCTS
18:21:17.178 [main] INFO  testCases.TC013_CreateEntity_OOF_S_NewValues - Expected List Item:CreateEntityTarget
18:21:17.248 [main] INFO  testCases.TC013_CreateEntity_OOF_S_NewValues - Actual List Item:12is: Email Templates
18:21:17.248 [main] INFO  testCases.TC013_CreateEntity_OOF_S_NewValues - Expected List Item:CreateEntityTarget
18:21:17.311 [main] INFO  testCases.TC013_CreateEntity_OOF_S_NewValues - Actual List Item:13is: SMS Templates
18:21:17.311 [main] INFO  testCases.TC013_CreateEntity_OOF_S_NewValues - Expected List Item:CreateEntityTarget
18:21:17.377 [main] INFO  testCases.TC013_CreateEntity_OOF_S_NewValues - Actual List Item:14is: WhatsApp Templates
18:21:17.377 [main] INFO  testCases.TC013_CreateEntity_OOF_S_NewValues - Expected List Item:CreateEntityTarget
18:21:17.444 [main] INFO  testCases.TC013_CreateEntity_OOF_S_NewValues - Actual List Item:15is: Emails
18:21:17.444 [main] INFO  testCases.TC013_CreateEntity_OOF_S_NewValues - Expected List Item:CreateEntityTarget
18:21:17.523 [main] INFO  testCases.TC013_CreateEntity_OOF_S_NewValues - Actual List Item:16is: SMS Notifiers
18:21:17.523 [main] INFO  testCases.TC013_CreateEntity_OOF_S_NewValues - Expected List Item:CreateEntityTarget
18:21:17.576 [main] INFO  testCases.TC013_CreateEntity_OOF_S_NewValues - Actual List Item:17is: Notifications
18:21:17.576 [main] INFO  testCases.TC013_CreateEntity_OOF_S_NewValues - Expected List Item:CreateEntityTarget
18:21:17.645 [main] INFO  testCases.TC013_CreateEntity_OOF_S_NewValues - Actual List Item:18is: Documents
18:21:17.645 [main] INFO  testCases.TC013_CreateEntity_OOF_S_NewValues - Expected List Item:CreateEntityTarget
18:21:17.711 [main] INFO  testCases.TC013_CreateEntity_OOF_S_NewValues - Actual List Item:19is: Mail Manager
18:21:17.711 [main] INFO  testCases.TC013_CreateEntity_OOF_S_NewValues - Expected List Item:CreateEntityTarget
18:21:17.781 [main] INFO  testCases.TC013_CreateEntity_OOF_S_NewValues - Actual List Item:20is: Track Locations
18:21:17.781 [main] INFO  testCases.TC013_CreateEntity_OOF_S_NewValues - Expected List Item:CreateEntityTarget
18:21:17.849 [main] INFO  testCases.TC013_CreateEntity_OOF_S_NewValues - Actual List Item:21is: Attendances
18:21:17.849 [main] INFO  testCases.TC013_CreateEntity_OOF_S_NewValues - Expected List Item:CreateEntityTarget
18:21:17.929 [main] INFO  testCases.TC013_CreateEntity_OOF_S_NewValues - Actual List Item:22is: Tipone
18:21:17.929 [main] INFO  testCases.TC013_CreateEntity_OOF_S_NewValues - Expected List Item:CreateEntityTarget
18:21:17.992 [main] INFO  testCases.TC013_CreateEntity_OOF_S_NewValues - Actual List Item:23is: Designer
18:21:17.992 [main] INFO  testCases.TC013_CreateEntity_OOF_S_NewValues - Expected List Item:CreateEntityTarget
18:21:18.060 [main] INFO  testCases.TC013_CreateEntity_OOF_S_NewValues - Actual List Item:24is: New Data
18:21:18.060 [main] INFO  testCases.TC013_CreateEntity_OOF_S_NewValues - Expected List Item:CreateEntityTarget
18:21:18.123 [main] INFO  testCases.TC013_CreateEntity_OOF_S_NewValues - Actual List Item:25is: SourceA
18:21:18.123 [main] INFO  testCases.TC013_CreateEntity_OOF_S_NewValues - Expected List Item:CreateEntityTarget
18:21:18.177 [main] INFO  testCases.TC013_CreateEntity_OOF_S_NewValues - Actual List Item:26is: TargetA
18:21:18.177 [main] INFO  testCases.TC013_CreateEntity_OOF_S_NewValues - Expected List Item:CreateEntityTarget
18:21:18.244 [main] INFO  testCases.TC013_CreateEntity_OOF_S_NewValues - Actual List Item:27is: CreateEntitySource
18:21:18.244 [main] INFO  testCases.TC013_CreateEntity_OOF_S_NewValues - Expected List Item:CreateEntityTarget
18:21:18.311 [main] INFO  testCases.TC013_CreateEntity_OOF_S_NewValues - Actual List Item:28is: CreateEntityTarget
18:21:18.311 [main] INFO  testCases.TC013_CreateEntity_OOF_S_NewValues - Expected List Item:CreateEntityTarget
18:21:21.376 [main] INFO  testCases.TC013_CreateEntity_OOF_S_NewValues - Excel file Utility instance created
18:21:21.451 [main] INFO  testCases.TC013_CreateEntity_OOF_S_NewValues - Row Count is: 1
18:21:21.555 [main] INFO  testCases.TC013_CreateEntity_OOF_S_NewValues - Col Count is: 54
18:21:21.555 [main] INFO  testCases.TC013_CreateEntity_OOF_S_NewValues - Extracting DataSheet Values started...
18:21:33.195 [main] INFO  testCases.TC013_CreateEntity_OOF_S_NewValues - Header Toggle Already ON
18:21:34.066 [main] INFO  testCases.TC013_CreateEntity_OOF_S_NewValues - Entity Module Name:CreateEntityTarget
18:21:34.066 [main] INFO  testCases.TC013_CreateEntity_OOF_S_NewValues - Actual:CreateEntityTargetExpected:CreateEntityTarget Module Name : Create Entity in Target
18:21:34.066 [main] INFO  testCases.TC013_CreateEntity_OOF_S_NewValues - Module Name : Create Entity in Target Passed : Actual Value is: CreateEntityTargetExpected Value is: CreateEntityTarget
18:21:35.980 [main] INFO  testCases.TC013_CreateEntity_OOF_S_NewValues - Actual:Sudhakar VEExpected:Sudhakar VE Assigned To Title: Create Entity in Target
18:21:35.980 [main] INFO  testCases.TC013_CreateEntity_OOF_S_NewValues - Assigned To Title: Create Entity in Target Passed : Actual Value is: Sudhakar VEExpected Value is: Sudhakar VE
18:21:37.261 [main] INFO  testCases.TC013_CreateEntity_OOF_S_NewValues - Actual:+65 7993016645Expected:+65 7993016645 Mobile Number Title : Create Entity in Target
18:21:37.261 [main] INFO  testCases.TC013_CreateEntity_OOF_S_NewValues - Mobile Number Title : Create Entity in Target Passed : Actual Value is: +65 7993016645Expected Value is: +65 7993016645
18:21:38.508 [main] INFO  testCases.TC013_CreateEntity_OOF_S_NewValues - Actual:AddNew@rsoft.inExpected:AddNew@rsoft.in Email Title: Create Entity in Target
18:21:38.508 [main] INFO  testCases.TC013_CreateEntity_OOF_S_NewValues - Email Title: Create Entity in Target Passed : Actual Value is: AddNew@rsoft.inExpected Value is: AddNew@rsoft.in
18:21:43.276 [main] INFO  testCases.TC013_CreateEntity_OOF_S_NewValues - Actual:Sudhakar VEExpected:Sudhakar VE Summary AssignedTo:  Create Entity in Target
18:21:43.277 [main] INFO  testCases.TC013_CreateEntity_OOF_S_NewValues - Summary AssignedTo:  Create Entity in Target Passed : Actual Value is: Sudhakar VEExpected Value is: Sudhakar VE
18:21:44.619 [main] INFO  testCases.TC013_CreateEntity_OOF_S_NewValues - Actual:Add New TextExpected:Add New Text Summary Text:  Create Entity in Target
18:21:44.619 [main] INFO  testCases.TC013_CreateEntity_OOF_S_NewValues - Summary Text:  Create Entity in Target Passed : Actual Value is: Add New TextExpected Value is: Add New Text
18:21:45.966 [main] INFO  testCases.TC013_CreateEntity_OOF_S_NewValues - Actual:+65 7993016645Expected:+65 7993016645 Summary Mobile Number:  Create Entity in Target
18:21:45.966 [main] INFO  testCases.TC013_CreateEntity_OOF_S_NewValues - Summary Mobile Number:  Create Entity in Target Passed : Actual Value is: +65 7993016645Expected Value is: +65 7993016645
18:21:47.325 [main] INFO  testCases.TC013_CreateEntity_OOF_S_NewValues - Actual:AddNew@rsoft.inExpected:AddNew@rsoft.in Summary Email :  Create Entity in Target
18:21:47.325 [main] INFO  testCases.TC013_CreateEntity_OOF_S_NewValues - Summary Email :  Create Entity in Target Passed : Actual Value is: AddNew@rsoft.inExpected Value is: AddNew@rsoft.in
18:21:48.636 [main] INFO  testCases.TC013_CreateEntity_OOF_S_NewValues - Actual:3Expected:3 Summary PicListValue :  Create Entity in Target
18:21:48.636 [main] INFO  testCases.TC013_CreateEntity_OOF_S_NewValues - Summary PicListValue :  Create Entity in Target Passed : Actual Value is: 3Expected Value is: 3
18:21:49.962 [main] INFO  testCases.TC013_CreateEntity_OOF_S_NewValues - Actual:oneExpected:one Summary MuultiCombo Values :  Create Entity in Target
18:21:49.963 [main] INFO  testCases.TC013_CreateEntity_OOF_S_NewValues - Summary MuultiCombo Values :  Create Entity in Target Passed : Actual Value is: oneExpected Value is: one
18:21:51.303 [main] INFO  testCases.TC013_CreateEntity_OOF_S_NewValues - Actual:KanchipuramExpected:Kanchipuram Summary City:  Create Entity in Target
18:21:51.304 [main] INFO  testCases.TC013_CreateEntity_OOF_S_NewValues - Summary City:  Create Entity in Target Passed : Actual Value is: KanchipuramExpected Value is: Kanchipuram
18:21:52.623 [main] INFO  testCases.TC013_CreateEntity_OOF_S_NewValues - Actual:TamilnaduExpected:Tamilnadu Summary State:  Create Entity in Target
18:21:52.623 [main] INFO  testCases.TC013_CreateEntity_OOF_S_NewValues - Summary State:  Create Entity in Target Passed : Actual Value is: TamilnaduExpected Value is: Tamilnadu
18:21:53.937 [main] INFO  testCases.TC013_CreateEntity_OOF_S_NewValues - Actual:IndiaExpected:India Summary Country:  Create Entity in Target
18:21:53.937 [main] INFO  testCases.TC013_CreateEntity_OOF_S_NewValues - Summary Country:  Create Entity in Target Passed : Actual Value is: IndiaExpected Value is: India
18:21:55.268 [main] INFO  testCases.TC013_CreateEntity_OOF_S_NewValues - Actual:YesExpected:Yes Summary CheckBox:  Create Entity in Target
18:21:55.269 [main] INFO  testCases.TC013_CreateEntity_OOF_S_NewValues - Summary CheckBox:  Create Entity in Target Passed : Actual Value is: YesExpected Value is: Yes
18:21:56.590 [main] INFO  testCases.TC013_CreateEntity_OOF_S_NewValues - Actual:2024-03-13Expected:2024-03-13 Summary Date:  Create Entity in Target
18:21:56.590 [main] INFO  testCases.TC013_CreateEntity_OOF_S_NewValues - Summary Date:  Create Entity in Target Passed : Actual Value is: 2024-03-13Expected Value is: 2024-03-13
18:21:58.005 [main] INFO  testCases.TC013_CreateEntity_OOF_S_NewValues - Actual:02:35:55 PMExpected:02:35:55 PM Summary Time:  Create Entity in Target
18:21:58.006 [main] INFO  testCases.TC013_CreateEntity_OOF_S_NewValues - Summary Time:  Create Entity in Target Passed : Actual Value is: 02:35:55 PMExpected Value is: 02:35:55 PM
18:21:59.355 [main] INFO  testCases.TC013_CreateEntity_OOF_S_NewValues - Actual:2024-03-13 06:17:53 PMExpected:2024-03-13 06:17:53 PM Summary Date & Time :  Create Entity in Target
18:21:59.355 [main] INFO  testCases.TC013_CreateEntity_OOF_S_NewValues - Summary Date & Time :  Create Entity in Target Passed : Actual Value is: 2024-03-13 06:17:53 PMExpected Value is: 2024-03-13 06:17:53 PM
18:22:00.755 [main] INFO  testCases.TC013_CreateEntity_OOF_S_NewValues - Actual:annie-sprattExpected:annie-spratt Summary File Upload :  Create Entity in Target
18:22:00.755 [main] INFO  testCases.TC013_CreateEntity_OOF_S_NewValues - Summary File Upload :  Create Entity in Target Passed : Actual Value is: annie-sprattExpected Value is: annie-spratt
18:22:02.069 [main] INFO  testCases.TC013_CreateEntity_OOF_S_NewValues - Actual:Mrs. StevenExpected:Mrs. Steven Summary Name:  Create Entity in Target
18:22:02.069 [main] INFO  testCases.TC013_CreateEntity_OOF_S_NewValues - Summary Name:  Create Entity in Target Passed : Actual Value is: Mrs. StevenExpected Value is: Mrs. Steven
18:22:03.512 [main] INFO  testCases.TC013_CreateEntity_OOF_S_NewValues - Actual:11111111111Expected:11111111111 Summary Number:  Create Entity in Target
18:22:03.512 [main] INFO  testCases.TC013_CreateEntity_OOF_S_NewValues - Summary Number:  Create Entity in Target Passed : Actual Value is: 11111111111Expected Value is: 11111111111
18:22:04.841 [main] INFO  testCases.TC013_CreateEntity_OOF_S_NewValues - Actual:10000Expected:10000 Summary Currency:  Create Entity in Target
18:22:04.841 [main] INFO  testCases.TC013_CreateEntity_OOF_S_NewValues - Summary Currency:  Create Entity in Target Passed : Actual Value is: 10000Expected Value is: 10000
18:22:06.143 [main] INFO  testCases.TC013_CreateEntity_OOF_S_NewValues - Actual:http://www.google.com/Expected:http://www.google.com/ Summary Url:  Create Entity in Target
18:22:06.143 [main] INFO  testCases.TC013_CreateEntity_OOF_S_NewValues - Summary Url:  Create Entity in Target Passed : Actual Value is: http://www.google.com/Expected Value is: http://www.google.com/
18:22:07.917 [main] INFO  testCases.TC013_CreateEntity_OOF_S_NewValues - Actual:Dr. AnnieExpected:Dr. Annie Summary Enquiry Name:  Create Entity in Target
18:22:07.918 [main] INFO  testCases.TC013_CreateEntity_OOF_S_NewValues - Summary Enquiry Name:  Create Entity in Target Passed : Actual Value is: Dr. AnnieExpected Value is: Dr. Annie
18:22:09.225 [main] INFO  testCases.TC013_CreateEntity_OOF_S_NewValues - Actual:AddNewEnquiry@gmail.comExpected:AddNewEnquiry@gmail.com Summary Enquiry Email:  Create Entity in Target
18:22:09.225 [main] INFO  testCases.TC013_CreateEntity_OOF_S_NewValues - Summary Enquiry Email:  Create Entity in Target Passed : Actual Value is: AddNewEnquiry@gmail.comExpected Value is: AddNewEnquiry@gmail.com
18:22:10.552 [main] INFO  testCases.TC013_CreateEntity_OOF_S_NewValues - Actual:Enquiry about ChatbotExpected:Enquiry about Chatbot Summary Enquiry Text:  Create Entity in Target
18:22:10.552 [main] INFO  testCases.TC013_CreateEntity_OOF_S_NewValues - Summary Enquiry Text:  Create Entity in Target Passed : Actual Value is: Enquiry about ChatbotExpected Value is: Enquiry about Chatbot
18:22:11.892 [main] INFO  testCases.TC013_CreateEntity_OOF_S_NewValues - Actual:India's First Lead Management System with
"Auto Lead Call Distribution With Call Recording"Expected:India's First Lead Management System with
"Auto Lead Call Distribution With Call Recording" Summary Enquiry Text Area:  Create Entity in Target
18:22:11.893 [main] INFO  testCases.TC013_CreateEntity_OOF_S_NewValues - Summary Enquiry Text Area:  Create Entity in Target Passed : Actual Value is: India's First Lead Management System with
"Auto Lead Call Distribution With Call Recording"Expected Value is: India's First Lead Management System with
"Auto Lead Call Distribution With Call Recording"
18:22:13.222 [main] INFO  testCases.TC013_CreateEntity_OOF_S_NewValues - Actual:2024-03-13Expected:2024-03-13 Summary Enquiry Date:  Create Entity in Target
18:22:13.222 [main] INFO  testCases.TC013_CreateEntity_OOF_S_NewValues - Summary Enquiry Date:  Create Entity in Target Passed : Actual Value is: 2024-03-13Expected Value is: 2024-03-13
18:22:14.607 [main] INFO  testCases.TC013_CreateEntity_OOF_S_NewValues - Actual:+60 4581265866Expected:+60 4581265866 Summary Enquiry Phone Number:  Create Entity in Target
18:22:14.607 [main] INFO  testCases.TC013_CreateEntity_OOF_S_NewValues - Summary Enquiry Phone Number:  Create Entity in Target Passed : Actual Value is: +60 4581265866Expected Value is: +60 4581265866
18:22:15.957 [main] INFO  testCases.TC013_CreateEntity_OOF_S_NewValues - Actual:OrdinaryExpected:Urgent Summary Enquiry Category:  Create Entity in Target
18:22:15.957 [main] INFO  testCases.TC013_CreateEntity_OOF_S_NewValues - Summary Enquiry Category:  Create Entity in Target Failed : Actual Value is: OrdinaryExpected Value is: Urgent
18:22:17.319 [main] INFO  testCases.TC013_CreateEntity_OOF_S_NewValues - Actual:+91 9502010363Expected:+91 9502010363 Summary Lead PhoneNumber:  Create Entity in Target
18:22:17.319 [main] INFO  testCases.TC013_CreateEntity_OOF_S_NewValues - Summary Lead PhoneNumber:  Create Entity in Target Passed : Actual Value is: +91 9502010363Expected Value is: +91 9502010363
18:22:18.873 [main] INFO  testCases.TC013_CreateEntity_OOF_S_NewValues - Actual:AddNewLead@gmail.comExpected:AddNewLead@gmail.com Summary Lead Email:  Create Entity in Target
18:22:18.874 [main] INFO  testCases.TC013_CreateEntity_OOF_S_NewValues - Summary Lead Email:  Create Entity in Target Passed : Actual Value is: AddNewLead@gmail.comExpected Value is: AddNewLead@gmail.com
18:22:20.190 [main] INFO  testCases.TC013_CreateEntity_OOF_S_NewValues - Actual:Lead about ChatbotExpected:Lead about Chatbot Summary Lead Text:  Create Entity in Target
18:22:20.190 [main] INFO  testCases.TC013_CreateEntity_OOF_S_NewValues - Summary Lead Text:  Create Entity in Target Passed : Actual Value is: Lead about ChatbotExpected Value is: Lead about Chatbot
18:22:21.555 [main] INFO  testCases.TC013_CreateEntity_OOF_S_NewValues - Actual:+60 1410139023Expected:+60 1410139023 Summary Sales PhoneNumber:  Create Entity in Target
18:22:21.555 [main] INFO  testCases.TC013_CreateEntity_OOF_S_NewValues - Summary Sales PhoneNumber:  Create Entity in Target Passed : Actual Value is: +60 1410139023Expected Value is: +60 1410139023
18:22:22.878 [main] INFO  testCases.TC013_CreateEntity_OOF_S_NewValues - Actual:AddNewSales@gmail.comExpected:AddNewSales@gmail.com Summary Sales Email:  Create Entity in Target
18:22:22.879 [main] INFO  testCases.TC013_CreateEntity_OOF_S_NewValues - Summary Sales Email:  Create Entity in Target Passed : Actual Value is: AddNewSales@gmail.comExpected Value is: AddNewSales@gmail.com
18:22:24.771 [main] INFO  testCases.TC013_CreateEntity_OOF_S_NewValues - Summary View Set ON
18:22:27.911 [main] INFO  testCases.TC013_CreateEntity_OOF_S_NewValues - Actual:Sudhakar VEExpected:Sudhakar VE Detail View AssignedTo:  Create Entity in Target
18:22:27.911 [main] INFO  testCases.TC013_CreateEntity_OOF_S_NewValues - Detail View AssignedTo:  Create Entity in Target Passed : Actual Value is: Sudhakar VEExpected Value is: Sudhakar VE
18:22:29.303 [main] INFO  testCases.TC013_CreateEntity_OOF_S_NewValues - Actual:Add New TextExpected:Add New Text Detail View Text:  Create Entity in Target
18:22:29.303 [main] INFO  testCases.TC013_CreateEntity_OOF_S_NewValues - Detail View Text:  Create Entity in Target Passed : Actual Value is: Add New TextExpected Value is: Add New Text
18:22:43.600 [main] INFO  testCases.TC013_CreateEntity_OOF_S_NewValues - Extent Test Node Created
18:22:43.606 [main] INFO  testCases.TC013_CreateEntity_OOF_S_NewValues - ******starting TC013_CreateEntity_OOF_S_NewValues ****
18:22:43.607 [main] INFO  testCases.TC013_CreateEntity_OOF_S_NewValues - Test Execution on Browser: chrome
18:22:43.607 [main] INFO  testCases.TC013_CreateEntity_OOF_S_NewValues - Browser:chrome
18:22:43.611 [main] INFO  testCases.TC013_CreateEntity_OOF_S_NewValues - Excel file Utility instance created
18:22:45.088 [main] INFO  testCases.TC013_CreateEntity_OOF_S_NewValues - Row Count is: 1
18:22:45.452 [main] INFO  testCases.TC013_CreateEntity_OOF_S_NewValues - Col Count is: 54
18:22:48.497 [main] INFO  testCases.TC013_CreateEntity_OOF_S_NewValues - Extracting DataSheet Values started...
18:22:51.887 [main] INFO  testCases.TC013_CreateEntity_OOF_S_NewValues - PN1:2755205778
18:22:51.887 [main] INFO  testCases.TC013_CreateEntity_OOF_S_NewValues - PN2:9592408391
18:22:51.887 [main] INFO  testCases.TC013_CreateEntity_OOF_S_NewValues - PN3:2159812193
18:22:51.887 [main] INFO  testCases.TC013_CreateEntity_OOF_S_NewValues - PN4:7605616696
18:23:01.909 [main] INFO  testCases.TC013_CreateEntity_OOF_S_NewValues - PRIYAN entered in  input
18:23:03.502 [main] INFO  testCases.TC013_CreateEntity_OOF_S_NewValues - Sudhakar entered in  input
18:23:05.121 [main] INFO  testCases.TC013_CreateEntity_OOF_S_NewValues - Automation@123 entered in  input
18:23:10.561 [main] INFO  testCases.TC013_CreateEntity_OOF_S_NewValues - CRM Login Success with:Sudhakar
18:23:10.561 [main] INFO  testCases.TC013_CreateEntity_OOF_S_NewValues - Actual:Login SuccessExpected:Login Success User: Sudhakar
18:23:10.561 [main] INFO  testCases.TC013_CreateEntity_OOF_S_NewValues - User: Sudhakar Passed : Actual Value is: Login SuccessExpected Value is: Login Success
18:23:20.805 [main] INFO  testCases.TC013_CreateEntity_OOF_S_NewValues - Actual List Item:1is: Leads
18:23:20.805 [main] INFO  testCases.TC013_CreateEntity_OOF_S_NewValues - Expected List Item:CreateEntitySource
18:23:20.876 [main] INFO  testCases.TC013_CreateEntity_OOF_S_NewValues - Actual List Item:2is: Tickets
18:23:20.876 [main] INFO  testCases.TC013_CreateEntity_OOF_S_NewValues - Expected List Item:CreateEntitySource
18:23:20.941 [main] INFO  testCases.TC013_CreateEntity_OOF_S_NewValues - Actual List Item:3is: ENQUIRY MODULE
18:23:20.941 [main] INFO  testCases.TC013_CreateEntity_OOF_S_NewValues - Expected List Item:CreateEntitySource
18:23:21.009 [main] INFO  testCases.TC013_CreateEntity_OOF_S_NewValues - Actual List Item:4is: LEAD MODULE
18:23:21.009 [main] INFO  testCases.TC013_CreateEntity_OOF_S_NewValues - Expected List Item:CreateEntitySource
18:23:21.091 [main] INFO  testCases.TC013_CreateEntity_OOF_S_NewValues - Actual List Item:5is: OPPORTUNITY MODULE
18:23:21.091 [main] INFO  testCases.TC013_CreateEntity_OOF_S_NewValues - Expected List Item:CreateEntitySource
18:23:21.159 [main] INFO  testCases.TC013_CreateEntity_OOF_S_NewValues - Actual List Item:6is: PRIYAN TM ONE
18:23:21.159 [main] INFO  testCases.TC013_CreateEntity_OOF_S_NewValues - Expected List Item:CreateEntitySource
18:23:21.226 [main] INFO  testCases.TC013_CreateEntity_OOF_S_NewValues - Actual List Item:7is: PRIYAN TM TWO
18:23:21.226 [main] INFO  testCases.TC013_CreateEntity_OOF_S_NewValues - Expected List Item:CreateEntitySource
18:23:21.292 [main] INFO  testCases.TC013_CreateEntity_OOF_S_NewValues - Actual List Item:8is: IVR Providers
18:23:21.292 [main] INFO  testCases.TC013_CreateEntity_OOF_S_NewValues - Expected List Item:CreateEntitySource
18:23:21.392 [main] INFO  testCases.TC013_CreateEntity_OOF_S_NewValues - Actual List Item:9is: PDF Makers
18:23:21.392 [main] INFO  testCases.TC013_CreateEntity_OOF_S_NewValues - Expected List Item:CreateEntitySource
18:23:21.459 [main] INFO  testCases.TC013_CreateEntity_OOF_S_NewValues - Actual List Item:10is: Chats
18:23:21.459 [main] INFO  testCases.TC013_CreateEntity_OOF_S_NewValues - Expected List Item:CreateEntitySource
18:23:21.508 [main] INFO  testCases.TC013_CreateEntity_OOF_S_NewValues - Actual List Item:11is: PRODUCTS
18:23:21.508 [main] INFO  testCases.TC013_CreateEntity_OOF_S_NewValues - Expected List Item:CreateEntitySource
18:23:21.593 [main] INFO  testCases.TC013_CreateEntity_OOF_S_NewValues - Actual List Item:12is: Email Templates
18:23:21.593 [main] INFO  testCases.TC013_CreateEntity_OOF_S_NewValues - Expected List Item:CreateEntitySource
18:23:21.657 [main] INFO  testCases.TC013_CreateEntity_OOF_S_NewValues - Actual List Item:13is: SMS Templates
18:23:21.657 [main] INFO  testCases.TC013_CreateEntity_OOF_S_NewValues - Expected List Item:CreateEntitySource
18:23:21.708 [main] INFO  testCases.TC013_CreateEntity_OOF_S_NewValues - Actual List Item:14is: WhatsApp Templates
18:23:21.708 [main] INFO  testCases.TC013_CreateEntity_OOF_S_NewValues - Expected List Item:CreateEntitySource
18:23:21.775 [main] INFO  testCases.TC013_CreateEntity_OOF_S_NewValues - Actual List Item:15is: Emails
18:23:21.775 [main] INFO  testCases.TC013_CreateEntity_OOF_S_NewValues - Expected List Item:CreateEntitySource
18:23:21.859 [main] INFO  testCases.TC013_CreateEntity_OOF_S_NewValues - Actual List Item:16is: SMS Notifiers
18:23:21.859 [main] INFO  testCases.TC013_CreateEntity_OOF_S_NewValues - Expected List Item:CreateEntitySource
18:23:21.943 [main] INFO  testCases.TC013_CreateEntity_OOF_S_NewValues - Actual List Item:17is: Notifications
18:23:21.943 [main] INFO  testCases.TC013_CreateEntity_OOF_S_NewValues - Expected List Item:CreateEntitySource
18:23:22.008 [main] INFO  testCases.TC013_CreateEntity_OOF_S_NewValues - Actual List Item:18is: Documents
18:23:22.008 [main] INFO  testCases.TC013_CreateEntity_OOF_S_NewValues - Expected List Item:CreateEntitySource
18:23:22.075 [main] INFO  testCases.TC013_CreateEntity_OOF_S_NewValues - Actual List Item:19is: Mail Manager
18:23:22.075 [main] INFO  testCases.TC013_CreateEntity_OOF_S_NewValues - Expected List Item:CreateEntitySource
18:23:22.142 [main] INFO  testCases.TC013_CreateEntity_OOF_S_NewValues - Actual List Item:20is: Track Locations
18:23:22.142 [main] INFO  testCases.TC013_CreateEntity_OOF_S_NewValues - Expected List Item:CreateEntitySource
18:23:22.208 [main] INFO  testCases.TC013_CreateEntity_OOF_S_NewValues - Actual List Item:21is: Attendances
18:23:22.208 [main] INFO  testCases.TC013_CreateEntity_OOF_S_NewValues - Expected List Item:CreateEntitySource
18:23:22.274 [main] INFO  testCases.TC013_CreateEntity_OOF_S_NewValues - Actual List Item:22is: Tipone
18:23:22.274 [main] INFO  testCases.TC013_CreateEntity_OOF_S_NewValues - Expected List Item:CreateEntitySource
18:23:22.359 [main] INFO  testCases.TC013_CreateEntity_OOF_S_NewValues - Actual List Item:23is: Designer
18:23:22.359 [main] INFO  testCases.TC013_CreateEntity_OOF_S_NewValues - Expected List Item:CreateEntitySource
18:23:22.427 [main] INFO  testCases.TC013_CreateEntity_OOF_S_NewValues - Actual List Item:24is: New Data
18:23:22.427 [main] INFO  testCases.TC013_CreateEntity_OOF_S_NewValues - Expected List Item:CreateEntitySource
18:23:22.491 [main] INFO  testCases.TC013_CreateEntity_OOF_S_NewValues - Actual List Item:25is: SourceA
18:23:22.491 [main] INFO  testCases.TC013_CreateEntity_OOF_S_NewValues - Expected List Item:CreateEntitySource
18:23:22.560 [main] INFO  testCases.TC013_CreateEntity_OOF_S_NewValues - Actual List Item:26is: TargetA
18:23:22.560 [main] INFO  testCases.TC013_CreateEntity_OOF_S_NewValues - Expected List Item:CreateEntitySource
18:23:22.640 [main] INFO  testCases.TC013_CreateEntity_OOF_S_NewValues - Actual List Item:27is: CreateEntitySource
18:23:22.640 [main] INFO  testCases.TC013_CreateEntity_OOF_S_NewValues - Expected List Item:CreateEntitySource
18:23:30.113 [main] INFO  testCases.TC013_CreateEntity_OOF_S_NewValues - Excel file Utility instance created
18:23:30.212 [main] INFO  testCases.TC013_CreateEntity_OOF_S_NewValues - Row Count is: 1
18:23:30.372 [main] INFO  testCases.TC013_CreateEntity_OOF_S_NewValues - Col Count is: 54
18:23:30.372 [main] INFO  testCases.TC013_CreateEntity_OOF_S_NewValues - Extracting DataSheet Values started...
18:23:31.259 [main] INFO  testCases.TC013_CreateEntity_OOF_S_NewValues - ETAIndia's First Lead Management System with
"Auto Lead Call Distribution With Call Recording"
18:23:31.926 [main] INFO  testCases.TC013_CreateEntity_OOF_S_NewValues - Before Adding Module data
18:23:35.073 [main] INFO  testCases.TC013_CreateEntity_OOF_S_NewValues - Assinged To Drop Down clicked
18:23:40.480 [main] INFO  testCases.TC013_CreateEntity_OOF_S_NewValues - [Sudhakar VE] is selected in List
18:23:40.480 [main] INFO  testCases.TC013_CreateEntity_OOF_S_NewValues - Assinged To Value Seleted is::  Sudhakar VE
18:23:42.163 [main] INFO  testCases.TC013_CreateEntity_OOF_S_NewValues - Add New Text entered in  input
18:23:42.179 [main] INFO  testCases.TC013_CreateEntity_OOF_S_NewValues - Text Value added is::  Add New Text
18:23:43.381 [main] INFO  testCases.TC013_CreateEntity_OOF_S_NewValues - Phone NUmber prefix clicked :  
18:23:46.781 [main] INFO  testCases.TC013_CreateEntity_OOF_S_NewValues - [+65] is selected in List
18:23:46.782 [main] INFO  testCases.TC013_CreateEntity_OOF_S_NewValues - Phone NUmber selected is :  2755205778
18:23:48.562 [main] INFO  testCases.TC013_CreateEntity_OOF_S_NewValues - 2755205778 entered in  input
18:23:51.245 [main] INFO  testCases.TC013_CreateEntity_OOF_S_NewValues - AddNew@rsoft.in entered in  input
18:23:52.273 [main] INFO  testCases.TC013_CreateEntity_OOF_S_NewValues - Email Added is: AddNew@rsoft.in
18:23:53.408 [main] INFO  testCases.TC013_CreateEntity_OOF_S_NewValues - Picklist clicked
18:23:54.634 [main] INFO  testCases.TC013_CreateEntity_OOF_S_NewValues - Picklist selected: 3
18:24:22.624 [main] INFO  testCases.TC013_CreateEntity_OOF_S_NewValues - MultiCombo box values: one
18:24:23.825 [main] INFO  testCases.TC013_CreateEntity_OOF_S_NewValues - City Drop Down clicked
18:24:27.442 [main] INFO  testCases.TC013_CreateEntity_OOF_S_NewValues - [Kanchipuram] is selected in List
18:24:27.442 [main] INFO  testCases.TC013_CreateEntity_OOF_S_NewValues - City Selected: Kanchipuram
18:24:28.631 [main] INFO  testCases.TC013_CreateEntity_OOF_S_NewValues - State Drop Down clicked
18:24:32.697 [main] INFO  testCases.TC013_CreateEntity_OOF_S_NewValues - [Tamilnadu] is selected in List
18:24:32.697 [main] INFO  testCases.TC013_CreateEntity_OOF_S_NewValues - State Selected: Tamilnadu
18:24:33.873 [main] INFO  testCases.TC013_CreateEntity_OOF_S_NewValues - Country List clicked
18:24:37.243 [main] INFO  testCases.TC013_CreateEntity_OOF_S_NewValues - [India] is selected in List
18:24:37.243 [main] INFO  testCases.TC013_CreateEntity_OOF_S_NewValues - Country Selected: India
18:24:38.510 [main] INFO  testCases.TC013_CreateEntity_OOF_S_NewValues - Checkbox clicked
18:24:38.665 [main] INFO  testCases.TC013_CreateEntity_OOF_S_NewValues - DateBox clicked
18:24:41.672 [main] INFO  testCases.TC013_CreateEntity_OOF_S_NewValues - (//td[contains(@class,'today')])[1]
18:24:42.831 [main] INFO  testCases.TC013_CreateEntity_OOF_S_NewValues - Today Date Selected
18:24:43.969 [main] INFO  testCases.TC013_CreateEntity_OOF_S_NewValues - Time Clicked
18:24:46.972 [main] INFO  testCases.TC013_CreateEntity_OOF_S_NewValues - Hours://div[@class='popover-content']//div[@class='clockpicker-tick' and text()='2']
18:24:57.474 [main] INFO  testCases.TC013_CreateEntity_OOF_S_NewValues - Time Selected is: 02:36 PM
18:24:58.799 [main] INFO  testCases.TC013_CreateEntity_OOF_S_NewValues - Date & Time Clicked
18:25:03.809 [main] INFO  testCases.TC013_CreateEntity_OOF_S_NewValues - (//td[contains(@class,'today')])[2]
18:25:07.057 [main] INFO  testCases.TC013_CreateEntity_OOF_S_NewValues - Clicked Current Date in Date&Time
18:25:07.273 [main] INFO  testCases.TC013_CreateEntity_OOF_S_NewValues - Date & Time Selected
18:25:09.361 [main] INFO  testCases.TC013_CreateEntity_OOF_S_NewValues - Add New Text entered in  input
18:25:24.048 [main] INFO  testCases.TC013_CreateEntity_OOF_S_NewValues - [Mrs.] is selected in List
18:25:25.558 [main] INFO  testCases.TC013_CreateEntity_OOF_S_NewValues - Steven entered in  input
18:25:27.160 [main] INFO  testCases.TC013_CreateEntity_OOF_S_NewValues - 11111111111 entered in  input
18:25:28.577 [main] INFO  testCases.TC013_CreateEntity_OOF_S_NewValues - 10000 entered in  input
18:25:30.242 [main] INFO  testCases.TC013_CreateEntity_OOF_S_NewValues - http://www.google.com/ entered in  input
18:25:33.772 [main] INFO  testCases.TC013_CreateEntity_OOF_S_NewValues - [Dr.] is selected in List
18:25:35.326 [main] INFO  testCases.TC013_CreateEntity_OOF_S_NewValues - Annie entered in  input
18:25:37.091 [main] INFO  testCases.TC013_CreateEntity_OOF_S_NewValues - AddNewEnquiry@gmail.com entered in  input
18:25:38.812 [main] INFO  testCases.TC013_CreateEntity_OOF_S_NewValues - Enquiry about Chatbot entered in  input
18:25:38.823 [main] INFO  testCases.TC013_CreateEntity_OOF_S_NewValues - Enqiry txt area:India's First Lead Management System with
"Auto Lead Call Distribution With Call Recording"
18:25:41.493 [main] INFO  testCases.TC013_CreateEntity_OOF_S_NewValues - India's First Lead Management System with
"Auto Lead Call Distribution With Call Recording" entered in  textarea
18:25:44.673 [main] INFO  testCases.TC013_CreateEntity_OOF_S_NewValues - (//td[contains(@class,'today')])[2]
18:25:50.715 [main] INFO  testCases.TC013_CreateEntity_OOF_S_NewValues - [+60] is selected in List
18:25:53.426 [main] INFO  testCases.TC013_CreateEntity_OOF_S_NewValues - 9592408391 entered in  input
18:25:56.607 [main] INFO  testCases.TC013_CreateEntity_OOF_S_NewValues - Enq Cat:Urgent
18:25:59.992 [main] INFO  testCases.TC013_CreateEntity_OOF_S_NewValues - [Urgent] is selected in List
18:26:06.602 [main] INFO  testCases.TC013_CreateEntity_OOF_S_NewValues - [+91] is selected in List
18:26:09.284 [main] INFO  testCases.TC013_CreateEntity_OOF_S_NewValues - 2159812193 entered in  input
18:26:10.993 [main] INFO  testCases.TC013_CreateEntity_OOF_S_NewValues - AddNewLead@gmail.com entered in  input
18:26:12.642 [main] INFO  testCases.TC013_CreateEntity_OOF_S_NewValues - Lead about Chatbot entered in  input
18:26:17.290 [main] INFO  testCases.TC013_CreateEntity_OOF_S_NewValues - [+60] is selected in List
18:26:19.927 [main] INFO  testCases.TC013_CreateEntity_OOF_S_NewValues - 7605616696 entered in  input
18:26:21.597 [main] INFO  testCases.TC013_CreateEntity_OOF_S_NewValues - AddNewSales@gmail.com entered in  input
18:26:44.556 [main] INFO  testCases.TC013_CreateEntity_OOF_S_NewValues - Actual List Item:1is: Leads
18:26:44.556 [main] INFO  testCases.TC013_CreateEntity_OOF_S_NewValues - Expected List Item:CreateEntityTarget
18:26:44.640 [main] INFO  testCases.TC013_CreateEntity_OOF_S_NewValues - Actual List Item:2is: Tickets
18:26:44.640 [main] INFO  testCases.TC013_CreateEntity_OOF_S_NewValues - Expected List Item:CreateEntityTarget
18:26:44.706 [main] INFO  testCases.TC013_CreateEntity_OOF_S_NewValues - Actual List Item:3is: ENQUIRY MODULE
18:26:44.706 [main] INFO  testCases.TC013_CreateEntity_OOF_S_NewValues - Expected List Item:CreateEntityTarget
18:26:44.793 [main] INFO  testCases.TC013_CreateEntity_OOF_S_NewValues - Actual List Item:4is: LEAD MODULE
18:26:44.793 [main] INFO  testCases.TC013_CreateEntity_OOF_S_NewValues - Expected List Item:CreateEntityTarget
18:26:44.874 [main] INFO  testCases.TC013_CreateEntity_OOF_S_NewValues - Actual List Item:5is: OPPORTUNITY MODULE
18:26:44.874 [main] INFO  testCases.TC013_CreateEntity_OOF_S_NewValues - Expected List Item:CreateEntityTarget
18:26:44.942 [main] INFO  testCases.TC013_CreateEntity_OOF_S_NewValues - Actual List Item:6is: PRIYAN TM ONE
18:26:44.942 [main] INFO  testCases.TC013_CreateEntity_OOF_S_NewValues - Expected List Item:CreateEntityTarget
18:26:45.022 [main] INFO  testCases.TC013_CreateEntity_OOF_S_NewValues - Actual List Item:7is: PRIYAN TM TWO
18:26:45.022 [main] INFO  testCases.TC013_CreateEntity_OOF_S_NewValues - Expected List Item:CreateEntityTarget
18:26:45.089 [main] INFO  testCases.TC013_CreateEntity_OOF_S_NewValues - Actual List Item:8is: IVR Providers
18:26:45.089 [main] INFO  testCases.TC013_CreateEntity_OOF_S_NewValues - Expected List Item:CreateEntityTarget
18:26:45.174 [main] INFO  testCases.TC013_CreateEntity_OOF_S_NewValues - Actual List Item:9is: PDF Makers
18:26:45.174 [main] INFO  testCases.TC013_CreateEntity_OOF_S_NewValues - Expected List Item:CreateEntityTarget
18:26:45.242 [main] INFO  testCases.TC013_CreateEntity_OOF_S_NewValues - Actual List Item:10is: Chats
18:26:45.242 [main] INFO  testCases.TC013_CreateEntity_OOF_S_NewValues - Expected List Item:CreateEntityTarget
18:26:45.322 [main] INFO  testCases.TC013_CreateEntity_OOF_S_NewValues - Actual List Item:11is: PRODUCTS
18:26:45.322 [main] INFO  testCases.TC013_CreateEntity_OOF_S_NewValues - Expected List Item:CreateEntityTarget
18:26:45.407 [main] INFO  testCases.TC013_CreateEntity_OOF_S_NewValues - Actual List Item:12is: Email Templates
18:26:45.407 [main] INFO  testCases.TC013_CreateEntity_OOF_S_NewValues - Expected List Item:CreateEntityTarget
18:26:45.472 [main] INFO  testCases.TC013_CreateEntity_OOF_S_NewValues - Actual List Item:13is: SMS Templates
18:26:45.472 [main] INFO  testCases.TC013_CreateEntity_OOF_S_NewValues - Expected List Item:CreateEntityTarget
18:26:45.543 [main] INFO  testCases.TC013_CreateEntity_OOF_S_NewValues - Actual List Item:14is: WhatsApp Templates
18:26:45.543 [main] INFO  testCases.TC013_CreateEntity_OOF_S_NewValues - Expected List Item:CreateEntityTarget
18:26:45.605 [main] INFO  testCases.TC013_CreateEntity_OOF_S_NewValues - Actual List Item:15is: Emails
18:26:45.605 [main] INFO  testCases.TC013_CreateEntity_OOF_S_NewValues - Expected List Item:CreateEntityTarget
18:26:45.671 [main] INFO  testCases.TC013_CreateEntity_OOF_S_NewValues - Actual List Item:16is: SMS Notifiers
18:26:45.671 [main] INFO  testCases.TC013_CreateEntity_OOF_S_NewValues - Expected List Item:CreateEntityTarget
18:26:45.772 [main] INFO  testCases.TC013_CreateEntity_OOF_S_NewValues - Actual List Item:17is: Notifications
18:26:45.772 [main] INFO  testCases.TC013_CreateEntity_OOF_S_NewValues - Expected List Item:CreateEntityTarget
18:26:45.821 [main] INFO  testCases.TC013_CreateEntity_OOF_S_NewValues - Actual List Item:18is: Documents
18:26:45.821 [main] INFO  testCases.TC013_CreateEntity_OOF_S_NewValues - Expected List Item:CreateEntityTarget
18:26:45.888 [main] INFO  testCases.TC013_CreateEntity_OOF_S_NewValues - Actual List Item:19is: Mail Manager
18:26:45.888 [main] INFO  testCases.TC013_CreateEntity_OOF_S_NewValues - Expected List Item:CreateEntityTarget
18:26:45.955 [main] INFO  testCases.TC013_CreateEntity_OOF_S_NewValues - Actual List Item:20is: Track Locations
18:26:45.955 [main] INFO  testCases.TC013_CreateEntity_OOF_S_NewValues - Expected List Item:CreateEntityTarget
18:26:46.022 [main] INFO  testCases.TC013_CreateEntity_OOF_S_NewValues - Actual List Item:21is: Attendances
18:26:46.022 [main] INFO  testCases.TC013_CreateEntity_OOF_S_NewValues - Expected List Item:CreateEntityTarget
18:26:46.091 [main] INFO  testCases.TC013_CreateEntity_OOF_S_NewValues - Actual List Item:22is: Tipone
18:26:46.091 [main] INFO  testCases.TC013_CreateEntity_OOF_S_NewValues - Expected List Item:CreateEntityTarget
18:26:46.156 [main] INFO  testCases.TC013_CreateEntity_OOF_S_NewValues - Actual List Item:23is: Designer
18:26:46.156 [main] INFO  testCases.TC013_CreateEntity_OOF_S_NewValues - Expected List Item:CreateEntityTarget
18:26:46.204 [main] INFO  testCases.TC013_CreateEntity_OOF_S_NewValues - Actual List Item:24is: New Data
18:26:46.204 [main] INFO  testCases.TC013_CreateEntity_OOF_S_NewValues - Expected List Item:CreateEntityTarget
18:26:46.272 [main] INFO  testCases.TC013_CreateEntity_OOF_S_NewValues - Actual List Item:25is: SourceA
18:26:46.272 [main] INFO  testCases.TC013_CreateEntity_OOF_S_NewValues - Expected List Item:CreateEntityTarget
18:26:46.343 [main] INFO  testCases.TC013_CreateEntity_OOF_S_NewValues - Actual List Item:26is: TargetA
18:26:46.343 [main] INFO  testCases.TC013_CreateEntity_OOF_S_NewValues - Expected List Item:CreateEntityTarget
18:26:46.408 [main] INFO  testCases.TC013_CreateEntity_OOF_S_NewValues - Actual List Item:27is: CreateEntitySource
18:26:46.408 [main] INFO  testCases.TC013_CreateEntity_OOF_S_NewValues - Expected List Item:CreateEntityTarget
18:26:46.471 [main] INFO  testCases.TC013_CreateEntity_OOF_S_NewValues - Actual List Item:28is: CreateEntityTarget
18:26:46.471 [main] INFO  testCases.TC013_CreateEntity_OOF_S_NewValues - Expected List Item:CreateEntityTarget
18:26:48.883 [main] INFO  testCases.TC013_CreateEntity_OOF_S_NewValues - Excel file Utility instance created
18:26:48.945 [main] INFO  testCases.TC013_CreateEntity_OOF_S_NewValues - Row Count is: 1
18:26:48.991 [main] INFO  testCases.TC013_CreateEntity_OOF_S_NewValues - Col Count is: 54
18:26:48.991 [main] INFO  testCases.TC013_CreateEntity_OOF_S_NewValues - Extracting DataSheet Values started...
18:26:59.545 [main] INFO  testCases.TC013_CreateEntity_OOF_S_NewValues - Header Toggle Already ON
18:27:00.372 [main] INFO  testCases.TC013_CreateEntity_OOF_S_NewValues - Entity Module Name:CreateEntityTarget
18:27:00.372 [main] INFO  testCases.TC013_CreateEntity_OOF_S_NewValues - Actual:CreateEntityTargetExpected:CreateEntityTarget Module Name : Create Entity in Target
18:27:00.372 [main] INFO  testCases.TC013_CreateEntity_OOF_S_NewValues - Module Name : Create Entity in Target Passed : Actual Value is: CreateEntityTargetExpected Value is: CreateEntityTarget
18:27:02.072 [main] INFO  testCases.TC013_CreateEntity_OOF_S_NewValues - Actual:Sudhakar VEExpected:Sudhakar VE Assigned To Title: Create Entity in Target
18:27:02.072 [main] INFO  testCases.TC013_CreateEntity_OOF_S_NewValues - Assigned To Title: Create Entity in Target Passed : Actual Value is: Sudhakar VEExpected Value is: Sudhakar VE
18:27:03.339 [main] INFO  testCases.TC013_CreateEntity_OOF_S_NewValues - Actual:+65 2755205778Expected:+65 2755205778 Mobile Number Title : Create Entity in Target
18:27:03.339 [main] INFO  testCases.TC013_CreateEntity_OOF_S_NewValues - Mobile Number Title : Create Entity in Target Passed : Actual Value is: +65 2755205778Expected Value is: +65 2755205778
18:27:04.621 [main] INFO  testCases.TC013_CreateEntity_OOF_S_NewValues - Actual:AddNew@rsoft.inExpected:AddNew@rsoft.in Email Title: Create Entity in Target
18:27:04.621 [main] INFO  testCases.TC013_CreateEntity_OOF_S_NewValues - Email Title: Create Entity in Target Passed : Actual Value is: AddNew@rsoft.inExpected Value is: AddNew@rsoft.in
18:27:09.464 [main] INFO  testCases.TC013_CreateEntity_OOF_S_NewValues - Actual:Sudhakar VEExpected:Sudhakar VE Summary AssignedTo:  Create Entity in Target
18:27:09.465 [main] INFO  testCases.TC013_CreateEntity_OOF_S_NewValues - Summary AssignedTo:  Create Entity in Target Passed : Actual Value is: Sudhakar VEExpected Value is: Sudhakar VE
18:27:10.829 [main] INFO  testCases.TC013_CreateEntity_OOF_S_NewValues - Actual:Add New TextExpected:Add New Text Summary Text:  Create Entity in Target
18:27:10.829 [main] INFO  testCases.TC013_CreateEntity_OOF_S_NewValues - Summary Text:  Create Entity in Target Passed : Actual Value is: Add New TextExpected Value is: Add New Text
18:27:12.219 [main] INFO  testCases.TC013_CreateEntity_OOF_S_NewValues - Actual:+65 2755205778Expected:+65 2755205778 Summary Mobile Number:  Create Entity in Target
18:27:12.219 [main] INFO  testCases.TC013_CreateEntity_OOF_S_NewValues - Summary Mobile Number:  Create Entity in Target Passed : Actual Value is: +65 2755205778Expected Value is: +65 2755205778
18:27:13.580 [main] INFO  testCases.TC013_CreateEntity_OOF_S_NewValues - Actual:AddNew@rsoft.inExpected:AddNew@rsoft.in Summary Email :  Create Entity in Target
18:27:13.580 [main] INFO  testCases.TC013_CreateEntity_OOF_S_NewValues - Summary Email :  Create Entity in Target Passed : Actual Value is: AddNew@rsoft.inExpected Value is: AddNew@rsoft.in
18:27:14.974 [main] INFO  testCases.TC013_CreateEntity_OOF_S_NewValues - Actual:3Expected:3 Summary PicListValue :  Create Entity in Target
18:27:14.974 [main] INFO  testCases.TC013_CreateEntity_OOF_S_NewValues - Summary PicListValue :  Create Entity in Target Passed : Actual Value is: 3Expected Value is: 3
18:27:16.347 [main] INFO  testCases.TC013_CreateEntity_OOF_S_NewValues - Actual:oneExpected:one Summary MuultiCombo Values :  Create Entity in Target
18:27:16.348 [main] INFO  testCases.TC013_CreateEntity_OOF_S_NewValues - Summary MuultiCombo Values :  Create Entity in Target Passed : Actual Value is: oneExpected Value is: one
18:27:17.677 [main] INFO  testCases.TC013_CreateEntity_OOF_S_NewValues - Actual:KanchipuramExpected:Kanchipuram Summary City:  Create Entity in Target
18:27:17.677 [main] INFO  testCases.TC013_CreateEntity_OOF_S_NewValues - Summary City:  Create Entity in Target Passed : Actual Value is: KanchipuramExpected Value is: Kanchipuram
