11:11:32.457 [main] INFO  utilities.UtilityCustomFunctions - Actual:Nancy Ethan
11:11:32.467 [main] INFO  utilities.UtilityCustomFunctions - Expected:Lisa
11:11:32.467 [main] INFO  utilities.UtilityCustomFunctions - Message:AssignedTo Value
11:11:33.675 [main] INFO  utilities.UtilityCustomFunctions - Actual:+91
11:11:33.675 [main] INFO  utilities.UtilityCustomFunctions - Expected:+91
11:11:33.675 [main] INFO  utilities.UtilityCustomFunctions - Message:Mobile Number Prefix
11:11:34.964 [main] INFO  utilities.UtilityCustomFunctions - Actual:9840049463
11:11:34.964 [main] INFO  utilities.UtilityCustomFunctions - Expected:9840049463
11:11:34.964 [main] INFO  utilities.UtilityCustomFunctions - Message:Mobile Number
11:11:36.176 [main] INFO  utilities.UtilityCustomFunctions - Actual:Danielle@rsoft.in
11:11:36.176 [main] INFO  utilities.UtilityCustomFunctions - Expected:Danielle@rsoft.in
11:11:36.176 [main] INFO  utilities.UtilityCustomFunctions - Message:Email
11:11:37.523 [main] INFO  utilities.UtilityCustomFunctions - Actual:Welcome to Automation World...!
11:11:37.523 [main] INFO  utilities.UtilityCustomFunctions - Expected:Welcome to Automation World...!
11:11:37.523 [main] INFO  utilities.UtilityCustomFunctions - Message:Text
11:11:38.744 [main] INFO  utilities.UtilityCustomFunctions - Actual:four
11:11:38.744 [main] INFO  utilities.UtilityCustomFunctions - Expected:four
11:11:38.744 [main] INFO  utilities.UtilityCustomFunctions - Message:MultiSelect
11:11:40.005 [main] INFO  utilities.UtilityCustomFunctions - Actual:Tamilnadu
11:11:40.005 [main] INFO  utilities.UtilityCustomFunctions - Expected:Tamilnadu
11:11:40.005 [main] INFO  utilities.UtilityCustomFunctions - Message:MultiChoice State
11:14:25.129 [main] INFO  testCases.WebForms.TC028_WF_RRY_OneYN_TwoN - Test Execution on Browser: chrome
11:14:25.236 [main] INFO  testCases.WebForms.TC028_WF_RRY_OneYN_TwoN - Excel file Utility instance created
11:14:26.988 [main] INFO  testCases.WebForms.TC028_WF_RRY_OneYN_TwoN - Row Count is: 9
11:14:27.144 [main] INFO  testCases.WebForms.TC028_WF_RRY_OneYN_TwoN - Col Count is: 15
11:14:33.965 [main] INFO  utilities.UtilityCustomFunctions - PRIYAN entered in  input
11:14:36.067 [main] INFO  utilities.UtilityCustomFunctions - rsoft entered in  input
11:14:37.891 [main] INFO  utilities.UtilityCustomFunctions - RSoft!@345 entered in  input
11:14:54.986 [main] INFO  testCases.WebForms.TC028_WF_RRY_OneYN_TwoN - Clicked Avatar
11:14:59.267 [main] INFO  testCases.WebForms.TC028_WF_RRY_OneYN_TwoN - Clicked Menu CRM Setting
11:15:01.530 [main] INFO  testCases.WebForms.TC028_WF_RRY_OneYN_TwoN - Clicked Menu User Access Control
11:15:05.418 [main] INFO  testCases.WebForms.TC028_WF_RRY_OneYN_TwoN - Clicked Avatar
11:15:09.169 [main] INFO  testCases.WebForms.TC028_WF_RRY_OneYN_TwoN - Clicked Menu CRM Setting
11:15:09.299 [main] INFO  testCases.WebForms.TC028_WF_RRY_OneYN_TwoN - Clicked Integration
11:15:21.113 [main] INFO  testCases.WebForms.TC028_WF_RRY_OneYN_TwoN - [ETNotification Webform] is selected in List
11:15:25.699 [main] INFO  testCases.WebForms.TC028_WF_RRY_OneYN_TwoN - [ETNotification Webform] is selected in List
11:16:14.069 [main] INFO  utilities.UtilityCustomFunctions - Actual:Lisa Noah
11:16:14.069 [main] INFO  utilities.UtilityCustomFunctions - Expected:Lisa Noah
11:16:14.069 [main] INFO  utilities.UtilityCustomFunctions - Message:AssignedTo Value
11:16:15.334 [main] INFO  utilities.UtilityCustomFunctions - Actual:+91
11:16:15.334 [main] INFO  utilities.UtilityCustomFunctions - Expected:+91
11:16:15.334 [main] INFO  utilities.UtilityCustomFunctions - Message:Mobile Number Prefix
11:16:16.570 [main] INFO  utilities.UtilityCustomFunctions - Actual:9840084980
11:16:16.570 [main] INFO  utilities.UtilityCustomFunctions - Expected:9840084980
11:16:16.570 [main] INFO  utilities.UtilityCustomFunctions - Message:Mobile Number
11:16:17.771 [main] INFO  utilities.UtilityCustomFunctions - Actual:Testing@rsoft.in
11:16:17.771 [main] INFO  utilities.UtilityCustomFunctions - Expected:Testing@rsoft.in
11:16:17.771 [main] INFO  utilities.UtilityCustomFunctions - Message:Email
11:16:18.990 [main] INFO  utilities.UtilityCustomFunctions - Actual:Testing
11:16:18.990 [main] INFO  utilities.UtilityCustomFunctions - Expected:Testing
11:16:18.990 [main] INFO  utilities.UtilityCustomFunctions - Message:Text
11:16:20.268 [main] INFO  utilities.UtilityCustomFunctions - Actual:three
11:16:20.268 [main] INFO  utilities.UtilityCustomFunctions - Expected:three
11:16:20.268 [main] INFO  utilities.UtilityCustomFunctions - Message:MultiSelect
11:16:21.535 [main] INFO  utilities.UtilityCustomFunctions - Actual:Tamilnadu
11:16:21.535 [main] INFO  utilities.UtilityCustomFunctions - Expected:Tamilnadu
11:16:21.535 [main] INFO  utilities.UtilityCustomFunctions - Message:MultiChoice State
11:16:38.230 [main] INFO  utilities.UtilityCustomFunctions - Actual:Sarah Kyle
11:16:38.230 [main] INFO  utilities.UtilityCustomFunctions - Expected:Sarah Kyle
11:16:38.230 [main] INFO  utilities.UtilityCustomFunctions - Message:AssignedTo Value
11:16:39.437 [main] INFO  utilities.UtilityCustomFunctions - Actual:+91
11:16:39.453 [main] INFO  utilities.UtilityCustomFunctions - Expected:+91
11:16:39.453 [main] INFO  utilities.UtilityCustomFunctions - Message:Mobile Number Prefix
11:16:40.669 [main] INFO  utilities.UtilityCustomFunctions - Actual:9840043295
11:16:40.669 [main] INFO  utilities.UtilityCustomFunctions - Expected:9840043295
11:16:40.669 [main] INFO  utilities.UtilityCustomFunctions - Message:Mobile Number
11:16:41.904 [main] INFO  utilities.UtilityCustomFunctions - Actual:Danielle@rsoft.in
11:16:41.904 [main] INFO  utilities.UtilityCustomFunctions - Expected:Danielle@rsoft.in
11:16:41.904 [main] INFO  utilities.UtilityCustomFunctions - Message:Email
11:16:43.140 [main] INFO  utilities.UtilityCustomFunctions - Actual:Welcome to Automation World...!
11:16:43.140 [main] INFO  utilities.UtilityCustomFunctions - Expected:Welcome to Automation World...!
11:16:43.140 [main] INFO  utilities.UtilityCustomFunctions - Message:Text
11:16:44.338 [main] INFO  utilities.UtilityCustomFunctions - Actual:four
11:16:44.338 [main] INFO  utilities.UtilityCustomFunctions - Expected:four
11:16:44.338 [main] INFO  utilities.UtilityCustomFunctions - Message:MultiSelect
11:16:45.570 [main] INFO  utilities.UtilityCustomFunctions - Actual:Tamilnadu
11:16:45.570 [main] INFO  utilities.UtilityCustomFunctions - Expected:Tamilnadu
11:16:45.570 [main] INFO  utilities.UtilityCustomFunctions - Message:MultiChoice State
11:18:58.631 [main] INFO  testCases.WebForms.TC028_WF_RRY_OneYN_TwoN - Test Execution on Browser: chrome
11:18:58.746 [main] INFO  testCases.WebForms.TC028_WF_RRY_OneYN_TwoN - Excel file Utility instance created
11:19:00.556 [main] INFO  testCases.WebForms.TC028_WF_RRY_OneYN_TwoN - Row Count is: 9
11:19:00.720 [main] INFO  testCases.WebForms.TC028_WF_RRY_OneYN_TwoN - Col Count is: 15
11:21:05.445 [main] INFO  testCases.WebForms.TC028_WF_RRY_OneYN_TwoN - Test Execution on Browser: chrome
11:21:05.554 [main] INFO  testCases.WebForms.TC028_WF_RRY_OneYN_TwoN - Excel file Utility instance created
11:21:07.244 [main] INFO  testCases.WebForms.TC028_WF_RRY_OneYN_TwoN - Row Count is: 9
11:21:07.386 [main] INFO  testCases.WebForms.TC028_WF_RRY_OneYN_TwoN - Col Count is: 15
11:22:30.936 [main] INFO  testCases.WebForms.TC028_WF_RRY_OneYN_TwoN - Test Execution on Browser: chrome
11:22:31.080 [main] INFO  testCases.WebForms.TC028_WF_RRY_OneYN_TwoN - Excel file Utility instance created
11:22:32.928 [main] INFO  testCases.WebForms.TC028_WF_RRY_OneYN_TwoN - Row Count is: 9
11:22:33.052 [main] INFO  testCases.WebForms.TC028_WF_RRY_OneYN_TwoN - Col Count is: 15
11:22:41.391 [main] INFO  utilities.UtilityCustomFunctions - PRIYAN entered in  input
11:22:43.421 [main] INFO  utilities.UtilityCustomFunctions - rsoft entered in  input
11:22:45.504 [main] INFO  utilities.UtilityCustomFunctions - RSoft!@345 entered in  input
11:22:56.946 [main] INFO  testCases.WebForms.TC028_WF_RRY_OneYN_TwoN - Clicked Avatar
11:23:02.038 [main] INFO  testCases.WebForms.TC028_WF_RRY_OneYN_TwoN - Clicked Menu CRM Setting
11:23:04.481 [main] INFO  testCases.WebForms.TC028_WF_RRY_OneYN_TwoN - Clicked Menu User Access Control
11:23:08.454 [main] INFO  testCases.WebForms.TC028_WF_RRY_OneYN_TwoN - Clicked Avatar
11:23:12.254 [main] INFO  testCases.WebForms.TC028_WF_RRY_OneYN_TwoN - Clicked Menu CRM Setting
11:23:12.440 [main] INFO  testCases.WebForms.TC028_WF_RRY_OneYN_TwoN - Clicked Integration
11:23:24.715 [main] INFO  testCases.WebForms.TC028_WF_RRY_OneYN_TwoN - [ETNotification Webform] is selected in List
11:23:29.285 [main] INFO  testCases.WebForms.TC028_WF_RRY_OneYN_TwoN - [ETNotification Webform] is selected in List
11:24:22.005 [main] INFO  utilities.UtilityCustomFunctions - Actual:Michelle Sean
11:24:22.005 [main] INFO  utilities.UtilityCustomFunctions - Expected:Kimberly
11:24:22.005 [main] INFO  utilities.UtilityCustomFunctions - Message:AssignedTo Value
11:24:23.276 [main] INFO  utilities.UtilityCustomFunctions - Actual:+91
11:24:23.276 [main] INFO  utilities.UtilityCustomFunctions - Expected:+91
11:24:23.276 [main] INFO  utilities.UtilityCustomFunctions - Message:Mobile Number Prefix
11:24:24.529 [main] INFO  utilities.UtilityCustomFunctions - Actual:9840043416
11:24:24.529 [main] INFO  utilities.UtilityCustomFunctions - Expected:9840043416
11:24:24.529 [main] INFO  utilities.UtilityCustomFunctions - Message:Mobile Number
11:24:25.778 [main] INFO  utilities.UtilityCustomFunctions - Actual:Amber@rsoft.in
11:24:25.778 [main] INFO  utilities.UtilityCustomFunctions - Expected:Amber@rsoft.in
11:24:25.778 [main] INFO  utilities.UtilityCustomFunctions - Message:Email
11:24:27.005 [main] INFO  utilities.UtilityCustomFunctions - Actual:Welcome to Automation World...!
11:24:27.005 [main] INFO  utilities.UtilityCustomFunctions - Expected:Welcome to Automation World...!
11:24:27.005 [main] INFO  utilities.UtilityCustomFunctions - Message:Text
11:24:28.229 [main] INFO  utilities.UtilityCustomFunctions - Actual:one
11:24:28.229 [main] INFO  utilities.UtilityCustomFunctions - Expected:one
11:24:28.229 [main] INFO  utilities.UtilityCustomFunctions - Message:MultiSelect
11:24:29.430 [main] INFO  utilities.UtilityCustomFunctions - Actual:Goa
11:24:29.430 [main] INFO  utilities.UtilityCustomFunctions - Expected:Goa
11:24:29.430 [main] INFO  utilities.UtilityCustomFunctions - Message:MultiChoice State
11:24:47.091 [main] INFO  utilities.UtilityCustomFunctions - Actual:Sandra Jeremy
11:24:47.091 [main] INFO  utilities.UtilityCustomFunctions - Expected:Sandra Jeremy
11:24:47.091 [main] INFO  utilities.UtilityCustomFunctions - Message:AssignedTo Value
11:24:48.281 [main] INFO  utilities.UtilityCustomFunctions - Actual:+91
11:24:48.281 [main] INFO  utilities.UtilityCustomFunctions - Expected:+91
11:24:48.281 [main] INFO  utilities.UtilityCustomFunctions - Message:Mobile Number Prefix
11:24:49.543 [main] INFO  utilities.UtilityCustomFunctions - Actual:9840013292
11:24:49.543 [main] INFO  utilities.UtilityCustomFunctions - Expected:9840013292
11:24:49.543 [main] INFO  utilities.UtilityCustomFunctions - Message:Mobile Number
11:24:50.747 [main] INFO  utilities.UtilityCustomFunctions - Actual:Testing@rsoft.in
11:24:50.747 [main] INFO  utilities.UtilityCustomFunctions - Expected:Testing@rsoft.in
11:24:50.747 [main] INFO  utilities.UtilityCustomFunctions - Message:Email
11:24:51.994 [main] INFO  utilities.UtilityCustomFunctions - Actual:Testing
11:24:51.994 [main] INFO  utilities.UtilityCustomFunctions - Expected:Testing
11:24:51.994 [main] INFO  utilities.UtilityCustomFunctions - Message:Text
11:24:53.227 [main] INFO  utilities.UtilityCustomFunctions - Actual:three
11:24:53.227 [main] INFO  utilities.UtilityCustomFunctions - Expected:three
11:24:53.227 [main] INFO  utilities.UtilityCustomFunctions - Message:MultiSelect
11:24:54.431 [main] INFO  utilities.UtilityCustomFunctions - Actual:Tamilnadu
11:24:54.431 [main] INFO  utilities.UtilityCustomFunctions - Expected:Tamilnadu
11:24:54.446 [main] INFO  utilities.UtilityCustomFunctions - Message:MultiChoice State
11:29:30.169 [main] INFO  testCases.WebForms.TC028_WF_RRY_OneYN_TwoN - Test Execution on Browser: chrome
11:29:30.303 [main] INFO  testCases.WebForms.TC028_WF_RRY_OneYN_TwoN - Excel file Utility instance created
11:29:32.301 [main] INFO  testCases.WebForms.TC028_WF_RRY_OneYN_TwoN - Row Count is: 9
11:29:32.435 [main] INFO  testCases.WebForms.TC028_WF_RRY_OneYN_TwoN - Col Count is: 15
11:29:40.166 [main] INFO  utilities.UtilityCustomFunctions - PRIYAN entered in  input
11:29:42.265 [main] INFO  utilities.UtilityCustomFunctions - rsoft entered in  input
11:29:44.046 [main] INFO  utilities.UtilityCustomFunctions - RSoft!@345 entered in  input
11:29:55.047 [main] INFO  testCases.WebForms.TC028_WF_RRY_OneYN_TwoN - Clicked Avatar
11:29:59.802 [main] INFO  testCases.WebForms.TC028_WF_RRY_OneYN_TwoN - Clicked Menu CRM Setting
11:30:02.216 [main] INFO  testCases.WebForms.TC028_WF_RRY_OneYN_TwoN - Clicked Menu User Access Control
11:30:06.282 [main] INFO  testCases.WebForms.TC028_WF_RRY_OneYN_TwoN - Clicked Avatar
11:30:10.192 [main] INFO  testCases.WebForms.TC028_WF_RRY_OneYN_TwoN - Clicked Menu CRM Setting
11:30:10.352 [main] INFO  testCases.WebForms.TC028_WF_RRY_OneYN_TwoN - Clicked Integration
11:30:22.513 [main] INFO  testCases.WebForms.TC028_WF_RRY_OneYN_TwoN - [ETNotification Webform] is selected in List
11:30:27.091 [main] INFO  testCases.WebForms.TC028_WF_RRY_OneYN_TwoN - [ETNotification Webform] is selected in List
11:31:16.415 [main] INFO  utilities.UtilityCustomFunctions - Actual:Laura Lawrence
11:31:16.415 [main] INFO  utilities.UtilityCustomFunctions - Expected:Michelle
11:31:16.415 [main] INFO  utilities.UtilityCustomFunctions - Message:AssignedTo Value
11:31:17.736 [main] INFO  utilities.UtilityCustomFunctions - Actual:+91
11:31:17.736 [main] INFO  utilities.UtilityCustomFunctions - Expected:+91
11:31:17.736 [main] INFO  utilities.UtilityCustomFunctions - Message:Mobile Number Prefix
11:31:19.003 [main] INFO  utilities.UtilityCustomFunctions - Actual:9840032362
11:31:19.003 [main] INFO  utilities.UtilityCustomFunctions - Expected:9840032362
11:31:19.003 [main] INFO  utilities.UtilityCustomFunctions - Message:Mobile Number
11:31:20.254 [main] INFO  utilities.UtilityCustomFunctions - Actual:Grace@rsoft.in
11:31:20.254 [main] INFO  utilities.UtilityCustomFunctions - Expected:Grace@rsoft.in
11:31:20.254 [main] INFO  utilities.UtilityCustomFunctions - Message:Email
11:31:21.456 [main] INFO  utilities.UtilityCustomFunctions - Actual:Welcome to Automation World...!
11:31:21.456 [main] INFO  utilities.UtilityCustomFunctions - Expected:Welcome to Automation World...!
11:31:21.456 [main] INFO  utilities.UtilityCustomFunctions - Message:Text
11:31:22.689 [main] INFO  utilities.UtilityCustomFunctions - Actual:one
11:31:22.689 [main] INFO  utilities.UtilityCustomFunctions - Expected:one
11:31:22.689 [main] INFO  utilities.UtilityCustomFunctions - Message:MultiSelect
11:31:23.937 [main] INFO  utilities.UtilityCustomFunctions - Actual:Bihar
11:31:23.937 [main] INFO  utilities.UtilityCustomFunctions - Expected:Bihar
11:31:23.937 [main] INFO  utilities.UtilityCustomFunctions - Message:MultiChoice State
11:31:41.181 [main] INFO  utilities.UtilityCustomFunctions - Actual:Kimberly Austin
11:31:41.181 [main] INFO  utilities.UtilityCustomFunctions - Expected:Kimberly Austin
11:31:41.181 [main] INFO  utilities.UtilityCustomFunctions - Message:AssignedTo Value
11:31:42.388 [main] INFO  utilities.UtilityCustomFunctions - Actual:+91
11:31:42.388 [main] INFO  utilities.UtilityCustomFunctions - Expected:+91
11:31:42.388 [main] INFO  utilities.UtilityCustomFunctions - Message:Mobile Number Prefix
11:31:43.604 [main] INFO  utilities.UtilityCustomFunctions - Actual:9840095185
11:31:43.604 [main] INFO  utilities.UtilityCustomFunctions - Expected:9840095185
11:31:43.604 [main] INFO  utilities.UtilityCustomFunctions - Message:Mobile Number
11:31:44.838 [main] INFO  utilities.UtilityCustomFunctions - Actual:Amber@rsoft.in
11:31:44.838 [main] INFO  utilities.UtilityCustomFunctions - Expected:Amber@rsoft.in
11:31:44.838 [main] INFO  utilities.UtilityCustomFunctions - Message:Email
11:31:46.054 [main] INFO  utilities.UtilityCustomFunctions - Actual:Welcome to Automation World...!
11:31:46.054 [main] INFO  utilities.UtilityCustomFunctions - Expected:Welcome to Automation World...!
11:31:46.054 [main] INFO  utilities.UtilityCustomFunctions - Message:Text
11:31:47.272 [main] INFO  utilities.UtilityCustomFunctions - Actual:one
11:31:47.272 [main] INFO  utilities.UtilityCustomFunctions - Expected:one
11:31:47.272 [main] INFO  utilities.UtilityCustomFunctions - Message:MultiSelect
11:31:48.535 [main] INFO  utilities.UtilityCustomFunctions - Actual:Goa
11:31:48.535 [main] INFO  utilities.UtilityCustomFunctions - Expected:Goa
11:31:48.535 [main] INFO  utilities.UtilityCustomFunctions - Message:MultiChoice State
11:32:07.080 [main] INFO  utilities.UtilityCustomFunctions - Actual:Nancy Ethan
11:32:07.080 [main] INFO  utilities.UtilityCustomFunctions - Expected:Nancy Ethan
11:32:07.080 [main] INFO  utilities.UtilityCustomFunctions - Message:AssignedTo Value
11:32:08.301 [main] INFO  utilities.UtilityCustomFunctions - Actual:+91
11:32:08.301 [main] INFO  utilities.UtilityCustomFunctions - Expected:+91
11:32:08.301 [main] INFO  utilities.UtilityCustomFunctions - Message:Mobile Number Prefix
11:32:09.521 [main] INFO  utilities.UtilityCustomFunctions - Actual:9840000932
11:32:09.521 [main] INFO  utilities.UtilityCustomFunctions - Expected:9840000932
11:32:09.521 [main] INFO  utilities.UtilityCustomFunctions - Message:Mobile Number
11:32:10.761 [main] INFO  utilities.UtilityCustomFunctions - Actual:Danielle@rsoft.in
11:32:10.761 [main] INFO  utilities.UtilityCustomFunctions - Expected:Danielle@rsoft.in
11:32:10.761 [main] INFO  utilities.UtilityCustomFunctions - Message:Email
11:32:12.019 [main] INFO  utilities.UtilityCustomFunctions - Actual:Welcome to Automation World...!
11:32:12.019 [main] INFO  utilities.UtilityCustomFunctions - Expected:Welcome to Automation World...!
11:32:12.019 [main] INFO  utilities.UtilityCustomFunctions - Message:Text
11:32:13.268 [main] INFO  utilities.UtilityCustomFunctions - Actual:four
11:32:13.268 [main] INFO  utilities.UtilityCustomFunctions - Expected:four
11:32:13.268 [main] INFO  utilities.UtilityCustomFunctions - Message:MultiSelect
11:32:14.518 [main] INFO  utilities.UtilityCustomFunctions - Actual:Tamilnadu
11:32:14.518 [main] INFO  utilities.UtilityCustomFunctions - Expected:Tamilnadu
11:32:14.518 [main] INFO  utilities.UtilityCustomFunctions - Message:MultiChoice State
12:23:12.697 [main] INFO  testCases.WebForms.TC029_WF_RRY_OneYN_TwoYN - Test Execution on Browser: chrome
12:23:12.827 [main] INFO  testCases.WebForms.TC029_WF_RRY_OneYN_TwoYN - Excel file Utility instance created
12:23:14.655 [main] INFO  testCases.WebForms.TC029_WF_RRY_OneYN_TwoYN - Row Count is: 9
12:23:14.830 [main] INFO  testCases.WebForms.TC029_WF_RRY_OneYN_TwoYN - Col Count is: 15
12:23:32.053 [main] INFO  utilities.UtilityCustomFunctions - PRIYAN entered in  input
12:23:33.658 [main] INFO  utilities.UtilityCustomFunctions - rsoft entered in  input
12:23:35.208 [main] INFO  utilities.UtilityCustomFunctions - RSoft!@345 entered in  input
12:23:46.360 [main] INFO  testCases.WebForms.TC029_WF_RRY_OneYN_TwoYN - Clicked Avatar
12:23:50.580 [main] INFO  testCases.WebForms.TC029_WF_RRY_OneYN_TwoYN - Clicked Menu CRM Setting
12:23:52.818 [main] INFO  testCases.WebForms.TC029_WF_RRY_OneYN_TwoYN - Clicked Menu User Access Control
12:23:56.541 [main] INFO  testCases.WebForms.TC029_WF_RRY_OneYN_TwoYN - Clicked Avatar
12:24:00.384 [main] INFO  testCases.WebForms.TC029_WF_RRY_OneYN_TwoYN - Clicked Menu CRM Setting
12:24:00.534 [main] INFO  testCases.WebForms.TC029_WF_RRY_OneYN_TwoYN - Clicked Integration
12:24:12.661 [main] INFO  testCases.WebForms.TC029_WF_RRY_OneYN_TwoYN - [ETNotification Webform] is selected in List
12:24:17.289 [main] INFO  testCases.WebForms.TC029_WF_RRY_OneYN_TwoYN - [ETNotification Webform] is selected in List
12:25:08.567 [main] INFO  utilities.UtilityCustomFunctions - Actual:Sandra Jeremy
12:25:08.568 [main] INFO  utilities.UtilityCustomFunctions - Expected:Sandra Jeremy
12:25:08.568 [main] INFO  utilities.UtilityCustomFunctions - Message:AssignedTo Value
12:25:09.797 [main] INFO  utilities.UtilityCustomFunctions - Actual:+91
12:25:09.797 [main] INFO  utilities.UtilityCustomFunctions - Expected:+91
12:25:09.797 [main] INFO  utilities.UtilityCustomFunctions - Message:Mobile Number Prefix
12:25:11.048 [main] INFO  utilities.UtilityCustomFunctions - Actual:9840084622
12:25:11.048 [main] INFO  utilities.UtilityCustomFunctions - Expected:9840084622
12:25:11.048 [main] INFO  utilities.UtilityCustomFunctions - Message:Mobile Number
12:25:12.316 [main] INFO  utilities.UtilityCustomFunctions - Actual:Julia@rsoft.in
12:25:12.316 [main] INFO  utilities.UtilityCustomFunctions - Expected:Julia@rsoft.in
12:25:12.316 [main] INFO  utilities.UtilityCustomFunctions - Message:Email
12:25:13.501 [main] INFO  utilities.UtilityCustomFunctions - Actual:Welcome to Automation World...!
12:25:13.516 [main] INFO  utilities.UtilityCustomFunctions - Expected:Welcome to Automation World...!
12:25:13.516 [main] INFO  utilities.UtilityCustomFunctions - Message:Text
12:25:14.723 [main] INFO  utilities.UtilityCustomFunctions - Actual:three
12:25:14.723 [main] INFO  utilities.UtilityCustomFunctions - Expected:three
12:25:14.723 [main] INFO  utilities.UtilityCustomFunctions - Message:MultiSelect
12:25:15.933 [main] INFO  utilities.UtilityCustomFunctions - Actual:Goa
12:25:15.933 [main] INFO  utilities.UtilityCustomFunctions - Expected:Goa
12:25:15.933 [main] INFO  utilities.UtilityCustomFunctions - Message:MultiChoice State
12:25:34.474 [main] INFO  utilities.UtilityCustomFunctions - Actual:Nancy Ethan
12:25:34.475 [main] INFO  utilities.UtilityCustomFunctions - Expected:Nancy Ethan
12:25:34.475 [main] INFO  utilities.UtilityCustomFunctions - Message:AssignedTo Value
12:25:35.682 [main] INFO  utilities.UtilityCustomFunctions - Actual:+91
12:25:35.682 [main] INFO  utilities.UtilityCustomFunctions - Expected:+91
12:25:35.682 [main] INFO  utilities.UtilityCustomFunctions - Message:Mobile Number Prefix
12:25:36.930 [main] INFO  utilities.UtilityCustomFunctions - Actual:9840035780
12:25:36.930 [main] INFO  utilities.UtilityCustomFunctions - Expected:9840035780
12:25:36.930 [main] INFO  utilities.UtilityCustomFunctions - Message:Mobile Number
12:25:38.165 [main] INFO  utilities.UtilityCustomFunctions - Actual:Danielle@rsoft.in
12:25:38.165 [main] INFO  utilities.UtilityCustomFunctions - Expected:Danielle@rsoft.in
12:25:38.165 [main] INFO  utilities.UtilityCustomFunctions - Message:Email
12:25:39.407 [main] INFO  utilities.UtilityCustomFunctions - Actual:Welcome to Automation World...!
12:25:39.407 [main] INFO  utilities.UtilityCustomFunctions - Expected:Welcome to Automation World...!
12:25:39.407 [main] INFO  utilities.UtilityCustomFunctions - Message:Text
12:25:40.632 [main] INFO  utilities.UtilityCustomFunctions - Actual:four
12:25:40.632 [main] INFO  utilities.UtilityCustomFunctions - Expected:four
12:25:40.632 [main] INFO  utilities.UtilityCustomFunctions - Message:MultiSelect
12:25:41.865 [main] INFO  utilities.UtilityCustomFunctions - Actual:Tamilnadu
12:25:41.865 [main] INFO  utilities.UtilityCustomFunctions - Expected:Tamilnadu
12:25:41.865 [main] INFO  utilities.UtilityCustomFunctions - Message:MultiChoice State
12:30:55.756 [main] INFO  testCases.WebForms.TC029_WF_RRY_OneYN_TwoYN - Test Execution on Browser: chrome
12:30:55.875 [main] INFO  testCases.WebForms.TC029_WF_RRY_OneYN_TwoYN - Excel file Utility instance created
12:30:57.561 [main] INFO  testCases.WebForms.TC029_WF_RRY_OneYN_TwoYN - Row Count is: 9
12:30:57.695 [main] INFO  testCases.WebForms.TC029_WF_RRY_OneYN_TwoYN - Col Count is: 15
13:56:41.990 [main] INFO  testCases.WebForms.TC029_WF_RRY_OneYN_TwoYN - Test Execution on Browser: chrome
13:56:42.598 [main] INFO  testCases.WebForms.TC029_WF_RRY_OneYN_TwoYN - Excel file Utility instance created
13:56:44.391 [main] INFO  testCases.WebForms.TC029_WF_RRY_OneYN_TwoYN - Row Count is: 9
13:56:44.584 [main] INFO  testCases.WebForms.TC029_WF_RRY_OneYN_TwoYN - Col Count is: 15
13:56:52.349 [main] INFO  utilities.UtilityCustomFunctions - PRIYAN entered in  input
13:56:54.268 [main] INFO  utilities.UtilityCustomFunctions - rsoft entered in  input
13:56:55.979 [main] INFO  utilities.UtilityCustomFunctions - RSoft!@345 entered in  input
13:57:06.692 [main] INFO  testCases.WebForms.TC029_WF_RRY_OneYN_TwoYN - Clicked Avatar
13:57:10.820 [main] INFO  testCases.WebForms.TC029_WF_RRY_OneYN_TwoYN - Clicked Menu CRM Setting
13:57:13.041 [main] INFO  testCases.WebForms.TC029_WF_RRY_OneYN_TwoYN - Clicked Menu User Access Control
13:57:16.681 [main] INFO  testCases.WebForms.TC029_WF_RRY_OneYN_TwoYN - Clicked Avatar
13:57:20.523 [main] INFO  testCases.WebForms.TC029_WF_RRY_OneYN_TwoYN - Clicked Menu CRM Setting
13:57:20.903 [main] INFO  testCases.WebForms.TC029_WF_RRY_OneYN_TwoYN - Clicked Integration
13:57:32.605 [main] INFO  testCases.WebForms.TC029_WF_RRY_OneYN_TwoYN - [ETNotification Webform] is selected in List
13:57:37.171 [main] INFO  testCases.WebForms.TC029_WF_RRY_OneYN_TwoYN - [ETNotification Webform] is selected in List
13:58:23.722 [main] INFO  utilities.UtilityCustomFunctions - Actual:Kimberly Austin
13:58:23.722 [main] INFO  utilities.UtilityCustomFunctions - Expected:Kimberly Austin
13:58:23.722 [main] INFO  utilities.UtilityCustomFunctions - Message:AssignedTo Value
13:58:24.963 [main] INFO  utilities.UtilityCustomFunctions - Actual:+91
13:58:24.963 [main] INFO  utilities.UtilityCustomFunctions - Expected:+91
13:58:24.963 [main] INFO  utilities.UtilityCustomFunctions - Message:Mobile Number Prefix
13:58:26.187 [main] INFO  utilities.UtilityCustomFunctions - Actual:9840056643
13:58:26.187 [main] INFO  utilities.UtilityCustomFunctions - Expected:9840056643
13:58:26.188 [main] INFO  utilities.UtilityCustomFunctions - Message:Mobile Number
13:58:27.419 [main] INFO  utilities.UtilityCustomFunctions - Actual:Grace@rsoft.in
13:58:27.420 [main] INFO  utilities.UtilityCustomFunctions - Expected:Grace@rsoft.in
13:58:27.420 [main] INFO  utilities.UtilityCustomFunctions - Message:Email
13:58:28.669 [main] INFO  utilities.UtilityCustomFunctions - Actual:Welcome to Automation World...!
13:58:28.669 [main] INFO  utilities.UtilityCustomFunctions - Expected:Welcome to Automation World...!
13:58:28.669 [main] INFO  utilities.UtilityCustomFunctions - Message:Text
13:58:29.890 [main] INFO  utilities.UtilityCustomFunctions - Actual:one
13:58:29.891 [main] INFO  utilities.UtilityCustomFunctions - Expected:one
13:58:29.891 [main] INFO  utilities.UtilityCustomFunctions - Message:MultiSelect
13:58:31.114 [main] INFO  utilities.UtilityCustomFunctions - Actual:Bihar
13:58:31.114 [main] INFO  utilities.UtilityCustomFunctions - Expected:Bihar
13:58:31.114 [main] INFO  utilities.UtilityCustomFunctions - Message:MultiChoice State
13:58:47.362 [main] INFO  utilities.UtilityCustomFunctions - Actual:Jennifer Jose
13:58:47.363 [main] INFO  utilities.UtilityCustomFunctions - Expected:Michelle
13:58:47.363 [main] INFO  utilities.UtilityCustomFunctions - Message:AssignedTo Value
13:58:48.594 [main] INFO  utilities.UtilityCustomFunctions - Actual:+91
13:58:48.594 [main] INFO  utilities.UtilityCustomFunctions - Expected:+91
13:58:48.595 [main] INFO  utilities.UtilityCustomFunctions - Message:Mobile Number Prefix
13:58:49.848 [main] INFO  utilities.UtilityCustomFunctions - Actual:9840053958
13:58:49.848 [main] INFO  utilities.UtilityCustomFunctions - Expected:9840053958
13:58:49.848 [main] INFO  utilities.UtilityCustomFunctions - Message:Mobile Number
13:58:51.071 [main] INFO  utilities.UtilityCustomFunctions - Actual:Amber@rsoft.in
13:58:51.071 [main] INFO  utilities.UtilityCustomFunctions - Expected:Amber@rsoft.in
13:58:51.071 [main] INFO  utilities.UtilityCustomFunctions - Message:Email
13:58:52.369 [main] INFO  utilities.UtilityCustomFunctions - Actual:Welcome to Automation World...!
13:58:52.369 [main] INFO  utilities.UtilityCustomFunctions - Expected:Welcome to Automation World...!
13:58:52.370 [main] INFO  utilities.UtilityCustomFunctions - Message:Text
13:58:53.642 [main] INFO  utilities.UtilityCustomFunctions - Actual:one
13:58:53.643 [main] INFO  utilities.UtilityCustomFunctions - Expected:one
13:58:53.643 [main] INFO  utilities.UtilityCustomFunctions - Message:MultiSelect
13:58:54.862 [main] INFO  utilities.UtilityCustomFunctions - Actual:Goa
13:58:54.862 [main] INFO  utilities.UtilityCustomFunctions - Expected:Goa
13:58:54.862 [main] INFO  utilities.UtilityCustomFunctions - Message:MultiChoice State
13:59:12.130 [main] INFO  utilities.UtilityCustomFunctions - Actual:Michelle Sean
13:59:12.130 [main] INFO  utilities.UtilityCustomFunctions - Expected:Kimberly
13:59:12.131 [main] INFO  utilities.UtilityCustomFunctions - Message:AssignedTo Value
13:59:13.372 [main] INFO  utilities.UtilityCustomFunctions - Actual:+91
13:59:13.372 [main] INFO  utilities.UtilityCustomFunctions - Expected:+91
13:59:13.372 [main] INFO  utilities.UtilityCustomFunctions - Message:Mobile Number Prefix
13:59:14.610 [main] INFO  utilities.UtilityCustomFunctions - Actual:9840061221
13:59:14.610 [main] INFO  utilities.UtilityCustomFunctions - Expected:9840061221
13:59:14.610 [main] INFO  utilities.UtilityCustomFunctions - Message:Mobile Number
13:59:15.833 [main] INFO  utilities.UtilityCustomFunctions - Actual:Alice@rsoft.in
13:59:15.833 [main] INFO  utilities.UtilityCustomFunctions - Expected:Alice@rsoft.in
13:59:15.833 [main] INFO  utilities.UtilityCustomFunctions - Message:Email
13:59:17.032 [main] INFO  utilities.UtilityCustomFunctions - Actual:Welcome to Automation World...!
13:59:17.032 [main] INFO  utilities.UtilityCustomFunctions - Expected:Welcome to Automation World...!
13:59:17.033 [main] INFO  utilities.UtilityCustomFunctions - Message:Text
13:59:18.261 [main] INFO  utilities.UtilityCustomFunctions - Actual:one
13:59:18.262 [main] INFO  utilities.UtilityCustomFunctions - Expected:one
13:59:18.262 [main] INFO  utilities.UtilityCustomFunctions - Message:MultiSelect
13:59:19.487 [main] INFO  utilities.UtilityCustomFunctions - Actual:Tamilnadu
13:59:19.487 [main] INFO  utilities.UtilityCustomFunctions - Expected:Tamilnadu
13:59:19.487 [main] INFO  utilities.UtilityCustomFunctions - Message:MultiChoice State
14:03:06.252 [main] INFO  testCases.WebForms.TC029_WF_RRY_OneYN_TwoYN - Test Execution on Browser: chrome
14:03:06.374 [main] INFO  testCases.WebForms.TC029_WF_RRY_OneYN_TwoYN - Excel file Utility instance created
14:03:08.114 [main] INFO  testCases.WebForms.TC029_WF_RRY_OneYN_TwoYN - Row Count is: 9
14:03:08.291 [main] INFO  testCases.WebForms.TC029_WF_RRY_OneYN_TwoYN - Col Count is: 15
14:03:15.731 [main] INFO  utilities.UtilityCustomFunctions - PRIYAN entered in  input
14:03:17.699 [main] INFO  utilities.UtilityCustomFunctions - rsoft entered in  input
14:03:19.538 [main] INFO  utilities.UtilityCustomFunctions - RSoft!@345 entered in  input
14:03:32.098 [main] INFO  testCases.WebForms.TC029_WF_RRY_OneYN_TwoYN - Clicked Avatar
14:03:36.329 [main] INFO  testCases.WebForms.TC029_WF_RRY_OneYN_TwoYN - Clicked Menu CRM Setting
14:03:38.600 [main] INFO  testCases.WebForms.TC029_WF_RRY_OneYN_TwoYN - Clicked Menu User Access Control
14:03:42.360 [main] INFO  testCases.WebForms.TC029_WF_RRY_OneYN_TwoYN - Clicked Avatar
14:03:45.968 [main] INFO  testCases.WebForms.TC029_WF_RRY_OneYN_TwoYN - Clicked Menu CRM Setting
14:03:46.100 [main] INFO  testCases.WebForms.TC029_WF_RRY_OneYN_TwoYN - Clicked Integration
14:03:57.645 [main] INFO  testCases.WebForms.TC029_WF_RRY_OneYN_TwoYN - [ETNotification Webform] is selected in List
14:04:02.231 [main] INFO  testCases.WebForms.TC029_WF_RRY_OneYN_TwoYN - [ETNotification Webform] is selected in List
14:04:48.468 [main] INFO  utilities.UtilityCustomFunctions - Actual:Nancy Ethan
14:04:48.468 [main] INFO  utilities.UtilityCustomFunctions - Expected:Nancy Ethan
14:04:48.469 [main] INFO  utilities.UtilityCustomFunctions - Message:AssignedTo Value
14:04:49.767 [main] INFO  utilities.UtilityCustomFunctions - Actual:+91
14:04:49.767 [main] INFO  utilities.UtilityCustomFunctions - Expected:+91
14:04:49.769 [main] INFO  utilities.UtilityCustomFunctions - Message:Mobile Number Prefix
14:04:51.007 [main] INFO  utilities.UtilityCustomFunctions - Actual:9840092029
14:04:51.007 [main] INFO  utilities.UtilityCustomFunctions - Expected:9840092029
14:04:51.008 [main] INFO  utilities.UtilityCustomFunctions - Message:Mobile Number
14:04:52.200 [main] INFO  utilities.UtilityCustomFunctions - Actual:Jean@rsoft.in
14:04:52.200 [main] INFO  utilities.UtilityCustomFunctions - Expected:Jean@rsoft.in
14:04:52.201 [main] INFO  utilities.UtilityCustomFunctions - Message:Email
14:04:53.432 [main] INFO  utilities.UtilityCustomFunctions - Actual:Welcome to Automation World...!
14:04:53.432 [main] INFO  utilities.UtilityCustomFunctions - Expected:Welcome to Automation World...!
14:04:53.433 [main] INFO  utilities.UtilityCustomFunctions - Message:Text
14:04:54.662 [main] INFO  utilities.UtilityCustomFunctions - Actual:five
14:04:54.662 [main] INFO  utilities.UtilityCustomFunctions - Expected:five
14:04:54.662 [main] INFO  utilities.UtilityCustomFunctions - Message:MultiSelect
14:04:55.892 [main] INFO  utilities.UtilityCustomFunctions - Actual:Delhi
14:04:55.892 [main] INFO  utilities.UtilityCustomFunctions - Expected:Delhi
14:04:55.892 [main] INFO  utilities.UtilityCustomFunctions - Message:MultiChoice State
14:05:12.725 [main] INFO  utilities.UtilityCustomFunctions - Actual:Patricia Aaron
14:05:12.725 [main] INFO  utilities.UtilityCustomFunctions - Expected:White
14:05:12.725 [main] INFO  utilities.UtilityCustomFunctions - Message:AssignedTo Value
14:05:13.963 [main] INFO  utilities.UtilityCustomFunctions - Actual:+91
14:05:13.963 [main] INFO  utilities.UtilityCustomFunctions - Expected:+91
14:05:13.963 [main] INFO  utilities.UtilityCustomFunctions - Message:Mobile Number Prefix
14:05:15.214 [main] INFO  utilities.UtilityCustomFunctions - Actual:9840041540
14:05:15.214 [main] INFO  utilities.UtilityCustomFunctions - Expected:9840041540
14:05:15.214 [main] INFO  utilities.UtilityCustomFunctions - Message:Mobile Number
14:05:16.430 [main] INFO  utilities.UtilityCustomFunctions - Actual:Testing@rsoft.in
14:05:16.430 [main] INFO  utilities.UtilityCustomFunctions - Expected:Testing@rsoft.in
14:05:16.430 [main] INFO  utilities.UtilityCustomFunctions - Message:Email
14:05:17.691 [main] INFO  utilities.UtilityCustomFunctions - Actual:Testing
14:05:17.691 [main] INFO  utilities.UtilityCustomFunctions - Expected:Testing
14:05:17.691 [main] INFO  utilities.UtilityCustomFunctions - Message:Text
14:05:18.906 [main] INFO  utilities.UtilityCustomFunctions - Actual:three
14:05:18.906 [main] INFO  utilities.UtilityCustomFunctions - Expected:three
14:05:18.907 [main] INFO  utilities.UtilityCustomFunctions - Message:MultiSelect
14:05:20.123 [main] INFO  utilities.UtilityCustomFunctions - Actual:Tamilnadu
14:05:20.123 [main] INFO  utilities.UtilityCustomFunctions - Expected:Tamilnadu
14:05:20.123 [main] INFO  utilities.UtilityCustomFunctions - Message:MultiChoice State
14:05:36.367 [main] INFO  utilities.UtilityCustomFunctions - Actual:White Raymond
14:05:36.367 [main] INFO  utilities.UtilityCustomFunctions - Expected:Susan
14:05:36.367 [main] INFO  utilities.UtilityCustomFunctions - Message:AssignedTo Value
14:05:37.697 [main] INFO  utilities.UtilityCustomFunctions - Actual:+91
14:05:37.697 [main] INFO  utilities.UtilityCustomFunctions - Expected:+91
14:05:37.697 [main] INFO  utilities.UtilityCustomFunctions - Message:Mobile Number Prefix
14:05:38.922 [main] INFO  utilities.UtilityCustomFunctions - Actual:9840019019
14:05:38.922 [main] INFO  utilities.UtilityCustomFunctions - Expected:9840019019
14:05:38.922 [main] INFO  utilities.UtilityCustomFunctions - Message:Mobile Number
14:05:40.171 [main] INFO  utilities.UtilityCustomFunctions - Actual:Danielle@rsoft.in
14:05:40.171 [main] INFO  utilities.UtilityCustomFunctions - Expected:Danielle@rsoft.in
14:05:40.171 [main] INFO  utilities.UtilityCustomFunctions - Message:Email
14:05:41.411 [main] INFO  utilities.UtilityCustomFunctions - Actual:Welcome to Automation World...!
14:05:41.412 [main] INFO  utilities.UtilityCustomFunctions - Expected:Welcome to Automation World...!
14:05:41.412 [main] INFO  utilities.UtilityCustomFunctions - Message:Text
14:05:42.657 [main] INFO  utilities.UtilityCustomFunctions - Actual:four
14:05:42.657 [main] INFO  utilities.UtilityCustomFunctions - Expected:four
14:05:42.657 [main] INFO  utilities.UtilityCustomFunctions - Message:MultiSelect
14:05:43.895 [main] INFO  utilities.UtilityCustomFunctions - Actual:Tamilnadu
14:05:43.895 [main] INFO  utilities.UtilityCustomFunctions - Expected:Tamilnadu
14:05:43.896 [main] INFO  utilities.UtilityCustomFunctions - Message:MultiChoice State
14:10:49.724 [main] INFO  testCases.WebForms.TC029_WF_RRY_OneYN_TwoYN - Test Execution on Browser: chrome
14:10:49.841 [main] INFO  testCases.WebForms.TC029_WF_RRY_OneYN_TwoYN - Excel file Utility instance created
14:10:51.867 [main] INFO  testCases.WebForms.TC029_WF_RRY_OneYN_TwoYN - Row Count is: 9
14:10:52.501 [main] INFO  testCases.WebForms.TC029_WF_RRY_OneYN_TwoYN - Col Count is: 15
14:11:05.803 [main] INFO  utilities.UtilityCustomFunctions - PRIYAN entered in  input
14:11:07.396 [main] INFO  utilities.UtilityCustomFunctions - rsoft entered in  input
14:11:08.921 [main] INFO  utilities.UtilityCustomFunctions - RSoft!@345 entered in  input
14:11:20.432 [main] INFO  testCases.WebForms.TC029_WF_RRY_OneYN_TwoYN - Clicked Avatar
14:11:24.375 [main] INFO  testCases.WebForms.TC029_WF_RRY_OneYN_TwoYN - Clicked Menu CRM Setting
14:11:26.638 [main] INFO  testCases.WebForms.TC029_WF_RRY_OneYN_TwoYN - Clicked Menu User Access Control
14:11:31.750 [main] INFO  testCases.WebForms.TC029_WF_RRY_OneYN_TwoYN - Clicked Avatar
14:11:35.354 [main] INFO  testCases.WebForms.TC029_WF_RRY_OneYN_TwoYN - Clicked Menu CRM Setting
14:11:35.538 [main] INFO  testCases.WebForms.TC029_WF_RRY_OneYN_TwoYN - Clicked Integration
14:11:47.757 [main] INFO  testCases.WebForms.TC029_WF_RRY_OneYN_TwoYN - [ETNotification Webform] is selected in List
14:11:52.356 [main] INFO  testCases.WebForms.TC029_WF_RRY_OneYN_TwoYN - [ETNotification Webform] is selected in List
14:12:39.170 [main] INFO  utilities.UtilityCustomFunctions - Actual:Lisa Noah
14:12:39.170 [main] INFO  utilities.UtilityCustomFunctions - Expected:Lisa Noah
14:12:39.170 [main] INFO  utilities.UtilityCustomFunctions - Message:AssignedTo Value
14:12:40.407 [main] INFO  utilities.UtilityCustomFunctions - Actual:+91
14:12:40.407 [main] INFO  utilities.UtilityCustomFunctions - Expected:+91
14:12:40.408 [main] INFO  utilities.UtilityCustomFunctions - Message:Mobile Number Prefix
14:12:41.631 [main] INFO  utilities.UtilityCustomFunctions - Actual:9840040300
14:12:41.631 [main] INFO  utilities.UtilityCustomFunctions - Expected:9840040300
14:12:41.631 [main] INFO  utilities.UtilityCustomFunctions - Message:Mobile Number
14:12:42.880 [main] INFO  utilities.UtilityCustomFunctions - Actual:Jean@rsoft.in
14:12:42.880 [main] INFO  utilities.UtilityCustomFunctions - Expected:Jean@rsoft.in
14:12:42.880 [main] INFO  utilities.UtilityCustomFunctions - Message:Email
14:12:44.113 [main] INFO  utilities.UtilityCustomFunctions - Actual:Welcome to Automation World...!
14:12:44.114 [main] INFO  utilities.UtilityCustomFunctions - Expected:Welcome to Automation World...!
14:12:44.114 [main] INFO  utilities.UtilityCustomFunctions - Message:Text
14:12:45.338 [main] INFO  utilities.UtilityCustomFunctions - Actual:five
14:12:45.338 [main] INFO  utilities.UtilityCustomFunctions - Expected:five
14:12:45.338 [main] INFO  utilities.UtilityCustomFunctions - Message:MultiSelect
14:12:46.557 [main] INFO  utilities.UtilityCustomFunctions - Actual:Delhi
14:12:46.557 [main] INFO  utilities.UtilityCustomFunctions - Expected:Delhi
14:12:46.558 [main] INFO  utilities.UtilityCustomFunctions - Message:MultiChoice State
14:13:03.066 [main] INFO  utilities.UtilityCustomFunctions - Actual:Ashley Walter
14:13:03.067 [main] INFO  utilities.UtilityCustomFunctions - Expected:Susan
14:13:03.067 [main] INFO  utilities.UtilityCustomFunctions - Message:AssignedTo Value
14:13:04.306 [main] INFO  utilities.UtilityCustomFunctions - Actual:+91
14:13:04.306 [main] INFO  utilities.UtilityCustomFunctions - Expected:+91
14:13:04.306 [main] INFO  utilities.UtilityCustomFunctions - Message:Mobile Number Prefix
14:13:05.501 [main] INFO  utilities.UtilityCustomFunctions - Actual:9840059486
14:13:05.501 [main] INFO  utilities.UtilityCustomFunctions - Expected:9840059486
14:13:05.501 [main] INFO  utilities.UtilityCustomFunctions - Message:Mobile Number
14:13:06.727 [main] INFO  utilities.UtilityCustomFunctions - Actual:Testing@rsoft.in
14:13:06.727 [main] INFO  utilities.UtilityCustomFunctions - Expected:Testing@rsoft.in
14:13:06.727 [main] INFO  utilities.UtilityCustomFunctions - Message:Email
14:13:07.918 [main] INFO  utilities.UtilityCustomFunctions - Actual:Testing
14:13:07.918 [main] INFO  utilities.UtilityCustomFunctions - Expected:Testing
14:13:07.918 [main] INFO  utilities.UtilityCustomFunctions - Message:Text
14:13:09.173 [main] INFO  utilities.UtilityCustomFunctions - Actual:three
14:13:09.173 [main] INFO  utilities.UtilityCustomFunctions - Expected:three
14:13:09.173 [main] INFO  utilities.UtilityCustomFunctions - Message:MultiSelect
14:13:10.400 [main] INFO  utilities.UtilityCustomFunctions - Actual:Tamilnadu
14:13:10.400 [main] INFO  utilities.UtilityCustomFunctions - Expected:Tamilnadu
14:13:10.400 [main] INFO  utilities.UtilityCustomFunctions - Message:MultiChoice State
14:13:26.465 [main] INFO  utilities.UtilityCustomFunctions - Actual:Susan Zachary
14:13:26.465 [main] INFO  utilities.UtilityCustomFunctions - Expected:White
14:13:26.465 [main] INFO  utilities.UtilityCustomFunctions - Message:AssignedTo Value
14:13:27.679 [main] INFO  utilities.UtilityCustomFunctions - Actual:+91
14:13:27.679 [main] INFO  utilities.UtilityCustomFunctions - Expected:+91
14:13:27.679 [main] INFO  utilities.UtilityCustomFunctions - Message:Mobile Number Prefix
14:13:28.872 [main] INFO  utilities.UtilityCustomFunctions - Actual:9840088735
14:13:28.872 [main] INFO  utilities.UtilityCustomFunctions - Expected:9840088735
14:13:28.873 [main] INFO  utilities.UtilityCustomFunctions - Message:Mobile Number
14:13:30.095 [main] INFO  utilities.UtilityCustomFunctions - Actual:Danielle@rsoft.in
14:13:30.095 [main] INFO  utilities.UtilityCustomFunctions - Expected:Danielle@rsoft.in
14:13:30.095 [main] INFO  utilities.UtilityCustomFunctions - Message:Email
14:13:31.334 [main] INFO  utilities.UtilityCustomFunctions - Actual:Welcome to Automation World...!
14:13:31.334 [main] INFO  utilities.UtilityCustomFunctions - Expected:Welcome to Automation World...!
14:13:31.334 [main] INFO  utilities.UtilityCustomFunctions - Message:Text
14:13:32.550 [main] INFO  utilities.UtilityCustomFunctions - Actual:four
14:13:32.551 [main] INFO  utilities.UtilityCustomFunctions - Expected:four
14:13:32.551 [main] INFO  utilities.UtilityCustomFunctions - Message:MultiSelect
14:13:33.769 [main] INFO  utilities.UtilityCustomFunctions - Actual:Tamilnadu
14:13:33.769 [main] INFO  utilities.UtilityCustomFunctions - Expected:Tamilnadu
14:13:33.769 [main] INFO  utilities.UtilityCustomFunctions - Message:MultiChoice State
14:34:02.041 [main] INFO  testCases.WebForms.TC030_WF_RRY_OneYN_TwoY - Test Execution on Browser: chrome
14:34:02.167 [main] INFO  testCases.WebForms.TC030_WF_RRY_OneYN_TwoY - Excel file Utility instance created
14:35:48.568 [main] INFO  testCases.WebForms.TC030_WF_RRY_OneYN_TwoY - Test Execution on Browser: chrome
14:35:48.696 [main] INFO  testCases.WebForms.TC030_WF_RRY_OneYN_TwoY - Excel file Utility instance created
14:37:31.922 [main] INFO  testCases.WebForms.TC030_WF_RRY_OneYN_TwoY - Test Execution on Browser: chrome
14:37:32.041 [main] INFO  testCases.WebForms.TC030_WF_RRY_OneYN_TwoY - Excel file Utility instance created
14:37:33.925 [main] INFO  testCases.WebForms.TC030_WF_RRY_OneYN_TwoY - Row Count is: 9
14:37:34.043 [main] INFO  testCases.WebForms.TC030_WF_RRY_OneYN_TwoY - Col Count is: 15
14:37:42.707 [main] INFO  utilities.UtilityCustomFunctions - PRIYAN entered in  input
14:37:44.823 [main] INFO  utilities.UtilityCustomFunctions - rsoft entered in  input
14:37:46.513 [main] INFO  utilities.UtilityCustomFunctions - RSoft!@345 entered in  input
14:37:56.804 [main] INFO  testCases.WebForms.TC030_WF_RRY_OneYN_TwoY - Clicked Avatar
14:38:00.898 [main] INFO  testCases.WebForms.TC030_WF_RRY_OneYN_TwoY - Clicked Menu CRM Setting
14:38:03.104 [main] INFO  testCases.WebForms.TC030_WF_RRY_OneYN_TwoY - Clicked Menu User Access Control
14:38:06.764 [main] INFO  testCases.WebForms.TC030_WF_RRY_OneYN_TwoY - Clicked Avatar
14:38:10.447 [main] INFO  testCases.WebForms.TC030_WF_RRY_OneYN_TwoY - Clicked Menu CRM Setting
14:38:10.624 [main] INFO  testCases.WebForms.TC030_WF_RRY_OneYN_TwoY - Clicked Integration
14:38:22.146 [main] INFO  testCases.WebForms.TC030_WF_RRY_OneYN_TwoY - [ETNotification Webform] is selected in List
14:38:26.730 [main] INFO  testCases.WebForms.TC030_WF_RRY_OneYN_TwoY - [ETNotification Webform] is selected in List
14:39:12.989 [main] INFO  utilities.UtilityCustomFunctions - Actual:Sandra Jeremy
14:39:12.989 [main] INFO  utilities.UtilityCustomFunctions - Expected:Sandra Jeremy
14:39:12.989 [main] INFO  utilities.UtilityCustomFunctions - Message:AssignedTo Value
14:39:14.257 [main] INFO  utilities.UtilityCustomFunctions - Actual:+91
14:39:14.258 [main] INFO  utilities.UtilityCustomFunctions - Expected:+91
14:39:14.258 [main] INFO  utilities.UtilityCustomFunctions - Message:Mobile Number Prefix
14:39:15.481 [main] INFO  utilities.UtilityCustomFunctions - Actual:9840096229
14:39:15.481 [main] INFO  utilities.UtilityCustomFunctions - Expected:9840096229
14:39:15.481 [main] INFO  utilities.UtilityCustomFunctions - Message:Mobile Number
14:39:16.740 [main] INFO  utilities.UtilityCustomFunctions - Actual:Julia@rsoft.in
14:39:16.740 [main] INFO  utilities.UtilityCustomFunctions - Expected:Julia@rsoft.in
14:39:16.740 [main] INFO  utilities.UtilityCustomFunctions - Message:Email
14:39:18.037 [main] INFO  utilities.UtilityCustomFunctions - Actual:Welcome to Automation World...!
14:39:18.038 [main] INFO  utilities.UtilityCustomFunctions - Expected:Welcome to Automation World...!
14:39:18.038 [main] INFO  utilities.UtilityCustomFunctions - Message:Text
14:39:19.387 [main] INFO  utilities.UtilityCustomFunctions - Actual:three
14:39:19.387 [main] INFO  utilities.UtilityCustomFunctions - Expected:three
14:39:19.387 [main] INFO  utilities.UtilityCustomFunctions - Message:MultiSelect
14:39:20.681 [main] INFO  utilities.UtilityCustomFunctions - Actual:Goa
14:39:20.681 [main] INFO  utilities.UtilityCustomFunctions - Expected:Goa
14:39:20.681 [main] INFO  utilities.UtilityCustomFunctions - Message:MultiChoice State
14:39:39.989 [main] INFO  utilities.UtilityCustomFunctions - Actual:Susan Zachary
14:39:39.989 [main] INFO  utilities.UtilityCustomFunctions - Expected:Susan Zachary
14:39:39.990 [main] INFO  utilities.UtilityCustomFunctions - Message:AssignedTo Value
14:39:41.197 [main] INFO  utilities.UtilityCustomFunctions - Actual:+91
14:39:41.197 [main] INFO  utilities.UtilityCustomFunctions - Expected:+91
14:39:41.197 [main] INFO  utilities.UtilityCustomFunctions - Message:Mobile Number Prefix
14:39:42.437 [main] INFO  utilities.UtilityCustomFunctions - Actual:9840073701
14:39:42.437 [main] INFO  utilities.UtilityCustomFunctions - Expected:9840073701
14:39:42.437 [main] INFO  utilities.UtilityCustomFunctions - Message:Mobile Number
14:39:43.634 [main] INFO  utilities.UtilityCustomFunctions - Actual:Testing@rsoft.in
14:39:43.635 [main] INFO  utilities.UtilityCustomFunctions - Expected:Testing@rsoft.in
14:39:43.635 [main] INFO  utilities.UtilityCustomFunctions - Message:Email
14:39:44.863 [main] INFO  utilities.UtilityCustomFunctions - Actual:Testing
14:39:44.863 [main] INFO  utilities.UtilityCustomFunctions - Expected:Testing
14:39:44.863 [main] INFO  utilities.UtilityCustomFunctions - Message:Text
14:39:46.063 [main] INFO  utilities.UtilityCustomFunctions - Actual:three
14:39:46.063 [main] INFO  utilities.UtilityCustomFunctions - Expected:three
14:39:46.063 [main] INFO  utilities.UtilityCustomFunctions - Message:MultiSelect
14:39:47.279 [main] INFO  utilities.UtilityCustomFunctions - Actual:Tamilnadu
14:39:47.279 [main] INFO  utilities.UtilityCustomFunctions - Expected:Tamilnadu
14:39:47.279 [main] INFO  utilities.UtilityCustomFunctions - Message:MultiChoice State
14:40:03.718 [main] INFO  utilities.UtilityCustomFunctions - Actual:Stephanie Jordan
14:40:03.719 [main] INFO  utilities.UtilityCustomFunctions - Expected:Stephanie Jordan
14:40:03.719 [main] INFO  utilities.UtilityCustomFunctions - Message:AssignedTo Value
14:40:05.013 [main] INFO  utilities.UtilityCustomFunctions - Actual:+91
14:40:05.013 [main] INFO  utilities.UtilityCustomFunctions - Expected:+91
14:40:05.013 [main] INFO  utilities.UtilityCustomFunctions - Message:Mobile Number Prefix
