15:06:50.935 [main] INFO  utilities.UtilityCustomFunctions - Actual:http://www.google.com/
15:06:50.935 [main] INFO  utilities.UtilityCustomFunctions - Expected:http://www.google.com/
15:06:50.935 [main] INFO  utilities.UtilityCustomFunctions - Message:Summary Url:  Target Entity @Duplicate Record
15:06:52.246 [main] INFO  utilities.UtilityCustomFunctions - Actual:Dr. Annie
15:06:52.246 [main] INFO  utilities.UtilityCustomFunctions - Expected:Dr. Annie
15:06:52.247 [main] INFO  utilities.UtilityCustomFunctions - Message:Summary Enquiry Name:  Target Entity @Duplicate Record
15:06:53.558 [main] INFO  utilities.UtilityCustomFunctions - Actual:DefaultEnquiry@gmail.com
15:06:53.558 [main] INFO  utilities.UtilityCustomFunctions - Expected:DefaultEnquiry@gmail.com
15:06:53.558 [main] INFO  utilities.UtilityCustomFunctions - Message:Summary Enquiry Email:  Target Entity @Duplicate Record
15:06:54.857 [main] INFO  utilities.UtilityCustomFunctions - Actual:Enquiry About Chatbot
15:06:54.857 [main] INFO  utilities.UtilityCustomFunctions - Expected:Enquiry About Chatbot
15:06:54.857 [main] INFO  utilities.UtilityCustomFunctions - Message:Summary Enquiry Text:  Target Entity @Duplicate Record
15:06:56.189 [main] INFO  utilities.UtilityCustomFunctions - Actual:Enquiry Text Area Text
15:06:56.190 [main] INFO  utilities.UtilityCustomFunctions - Expected:Enquiry Text Area Text
15:06:56.190 [main] INFO  utilities.UtilityCustomFunctions - Message:Summary Enquiry Text Area:  Target Entity @Duplicate Record
15:06:57.404 [main] INFO  utilities.UtilityCustomFunctions - Expected enq Date:2024-06-05
15:06:57.506 [main] INFO  utilities.UtilityCustomFunctions - Formatted Enquiry Date from sheet:2024-06-05
15:06:57.506 [main] INFO  utilities.UtilityCustomFunctions - Actual:2024-06-05
15:06:57.506 [main] INFO  utilities.UtilityCustomFunctions - Expected:2024-06-05
15:06:57.506 [main] INFO  utilities.UtilityCustomFunctions - Message:Summary Enquiry Date:  Target Entity @Duplicate Record
15:06:58.851 [main] INFO  utilities.UtilityCustomFunctions - Actual:+60 1234567890
15:06:58.851 [main] INFO  utilities.UtilityCustomFunctions - Expected:+60 1234567890
15:06:58.851 [main] INFO  utilities.UtilityCustomFunctions - Message:Summary Enquiry Phone Number:  Target Entity @Duplicate Record
15:07:00.155 [main] INFO  utilities.UtilityCustomFunctions - Actual:Urgent
15:07:00.155 [main] INFO  utilities.UtilityCustomFunctions - Expected:Urgent
15:07:00.155 [main] INFO  utilities.UtilityCustomFunctions - Message:Summary Enquiry Category:  Target Entity @Duplicate Record
15:07:01.472 [main] INFO  utilities.UtilityCustomFunctions - Actual:+91 1234567890
15:07:01.472 [main] INFO  utilities.UtilityCustomFunctions - Expected:+91 1234567890
15:07:01.472 [main] INFO  utilities.UtilityCustomFunctions - Message:Summary Lead PhoneNumber:  Target Entity @Duplicate Record
15:07:02.790 [main] INFO  utilities.UtilityCustomFunctions - Actual:DefaultLead@gmail.com
15:07:02.790 [main] INFO  utilities.UtilityCustomFunctions - Expected:DefaultLead@gmail.com
15:07:02.806 [main] INFO  utilities.UtilityCustomFunctions - Message:Summary Lead Email:  Target Entity @Duplicate Record
15:07:04.122 [main] INFO  utilities.UtilityCustomFunctions - Actual:Lead about Chatbot
15:07:04.122 [main] INFO  utilities.UtilityCustomFunctions - Expected:Lead about Chatbot
15:07:04.122 [main] INFO  utilities.UtilityCustomFunctions - Message:Summary Lead Text:  Target Entity @Duplicate Record
15:07:05.488 [main] INFO  utilities.UtilityCustomFunctions - Actual:+60 1234567890
15:07:05.488 [main] INFO  utilities.UtilityCustomFunctions - Expected:+60 1234567890
15:07:05.488 [main] INFO  utilities.UtilityCustomFunctions - Message:Summary Sales PhoneNumber:  Target Entity @Duplicate Record
15:07:06.823 [main] INFO  utilities.UtilityCustomFunctions - Actual:DefaultSales@gmail.com
15:07:06.823 [main] INFO  utilities.UtilityCustomFunctions - Expected:DefaultSales@gmail.com
15:07:06.823 [main] INFO  utilities.UtilityCustomFunctions - Message:Summary Sales Email:  Target Entity @Duplicate Record
15:07:08.693 [main] INFO  utilities.UtilityCustomFunctions - Summary View Set ON
15:07:18.737 [main] INFO  utilities.UtilityCustomFunctions - Actual:Sudhakar VE
15:07:18.737 [main] INFO  utilities.UtilityCustomFunctions - Expected:Sudhakar VE
15:07:18.737 [main] INFO  utilities.UtilityCustomFunctions - Message:Detail View AssignedTo:  Target Entity @Duplicate Record
15:07:20.008 [main] INFO  utilities.UtilityCustomFunctions - Actual:Default Text
15:07:20.008 [main] INFO  utilities.UtilityCustomFunctions - Expected:Default Text
15:07:20.008 [main] INFO  utilities.UtilityCustomFunctions - Message:Detail View Text:  Target Entity @Duplicate Record
15:07:21.328 [main] INFO  utilities.UtilityCustomFunctions - sActDTMobileNumber +91
  1234567890
15:07:21.328 [main] INFO  utilities.UtilityCustomFunctions - Actual:+91 1234567890
15:07:21.328 [main] INFO  utilities.UtilityCustomFunctions - Expected:+91 1234567890
15:07:21.328 [main] INFO  utilities.UtilityCustomFunctions - Message:Detail View Mobile Number:  Target Entity @Duplicate Record
15:07:22.648 [main] INFO  utilities.UtilityCustomFunctions - Actual:GeneralDefault@gmail.com
15:07:22.648 [main] INFO  utilities.UtilityCustomFunctions - Expected:GeneralDefault@gmail.com
15:07:22.648 [main] INFO  utilities.UtilityCustomFunctions - Message:Detail View Email :  Target Entity @Duplicate Record
15:07:23.976 [main] INFO  utilities.UtilityCustomFunctions - Actual:3
15:07:23.976 [main] INFO  utilities.UtilityCustomFunctions - Expected:3
15:07:23.976 [main] INFO  utilities.UtilityCustomFunctions - Message:Detail View PicListValue :  Target Entity @Duplicate Record
15:07:25.258 [main] INFO  utilities.UtilityCustomFunctions - Actual:one
15:07:25.258 [main] INFO  utilities.UtilityCustomFunctions - Expected:one
15:07:25.258 [main] INFO  utilities.UtilityCustomFunctions - Message:Detail View MuultiCombo Values :  Target Entity @Duplicate Record
15:07:26.590 [main] INFO  utilities.UtilityCustomFunctions - Actual:Chengalpattu
15:07:26.590 [main] INFO  utilities.UtilityCustomFunctions - Expected:Chengalpattu
15:07:26.590 [main] INFO  utilities.UtilityCustomFunctions - Message:Detail View City:  Target Entity @Duplicate Record
15:07:27.940 [main] INFO  utilities.UtilityCustomFunctions - Actual:Tamilnadu
15:07:27.940 [main] INFO  utilities.UtilityCustomFunctions - Expected:Tamilnadu
15:07:27.940 [main] INFO  utilities.UtilityCustomFunctions - Message:Detail View State:  Target Entity @Duplicate Record
15:07:29.261 [main] INFO  utilities.UtilityCustomFunctions - Actual:India
15:07:29.261 [main] INFO  utilities.UtilityCustomFunctions - Expected:India
15:07:29.261 [main] INFO  utilities.UtilityCustomFunctions - Message:Detail View Country:  Target Entity @Duplicate Record
15:07:30.607 [main] INFO  utilities.UtilityCustomFunctions - Actual:Yes
15:07:30.607 [main] INFO  utilities.UtilityCustomFunctions - Expected:Yes
15:07:30.607 [main] INFO  utilities.UtilityCustomFunctions - Message:Detail View CheckBox:  Target Entity @Duplicate Record
15:07:31.943 [main] INFO  utilities.UtilityCustomFunctions - Actual:2024-06-05
15:07:31.943 [main] INFO  utilities.UtilityCustomFunctions - Expected:2024-06-05
15:07:31.943 [main] INFO  utilities.UtilityCustomFunctions - Message:Detail View Date:  Target Entity @Duplicate Record
15:07:33.241 [main] INFO  utilities.UtilityCustomFunctions - Actual:12:00:00 PM
15:07:33.241 [main] INFO  utilities.UtilityCustomFunctions - Expected:12:00:00 pm
15:07:33.241 [main] INFO  utilities.UtilityCustomFunctions - Message:Detail View Time:  Target Entity @Duplicate Record
15:07:34.587 [main] INFO  utilities.UtilityCustomFunctions - Actual:2024-06-05 12:34:38 PM
15:07:34.587 [main] INFO  utilities.UtilityCustomFunctions - Expected:2024-06-05 12:34:38 PM
15:07:34.587 [main] INFO  utilities.UtilityCustomFunctions - Message:Detail View Date & Time :  Target Entity @Duplicate Record
15:07:36.119 [main] INFO  utilities.UtilityCustomFunctions - Actual:annie-spratt
15:07:36.119 [main] INFO  utilities.UtilityCustomFunctions - Expected:annie-spratt
15:07:36.119 [main] INFO  utilities.UtilityCustomFunctions - Message:Detail View File Upload :  Target Entity @Duplicate Record
15:07:37.476 [main] INFO  utilities.UtilityCustomFunctions - ActualNameDT:Mr. StevenExpectedNameDT:Mr. Steven
15:07:37.476 [main] INFO  utilities.UtilityCustomFunctions - Actual:Mr. Steven
15:07:37.476 [main] INFO  utilities.UtilityCustomFunctions - Expected:Mr. Steven
15:07:37.476 [main] INFO  utilities.UtilityCustomFunctions - Message:Detail View Name:  Target Entity @Duplicate Record
15:07:38.779 [main] INFO  utilities.UtilityCustomFunctions - Actual:12345678987
15:07:38.779 [main] INFO  utilities.UtilityCustomFunctions - Expected:12345678987
15:07:38.779 [main] INFO  utilities.UtilityCustomFunctions - Message:Detail View Number:  Target Entity @Duplicate Record
15:07:40.105 [main] INFO  utilities.UtilityCustomFunctions - Actual:10000
15:07:40.105 [main] INFO  utilities.UtilityCustomFunctions - Expected:10000
15:07:40.105 [main] INFO  utilities.UtilityCustomFunctions - Message:Detail View Currency:  Target Entity @Duplicate Record
15:07:41.356 [main] INFO  utilities.UtilityCustomFunctions - Actual:http://www.google.com/
15:07:41.356 [main] INFO  utilities.UtilityCustomFunctions - Expected:http://www.google.com/
15:07:41.356 [main] INFO  utilities.UtilityCustomFunctions - Message:Detail View Url:  Target Entity @Duplicate Record
15:07:48.937 [main] INFO  utilities.UtilityCustomFunctions - Actual:Dr. Annie
15:07:48.937 [main] INFO  utilities.UtilityCustomFunctions - Expected:Dr. Annie
15:07:48.937 [main] INFO  utilities.UtilityCustomFunctions - Message:Detail View Enquiry Name:  Target Entity @Duplicate Record
15:07:50.287 [main] INFO  utilities.UtilityCustomFunctions - Actual:DefaultEnquiry@gmail.com
15:07:50.287 [main] INFO  utilities.UtilityCustomFunctions - Expected:DefaultEnquiry@gmail.com
15:07:50.287 [main] INFO  utilities.UtilityCustomFunctions - Message:Detail View Enquiry Email:  Target Entity @Duplicate Record
15:07:51.620 [main] INFO  utilities.UtilityCustomFunctions - Actual:Enquiry About Chatbot
15:07:51.620 [main] INFO  utilities.UtilityCustomFunctions - Expected:Enquiry About Chatbot
15:07:51.620 [main] INFO  utilities.UtilityCustomFunctions - Message:Detail View Enquiry Text:  Target Entity @Duplicate Record
15:07:52.920 [main] INFO  utilities.UtilityCustomFunctions - Actual:Enquiry Text Area Text
15:07:52.920 [main] INFO  utilities.UtilityCustomFunctions - Expected:Enquiry Text Area Text
15:07:52.920 [main] INFO  utilities.UtilityCustomFunctions - Message:Detail View Enquiry Text Area:  Target Entity @Duplicate Record
15:07:54.255 [main] INFO  utilities.UtilityCustomFunctions - Actual:2024-06-05
15:07:54.255 [main] INFO  utilities.UtilityCustomFunctions - Expected:2024-06-05
15:07:54.255 [main] INFO  utilities.UtilityCustomFunctions - Message:Detail View Enquiry Date:  Target Entity @Duplicate Record
15:07:55.570 [main] INFO  utilities.UtilityCustomFunctions - Actual:+60 1234567890
15:07:55.570 [main] INFO  utilities.UtilityCustomFunctions - Expected:+60 1234567890
15:07:55.570 [main] INFO  utilities.UtilityCustomFunctions - Message:Detail View Enquiry Phone Number:  Target Entity @Duplicate Record
15:07:56.870 [main] INFO  utilities.UtilityCustomFunctions - Actual:Urgent
15:07:56.870 [main] INFO  utilities.UtilityCustomFunctions - Expected:Urgent
15:07:56.870 [main] INFO  utilities.UtilityCustomFunctions - Message:Detail View Enquiry Category:  Target Entity @Duplicate Record
15:08:04.470 [main] INFO  utilities.UtilityCustomFunctions - Actual:+91 1234567890
15:08:04.470 [main] INFO  utilities.UtilityCustomFunctions - Expected:+91 1234567890
15:08:04.470 [main] INFO  utilities.UtilityCustomFunctions - Message:DT Lead Mobile Number:  Target Entity @Duplicate Record
15:08:05.763 [main] INFO  utilities.UtilityCustomFunctions - Actual:DefaultLead@gmail.com
15:08:05.763 [main] INFO  utilities.UtilityCustomFunctions - Expected:DefaultLead@gmail.com
15:08:05.763 [main] INFO  utilities.UtilityCustomFunctions - Message:DT View Lead Email  Target Entity @Duplicate Record
15:08:07.038 [main] INFO  utilities.UtilityCustomFunctions - Actual:Lead about Chatbot
15:08:07.053 [main] INFO  utilities.UtilityCustomFunctions - Expected:Lead about Chatbot
15:08:07.053 [main] INFO  utilities.UtilityCustomFunctions - Message:DT View Lead Text Target Entity @Duplicate Record
15:08:08.372 [main] INFO  utilities.UtilityCustomFunctions - Actual:+60 1234567890
15:08:08.372 [main] INFO  utilities.UtilityCustomFunctions - Expected:+60 1234567890
15:08:08.372 [main] INFO  utilities.UtilityCustomFunctions - Message:DT Sales Mobile Number:  Target Entity @Duplicate Record
15:08:09.670 [main] INFO  utilities.UtilityCustomFunctions - Actual:DefaultSales@gmail.com
15:08:09.670 [main] INFO  utilities.UtilityCustomFunctions - Expected:DefaultSales@gmail.com
15:08:09.670 [main] INFO  utilities.UtilityCustomFunctions - Message:DT View Sales EmailTarget Entity @Duplicate Record
15:08:10.900 [main] INFO  utilities.UtilityCustomFunctions - Created Entity Validation for Duplicate Record Done
15:08:40.905 [main] INFO  testCases.TC020_CreateEntity_ETRS_DefaultValues - Excel file Utility instance created
15:08:40.936 [main] INFO  testCases.TC020_CreateEntity_ETRS_DefaultValues - Row Count is: 1
15:08:40.997 [main] INFO  testCases.TC020_CreateEntity_ETRS_DefaultValues - Col Count is: 54
15:08:40.997 [main] INFO  testCases.TC020_CreateEntity_ETRS_DefaultValues - Extracting DataSheet Values started...
15:08:41.123 [main] INFO  utilities.UtilityCustomFunctions - Before Adding Module data
15:08:44.276 [main] INFO  utilities.UtilityCustomFunctions - Assinged To Drop Down clicked
15:08:49.521 [main] INFO  testCases.TC020_CreateEntity_ETRS_DefaultValues - [Sudhakar VE] is selected in List
15:08:49.521 [main] INFO  utilities.UtilityCustomFunctions - Assinged To Value Seleted is::  Sudhakar VE
15:08:51.175 [main] INFO  utilities.UtilityCustomFunctions - Default Text entered in  input
15:08:51.190 [main] INFO  utilities.UtilityCustomFunctions - Text Value added is::  Default Text
15:09:08.338 [main] INFO  utilities.UtilityCustomFunctions - Edit & Save: CreateEntitySource
15:09:40.377 [main] INFO  utilities.UtilityCustomFunctions - Old TargetId: 126715New TargetId: 126717
15:09:40.379 [main] INFO  testCases.TC020_CreateEntity_ETRS_DefaultValues - Excel file Utility instance created
15:09:40.426 [main] INFO  testCases.TC020_CreateEntity_ETRS_DefaultValues - Row Count is: 1
15:09:40.459 [main] INFO  testCases.TC020_CreateEntity_ETRS_DefaultValues - Col Count is: 54
15:09:40.459 [main] INFO  testCases.TC020_CreateEntity_ETRS_DefaultValues - Extracting DataSheet Values started...
15:09:41.619 [main] INFO  utilities.UtilityCustomFunctions - Before clicking last record to Validate
15:09:47.706 [main] INFO  utilities.UtilityCustomFunctions - Header Toggle Already ON
15:09:58.417 [main] INFO  utilities.UtilityCustomFunctions - Entity Module Name: CreateEntityTarget
15:09:58.417 [main] INFO  utilities.UtilityCustomFunctions - Actual:CreateEntityTarget
15:09:58.417 [main] INFO  utilities.UtilityCustomFunctions - Expected:CreateEntityTarget
15:09:58.417 [main] INFO  utilities.UtilityCustomFunctions - Message:Module Name : Target Entity Edit & Save
15:10:00.003 [main] INFO  utilities.UtilityCustomFunctions - Actual:Sudhakar VE
15:10:00.003 [main] INFO  utilities.UtilityCustomFunctions - Expected:Sudhakar VE
15:10:00.003 [main] INFO  utilities.UtilityCustomFunctions - Message:Assigned To Title: Target Entity Edit & Save
15:10:01.236 [main] INFO  utilities.UtilityCustomFunctions - Actual:+91 1234567890
15:10:01.236 [main] INFO  utilities.UtilityCustomFunctions - Expected:+91 1234567890
15:10:01.236 [main] INFO  utilities.UtilityCustomFunctions - Message:Mobile Number Title : Target Entity Edit & Save
15:10:02.434 [main] INFO  utilities.UtilityCustomFunctions - Actual:GeneralDefault@gmail.com
15:10:02.434 [main] INFO  utilities.UtilityCustomFunctions - Expected:GeneralDefault@gmail.com
15:10:02.434 [main] INFO  utilities.UtilityCustomFunctions - Message:Email Title: Target Entity Edit & Save
15:10:07.063 [main] INFO  utilities.UtilityCustomFunctions - Actual:Sudhakar VE
15:10:07.063 [main] INFO  utilities.UtilityCustomFunctions - Expected:Sudhakar VE
15:10:07.064 [main] INFO  utilities.UtilityCustomFunctions - Message:Summary AssignedTo:  Target Entity Edit & Save
15:10:08.387 [main] INFO  utilities.UtilityCustomFunctions - Actual:Default Text
15:10:08.387 [main] INFO  utilities.UtilityCustomFunctions - Expected:Default Text
15:10:08.387 [main] INFO  utilities.UtilityCustomFunctions - Message:Summary Text:  Target Entity Edit & Save
15:10:09.733 [main] INFO  utilities.UtilityCustomFunctions - Actual:+91 1234567890
15:10:09.734 [main] INFO  utilities.UtilityCustomFunctions - Expected:+91 1234567890
15:10:09.734 [main] INFO  utilities.UtilityCustomFunctions - Message:Summary Mobile Number:  Target Entity Edit & Save
15:10:11.005 [main] INFO  utilities.UtilityCustomFunctions - Actual:GeneralDefault@gmail.com
15:10:11.005 [main] INFO  utilities.UtilityCustomFunctions - Expected:GeneralDefault@gmail.com
15:10:11.005 [main] INFO  utilities.UtilityCustomFunctions - Message:Summary Email :  Target Entity Edit & Save
15:10:12.321 [main] INFO  utilities.UtilityCustomFunctions - Actual:3
15:10:12.321 [main] INFO  utilities.UtilityCustomFunctions - Expected:3
15:10:12.321 [main] INFO  utilities.UtilityCustomFunctions - Message:Summary PicListValue :  Target Entity Edit & Save
15:10:13.621 [main] INFO  utilities.UtilityCustomFunctions - Actual:one
15:10:13.621 [main] INFO  utilities.UtilityCustomFunctions - Expected:one
15:10:13.621 [main] INFO  utilities.UtilityCustomFunctions - Message:Summary MuultiCombo Values :  Target Entity Edit & Save
15:10:14.986 [main] INFO  utilities.UtilityCustomFunctions - Actual:Chengalpattu
15:10:14.986 [main] INFO  utilities.UtilityCustomFunctions - Expected:Chengalpattu
15:10:14.986 [main] INFO  utilities.UtilityCustomFunctions - Message:Summary City:  Target Entity Edit & Save
15:10:16.308 [main] INFO  utilities.UtilityCustomFunctions - Actual:Tamilnadu
15:10:16.308 [main] INFO  utilities.UtilityCustomFunctions - Expected:Tamilnadu
15:10:16.309 [main] INFO  utilities.UtilityCustomFunctions - Message:Summary State:  Target Entity Edit & Save
15:10:17.604 [main] INFO  utilities.UtilityCustomFunctions - Actual:India
15:10:17.604 [main] INFO  utilities.UtilityCustomFunctions - Expected:India
15:10:17.604 [main] INFO  utilities.UtilityCustomFunctions - Message:Summary Country:  Target Entity Edit & Save
15:10:18.943 [main] INFO  utilities.UtilityCustomFunctions - Actual:Yes
15:10:18.943 [main] INFO  utilities.UtilityCustomFunctions - Expected:Yes
15:10:18.944 [main] INFO  utilities.UtilityCustomFunctions - Message:Summary CheckBox:  Target Entity Edit & Save
15:10:20.271 [main] INFO  utilities.UtilityCustomFunctions - Expected Date from sheet:2024-06-05
15:10:20.271 [main] INFO  utilities.UtilityCustomFunctions - Actual:2024-06-05
15:10:20.271 [main] INFO  utilities.UtilityCustomFunctions - Expected:2024-06-05
15:10:20.271 [main] INFO  utilities.UtilityCustomFunctions - Message:Summary Date:  Target Entity Edit & Save
15:10:21.473 [main] INFO  utilities.UtilityCustomFunctions - Expected Time from sheet:12:00:00 pm
15:10:21.653 [main] INFO  utilities.UtilityCustomFunctions - Formatted Time from sheet:12:00:00 pm
15:10:21.653 [main] INFO  utilities.UtilityCustomFunctions - Actual:12:00:00 PM
15:10:21.653 [main] INFO  utilities.UtilityCustomFunctions - Expected:12:00:00 pm
15:10:21.653 [main] INFO  utilities.UtilityCustomFunctions - Message:Summary Time:  Target Entity Edit & Save
15:10:22.918 [main] INFO  utilities.UtilityCustomFunctions - Expected Date Time from sheet:2024-06-05 12:34:38 PM
15:10:23.020 [main] INFO  utilities.UtilityCustomFunctions - Formatted date & Time from sheet:2024-06-05 12:34:38 PM
15:10:23.020 [main] INFO  utilities.UtilityCustomFunctions - Actual:2024-06-05 12:34:38 PM
15:10:23.020 [main] INFO  utilities.UtilityCustomFunctions - Expected:2024-06-05 12:34:38 PM
15:10:23.020 [main] INFO  utilities.UtilityCustomFunctions - Message:Summary Date & Time :  Target Entity Edit & Save
15:10:24.584 [main] INFO  utilities.UtilityCustomFunctions - Actual:annie-spratt
15:10:24.584 [main] INFO  utilities.UtilityCustomFunctions - Expected:annie-spratt
15:10:24.584 [main] INFO  utilities.UtilityCustomFunctions - Message:Summary File Upload :  Target Entity Edit & Save
15:10:25.903 [main] INFO  utilities.UtilityCustomFunctions - ActualName:Mr. StevenExpectedName:Mr. Steven
15:10:25.903 [main] INFO  utilities.UtilityCustomFunctions - Actual:Mr. Steven
15:10:25.903 [main] INFO  utilities.UtilityCustomFunctions - Expected:Mr. Steven
15:10:25.903 [main] INFO  utilities.UtilityCustomFunctions - Message:Summary Name:  Target Entity Edit & Save
15:10:27.256 [main] INFO  utilities.UtilityCustomFunctions - Actual:12345678987
15:10:27.257 [main] INFO  utilities.UtilityCustomFunctions - Expected:12345678987
15:10:27.257 [main] INFO  utilities.UtilityCustomFunctions - Message:Summary Number:  Target Entity Edit & Save
15:10:28.607 [main] INFO  utilities.UtilityCustomFunctions - Actual:10000
15:10:28.607 [main] INFO  utilities.UtilityCustomFunctions - Expected:10000
15:10:28.607 [main] INFO  utilities.UtilityCustomFunctions - Message:Summary Currency:  Target Entity Edit & Save
15:10:29.888 [main] INFO  utilities.UtilityCustomFunctions - Actual:http://www.google.com/
15:10:29.888 [main] INFO  utilities.UtilityCustomFunctions - Expected:http://www.google.com/
15:10:29.888 [main] INFO  utilities.UtilityCustomFunctions - Message:Summary Url:  Target Entity Edit & Save
15:10:31.254 [main] INFO  utilities.UtilityCustomFunctions - Actual:Dr. Annie
15:10:31.254 [main] INFO  utilities.UtilityCustomFunctions - Expected:Dr. Annie
15:10:31.254 [main] INFO  utilities.UtilityCustomFunctions - Message:Summary Enquiry Name:  Target Entity Edit & Save
15:10:32.591 [main] INFO  utilities.UtilityCustomFunctions - Actual:DefaultEnquiry@gmail.com
15:10:32.591 [main] INFO  utilities.UtilityCustomFunctions - Expected:DefaultEnquiry@gmail.com
15:10:32.592 [main] INFO  utilities.UtilityCustomFunctions - Message:Summary Enquiry Email:  Target Entity Edit & Save
15:10:33.918 [main] INFO  utilities.UtilityCustomFunctions - Actual:Enquiry About Chatbot
15:10:33.918 [main] INFO  utilities.UtilityCustomFunctions - Expected:Enquiry About Chatbot
15:10:33.918 [main] INFO  utilities.UtilityCustomFunctions - Message:Summary Enquiry Text:  Target Entity Edit & Save
15:10:35.219 [main] INFO  utilities.UtilityCustomFunctions - Actual:Enquiry Text Area Text
15:10:35.219 [main] INFO  utilities.UtilityCustomFunctions - Expected:Enquiry Text Area Text
15:10:35.219 [main] INFO  utilities.UtilityCustomFunctions - Message:Summary Enquiry Text Area:  Target Entity Edit & Save
15:10:36.450 [main] INFO  utilities.UtilityCustomFunctions - Expected enq Date:2024-06-05
15:10:36.552 [main] INFO  utilities.UtilityCustomFunctions - Formatted Enquiry Date from sheet:2024-06-05
15:10:36.552 [main] INFO  utilities.UtilityCustomFunctions - Actual:2024-06-05
15:10:36.552 [main] INFO  utilities.UtilityCustomFunctions - Expected:2024-06-05
15:10:36.552 [main] INFO  utilities.UtilityCustomFunctions - Message:Summary Enquiry Date:  Target Entity Edit & Save
15:10:37.866 [main] INFO  utilities.UtilityCustomFunctions - Actual:+60 1234567890
15:10:37.866 [main] INFO  utilities.UtilityCustomFunctions - Expected:+60 1234567890
15:10:37.866 [main] INFO  utilities.UtilityCustomFunctions - Message:Summary Enquiry Phone Number:  Target Entity Edit & Save
15:10:39.151 [main] INFO  utilities.UtilityCustomFunctions - Actual:Urgent
15:10:39.151 [main] INFO  utilities.UtilityCustomFunctions - Expected:Urgent
15:10:39.151 [main] INFO  utilities.UtilityCustomFunctions - Message:Summary Enquiry Category:  Target Entity Edit & Save
15:10:40.451 [main] INFO  utilities.UtilityCustomFunctions - Actual:+91 1234567890
15:10:40.451 [main] INFO  utilities.UtilityCustomFunctions - Expected:+91 1234567890
15:10:40.451 [main] INFO  utilities.UtilityCustomFunctions - Message:Summary Lead PhoneNumber:  Target Entity Edit & Save
15:10:41.735 [main] INFO  utilities.UtilityCustomFunctions - Actual:DefaultLead@gmail.com
15:10:41.735 [main] INFO  utilities.UtilityCustomFunctions - Expected:DefaultLead@gmail.com
15:10:41.735 [main] INFO  utilities.UtilityCustomFunctions - Message:Summary Lead Email:  Target Entity Edit & Save
15:10:43.100 [main] INFO  utilities.UtilityCustomFunctions - Actual:Lead about Chatbot
15:10:43.100 [main] INFO  utilities.UtilityCustomFunctions - Expected:Lead about Chatbot
15:10:43.101 [main] INFO  utilities.UtilityCustomFunctions - Message:Summary Lead Text:  Target Entity Edit & Save
15:10:44.393 [main] INFO  utilities.UtilityCustomFunctions - Actual:+60 1234567890
15:10:44.393 [main] INFO  utilities.UtilityCustomFunctions - Expected:+60 1234567890
15:10:44.393 [main] INFO  utilities.UtilityCustomFunctions - Message:Summary Sales PhoneNumber:  Target Entity Edit & Save
15:10:45.686 [main] INFO  utilities.UtilityCustomFunctions - Actual:DefaultSales@gmail.com
15:10:45.686 [main] INFO  utilities.UtilityCustomFunctions - Expected:DefaultSales@gmail.com
15:10:45.686 [main] INFO  utilities.UtilityCustomFunctions - Message:Summary Sales Email:  Target Entity Edit & Save
15:10:47.635 [main] INFO  utilities.UtilityCustomFunctions - Summary View Set ON
15:10:57.530 [main] INFO  utilities.UtilityCustomFunctions - Actual:Sudhakar VE
15:10:57.530 [main] INFO  utilities.UtilityCustomFunctions - Expected:Sudhakar VE
15:10:57.530 [main] INFO  utilities.UtilityCustomFunctions - Message:Detail View AssignedTo:  Target Entity Edit & Save
15:10:58.857 [main] INFO  utilities.UtilityCustomFunctions - Actual:Default Text
15:10:58.857 [main] INFO  utilities.UtilityCustomFunctions - Expected:Default Text
15:10:58.857 [main] INFO  utilities.UtilityCustomFunctions - Message:Detail View Text:  Target Entity Edit & Save
15:11:00.170 [main] INFO  utilities.UtilityCustomFunctions - sActDTMobileNumber +91
  1234567890
15:11:00.170 [main] INFO  utilities.UtilityCustomFunctions - Actual:+91 1234567890
15:11:00.170 [main] INFO  utilities.UtilityCustomFunctions - Expected:+91 1234567890
15:11:00.170 [main] INFO  utilities.UtilityCustomFunctions - Message:Detail View Mobile Number:  Target Entity Edit & Save
15:11:01.471 [main] INFO  utilities.UtilityCustomFunctions - Actual:GeneralDefault@gmail.com
15:11:01.471 [main] INFO  utilities.UtilityCustomFunctions - Expected:GeneralDefault@gmail.com
15:11:01.471 [main] INFO  utilities.UtilityCustomFunctions - Message:Detail View Email :  Target Entity Edit & Save
15:11:02.803 [main] INFO  utilities.UtilityCustomFunctions - Actual:3
15:11:02.803 [main] INFO  utilities.UtilityCustomFunctions - Expected:3
15:11:02.803 [main] INFO  utilities.UtilityCustomFunctions - Message:Detail View PicListValue :  Target Entity Edit & Save
15:11:04.120 [main] INFO  utilities.UtilityCustomFunctions - Actual:one
15:11:04.120 [main] INFO  utilities.UtilityCustomFunctions - Expected:one
15:11:04.120 [main] INFO  utilities.UtilityCustomFunctions - Message:Detail View MuultiCombo Values :  Target Entity Edit & Save
15:11:05.454 [main] INFO  utilities.UtilityCustomFunctions - Actual:Chengalpattu
15:11:05.454 [main] INFO  utilities.UtilityCustomFunctions - Expected:Chengalpattu
15:11:05.454 [main] INFO  utilities.UtilityCustomFunctions - Message:Detail View City:  Target Entity Edit & Save
15:11:06.837 [main] INFO  utilities.UtilityCustomFunctions - Actual:Tamilnadu
15:11:06.838 [main] INFO  utilities.UtilityCustomFunctions - Expected:Tamilnadu
15:11:06.838 [main] INFO  utilities.UtilityCustomFunctions - Message:Detail View State:  Target Entity Edit & Save
15:11:08.159 [main] INFO  utilities.UtilityCustomFunctions - Actual:India
15:11:08.159 [main] INFO  utilities.UtilityCustomFunctions - Expected:India
15:11:08.159 [main] INFO  utilities.UtilityCustomFunctions - Message:Detail View Country:  Target Entity Edit & Save
15:11:09.503 [main] INFO  utilities.UtilityCustomFunctions - Actual:Yes
15:11:09.503 [main] INFO  utilities.UtilityCustomFunctions - Expected:Yes
15:11:09.503 [main] INFO  utilities.UtilityCustomFunctions - Message:Detail View CheckBox:  Target Entity Edit & Save
15:11:10.791 [main] INFO  utilities.UtilityCustomFunctions - Actual:2024-06-05
15:11:10.791 [main] INFO  utilities.UtilityCustomFunctions - Expected:2024-06-05
15:11:10.791 [main] INFO  utilities.UtilityCustomFunctions - Message:Detail View Date:  Target Entity Edit & Save
15:11:12.105 [main] INFO  utilities.UtilityCustomFunctions - Actual:12:00:00 PM
15:11:12.105 [main] INFO  utilities.UtilityCustomFunctions - Expected:12:00:00 pm
15:11:12.105 [main] INFO  utilities.UtilityCustomFunctions - Message:Detail View Time:  Target Entity Edit & Save
15:11:13.451 [main] INFO  utilities.UtilityCustomFunctions - Actual:2024-06-05 12:34:38 PM
15:11:13.451 [main] INFO  utilities.UtilityCustomFunctions - Expected:2024-06-05 12:34:38 PM
15:11:13.451 [main] INFO  utilities.UtilityCustomFunctions - Message:Detail View Date & Time :  Target Entity Edit & Save
15:11:14.952 [main] INFO  utilities.UtilityCustomFunctions - Actual:annie-spratt
15:11:14.952 [main] INFO  utilities.UtilityCustomFunctions - Expected:annie-spratt
15:11:14.952 [main] INFO  utilities.UtilityCustomFunctions - Message:Detail View File Upload :  Target Entity Edit & Save
15:11:16.283 [main] INFO  utilities.UtilityCustomFunctions - ActualNameDT:Mr. StevenExpectedNameDT:Mr. Steven
15:11:16.283 [main] INFO  utilities.UtilityCustomFunctions - Actual:Mr. Steven
15:11:16.283 [main] INFO  utilities.UtilityCustomFunctions - Expected:Mr. Steven
15:11:16.283 [main] INFO  utilities.UtilityCustomFunctions - Message:Detail View Name:  Target Entity Edit & Save
15:11:17.584 [main] INFO  utilities.UtilityCustomFunctions - Actual:12345678987
15:11:17.584 [main] INFO  utilities.UtilityCustomFunctions - Expected:12345678987
15:11:17.584 [main] INFO  utilities.UtilityCustomFunctions - Message:Detail View Number:  Target Entity Edit & Save
15:11:18.901 [main] INFO  utilities.UtilityCustomFunctions - Actual:10000
15:11:18.901 [main] INFO  utilities.UtilityCustomFunctions - Expected:10000
15:11:18.901 [main] INFO  utilities.UtilityCustomFunctions - Message:Detail View Currency:  Target Entity Edit & Save
15:11:20.168 [main] INFO  utilities.UtilityCustomFunctions - Actual:http://www.google.com/
15:11:20.168 [main] INFO  utilities.UtilityCustomFunctions - Expected:http://www.google.com/
15:11:20.168 [main] INFO  utilities.UtilityCustomFunctions - Message:Detail View Url:  Target Entity Edit & Save
15:11:27.767 [main] INFO  utilities.UtilityCustomFunctions - Actual:Dr. Annie
15:11:27.767 [main] INFO  utilities.UtilityCustomFunctions - Expected:Dr. Annie
15:11:27.767 [main] INFO  utilities.UtilityCustomFunctions - Message:Detail View Enquiry Name:  Target Entity Edit & Save
15:11:29.118 [main] INFO  utilities.UtilityCustomFunctions - Actual:DefaultEnquiry@gmail.com
15:11:29.118 [main] INFO  utilities.UtilityCustomFunctions - Expected:DefaultEnquiry@gmail.com
15:11:29.118 [main] INFO  utilities.UtilityCustomFunctions - Message:Detail View Enquiry Email:  Target Entity Edit & Save
15:11:30.435 [main] INFO  utilities.UtilityCustomFunctions - Actual:Enquiry About Chatbot
15:11:30.435 [main] INFO  utilities.UtilityCustomFunctions - Expected:Enquiry About Chatbot
15:11:30.435 [main] INFO  utilities.UtilityCustomFunctions - Message:Detail View Enquiry Text:  Target Entity Edit & Save
15:11:31.768 [main] INFO  utilities.UtilityCustomFunctions - Actual:Enquiry Text Area Text
15:11:31.768 [main] INFO  utilities.UtilityCustomFunctions - Expected:Enquiry Text Area Text
15:11:31.768 [main] INFO  utilities.UtilityCustomFunctions - Message:Detail View Enquiry Text Area:  Target Entity Edit & Save
15:11:33.083 [main] INFO  utilities.UtilityCustomFunctions - Actual:2024-06-05
15:11:33.083 [main] INFO  utilities.UtilityCustomFunctions - Expected:2024-06-05
15:11:33.083 [main] INFO  utilities.UtilityCustomFunctions - Message:Detail View Enquiry Date:  Target Entity Edit & Save
15:11:34.433 [main] INFO  utilities.UtilityCustomFunctions - Actual:+60 1234567890
15:11:34.433 [main] INFO  utilities.UtilityCustomFunctions - Expected:+60 1234567890
15:11:34.433 [main] INFO  utilities.UtilityCustomFunctions - Message:Detail View Enquiry Phone Number:  Target Entity Edit & Save
15:11:35.784 [main] INFO  utilities.UtilityCustomFunctions - Actual:Urgent
15:11:35.784 [main] INFO  utilities.UtilityCustomFunctions - Expected:Urgent
15:11:35.784 [main] INFO  utilities.UtilityCustomFunctions - Message:Detail View Enquiry Category:  Target Entity Edit & Save
15:11:43.416 [main] INFO  utilities.UtilityCustomFunctions - Actual:+91 1234567890
15:11:43.416 [main] INFO  utilities.UtilityCustomFunctions - Expected:+91 1234567890
15:11:43.416 [main] INFO  utilities.UtilityCustomFunctions - Message:DT Lead Mobile Number:  Target Entity Edit & Save
15:11:44.751 [main] INFO  utilities.UtilityCustomFunctions - Actual:DefaultLead@gmail.com
15:11:44.751 [main] INFO  utilities.UtilityCustomFunctions - Expected:DefaultLead@gmail.com
15:11:44.767 [main] INFO  utilities.UtilityCustomFunctions - Message:DT View Lead Email  Target Entity Edit & Save
15:11:46.101 [main] INFO  utilities.UtilityCustomFunctions - Actual:Lead about Chatbot
15:11:46.101 [main] INFO  utilities.UtilityCustomFunctions - Expected:Lead about Chatbot
15:11:46.101 [main] INFO  utilities.UtilityCustomFunctions - Message:DT View Lead Text Target Entity Edit & Save
15:11:47.453 [main] INFO  utilities.UtilityCustomFunctions - Actual:+60 1234567890
15:11:47.453 [main] INFO  utilities.UtilityCustomFunctions - Expected:+60 1234567890
15:11:47.453 [main] INFO  utilities.UtilityCustomFunctions - Message:DT Sales Mobile Number:  Target Entity Edit & Save
15:11:48.802 [main] INFO  utilities.UtilityCustomFunctions - Actual:DefaultSales@gmail.com
15:11:48.802 [main] INFO  utilities.UtilityCustomFunctions - Expected:DefaultSales@gmail.com
15:11:48.802 [main] INFO  utilities.UtilityCustomFunctions - Message:DT View Sales EmailTarget Entity Edit & Save
15:11:51.300 [main] INFO  utilities.UtilityCustomFunctions - Created Entity after @Edit & Save Done
15:12:20.295 [main] INFO  utilities.UtilityCustomFunctions - Header Toggle Already ON
15:12:20.333 [main] INFO  utilities.UtilityCustomFunctions - Summary View Already OFF
15:12:23.135 [main] INFO  utilities.UtilityCustomFunctions - IndividualTextEdited entered in  input
15:12:50.249 [main] INFO  testCases.TC020_CreateEntity_ETRS_DefaultValues - Excel file Utility instance created
15:12:50.283 [main] INFO  testCases.TC020_CreateEntity_ETRS_DefaultValues - Row Count is: 1
15:12:50.314 [main] INFO  testCases.TC020_CreateEntity_ETRS_DefaultValues - Col Count is: 54
15:12:50.314 [main] INFO  testCases.TC020_CreateEntity_ETRS_DefaultValues - Extracting DataSheet Values started...
15:12:51.298 [main] INFO  utilities.UtilityCustomFunctions - Before clicking last record to Validate
15:12:57.376 [main] INFO  utilities.UtilityCustomFunctions - Header Toggle Already ON
15:13:08.040 [main] INFO  utilities.UtilityCustomFunctions - Entity Module Name: CreateEntityTarget
15:13:08.040 [main] INFO  utilities.UtilityCustomFunctions - Actual:CreateEntityTarget
15:13:08.040 [main] INFO  utilities.UtilityCustomFunctions - Expected:CreateEntityTarget
15:13:08.040 [main] INFO  utilities.UtilityCustomFunctions - Message:Module Name : Target Entity @Single Line Edit
15:13:09.583 [main] INFO  utilities.UtilityCustomFunctions - Actual:Sudhakar VE
15:13:09.594 [main] INFO  utilities.UtilityCustomFunctions - Expected:Sudhakar VE
15:13:09.594 [main] INFO  utilities.UtilityCustomFunctions - Message:Assigned To Title: Target Entity @Single Line Edit
15:13:10.778 [main] INFO  utilities.UtilityCustomFunctions - Actual:+91 1234567890
15:13:10.778 [main] INFO  utilities.UtilityCustomFunctions - Expected:+91 1234567890
15:13:10.778 [main] INFO  utilities.UtilityCustomFunctions - Message:Mobile Number Title : Target Entity @Single Line Edit
15:13:12.014 [main] INFO  utilities.UtilityCustomFunctions - Actual:GeneralDefault@gmail.com
15:13:12.014 [main] INFO  utilities.UtilityCustomFunctions - Expected:GeneralDefault@gmail.com
15:13:12.014 [main] INFO  utilities.UtilityCustomFunctions - Message:Email Title: Target Entity @Single Line Edit
15:13:16.693 [main] INFO  utilities.UtilityCustomFunctions - Actual:Sudhakar VE
15:13:16.693 [main] INFO  utilities.UtilityCustomFunctions - Expected:Sudhakar VE
15:13:16.693 [main] INFO  utilities.UtilityCustomFunctions - Message:Summary AssignedTo:  Target Entity @Single Line Edit
15:13:17.984 [main] INFO  utilities.UtilityCustomFunctions - Actual:Default Text
15:13:17.984 [main] INFO  utilities.UtilityCustomFunctions - Expected:Default Text
15:13:17.984 [main] INFO  utilities.UtilityCustomFunctions - Message:Summary Text:  Target Entity @Single Line Edit
15:13:19.332 [main] INFO  utilities.UtilityCustomFunctions - Actual:+91 1234567890
15:13:19.332 [main] INFO  utilities.UtilityCustomFunctions - Expected:+91 1234567890
15:13:19.332 [main] INFO  utilities.UtilityCustomFunctions - Message:Summary Mobile Number:  Target Entity @Single Line Edit
15:13:20.685 [main] INFO  utilities.UtilityCustomFunctions - Actual:GeneralDefault@gmail.com
15:13:20.685 [main] INFO  utilities.UtilityCustomFunctions - Expected:GeneralDefault@gmail.com
15:13:20.685 [main] INFO  utilities.UtilityCustomFunctions - Message:Summary Email :  Target Entity @Single Line Edit
15:13:22.036 [main] INFO  utilities.UtilityCustomFunctions - Actual:3
15:13:22.036 [main] INFO  utilities.UtilityCustomFunctions - Expected:3
15:13:22.036 [main] INFO  utilities.UtilityCustomFunctions - Message:Summary PicListValue :  Target Entity @Single Line Edit
15:13:23.401 [main] INFO  utilities.UtilityCustomFunctions - Actual:one
15:13:23.401 [main] INFO  utilities.UtilityCustomFunctions - Expected:one
15:13:23.401 [main] INFO  utilities.UtilityCustomFunctions - Message:Summary MuultiCombo Values :  Target Entity @Single Line Edit
15:13:24.687 [main] INFO  utilities.UtilityCustomFunctions - Actual:Chengalpattu
15:13:24.687 [main] INFO  utilities.UtilityCustomFunctions - Expected:Chengalpattu
15:13:24.687 [main] INFO  utilities.UtilityCustomFunctions - Message:Summary City:  Target Entity @Single Line Edit
15:13:26.054 [main] INFO  utilities.UtilityCustomFunctions - Actual:Tamilnadu
15:13:26.054 [main] INFO  utilities.UtilityCustomFunctions - Expected:Tamilnadu
15:13:26.054 [main] INFO  utilities.UtilityCustomFunctions - Message:Summary State:  Target Entity @Single Line Edit
15:13:27.354 [main] INFO  utilities.UtilityCustomFunctions - Actual:India
15:13:27.354 [main] INFO  utilities.UtilityCustomFunctions - Expected:India
15:13:27.354 [main] INFO  utilities.UtilityCustomFunctions - Message:Summary Country:  Target Entity @Single Line Edit
15:13:28.717 [main] INFO  utilities.UtilityCustomFunctions - Actual:Yes
15:13:28.717 [main] INFO  utilities.UtilityCustomFunctions - Expected:Yes
15:13:28.717 [main] INFO  utilities.UtilityCustomFunctions - Message:Summary CheckBox:  Target Entity @Single Line Edit
15:13:30.101 [main] INFO  utilities.UtilityCustomFunctions - Expected Date from sheet:2024-06-05
15:13:30.101 [main] INFO  utilities.UtilityCustomFunctions - Actual:2024-06-05
15:13:30.101 [main] INFO  utilities.UtilityCustomFunctions - Expected:2024-06-05
15:13:30.101 [main] INFO  utilities.UtilityCustomFunctions - Message:Summary Date:  Target Entity @Single Line Edit
15:13:31.313 [main] INFO  utilities.UtilityCustomFunctions - Expected Time from sheet:12:00:00 pm
15:13:31.439 [main] INFO  utilities.UtilityCustomFunctions - Formatted Time from sheet:12:00:00 pm
15:13:31.439 [main] INFO  utilities.UtilityCustomFunctions - Actual:12:00:00 PM
15:13:31.439 [main] INFO  utilities.UtilityCustomFunctions - Expected:12:00:00 pm
15:13:31.439 [main] INFO  utilities.UtilityCustomFunctions - Message:Summary Time:  Target Entity @Single Line Edit
15:13:32.681 [main] INFO  utilities.UtilityCustomFunctions - Expected Date Time from sheet:2024-06-05 12:34:38 PM
15:13:32.785 [main] INFO  utilities.UtilityCustomFunctions - Formatted date & Time from sheet:2024-06-05 12:34:38 PM
15:13:32.785 [main] INFO  utilities.UtilityCustomFunctions - Actual:2024-06-05 12:34:38 PM
15:13:32.785 [main] INFO  utilities.UtilityCustomFunctions - Expected:2024-06-05 12:34:38 PM
15:13:32.785 [main] INFO  utilities.UtilityCustomFunctions - Message:Summary Date & Time :  Target Entity @Single Line Edit
15:13:34.315 [main] INFO  utilities.UtilityCustomFunctions - Actual:annie-spratt
15:13:34.315 [main] INFO  utilities.UtilityCustomFunctions - Expected:annie-spratt
15:13:34.315 [main] INFO  utilities.UtilityCustomFunctions - Message:Summary File Upload :  Target Entity @Single Line Edit
15:13:35.704 [main] INFO  utilities.UtilityCustomFunctions - ActualName:Mr. StevenExpectedName:Mr. Steven
15:13:35.704 [main] INFO  utilities.UtilityCustomFunctions - Actual:Mr. Steven
15:13:35.704 [main] INFO  utilities.UtilityCustomFunctions - Expected:Mr. Steven
15:13:35.704 [main] INFO  utilities.UtilityCustomFunctions - Message:Summary Name:  Target Entity @Single Line Edit
15:13:37.017 [main] INFO  utilities.UtilityCustomFunctions - Actual:12345678987
15:13:37.017 [main] INFO  utilities.UtilityCustomFunctions - Expected:12345678987
15:13:37.017 [main] INFO  utilities.UtilityCustomFunctions - Message:Summary Number:  Target Entity @Single Line Edit
15:13:38.354 [main] INFO  utilities.UtilityCustomFunctions - Actual:10000
15:13:38.354 [main] INFO  utilities.UtilityCustomFunctions - Expected:10000
15:13:38.354 [main] INFO  utilities.UtilityCustomFunctions - Message:Summary Currency:  Target Entity @Single Line Edit
15:13:39.614 [main] INFO  utilities.UtilityCustomFunctions - Actual:http://www.google.com/
15:13:39.614 [main] INFO  utilities.UtilityCustomFunctions - Expected:http://www.google.com/
15:13:39.614 [main] INFO  utilities.UtilityCustomFunctions - Message:Summary Url:  Target Entity @Single Line Edit
15:13:40.923 [main] INFO  utilities.UtilityCustomFunctions - Actual:Dr. Annie
15:13:40.923 [main] INFO  utilities.UtilityCustomFunctions - Expected:Dr. Annie
15:13:40.923 [main] INFO  utilities.UtilityCustomFunctions - Message:Summary Enquiry Name:  Target Entity @Single Line Edit
15:13:42.287 [main] INFO  utilities.UtilityCustomFunctions - Actual:DefaultEnquiry@gmail.com
15:13:42.287 [main] INFO  utilities.UtilityCustomFunctions - Expected:DefaultEnquiry@gmail.com
15:13:42.287 [main] INFO  utilities.UtilityCustomFunctions - Message:Summary Enquiry Email:  Target Entity @Single Line Edit
15:13:43.631 [main] INFO  utilities.UtilityCustomFunctions - Actual:Enquiry About Chatbot
15:13:43.631 [main] INFO  utilities.UtilityCustomFunctions - Expected:Enquiry About Chatbot
15:13:43.631 [main] INFO  utilities.UtilityCustomFunctions - Message:Summary Enquiry Text:  Target Entity @Single Line Edit
15:13:44.964 [main] INFO  utilities.UtilityCustomFunctions - Actual:Enquiry Text Area Text
15:13:44.964 [main] INFO  utilities.UtilityCustomFunctions - Expected:Enquiry Text Area Text
15:13:44.964 [main] INFO  utilities.UtilityCustomFunctions - Message:Summary Enquiry Text Area:  Target Entity @Single Line Edit
15:13:46.229 [main] INFO  utilities.UtilityCustomFunctions - Expected enq Date:2024-06-05
15:13:46.332 [main] INFO  utilities.UtilityCustomFunctions - Formatted Enquiry Date from sheet:2024-06-05
15:13:46.332 [main] INFO  utilities.UtilityCustomFunctions - Actual:2024-06-05
15:13:46.332 [main] INFO  utilities.UtilityCustomFunctions - Expected:2024-06-05
15:13:46.332 [main] INFO  utilities.UtilityCustomFunctions - Message:Summary Enquiry Date:  Target Entity @Single Line Edit
15:13:47.702 [main] INFO  utilities.UtilityCustomFunctions - Actual:+60 1234567890
15:13:47.702 [main] INFO  utilities.UtilityCustomFunctions - Expected:+60 1234567890
15:13:47.702 [main] INFO  utilities.UtilityCustomFunctions - Message:Summary Enquiry Phone Number:  Target Entity @Single Line Edit
15:13:49.064 [main] INFO  utilities.UtilityCustomFunctions - Actual:Urgent
15:13:49.064 [main] INFO  utilities.UtilityCustomFunctions - Expected:Urgent
15:13:49.064 [main] INFO  utilities.UtilityCustomFunctions - Message:Summary Enquiry Category:  Target Entity @Single Line Edit
15:13:50.432 [main] INFO  utilities.UtilityCustomFunctions - Actual:+91 1234567890
15:13:50.432 [main] INFO  utilities.UtilityCustomFunctions - Expected:+91 1234567890
15:13:50.432 [main] INFO  utilities.UtilityCustomFunctions - Message:Summary Lead PhoneNumber:  Target Entity @Single Line Edit
15:13:51.799 [main] INFO  utilities.UtilityCustomFunctions - Actual:DefaultLead@gmail.com
15:13:51.799 [main] INFO  utilities.UtilityCustomFunctions - Expected:DefaultLead@gmail.com
15:13:51.799 [main] INFO  utilities.UtilityCustomFunctions - Message:Summary Lead Email:  Target Entity @Single Line Edit
15:13:53.132 [main] INFO  utilities.UtilityCustomFunctions - Actual:Lead about Chatbot
15:13:53.147 [main] INFO  utilities.UtilityCustomFunctions - Expected:Lead about Chatbot
15:13:53.147 [main] INFO  utilities.UtilityCustomFunctions - Message:Summary Lead Text:  Target Entity @Single Line Edit
15:13:54.471 [main] INFO  utilities.UtilityCustomFunctions - Actual:+60 1234567890
15:13:54.471 [main] INFO  utilities.UtilityCustomFunctions - Expected:+60 1234567890
15:13:54.471 [main] INFO  utilities.UtilityCustomFunctions - Message:Summary Sales PhoneNumber:  Target Entity @Single Line Edit
15:13:55.788 [main] INFO  utilities.UtilityCustomFunctions - Actual:DefaultSales@gmail.com
15:13:55.788 [main] INFO  utilities.UtilityCustomFunctions - Expected:DefaultSales@gmail.com
15:13:55.788 [main] INFO  utilities.UtilityCustomFunctions - Message:Summary Sales Email:  Target Entity @Single Line Edit
15:13:57.743 [main] INFO  utilities.UtilityCustomFunctions - Summary View Set ON
15:14:07.944 [main] INFO  utilities.UtilityCustomFunctions - Actual:Sudhakar VE
15:14:07.944 [main] INFO  utilities.UtilityCustomFunctions - Expected:Sudhakar VE
15:14:07.945 [main] INFO  utilities.UtilityCustomFunctions - Message:Detail View AssignedTo:  Target Entity @Single Line Edit
15:14:09.250 [main] INFO  utilities.UtilityCustomFunctions - Actual:Default Text
15:14:09.250 [main] INFO  utilities.UtilityCustomFunctions - Expected:Default Text
15:14:09.250 [main] INFO  utilities.UtilityCustomFunctions - Message:Detail View Text:  Target Entity @Single Line Edit
15:14:10.608 [main] INFO  utilities.UtilityCustomFunctions - sActDTMobileNumber +91
  1234567890
15:14:10.608 [main] INFO  utilities.UtilityCustomFunctions - Actual:+91 1234567890
15:14:10.608 [main] INFO  utilities.UtilityCustomFunctions - Expected:+91 1234567890
15:14:10.608 [main] INFO  utilities.UtilityCustomFunctions - Message:Detail View Mobile Number:  Target Entity @Single Line Edit
15:14:11.900 [main] INFO  utilities.UtilityCustomFunctions - Actual:GeneralDefault@gmail.com
15:14:11.900 [main] INFO  utilities.UtilityCustomFunctions - Expected:GeneralDefault@gmail.com
15:14:11.900 [main] INFO  utilities.UtilityCustomFunctions - Message:Detail View Email :  Target Entity @Single Line Edit
15:14:13.222 [main] INFO  utilities.UtilityCustomFunctions - Actual:3
15:14:13.222 [main] INFO  utilities.UtilityCustomFunctions - Expected:3
15:14:13.222 [main] INFO  utilities.UtilityCustomFunctions - Message:Detail View PicListValue :  Target Entity @Single Line Edit
15:14:14.586 [main] INFO  utilities.UtilityCustomFunctions - Actual:one
15:14:14.586 [main] INFO  utilities.UtilityCustomFunctions - Expected:one
15:14:14.586 [main] INFO  utilities.UtilityCustomFunctions - Message:Detail View MuultiCombo Values :  Target Entity @Single Line Edit
15:14:15.933 [main] INFO  utilities.UtilityCustomFunctions - Actual:Chengalpattu
15:14:15.933 [main] INFO  utilities.UtilityCustomFunctions - Expected:Chengalpattu
15:14:15.933 [main] INFO  utilities.UtilityCustomFunctions - Message:Detail View City:  Target Entity @Single Line Edit
15:14:17.250 [main] INFO  utilities.UtilityCustomFunctions - Actual:Tamilnadu
15:14:17.250 [main] INFO  utilities.UtilityCustomFunctions - Expected:Tamilnadu
15:14:17.250 [main] INFO  utilities.UtilityCustomFunctions - Message:Detail View State:  Target Entity @Single Line Edit
15:14:18.570 [main] INFO  utilities.UtilityCustomFunctions - Actual:India
15:14:18.570 [main] INFO  utilities.UtilityCustomFunctions - Expected:India
15:14:18.570 [main] INFO  utilities.UtilityCustomFunctions - Message:Detail View Country:  Target Entity @Single Line Edit
15:14:19.870 [main] INFO  utilities.UtilityCustomFunctions - Actual:Yes
15:14:19.870 [main] INFO  utilities.UtilityCustomFunctions - Expected:Yes
15:14:19.870 [main] INFO  utilities.UtilityCustomFunctions - Message:Detail View CheckBox:  Target Entity @Single Line Edit
15:14:21.204 [main] INFO  utilities.UtilityCustomFunctions - Actual:2024-06-05
15:14:21.204 [main] INFO  utilities.UtilityCustomFunctions - Expected:2024-06-05
15:14:21.204 [main] INFO  utilities.UtilityCustomFunctions - Message:Detail View Date:  Target Entity @Single Line Edit
15:14:22.516 [main] INFO  utilities.UtilityCustomFunctions - Actual:12:00:00 PM
15:14:22.516 [main] INFO  utilities.UtilityCustomFunctions - Expected:12:00:00 pm
