18:27:05.246 [main] INFO  testCases.TC007_WF1_SN_Hourly - bCurrentWFStatus: false
18:27:05.250 [main] INFO  testCases.TC007_WF1_SN_Hourly - Current Workflow Row item: 6
18:27:05.290 [main] INFO  testCases.TC007_WF1_SN_Hourly - Current style of Worflow Status Element captured
18:27:05.290 [main] INFO  testCases.TC007_WF1_SN_Hourly - Workflow status: of row item: 6 true
18:27:05.318 [main] INFO  testCases.TC007_WF1_SN_Hourly - Actual Module Name:  CRMScheduleNotification
18:27:05.318 [main] INFO  testCases.TC007_WF1_SN_Hourly - Actual Workflow Name:  WF1_ScheduleNotify_Hourly
18:27:05.318 [main] INFO  testCases.TC007_WF1_SN_Hourly - Actual Exec Condition Name:  schedule
18:27:05.318 [main] INFO  testCases.TC007_WF1_SN_Hourly - Module,workflow,condition matches
18:27:05.319 [main] INFO  testCases.TC007_WF1_SN_Hourly - bCurrentWFStatus: true
18:27:05.319 [main] INFO  testCases.TC007_WF1_SN_Hourly - WF1_ScheduleNotify_HourlyWorkflow enabled
18:27:05.319 [main] INFO  utilities.UtilityCustomFunctions - WF1_ScheduleNotify_HourlyDisabled Workflow Manually Enabled
18:27:05.319 [main] INFO  testCases.TC007_WF1_SN_Hourly - true:6
18:27:11.875 [main] INFO  testCases.TC007_WF1_SN_Hourly - Work flow clicked
18:27:17.065 [main] INFO  testCases.TC007_WF1_SN_Hourly - Cliked Step 1 Next Button to Condition Page
18:27:20.626 [main] INFO  testCases.TC007_WF1_SN_Hourly - Cliked Step 2 Next Button to Task List Page
18:27:21.629 [main] INFO  testCases.TC007_WF1_SN_Hourly - Clicked Workflow and Navigated to Task Page
18:27:21.644 [main] INFO  testCases.TC007_WF1_SN_Hourly - Number of Tasks Listed for this Workflow: WF1_ScheduleNotify_Hourly : 1
18:27:21.670 [main] INFO  utilities.UtilityCustomFunctions - Is Task Active: 1 : true
18:27:21.778 [main] INFO  utilities.UtilityCustomFunctions - Retrieved Action Type:Send notification
18:27:21.779 [main] INFO  utilities.UtilityCustomFunctions - Retrieved Action Title:ScheduleNotificationHourly
18:27:21.779 [main] INFO  utilities.UtilityCustomFunctions - Retrieved Expected Action Type:Send notification
18:27:21.779 [main] INFO  utilities.UtilityCustomFunctions - Retrieved Expected Action Title:ScheduleNotificationHourly
18:27:21.779 [main] INFO  testCases.TC007_WF1_SN_Hourly - Action Type and Action Tile matches and also Task Button Enabled
18:27:22.793 [main] INFO  utilities.UtilityCustomFunctions - Out of for loop:false
18:27:25.819 [main] INFO  testCases.TC007_WF1_SN_Hourly - Clicked Workflow and Navigated to Task Page
18:27:25.819 [main] INFO  testCases.TC007_WF1_SN_Hourly - Task Active Send notification  ScheduleNotificationHourly
18:27:39.930 [main] INFO  testCases.TC007_WF1_SN_Hourly - Excel file Utility instance created
18:27:39.990 [main] INFO  testCases.TC007_WF1_SN_Hourly - Row Count is: 1
18:27:40.018 [main] INFO  testCases.TC007_WF1_SN_Hourly - Col Count is: 52
18:27:40.018 [main] INFO  testCases.TC007_WF1_SN_Hourly - Extracting DataSheet Values started...
18:27:41.064 [main] INFO  utilities.UtilityCustomFunctions - Before Adding Module data
18:27:44.209 [main] INFO  utilities.UtilityCustomFunctions - Assinged To Drop Down clicked
18:27:51.744 [main] INFO  testCases.TC007_WF1_SN_Hourly - [Sudhakar VE] is selected in List
18:27:51.745 [main] INFO  utilities.UtilityCustomFunctions - Assinged To Value Seleted is::  Sudhakar VE
18:27:53.026 [main] INFO  utilities.UtilityCustomFunctions - Add New Text entered in  input
18:27:53.030 [main] INFO  utilities.UtilityCustomFunctions - Text Value added is::  Add New Text
18:27:54.136 [main] INFO  utilities.UtilityCustomFunctions - Phone NUmber prefix clicked :  
18:27:57.328 [main] INFO  testCases.TC007_WF1_SN_Hourly - [+65] is selected in List
18:27:57.328 [main] INFO  utilities.UtilityCustomFunctions - Phone NUmber selected is :  3618731943
18:27:58.676 [main] INFO  utilities.UtilityCustomFunctions - 3618731943 entered in  input
18:28:00.939 [main] INFO  utilities.UtilityCustomFunctions - AddNew@rsoft.in entered in  input
18:28:01.953 [main] INFO  utilities.UtilityCustomFunctions - Email Added is: AddNew@rsoft.in
18:28:03.014 [main] INFO  utilities.UtilityCustomFunctions - Picklist clicked
18:28:04.076 [main] INFO  utilities.UtilityCustomFunctions - Picklist selected: 1
18:29:11.621 [main] INFO  utilities.UtilityCustomFunctions - MultiCombo box values: two
18:29:12.729 [main] INFO  utilities.UtilityCustomFunctions - City Drop Down clicked
18:29:16.022 [main] INFO  testCases.TC007_WF1_SN_Hourly - [Kanchipuram] is selected in List
18:29:16.022 [main] INFO  utilities.UtilityCustomFunctions - City Selected: Kanchipuram
18:29:17.147 [main] INFO  utilities.UtilityCustomFunctions - State Drop Down clicked
18:29:20.696 [main] INFO  testCases.TC007_WF1_SN_Hourly - [Tamilnadu] is selected in List
18:29:20.697 [main] INFO  utilities.UtilityCustomFunctions - State Selected: Tamilnadu
18:29:21.786 [main] INFO  utilities.UtilityCustomFunctions - Country List clicked
18:29:24.982 [main] INFO  testCases.TC007_WF1_SN_Hourly - [India] is selected in List
18:29:24.982 [main] INFO  utilities.UtilityCustomFunctions - Country Selected: India
18:29:26.080 [main] INFO  utilities.UtilityCustomFunctions - Checkbox clicked
18:29:26.202 [main] INFO  utilities.UtilityCustomFunctions - DateBox clicked
18:29:31.367 [main] INFO  testCases.TC007_WF1_SN_Hourly - [Apr] is selected in Dropdown
18:29:35.230 [main] INFO  testCases.TC007_WF1_SN_Hourly - [2024] is selected in Dropdown
18:29:36.242 [main] INFO  utilities.UtilityCustomFunctions - (//td[contains(@class,'today')])[1]
18:29:37.343 [main] INFO  utilities.UtilityCustomFunctions - Today Date Selected
18:29:38.445 [main] INFO  utilities.UtilityCustomFunctions - Time Clicked
18:29:41.448 [main] INFO  utilities.UtilityCustomFunctions - Hours://div[@class='popover-content']//div[@class='clockpicker-tick' and text()='2']
18:29:51.733 [main] INFO  utilities.UtilityCustomFunctions - Time Selected is: 02:36 PM
18:29:52.870 [main] INFO  utilities.UtilityCustomFunctions - Date & Time Clicked
18:30:00.048 [main] INFO  testCases.TC007_WF1_SN_Hourly - [Apr] is selected in Dropdown
18:30:03.829 [main] INFO  testCases.TC007_WF1_SN_Hourly - [2024] is selected in Dropdown
18:30:04.837 [main] INFO  utilities.UtilityCustomFunctions - (//td[contains(@class,'today')])[2]
18:30:07.922 [main] INFO  utilities.UtilityCustomFunctions - Clicked Current Date in Date&Time
18:30:08.014 [main] INFO  utilities.UtilityCustomFunctions - Date & Time Selected
18:30:09.550 [main] INFO  utilities.UtilityCustomFunctions - 444444444 entered in  input
18:31:03.916 [main] INFO  testCases.TC007_WF1_SN_Hourly - [Mrs.] is selected in List
18:31:05.187 [main] INFO  utilities.UtilityCustomFunctions - Steven entered in  input
18:31:06.460 [main] INFO  utilities.UtilityCustomFunctions - 11111111111 entered in  input
18:31:07.670 [main] INFO  utilities.UtilityCustomFunctions - 10,000 entered in  input
18:31:08.980 [main] INFO  utilities.UtilityCustomFunctions - http://www.google.com/ entered in  input
18:31:12.232 [main] INFO  testCases.TC007_WF1_SN_Hourly - [Dr.] is selected in List
18:31:13.506 [main] INFO  utilities.UtilityCustomFunctions - Annie entered in  input
18:31:14.850 [main] INFO  utilities.UtilityCustomFunctions - AddNewEnquiry@gmail.com entered in  input
18:31:16.220 [main] INFO  utilities.UtilityCustomFunctions - Enquiry about Chatbot entered in  input
18:31:19.867 [main] INFO  utilities.UtilityCustomFunctions - RSoft World-Class CRM Software (Customer Relationship Management) solution has been helping all kinds of small and medium businesses to organise, automate and improve their business. Our 15+ years of experience in Sales and Marketing. RSoft makes your business run transparently and intelligently which projects your brand image and win your customers satisfaction. RSoft is way ahead of other CRM's with its new generation features. entered in  textarea
18:31:25.117 [main] INFO  testCases.TC007_WF1_SN_Hourly - [Apr] is selected in Dropdown
18:31:28.863 [main] INFO  testCases.TC007_WF1_SN_Hourly - [2024] is selected in Dropdown
18:31:29.876 [main] INFO  utilities.UtilityCustomFunctions - (//td[contains(@class,'today')])[2]
18:31:35.346 [main] INFO  testCases.TC007_WF1_SN_Hourly - [+60] is selected in List
18:31:37.718 [main] INFO  utilities.UtilityCustomFunctions - 8198086081 entered in  input
18:31:44.006 [main] INFO  testCases.TC007_WF1_SN_Hourly - [Ordinary] is selected in List
18:31:50.241 [main] INFO  testCases.TC007_WF1_SN_Hourly - [+91] is selected in List
18:31:52.629 [main] INFO  utilities.UtilityCustomFunctions - 3528585079 entered in  input
18:31:53.954 [main] INFO  utilities.UtilityCustomFunctions - AddNewLead@gmail.com entered in  input
18:31:55.240 [main] INFO  utilities.UtilityCustomFunctions - Lead about Chatbot entered in  input
18:31:59.531 [main] INFO  testCases.TC007_WF1_SN_Hourly - [+60] is selected in List
18:32:01.900 [main] INFO  utilities.UtilityCustomFunctions - 8707850418 entered in  input
18:32:03.242 [main] INFO  utilities.UtilityCustomFunctions - AddNewSales@gmail.com entered in  input
18:33:24.883 [main] INFO  utilities.UtilityCustomFunctions - testing entered in  input
18:33:25.086 [main] INFO  utilities.UtilityCustomFunctions - dCr2KGiHBrC2!@ entered in  input
18:33:49.757 [main] INFO  utilities.UtilityCustomFunctions - RowCount:17
18:33:49.795 [main] INFO  utilities.UtilityCustomFunctions - Exp EntityId:122114 Actual Entity Id:122103
18:33:49.811 [main] INFO  utilities.UtilityCustomFunctions - Exp EntityId:122114 Actual Entity Id:122105
18:33:49.829 [main] INFO  utilities.UtilityCustomFunctions - Exp EntityId:122114 Actual Entity Id:122107
18:33:49.846 [main] INFO  utilities.UtilityCustomFunctions - Exp EntityId:122114 Actual Entity Id:122107
18:33:49.862 [main] INFO  utilities.UtilityCustomFunctions - Exp EntityId:122114 Actual Entity Id:122107
18:33:49.877 [main] INFO  utilities.UtilityCustomFunctions - Exp EntityId:122114 Actual Entity Id:122109
18:33:49.892 [main] INFO  utilities.UtilityCustomFunctions - Exp EntityId:122114 Actual Entity Id:122110
18:33:49.906 [main] INFO  utilities.UtilityCustomFunctions - Exp EntityId:122114 Actual Entity Id:122110
18:33:49.920 [main] INFO  utilities.UtilityCustomFunctions - Exp EntityId:122114 Actual Entity Id:122110
18:33:49.933 [main] INFO  utilities.UtilityCustomFunctions - Exp EntityId:122114 Actual Entity Id:122110
18:33:49.948 [main] INFO  utilities.UtilityCustomFunctions - Exp EntityId:122114 Actual Entity Id:122112
18:33:49.961 [main] INFO  utilities.UtilityCustomFunctions - Exp EntityId:122114 Actual Entity Id:122112
18:33:49.976 [main] INFO  utilities.UtilityCustomFunctions - Exp EntityId:122114 Actual Entity Id:122112
18:33:49.991 [main] INFO  utilities.UtilityCustomFunctions - Exp EntityId:122114 Actual Entity Id:122114
18:33:50.163 [main] INFO  utilities.UtilityCustomFunctions - Within Date Diff Validation
18:33:51.312 [main] INFO  utilities.UtilityCustomFunctions - Passed: Actual EntityId:122114ScheduleName:HourlyCreated Time:2024-04-10 13:02:10ExecutionTime:2024-04-10 14:02:10Difference In Minutes:=60 and Task Id:80
18:33:51.329 [main] INFO  utilities.UtilityCustomFunctions - Exp EntityId:122114 Actual Entity Id:122114
18:33:51.505 [main] INFO  utilities.UtilityCustomFunctions - Within Date Diff Validation
18:33:52.651 [main] INFO  utilities.UtilityCustomFunctions - Passed: Actual EntityId:122114ScheduleName:HourlyCreated Time:2024-04-10 13:02:10ExecutionTime:2024-04-10 14:02:10Difference In Minutes:=60 and Task Id:81
18:33:52.669 [main] INFO  utilities.UtilityCustomFunctions - Exp EntityId:122114 Actual Entity Id:122114
18:33:52.839 [main] INFO  utilities.UtilityCustomFunctions - Within Date Diff Validation
18:33:53.984 [main] INFO  utilities.UtilityCustomFunctions - Passed: Actual EntityId:122114ScheduleName:HourlyCreated Time:2024-04-10 13:02:10ExecutionTime:2024-04-10 14:02:10Difference In Minutes:=60 and Task Id:82
12:45:33.881 [main] INFO  testCases.TC007_WF1_SN_Hourly - ******starting WF Schedule Notify Hourly****
12:45:33.884 [main] INFO  testCases.TC007_WF1_SN_Hourly - Test Execution on Browser: chrome
12:45:33.899 [main] INFO  testCases.TC007_WF1_SN_Hourly - Excel file Utility instance created
12:45:34.665 [main] INFO  testCases.TC007_WF1_SN_Hourly - Row Count is: 1
12:45:34.743 [main] INFO  testCases.TC007_WF1_SN_Hourly - Col Count is: 52
12:45:34.743 [main] INFO  testCases.TC007_WF1_SN_Hourly - Extracting DataSheet Values started...
12:45:38.284 [main] INFO  utilities.UtilityCustomFunctions - PN1:2510037068
12:45:38.284 [main] INFO  utilities.UtilityCustomFunctions - PN2:4421465113
12:45:38.284 [main] INFO  utilities.UtilityCustomFunctions - PN3:5161844140
12:45:38.284 [main] INFO  utilities.UtilityCustomFunctions - PN4:4546686663
12:45:47.986 [main] INFO  utilities.UtilityCustomFunctions - PRIYAN entered in  input
12:45:49.261 [main] INFO  utilities.UtilityCustomFunctions - rsoft entered in  input
12:45:50.547 [main] INFO  utilities.UtilityCustomFunctions - RSoft!@345 entered in  input
12:45:57.666 [main] INFO  testCases.TC007_WF1_SN_Hourly - CRM Login Success with:rsoft
12:45:57.667 [main] INFO  utilities.UtilityCustomFunctions - Actual:Login Success
12:45:57.667 [main] INFO  utilities.UtilityCustomFunctions - Expected:Login Success
12:45:57.667 [main] INFO  utilities.UtilityCustomFunctions - Message:User: rsoft
12:46:06.368 [main] INFO  testCases.TC007_WF1_SN_Hourly - Clicked Avatar
12:46:09.144 [main] INFO  testCases.TC007_WF1_SN_Hourly - Clicked Menu CRM Setting
12:46:09.313 [main] INFO  testCases.TC007_WF1_SN_Hourly - Clicked Menu Other Setting
12:46:12.829 [main] INFO  testCases.TC007_WF1_SN_Hourly - Clicked Menu Item Workflow
12:46:13.051 [main] INFO  testCases.TC007_WF1_SN_Hourly - Clicked Workflow from Combox Box List
12:46:15.059 [main] INFO  testCases.TC007_WF1_SN_Hourly - Item to be selected:  CRMScheduleNotification Workflow
12:46:22.109 [main] INFO  testCases.TC007_WF1_SN_Hourly - [CRMScheduleNotification Workflow] is selected in List
12:46:22.110 [main] INFO  testCases.TC007_WF1_SN_Hourly - Item selected in combox Box  CRMScheduleNotification Workflow
12:46:23.123 [main] INFO  testCases.TC007_WF1_SN_Hourly - Selected Module to View its Workflows
12:46:23.167 [main] INFO  testCases.TC007_WF1_SN_Hourly - Current Workflow Row item: 1
12:46:23.216 [main] INFO  testCases.TC007_WF1_SN_Hourly - Current style of Worflow Status Element captured
12:46:23.216 [main] INFO  testCases.TC007_WF1_SN_Hourly - Workflow status: of row item: 1 false
12:46:23.245 [main] INFO  testCases.TC007_WF1_SN_Hourly - Actual Module Name:  CRMScheduleNotification
12:46:23.245 [main] INFO  testCases.TC007_WF1_SN_Hourly - Actual Workflow Name:  WF6_ScheduleNotify_Yearly
12:46:23.245 [main] INFO  testCases.TC007_WF1_SN_Hourly - Actual Exec Condition Name:  schedule
12:46:23.245 [main] INFO  testCases.TC007_WF1_SN_Hourly - Module,workflow,conditions not matched 
12:46:23.245 [main] INFO  testCases.TC007_WF1_SN_Hourly - bCurrentWFStatus: false
12:46:23.245 [main] INFO  testCases.TC007_WF1_SN_Hourly - Current Workflow Row item: 2
12:46:23.298 [main] INFO  testCases.TC007_WF1_SN_Hourly - Current style of Worflow Status Element captured
12:46:23.298 [main] INFO  testCases.TC007_WF1_SN_Hourly - Workflow status: of row item: 2 false
12:46:23.331 [main] INFO  testCases.TC007_WF1_SN_Hourly - Actual Module Name:  CRMScheduleNotification
12:46:23.331 [main] INFO  testCases.TC007_WF1_SN_Hourly - Actual Workflow Name:  WF5_ScheduleNotify_MonthByDate
12:46:23.332 [main] INFO  testCases.TC007_WF1_SN_Hourly - Actual Exec Condition Name:  schedule
12:46:23.332 [main] INFO  testCases.TC007_WF1_SN_Hourly - Module,workflow,conditions not matched 
12:46:23.332 [main] INFO  testCases.TC007_WF1_SN_Hourly - bCurrentWFStatus: false
12:46:23.332 [main] INFO  testCases.TC007_WF1_SN_Hourly - Current Workflow Row item: 3
12:46:23.370 [main] INFO  testCases.TC007_WF1_SN_Hourly - Current style of Worflow Status Element captured
12:46:23.370 [main] INFO  testCases.TC007_WF1_SN_Hourly - Workflow status: of row item: 3 false
12:46:23.400 [main] INFO  testCases.TC007_WF1_SN_Hourly - Actual Module Name:  CRMScheduleNotification
12:46:23.400 [main] INFO  testCases.TC007_WF1_SN_Hourly - Actual Workflow Name:  WF4_ScheduleNotify_SpecificDate
12:46:23.400 [main] INFO  testCases.TC007_WF1_SN_Hourly - Actual Exec Condition Name:  schedule
12:46:23.401 [main] INFO  testCases.TC007_WF1_SN_Hourly - Module,workflow,conditions not matched 
12:46:23.401 [main] INFO  testCases.TC007_WF1_SN_Hourly - bCurrentWFStatus: false
12:46:23.401 [main] INFO  testCases.TC007_WF1_SN_Hourly - Current Workflow Row item: 4
12:46:23.441 [main] INFO  testCases.TC007_WF1_SN_Hourly - Current style of Worflow Status Element captured
12:46:23.441 [main] INFO  testCases.TC007_WF1_SN_Hourly - Workflow status: of row item: 4 false
12:46:23.470 [main] INFO  testCases.TC007_WF1_SN_Hourly - Actual Module Name:  CRMScheduleNotification
12:46:23.470 [main] INFO  testCases.TC007_WF1_SN_Hourly - Actual Workflow Name:  WF3_ScheduleNotify_Weekly
12:46:23.470 [main] INFO  testCases.TC007_WF1_SN_Hourly - Actual Exec Condition Name:  schedule
12:46:23.470 [main] INFO  testCases.TC007_WF1_SN_Hourly - Module,workflow,conditions not matched 
12:46:23.470 [main] INFO  testCases.TC007_WF1_SN_Hourly - bCurrentWFStatus: false
12:46:23.470 [main] INFO  testCases.TC007_WF1_SN_Hourly - Current Workflow Row item: 5
12:46:23.508 [main] INFO  testCases.TC007_WF1_SN_Hourly - Current style of Worflow Status Element captured
12:46:23.508 [main] INFO  testCases.TC007_WF1_SN_Hourly - Workflow status: of row item: 5 true
12:46:23.534 [main] INFO  testCases.TC007_WF1_SN_Hourly - Actual Module Name:  CRMScheduleNotification
12:46:23.534 [main] INFO  testCases.TC007_WF1_SN_Hourly - Actual Workflow Name:  WF2_ScheduleNotify_Daily
12:46:23.534 [main] INFO  testCases.TC007_WF1_SN_Hourly - Actual Exec Condition Name:  schedule
12:46:23.534 [main] INFO  testCases.TC007_WF1_SN_Hourly - Module,workflow,conditions not matched 
12:46:23.534 [main] INFO  testCases.TC007_WF1_SN_Hourly - bCurrentWFStatus: true
12:46:23.574 [main] INFO  testCases.TC007_WF1_SN_Hourly - WF2_ScheduleNotify_DailyWorkflow disabled manually
12:46:23.574 [main] INFO  testCases.TC007_WF1_SN_Hourly - Current Workflow Row item: 6
12:46:23.650 [main] INFO  testCases.TC007_WF1_SN_Hourly - Current style of Worflow Status Element captured
12:46:23.650 [main] INFO  testCases.TC007_WF1_SN_Hourly - Workflow status: of row item: 6 false
12:46:23.676 [main] INFO  testCases.TC007_WF1_SN_Hourly - Actual Module Name:  CRMScheduleNotification
12:46:23.677 [main] INFO  testCases.TC007_WF1_SN_Hourly - Actual Workflow Name:  WF1_ScheduleNotify_Hourly
12:46:23.677 [main] INFO  testCases.TC007_WF1_SN_Hourly - Actual Exec Condition Name:  schedule
12:46:23.677 [main] INFO  testCases.TC007_WF1_SN_Hourly - Module,workflow,condition matches
12:46:23.677 [main] INFO  testCases.TC007_WF1_SN_Hourly - bCurrentWFStatus: false
12:46:23.717 [main] INFO  utilities.UtilityCustomFunctions - WF1_ScheduleNotify_HourlyDisabled Workflow Manually Enabled
12:46:23.717 [main] INFO  testCases.TC007_WF1_SN_Hourly - true:6
12:46:31.273 [main] INFO  testCases.TC007_WF1_SN_Hourly - Work flow clicked
12:46:36.872 [main] INFO  testCases.TC007_WF1_SN_Hourly - Cliked Step 1 Next Button to Condition Page
12:46:40.646 [main] INFO  testCases.TC007_WF1_SN_Hourly - Cliked Step 2 Next Button to Task List Page
12:46:41.657 [main] INFO  testCases.TC007_WF1_SN_Hourly - Clicked Workflow and Navigated to Task Page
12:46:41.670 [main] INFO  testCases.TC007_WF1_SN_Hourly - Number of Tasks Listed for this Workflow: WF1_ScheduleNotify_Hourly : 1
12:46:41.693 [main] INFO  utilities.UtilityCustomFunctions - Is Task Active: 1 : true
12:46:41.796 [main] INFO  utilities.UtilityCustomFunctions - Retrieved Action Type:Send notification
12:46:41.797 [main] INFO  utilities.UtilityCustomFunctions - Retrieved Action Title:ScheduleNotificationHourly
12:46:41.797 [main] INFO  utilities.UtilityCustomFunctions - Retrieved Expected Action Type:Send notification
12:46:41.797 [main] INFO  utilities.UtilityCustomFunctions - Retrieved Expected Action Title:ScheduleNotificationHourly
12:46:41.797 [main] INFO  testCases.TC007_WF1_SN_Hourly - Action Type and Action Tile matches and also Task Button Enabled
12:46:42.805 [main] INFO  utilities.UtilityCustomFunctions - Out of for loop:false
12:46:46.232 [main] INFO  testCases.TC007_WF1_SN_Hourly - Clicked Workflow and Navigated to Task Page
12:46:46.233 [main] INFO  testCases.TC007_WF1_SN_Hourly - Task Active Send notification  ScheduleNotificationHourly
12:47:00.628 [main] INFO  testCases.TC007_WF1_SN_Hourly - Excel file Utility instance created
12:47:00.654 [main] INFO  testCases.TC007_WF1_SN_Hourly - Row Count is: 1
12:47:00.670 [main] INFO  testCases.TC007_WF1_SN_Hourly - Col Count is: 52
12:47:00.670 [main] INFO  testCases.TC007_WF1_SN_Hourly - Extracting DataSheet Values started...
12:47:01.685 [main] INFO  utilities.UtilityCustomFunctions - Before Adding Module data
12:47:04.786 [main] INFO  utilities.UtilityCustomFunctions - Assinged To Drop Down clicked
12:47:12.001 [main] INFO  testCases.TC007_WF1_SN_Hourly - [Sudhakar VE] is selected in List
12:47:12.001 [main] INFO  utilities.UtilityCustomFunctions - Assinged To Value Seleted is::  Sudhakar VE
12:47:13.256 [main] INFO  utilities.UtilityCustomFunctions - Add New Text entered in  input
12:47:13.260 [main] INFO  utilities.UtilityCustomFunctions - Text Value added is::  Add New Text
12:47:14.357 [main] INFO  utilities.UtilityCustomFunctions - Phone NUmber prefix clicked :  
12:47:17.547 [main] INFO  testCases.TC007_WF1_SN_Hourly - [+65] is selected in List
12:47:17.547 [main] INFO  utilities.UtilityCustomFunctions - Phone NUmber selected is :  2510037068
12:47:18.941 [main] INFO  utilities.UtilityCustomFunctions - 2510037068 entered in  input
12:47:21.293 [main] INFO  utilities.UtilityCustomFunctions - AddNew@rsoft.in entered in  input
12:47:22.312 [main] INFO  utilities.UtilityCustomFunctions - Email Added is: AddNew@rsoft.in
12:47:23.398 [main] INFO  utilities.UtilityCustomFunctions - Picklist clicked
12:47:24.471 [main] INFO  utilities.UtilityCustomFunctions - Picklist selected: 1
12:48:31.991 [main] INFO  utilities.UtilityCustomFunctions - MultiCombo box values: two
12:48:33.071 [main] INFO  utilities.UtilityCustomFunctions - City Drop Down clicked
12:48:36.384 [main] INFO  testCases.TC007_WF1_SN_Hourly - [Kanchipuram] is selected in List
12:48:36.384 [main] INFO  utilities.UtilityCustomFunctions - City Selected: Kanchipuram
12:48:37.449 [main] INFO  utilities.UtilityCustomFunctions - State Drop Down clicked
12:48:40.984 [main] INFO  testCases.TC007_WF1_SN_Hourly - [Tamilnadu] is selected in List
12:48:40.984 [main] INFO  utilities.UtilityCustomFunctions - State Selected: Tamilnadu
12:48:42.056 [main] INFO  utilities.UtilityCustomFunctions - Country List clicked
12:48:45.219 [main] INFO  testCases.TC007_WF1_SN_Hourly - [India] is selected in List
12:48:45.219 [main] INFO  utilities.UtilityCustomFunctions - Country Selected: India
12:48:46.304 [main] INFO  utilities.UtilityCustomFunctions - Checkbox clicked
12:48:46.428 [main] INFO  utilities.UtilityCustomFunctions - DateBox clicked
12:48:51.611 [main] INFO  testCases.TC007_WF1_SN_Hourly - [Apr] is selected in Dropdown
12:48:55.435 [main] INFO  testCases.TC007_WF1_SN_Hourly - [2024] is selected in Dropdown
12:48:56.438 [main] INFO  utilities.UtilityCustomFunctions - (//td[contains(@class,'today')])[1]
12:48:57.522 [main] INFO  utilities.UtilityCustomFunctions - Today Date Selected
12:48:58.588 [main] INFO  utilities.UtilityCustomFunctions - Time Clicked
12:49:01.601 [main] INFO  utilities.UtilityCustomFunctions - Hours://div[@class='popover-content']//div[@class='clockpicker-tick' and text()='2']
12:49:11.784 [main] INFO  utilities.UtilityCustomFunctions - Time Selected is: 02:36 PM
12:49:12.968 [main] INFO  utilities.UtilityCustomFunctions - Date & Time Clicked
12:49:20.126 [main] INFO  testCases.TC007_WF1_SN_Hourly - [Apr] is selected in Dropdown
12:49:24.018 [main] INFO  testCases.TC007_WF1_SN_Hourly - [2024] is selected in Dropdown
12:49:25.032 [main] INFO  utilities.UtilityCustomFunctions - (//td[contains(@class,'today')])[2]
12:49:28.125 [main] INFO  utilities.UtilityCustomFunctions - Clicked Current Date in Date&Time
12:49:28.240 [main] INFO  utilities.UtilityCustomFunctions - Date & Time Selected
12:49:29.678 [main] INFO  utilities.UtilityCustomFunctions - 444444444 entered in  input
12:50:24.111 [main] INFO  testCases.TC007_WF1_SN_Hourly - [Mrs.] is selected in List
12:50:25.331 [main] INFO  utilities.UtilityCustomFunctions - Steven entered in  input
12:50:26.661 [main] INFO  utilities.UtilityCustomFunctions - 11111111111 entered in  input
12:50:27.875 [main] INFO  utilities.UtilityCustomFunctions - 10,000 entered in  input
12:50:29.225 [main] INFO  utilities.UtilityCustomFunctions - http://www.google.com/ entered in  input
12:50:32.512 [main] INFO  testCases.TC007_WF1_SN_Hourly - [Dr.] is selected in List
12:50:33.774 [main] INFO  utilities.UtilityCustomFunctions - Annie entered in  input
12:50:35.157 [main] INFO  utilities.UtilityCustomFunctions - AddNewEnquiry@gmail.com entered in  input
12:50:36.486 [main] INFO  utilities.UtilityCustomFunctions - Enquiry about Chatbot entered in  input
12:50:39.618 [main] INFO  utilities.UtilityCustomFunctions - RSoft World-Class CRM Software (Customer Relationship Management) solution has been helping all kinds of small and medium businesses to organise, automate and improve their business. Our 15+ years of experience in Sales and Marketing. RSoft makes your business run transparently and intelligently which projects your brand image and win your customers satisfaction. RSoft is way ahead of other CRM's with its new generation features. entered in  textarea
12:50:44.863 [main] INFO  testCases.TC007_WF1_SN_Hourly - [Apr] is selected in Dropdown
12:50:48.708 [main] INFO  testCases.TC007_WF1_SN_Hourly - [2024] is selected in Dropdown
12:50:49.709 [main] INFO  utilities.UtilityCustomFunctions - (//td[contains(@class,'today')])[2]
12:50:55.194 [main] INFO  testCases.TC007_WF1_SN_Hourly - [+60] is selected in List
12:50:57.587 [main] INFO  utilities.UtilityCustomFunctions - 4421465113 entered in  input
12:51:03.874 [main] INFO  testCases.TC007_WF1_SN_Hourly - [Ordinary] is selected in List
12:51:10.119 [main] INFO  testCases.TC007_WF1_SN_Hourly - [+91] is selected in List
12:51:12.490 [main] INFO  utilities.UtilityCustomFunctions - 5161844140 entered in  input
12:51:13.820 [main] INFO  utilities.UtilityCustomFunctions - AddNewLead@gmail.com entered in  input
12:51:15.144 [main] INFO  utilities.UtilityCustomFunctions - Lead about Chatbot entered in  input
12:51:19.555 [main] INFO  testCases.TC007_WF1_SN_Hourly - [+60] is selected in List
12:51:21.929 [main] INFO  utilities.UtilityCustomFunctions - 4546686663 entered in  input
12:51:23.297 [main] INFO  utilities.UtilityCustomFunctions - AddNewSales@gmail.com entered in  input
12:52:43.980 [main] INFO  utilities.UtilityCustomFunctions - testing entered in  input
12:52:44.168 [main] INFO  utilities.UtilityCustomFunctions - dCr2KGiHBrC2!@ entered in  input
12:53:08.692 [main] INFO  utilities.UtilityCustomFunctions - RowCount:23
12:53:08.729 [main] INFO  utilities.UtilityCustomFunctions - Exp EntityId:122120 Actual Entity Id:122103
12:53:08.745 [main] INFO  utilities.UtilityCustomFunctions - Exp EntityId:122120 Actual Entity Id:122105
12:53:08.759 [main] INFO  utilities.UtilityCustomFunctions - Exp EntityId:122120 Actual Entity Id:122107
12:53:08.772 [main] INFO  utilities.UtilityCustomFunctions - Exp EntityId:122120 Actual Entity Id:122107
12:53:08.785 [main] INFO  utilities.UtilityCustomFunctions - Exp EntityId:122120 Actual Entity Id:122107
12:53:08.799 [main] INFO  utilities.UtilityCustomFunctions - Exp EntityId:122120 Actual Entity Id:122109
12:53:08.812 [main] INFO  utilities.UtilityCustomFunctions - Exp EntityId:122120 Actual Entity Id:122110
12:53:08.826 [main] INFO  utilities.UtilityCustomFunctions - Exp EntityId:122120 Actual Entity Id:122110
12:53:08.840 [main] INFO  utilities.UtilityCustomFunctions - Exp EntityId:122120 Actual Entity Id:122110
12:53:08.854 [main] INFO  utilities.UtilityCustomFunctions - Exp EntityId:122120 Actual Entity Id:122110
12:53:08.866 [main] INFO  utilities.UtilityCustomFunctions - Exp EntityId:122120 Actual Entity Id:122112
12:53:08.880 [main] INFO  utilities.UtilityCustomFunctions - Exp EntityId:122120 Actual Entity Id:122112
12:53:08.893 [main] INFO  utilities.UtilityCustomFunctions - Exp EntityId:122120 Actual Entity Id:122112
12:53:08.906 [main] INFO  utilities.UtilityCustomFunctions - Exp EntityId:122120 Actual Entity Id:122114
12:53:08.919 [main] INFO  utilities.UtilityCustomFunctions - Exp EntityId:122120 Actual Entity Id:122114
12:53:08.932 [main] INFO  utilities.UtilityCustomFunctions - Exp EntityId:122120 Actual Entity Id:122114
12:53:08.947 [main] INFO  utilities.UtilityCustomFunctions - Exp EntityId:122120 Actual Entity Id:122116
12:53:08.962 [main] INFO  utilities.UtilityCustomFunctions - Exp EntityId:122120 Actual Entity Id:122117
12:53:08.975 [main] INFO  utilities.UtilityCustomFunctions - Exp EntityId:122120 Actual Entity Id:122118
12:53:08.988 [main] INFO  utilities.UtilityCustomFunctions - Exp EntityId:122120 Actual Entity Id:122120
12:53:09.138 [main] INFO  utilities.UtilityCustomFunctions - Within Date Diff Validation
12:53:10.280 [main] INFO  utilities.UtilityCustomFunctions - Passed: Actual EntityId:122120ScheduleName:HourlyCreated Time:2024-04-11 07:21:31ExecutionTime:2024-04-11 08:21:31Difference In Minutes:=60 and Task Id:86
12:53:10.296 [main] INFO  utilities.UtilityCustomFunctions - Exp EntityId:122120 Actual Entity Id:122120
12:53:10.461 [main] INFO  utilities.UtilityCustomFunctions - Within Date Diff Validation
12:53:11.606 [main] INFO  utilities.UtilityCustomFunctions - Passed: Actual EntityId:122120ScheduleName:HourlyCreated Time:2024-04-11 07:21:31ExecutionTime:2024-04-11 08:21:31Difference In Minutes:=60 and Task Id:87
12:53:11.717 [main] INFO  utilities.UtilityCustomFunctions - Exp EntityId:122120 Actual Entity Id:122120
12:53:11.909 [main] INFO  utilities.UtilityCustomFunctions - Within Date Diff Validation
12:53:13.035 [main] INFO  utilities.UtilityCustomFunctions - Passed: Actual EntityId:122120ScheduleName:HourlyCreated Time:2024-04-11 07:21:31ExecutionTime:2024-04-11 08:21:31Difference In Minutes:=60 and Task Id:88
12:53:14.100 [main] INFO  testCases.TC008_WF2_SN_Daily - ******starting WF Schedule Notify Daily****
12:53:14.101 [main] INFO  testCases.TC008_WF2_SN_Daily - Test Execution on Browser: chrome
12:53:14.101 [main] INFO  testCases.TC008_WF2_SN_Daily - Excel file Utility instance created
12:53:14.170 [main] INFO  testCases.TC008_WF2_SN_Daily - Row Count is: 1
12:53:14.186 [main] INFO  testCases.TC008_WF2_SN_Daily - Col Count is: 52
12:53:14.186 [main] INFO  testCases.TC008_WF2_SN_Daily - Extracting DataSheet Values started...
12:53:16.949 [main] INFO  utilities.UtilityCustomFunctions - PN1:2722107368
12:53:16.949 [main] INFO  utilities.UtilityCustomFunctions - PN2:1321137567
12:53:16.949 [main] INFO  utilities.UtilityCustomFunctions - PN3:8412888897
12:53:16.949 [main] INFO  utilities.UtilityCustomFunctions - PN4:3806276278
12:53:26.750 [main] INFO  utilities.UtilityCustomFunctions - PRIYAN entered in  input
12:53:28.034 [main] INFO  utilities.UtilityCustomFunctions - Sudhakar entered in  input
12:53:29.259 [main] INFO  utilities.UtilityCustomFunctions - Automation@123 entered in  input
12:53:36.946 [main] INFO  testCases.TC008_WF2_SN_Daily - CRM Login Success with:Sudhakar
12:53:36.946 [main] INFO  utilities.UtilityCustomFunctions - Actual:Login Success
12:53:36.946 [main] INFO  utilities.UtilityCustomFunctions - Expected:Login Success
12:53:36.946 [main] INFO  utilities.UtilityCustomFunctions - Message:User: Sudhakar
12:53:43.361 [main] INFO  testCases.TC008_WF2_SN_Daily - Clicked Avatar
12:53:46.781 [main] INFO  testCases.TC008_WF2_SN_Daily - Clicked Menu CRM Setting
12:53:46.939 [main] INFO  testCases.TC008_WF2_SN_Daily - Clicked Menu Other Setting
12:53:50.110 [main] INFO  testCases.TC008_WF2_SN_Daily - Clicked Menu Item Workflow
12:53:50.298 [main] INFO  testCases.TC008_WF2_SN_Daily - Clicked Workflow from Combox Box List
12:53:52.311 [main] INFO  testCases.TC008_WF2_SN_Daily - Item to be selected:  CRMScheduleNotification Workflow
12:53:58.823 [main] INFO  testCases.TC008_WF2_SN_Daily - [CRMScheduleNotification Workflow] is selected in List
12:53:58.824 [main] INFO  testCases.TC008_WF2_SN_Daily - Item selected in combox Box  CRMScheduleNotification Workflow
12:53:59.828 [main] INFO  testCases.TC008_WF2_SN_Daily - Selected Module to View its Workflows
12:53:59.874 [main] INFO  testCases.TC008_WF2_SN_Daily - Current Workflow Row item: 1
12:53:59.924 [main] INFO  testCases.TC008_WF2_SN_Daily - Current style of Worflow Status Element captured
12:53:59.924 [main] INFO  testCases.TC008_WF2_SN_Daily - Workflow status: of row item: 1 false
12:53:59.950 [main] INFO  testCases.TC008_WF2_SN_Daily - Actual Module Name:  CRMScheduleNotification
12:53:59.950 [main] INFO  testCases.TC008_WF2_SN_Daily - Actual Workflow Name:  WF6_ScheduleNotify_Yearly
12:53:59.950 [main] INFO  testCases.TC008_WF2_SN_Daily - Actual Exec Condition Name:  schedule
12:53:59.950 [main] INFO  testCases.TC008_WF2_SN_Daily - Module,workflow,conditions not matched 
12:53:59.950 [main] INFO  testCases.TC008_WF2_SN_Daily - bCurrentWFStatus: false
12:53:59.950 [main] INFO  testCases.TC008_WF2_SN_Daily - Current Workflow Row item: 2
12:53:59.988 [main] INFO  testCases.TC008_WF2_SN_Daily - Current style of Worflow Status Element captured
12:53:59.989 [main] INFO  testCases.TC008_WF2_SN_Daily - Workflow status: of row item: 2 false
12:54:00.027 [main] INFO  testCases.TC008_WF2_SN_Daily - Actual Module Name:  CRMScheduleNotification
12:54:00.027 [main] INFO  testCases.TC008_WF2_SN_Daily - Actual Workflow Name:  WF5_ScheduleNotify_MonthByDate
12:54:00.027 [main] INFO  testCases.TC008_WF2_SN_Daily - Actual Exec Condition Name:  schedule
12:54:00.027 [main] INFO  testCases.TC008_WF2_SN_Daily - Module,workflow,conditions not matched 
12:54:00.027 [main] INFO  testCases.TC008_WF2_SN_Daily - bCurrentWFStatus: false
12:54:00.027 [main] INFO  testCases.TC008_WF2_SN_Daily - Current Workflow Row item: 3
12:54:00.097 [main] INFO  testCases.TC008_WF2_SN_Daily - Current style of Worflow Status Element captured
12:54:00.097 [main] INFO  testCases.TC008_WF2_SN_Daily - Workflow status: of row item: 3 false
12:54:00.121 [main] INFO  testCases.TC008_WF2_SN_Daily - Actual Module Name:  CRMScheduleNotification
12:54:00.121 [main] INFO  testCases.TC008_WF2_SN_Daily - Actual Workflow Name:  WF4_ScheduleNotify_SpecificDate
12:54:00.121 [main] INFO  testCases.TC008_WF2_SN_Daily - Actual Exec Condition Name:  schedule
12:54:00.121 [main] INFO  testCases.TC008_WF2_SN_Daily - Module,workflow,conditions not matched 
12:54:00.121 [main] INFO  testCases.TC008_WF2_SN_Daily - bCurrentWFStatus: false
12:54:00.121 [main] INFO  testCases.TC008_WF2_SN_Daily - Current Workflow Row item: 4
12:54:00.151 [main] INFO  testCases.TC008_WF2_SN_Daily - Current style of Worflow Status Element captured
12:54:00.151 [main] INFO  testCases.TC008_WF2_SN_Daily - Workflow status: of row item: 4 false
12:54:00.173 [main] INFO  testCases.TC008_WF2_SN_Daily - Actual Module Name:  CRMScheduleNotification
12:54:00.173 [main] INFO  testCases.TC008_WF2_SN_Daily - Actual Workflow Name:  WF3_ScheduleNotify_Weekly
12:54:00.173 [main] INFO  testCases.TC008_WF2_SN_Daily - Actual Exec Condition Name:  schedule
12:54:00.173 [main] INFO  testCases.TC008_WF2_SN_Daily - Module,workflow,conditions not matched 
12:54:00.173 [main] INFO  testCases.TC008_WF2_SN_Daily - bCurrentWFStatus: false
12:54:00.173 [main] INFO  testCases.TC008_WF2_SN_Daily - Current Workflow Row item: 5
12:54:00.207 [main] INFO  testCases.TC008_WF2_SN_Daily - Current style of Worflow Status Element captured
12:54:00.207 [main] INFO  testCases.TC008_WF2_SN_Daily - Workflow status: of row item: 5 false
12:54:00.231 [main] INFO  testCases.TC008_WF2_SN_Daily - Actual Module Name:  CRMScheduleNotification
12:54:00.231 [main] INFO  testCases.TC008_WF2_SN_Daily - Actual Workflow Name:  WF2_ScheduleNotify_Daily
12:54:00.231 [main] INFO  testCases.TC008_WF2_SN_Daily - Actual Exec Condition Name:  schedule
12:54:00.231 [main] INFO  testCases.TC008_WF2_SN_Daily - Module,workflow,condition matches
12:54:00.231 [main] INFO  testCases.TC008_WF2_SN_Daily - bCurrentWFStatus: false
12:54:00.231 [main] INFO  testCases.TC008_WF2_SN_Daily - Current Workflow Row item: 6
12:54:00.266 [main] INFO  testCases.TC008_WF2_SN_Daily - Current style of Worflow Status Element captured
12:54:00.266 [main] INFO  testCases.TC008_WF2_SN_Daily - Workflow status: of row item: 6 true
12:54:00.289 [main] INFO  testCases.TC008_WF2_SN_Daily - Actual Module Name:  CRMScheduleNotification
12:54:00.290 [main] INFO  testCases.TC008_WF2_SN_Daily - Actual Workflow Name:  WF1_ScheduleNotify_Hourly
12:54:00.290 [main] INFO  testCases.TC008_WF2_SN_Daily - Actual Exec Condition Name:  schedule
12:54:00.290 [main] INFO  testCases.TC008_WF2_SN_Daily - Module,workflow,conditions not matched 
12:54:00.290 [main] INFO  testCases.TC008_WF2_SN_Daily - bCurrentWFStatus: true
12:54:00.323 [main] INFO  testCases.TC008_WF2_SN_Daily - WF1_ScheduleNotify_HourlyWorkflow disabled manually
12:54:00.370 [main] INFO  utilities.UtilityCustomFunctions - WF1_ScheduleNotify_HourlyDisabled Workflow Manually Enabled
12:54:00.370 [main] INFO  testCases.TC008_WF2_SN_Daily - true:5
12:54:06.776 [main] INFO  testCases.TC008_WF2_SN_Daily - Work flow clicked
12:54:11.475 [main] INFO  testCases.TC008_WF2_SN_Daily - Cliked Step 1 Next Button to Condition Page
12:54:15.651 [main] INFO  testCases.TC008_WF2_SN_Daily - Cliked Step 2 Next Button to Task List Page
12:54:16.656 [main] INFO  testCases.TC008_WF2_SN_Daily - Clicked Workflow and Navigated to Task Page
12:54:16.691 [main] INFO  testCases.TC008_WF2_SN_Daily - Number of Tasks Listed for this Workflow: WF2_ScheduleNotify_Daily : 1
12:54:16.712 [main] INFO  utilities.UtilityCustomFunctions - Is Task Active: 1 : true
12:54:16.802 [main] INFO  utilities.UtilityCustomFunctions - Retrieved Action Type:Send notification
12:54:16.802 [main] INFO  utilities.UtilityCustomFunctions - Retrieved Action Title:TriggerDailyNotify
12:54:16.802 [main] INFO  utilities.UtilityCustomFunctions - Retrieved Expected Action Type:Send notification
12:54:16.802 [main] INFO  utilities.UtilityCustomFunctions - Retrieved Expected Action Title:TriggerDailyNotify
12:54:16.802 [main] INFO  testCases.TC008_WF2_SN_Daily - Action Type and Action Tile matches and also Task Button Enabled
12:54:17.806 [main] INFO  utilities.UtilityCustomFunctions - Out of for loop:false
12:54:20.922 [main] INFO  testCases.TC008_WF2_SN_Daily - Clicked Workflow and Navigated to Task Page
12:54:20.922 [main] INFO  testCases.TC008_WF2_SN_Daily - Task Active Send notification  TriggerDailyNotify
12:54:35.864 [main] INFO  testCases.TC008_WF2_SN_Daily - Excel file Utility instance created
12:54:35.887 [main] INFO  testCases.TC008_WF2_SN_Daily - Row Count is: 1
12:54:35.900 [main] INFO  testCases.TC008_WF2_SN_Daily - Col Count is: 52
12:54:35.900 [main] INFO  testCases.TC008_WF2_SN_Daily - Extracting DataSheet Values started...
12:54:36.638 [main] INFO  utilities.UtilityCustomFunctions - Before Adding Module data
12:54:39.771 [main] INFO  utilities.UtilityCustomFunctions - Assinged To Drop Down clicked
12:54:44.934 [main] INFO  testCases.TC008_WF2_SN_Daily - [Sudhakar VE] is selected in List
12:54:44.935 [main] INFO  utilities.UtilityCustomFunctions - Assinged To Value Seleted is::  Sudhakar VE
12:54:46.263 [main] INFO  utilities.UtilityCustomFunctions - Add New Text entered in  input
12:54:46.266 [main] INFO  utilities.UtilityCustomFunctions - Text Value added is::  Add New Text
12:54:47.355 [main] INFO  utilities.UtilityCustomFunctions - Phone NUmber prefix clicked :  
12:54:50.522 [main] INFO  testCases.TC008_WF2_SN_Daily - [+65] is selected in List
12:54:50.522 [main] INFO  utilities.UtilityCustomFunctions - Phone NUmber selected is :  2722107368
12:54:51.902 [main] INFO  utilities.UtilityCustomFunctions - 2722107368 entered in  input
12:54:54.169 [main] INFO  utilities.UtilityCustomFunctions - AddNew@rsoft.in entered in  input
12:54:55.180 [main] INFO  utilities.UtilityCustomFunctions - Email Added is: AddNew@rsoft.in
12:54:56.252 [main] INFO  utilities.UtilityCustomFunctions - Picklist clicked
12:54:57.356 [main] INFO  utilities.UtilityCustomFunctions - Picklist selected: 1
12:56:04.857 [main] INFO  utilities.UtilityCustomFunctions - MultiCombo box values: two
12:56:05.972 [main] INFO  utilities.UtilityCustomFunctions - City Drop Down clicked
12:56:09.238 [main] INFO  testCases.TC008_WF2_SN_Daily - [Kanchipuram] is selected in List
12:56:09.238 [main] INFO  utilities.UtilityCustomFunctions - City Selected: Kanchipuram
12:56:10.298 [main] INFO  utilities.UtilityCustomFunctions - State Drop Down clicked
12:56:13.843 [main] INFO  testCases.TC008_WF2_SN_Daily - [Tamilnadu] is selected in List
12:56:13.843 [main] INFO  utilities.UtilityCustomFunctions - State Selected: Tamilnadu
12:56:14.913 [main] INFO  utilities.UtilityCustomFunctions - Country List clicked
12:56:18.068 [main] INFO  testCases.TC008_WF2_SN_Daily - [India] is selected in List
12:56:18.493 [main] INFO  utilities.UtilityCustomFunctions - Country Selected: India
12:56:19.583 [main] INFO  utilities.UtilityCustomFunctions - Checkbox clicked
12:56:19.715 [main] INFO  utilities.UtilityCustomFunctions - DateBox clicked
12:56:24.871 [main] INFO  testCases.TC008_WF2_SN_Daily - [Apr] is selected in Dropdown
12:56:28.729 [main] INFO  testCases.TC008_WF2_SN_Daily - [2024] is selected in Dropdown
12:56:29.736 [main] INFO  utilities.UtilityCustomFunctions - (//td[contains(@class,'today')])[1]
12:56:30.867 [main] INFO  utilities.UtilityCustomFunctions - Today Date Selected
12:56:31.933 [main] INFO  utilities.UtilityCustomFunctions - Time Clicked
12:56:34.934 [main] INFO  utilities.UtilityCustomFunctions - Hours://div[@class='popover-content']//div[@class='clockpicker-tick' and text()='2']
12:56:45.200 [main] INFO  utilities.UtilityCustomFunctions - Time Selected is: 02:36 PM
12:56:46.326 [main] INFO  utilities.UtilityCustomFunctions - Date & Time Clicked
12:56:53.553 [main] INFO  testCases.TC008_WF2_SN_Daily - [Apr] is selected in Dropdown
12:56:57.300 [main] INFO  testCases.TC008_WF2_SN_Daily - [2024] is selected in Dropdown
12:56:58.301 [main] INFO  utilities.UtilityCustomFunctions - (//td[contains(@class,'today')])[2]
12:57:01.441 [main] INFO  utilities.UtilityCustomFunctions - Clicked Current Date in Date&Time
12:57:01.526 [main] INFO  utilities.UtilityCustomFunctions - Date & Time Selected
12:57:02.923 [main] INFO  utilities.UtilityCustomFunctions - 444444444 entered in  input
12:57:57.254 [main] INFO  testCases.TC008_WF2_SN_Daily - [Mrs.] is selected in List
12:57:58.543 [main] INFO  utilities.UtilityCustomFunctions - Steven entered in  input
12:58:00.625 [main] INFO  utilities.UtilityCustomFunctions - 11111111111 entered in  input
12:58:01.833 [main] INFO  utilities.UtilityCustomFunctions - 10,000 entered in  input
12:58:03.174 [main] INFO  utilities.UtilityCustomFunctions - http://www.google.com/ entered in  input
12:58:06.470 [main] INFO  testCases.TC008_WF2_SN_Daily - [Dr.] is selected in List
12:58:07.757 [main] INFO  utilities.UtilityCustomFunctions - Annie entered in  input
12:58:09.127 [main] INFO  utilities.UtilityCustomFunctions - AddNewEnquiry@gmail.com entered in  input
12:58:10.460 [main] INFO  utilities.UtilityCustomFunctions - Enquiry about Chatbot entered in  input
12:58:14.137 [main] INFO  utilities.UtilityCustomFunctions - RSoft World-Class CRM Software (Customer Relationship Management) solution has been helping all kinds of small and medium businesses to organise, automate and improve their business. Our 15+ years of experience in Sales and Marketing. RSoft makes your business run transparently and intelligently which projects your brand image and win your customers satisfaction. RSoft is way ahead of other CRM's with its new generation features. entered in  textarea
12:58:19.363 [main] INFO  testCases.TC008_WF2_SN_Daily - [Apr] is selected in Dropdown
12:58:23.167 [main] INFO  testCases.TC008_WF2_SN_Daily - [2024] is selected in Dropdown
12:58:24.168 [main] INFO  utilities.UtilityCustomFunctions - (//td[contains(@class,'today')])[2]
12:58:29.708 [main] INFO  testCases.TC008_WF2_SN_Daily - [+60] is selected in List
12:58:32.053 [main] INFO  utilities.UtilityCustomFunctions - 1321137567 entered in  input
12:58:38.334 [main] INFO  testCases.TC008_WF2_SN_Daily - [Ordinary] is selected in List
12:58:44.646 [main] INFO  testCases.TC008_WF2_SN_Daily - [+91] is selected in List
12:58:46.983 [main] INFO  utilities.UtilityCustomFunctions - 8412888897 entered in  input
12:58:48.326 [main] INFO  utilities.UtilityCustomFunctions - AddNewLead@gmail.com entered in  input
12:58:49.697 [main] INFO  utilities.UtilityCustomFunctions - Lead about Chatbot entered in  input
12:58:54.023 [main] INFO  testCases.TC008_WF2_SN_Daily - [+60] is selected in List
12:58:56.340 [main] INFO  utilities.UtilityCustomFunctions - 3806276278 entered in  input
12:58:57.697 [main] INFO  utilities.UtilityCustomFunctions - AddNewSales@gmail.com entered in  input
13:00:18.559 [main] INFO  utilities.UtilityCustomFunctions - testing entered in  input
13:00:18.742 [main] INFO  utilities.UtilityCustomFunctions - dCr2KGiHBrC2!@ entered in  input
13:00:41.048 [main] INFO  utilities.UtilityCustomFunctions - Worflow execution time : 2024-04-12 02:30:00 add 300 minutes added to GMT that is 08:00:00 AM Actual EntityId:122122ScheduleName:DailyCreated Time:2024-04-11 07:29:06ExecutionTime:2024-04-12 02:30:00and Task Id:89
13:00:42.409 [main] INFO  utilities.UtilityCustomFunctions - Worflow execution time : 2024-04-12 02:30:00 add 300 minutes added to GMT that is 08:00:00 AM Actual EntityId:122122ScheduleName:DailyCreated Time:2024-04-11 07:29:06ExecutionTime:2024-04-12 02:30:00and Task Id:90
13:00:43.749 [main] INFO  utilities.UtilityCustomFunctions - Worflow execution time : 2024-04-12 02:30:00 add 300 minutes added to GMT that is 08:00:00 AM Actual EntityId:122122ScheduleName:DailyCreated Time:2024-04-11 07:29:06ExecutionTime:2024-04-12 02:30:00and Task Id:91
18:17:44.769 [main] INFO  testCases.TC009_WF3_SN_Weekly - ******starting WF Schedule Notify Weekly****
18:17:44.772 [main] INFO  testCases.TC009_WF3_SN_Weekly - Test Execution on Browser: chrome
18:17:44.774 [main] INFO  testCases.TC009_WF3_SN_Weekly - Excel file Utility instance created
18:17:45.415 [main] INFO  testCases.TC009_WF3_SN_Weekly - Row Count is: 1
18:17:45.494 [main] INFO  testCases.TC009_WF3_SN_Weekly - Col Count is: 52
18:17:45.494 [main] INFO  testCases.TC009_WF3_SN_Weekly - Extracting DataSheet Values started...
18:17:49.160 [main] INFO  utilities.UtilityCustomFunctions - PN1:7031080838
18:17:49.160 [main] INFO  utilities.UtilityCustomFunctions - PN2:5161090799
18:17:49.160 [main] INFO  utilities.UtilityCustomFunctions - PN3:5624396525
18:17:49.160 [main] INFO  utilities.UtilityCustomFunctions - PN4:5372954369
18:17:59.457 [main] INFO  utilities.UtilityCustomFunctions - PRIYAN entered in  input
18:18:00.729 [main] INFO  utilities.UtilityCustomFunctions - Sudhakar entered in  input
18:18:01.995 [main] INFO  utilities.UtilityCustomFunctions - Automation@123 entered in  input
18:18:07.897 [main] INFO  testCases.TC009_WF3_SN_Weekly - CRM Login Success with:Sudhakar
18:18:07.897 [main] INFO  utilities.UtilityCustomFunctions - Actual:Login Success
18:18:07.897 [main] INFO  utilities.UtilityCustomFunctions - Expected:Login Success
18:18:07.897 [main] INFO  utilities.UtilityCustomFunctions - Message:User: Sudhakar
18:18:14.390 [main] INFO  testCases.TC009_WF3_SN_Weekly - Clicked Avatar
18:18:17.205 [main] INFO  testCases.TC009_WF3_SN_Weekly - Clicked Menu CRM Setting
18:18:17.401 [main] INFO  testCases.TC009_WF3_SN_Weekly - Clicked Menu Other Setting
18:18:20.609 [main] INFO  testCases.TC009_WF3_SN_Weekly - Clicked Menu Item Workflow
18:18:20.819 [main] INFO  testCases.TC009_WF3_SN_Weekly - Clicked Workflow from Combox Box List
18:18:22.826 [main] INFO  testCases.TC009_WF3_SN_Weekly - Item to be selected:  CRMScheduleNotification Workflow
18:18:29.699 [main] INFO  testCases.TC009_WF3_SN_Weekly - [CRMScheduleNotification Workflow] is selected in List
18:18:29.699 [main] INFO  testCases.TC009_WF3_SN_Weekly - Item selected in combox Box  CRMScheduleNotification Workflow
18:18:30.704 [main] INFO  testCases.TC009_WF3_SN_Weekly - Selected Module to View its Workflows
18:18:30.753 [main] INFO  testCases.TC009_WF3_SN_Weekly - Current Workflow Row item: 1
18:18:30.802 [main] INFO  testCases.TC009_WF3_SN_Weekly - Current style of Worflow Status Element captured
18:18:30.803 [main] INFO  testCases.TC009_WF3_SN_Weekly - Workflow status: of row item: 1 false
18:18:30.830 [main] INFO  testCases.TC009_WF3_SN_Weekly - Actual Module Name:  CRMScheduleNotification
18:18:30.830 [main] INFO  testCases.TC009_WF3_SN_Weekly - Actual Workflow Name:  WF6_ScheduleNotify_Yearly
18:18:30.830 [main] INFO  testCases.TC009_WF3_SN_Weekly - Actual Exec Condition Name:  schedule
