17:32:05.640 [main] INFO  utilities.UtilityCustomFunctions - City Selected: Chennai
17:32:06.714 [main] INFO  utilities.UtilityCustomFunctions - State Drop Down clicked
17:32:10.047 [main] INFO  testCases.ExecuteTask.Notification.TC003_NT_ExecuteTask_CTAfterDays - [Tamilnadu] is selected in List
17:32:10.047 [main] INFO  utilities.UtilityCustomFunctions - State Selected: Tamilnadu
17:32:11.149 [main] INFO  utilities.UtilityCustomFunctions - Country List clicked
17:32:14.323 [main] INFO  testCases.ExecuteTask.Notification.TC003_NT_ExecuteTask_CTAfterDays - [India] is selected in List
17:32:14.323 [main] INFO  utilities.UtilityCustomFunctions - Country Selected: India
17:32:30.676 [main] INFO  utilities.UtilityCustomFunctions - RelatedModuleText entered in  input
17:32:30.690 [main] INFO  utilities.UtilityCustomFunctions - Search Button clicked in Related Module Window
17:32:34.288 [main] INFO  utilities.UtilityCustomFunctions - Button Search
17:32:37.327 [main] INFO  utilities.UtilityCustomFunctions - table row Count:1
17:32:46.035 [main] INFO  utilities.UtilityCustomFunctions - Related Module Value Selected
17:32:58.594 [main] INFO  utilities.UtilityCustomFunctions - Header Toggle Already ON
17:33:07.031 [main] INFO  utilities.UtilityCustomFunctions - New Record added in: ETNotification
17:33:07.032 [main] INFO  utilities.UtilityCustomFunctions - Excel file Utility instance created
17:33:07.061 [main] INFO  utilities.UtilityCustomFunctions - Row Count to Add Values: 1
17:33:07.074 [main] INFO  utilities.UtilityCustomFunctions - Col Count is: 33
17:33:07.074 [main] INFO  utilities.UtilityCustomFunctions - Extracting DataSheet Values started...
17:33:07.378 [main] INFO  utilities.UtilityCustomFunctions - Before Verify Detail Summary Module data
17:33:13.413 [main] INFO  utilities.UtilityCustomFunctions - Header Toggle Already ON
17:33:13.425 [main] INFO  utilities.UtilityCustomFunctions - Summary View Already OFF
17:33:13.603 [main] INFO  utilities.UtilityCustomFunctions - Actual:ETNotification
17:33:13.603 [main] INFO  utilities.UtilityCustomFunctions - Expected:ETNotification
17:33:13.603 [main] INFO  utilities.UtilityCustomFunctions - Message:Module Name in SummaryDetail View Page
17:33:19.892 [main] INFO  utilities.UtilityCustomFunctions - sAssign1:RsoftsAssign2:IT
17:33:19.892 [main] INFO  utilities.UtilityCustomFunctions - Get Text:
17:33:20.055 [main] INFO  utilities.UtilityCustomFunctions - Actual:Rsoft IT
17:33:20.055 [main] INFO  utilities.UtilityCustomFunctions - Expected:Rsoft IT
17:33:20.055 [main] INFO  utilities.UtilityCustomFunctions - Message:Assigned To-Summary Title
17:33:21.173 [main] INFO  utilities.UtilityCustomFunctions - Actual:+91 1234567890
17:33:21.173 [main] INFO  utilities.UtilityCustomFunctions - Expected:+91 1234567890
17:33:21.173 [main] INFO  utilities.UtilityCustomFunctions - Message:Phone Number - Summary Title
17:33:22.295 [main] INFO  utilities.UtilityCustomFunctions - Actual:SummaryAdd@gmail.com
17:33:22.295 [main] INFO  utilities.UtilityCustomFunctions - Expected:SummaryAdd@gmail.com
17:33:22.295 [main] INFO  utilities.UtilityCustomFunctions - Message:Email - Summary Title
17:33:23.522 [main] INFO  utilities.UtilityCustomFunctions - Actual:Rsoft IT
17:33:23.522 [main] INFO  utilities.UtilityCustomFunctions - Expected:Rsoft IT
17:33:23.522 [main] INFO  utilities.UtilityCustomFunctions - Message:Assigned To - Summary View Page : 
17:33:24.694 [main] INFO  utilities.UtilityCustomFunctions - Actual:+91 1234567890
17:33:24.694 [main] INFO  utilities.UtilityCustomFunctions - Expected:+91 1234567890
17:33:24.694 [main] INFO  utilities.UtilityCustomFunctions - Message:Mobile Number - Summary View Page : Summary Page Add Data
17:33:25.854 [main] INFO  utilities.UtilityCustomFunctions - Actual:SummaryAdd@gmail.com
17:33:25.854 [main] INFO  utilities.UtilityCustomFunctions - Expected:SummaryAdd@gmail.com
17:33:25.854 [main] INFO  utilities.UtilityCustomFunctions - Message:Email - Summary View Page: Summary Page Add Data
17:33:27.008 [main] INFO  utilities.UtilityCustomFunctions - Actual:SummaryAddText
17:33:27.008 [main] INFO  utilities.UtilityCustomFunctions - Expected:SummaryAddText
17:33:27.008 [main] INFO  utilities.UtilityCustomFunctions - Message:Text - Summary View Page:Summary Page Add Data
17:33:28.225 [main] INFO  utilities.UtilityCustomFunctions - Actual:three,four
17:33:28.225 [main] INFO  utilities.UtilityCustomFunctions - Expected:three,four
17:33:28.225 [main] INFO  utilities.UtilityCustomFunctions - Message:MultiComboValues - Summary View Page:  Summary Page Add Data
17:33:29.392 [main] INFO  utilities.UtilityCustomFunctions - Actual:SummaryAddTextArea
17:33:29.392 [main] INFO  utilities.UtilityCustomFunctions - Expected:SummaryAddTextArea
17:33:29.392 [main] INFO  utilities.UtilityCustomFunctions - Message:Text Area - Summary View Page:  Summary Page Add Data
17:33:30.551 [main] INFO  utilities.UtilityCustomFunctions - Actual:Yes
17:33:30.551 [main] INFO  utilities.UtilityCustomFunctions - Expected:Yes
17:33:30.551 [main] INFO  utilities.UtilityCustomFunctions - Message:CheckBox - Summary View Page:   Summary Page Add Data
17:33:31.706 [main] INFO  utilities.UtilityCustomFunctions - Actual:04-05-2024
17:33:31.706 [main] INFO  utilities.UtilityCustomFunctions - Expected:04-05-2024
17:33:31.706 [main] INFO  utilities.UtilityCustomFunctions - Message:Date - Summary View Page:  Summary Page Add Data
17:33:32.885 [main] INFO  utilities.UtilityCustomFunctions - Actual:1
17:33:32.886 [main] INFO  utilities.UtilityCustomFunctions - Expected:1
17:33:32.886 [main] INFO  utilities.UtilityCustomFunctions - Message:PickList - Summary View Page:  Summary Page Add Data
17:33:34.163 [main] INFO  utilities.UtilityCustomFunctions - Actual:annie-spratt
17:33:34.163 [main] INFO  utilities.UtilityCustomFunctions - Expected:annie-spratt
17:33:34.163 [main] INFO  utilities.UtilityCustomFunctions - Message:File Upload - Summary View Page: Summary Page Add Data
17:33:35.321 [main] INFO  utilities.UtilityCustomFunctions - Actual:04-05-2024 05:29:49 PM
17:33:35.321 [main] INFO  utilities.UtilityCustomFunctions - Expected:04-05-2024 05:29:49 PM
17:33:35.321 [main] INFO  utilities.UtilityCustomFunctions - Message:Date & Time - Summary View Page:   Summary Page Add Data
17:33:36.485 [main] INFO  utilities.UtilityCustomFunctions - Actual:02:35:55 PM
17:33:36.485 [main] INFO  utilities.UtilityCustomFunctions - Expected:02:35:55 PM
17:33:36.485 [main] INFO  utilities.UtilityCustomFunctions - Message:Time - Summary View Page:   Summary Page Add Data
17:33:37.651 [main] INFO  utilities.UtilityCustomFunctions - Actual:
17:33:37.651 [main] INFO  utilities.UtilityCustomFunctions - Expected:Mr. SummaryAddName
17:33:37.651 [main] INFO  utilities.UtilityCustomFunctions - Message:Name - Summary View Page:   Summary Page Add Data
17:33:37.699 [main] INFO  utilities.UtilityCustomFunctions - Actual:2323232323
17:33:37.699 [main] INFO  utilities.UtilityCustomFunctions - Expected:2323232323
17:33:37.699 [main] INFO  utilities.UtilityCustomFunctions - Message:Number - Summary View Page:   Summary Page Add Data
17:33:38.869 [main] INFO  utilities.UtilityCustomFunctions - Actual:1,000
17:33:38.869 [main] INFO  utilities.UtilityCustomFunctions - Expected:1,000
17:33:38.869 [main] INFO  utilities.UtilityCustomFunctions - Message:Currency - Summary View Page:   Summary Page Add Data
17:33:40.027 [main] INFO  utilities.UtilityCustomFunctions - Actual:http://www.mvnrepository.com/
17:33:40.027 [main] INFO  utilities.UtilityCustomFunctions - Expected:http://www.mvnrepository.com/
17:33:40.028 [main] INFO  utilities.UtilityCustomFunctions - Message:URL - Summary View Page:  Summary Page Add Data
17:33:41.181 [main] INFO  utilities.UtilityCustomFunctions - Actual:
17:33:41.181 [main] INFO  utilities.UtilityCustomFunctions - Expected:Chennai
17:33:41.181 [main] INFO  utilities.UtilityCustomFunctions - Message:City - Summary View Page: Summary Page Add Data
17:33:41.231 [main] INFO  utilities.UtilityCustomFunctions - Actual:Tamilnadu
17:33:41.231 [main] INFO  utilities.UtilityCustomFunctions - Expected:Tamilnadu
17:33:41.231 [main] INFO  utilities.UtilityCustomFunctions - Message:State - Summary View Page:Summary Page Add Data
17:33:42.383 [main] INFO  utilities.UtilityCustomFunctions - Actual:India
17:33:42.383 [main] INFO  utilities.UtilityCustomFunctions - Expected:India
17:33:42.383 [main] INFO  utilities.UtilityCustomFunctions - Message:Country - Summary View Page:  Summary Page Add Data
17:33:43.602 [main] INFO  utilities.UtilityCustomFunctions - Actual:RelatedModuleText
17:33:43.602 [main] INFO  utilities.UtilityCustomFunctions - Expected:RelatedModuleText
17:33:43.602 [main] INFO  utilities.UtilityCustomFunctions - Message:Related Module Text - Summary View Page:  Summary Page Add Data
17:33:45.441 [main] INFO  utilities.UtilityCustomFunctions - Summary View Set ON
17:33:54.418 [main] INFO  utilities.UtilityCustomFunctions - Actual:Rsoft IT
17:33:54.419 [main] INFO  utilities.UtilityCustomFunctions - Expected:Rsoft IT
17:33:54.419 [main] INFO  utilities.UtilityCustomFunctions - Message:AssignedTo - Detail View Page:   Summary Page Add Data
17:33:55.619 [main] INFO  utilities.UtilityCustomFunctions - sActDTMobileNumber +91
  1234567890
17:33:55.620 [main] INFO  utilities.UtilityCustomFunctions - Actual:+91 1234567890
17:33:55.620 [main] INFO  utilities.UtilityCustomFunctions - Expected:+91 1234567890
17:33:55.620 [main] INFO  utilities.UtilityCustomFunctions - Message:Mobile Number - Detail View Page:   Summary Page Add Data
17:33:56.782 [main] INFO  utilities.UtilityCustomFunctions - Actual:SummaryAdd@gmail.com
17:33:56.782 [main] INFO  utilities.UtilityCustomFunctions - Expected:SummaryAdd@gmail.com
17:33:56.782 [main] INFO  utilities.UtilityCustomFunctions - Message:Email - Detail View Page: Summary Page Add Data
17:33:57.967 [main] INFO  utilities.UtilityCustomFunctions - Actual:SummaryAddText
17:33:57.968 [main] INFO  utilities.UtilityCustomFunctions - Expected:SummaryAddText
17:33:57.968 [main] INFO  utilities.UtilityCustomFunctions - Message:Text - Detail View Page:  Summary Page Add Data
17:33:59.122 [main] INFO  utilities.UtilityCustomFunctions - Actual:three,four
17:33:59.122 [main] INFO  utilities.UtilityCustomFunctions - Expected:three,four
17:33:59.122 [main] INFO  utilities.UtilityCustomFunctions - Message:MultiCombo - Detail View Page:   Summary Page Add Data
17:34:00.310 [main] INFO  utilities.UtilityCustomFunctions - Actual:SummaryAddTextArea
17:34:00.310 [main] INFO  utilities.UtilityCustomFunctions - Expected:SummaryAddTextArea
17:34:00.310 [main] INFO  utilities.UtilityCustomFunctions - Message:TextArea - Detail View Page:  Summary Page Add Data
17:34:01.432 [main] INFO  utilities.UtilityCustomFunctions - Actual:Yes
17:34:01.432 [main] INFO  utilities.UtilityCustomFunctions - Expected:Yes
17:34:01.432 [main] INFO  utilities.UtilityCustomFunctions - Message:CheckBox - Detail View Page: Summary Page Add Data
17:34:02.603 [main] INFO  utilities.UtilityCustomFunctions - Actual:04-05-2024
17:34:02.603 [main] INFO  utilities.UtilityCustomFunctions - Expected:04-05-2024
17:34:02.603 [main] INFO  utilities.UtilityCustomFunctions - Message:Date - Detail View Page: Summary Page Add Data
17:34:03.775 [main] INFO  utilities.UtilityCustomFunctions - Actual:1
17:34:03.775 [main] INFO  utilities.UtilityCustomFunctions - Expected:1
17:34:03.775 [main] INFO  utilities.UtilityCustomFunctions - Message:PickList - Detail View Page:   Summary Page Add Data
17:34:05.044 [main] INFO  utilities.UtilityCustomFunctions - Actual:annie-spratt
17:34:05.044 [main] INFO  utilities.UtilityCustomFunctions - Expected:annie-spratt
17:34:05.044 [main] INFO  utilities.UtilityCustomFunctions - Message:File Upload - Detail View Page:   Summary Page Add Data
17:34:06.214 [main] INFO  utilities.UtilityCustomFunctions - Actual:04-05-2024 05:29:49 PM
17:34:06.214 [main] INFO  utilities.UtilityCustomFunctions - Expected:04-05-2024 05:29:49 PM
17:34:06.214 [main] INFO  utilities.UtilityCustomFunctions - Message:Date & Time - Detail View Page: Summary Page Add Data
17:34:07.382 [main] INFO  utilities.UtilityCustomFunctions - Actual:02:35:55 PM
17:34:07.382 [main] INFO  utilities.UtilityCustomFunctions - Expected:02:35:55 PM
17:34:07.382 [main] INFO  utilities.UtilityCustomFunctions - Message:Time - Detail View Page:    Summary Page Add Data
17:34:08.572 [main] INFO  utilities.UtilityCustomFunctions - ActualNameDT: Mr. SummaryAddName ExpectedNameDT: Mr. SummaryAddName
17:34:08.572 [main] INFO  utilities.UtilityCustomFunctions - Actual:Mr. SummaryAddName
17:34:08.572 [main] INFO  utilities.UtilityCustomFunctions - Expected:Mr. SummaryAddName
17:34:08.572 [main] INFO  utilities.UtilityCustomFunctions - Message:Name - Detail View Page:  Summary Page Add Data
17:34:09.750 [main] INFO  utilities.UtilityCustomFunctions - Actual:2323232323
17:34:09.750 [main] INFO  utilities.UtilityCustomFunctions - Expected:2323232323
17:34:09.750 [main] INFO  utilities.UtilityCustomFunctions - Message:Number - Detail View Page:  Summary Page Add Data
17:34:10.932 [main] INFO  utilities.UtilityCustomFunctions - Actual:1,000
17:34:10.932 [main] INFO  utilities.UtilityCustomFunctions - Expected:1,000
17:34:10.932 [main] INFO  utilities.UtilityCustomFunctions - Message:Currency - Detail View Page:  Summary Page Add Data
17:34:12.065 [main] INFO  utilities.UtilityCustomFunctions - Actual:http://www.mvnrepository.com/
17:34:12.065 [main] INFO  utilities.UtilityCustomFunctions - Expected:http://www.mvnrepository.com/
17:34:12.065 [main] INFO  utilities.UtilityCustomFunctions - Message:URL - Detail View Page:  Summary Page Add Data
17:34:16.293 [main] INFO  utilities.UtilityCustomFunctions - Actual:Chennai
17:34:16.293 [main] INFO  utilities.UtilityCustomFunctions - Expected:Chennai
17:34:16.293 [main] INFO  utilities.UtilityCustomFunctions - Message:City - Detail View Page:   Summary Page Add Data
17:34:17.452 [main] INFO  utilities.UtilityCustomFunctions - Actual:Tamilnadu
17:34:17.453 [main] INFO  utilities.UtilityCustomFunctions - Expected:Tamilnadu
17:34:17.453 [main] INFO  utilities.UtilityCustomFunctions - Message:State - Detail View Page:   Summary Page Add Data
17:34:18.624 [main] INFO  utilities.UtilityCustomFunctions - Actual:India
17:34:18.624 [main] INFO  utilities.UtilityCustomFunctions - Expected:India
17:34:18.624 [main] INFO  utilities.UtilityCustomFunctions - Message:Country - Detail View Page:  Summary Page Add Data
17:34:19.815 [main] INFO  utilities.UtilityCustomFunctions - Actual:RelatedModuleText
17:34:19.815 [main] INFO  utilities.UtilityCustomFunctions - Expected:RelatedModuleText
17:34:19.816 [main] INFO  utilities.UtilityCustomFunctions - Message:Related Module Text - Detail View Page:  Summary Page Add Data
17:34:32.212 [main] INFO  utilities.UtilityCustomFunctions - testing entered in  input
17:34:32.403 [main] INFO  utilities.UtilityCustomFunctions - dCr2KGiHBrC2!@ entered in  input
17:34:58.436 [main] INFO  testCases.ExecuteTask.Notification.TC003_NT_ExecuteTask_CTAfterDays - [PRIMARY (DESC)] is selected in List
17:35:03.445 [main] INFO  utilities.UtilityCustomFunctions - Entity Id Searched: 124215
17:35:07.693 [main] INFO  utilities.UtilityCustomFunctions - Entity Id Searched: 124215
17:35:07.705 [main] INFO  utilities.UtilityCustomFunctions - After WebTable Rows Retrieved
17:35:07.705 [main] INFO  utilities.UtilityCustomFunctions - DB List Count:1
17:35:08.216 [main] INFO  utilities.UtilityCustomFunctions - Within WebTable Rows Loop0
17:35:09.259 [main] INFO  utilities.UtilityCustomFunctions - 124215 Etnotification 2024-05-04 12:02:51 NULL
17:35:12.279 [main] INFO  utilities.UtilityCustomFunctions - After summary Add2024-05-04 12:02:51  NULL RecordId:124215
17:35:12.813 [main] INFO  utilities.UtilityCustomFunctions - testing entered in  input
17:35:12.991 [main] INFO  utilities.UtilityCustomFunctions - dCr2KGiHBrC2!@ entered in  input
17:35:47.747 [main] INFO  utilities.UtilityCustomFunctions - No EndPage Link
17:35:52.967 [main] INFO  testCases.ExecuteTask.Notification.TC003_NT_ExecuteTask_CTAfterDays - [PRIMARY (DESC)] is selected in List
17:35:57.969 [main] INFO  utilities.UtilityCustomFunctions - Entity Id Searched: 124215
17:36:02.188 [main] INFO  utilities.UtilityCustomFunctions - Entity Id Searched: 124215
17:36:02.188 [main] INFO  utilities.UtilityCustomFunctions - Within check_ET_Notify_CT Method
17:36:02.200 [main] INFO  utilities.UtilityCustomFunctions - After WebTable Rows Retrieved
17:36:02.200 [main] INFO  utilities.UtilityCustomFunctions - DB List Count:1
17:36:02.715 [main] INFO  utilities.UtilityCustomFunctions - Within WebTable Rows Loop0
17:36:02.750 [main] INFO  utilities.UtilityCustomFunctions - DB List Count Row: 0 124215
17:36:02.750 [main] INFO  utilities.UtilityCustomFunctions - Within If when Entity Id Matches0
17:36:02.762 [main] INFO  utilities.UtilityCustomFunctions - Taask Id:206
17:36:02.772 [main] INFO  utilities.UtilityCustomFunctions - Module Name:Etnotification
17:36:02.785 [main] INFO  utilities.UtilityCustomFunctions - Schedule Type:0
17:36:02.796 [main] INFO  utilities.UtilityCustomFunctions - Schedule Type Name:
17:36:02.805 [main] INFO  utilities.UtilityCustomFunctions - Actual Execution Time: 2024-05-05 12:07:51
17:36:02.816 [main] INFO  utilities.UtilityCustomFunctions - Actual Send Type: Send notification
17:36:02.828 [main] INFO  utilities.UtilityCustomFunctions - Actual Creation Time: 2024-05-04 12:02:53
17:36:03.977 [main] INFO  utilities.UtilityCustomFunctions - Created Time Failed: Summary New Record Actual Created Time: 2024-05-04 12:02:53 Expected Created Time: 2024-05-04 12:02:51 ExecutionTime:2024-05-05 12:07:51 Send Type: Send notificationModule Name: Etnotification and Task Id:206
17:36:03.977 [main] INFO  utilities.UtilityCustomFunctions - Actual Creation Time: Sat May 04 12:02:51 IST 2024Actual Execution Time: Sun May 05 12:07:51 IST 2024
17:36:03.977 [main] INFO  utilities.UtilityCustomFunctions - Within Date Diff Validation
17:36:05.140 [main] INFO  utilities.UtilityCustomFunctions - Summary New Record: Passed: Actual EntityId: 124215 ScheduleName:  Actual Created Time: 2024-05-04 12:02:53Expected Created Time: 2024-05-04 12:02:51 ExecutionTime:2024-05-05 12:07:51 Difference In Hours:= 24Send Type: Send notificationModule Name: Etnotification and Task Id: 206
17:36:05.140 [main] INFO  utilities.UtilityCustomFunctions - Entity Status: true Current Task Id: 206And Entity Id: 124215
17:36:13.205 [main] INFO  utilities.UtilityCustomFunctions - PRIYAN entered in  input
17:36:14.484 [main] INFO  utilities.UtilityCustomFunctions - rsoft entered in  input
17:36:15.727 [main] INFO  utilities.UtilityCustomFunctions - RSoft!@345 entered in  input
17:36:38.178 [main] INFO  utilities.UtilityCustomFunctions - Excel file Utility instance created
17:36:38.209 [main] INFO  utilities.UtilityCustomFunctions - Row Count to Add Values: 1
17:36:38.229 [main] INFO  utilities.UtilityCustomFunctions - Col Count is: 33
17:36:38.230 [main] INFO  utilities.UtilityCustomFunctions - Extracting DataSheet Values started...
17:36:38.844 [main] INFO  utilities.UtilityCustomFunctions - Before Adding Module data
17:36:41.926 [main] INFO  utilities.UtilityCustomFunctions - Assinged To Drop Down clicked
17:36:47.101 [main] INFO  testCases.ExecuteTask.Notification.TC003_NT_ExecuteTask_CTAfterDays - [Rsoft IT] is selected in List
17:36:47.179 [main] INFO  utilities.UtilityCustomFunctions - Phone NUmber prefix clicked :  
17:36:50.320 [main] INFO  testCases.ExecuteTask.Notification.TC003_NT_ExecuteTask_CTAfterDays - [+91] is selected in List
17:36:50.320 [main] INFO  utilities.UtilityCustomFunctions - Phone NUmber selected is :  1234567890
17:36:51.668 [main] INFO  utilities.UtilityCustomFunctions - 1234567890 entered in  input
17:36:55.025 [main] INFO  utilities.UtilityCustomFunctions - DuplicateAdd@gmail.com entered in  input
17:36:56.040 [main] INFO  utilities.UtilityCustomFunctions - Email Added is: DuplicateAdd@gmail.com
17:36:57.299 [main] INFO  utilities.UtilityCustomFunctions - DuplicateAddText entered in  input
17:36:57.305 [main] INFO  utilities.UtilityCustomFunctions - Text Value added is::  DuplicateAddText
17:37:27.284 [main] INFO  utilities.UtilityCustomFunctions - MultiCombo box values: four,five
17:37:29.558 [main] INFO  utilities.UtilityCustomFunctions - DuplicateAddTextArea entered in  textarea
17:37:31.613 [main] INFO  utilities.UtilityCustomFunctions - check box value: ON
17:37:31.643 [main] INFO  utilities.UtilityCustomFunctions - Checkbox clicked
17:37:31.746 [main] INFO  utilities.UtilityCustomFunctions - DateBox clicked
17:37:34.777 [main] INFO  utilities.UtilityCustomFunctions - Current Month:May
17:37:39.976 [main] INFO  utilities.UtilityCustomFunctions - Current Month:May
17:37:48.243 [main] INFO  utilities.UtilityCustomFunctions - Year to be selected is:2024
17:37:53.032 [main] INFO  utilities.UtilityCustomFunctions - (//td[contains(@class,'today')])[1]
17:37:56.137 [main] INFO  utilities.UtilityCustomFunctions - Today Date Selected
17:37:58.216 [main] INFO  utilities.UtilityCustomFunctions - Picklist clicked
17:37:59.286 [main] INFO  utilities.UtilityCustomFunctions - Picklist selected: 1
17:38:02.435 [main] INFO  utilities.UtilityCustomFunctions - Date & Time Clicked
17:38:07.480 [main] INFO  utilities.UtilityCustomFunctions - Current Month:May
17:38:11.568 [main] INFO  utilities.UtilityCustomFunctions - Current Month:May
17:38:19.775 [main] INFO  utilities.UtilityCustomFunctions - Year to be selected is:2024
17:38:24.602 [main] INFO  utilities.UtilityCustomFunctions - (//td[contains(@class,'today')])[2]
17:38:29.727 [main] INFO  utilities.UtilityCustomFunctions - Clicked Current Date in Date&Time
17:38:29.820 [main] INFO  utilities.UtilityCustomFunctions - Date & Time Selected
17:38:30.888 [main] INFO  utilities.UtilityCustomFunctions - Time Clicked
17:38:33.897 [main] INFO  utilities.UtilityCustomFunctions - Hours://div[@class='popover-content']//div[@class='clockpicker-tick' and text()='2']
17:38:44.146 [main] INFO  utilities.UtilityCustomFunctions - Time Selected is: 02:35 PM
17:38:45.239 [main] INFO  utilities.UtilityCustomFunctions - Actual Date Selected :04-05-2024
17:38:48.687 [main] INFO  testCases.ExecuteTask.Notification.TC003_NT_ExecuteTask_CTAfterDays - [Mr.] is selected in List
17:38:49.952 [main] INFO  utilities.UtilityCustomFunctions - DuplicateAddName entered in  input
17:38:51.190 [main] INFO  utilities.UtilityCustomFunctions - 2323232323 entered in  input
17:38:52.467 [main] INFO  utilities.UtilityCustomFunctions - 1,000 entered in  input
17:38:53.769 [main] INFO  utilities.UtilityCustomFunctions - http://www.mvnrepository.com/ entered in  input
17:38:54.847 [main] INFO  utilities.UtilityCustomFunctions - City Drop Down clicked
17:38:58.017 [main] INFO  testCases.ExecuteTask.Notification.TC003_NT_ExecuteTask_CTAfterDays - [Chennai] is selected in List
17:38:58.017 [main] INFO  utilities.UtilityCustomFunctions - City Selected: Chennai
17:38:59.080 [main] INFO  utilities.UtilityCustomFunctions - State Drop Down clicked
17:39:02.366 [main] INFO  testCases.ExecuteTask.Notification.TC003_NT_ExecuteTask_CTAfterDays - [Tamilnadu] is selected in List
17:39:02.366 [main] INFO  utilities.UtilityCustomFunctions - State Selected: Tamilnadu
17:39:03.423 [main] INFO  utilities.UtilityCustomFunctions - Country List clicked
17:39:06.531 [main] INFO  testCases.ExecuteTask.Notification.TC003_NT_ExecuteTask_CTAfterDays - [India] is selected in List
17:39:06.532 [main] INFO  utilities.UtilityCustomFunctions - Country Selected: India
17:39:22.862 [main] INFO  utilities.UtilityCustomFunctions - RelatedModuleText entered in  input
17:39:22.872 [main] INFO  utilities.UtilityCustomFunctions - Search Button clicked in Related Module Window
17:39:36.064 [main] INFO  utilities.UtilityCustomFunctions - Button Search
17:39:39.101 [main] INFO  utilities.UtilityCustomFunctions - table row Count:1
17:39:47.848 [main] INFO  utilities.UtilityCustomFunctions - Related Module Value Selected
17:40:00.164 [main] INFO  utilities.UtilityCustomFunctions - Header Toggle Already ON
17:40:08.688 [main] INFO  utilities.UtilityCustomFunctions - New Record added in: ETNotification
17:40:08.690 [main] INFO  utilities.UtilityCustomFunctions - Excel file Utility instance created
17:40:08.710 [main] INFO  utilities.UtilityCustomFunctions - Row Count to Add Values: 1
17:40:08.718 [main] INFO  utilities.UtilityCustomFunctions - Col Count is: 33
17:40:08.719 [main] INFO  utilities.UtilityCustomFunctions - Extracting DataSheet Values started...
17:40:08.968 [main] INFO  utilities.UtilityCustomFunctions - Before Verify Detail Summary Module data
17:40:15.025 [main] INFO  utilities.UtilityCustomFunctions - Header Toggle Already ON
17:40:15.046 [main] INFO  utilities.UtilityCustomFunctions - Summary View Already OFF
17:40:15.219 [main] INFO  utilities.UtilityCustomFunctions - Actual:ETNotification
17:40:15.219 [main] INFO  utilities.UtilityCustomFunctions - Expected:ETNotification
17:40:15.220 [main] INFO  utilities.UtilityCustomFunctions - Message:Module Name in SummaryDetail View Page
17:40:21.597 [main] INFO  utilities.UtilityCustomFunctions - sAssign1:RsoftsAssign2:IT
17:40:21.597 [main] INFO  utilities.UtilityCustomFunctions - Get Text:
17:40:21.755 [main] INFO  utilities.UtilityCustomFunctions - Actual:Rsoft IT
17:40:21.755 [main] INFO  utilities.UtilityCustomFunctions - Expected:Rsoft IT
17:40:21.755 [main] INFO  utilities.UtilityCustomFunctions - Message:Assigned To-Summary Title
17:40:22.866 [main] INFO  utilities.UtilityCustomFunctions - Actual:+91 1234567890
17:40:22.866 [main] INFO  utilities.UtilityCustomFunctions - Expected:+91 1234567890
17:40:22.866 [main] INFO  utilities.UtilityCustomFunctions - Message:Phone Number - Summary Title
17:40:23.970 [main] INFO  utilities.UtilityCustomFunctions - Actual:DuplicateAdd@gmail.com
17:40:23.970 [main] INFO  utilities.UtilityCustomFunctions - Expected:DuplicateAdd@gmail.com
17:40:23.970 [main] INFO  utilities.UtilityCustomFunctions - Message:Email - Summary Title
17:40:25.193 [main] INFO  utilities.UtilityCustomFunctions - Actual:Rsoft IT
17:40:25.194 [main] INFO  utilities.UtilityCustomFunctions - Expected:Rsoft IT
17:40:25.194 [main] INFO  utilities.UtilityCustomFunctions - Message:Assigned To - Summary View Page : 
17:40:26.373 [main] INFO  utilities.UtilityCustomFunctions - Actual:+91 1234567890
17:40:26.373 [main] INFO  utilities.UtilityCustomFunctions - Expected:+91 1234567890
17:40:26.373 [main] INFO  utilities.UtilityCustomFunctions - Message:Mobile Number - Summary View Page : Duplicate Record
17:40:27.533 [main] INFO  utilities.UtilityCustomFunctions - Actual:DuplicateAdd@gmail.com
17:40:27.534 [main] INFO  utilities.UtilityCustomFunctions - Expected:DuplicateAdd@gmail.com
17:40:27.534 [main] INFO  utilities.UtilityCustomFunctions - Message:Email - Summary View Page: Duplicate Record
17:40:28.669 [main] INFO  utilities.UtilityCustomFunctions - Actual:DuplicateAddText
17:40:28.669 [main] INFO  utilities.UtilityCustomFunctions - Expected:DuplicateAddText
17:40:28.669 [main] INFO  utilities.UtilityCustomFunctions - Message:Text - Summary View Page:Duplicate Record
17:40:29.804 [main] INFO  utilities.UtilityCustomFunctions - Actual:four,five
17:40:29.804 [main] INFO  utilities.UtilityCustomFunctions - Expected:four,five
17:40:29.804 [main] INFO  utilities.UtilityCustomFunctions - Message:MultiComboValues - Summary View Page:  Duplicate Record
17:40:31.020 [main] INFO  utilities.UtilityCustomFunctions - Actual:DuplicateAddTextArea
17:40:31.020 [main] INFO  utilities.UtilityCustomFunctions - Expected:DuplicateAddTextArea
17:40:31.020 [main] INFO  utilities.UtilityCustomFunctions - Message:Text Area - Summary View Page:  Duplicate Record
17:40:32.202 [main] INFO  utilities.UtilityCustomFunctions - Actual:Yes
17:40:32.202 [main] INFO  utilities.UtilityCustomFunctions - Expected:Yes
17:40:32.202 [main] INFO  utilities.UtilityCustomFunctions - Message:CheckBox - Summary View Page:   Duplicate Record
17:40:33.354 [main] INFO  utilities.UtilityCustomFunctions - Actual:04-05-2024
17:40:33.354 [main] INFO  utilities.UtilityCustomFunctions - Expected:04-05-2024
17:40:33.354 [main] INFO  utilities.UtilityCustomFunctions - Message:Date - Summary View Page:  Duplicate Record
17:40:34.511 [main] INFO  utilities.UtilityCustomFunctions - Actual:1
17:40:34.511 [main] INFO  utilities.UtilityCustomFunctions - Expected:1
17:40:34.511 [main] INFO  utilities.UtilityCustomFunctions - Message:PickList - Summary View Page:  Duplicate Record
17:40:35.801 [main] INFO  utilities.UtilityCustomFunctions - Actual:annie-spratt
17:40:35.801 [main] INFO  utilities.UtilityCustomFunctions - Expected:annie-spratt
17:40:35.801 [main] INFO  utilities.UtilityCustomFunctions - Message:File Upload - Summary View Page: Duplicate Record
17:40:36.966 [main] INFO  utilities.UtilityCustomFunctions - Actual:04-05-2024 05:29:49 PM
17:40:36.966 [main] INFO  utilities.UtilityCustomFunctions - Expected:04-05-2024 05:29:49 PM
17:40:36.966 [main] INFO  utilities.UtilityCustomFunctions - Message:Date & Time - Summary View Page:   Duplicate Record
17:40:38.115 [main] INFO  utilities.UtilityCustomFunctions - Actual:02:35:55 PM
17:40:38.115 [main] INFO  utilities.UtilityCustomFunctions - Expected:02:35:55 PM
17:40:38.115 [main] INFO  utilities.UtilityCustomFunctions - Message:Time - Summary View Page:   Duplicate Record
17:40:39.276 [main] INFO  utilities.UtilityCustomFunctions - Actual:
17:40:39.276 [main] INFO  utilities.UtilityCustomFunctions - Expected:Mr. DuplicateAddName
17:40:39.276 [main] INFO  utilities.UtilityCustomFunctions - Message:Name - Summary View Page:   Duplicate Record
17:40:39.325 [main] INFO  utilities.UtilityCustomFunctions - Actual:2323232323
17:40:39.325 [main] INFO  utilities.UtilityCustomFunctions - Expected:2323232323
17:40:39.325 [main] INFO  utilities.UtilityCustomFunctions - Message:Number - Summary View Page:   Duplicate Record
17:40:40.474 [main] INFO  utilities.UtilityCustomFunctions - Actual:1,000
17:40:40.474 [main] INFO  utilities.UtilityCustomFunctions - Expected:1,000
17:40:40.474 [main] INFO  utilities.UtilityCustomFunctions - Message:Currency - Summary View Page:   Duplicate Record
17:40:41.626 [main] INFO  utilities.UtilityCustomFunctions - Actual:http://www.mvnrepository.com/
17:40:41.626 [main] INFO  utilities.UtilityCustomFunctions - Expected:http://www.mvnrepository.com/
17:40:41.626 [main] INFO  utilities.UtilityCustomFunctions - Message:URL - Summary View Page:  Duplicate Record
17:40:42.788 [main] INFO  utilities.UtilityCustomFunctions - Actual:
17:40:42.788 [main] INFO  utilities.UtilityCustomFunctions - Expected:Chennai
17:40:42.788 [main] INFO  utilities.UtilityCustomFunctions - Message:City - Summary View Page: Duplicate Record
17:40:42.836 [main] INFO  utilities.UtilityCustomFunctions - Actual:Tamilnadu
17:40:42.836 [main] INFO  utilities.UtilityCustomFunctions - Expected:Tamilnadu
17:40:42.836 [main] INFO  utilities.UtilityCustomFunctions - Message:State - Summary View Page:Duplicate Record
17:40:44.009 [main] INFO  utilities.UtilityCustomFunctions - Actual:India
17:40:44.009 [main] INFO  utilities.UtilityCustomFunctions - Expected:India
17:40:44.009 [main] INFO  utilities.UtilityCustomFunctions - Message:Country - Summary View Page:  Duplicate Record
17:40:45.201 [main] INFO  utilities.UtilityCustomFunctions - Actual:RelatedModuleText
17:40:45.201 [main] INFO  utilities.UtilityCustomFunctions - Expected:RelatedModuleText
17:40:45.201 [main] INFO  utilities.UtilityCustomFunctions - Message:Related Module Text - Summary View Page:  Duplicate Record
17:40:46.997 [main] INFO  utilities.UtilityCustomFunctions - Summary View Set ON
17:40:55.809 [main] INFO  utilities.UtilityCustomFunctions - Actual:Rsoft IT
17:40:55.809 [main] INFO  utilities.UtilityCustomFunctions - Expected:Rsoft IT
17:40:55.810 [main] INFO  utilities.UtilityCustomFunctions - Message:AssignedTo - Detail View Page:   Duplicate Record
17:40:56.974 [main] INFO  utilities.UtilityCustomFunctions - sActDTMobileNumber +91
  1234567890
17:40:56.974 [main] INFO  utilities.UtilityCustomFunctions - Actual:+91 1234567890
17:40:56.974 [main] INFO  utilities.UtilityCustomFunctions - Expected:+91 1234567890
17:40:56.974 [main] INFO  utilities.UtilityCustomFunctions - Message:Mobile Number - Detail View Page:   Duplicate Record
17:40:58.140 [main] INFO  utilities.UtilityCustomFunctions - Actual:DuplicateAdd@gmail.com
17:40:58.140 [main] INFO  utilities.UtilityCustomFunctions - Expected:DuplicateAdd@gmail.com
17:40:58.140 [main] INFO  utilities.UtilityCustomFunctions - Message:Email - Detail View Page: Duplicate Record
17:40:59.317 [main] INFO  utilities.UtilityCustomFunctions - Actual:DuplicateAddText
17:40:59.317 [main] INFO  utilities.UtilityCustomFunctions - Expected:DuplicateAddText
17:40:59.317 [main] INFO  utilities.UtilityCustomFunctions - Message:Text - Detail View Page:  Duplicate Record
17:41:00.462 [main] INFO  utilities.UtilityCustomFunctions - Actual:four,five
17:41:00.462 [main] INFO  utilities.UtilityCustomFunctions - Expected:four,five
17:41:00.462 [main] INFO  utilities.UtilityCustomFunctions - Message:MultiCombo - Detail View Page:   Duplicate Record
17:41:01.607 [main] INFO  utilities.UtilityCustomFunctions - Actual:DuplicateAddTextArea
17:41:01.607 [main] INFO  utilities.UtilityCustomFunctions - Expected:DuplicateAddTextArea
17:41:01.607 [main] INFO  utilities.UtilityCustomFunctions - Message:TextArea - Detail View Page:  Duplicate Record
17:41:02.767 [main] INFO  utilities.UtilityCustomFunctions - Actual:Yes
17:41:02.767 [main] INFO  utilities.UtilityCustomFunctions - Expected:Yes
17:41:02.767 [main] INFO  utilities.UtilityCustomFunctions - Message:CheckBox - Detail View Page: Duplicate Record
17:41:03.921 [main] INFO  utilities.UtilityCustomFunctions - Actual:04-05-2024
17:41:03.921 [main] INFO  utilities.UtilityCustomFunctions - Expected:04-05-2024
17:41:03.921 [main] INFO  utilities.UtilityCustomFunctions - Message:Date - Detail View Page: Duplicate Record
17:41:05.067 [main] INFO  utilities.UtilityCustomFunctions - Actual:1
17:41:05.067 [main] INFO  utilities.UtilityCustomFunctions - Expected:1
17:41:05.067 [main] INFO  utilities.UtilityCustomFunctions - Message:PickList - Detail View Page:   Duplicate Record
17:41:06.318 [main] INFO  utilities.UtilityCustomFunctions - Actual:annie-spratt
17:41:06.318 [main] INFO  utilities.UtilityCustomFunctions - Expected:annie-spratt
17:41:06.318 [main] INFO  utilities.UtilityCustomFunctions - Message:File Upload - Detail View Page:   Duplicate Record
17:41:07.483 [main] INFO  utilities.UtilityCustomFunctions - Actual:04-05-2024 05:29:49 PM
17:41:07.484 [main] INFO  utilities.UtilityCustomFunctions - Expected:04-05-2024 05:29:49 PM
17:41:07.484 [main] INFO  utilities.UtilityCustomFunctions - Message:Date & Time - Detail View Page: Duplicate Record
17:41:08.636 [main] INFO  utilities.UtilityCustomFunctions - Actual:02:35:55 PM
17:41:08.636 [main] INFO  utilities.UtilityCustomFunctions - Expected:02:35:55 PM
17:41:08.636 [main] INFO  utilities.UtilityCustomFunctions - Message:Time - Detail View Page:    Duplicate Record
17:41:09.798 [main] INFO  utilities.UtilityCustomFunctions - ActualNameDT: Mr. DuplicateAddName ExpectedNameDT: Mr. DuplicateAddName
17:41:09.798 [main] INFO  utilities.UtilityCustomFunctions - Actual:Mr. DuplicateAddName
17:41:09.798 [main] INFO  utilities.UtilityCustomFunctions - Expected:Mr. DuplicateAddName
17:41:09.798 [main] INFO  utilities.UtilityCustomFunctions - Message:Name - Detail View Page:  Duplicate Record
17:41:10.937 [main] INFO  utilities.UtilityCustomFunctions - Actual:2323232323
17:41:10.937 [main] INFO  utilities.UtilityCustomFunctions - Expected:2323232323
17:41:10.938 [main] INFO  utilities.UtilityCustomFunctions - Message:Number - Detail View Page:  Duplicate Record
17:41:12.101 [main] INFO  utilities.UtilityCustomFunctions - Actual:1,000
17:41:12.101 [main] INFO  utilities.UtilityCustomFunctions - Expected:1,000
17:41:12.101 [main] INFO  utilities.UtilityCustomFunctions - Message:Currency - Detail View Page:  Duplicate Record
17:41:13.244 [main] INFO  utilities.UtilityCustomFunctions - Actual:http://www.mvnrepository.com/
17:41:13.244 [main] INFO  utilities.UtilityCustomFunctions - Expected:http://www.mvnrepository.com/
17:41:13.244 [main] INFO  utilities.UtilityCustomFunctions - Message:URL - Detail View Page:  Duplicate Record
17:41:17.414 [main] INFO  utilities.UtilityCustomFunctions - Actual:Chennai
17:41:17.414 [main] INFO  utilities.UtilityCustomFunctions - Expected:Chennai
17:41:17.414 [main] INFO  utilities.UtilityCustomFunctions - Message:City - Detail View Page:   Duplicate Record
17:41:18.581 [main] INFO  utilities.UtilityCustomFunctions - Actual:Tamilnadu
17:41:18.581 [main] INFO  utilities.UtilityCustomFunctions - Expected:Tamilnadu
17:41:18.581 [main] INFO  utilities.UtilityCustomFunctions - Message:State - Detail View Page:   Duplicate Record
17:41:19.754 [main] INFO  utilities.UtilityCustomFunctions - Actual:India
17:41:19.754 [main] INFO  utilities.UtilityCustomFunctions - Expected:India
17:41:19.754 [main] INFO  utilities.UtilityCustomFunctions - Message:Country - Detail View Page:  Duplicate Record
17:41:20.923 [main] INFO  utilities.UtilityCustomFunctions - Actual:RelatedModuleText
17:41:20.923 [main] INFO  utilities.UtilityCustomFunctions - Expected:RelatedModuleText
17:41:20.923 [main] INFO  utilities.UtilityCustomFunctions - Message:Related Module Text - Detail View Page:  Duplicate Record
17:41:33.346 [main] INFO  utilities.UtilityCustomFunctions - testing entered in  input
17:41:33.540 [main] INFO  utilities.UtilityCustomFunctions - dCr2KGiHBrC2!@ entered in  input
17:41:59.691 [main] INFO  testCases.ExecuteTask.Notification.TC003_NT_ExecuteTask_CTAfterDays - [PRIMARY (DESC)] is selected in List
17:42:04.697 [main] INFO  utilities.UtilityCustomFunctions - Entity Id Searched: 124217
17:42:08.880 [main] INFO  utilities.UtilityCustomFunctions - Entity Id Searched: 124217
17:42:08.916 [main] INFO  utilities.UtilityCustomFunctions - After WebTable Rows Retrieved
17:42:08.917 [main] INFO  utilities.UtilityCustomFunctions - DB List Count:1
17:42:09.424 [main] INFO  utilities.UtilityCustomFunctions - Within WebTable Rows Loop0
17:42:10.493 [main] INFO  utilities.UtilityCustomFunctions - 124217 Etnotification 2024-05-04 12:09:53 NULL
17:42:13.601 [main] INFO  utilities.UtilityCustomFunctions - After Duplicate Record: 2024-05-04 12:09:53  NULL RecordId:124217
17:42:14.203 [main] INFO  utilities.UtilityCustomFunctions - testing entered in  input
17:42:14.388 [main] INFO  utilities.UtilityCustomFunctions - dCr2KGiHBrC2!@ entered in  input
17:42:49.213 [main] INFO  utilities.UtilityCustomFunctions - No EndPage Link
17:42:54.368 [main] INFO  testCases.ExecuteTask.Notification.TC003_NT_ExecuteTask_CTAfterDays - [PRIMARY (DESC)] is selected in List
17:42:59.383 [main] INFO  utilities.UtilityCustomFunctions - Entity Id Searched: 124217
17:43:03.593 [main] INFO  utilities.UtilityCustomFunctions - Entity Id Searched: 124217
17:43:03.593 [main] INFO  utilities.UtilityCustomFunctions - Within check_ET_Notify_CT Method
17:43:03.604 [main] INFO  utilities.UtilityCustomFunctions - After WebTable Rows Retrieved
17:43:03.604 [main] INFO  utilities.UtilityCustomFunctions - DB List Count:1
17:43:04.125 [main] INFO  utilities.UtilityCustomFunctions - Within WebTable Rows Loop0
17:43:04.145 [main] INFO  utilities.UtilityCustomFunctions - DB List Count Row: 0 124217
17:43:04.145 [main] INFO  utilities.UtilityCustomFunctions - Within If when Entity Id Matches0
17:43:04.157 [main] INFO  utilities.UtilityCustomFunctions - Taask Id:207
17:43:04.168 [main] INFO  utilities.UtilityCustomFunctions - Module Name:Etnotification
17:43:04.179 [main] INFO  utilities.UtilityCustomFunctions - Schedule Type:0
17:43:04.192 [main] INFO  utilities.UtilityCustomFunctions - Schedule Type Name:
17:43:04.204 [main] INFO  utilities.UtilityCustomFunctions - Actual Execution Time: 2024-05-05 12:14:53
17:43:04.216 [main] INFO  utilities.UtilityCustomFunctions - Actual Send Type: Send notification
17:43:04.227 [main] INFO  utilities.UtilityCustomFunctions - Actual Creation Time: 2024-05-04 12:09:55
17:43:05.338 [main] INFO  utilities.UtilityCustomFunctions - Created Time Failed: Duplicate Record Actual Created Time: 2024-05-04 12:09:55 Expected Created Time: 2024-05-04 12:09:53 ExecutionTime:2024-05-05 12:14:53 Send Type: Send notificationModule Name: Etnotification and Task Id:207
17:43:05.339 [main] INFO  utilities.UtilityCustomFunctions - Actual Creation Time: Sat May 04 12:09:53 IST 2024Actual Execution Time: Sun May 05 12:14:53 IST 2024
17:43:05.339 [main] INFO  utilities.UtilityCustomFunctions - Within Date Diff Validation
17:43:06.493 [main] INFO  utilities.UtilityCustomFunctions - Duplicate Record: Passed: Actual EntityId: 124217 ScheduleName:  Actual Created Time: 2024-05-04 12:09:55Expected Created Time: 2024-05-04 12:09:53 ExecutionTime:2024-05-05 12:14:53 Difference In Hours:= 24Send Type: Send notificationModule Name: Etnotification and Task Id: 207
17:43:06.493 [main] INFO  utilities.UtilityCustomFunctions - Return Value: in Duplicate Previous Page true:207
17:43:06.493 [main] INFO  utilities.UtilityCustomFunctions - Entity Status: true Current Task Id: 207And Entity Id: 124217
17:43:19.492 [main] INFO  utilities.UtilityCustomFunctions - PRIYAN entered in  input
17:43:20.727 [main] INFO  utilities.UtilityCustomFunctions - rsoft entered in  input
17:43:21.978 [main] INFO  utilities.UtilityCustomFunctions - RSoft!@345 entered in  input
17:43:48.025 [main] INFO  utilities.UtilityCustomFunctions - Excel file Utility instance created
17:43:48.045 [main] INFO  utilities.UtilityCustomFunctions - Row Count to Add Values: 1
17:43:48.053 [main] INFO  utilities.UtilityCustomFunctions - Col Count is: 33
17:43:48.053 [main] INFO  utilities.UtilityCustomFunctions - Extracting DataSheet Values started...
17:43:48.278 [main] INFO  utilities.UtilityCustomFunctions - Before Adding Module data
17:43:51.380 [main] INFO  utilities.UtilityCustomFunctions - Assinged To Drop Down clicked
17:43:56.546 [main] INFO  testCases.ExecuteTask.Notification.TC003_NT_ExecuteTask_CTAfterDays - [Rsoft IT] is selected in List
17:43:56.620 [main] INFO  utilities.UtilityCustomFunctions - Phone NUmber prefix clicked :  
17:43:59.768 [main] INFO  testCases.ExecuteTask.Notification.TC003_NT_ExecuteTask_CTAfterDays - [+91] is selected in List
17:43:59.768 [main] INFO  utilities.UtilityCustomFunctions - Phone NUmber selected is :  1234567890
17:44:01.108 [main] INFO  utilities.UtilityCustomFunctions - 1234567890 entered in  input
17:44:04.398 [main] INFO  utilities.UtilityCustomFunctions - EditSave@gmail.com entered in  input
17:44:05.406 [main] INFO  utilities.UtilityCustomFunctions - Email Added is: EditSave@gmail.com
17:44:06.636 [main] INFO  utilities.UtilityCustomFunctions - EditSaveAddText entered in  input
17:44:06.640 [main] INFO  utilities.UtilityCustomFunctions - Text Value added is::  EditSaveAddText
17:44:36.625 [main] INFO  utilities.UtilityCustomFunctions - MultiCombo box values: one,two
17:44:38.853 [main] INFO  utilities.UtilityCustomFunctions - EditSaveTextArea entered in  textarea
17:44:40.886 [main] INFO  utilities.UtilityCustomFunctions - check box value: ON
17:44:40.915 [main] INFO  utilities.UtilityCustomFunctions - Checkbox clicked
17:44:41.018 [main] INFO  utilities.UtilityCustomFunctions - DateBox clicked
17:44:44.051 [main] INFO  utilities.UtilityCustomFunctions - Current Month:May
17:44:48.161 [main] INFO  utilities.UtilityCustomFunctions - Current Month:May
17:44:56.469 [main] INFO  utilities.UtilityCustomFunctions - Year to be selected is:2024
17:45:01.255 [main] INFO  utilities.UtilityCustomFunctions - (//td[contains(@class,'today')])[1]
17:45:04.319 [main] INFO  utilities.UtilityCustomFunctions - Today Date Selected
17:45:06.381 [main] INFO  utilities.UtilityCustomFunctions - Picklist clicked
17:45:07.442 [main] INFO  utilities.UtilityCustomFunctions - Picklist selected: 1
17:45:10.686 [main] INFO  utilities.UtilityCustomFunctions - Date & Time Clicked
17:45:15.709 [main] INFO  utilities.UtilityCustomFunctions - Current Month:May
17:45:19.769 [main] INFO  utilities.UtilityCustomFunctions - Current Month:May
17:45:28.061 [main] INFO  utilities.UtilityCustomFunctions - Year to be selected is:2024
17:45:32.869 [main] INFO  utilities.UtilityCustomFunctions - (//td[contains(@class,'today')])[2]
17:45:38.012 [main] INFO  utilities.UtilityCustomFunctions - Clicked Current Date in Date&Time
17:45:38.094 [main] INFO  utilities.UtilityCustomFunctions - Date & Time Selected
17:45:39.161 [main] INFO  utilities.UtilityCustomFunctions - Time Clicked
17:45:42.171 [main] INFO  utilities.UtilityCustomFunctions - Hours://div[@class='popover-content']//div[@class='clockpicker-tick' and text()='2']
17:45:52.451 [main] INFO  utilities.UtilityCustomFunctions - Time Selected is: 02:35 PM
17:45:53.528 [main] INFO  utilities.UtilityCustomFunctions - Actual Date Selected :04-05-2024
17:45:56.922 [main] INFO  testCases.ExecuteTask.Notification.TC003_NT_ExecuteTask_CTAfterDays - [Mr.] is selected in List
17:45:58.172 [main] INFO  utilities.UtilityCustomFunctions - EditSaveName entered in  input
17:45:59.447 [main] INFO  utilities.UtilityCustomFunctions - 2323232323 entered in  input
17:46:00.741 [main] INFO  utilities.UtilityCustomFunctions - 1,000 entered in  input
17:46:02.065 [main] INFO  utilities.UtilityCustomFunctions - http://www.mvnrepository.com/ entered in  input
17:46:03.131 [main] INFO  utilities.UtilityCustomFunctions - City Drop Down clicked
17:46:06.275 [main] INFO  testCases.ExecuteTask.Notification.TC003_NT_ExecuteTask_CTAfterDays - [Chennai] is selected in List
17:46:06.275 [main] INFO  utilities.UtilityCustomFunctions - City Selected: Chennai
17:46:07.356 [main] INFO  utilities.UtilityCustomFunctions - State Drop Down clicked
17:46:10.654 [main] INFO  testCases.ExecuteTask.Notification.TC003_NT_ExecuteTask_CTAfterDays - [Tamilnadu] is selected in List
17:46:10.654 [main] INFO  utilities.UtilityCustomFunctions - State Selected: Tamilnadu
17:46:11.737 [main] INFO  utilities.UtilityCustomFunctions - Country List clicked
17:46:14.848 [main] INFO  testCases.ExecuteTask.Notification.TC003_NT_ExecuteTask_CTAfterDays - [India] is selected in List
17:46:14.848 [main] INFO  utilities.UtilityCustomFunctions - Country Selected: India
17:46:31.248 [main] INFO  utilities.UtilityCustomFunctions - RelatedModuleText entered in  input
17:46:31.260 [main] INFO  utilities.UtilityCustomFunctions - Search Button clicked in Related Module Window
17:46:35.100 [main] INFO  utilities.UtilityCustomFunctions - Button Search
17:46:38.137 [main] INFO  utilities.UtilityCustomFunctions - table row Count:1
17:46:46.743 [main] INFO  utilities.UtilityCustomFunctions - Related Module Value Selected
17:46:57.775 [main] INFO  utilities.UtilityCustomFunctions - Header Toggle Already ON
17:47:06.061 [main] INFO  utilities.UtilityCustomFunctions - New Record added in: ETNotification
17:47:06.061 [main] INFO  utilities.UtilityCustomFunctions - Excel file Utility instance created
17:47:06.078 [main] INFO  utilities.UtilityCustomFunctions - Row Count to Add Values: 1
17:47:06.088 [main] INFO  utilities.UtilityCustomFunctions - Col Count is: 33
17:47:06.089 [main] INFO  utilities.UtilityCustomFunctions - Extracting DataSheet Values started...
17:47:06.304 [main] INFO  utilities.UtilityCustomFunctions - Before Verify Detail Summary Module data
17:47:12.321 [main] INFO  utilities.UtilityCustomFunctions - Header Toggle Already ON
17:47:12.334 [main] INFO  utilities.UtilityCustomFunctions - Summary View Already OFF
17:47:12.493 [main] INFO  utilities.UtilityCustomFunctions - Actual:ETNotification
17:47:12.493 [main] INFO  utilities.UtilityCustomFunctions - Expected:ETNotification
17:47:12.493 [main] INFO  utilities.UtilityCustomFunctions - Message:Module Name in SummaryDetail View Page
17:47:18.771 [main] INFO  utilities.UtilityCustomFunctions - sAssign1:RsoftsAssign2:IT
17:47:18.771 [main] INFO  utilities.UtilityCustomFunctions - Get Text:
17:47:18.967 [main] INFO  utilities.UtilityCustomFunctions - Actual:Rsoft IT
17:47:18.968 [main] INFO  utilities.UtilityCustomFunctions - Expected:Rsoft IT
17:47:18.968 [main] INFO  utilities.UtilityCustomFunctions - Message:Assigned To-Summary Title
17:47:20.100 [main] INFO  utilities.UtilityCustomFunctions - Actual:+91 1234567890
17:47:20.100 [main] INFO  utilities.UtilityCustomFunctions - Expected:+91 1234567890
17:47:20.100 [main] INFO  utilities.UtilityCustomFunctions - Message:Phone Number - Summary Title
17:47:21.226 [main] INFO  utilities.UtilityCustomFunctions - Actual:EditSave@gmail.com
17:47:21.226 [main] INFO  utilities.UtilityCustomFunctions - Expected:EditSave@gmail.com
17:47:21.226 [main] INFO  utilities.UtilityCustomFunctions - Message:Email - Summary Title
17:47:22.435 [main] INFO  utilities.UtilityCustomFunctions - Actual:Rsoft IT
17:47:22.435 [main] INFO  utilities.UtilityCustomFunctions - Expected:Rsoft IT
17:47:22.435 [main] INFO  utilities.UtilityCustomFunctions - Message:Assigned To - Summary View Page : 
17:47:23.632 [main] INFO  utilities.UtilityCustomFunctions - Actual:+91 1234567890
