13:10:19.769 [main] INFO  utilities.UtilityCustomFunctions - Message:Email
13:10:20.999 [main] INFO  utilities.UtilityCustomFunctions - Actual:Welcome to Automation World...!
13:10:20.999 [main] INFO  utilities.UtilityCustomFunctions - Expected:Welcome to Automation World...!
13:10:20.999 [main] INFO  utilities.UtilityCustomFunctions - Message:Text
13:10:22.250 [main] INFO  utilities.UtilityCustomFunctions - Actual:five
13:10:22.250 [main] INFO  utilities.UtilityCustomFunctions - Expected:five
13:10:22.250 [main] INFO  utilities.UtilityCustomFunctions - Message:MultiSelect
13:10:23.486 [main] INFO  utilities.UtilityCustomFunctions - Actual:Delhi
13:10:23.486 [main] INFO  utilities.UtilityCustomFunctions - Expected:Delhi
13:10:23.486 [main] INFO  utilities.UtilityCustomFunctions - Message:MultiChoice State
13:11:47.838 [main] INFO  testCases.WebForms.TC011_WF_RRUserN_OneConditionN - Test Execution on Browser: chrome
13:11:47.976 [main] INFO  testCases.WebForms.TC011_WF_RRUserN_OneConditionN - Excel file Utility instance created
13:11:49.751 [main] INFO  testCases.WebForms.TC011_WF_RRUserN_OneConditionN - Row Count is: 9
13:11:49.882 [main] INFO  testCases.WebForms.TC011_WF_RRUserN_OneConditionN - Col Count is: 15
13:11:49.882 [main] INFO  testCases.WebForms.TC011_WF_RRUserN_OneConditionN - Extracting DataSheet Values started...
13:11:57.439 [main] INFO  utilities.UtilityCustomFunctions - PRIYAN entered in  input
13:11:59.419 [main] INFO  utilities.UtilityCustomFunctions - rsoft entered in  input
13:12:01.253 [main] INFO  utilities.UtilityCustomFunctions - RSoft!@345 entered in  input
13:12:12.102 [main] INFO  testCases.WebForms.TC011_WF_RRUserN_OneConditionN - Clicked Avatar
13:12:16.613 [main] INFO  testCases.WebForms.TC011_WF_RRUserN_OneConditionN - Clicked Menu CRM Setting
13:12:18.849 [main] INFO  testCases.WebForms.TC011_WF_RRUserN_OneConditionN - Clicked Menu User Access Control
13:12:22.834 [main] INFO  testCases.WebForms.TC011_WF_RRUserN_OneConditionN - Clicked Avatar
13:12:26.747 [main] INFO  testCases.WebForms.TC011_WF_RRUserN_OneConditionN - Clicked Menu CRM Setting
13:12:26.925 [main] INFO  testCases.WebForms.TC011_WF_RRUserN_OneConditionN - Clicked Integration
13:12:38.537 [main] INFO  testCases.WebForms.TC011_WF_RRUserN_OneConditionN - [ETNotification Webform] is selected in List
13:12:43.065 [main] INFO  testCases.WebForms.TC011_WF_RRUserN_OneConditionN - [ETNotification Webform] is selected in List
13:14:14.469 [main] INFO  testCases.WebForms.TC011_WF_RRUserN_OneConditionN - Clicked Avatar
13:14:18.362 [main] INFO  testCases.WebForms.TC011_WF_RRUserN_OneConditionN - Clicked Menu CRM Setting
13:14:20.581 [main] INFO  testCases.WebForms.TC011_WF_RRUserN_OneConditionN - Clicked Menu User Access Control
13:14:36.916 [main] INFO  utilities.UtilityCustomFunctions - Actual:Patel Brandon
13:14:36.916 [main] INFO  utilities.UtilityCustomFunctions - Expected:Suresh
13:14:36.917 [main] INFO  utilities.UtilityCustomFunctions - Message:AssignedTo Value
13:14:38.213 [main] INFO  utilities.UtilityCustomFunctions - Actual:+91
13:14:38.213 [main] INFO  utilities.UtilityCustomFunctions - Expected:+91
13:14:38.213 [main] INFO  utilities.UtilityCustomFunctions - Message:Mobile Number Prefix
13:14:39.483 [main] INFO  utilities.UtilityCustomFunctions - Actual:9840085054
13:14:39.483 [main] INFO  utilities.UtilityCustomFunctions - Expected:9840085054
13:14:39.483 [main] INFO  utilities.UtilityCustomFunctions - Message:Mobile Number
13:14:40.731 [main] INFO  utilities.UtilityCustomFunctions - Actual:Julia@rsoft.in
13:14:40.731 [main] INFO  utilities.UtilityCustomFunctions - Expected:Julia@rsoft.in
13:14:40.731 [main] INFO  utilities.UtilityCustomFunctions - Message:Email
13:14:41.962 [main] INFO  utilities.UtilityCustomFunctions - Actual:Welcome to Automation World...!
13:14:41.962 [main] INFO  utilities.UtilityCustomFunctions - Expected:Welcome to Automation World...!
13:14:41.962 [main] INFO  utilities.UtilityCustomFunctions - Message:Text
13:14:43.215 [main] INFO  utilities.UtilityCustomFunctions - Actual:one
13:14:43.215 [main] INFO  utilities.UtilityCustomFunctions - Expected:one
13:14:43.230 [main] INFO  utilities.UtilityCustomFunctions - Message:MultiSelect
13:14:44.431 [main] INFO  utilities.UtilityCustomFunctions - Actual:Tamilnadu
13:14:44.431 [main] INFO  utilities.UtilityCustomFunctions - Expected:Tamilnadu
13:14:44.431 [main] INFO  utilities.UtilityCustomFunctions - Message:MultiChoice State
14:29:14.664 [main] INFO  testCases.WebForms.TC012_WF_RRUserYN_OneConditionN - Test Execution on Browser: chrome
14:29:14.792 [main] INFO  testCases.WebForms.TC012_WF_RRUserYN_OneConditionN - Excel file Utility instance created
14:29:16.542 [main] INFO  testCases.WebForms.TC012_WF_RRUserYN_OneConditionN - Row Count is: 9
14:29:16.673 [main] INFO  testCases.WebForms.TC012_WF_RRUserYN_OneConditionN - Col Count is: 15
14:29:16.673 [main] INFO  testCases.WebForms.TC012_WF_RRUserYN_OneConditionN - Extracting DataSheet Values started...
14:29:23.810 [main] INFO  utilities.UtilityCustomFunctions - PRIYAN entered in  input
14:29:25.762 [main] INFO  utilities.UtilityCustomFunctions - rsoft entered in  input
14:29:27.925 [main] INFO  utilities.UtilityCustomFunctions - RSoft!@345 entered in  input
14:29:39.758 [main] INFO  testCases.WebForms.TC012_WF_RRUserYN_OneConditionN - Clicked Avatar
14:29:44.247 [main] INFO  testCases.WebForms.TC012_WF_RRUserYN_OneConditionN - Clicked Menu CRM Setting
14:29:46.523 [main] INFO  testCases.WebForms.TC012_WF_RRUserYN_OneConditionN - Clicked Menu User Access Control
14:29:50.606 [main] INFO  testCases.WebForms.TC012_WF_RRUserYN_OneConditionN - Clicked Avatar
14:29:54.421 [main] INFO  testCases.WebForms.TC012_WF_RRUserYN_OneConditionN - Clicked Menu CRM Setting
14:29:54.547 [main] INFO  testCases.WebForms.TC012_WF_RRUserYN_OneConditionN - Clicked Integration
14:30:06.460 [main] INFO  testCases.WebForms.TC012_WF_RRUserYN_OneConditionN - [ETNotification Webform] is selected in List
14:30:10.990 [main] INFO  testCases.WebForms.TC012_WF_RRUserYN_OneConditionN - [ETNotification Webform] is selected in List
14:38:21.315 [main] INFO  testCases.WebForms.TC012_WF_RRUserYN_OneConditionN - Test Execution on Browser: chrome
14:38:21.455 [main] INFO  testCases.WebForms.TC012_WF_RRUserYN_OneConditionN - Excel file Utility instance created
14:38:23.272 [main] INFO  testCases.WebForms.TC012_WF_RRUserYN_OneConditionN - Row Count is: 9
14:38:23.422 [main] INFO  testCases.WebForms.TC012_WF_RRUserYN_OneConditionN - Col Count is: 15
14:38:23.422 [main] INFO  testCases.WebForms.TC012_WF_RRUserYN_OneConditionN - Extracting DataSheet Values started...
14:38:30.788 [main] INFO  utilities.UtilityCustomFunctions - PRIYAN entered in  input
14:38:33.100 [main] INFO  utilities.UtilityCustomFunctions - rsoft entered in  input
14:38:34.987 [main] INFO  utilities.UtilityCustomFunctions - RSoft!@345 entered in  input
14:38:46.084 [main] INFO  testCases.WebForms.TC012_WF_RRUserYN_OneConditionN - Clicked Avatar
14:38:50.649 [main] INFO  testCases.WebForms.TC012_WF_RRUserYN_OneConditionN - Clicked Menu CRM Setting
14:38:52.947 [main] INFO  testCases.WebForms.TC012_WF_RRUserYN_OneConditionN - Clicked Menu User Access Control
14:38:56.882 [main] INFO  testCases.WebForms.TC012_WF_RRUserYN_OneConditionN - Clicked Avatar
14:39:01.428 [main] INFO  testCases.WebForms.TC012_WF_RRUserYN_OneConditionN - Clicked Menu CRM Setting
14:39:01.737 [main] INFO  testCases.WebForms.TC012_WF_RRUserYN_OneConditionN - Clicked Integration
14:40:02.270 [main] INFO  testCases.WebForms.TC012_WF_RRUserYN_OneConditionN - Test Execution on Browser: chrome
14:40:02.383 [main] INFO  testCases.WebForms.TC012_WF_RRUserYN_OneConditionN - Excel file Utility instance created
14:40:03.955 [main] INFO  testCases.WebForms.TC012_WF_RRUserYN_OneConditionN - Row Count is: 9
14:40:04.061 [main] INFO  testCases.WebForms.TC012_WF_RRUserYN_OneConditionN - Col Count is: 15
14:40:04.061 [main] INFO  testCases.WebForms.TC012_WF_RRUserYN_OneConditionN - Extracting DataSheet Values started...
14:40:11.183 [main] INFO  utilities.UtilityCustomFunctions - PRIYAN entered in  input
14:40:13.074 [main] INFO  utilities.UtilityCustomFunctions - rsoft entered in  input
14:40:14.765 [main] INFO  utilities.UtilityCustomFunctions - RSoft!@345 entered in  input
14:40:26.048 [main] INFO  testCases.WebForms.TC012_WF_RRUserYN_OneConditionN - Clicked Avatar
14:40:30.351 [main] INFO  testCases.WebForms.TC012_WF_RRUserYN_OneConditionN - Clicked Menu CRM Setting
14:40:32.748 [main] INFO  testCases.WebForms.TC012_WF_RRUserYN_OneConditionN - Clicked Menu User Access Control
14:40:36.547 [main] INFO  testCases.WebForms.TC012_WF_RRUserYN_OneConditionN - Clicked Avatar
14:40:40.425 [main] INFO  testCases.WebForms.TC012_WF_RRUserYN_OneConditionN - Clicked Menu CRM Setting
14:40:40.565 [main] INFO  testCases.WebForms.TC012_WF_RRUserYN_OneConditionN - Clicked Integration
14:40:52.301 [main] INFO  testCases.WebForms.TC012_WF_RRUserYN_OneConditionN - [ETNotification Webform] is selected in List
14:40:56.930 [main] INFO  testCases.WebForms.TC012_WF_RRUserYN_OneConditionN - [ETNotification Webform] is selected in List
14:42:59.649 [main] INFO  testCases.WebForms.TC012_WF_RRUserYN_OneConditionN - Test Execution on Browser: chrome
14:42:59.765 [main] INFO  testCases.WebForms.TC012_WF_RRUserYN_OneConditionN - Excel file Utility instance created
14:43:01.683 [main] INFO  testCases.WebForms.TC012_WF_RRUserYN_OneConditionN - Row Count is: 9
14:43:01.817 [main] INFO  testCases.WebForms.TC012_WF_RRUserYN_OneConditionN - Col Count is: 15
14:43:01.817 [main] INFO  testCases.WebForms.TC012_WF_RRUserYN_OneConditionN - Extracting DataSheet Values started...
14:43:09.447 [main] INFO  utilities.UtilityCustomFunctions - PRIYAN entered in  input
14:43:11.528 [main] INFO  utilities.UtilityCustomFunctions - rsoft entered in  input
14:43:13.377 [main] INFO  utilities.UtilityCustomFunctions - RSoft!@345 entered in  input
14:43:25.957 [main] INFO  testCases.WebForms.TC012_WF_RRUserYN_OneConditionN - Clicked Avatar
14:43:30.239 [main] INFO  testCases.WebForms.TC012_WF_RRUserYN_OneConditionN - Clicked Menu CRM Setting
14:43:32.526 [main] INFO  testCases.WebForms.TC012_WF_RRUserYN_OneConditionN - Clicked Menu User Access Control
14:43:36.276 [main] INFO  testCases.WebForms.TC012_WF_RRUserYN_OneConditionN - Clicked Avatar
14:43:40.147 [main] INFO  testCases.WebForms.TC012_WF_RRUserYN_OneConditionN - Clicked Menu CRM Setting
14:43:40.286 [main] INFO  testCases.WebForms.TC012_WF_RRUserYN_OneConditionN - Clicked Integration
14:43:51.865 [main] INFO  testCases.WebForms.TC012_WF_RRUserYN_OneConditionN - [ETNotification Webform] is selected in List
14:43:56.443 [main] INFO  testCases.WebForms.TC012_WF_RRUserYN_OneConditionN - [ETNotification Webform] is selected in List
14:44:42.945 [main] INFO  utilities.UtilityCustomFunctions - Actual:Linda Adam
14:44:42.945 [main] INFO  utilities.UtilityCustomFunctions - Expected:Trott
14:44:42.946 [main] INFO  utilities.UtilityCustomFunctions - Message:AssignedTo Value
14:44:44.252 [main] INFO  utilities.UtilityCustomFunctions - Actual:+91
14:44:44.252 [main] INFO  utilities.UtilityCustomFunctions - Expected:+91
14:44:44.252 [main] INFO  utilities.UtilityCustomFunctions - Message:Mobile Number Prefix
14:44:45.491 [main] INFO  utilities.UtilityCustomFunctions - Actual:9840049379
14:44:45.491 [main] INFO  utilities.UtilityCustomFunctions - Expected:9840049379
14:44:45.491 [main] INFO  utilities.UtilityCustomFunctions - Message:Mobile Number
14:44:46.726 [main] INFO  utilities.UtilityCustomFunctions - Actual:Julia@rsoft.in
14:44:46.726 [main] INFO  utilities.UtilityCustomFunctions - Expected:Julia@rsoft.in
14:44:46.726 [main] INFO  utilities.UtilityCustomFunctions - Message:Email
14:44:47.927 [main] INFO  utilities.UtilityCustomFunctions - Actual:Welcome to Automation World...!
14:44:47.927 [main] INFO  utilities.UtilityCustomFunctions - Expected:Welcome to Automation World...!
14:44:47.927 [main] INFO  utilities.UtilityCustomFunctions - Message:Text
14:44:49.158 [main] INFO  utilities.UtilityCustomFunctions - Actual:one
14:44:49.158 [main] INFO  utilities.UtilityCustomFunctions - Expected:one
14:44:49.158 [main] INFO  utilities.UtilityCustomFunctions - Message:MultiSelect
14:44:50.374 [main] INFO  utilities.UtilityCustomFunctions - Actual:Tamilnadu
14:44:50.374 [main] INFO  utilities.UtilityCustomFunctions - Expected:Tamilnadu
14:44:50.374 [main] INFO  utilities.UtilityCustomFunctions - Message:MultiChoice State
14:45:05.708 [main] INFO  utilities.UtilityCustomFunctions - Actual:Trott Alexander
14:45:05.708 [main] INFO  utilities.UtilityCustomFunctions - Expected:Usman
14:45:05.709 [main] INFO  utilities.UtilityCustomFunctions - Message:AssignedTo Value
14:45:06.893 [main] INFO  utilities.UtilityCustomFunctions - Actual:+91
14:45:06.908 [main] INFO  utilities.UtilityCustomFunctions - Expected:+91
14:45:06.908 [main] INFO  utilities.UtilityCustomFunctions - Message:Mobile Number Prefix
14:45:08.125 [main] INFO  utilities.UtilityCustomFunctions - Actual:9840085430
14:45:08.125 [main] INFO  utilities.UtilityCustomFunctions - Expected:9840085430
14:45:08.125 [main] INFO  utilities.UtilityCustomFunctions - Message:Mobile Number
14:45:09.357 [main] INFO  utilities.UtilityCustomFunctions - Actual:Alice@rsoft.in
14:45:09.357 [main] INFO  utilities.UtilityCustomFunctions - Expected:Alice@rsoft.in
14:45:09.357 [main] INFO  utilities.UtilityCustomFunctions - Message:Email
14:45:10.591 [main] INFO  utilities.UtilityCustomFunctions - Actual:Welcome to Automation World...!
14:45:10.591 [main] INFO  utilities.UtilityCustomFunctions - Expected:Welcome to Automation World...!
14:45:10.591 [main] INFO  utilities.UtilityCustomFunctions - Message:Text
14:45:11.808 [main] INFO  utilities.UtilityCustomFunctions - Actual:four
14:45:11.808 [main] INFO  utilities.UtilityCustomFunctions - Expected:four
14:45:11.808 [main] INFO  utilities.UtilityCustomFunctions - Message:MultiSelect
14:45:13.038 [main] INFO  utilities.UtilityCustomFunctions - Actual:Andhra Pradesh
14:45:13.038 [main] INFO  utilities.UtilityCustomFunctions - Expected:Andhra Pradesh
14:45:13.038 [main] INFO  utilities.UtilityCustomFunctions - Message:MultiChoice State
14:56:13.076 [main] INFO  testCases.AddNewUser - Test Execution on Browser: chrome
14:56:13.192 [main] INFO  testCases.AddNewUser - Excel file Utility instance created
14:56:14.974 [main] INFO  testCases.AddNewUser - Row Count is: 43
14:56:15.160 [main] INFO  testCases.AddNewUser - Col Count is: 10
14:56:19.317 [main] INFO  utilities.UtilityCustomFunctions - PRIYAN entered in  input
14:56:20.959 [main] INFO  utilities.UtilityCustomFunctions - rsoft entered in  input
14:56:23.127 [main] INFO  utilities.UtilityCustomFunctions - RSoft!@345 entered in  input
14:56:34.446 [main] INFO  testCases.AddNewUser - Clicked Avatar
14:56:38.602 [main] INFO  testCases.AddNewUser - Clicked Menu CRM Setting
14:56:40.845 [main] INFO  testCases.AddNewUser - Clicked Menu User Access Control
14:56:47.915 [main] INFO  testCases.AddNewUser - Extracting DataSheet Values started...
14:56:48.617 [main] INFO  testCases.AddNewUser - Extracting DataSheet Values started...
14:56:49.175 [main] INFO  testCases.AddNewUser - Extracting DataSheet Values started...
14:56:49.795 [main] INFO  testCases.AddNewUser - Extracting DataSheet Values started...
14:56:50.180 [main] INFO  testCases.AddNewUser - Extracting DataSheet Values started...
14:56:50.563 [main] INFO  testCases.AddNewUser - Extracting DataSheet Values started...
14:56:50.814 [main] INFO  testCases.AddNewUser - Extracting DataSheet Values started...
14:56:51.030 [main] INFO  testCases.AddNewUser - Extracting DataSheet Values started...
14:56:51.261 [main] INFO  testCases.AddNewUser - Extracting DataSheet Values started...
14:56:51.460 [main] INFO  testCases.AddNewUser - Extracting DataSheet Values started...
14:56:51.646 [main] INFO  testCases.AddNewUser - Extracting DataSheet Values started...
14:56:51.895 [main] INFO  testCases.AddNewUser - Extracting DataSheet Values started...
14:56:52.098 [main] INFO  testCases.AddNewUser - Extracting DataSheet Values started...
14:56:52.348 [main] INFO  testCases.AddNewUser - Extracting DataSheet Values started...
14:56:52.565 [main] INFO  testCases.AddNewUser - Extracting DataSheet Values started...
14:56:52.763 [main] INFO  testCases.AddNewUser - Extracting DataSheet Values started...
14:56:52.948 [main] INFO  testCases.AddNewUser - Extracting DataSheet Values started...
14:56:53.147 [main] INFO  testCases.AddNewUser - Extracting DataSheet Values started...
14:56:53.380 [main] INFO  testCases.AddNewUser - Extracting DataSheet Values started...
14:56:53.614 [main] INFO  testCases.AddNewUser - Extracting DataSheet Values started...
14:56:53.798 [main] INFO  testCases.AddNewUser - Extracting DataSheet Values started...
14:56:53.963 [main] INFO  testCases.AddNewUser - Extracting DataSheet Values started...
14:56:54.130 [main] INFO  testCases.AddNewUser - Extracting DataSheet Values started...
14:56:54.300 [main] INFO  testCases.AddNewUser - Extracting DataSheet Values started...
14:56:54.731 [main] INFO  testCases.AddNewUser - Extracting DataSheet Values started...
14:56:55.119 [main] INFO  testCases.AddNewUser - Extracting DataSheet Values started...
14:56:55.398 [main] INFO  testCases.AddNewUser - Extracting DataSheet Values started...
14:56:55.565 [main] INFO  testCases.AddNewUser - Extracting DataSheet Values started...
14:56:55.733 [main] INFO  testCases.AddNewUser - Extracting DataSheet Values started...
14:56:56.080 [main] INFO  testCases.AddNewUser - Extracting DataSheet Values started...
14:56:56.333 [main] INFO  testCases.AddNewUser - Extracting DataSheet Values started...
14:56:56.531 [main] INFO  testCases.AddNewUser - Extracting DataSheet Values started...
14:56:56.682 [main] INFO  testCases.AddNewUser - Extracting DataSheet Values started...
14:56:56.899 [main] INFO  testCases.AddNewUser - Extracting DataSheet Values started...
14:56:57.031 [main] INFO  testCases.AddNewUser - Extracting DataSheet Values started...
14:56:57.317 [main] INFO  testCases.AddNewUser - Extracting DataSheet Values started...
14:57:05.488 [main] INFO  utilities.UtilityCustomFunctions - Sharon entered in  input
14:57:07.049 [main] INFO  utilities.UtilityCustomFunctions - sudhakar@rsoft.in entered in  input
14:57:08.646 [main] INFO  utilities.UtilityCustomFunctions - Automation@123 entered in  input
14:57:10.203 [main] INFO  utilities.UtilityCustomFunctions - Automation@123 entered in  input
14:57:12.763 [main] INFO  utilities.UtilityCustomFunctions - Sharon entered in  input
14:57:15.267 [main] INFO  utilities.UtilityCustomFunctions - Bryan entered in  input
14:57:20.923 [main] INFO  testCases.AddNewUser - [Admin] is selected in List
14:57:26.457 [main] INFO  testCases.AddNewUser - [Both] is selected in List
14:57:46.683 [main] INFO  testCases.AddNewUser - Clicked Avatar
14:57:50.613 [main] INFO  testCases.AddNewUser - Clicked Menu CRM Setting
14:57:52.830 [main] INFO  testCases.AddNewUser - Clicked Menu User Access Control
14:57:56.748 [main] INFO  testCases.AddNewUser - Extracting DataSheet Values started...
14:58:05.184 [main] INFO  utilities.UtilityCustomFunctions - Laura entered in  input
14:58:06.776 [main] INFO  utilities.UtilityCustomFunctions - sudhakar@rsoft.in entered in  input
14:58:08.363 [main] INFO  utilities.UtilityCustomFunctions - Automation@123 entered in  input
14:58:09.976 [main] INFO  utilities.UtilityCustomFunctions - Automation@123 entered in  input
14:58:12.518 [main] INFO  utilities.UtilityCustomFunctions - Laura entered in  input
14:58:15.060 [main] INFO  utilities.UtilityCustomFunctions - Lawrence entered in  input
14:58:20.667 [main] INFO  testCases.AddNewUser - [Admin] is selected in List
14:58:26.248 [main] INFO  testCases.AddNewUser - [Both] is selected in List
14:58:46.195 [main] INFO  testCases.AddNewUser - Clicked Avatar
14:58:50.162 [main] INFO  testCases.AddNewUser - Clicked Menu CRM Setting
14:58:52.396 [main] INFO  testCases.AddNewUser - Clicked Menu User Access Control
14:58:56.212 [main] INFO  testCases.AddNewUser - Extracting DataSheet Values started...
14:59:04.341 [main] INFO  utilities.UtilityCustomFunctions - Cynthia entered in  input
14:59:06.026 [main] INFO  utilities.UtilityCustomFunctions - sudhakar@rsoft.in entered in  input
14:59:07.627 [main] INFO  utilities.UtilityCustomFunctions - Automation@123 entered in  input
14:59:09.258 [main] INFO  utilities.UtilityCustomFunctions - Automation@123 entered in  input
14:59:11.860 [main] INFO  utilities.UtilityCustomFunctions - Cynthia entered in  input
14:59:14.364 [main] INFO  utilities.UtilityCustomFunctions - Arthur entered in  input
14:59:20.002 [main] INFO  testCases.AddNewUser - [Admin] is selected in List
14:59:25.519 [main] INFO  testCases.AddNewUser - [Both] is selected in List
14:59:45.062 [main] INFO  testCases.AddNewUser - Clicked Avatar
14:59:48.962 [main] INFO  testCases.AddNewUser - Clicked Menu CRM Setting
14:59:51.160 [main] INFO  testCases.AddNewUser - Clicked Menu User Access Control
14:59:54.929 [main] INFO  testCases.AddNewUser - Extracting DataSheet Values started...
15:00:03.117 [main] INFO  utilities.UtilityCustomFunctions - Dorothy entered in  input
15:00:04.694 [main] INFO  utilities.UtilityCustomFunctions - sudhakar@rsoft.in entered in  input
15:00:06.294 [main] INFO  utilities.UtilityCustomFunctions - Automation@123 entered in  input
15:00:07.993 [main] INFO  utilities.UtilityCustomFunctions - Automation@123 entered in  input
15:00:10.545 [main] INFO  utilities.UtilityCustomFunctions - Dorothy entered in  input
15:00:13.128 [main] INFO  utilities.UtilityCustomFunctions - Gabriel entered in  input
15:00:18.703 [main] INFO  testCases.AddNewUser - [Admin] is selected in List
15:00:24.316 [main] INFO  testCases.AddNewUser - [Both] is selected in List
15:00:44.146 [main] INFO  testCases.AddNewUser - Clicked Avatar
15:00:47.997 [main] INFO  testCases.AddNewUser - Clicked Menu CRM Setting
15:00:50.227 [main] INFO  testCases.AddNewUser - Clicked Menu User Access Control
15:00:54.111 [main] INFO  testCases.AddNewUser - Extracting DataSheet Values started...
15:01:02.605 [main] INFO  utilities.UtilityCustomFunctions - Amy entered in  input
15:01:04.441 [main] INFO  utilities.UtilityCustomFunctions - sudhakar@rsoft.in entered in  input
15:01:06.027 [main] INFO  utilities.UtilityCustomFunctions - Automation@123 entered in  input
15:01:07.643 [main] INFO  utilities.UtilityCustomFunctions - Automation@123 entered in  input
15:01:10.178 [main] INFO  utilities.UtilityCustomFunctions - Amy entered in  input
15:01:12.677 [main] INFO  utilities.UtilityCustomFunctions - Bruce entered in  input
15:01:18.281 [main] INFO  testCases.AddNewUser - [Admin] is selected in List
15:01:23.902 [main] INFO  testCases.AddNewUser - [Both] is selected in List
15:01:43.858 [main] INFO  testCases.AddNewUser - Clicked Avatar
15:01:47.649 [main] INFO  testCases.AddNewUser - Clicked Menu CRM Setting
15:01:49.860 [main] INFO  testCases.AddNewUser - Clicked Menu User Access Control
15:01:53.613 [main] INFO  testCases.AddNewUser - Extracting DataSheet Values started...
15:02:01.944 [main] INFO  utilities.UtilityCustomFunctions - Kathleen entered in  input
15:02:03.560 [main] INFO  utilities.UtilityCustomFunctions - sudhakar@rsoft.in entered in  input
15:02:05.291 [main] INFO  utilities.UtilityCustomFunctions - Automation@123 entered in  input
15:02:06.860 [main] INFO  utilities.UtilityCustomFunctions - Automation@123 entered in  input
15:02:09.421 [main] INFO  utilities.UtilityCustomFunctions - Kathleen entered in  input
15:02:11.913 [main] INFO  utilities.UtilityCustomFunctions - Logan entered in  input
15:02:17.534 [main] INFO  testCases.AddNewUser - [Admin] is selected in List
15:02:23.118 [main] INFO  testCases.AddNewUser - [Both] is selected in List
15:02:42.744 [main] INFO  testCases.AddNewUser - Clicked Avatar
15:02:46.630 [main] INFO  testCases.AddNewUser - Clicked Menu CRM Setting
15:02:48.827 [main] INFO  testCases.AddNewUser - Clicked Menu User Access Control
15:02:52.740 [main] INFO  testCases.AddNewUser - Extracting DataSheet Values started...
15:03:00.931 [main] INFO  utilities.UtilityCustomFunctions - Angela entered in  input
15:03:02.574 [main] INFO  utilities.UtilityCustomFunctions - sudhakar@rsoft.in entered in  input
15:03:04.156 [main] INFO  utilities.UtilityCustomFunctions - Automation@123 entered in  input
15:03:05.808 [main] INFO  utilities.UtilityCustomFunctions - Automation@123 entered in  input
15:03:08.395 [main] INFO  utilities.UtilityCustomFunctions - Angela entered in  input
15:03:10.911 [main] INFO  utilities.UtilityCustomFunctions - Billy entered in  input
15:03:16.426 [main] INFO  testCases.AddNewUser - [Admin] is selected in List
15:03:21.945 [main] INFO  testCases.AddNewUser - [Both] is selected in List
15:03:41.808 [main] INFO  testCases.AddNewUser - Clicked Avatar
15:03:45.662 [main] INFO  testCases.AddNewUser - Clicked Menu CRM Setting
15:03:47.857 [main] INFO  testCases.AddNewUser - Clicked Menu User Access Control
15:03:51.706 [main] INFO  testCases.AddNewUser - Extracting DataSheet Values started...
15:03:59.826 [main] INFO  utilities.UtilityCustomFunctions - Shirley entered in  input
15:04:01.421 [main] INFO  utilities.UtilityCustomFunctions - sudhakar@rsoft.in entered in  input
15:04:03.056 [main] INFO  utilities.UtilityCustomFunctions - Automation@123 entered in  input
15:04:04.690 [main] INFO  utilities.UtilityCustomFunctions - Automation@123 entered in  input
15:04:07.244 [main] INFO  utilities.UtilityCustomFunctions - Shirley entered in  input
15:04:09.745 [main] INFO  utilities.UtilityCustomFunctions - Joe entered in  input
15:04:15.324 [main] INFO  testCases.AddNewUser - [Admin] is selected in List
15:04:20.911 [main] INFO  testCases.AddNewUser - [Both] is selected in List
15:04:40.823 [main] INFO  testCases.AddNewUser - Clicked Avatar
15:04:45.271 [main] INFO  testCases.AddNewUser - Clicked Menu CRM Setting
15:04:47.598 [main] INFO  testCases.AddNewUser - Clicked Menu User Access Control
15:41:51.085 [main] INFO  testCases.WebForms.TC012_WF_RRUserYN_OneConditionN - Test Execution on Browser: chrome
15:41:51.217 [main] INFO  testCases.WebForms.TC012_WF_RRUserYN_OneConditionN - Excel file Utility instance created
15:41:52.780 [main] INFO  testCases.WebForms.TC012_WF_RRUserYN_OneConditionN - Row Count is: 9
15:41:53.002 [main] INFO  testCases.WebForms.TC012_WF_RRUserYN_OneConditionN - Col Count is: 15
15:41:53.002 [main] INFO  testCases.WebForms.TC012_WF_RRUserYN_OneConditionN - Extracting DataSheet Values started...
15:42:00.721 [main] INFO  utilities.UtilityCustomFunctions - PRIYAN entered in  input
15:42:02.520 [main] INFO  utilities.UtilityCustomFunctions - rsoft entered in  input
15:42:04.271 [main] INFO  utilities.UtilityCustomFunctions - RSoft!@345 entered in  input
15:42:15.455 [main] INFO  testCases.WebForms.TC012_WF_RRUserYN_OneConditionN - Clicked Avatar
15:42:20.157 [main] INFO  testCases.WebForms.TC012_WF_RRUserYN_OneConditionN - Clicked Menu CRM Setting
15:42:22.451 [main] INFO  testCases.WebForms.TC012_WF_RRUserYN_OneConditionN - Clicked Menu User Access Control
15:42:26.484 [main] INFO  testCases.WebForms.TC012_WF_RRUserYN_OneConditionN - Clicked Avatar
15:42:30.462 [main] INFO  testCases.WebForms.TC012_WF_RRUserYN_OneConditionN - Clicked Menu CRM Setting
15:42:30.735 [main] INFO  testCases.WebForms.TC012_WF_RRUserYN_OneConditionN - Clicked Integration
15:42:42.475 [main] INFO  testCases.WebForms.TC012_WF_RRUserYN_OneConditionN - [ETNotification Webform] is selected in List
15:42:47.061 [main] INFO  testCases.WebForms.TC012_WF_RRUserYN_OneConditionN - [ETNotification Webform] is selected in List
15:43:33.936 [main] INFO  utilities.UtilityCustomFunctions - Actual:Trott Alexander
15:43:33.936 [main] INFO  utilities.UtilityCustomFunctions - Expected:Sharon
15:43:33.936 [main] INFO  utilities.UtilityCustomFunctions - Message:AssignedTo Value
15:43:35.248 [main] INFO  utilities.UtilityCustomFunctions - Actual:+91
15:43:35.248 [main] INFO  utilities.UtilityCustomFunctions - Expected:+91
15:43:35.248 [main] INFO  utilities.UtilityCustomFunctions - Message:Mobile Number Prefix
15:43:36.453 [main] INFO  utilities.UtilityCustomFunctions - Actual:9840085430
15:43:36.453 [main] INFO  utilities.UtilityCustomFunctions - Expected:9840073537
15:43:36.453 [main] INFO  utilities.UtilityCustomFunctions - Message:Mobile Number
15:43:37.719 [main] INFO  utilities.UtilityCustomFunctions - Actual:Alice@rsoft.in
15:43:37.719 [main] INFO  utilities.UtilityCustomFunctions - Expected:Alice@rsoft.in
15:43:37.719 [main] INFO  utilities.UtilityCustomFunctions - Message:Email
15:43:38.964 [main] INFO  utilities.UtilityCustomFunctions - Actual:Welcome to Automation World...!
15:43:38.964 [main] INFO  utilities.UtilityCustomFunctions - Expected:Welcome to Automation World...!
15:43:38.964 [main] INFO  utilities.UtilityCustomFunctions - Message:Text
15:43:40.216 [main] INFO  utilities.UtilityCustomFunctions - Actual:four
15:43:40.216 [main] INFO  utilities.UtilityCustomFunctions - Expected:four
15:43:40.216 [main] INFO  utilities.UtilityCustomFunctions - Message:MultiSelect
15:43:41.535 [main] INFO  utilities.UtilityCustomFunctions - Actual:Andhra Pradesh
15:43:41.535 [main] INFO  utilities.UtilityCustomFunctions - Expected:Andhra Pradesh
15:43:41.535 [main] INFO  utilities.UtilityCustomFunctions - Message:MultiChoice State
15:46:22.701 [main] INFO  testCases.WebForms.TC012_WF_RRUserYN_OneConditionN - Test Execution on Browser: chrome
15:46:22.834 [main] INFO  testCases.WebForms.TC012_WF_RRUserYN_OneConditionN - Excel file Utility instance created
15:46:24.714 [main] INFO  testCases.WebForms.TC012_WF_RRUserYN_OneConditionN - Row Count is: 9
15:46:24.889 [main] INFO  testCases.WebForms.TC012_WF_RRUserYN_OneConditionN - Col Count is: 15
15:46:24.889 [main] INFO  testCases.WebForms.TC012_WF_RRUserYN_OneConditionN - Extracting DataSheet Values started...
15:46:32.738 [main] INFO  utilities.UtilityCustomFunctions - PRIYAN entered in  input
15:46:34.947 [main] INFO  utilities.UtilityCustomFunctions - rsoft entered in  input
15:46:36.531 [main] INFO  utilities.UtilityCustomFunctions - RSoft!@345 entered in  input
15:46:47.014 [main] INFO  testCases.WebForms.TC012_WF_RRUserYN_OneConditionN - Clicked Avatar
15:46:51.416 [main] INFO  testCases.WebForms.TC012_WF_RRUserYN_OneConditionN - Clicked Menu CRM Setting
15:46:53.632 [main] INFO  testCases.WebForms.TC012_WF_RRUserYN_OneConditionN - Clicked Menu User Access Control
15:46:57.517 [main] INFO  testCases.WebForms.TC012_WF_RRUserYN_OneConditionN - Clicked Avatar
15:47:01.434 [main] INFO  testCases.WebForms.TC012_WF_RRUserYN_OneConditionN - Clicked Menu CRM Setting
15:47:01.593 [main] INFO  testCases.WebForms.TC012_WF_RRUserYN_OneConditionN - Clicked Integration
15:47:13.370 [main] INFO  testCases.WebForms.TC012_WF_RRUserYN_OneConditionN - [ETNotification Webform] is selected in List
15:47:17.937 [main] INFO  testCases.WebForms.TC012_WF_RRUserYN_OneConditionN - [ETNotification Webform] is selected in List
15:48:02.666 [main] INFO  utilities.UtilityCustomFunctions - Actual:Trott Alexander
15:48:02.666 [main] INFO  utilities.UtilityCustomFunctions - Expected:Cynthia
15:48:02.666 [main] INFO  utilities.UtilityCustomFunctions - Message:AssignedTo Value
15:48:04.014 [main] INFO  utilities.UtilityCustomFunctions - Actual:+91
15:48:04.014 [main] INFO  utilities.UtilityCustomFunctions - Expected:+91
15:48:04.014 [main] INFO  utilities.UtilityCustomFunctions - Message:Mobile Number Prefix
15:48:05.280 [main] INFO  utilities.UtilityCustomFunctions - Actual:9840085430
15:48:05.280 [main] INFO  utilities.UtilityCustomFunctions - Expected:9840062030
15:48:05.280 [main] INFO  utilities.UtilityCustomFunctions - Message:Mobile Number
15:48:06.528 [main] INFO  utilities.UtilityCustomFunctions - Actual:Alice@rsoft.in
15:48:06.528 [main] INFO  utilities.UtilityCustomFunctions - Expected:Alice@rsoft.in
15:48:06.528 [main] INFO  utilities.UtilityCustomFunctions - Message:Email
15:48:07.811 [main] INFO  utilities.UtilityCustomFunctions - Actual:Welcome to Automation World...!
15:48:07.811 [main] INFO  utilities.UtilityCustomFunctions - Expected:Welcome to Automation World...!
15:48:07.811 [main] INFO  utilities.UtilityCustomFunctions - Message:Text
15:48:09.047 [main] INFO  utilities.UtilityCustomFunctions - Actual:four
15:48:09.047 [main] INFO  utilities.UtilityCustomFunctions - Expected:four
15:48:09.047 [main] INFO  utilities.UtilityCustomFunctions - Message:MultiSelect
15:48:10.278 [main] INFO  utilities.UtilityCustomFunctions - Actual:Andhra Pradesh
15:48:10.278 [main] INFO  utilities.UtilityCustomFunctions - Expected:Andhra Pradesh
15:48:10.278 [main] INFO  utilities.UtilityCustomFunctions - Message:MultiChoice State
15:50:04.793 [main] INFO  testCases.WebForms.TC012_WF_RRUserYN_OneConditionN - Test Execution on Browser: chrome
15:50:04.909 [main] INFO  testCases.WebForms.TC012_WF_RRUserYN_OneConditionN - Excel file Utility instance created
15:50:06.597 [main] INFO  testCases.WebForms.TC012_WF_RRUserYN_OneConditionN - Row Count is: 9
15:50:06.714 [main] INFO  testCases.WebForms.TC012_WF_RRUserYN_OneConditionN - Col Count is: 15
15:50:06.714 [main] INFO  testCases.WebForms.TC012_WF_RRUserYN_OneConditionN - Extracting DataSheet Values started...
15:50:33.045 [main] INFO  utilities.UtilityCustomFunctions - PRIYAN entered in  input
15:50:34.711 [main] INFO  utilities.UtilityCustomFunctions - rsoft entered in  input
15:50:36.331 [main] INFO  utilities.UtilityCustomFunctions - RSoft!@345 entered in  input
15:50:53.128 [main] INFO  testCases.WebForms.TC012_WF_RRUserYN_OneConditionN - Clicked Avatar
15:50:57.481 [main] INFO  testCases.WebForms.TC012_WF_RRUserYN_OneConditionN - Clicked Menu CRM Setting
15:50:59.709 [main] INFO  testCases.WebForms.TC012_WF_RRUserYN_OneConditionN - Clicked Menu User Access Control
15:51:03.532 [main] INFO  testCases.WebForms.TC012_WF_RRUserYN_OneConditionN - Clicked Avatar
15:51:07.361 [main] INFO  testCases.WebForms.TC012_WF_RRUserYN_OneConditionN - Clicked Menu CRM Setting
15:51:07.520 [main] INFO  testCases.WebForms.TC012_WF_RRUserYN_OneConditionN - Clicked Integration
15:51:19.385 [main] INFO  testCases.WebForms.TC012_WF_RRUserYN_OneConditionN - [ETNotification Webform] is selected in List
15:51:24.026 [main] INFO  testCases.WebForms.TC012_WF_RRUserYN_OneConditionN - [ETNotification Webform] is selected in List
15:52:11.382 [main] INFO  utilities.UtilityCustomFunctions - Actual:Sharon Bryan
15:52:11.382 [main] INFO  utilities.UtilityCustomFunctions - Expected:Sharon Bryan
15:52:11.382 [main] INFO  utilities.UtilityCustomFunctions - Message:AssignedTo Value
15:52:12.625 [main] INFO  utilities.UtilityCustomFunctions - Actual:+91
15:52:12.625 [main] INFO  utilities.UtilityCustomFunctions - Expected:+91
15:52:12.625 [main] INFO  utilities.UtilityCustomFunctions - Message:Mobile Number Prefix
15:52:13.893 [main] INFO  utilities.UtilityCustomFunctions - Actual:9840027061
15:52:13.893 [main] INFO  utilities.UtilityCustomFunctions - Expected:9840027061
15:52:13.893 [main] INFO  utilities.UtilityCustomFunctions - Message:Mobile Number
15:52:15.144 [main] INFO  utilities.UtilityCustomFunctions - Actual:Alice@rsoft.in
15:52:15.144 [main] INFO  utilities.UtilityCustomFunctions - Expected:Alice@rsoft.in
15:52:15.144 [main] INFO  utilities.UtilityCustomFunctions - Message:Email
15:52:16.408 [main] INFO  utilities.UtilityCustomFunctions - Actual:Welcome to Automation World...!
15:52:16.408 [main] INFO  utilities.UtilityCustomFunctions - Expected:Welcome to Automation World...!
15:52:16.408 [main] INFO  utilities.UtilityCustomFunctions - Message:Text
15:52:17.658 [main] INFO  utilities.UtilityCustomFunctions - Actual:four
15:52:17.658 [main] INFO  utilities.UtilityCustomFunctions - Expected:four
15:52:17.658 [main] INFO  utilities.UtilityCustomFunctions - Message:MultiSelect
15:52:18.890 [main] INFO  utilities.UtilityCustomFunctions - Actual:Andhra Pradesh
15:52:18.890 [main] INFO  utilities.UtilityCustomFunctions - Expected:Andhra Pradesh
15:52:18.890 [main] INFO  utilities.UtilityCustomFunctions - Message:MultiChoice State
15:53:43.119 [main] INFO  testCases.WebForms.TC012_WF_RRUserYN_OneConditionN - Test Execution on Browser: chrome
15:53:43.236 [main] INFO  testCases.WebForms.TC012_WF_RRUserYN_OneConditionN - Excel file Utility instance created
15:53:44.793 [main] INFO  testCases.WebForms.TC012_WF_RRUserYN_OneConditionN - Row Count is: 9
15:53:45.052 [main] INFO  testCases.WebForms.TC012_WF_RRUserYN_OneConditionN - Col Count is: 15
15:53:45.052 [main] INFO  testCases.WebForms.TC012_WF_RRUserYN_OneConditionN - Extracting DataSheet Values started...
15:53:52.144 [main] INFO  utilities.UtilityCustomFunctions - PRIYAN entered in  input
15:53:53.877 [main] INFO  utilities.UtilityCustomFunctions - rsoft entered in  input
15:53:55.671 [main] INFO  utilities.UtilityCustomFunctions - RSoft!@345 entered in  input
15:54:06.537 [main] INFO  testCases.WebForms.TC012_WF_RRUserYN_OneConditionN - Clicked Avatar
15:54:10.786 [main] INFO  testCases.WebForms.TC012_WF_RRUserYN_OneConditionN - Clicked Menu CRM Setting
15:54:13.056 [main] INFO  testCases.WebForms.TC012_WF_RRUserYN_OneConditionN - Clicked Menu User Access Control
15:54:17.074 [main] INFO  testCases.WebForms.TC012_WF_RRUserYN_OneConditionN - Clicked Avatar
15:54:20.832 [main] INFO  testCases.WebForms.TC012_WF_RRUserYN_OneConditionN - Clicked Menu CRM Setting
15:54:20.996 [main] INFO  testCases.WebForms.TC012_WF_RRUserYN_OneConditionN - Clicked Integration
15:54:32.728 [main] INFO  testCases.WebForms.TC012_WF_RRUserYN_OneConditionN - [ETNotification Webform] is selected in List
15:54:37.273 [main] INFO  testCases.WebForms.TC012_WF_RRUserYN_OneConditionN - [ETNotification Webform] is selected in List
15:55:24.642 [main] INFO  utilities.UtilityCustomFunctions - Actual:Amy Bruce
15:55:24.642 [main] INFO  utilities.UtilityCustomFunctions - Expected:Cynthia
15:55:24.643 [main] INFO  utilities.UtilityCustomFunctions - Message:AssignedTo Value
15:55:25.936 [main] INFO  utilities.UtilityCustomFunctions - Actual:+91
15:55:25.936 [main] INFO  utilities.UtilityCustomFunctions - Expected:+91
15:55:25.936 [main] INFO  utilities.UtilityCustomFunctions - Message:Mobile Number Prefix
15:55:27.156 [main] INFO  utilities.UtilityCustomFunctions - Actual:9840048819
15:55:27.156 [main] INFO  utilities.UtilityCustomFunctions - Expected:9840048819
15:55:27.156 [main] INFO  utilities.UtilityCustomFunctions - Message:Mobile Number
15:55:28.403 [main] INFO  utilities.UtilityCustomFunctions - Actual:Julia@rsoft.in
15:55:28.403 [main] INFO  utilities.UtilityCustomFunctions - Expected:Julia@rsoft.in
15:55:28.403 [main] INFO  utilities.UtilityCustomFunctions - Message:Email
15:55:29.639 [main] INFO  utilities.UtilityCustomFunctions - Actual:Welcome to Automation World...!
15:55:29.639 [main] INFO  utilities.UtilityCustomFunctions - Expected:Welcome to Automation World...!
15:55:29.639 [main] INFO  utilities.UtilityCustomFunctions - Message:Text
15:55:30.905 [main] INFO  utilities.UtilityCustomFunctions - Actual:one
15:55:30.905 [main] INFO  utilities.UtilityCustomFunctions - Expected:one
15:55:30.905 [main] INFO  utilities.UtilityCustomFunctions - Message:MultiSelect
15:55:32.137 [main] INFO  utilities.UtilityCustomFunctions - Actual:Tamilnadu
15:55:32.137 [main] INFO  utilities.UtilityCustomFunctions - Expected:Tamilnadu
15:55:32.137 [main] INFO  utilities.UtilityCustomFunctions - Message:MultiChoice State
15:55:48.967 [main] INFO  utilities.UtilityCustomFunctions - Actual:Laura Lawrence
15:55:48.967 [main] INFO  utilities.UtilityCustomFunctions - Expected:Sharon
15:55:48.967 [main] INFO  utilities.UtilityCustomFunctions - Message:AssignedTo Value
15:55:50.173 [main] INFO  utilities.UtilityCustomFunctions - Actual:+91
15:55:50.173 [main] INFO  utilities.UtilityCustomFunctions - Expected:+91
15:55:50.173 [main] INFO  utilities.UtilityCustomFunctions - Message:Mobile Number Prefix
15:55:51.420 [main] INFO  utilities.UtilityCustomFunctions - Actual:9840050454
15:55:51.420 [main] INFO  utilities.UtilityCustomFunctions - Expected:9840050454
15:55:51.420 [main] INFO  utilities.UtilityCustomFunctions - Message:Mobile Number
15:55:52.640 [main] INFO  utilities.UtilityCustomFunctions - Actual:Grace@rsoft.in
15:55:52.640 [main] INFO  utilities.UtilityCustomFunctions - Expected:Grace@rsoft.in
15:55:52.640 [main] INFO  utilities.UtilityCustomFunctions - Message:Email
15:55:53.839 [main] INFO  utilities.UtilityCustomFunctions - Actual:Welcome to Automation World...!
15:55:53.839 [main] INFO  utilities.UtilityCustomFunctions - Expected:Welcome to Automation World...!
15:55:53.839 [main] INFO  utilities.UtilityCustomFunctions - Message:Text
15:55:55.056 [main] INFO  utilities.UtilityCustomFunctions - Actual:two
15:55:55.056 [main] INFO  utilities.UtilityCustomFunctions - Expected:two
15:55:55.056 [main] INFO  utilities.UtilityCustomFunctions - Message:MultiSelect
15:55:56.306 [main] INFO  utilities.UtilityCustomFunctions - Actual:Bihar
15:55:56.306 [main] INFO  utilities.UtilityCustomFunctions - Expected:Bihar
15:55:56.306 [main] INFO  utilities.UtilityCustomFunctions - Message:MultiChoice State
15:56:13.274 [main] INFO  utilities.UtilityCustomFunctions - Actual:Cynthia Arthur
15:56:13.274 [main] INFO  utilities.UtilityCustomFunctions - Expected:Cynthia Arthur
15:56:13.274 [main] INFO  utilities.UtilityCustomFunctions - Message:AssignedTo Value
15:56:14.537 [main] INFO  utilities.UtilityCustomFunctions - Actual:+91
15:56:14.537 [main] INFO  utilities.UtilityCustomFunctions - Expected:+91
15:56:14.537 [main] INFO  utilities.UtilityCustomFunctions - Message:Mobile Number Prefix
15:56:15.774 [main] INFO  utilities.UtilityCustomFunctions - Actual:9840029451
15:56:15.774 [main] INFO  utilities.UtilityCustomFunctions - Expected:9840029451
15:56:15.774 [main] INFO  utilities.UtilityCustomFunctions - Message:Mobile Number
15:56:17.003 [main] INFO  utilities.UtilityCustomFunctions - Actual:Amber@rsoft.in
15:56:17.003 [main] INFO  utilities.UtilityCustomFunctions - Expected:Amber@rsoft.in
15:56:17.003 [main] INFO  utilities.UtilityCustomFunctions - Message:Email
15:56:18.239 [main] INFO  utilities.UtilityCustomFunctions - Actual:Welcome to Automation World...!
15:56:18.239 [main] INFO  utilities.UtilityCustomFunctions - Expected:Welcome to Automation World...!
15:56:18.239 [main] INFO  utilities.UtilityCustomFunctions - Message:Text
15:56:19.506 [main] INFO  utilities.UtilityCustomFunctions - Actual:one
15:56:19.506 [main] INFO  utilities.UtilityCustomFunctions - Expected:one
15:56:19.506 [main] INFO  utilities.UtilityCustomFunctions - Message:MultiSelect
15:56:20.737 [main] INFO  utilities.UtilityCustomFunctions - Actual:Goa
15:56:20.737 [main] INFO  utilities.UtilityCustomFunctions - Expected:Goa
15:56:20.737 [main] INFO  utilities.UtilityCustomFunctions - Message:MultiChoice State
15:56:37.349 [main] INFO  utilities.UtilityCustomFunctions - Actual:Dorothy Gabriel
15:56:37.349 [main] INFO  utilities.UtilityCustomFunctions - Expected:Sharon
15:56:37.349 [main] INFO  utilities.UtilityCustomFunctions - Message:AssignedTo Value
15:56:38.606 [main] INFO  utilities.UtilityCustomFunctions - Actual:+91
15:56:38.606 [main] INFO  utilities.UtilityCustomFunctions - Expected:+91
15:56:38.606 [main] INFO  utilities.UtilityCustomFunctions - Message:Mobile Number Prefix
15:56:39.834 [main] INFO  utilities.UtilityCustomFunctions - Actual:9840012636
15:56:39.834 [main] INFO  utilities.UtilityCustomFunctions - Expected:9840012636
15:56:39.834 [main] INFO  utilities.UtilityCustomFunctions - Message:Mobile Number
15:56:41.089 [main] INFO  utilities.UtilityCustomFunctions - Actual:Alice@rsoft.in
15:56:41.089 [main] INFO  utilities.UtilityCustomFunctions - Expected:Alice@rsoft.in
15:56:41.089 [main] INFO  utilities.UtilityCustomFunctions - Message:Email
15:56:42.356 [main] INFO  utilities.UtilityCustomFunctions - Actual:Welcome to Automation World...!
15:56:42.356 [main] INFO  utilities.UtilityCustomFunctions - Expected:Welcome to Automation World...!
15:56:42.356 [main] INFO  utilities.UtilityCustomFunctions - Message:Text
15:56:43.589 [main] INFO  utilities.UtilityCustomFunctions - Actual:four
15:56:43.589 [main] INFO  utilities.UtilityCustomFunctions - Expected:four
15:56:43.589 [main] INFO  utilities.UtilityCustomFunctions - Message:MultiSelect
15:56:44.870 [main] INFO  utilities.UtilityCustomFunctions - Actual:Andhra Pradesh
15:56:44.870 [main] INFO  utilities.UtilityCustomFunctions - Expected:Andhra Pradesh
15:56:44.870 [main] INFO  utilities.UtilityCustomFunctions - Message:MultiChoice State
15:57:02.244 [main] INFO  utilities.UtilityCustomFunctions - Actual:Sharon Bryan
15:57:02.244 [main] INFO  utilities.UtilityCustomFunctions - Expected:Cynthia
15:57:02.244 [main] INFO  utilities.UtilityCustomFunctions - Message:AssignedTo Value
15:57:03.472 [main] INFO  utilities.UtilityCustomFunctions - Actual:+91
15:57:03.472 [main] INFO  utilities.UtilityCustomFunctions - Expected:+91
15:57:03.472 [main] INFO  utilities.UtilityCustomFunctions - Message:Mobile Number Prefix
15:57:04.703 [main] INFO  utilities.UtilityCustomFunctions - Actual:9840052620
15:57:04.703 [main] INFO  utilities.UtilityCustomFunctions - Expected:9840052620
15:57:04.703 [main] INFO  utilities.UtilityCustomFunctions - Message:Mobile Number
15:57:05.939 [main] INFO  utilities.UtilityCustomFunctions - Actual:Jean@rsoft.in
15:57:05.939 [main] INFO  utilities.UtilityCustomFunctions - Expected:Jean@rsoft.in
15:57:05.939 [main] INFO  utilities.UtilityCustomFunctions - Message:Email
15:57:07.169 [main] INFO  utilities.UtilityCustomFunctions - Actual:Welcome to Automation World...!
15:57:07.169 [main] INFO  utilities.UtilityCustomFunctions - Expected:Welcome to Automation World...!
15:57:07.169 [main] INFO  utilities.UtilityCustomFunctions - Message:Text
15:57:08.452 [main] INFO  utilities.UtilityCustomFunctions - Actual:five
15:57:08.452 [main] INFO  utilities.UtilityCustomFunctions - Expected:five
15:57:08.452 [main] INFO  utilities.UtilityCustomFunctions - Message:MultiSelect
15:57:09.689 [main] INFO  utilities.UtilityCustomFunctions - Actual:Delhi
15:57:09.689 [main] INFO  utilities.UtilityCustomFunctions - Expected:Delhi
15:57:09.689 [main] INFO  utilities.UtilityCustomFunctions - Message:MultiChoice State
15:57:26.176 [main] INFO  utilities.UtilityCustomFunctions - Actual:Laura Lawrence
15:57:26.176 [main] INFO  utilities.UtilityCustomFunctions - Expected:Sharon
15:57:26.176 [main] INFO  utilities.UtilityCustomFunctions - Message:AssignedTo Value
15:57:27.404 [main] INFO  utilities.UtilityCustomFunctions - Actual:+91
15:57:27.404 [main] INFO  utilities.UtilityCustomFunctions - Expected:+91
15:57:27.404 [main] INFO  utilities.UtilityCustomFunctions - Message:Mobile Number Prefix
15:57:28.614 [main] INFO  utilities.UtilityCustomFunctions - Actual:9840065297
15:57:28.614 [main] INFO  utilities.UtilityCustomFunctions - Expected:9840065297
15:57:28.614 [main] INFO  utilities.UtilityCustomFunctions - Message:Mobile Number
15:57:29.867 [main] INFO  utilities.UtilityCustomFunctions - Actual:Testing@rsoft.in
15:57:29.867 [main] INFO  utilities.UtilityCustomFunctions - Expected:Testing@rsoft.in
15:57:29.867 [main] INFO  utilities.UtilityCustomFunctions - Message:Email
15:57:31.105 [main] INFO  utilities.UtilityCustomFunctions - Actual:Testing
15:57:31.105 [main] INFO  utilities.UtilityCustomFunctions - Expected:Testing
15:57:31.105 [main] INFO  utilities.UtilityCustomFunctions - Message:Text
15:57:32.355 [main] INFO  utilities.UtilityCustomFunctions - Actual:one
15:57:32.355 [main] INFO  utilities.UtilityCustomFunctions - Expected:one
15:57:32.355 [main] INFO  utilities.UtilityCustomFunctions - Message:MultiSelect
15:57:33.621 [main] INFO  utilities.UtilityCustomFunctions - Actual:Tamilnadu
15:57:33.621 [main] INFO  utilities.UtilityCustomFunctions - Expected:Tamilnadu
15:57:33.621 [main] INFO  utilities.UtilityCustomFunctions - Message:MultiChoice State
15:57:50.373 [main] INFO  utilities.UtilityCustomFunctions - Actual:Cynthia Arthur
15:57:50.373 [main] INFO  utilities.UtilityCustomFunctions - Expected:Cynthia Arthur
15:57:50.373 [main] INFO  utilities.UtilityCustomFunctions - Message:AssignedTo Value
15:57:51.603 [main] INFO  utilities.UtilityCustomFunctions - Actual:+91
15:57:51.603 [main] INFO  utilities.UtilityCustomFunctions - Expected:+91
15:57:51.603 [main] INFO  utilities.UtilityCustomFunctions - Message:Mobile Number Prefix
15:57:52.872 [main] INFO  utilities.UtilityCustomFunctions - Actual:9840065674
15:57:52.872 [main] INFO  utilities.UtilityCustomFunctions - Expected:9840065674
15:57:52.872 [main] INFO  utilities.UtilityCustomFunctions - Message:Mobile Number
15:57:54.136 [main] INFO  utilities.UtilityCustomFunctions - Actual:Frances@rsoft.in
15:57:54.136 [main] INFO  utilities.UtilityCustomFunctions - Expected:Frances@rsoft.in
15:57:54.136 [main] INFO  utilities.UtilityCustomFunctions - Message:Email
15:57:55.352 [main] INFO  utilities.UtilityCustomFunctions - Actual:Welcome to Automation World...!
15:57:55.352 [main] INFO  utilities.UtilityCustomFunctions - Expected:Welcome to Automation World...!
15:57:55.352 [main] INFO  utilities.UtilityCustomFunctions - Message:Text
