18:17:40.516 [main] INFO  utilities.UtilityCustomFunctions - Expected:+91 9087654321
18:17:40.520 [main] INFO  utilities.UtilityCustomFunctions - Message:Phone Number - Summary Title
18:17:41.636 [main] INFO  utilities.UtilityCustomFunctions - Actual:NewAdd@gmail.com
18:17:41.636 [main] INFO  utilities.UtilityCustomFunctions - Expected:NewAdd@gmail.com
18:17:41.636 [main] INFO  utilities.UtilityCustomFunctions - Message:Email - Summary Title
18:17:42.829 [main] INFO  utilities.UtilityCustomFunctions - Actual:Rsoft IT
18:17:42.829 [main] INFO  utilities.UtilityCustomFunctions - Expected:Rsoft IT
18:17:42.829 [main] INFO  utilities.UtilityCustomFunctions - Message:Assigned To - Summary View Page : 
18:17:44.004 [main] INFO  utilities.UtilityCustomFunctions - Actual:+91 9087654321
18:17:44.006 [main] INFO  utilities.UtilityCustomFunctions - Expected:+91 9087654321
18:17:44.006 [main] INFO  utilities.UtilityCustomFunctions - Message:Mobile Number - Summary View Page : New Add Data in Summary Verification
18:17:45.166 [main] INFO  utilities.UtilityCustomFunctions - Actual:NewAdd@gmail.com
18:17:45.166 [main] INFO  utilities.UtilityCustomFunctions - Expected:NewAdd@gmail.com
18:17:45.166 [main] INFO  utilities.UtilityCustomFunctions - Message:Email - Summary View Page: New Add Data in Summary Verification
18:17:46.333 [main] INFO  utilities.UtilityCustomFunctions - Actual:NewAddText
18:17:46.333 [main] INFO  utilities.UtilityCustomFunctions - Expected:NewAddText
18:17:46.333 [main] INFO  utilities.UtilityCustomFunctions - Message:Text - Summary View Page:New Add Data in Summary Verification
18:17:47.501 [main] INFO  utilities.UtilityCustomFunctions - Actual:one,two
18:17:47.501 [main] INFO  utilities.UtilityCustomFunctions - Expected:one,two
18:17:47.501 [main] INFO  utilities.UtilityCustomFunctions - Message:MultiComboValues - Summary View Page:  New Add Data in Summary Verification
18:17:48.675 [main] INFO  utilities.UtilityCustomFunctions - Actual:NewAddTextArea
18:17:48.675 [main] INFO  utilities.UtilityCustomFunctions - Expected:NewAddTextArea
18:17:48.675 [main] INFO  utilities.UtilityCustomFunctions - Message:Text Area - Summary View Page:  New Add Data in Summary Verification
18:17:49.849 [main] INFO  utilities.UtilityCustomFunctions - Actual:Yes
18:17:49.849 [main] INFO  utilities.UtilityCustomFunctions - Expected:Yes
18:17:49.849 [main] INFO  utilities.UtilityCustomFunctions - Message:CheckBox - Summary View Page:   New Add Data in Summary Verification
18:17:51.063 [main] INFO  utilities.UtilityCustomFunctions - Actual:02-05-2024
18:17:51.063 [main] INFO  utilities.UtilityCustomFunctions - Expected:02-05-2024
18:17:51.063 [main] INFO  utilities.UtilityCustomFunctions - Message:Date - Summary View Page:  New Add Data in Summary Verification
18:17:52.236 [main] INFO  utilities.UtilityCustomFunctions - Actual:1
18:17:52.236 [main] INFO  utilities.UtilityCustomFunctions - Expected:1
18:17:52.236 [main] INFO  utilities.UtilityCustomFunctions - Message:PickList - Summary View Page:  New Add Data in Summary Verification
18:17:53.513 [main] INFO  utilities.UtilityCustomFunctions - Actual:annie-spratt
18:17:53.513 [main] INFO  utilities.UtilityCustomFunctions - Expected:annie-spratt
18:17:53.513 [main] INFO  utilities.UtilityCustomFunctions - Message:File Upload - Summary View Page: New Add Data in Summary Verification
18:17:54.677 [main] INFO  utilities.UtilityCustomFunctions - Actual:02-05-2024 06:13:53 PM
18:17:54.677 [main] INFO  utilities.UtilityCustomFunctions - Expected:02-05-2024 06:13:53 PM
18:17:54.678 [main] INFO  utilities.UtilityCustomFunctions - Message:Date & Time - Summary View Page:   New Add Data in Summary Verification
18:17:55.848 [main] INFO  utilities.UtilityCustomFunctions - Actual:02:35:55 PM
18:17:55.848 [main] INFO  utilities.UtilityCustomFunctions - Expected:02:35:55 PM
18:17:55.848 [main] INFO  utilities.UtilityCustomFunctions - Message:Time - Summary View Page:   New Add Data in Summary Verification
18:17:57.022 [main] INFO  utilities.UtilityCustomFunctions - Actual:
18:17:57.022 [main] INFO  utilities.UtilityCustomFunctions - Expected:Mr. NewAddName
18:17:57.022 [main] INFO  utilities.UtilityCustomFunctions - Message:Name - Summary View Page:   New Add Data in Summary Verification
18:17:57.073 [main] INFO  utilities.UtilityCustomFunctions - Actual:1111111111
18:17:57.073 [main] INFO  utilities.UtilityCustomFunctions - Expected:1111111111
18:17:57.073 [main] INFO  utilities.UtilityCustomFunctions - Message:Number - Summary View Page:   New Add Data in Summary Verification
18:17:58.235 [main] INFO  utilities.UtilityCustomFunctions - Actual:1,000
18:17:58.235 [main] INFO  utilities.UtilityCustomFunctions - Expected:1,000
18:17:58.235 [main] INFO  utilities.UtilityCustomFunctions - Message:Currency - Summary View Page:   New Add Data in Summary Verification
18:17:59.385 [main] INFO  utilities.UtilityCustomFunctions - Actual:http://www.google.com/
18:17:59.385 [main] INFO  utilities.UtilityCustomFunctions - Expected:http://www.google.com/
18:17:59.385 [main] INFO  utilities.UtilityCustomFunctions - Message:URL - Summary View Page:  New Add Data in Summary Verification
18:18:00.549 [main] INFO  utilities.UtilityCustomFunctions - Actual:
18:18:00.549 [main] INFO  utilities.UtilityCustomFunctions - Expected:Ariyalur
18:18:00.549 [main] INFO  utilities.UtilityCustomFunctions - Message:City - Summary View Page: New Add Data in Summary Verification
18:18:00.646 [main] INFO  utilities.UtilityCustomFunctions - Actual:Tamilnadu
18:18:00.646 [main] INFO  utilities.UtilityCustomFunctions - Expected:Tamilnadu
18:18:00.646 [main] INFO  utilities.UtilityCustomFunctions - Message:State - Summary View Page:New Add Data in Summary Verification
18:18:01.791 [main] INFO  utilities.UtilityCustomFunctions - Actual:India
18:18:01.791 [main] INFO  utilities.UtilityCustomFunctions - Expected:India
18:18:01.791 [main] INFO  utilities.UtilityCustomFunctions - Message:Country - Summary View Page:  New Add Data in Summary Verification
18:18:02.954 [main] INFO  utilities.UtilityCustomFunctions - Actual:RelatedModuleText
18:18:02.954 [main] INFO  utilities.UtilityCustomFunctions - Expected:RelatedModuleText
18:18:02.954 [main] INFO  utilities.UtilityCustomFunctions - Message:Related Module Text - Summary View Page:  New Add Data in Summary Verification
18:18:04.703 [main] INFO  utilities.UtilityCustomFunctions - Summary View Set ON
18:18:13.553 [main] INFO  utilities.UtilityCustomFunctions - Actual:Rsoft IT
18:18:13.553 [main] INFO  utilities.UtilityCustomFunctions - Expected:Rsoft IT
18:18:13.553 [main] INFO  utilities.UtilityCustomFunctions - Message:AssignedTo - Detail View Page:   New Add Data in Summary Verification
18:18:14.719 [main] INFO  utilities.UtilityCustomFunctions - sActDTMobileNumber +91
  9087654321
18:18:14.719 [main] INFO  utilities.UtilityCustomFunctions - Actual:+91 9087654321
18:18:14.719 [main] INFO  utilities.UtilityCustomFunctions - Expected:+91 9087654321
18:18:14.719 [main] INFO  utilities.UtilityCustomFunctions - Message:Mobile Number - Detail View Page:   New Add Data in Summary Verification
18:18:15.874 [main] INFO  utilities.UtilityCustomFunctions - Actual:NewAdd@gmail.com
18:18:15.874 [main] INFO  utilities.UtilityCustomFunctions - Expected:NewAdd@gmail.com
18:18:15.874 [main] INFO  utilities.UtilityCustomFunctions - Message:Email - Detail View Page: New Add Data in Summary Verification
18:18:17.035 [main] INFO  utilities.UtilityCustomFunctions - Actual:NewAddText
18:18:17.035 [main] INFO  utilities.UtilityCustomFunctions - Expected:NewAddText
18:18:17.035 [main] INFO  utilities.UtilityCustomFunctions - Message:Text - Detail View Page:  New Add Data in Summary Verification
18:18:18.216 [main] INFO  utilities.UtilityCustomFunctions - Actual:one,two
18:18:18.216 [main] INFO  utilities.UtilityCustomFunctions - Expected:one,two
18:18:18.216 [main] INFO  utilities.UtilityCustomFunctions - Message:MultiCombo - Detail View Page:   New Add Data in Summary Verification
18:18:19.385 [main] INFO  utilities.UtilityCustomFunctions - Actual:NewAddTextArea
18:18:19.385 [main] INFO  utilities.UtilityCustomFunctions - Expected:NewAddTextArea
18:18:19.385 [main] INFO  utilities.UtilityCustomFunctions - Message:TextArea - Detail View Page:  New Add Data in Summary Verification
18:18:20.546 [main] INFO  utilities.UtilityCustomFunctions - Actual:Yes
18:18:20.546 [main] INFO  utilities.UtilityCustomFunctions - Expected:Yes
18:18:20.546 [main] INFO  utilities.UtilityCustomFunctions - Message:CheckBox - Detail View Page: New Add Data in Summary Verification
18:18:21.707 [main] INFO  utilities.UtilityCustomFunctions - Actual:02-05-2024
18:18:21.707 [main] INFO  utilities.UtilityCustomFunctions - Expected:02-05-2024
18:18:21.707 [main] INFO  utilities.UtilityCustomFunctions - Message:Date - Detail View Page: New Add Data in Summary Verification
18:18:22.876 [main] INFO  utilities.UtilityCustomFunctions - Actual:1
18:18:22.876 [main] INFO  utilities.UtilityCustomFunctions - Expected:1
18:18:22.876 [main] INFO  utilities.UtilityCustomFunctions - Message:PickList - Detail View Page:   New Add Data in Summary Verification
18:18:24.136 [main] INFO  utilities.UtilityCustomFunctions - Actual:annie-spratt
18:18:24.136 [main] INFO  utilities.UtilityCustomFunctions - Expected:annie-spratt
18:18:24.136 [main] INFO  utilities.UtilityCustomFunctions - Message:File Upload - Detail View Page:   New Add Data in Summary Verification
18:18:25.308 [main] INFO  utilities.UtilityCustomFunctions - Actual:02-05-2024 06:13:53 PM
18:18:25.308 [main] INFO  utilities.UtilityCustomFunctions - Expected:02-05-2024 06:13:53 PM
18:18:25.308 [main] INFO  utilities.UtilityCustomFunctions - Message:Date & Time - Detail View Page: New Add Data in Summary Verification
18:18:26.472 [main] INFO  utilities.UtilityCustomFunctions - Actual:02:35:55 PM
18:18:26.472 [main] INFO  utilities.UtilityCustomFunctions - Expected:02:35:55 PM
18:18:26.472 [main] INFO  utilities.UtilityCustomFunctions - Message:Time - Detail View Page:    New Add Data in Summary Verification
18:18:27.646 [main] INFO  utilities.UtilityCustomFunctions - ActualNameDT: Mr. NewAddName ExpectedNameDT: Mr. NewAddName
18:18:27.646 [main] INFO  utilities.UtilityCustomFunctions - Actual:Mr. NewAddName
18:18:27.646 [main] INFO  utilities.UtilityCustomFunctions - Expected:Mr. NewAddName
18:18:27.646 [main] INFO  utilities.UtilityCustomFunctions - Message:Name - Detail View Page:  New Add Data in Summary Verification
18:18:28.808 [main] INFO  utilities.UtilityCustomFunctions - Actual:1111111111
18:18:28.808 [main] INFO  utilities.UtilityCustomFunctions - Expected:1111111111
18:18:28.808 [main] INFO  utilities.UtilityCustomFunctions - Message:Number - Detail View Page:  New Add Data in Summary Verification
18:18:29.965 [main] INFO  utilities.UtilityCustomFunctions - Actual:1,000
18:18:29.965 [main] INFO  utilities.UtilityCustomFunctions - Expected:1,000
18:18:29.965 [main] INFO  utilities.UtilityCustomFunctions - Message:Currency - Detail View Page:  New Add Data in Summary Verification
18:18:31.103 [main] INFO  utilities.UtilityCustomFunctions - Actual:http://www.google.com/
18:18:31.103 [main] INFO  utilities.UtilityCustomFunctions - Expected:http://www.google.com/
18:18:31.103 [main] INFO  utilities.UtilityCustomFunctions - Message:URL - Detail View Page:  New Add Data in Summary Verification
18:18:35.299 [main] INFO  utilities.UtilityCustomFunctions - Actual:Ariyalur
18:18:35.299 [main] INFO  utilities.UtilityCustomFunctions - Expected:Ariyalur
18:18:35.300 [main] INFO  utilities.UtilityCustomFunctions - Message:City - Detail View Page:   New Add Data in Summary Verification
18:18:36.465 [main] INFO  utilities.UtilityCustomFunctions - Actual:Tamilnadu
18:18:36.465 [main] INFO  utilities.UtilityCustomFunctions - Expected:Tamilnadu
18:18:36.465 [main] INFO  utilities.UtilityCustomFunctions - Message:State - Detail View Page:   New Add Data in Summary Verification
18:18:37.626 [main] INFO  utilities.UtilityCustomFunctions - Actual:India
18:18:37.626 [main] INFO  utilities.UtilityCustomFunctions - Expected:India
18:18:37.626 [main] INFO  utilities.UtilityCustomFunctions - Message:Country - Detail View Page:  New Add Data in Summary Verification
18:18:38.787 [main] INFO  utilities.UtilityCustomFunctions - Actual:RelatedModuleText
18:18:38.787 [main] INFO  utilities.UtilityCustomFunctions - Expected:RelatedModuleText
18:18:38.787 [main] INFO  utilities.UtilityCustomFunctions - Message:Related Module Text - Detail View Page:  New Add Data in Summary Verification
18:18:48.668 [main] INFO  utilities.UtilityCustomFunctions - testing entered in  input
18:18:48.852 [main] INFO  utilities.UtilityCustomFunctions - dCr2KGiHBrC2!@ entered in  input
18:20:40.061 [main] INFO  utilities.UtilityCustomFunctions - No EndPage Link
18:20:40.074 [main] INFO  utilities.UtilityCustomFunctions - DB List Count:10
18:20:40.106 [main] INFO  utilities.UtilityCustomFunctions - DB List Count Row: 0 122392
18:20:40.136 [main] INFO  utilities.UtilityCustomFunctions - DB List Count Row: 1 122392
18:20:40.203 [main] INFO  utilities.UtilityCustomFunctions - DB List Count Row: 2 100628
18:20:40.222 [main] INFO  utilities.UtilityCustomFunctions - DB List Count Row: 3 122725
18:20:41.971 [main] INFO  utilities.UtilityCustomFunctions - DB List Count Row: 4 122727
18:20:41.994 [main] INFO  utilities.UtilityCustomFunctions - DB List Count Row: 5 122733
18:20:42.014 [main] INFO  utilities.UtilityCustomFunctions - DB List Count Row: 6 122735
18:20:42.034 [main] INFO  utilities.UtilityCustomFunctions - DB List Count Row: 7 122741
18:20:42.053 [main] INFO  utilities.UtilityCustomFunctions - DB List Count Row: 8 123565
18:20:42.075 [main] INFO  utilities.UtilityCustomFunctions - DB List Count Row: 9 124002
18:20:42.087 [main] INFO  utilities.UtilityCustomFunctions - Taask Id:163
18:20:42.098 [main] INFO  utilities.UtilityCustomFunctions - Module Name:Etnotification
18:20:42.109 [main] INFO  utilities.UtilityCustomFunctions - Schedule Type:0
18:20:42.120 [main] INFO  utilities.UtilityCustomFunctions - Schedule Type Name:
18:20:42.131 [main] INFO  utilities.UtilityCustomFunctions - Actual Execution Time: 2024-05-02 12:57:18
18:20:42.144 [main] INFO  utilities.UtilityCustomFunctions - Actual Send Type: Send notification
18:20:42.154 [main] INFO  utilities.UtilityCustomFunctions - Actual Creation Time: 2024-05-02 12:47:20
18:20:42.162 [main] INFO  utilities.UtilityCustomFunctions - Actual Creation Time: Thu May 02 12:47:20 IST 2024Actual Execution Time: Thu May 02 12:57:18 IST 2024
18:20:42.163 [main] INFO  utilities.UtilityCustomFunctions - Within Date Diff Validation
18:20:43.294 [main] INFO  utilities.UtilityCustomFunctions - Add New Record Failed: Actual EntityId: 124002 ScheduleName:  Created Time: 2024-05-02 12:47:20 ExecutionTime:2024-05-02 12:57:18 Difference In Minutes:= 9 Send Type: Send notification Module Name: Etnotification and Task Id: 163
18:22:13.356 [main] INFO  utilities.UtilityCustomFunctions - No EndPage or NextPage Link
18:22:13.356 [main] INFO  utilities.UtilityCustomFunctions - Entity Status: true Current Task Id: 163And Entity Id: 124002
18:22:18.195 [main] INFO  utilities.UtilityCustomFunctions - PRIYAN entered in  input
18:22:19.470 [main] INFO  utilities.UtilityCustomFunctions - rsoft entered in  input
18:22:20.732 [main] INFO  utilities.UtilityCustomFunctions - RSoft!@345 entered in  input
18:22:45.396 [main] INFO  utilities.UtilityCustomFunctions - Excel file Utility instance created
18:22:45.423 [main] INFO  utilities.UtilityCustomFunctions - Row Count to Add Values: 1
18:22:45.444 [main] INFO  utilities.UtilityCustomFunctions - Col Count is: 33
18:22:45.444 [main] INFO  utilities.UtilityCustomFunctions - Extracting DataSheet Values started...
18:22:45.744 [main] INFO  utilities.UtilityCustomFunctions - Before Adding Module data
18:22:48.844 [main] INFO  utilities.UtilityCustomFunctions - Assinged To Drop Down clicked
18:22:54.000 [main] INFO  testCases.ExecuteTask.Notification.TC001_NT_ExecuteTask_CTAfterMinutes - [Rsoft IT] is selected in List
18:22:54.078 [main] INFO  utilities.UtilityCustomFunctions - Phone NUmber prefix clicked :  
18:22:57.207 [main] INFO  testCases.ExecuteTask.Notification.TC001_NT_ExecuteTask_CTAfterMinutes - [+91] is selected in List
18:22:57.207 [main] INFO  utilities.UtilityCustomFunctions - Phone NUmber selected is :  1234567890
18:22:58.530 [main] INFO  utilities.UtilityCustomFunctions - 1234567890 entered in  input
18:23:01.807 [main] INFO  utilities.UtilityCustomFunctions - SummaryAdd@gmail.com entered in  input
18:23:02.817 [main] INFO  utilities.UtilityCustomFunctions - Email Added is: SummaryAdd@gmail.com
18:23:04.082 [main] INFO  utilities.UtilityCustomFunctions - SummaryAddText entered in  input
18:23:04.086 [main] INFO  utilities.UtilityCustomFunctions - Text Value added is::  SummaryAddText
18:23:25.926 [main] INFO  utilities.UtilityCustomFunctions - MultiCombo box values: three,four
18:23:28.157 [main] INFO  utilities.UtilityCustomFunctions - SummaryAddTextArea entered in  textarea
18:23:30.216 [main] INFO  utilities.UtilityCustomFunctions - check box value: ON
18:23:30.286 [main] INFO  utilities.UtilityCustomFunctions - Checkbox clicked
18:23:30.357 [main] INFO  utilities.UtilityCustomFunctions - DateBox clicked
18:23:33.386 [main] INFO  utilities.UtilityCustomFunctions - Current Month:May
18:23:37.515 [main] INFO  utilities.UtilityCustomFunctions - Current Month:May
18:23:45.812 [main] INFO  utilities.UtilityCustomFunctions - Year to be selected is:2024
18:23:50.633 [main] INFO  utilities.UtilityCustomFunctions - (//td[contains(@class,'today')])[1]
18:23:53.750 [main] INFO  utilities.UtilityCustomFunctions - Today Date Selected
18:23:55.825 [main] INFO  utilities.UtilityCustomFunctions - Picklist clicked
18:23:56.888 [main] INFO  utilities.UtilityCustomFunctions - Picklist selected: 1
18:24:29.124 [main] INFO  utilities.UtilityCustomFunctions - Date & Time Clicked
18:24:34.157 [main] INFO  utilities.UtilityCustomFunctions - Current Month:May
18:24:39.723 [main] INFO  utilities.UtilityCustomFunctions - Current Month:May
18:24:47.945 [main] INFO  utilities.UtilityCustomFunctions - Year to be selected is:2024
18:24:52.757 [main] INFO  utilities.UtilityCustomFunctions - (//td[contains(@class,'today')])[2]
18:24:57.914 [main] INFO  utilities.UtilityCustomFunctions - Clicked Current Date in Date&Time
18:24:58.011 [main] INFO  utilities.UtilityCustomFunctions - Date & Time Selected
18:24:59.093 [main] INFO  utilities.UtilityCustomFunctions - Time Clicked
18:25:02.107 [main] INFO  utilities.UtilityCustomFunctions - Hours://div[@class='popover-content']//div[@class='clockpicker-tick' and text()='2']
18:25:12.323 [main] INFO  utilities.UtilityCustomFunctions - Time Selected is: 02:35 PM
18:25:13.386 [main] INFO  utilities.UtilityCustomFunctions - Actual Date Selected :02-05-2024
18:25:16.845 [main] INFO  testCases.ExecuteTask.Notification.TC001_NT_ExecuteTask_CTAfterMinutes - [Mr.] is selected in List
18:25:18.078 [main] INFO  utilities.UtilityCustomFunctions - SummaryAddName entered in  input
18:25:19.289 [main] INFO  utilities.UtilityCustomFunctions - 2323232323 entered in  input
18:25:20.496 [main] INFO  utilities.UtilityCustomFunctions - 1,000 entered in  input
18:25:21.801 [main] INFO  utilities.UtilityCustomFunctions - http://www.mvnrepository.com/ entered in  input
18:25:22.867 [main] INFO  utilities.UtilityCustomFunctions - City Drop Down clicked
18:25:26.021 [main] INFO  testCases.ExecuteTask.Notification.TC001_NT_ExecuteTask_CTAfterMinutes - [Chennai] is selected in List
18:25:26.022 [main] INFO  utilities.UtilityCustomFunctions - City Selected: Chennai
18:25:27.103 [main] INFO  utilities.UtilityCustomFunctions - State Drop Down clicked
18:25:30.408 [main] INFO  testCases.ExecuteTask.Notification.TC001_NT_ExecuteTask_CTAfterMinutes - [Tamilnadu] is selected in List
18:25:30.408 [main] INFO  utilities.UtilityCustomFunctions - State Selected: Tamilnadu
18:25:31.474 [main] INFO  utilities.UtilityCustomFunctions - Country List clicked
18:25:34.609 [main] INFO  testCases.ExecuteTask.Notification.TC001_NT_ExecuteTask_CTAfterMinutes - [India] is selected in List
18:25:34.609 [main] INFO  utilities.UtilityCustomFunctions - Country Selected: India
18:25:50.979 [main] INFO  utilities.UtilityCustomFunctions - RelatedModuleText entered in  input
18:25:50.988 [main] INFO  utilities.UtilityCustomFunctions - Search Button clicked in Related Module Window
18:25:54.523 [main] INFO  utilities.UtilityCustomFunctions - Button Search
18:25:57.559 [main] INFO  utilities.UtilityCustomFunctions - table row Count:1
18:26:06.253 [main] INFO  utilities.UtilityCustomFunctions - Related Module Value Selected
18:26:16.909 [main] INFO  utilities.UtilityCustomFunctions - Header Toggle Already ON
18:26:25.121 [main] INFO  utilities.UtilityCustomFunctions - New Record added in: ETNotification
18:26:25.122 [main] INFO  utilities.UtilityCustomFunctions - Excel file Utility instance created
18:26:25.141 [main] INFO  utilities.UtilityCustomFunctions - Row Count to Add Values: 1
18:26:25.155 [main] INFO  utilities.UtilityCustomFunctions - Col Count is: 33
18:26:25.155 [main] INFO  utilities.UtilityCustomFunctions - Extracting DataSheet Values started...
18:26:25.413 [main] INFO  utilities.UtilityCustomFunctions - Before Verify Detail Summary Module data
18:26:31.456 [main] INFO  utilities.UtilityCustomFunctions - Header Toggle Already ON
18:26:31.469 [main] INFO  utilities.UtilityCustomFunctions - Summary View Already OFF
18:26:31.655 [main] INFO  utilities.UtilityCustomFunctions - Actual:ETNotification
18:26:31.655 [main] INFO  utilities.UtilityCustomFunctions - Expected:ETNotification
18:26:31.655 [main] INFO  utilities.UtilityCustomFunctions - Message:Module Name in SummaryDetail View Page
18:26:37.998 [main] INFO  utilities.UtilityCustomFunctions - sAssign1:RsoftsAssign2:IT
18:26:37.998 [main] INFO  utilities.UtilityCustomFunctions - Get Text:
18:26:38.154 [main] INFO  utilities.UtilityCustomFunctions - Actual:Rsoft IT
18:26:38.155 [main] INFO  utilities.UtilityCustomFunctions - Expected:Rsoft IT
18:26:38.155 [main] INFO  utilities.UtilityCustomFunctions - Message:Assigned To-Summary Title
18:26:39.273 [main] INFO  utilities.UtilityCustomFunctions - Actual:+91 1234567890
18:26:39.274 [main] INFO  utilities.UtilityCustomFunctions - Expected:+91 1234567890
18:26:39.274 [main] INFO  utilities.UtilityCustomFunctions - Message:Phone Number - Summary Title
18:26:40.420 [main] INFO  utilities.UtilityCustomFunctions - Actual:SummaryAdd@gmail.com
18:26:40.420 [main] INFO  utilities.UtilityCustomFunctions - Expected:SummaryAdd@gmail.com
18:26:40.420 [main] INFO  utilities.UtilityCustomFunctions - Message:Email - Summary Title
18:26:41.614 [main] INFO  utilities.UtilityCustomFunctions - Actual:Rsoft IT
18:26:41.614 [main] INFO  utilities.UtilityCustomFunctions - Expected:Rsoft IT
18:26:41.614 [main] INFO  utilities.UtilityCustomFunctions - Message:Assigned To - Summary View Page : 
18:26:42.782 [main] INFO  utilities.UtilityCustomFunctions - Actual:+91 1234567890
18:26:42.782 [main] INFO  utilities.UtilityCustomFunctions - Expected:+91 1234567890
18:26:42.782 [main] INFO  utilities.UtilityCustomFunctions - Message:Mobile Number - Summary View Page : Summary Page Add Data
18:26:43.998 [main] INFO  utilities.UtilityCustomFunctions - Actual:SummaryAdd@gmail.com
18:26:43.998 [main] INFO  utilities.UtilityCustomFunctions - Expected:SummaryAdd@gmail.com
18:26:43.998 [main] INFO  utilities.UtilityCustomFunctions - Message:Email - Summary View Page: Summary Page Add Data
18:26:45.159 [main] INFO  utilities.UtilityCustomFunctions - Actual:SummaryAddText
18:26:45.160 [main] INFO  utilities.UtilityCustomFunctions - Expected:SummaryAddText
18:26:45.160 [main] INFO  utilities.UtilityCustomFunctions - Message:Text - Summary View Page:Summary Page Add Data
18:26:46.331 [main] INFO  utilities.UtilityCustomFunctions - Actual:three,four
18:26:46.331 [main] INFO  utilities.UtilityCustomFunctions - Expected:three,four
18:26:46.331 [main] INFO  utilities.UtilityCustomFunctions - Message:MultiComboValues - Summary View Page:  Summary Page Add Data
18:26:47.496 [main] INFO  utilities.UtilityCustomFunctions - Actual:SummaryAddTextArea
18:26:47.496 [main] INFO  utilities.UtilityCustomFunctions - Expected:SummaryAddTextArea
18:26:47.496 [main] INFO  utilities.UtilityCustomFunctions - Message:Text Area - Summary View Page:  Summary Page Add Data
18:26:48.658 [main] INFO  utilities.UtilityCustomFunctions - Actual:Yes
18:26:48.658 [main] INFO  utilities.UtilityCustomFunctions - Expected:Yes
18:26:48.658 [main] INFO  utilities.UtilityCustomFunctions - Message:CheckBox - Summary View Page:   Summary Page Add Data
18:26:49.829 [main] INFO  utilities.UtilityCustomFunctions - Actual:02-05-2024
18:26:49.829 [main] INFO  utilities.UtilityCustomFunctions - Expected:02-05-2024
18:26:49.829 [main] INFO  utilities.UtilityCustomFunctions - Message:Date - Summary View Page:  Summary Page Add Data
18:26:51.020 [main] INFO  utilities.UtilityCustomFunctions - Actual:1
18:26:51.020 [main] INFO  utilities.UtilityCustomFunctions - Expected:1
18:26:51.020 [main] INFO  utilities.UtilityCustomFunctions - Message:PickList - Summary View Page:  Summary Page Add Data
18:26:52.308 [main] INFO  utilities.UtilityCustomFunctions - Actual:annie-spratt
18:26:52.308 [main] INFO  utilities.UtilityCustomFunctions - Expected:annie-spratt
18:26:52.308 [main] INFO  utilities.UtilityCustomFunctions - Message:File Upload - Summary View Page: Summary Page Add Data
18:26:53.466 [main] INFO  utilities.UtilityCustomFunctions - Actual:02-05-2024 06:22:43 PM
18:26:53.466 [main] INFO  utilities.UtilityCustomFunctions - Expected:02-05-2024 06:22:43 PM
18:26:53.466 [main] INFO  utilities.UtilityCustomFunctions - Message:Date & Time - Summary View Page:   Summary Page Add Data
18:26:54.628 [main] INFO  utilities.UtilityCustomFunctions - Actual:02:35:55 PM
18:26:54.628 [main] INFO  utilities.UtilityCustomFunctions - Expected:02:35:55 PM
18:26:54.628 [main] INFO  utilities.UtilityCustomFunctions - Message:Time - Summary View Page:   Summary Page Add Data
18:26:55.791 [main] INFO  utilities.UtilityCustomFunctions - Actual:
18:26:55.791 [main] INFO  utilities.UtilityCustomFunctions - Expected:Mr. SummaryAddName
18:26:55.791 [main] INFO  utilities.UtilityCustomFunctions - Message:Name - Summary View Page:   Summary Page Add Data
18:26:55.838 [main] INFO  utilities.UtilityCustomFunctions - Actual:2323232323
18:26:55.838 [main] INFO  utilities.UtilityCustomFunctions - Expected:2323232323
18:26:55.838 [main] INFO  utilities.UtilityCustomFunctions - Message:Number - Summary View Page:   Summary Page Add Data
18:26:57.006 [main] INFO  utilities.UtilityCustomFunctions - Actual:1,000
18:26:57.006 [main] INFO  utilities.UtilityCustomFunctions - Expected:1,000
18:26:57.006 [main] INFO  utilities.UtilityCustomFunctions - Message:Currency - Summary View Page:   Summary Page Add Data
18:26:58.172 [main] INFO  utilities.UtilityCustomFunctions - Actual:http://www.mvnrepository.com/
18:26:58.172 [main] INFO  utilities.UtilityCustomFunctions - Expected:http://www.mvnrepository.com/
18:26:58.172 [main] INFO  utilities.UtilityCustomFunctions - Message:URL - Summary View Page:  Summary Page Add Data
18:26:59.344 [main] INFO  utilities.UtilityCustomFunctions - Actual:
18:26:59.344 [main] INFO  utilities.UtilityCustomFunctions - Expected:Chennai
18:26:59.344 [main] INFO  utilities.UtilityCustomFunctions - Message:City - Summary View Page: Summary Page Add Data
18:26:59.440 [main] INFO  utilities.UtilityCustomFunctions - Actual:Tamilnadu
18:26:59.440 [main] INFO  utilities.UtilityCustomFunctions - Expected:Tamilnadu
18:26:59.440 [main] INFO  utilities.UtilityCustomFunctions - Message:State - Summary View Page:Summary Page Add Data
18:27:00.614 [main] INFO  utilities.UtilityCustomFunctions - Actual:India
18:27:00.614 [main] INFO  utilities.UtilityCustomFunctions - Expected:India
18:27:00.614 [main] INFO  utilities.UtilityCustomFunctions - Message:Country - Summary View Page:  Summary Page Add Data
18:27:01.760 [main] INFO  utilities.UtilityCustomFunctions - Actual:RelatedModuleText
18:27:01.761 [main] INFO  utilities.UtilityCustomFunctions - Expected:RelatedModuleText
18:27:01.761 [main] INFO  utilities.UtilityCustomFunctions - Message:Related Module Text - Summary View Page:  Summary Page Add Data
18:27:03.545 [main] INFO  utilities.UtilityCustomFunctions - Summary View Set ON
18:27:12.552 [main] INFO  utilities.UtilityCustomFunctions - Actual:Rsoft IT
18:27:12.552 [main] INFO  utilities.UtilityCustomFunctions - Expected:Rsoft IT
18:27:12.552 [main] INFO  utilities.UtilityCustomFunctions - Message:AssignedTo - Detail View Page:   Summary Page Add Data
18:27:13.696 [main] INFO  utilities.UtilityCustomFunctions - sActDTMobileNumber +91
  1234567890
18:27:13.696 [main] INFO  utilities.UtilityCustomFunctions - Actual:+91 1234567890
18:27:13.696 [main] INFO  utilities.UtilityCustomFunctions - Expected:+91 1234567890
18:27:13.696 [main] INFO  utilities.UtilityCustomFunctions - Message:Mobile Number - Detail View Page:   Summary Page Add Data
18:27:14.863 [main] INFO  utilities.UtilityCustomFunctions - Actual:SummaryAdd@gmail.com
18:27:14.863 [main] INFO  utilities.UtilityCustomFunctions - Expected:SummaryAdd@gmail.com
18:27:14.863 [main] INFO  utilities.UtilityCustomFunctions - Message:Email - Detail View Page: Summary Page Add Data
18:27:16.034 [main] INFO  utilities.UtilityCustomFunctions - Actual:SummaryAddText
18:27:16.034 [main] INFO  utilities.UtilityCustomFunctions - Expected:SummaryAddText
18:27:16.034 [main] INFO  utilities.UtilityCustomFunctions - Message:Text - Detail View Page:  Summary Page Add Data
18:27:17.209 [main] INFO  utilities.UtilityCustomFunctions - Actual:three,four
18:27:17.209 [main] INFO  utilities.UtilityCustomFunctions - Expected:three,four
18:27:17.209 [main] INFO  utilities.UtilityCustomFunctions - Message:MultiCombo - Detail View Page:   Summary Page Add Data
18:27:18.396 [main] INFO  utilities.UtilityCustomFunctions - Actual:SummaryAddTextArea
18:27:18.396 [main] INFO  utilities.UtilityCustomFunctions - Expected:SummaryAddTextArea
18:27:18.396 [main] INFO  utilities.UtilityCustomFunctions - Message:TextArea - Detail View Page:  Summary Page Add Data
18:27:19.543 [main] INFO  utilities.UtilityCustomFunctions - Actual:Yes
18:27:19.543 [main] INFO  utilities.UtilityCustomFunctions - Expected:Yes
18:27:19.543 [main] INFO  utilities.UtilityCustomFunctions - Message:CheckBox - Detail View Page: Summary Page Add Data
18:27:20.702 [main] INFO  utilities.UtilityCustomFunctions - Actual:02-05-2024
18:27:20.702 [main] INFO  utilities.UtilityCustomFunctions - Expected:02-05-2024
18:27:20.702 [main] INFO  utilities.UtilityCustomFunctions - Message:Date - Detail View Page: Summary Page Add Data
18:27:21.863 [main] INFO  utilities.UtilityCustomFunctions - Actual:1
18:27:21.863 [main] INFO  utilities.UtilityCustomFunctions - Expected:1
18:27:21.863 [main] INFO  utilities.UtilityCustomFunctions - Message:PickList - Detail View Page:   Summary Page Add Data
18:27:23.129 [main] INFO  utilities.UtilityCustomFunctions - Actual:annie-spratt
18:27:23.129 [main] INFO  utilities.UtilityCustomFunctions - Expected:annie-spratt
18:27:23.129 [main] INFO  utilities.UtilityCustomFunctions - Message:File Upload - Detail View Page:   Summary Page Add Data
18:27:24.297 [main] INFO  utilities.UtilityCustomFunctions - Actual:02-05-2024 06:22:43 PM
18:27:24.297 [main] INFO  utilities.UtilityCustomFunctions - Expected:02-05-2024 06:22:43 PM
18:27:24.297 [main] INFO  utilities.UtilityCustomFunctions - Message:Date & Time - Detail View Page: Summary Page Add Data
18:27:25.461 [main] INFO  utilities.UtilityCustomFunctions - Actual:02:35:55 PM
18:27:25.461 [main] INFO  utilities.UtilityCustomFunctions - Expected:02:35:55 PM
18:27:25.461 [main] INFO  utilities.UtilityCustomFunctions - Message:Time - Detail View Page:    Summary Page Add Data
18:27:26.632 [main] INFO  utilities.UtilityCustomFunctions - ActualNameDT: Mr. SummaryAddName ExpectedNameDT: Mr. SummaryAddName
18:27:26.632 [main] INFO  utilities.UtilityCustomFunctions - Actual:Mr. SummaryAddName
18:27:26.632 [main] INFO  utilities.UtilityCustomFunctions - Expected:Mr. SummaryAddName
18:27:26.632 [main] INFO  utilities.UtilityCustomFunctions - Message:Name - Detail View Page:  Summary Page Add Data
18:27:27.788 [main] INFO  utilities.UtilityCustomFunctions - Actual:2323232323
18:27:27.788 [main] INFO  utilities.UtilityCustomFunctions - Expected:2323232323
18:27:27.788 [main] INFO  utilities.UtilityCustomFunctions - Message:Number - Detail View Page:  Summary Page Add Data
18:27:28.944 [main] INFO  utilities.UtilityCustomFunctions - Actual:1,000
18:27:28.944 [main] INFO  utilities.UtilityCustomFunctions - Expected:1,000
18:27:28.944 [main] INFO  utilities.UtilityCustomFunctions - Message:Currency - Detail View Page:  Summary Page Add Data
18:27:30.077 [main] INFO  utilities.UtilityCustomFunctions - Actual:http://www.mvnrepository.com/
18:27:30.077 [main] INFO  utilities.UtilityCustomFunctions - Expected:http://www.mvnrepository.com/
18:27:30.077 [main] INFO  utilities.UtilityCustomFunctions - Message:URL - Detail View Page:  Summary Page Add Data
18:27:34.252 [main] INFO  utilities.UtilityCustomFunctions - Actual:Chennai
18:27:34.252 [main] INFO  utilities.UtilityCustomFunctions - Expected:Chennai
18:27:34.252 [main] INFO  utilities.UtilityCustomFunctions - Message:City - Detail View Page:   Summary Page Add Data
18:27:35.421 [main] INFO  utilities.UtilityCustomFunctions - Actual:Tamilnadu
18:27:35.421 [main] INFO  utilities.UtilityCustomFunctions - Expected:Tamilnadu
18:27:35.421 [main] INFO  utilities.UtilityCustomFunctions - Message:State - Detail View Page:   Summary Page Add Data
18:27:36.609 [main] INFO  utilities.UtilityCustomFunctions - Actual:India
18:27:36.609 [main] INFO  utilities.UtilityCustomFunctions - Expected:India
18:27:36.609 [main] INFO  utilities.UtilityCustomFunctions - Message:Country - Detail View Page:  Summary Page Add Data
18:27:37.774 [main] INFO  utilities.UtilityCustomFunctions - Actual:RelatedModuleText
18:27:37.774 [main] INFO  utilities.UtilityCustomFunctions - Expected:RelatedModuleText
18:27:37.774 [main] INFO  utilities.UtilityCustomFunctions - Message:Related Module Text - Detail View Page:  Summary Page Add Data
18:27:46.970 [main] INFO  utilities.UtilityCustomFunctions - testing entered in  input
18:27:47.153 [main] INFO  utilities.UtilityCustomFunctions - dCr2KGiHBrC2!@ entered in  input
18:29:38.102 [main] INFO  utilities.UtilityCustomFunctions - No EndPage Link
18:29:38.128 [main] INFO  utilities.UtilityCustomFunctions - DB List Count:10
18:29:38.157 [main] INFO  utilities.UtilityCustomFunctions - DB List Count Row: 0 122392
18:29:38.186 [main] INFO  utilities.UtilityCustomFunctions - DB List Count Row: 1 122392
18:29:38.204 [main] INFO  utilities.UtilityCustomFunctions - DB List Count Row: 2 100628
18:29:38.225 [main] INFO  utilities.UtilityCustomFunctions - DB List Count Row: 3 122725
18:29:38.248 [main] INFO  utilities.UtilityCustomFunctions - DB List Count Row: 4 122727
18:29:38.268 [main] INFO  utilities.UtilityCustomFunctions - DB List Count Row: 5 122733
18:29:38.285 [main] INFO  utilities.UtilityCustomFunctions - DB List Count Row: 6 122735
18:29:38.301 [main] INFO  utilities.UtilityCustomFunctions - DB List Count Row: 7 122741
18:29:38.320 [main] INFO  utilities.UtilityCustomFunctions - DB List Count Row: 8 123565
18:29:38.338 [main] INFO  utilities.UtilityCustomFunctions - DB List Count Row: 9 124007
18:29:38.349 [main] INFO  utilities.UtilityCustomFunctions - Taask Id:164
18:29:38.358 [main] INFO  utilities.UtilityCustomFunctions - Module Name:Etnotification
18:29:38.368 [main] INFO  utilities.UtilityCustomFunctions - Schedule Type:0
18:29:38.378 [main] INFO  utilities.UtilityCustomFunctions - Schedule Type Name:
18:29:38.387 [main] INFO  utilities.UtilityCustomFunctions - Actual Execution Time: 2024-05-02 13:06:09
18:29:38.397 [main] INFO  utilities.UtilityCustomFunctions - Actual Send Type: Send notification
18:29:38.407 [main] INFO  utilities.UtilityCustomFunctions - Actual Creation Time: 2024-05-02 12:56:11
18:29:38.408 [main] INFO  utilities.UtilityCustomFunctions - Actual Creation Time: Thu May 02 12:56:11 IST 2024Actual Execution Time: Thu May 02 13:06:09 IST 2024
18:29:38.408 [main] INFO  utilities.UtilityCustomFunctions - Within Date Diff Validation
18:29:39.552 [main] INFO  utilities.UtilityCustomFunctions - Summary New Record Failed: Actual EntityId: 124007 ScheduleName:  Created Time: 2024-05-02 12:56:11 ExecutionTime:2024-05-02 13:06:09 Difference In Minutes:= 9 Send Type: Send notification Module Name: Etnotification and Task Id: 164
18:31:11.186 [main] INFO  utilities.UtilityCustomFunctions - No EndPage or NextPage Link
18:31:11.186 [main] INFO  utilities.UtilityCustomFunctions - Entity Status: true Current Task Id: 164And Entity Id: 124007
18:31:19.099 [main] INFO  utilities.UtilityCustomFunctions - PRIYAN entered in  input
18:31:20.330 [main] INFO  utilities.UtilityCustomFunctions - rsoft entered in  input
18:31:21.560 [main] INFO  utilities.UtilityCustomFunctions - RSoft!@345 entered in  input
18:31:43.771 [main] INFO  utilities.UtilityCustomFunctions - Excel file Utility instance created
18:31:43.794 [main] INFO  utilities.UtilityCustomFunctions - Row Count to Add Values: 1
18:31:43.818 [main] INFO  utilities.UtilityCustomFunctions - Col Count is: 33
18:31:43.822 [main] INFO  utilities.UtilityCustomFunctions - Extracting DataSheet Values started...
18:31:44.262 [main] INFO  utilities.UtilityCustomFunctions - Before Adding Module data
18:31:47.366 [main] INFO  utilities.UtilityCustomFunctions - Assinged To Drop Down clicked
18:31:52.579 [main] INFO  testCases.ExecuteTask.Notification.TC001_NT_ExecuteTask_CTAfterMinutes - [Rsoft IT] is selected in List
18:31:52.651 [main] INFO  utilities.UtilityCustomFunctions - Phone NUmber prefix clicked :  
18:31:55.796 [main] INFO  testCases.ExecuteTask.Notification.TC001_NT_ExecuteTask_CTAfterMinutes - [+91] is selected in List
18:31:55.796 [main] INFO  utilities.UtilityCustomFunctions - Phone NUmber selected is :  1234567890
18:31:57.110 [main] INFO  utilities.UtilityCustomFunctions - 1234567890 entered in  input
18:32:00.449 [main] INFO  utilities.UtilityCustomFunctions - DuplicateAdd@gmail.com entered in  input
18:32:01.463 [main] INFO  utilities.UtilityCustomFunctions - Email Added is: DuplicateAdd@gmail.com
18:32:02.683 [main] INFO  utilities.UtilityCustomFunctions - DuplicateAddText entered in  input
18:32:02.687 [main] INFO  utilities.UtilityCustomFunctions - Text Value added is::  DuplicateAddText
18:32:32.581 [main] INFO  utilities.UtilityCustomFunctions - MultiCombo box values: four,five
18:32:34.839 [main] INFO  utilities.UtilityCustomFunctions - DuplicateAddTextArea entered in  textarea
18:32:36.886 [main] INFO  utilities.UtilityCustomFunctions - check box value: ON
18:32:36.900 [main] INFO  utilities.UtilityCustomFunctions - Checkbox clicked
18:32:36.969 [main] INFO  utilities.UtilityCustomFunctions - DateBox clicked
18:32:40.008 [main] INFO  utilities.UtilityCustomFunctions - Current Month:May
18:32:44.087 [main] INFO  utilities.UtilityCustomFunctions - Current Month:May
18:32:52.355 [main] INFO  utilities.UtilityCustomFunctions - Year to be selected is:2024
18:32:57.181 [main] INFO  utilities.UtilityCustomFunctions - (//td[contains(@class,'today')])[1]
18:33:00.283 [main] INFO  utilities.UtilityCustomFunctions - Today Date Selected
18:33:02.351 [main] INFO  utilities.UtilityCustomFunctions - Picklist clicked
18:33:03.415 [main] INFO  utilities.UtilityCustomFunctions - Picklist selected: 1
18:33:06.611 [main] INFO  utilities.UtilityCustomFunctions - Date & Time Clicked
18:33:11.652 [main] INFO  utilities.UtilityCustomFunctions - Current Month:May
18:33:15.751 [main] INFO  utilities.UtilityCustomFunctions - Current Month:May
18:33:24.029 [main] INFO  utilities.UtilityCustomFunctions - Year to be selected is:2024
18:33:28.846 [main] INFO  utilities.UtilityCustomFunctions - (//td[contains(@class,'today')])[2]
18:33:33.968 [main] INFO  utilities.UtilityCustomFunctions - Clicked Current Date in Date&Time
18:33:34.068 [main] INFO  utilities.UtilityCustomFunctions - Date & Time Selected
18:33:35.149 [main] INFO  utilities.UtilityCustomFunctions - Time Clicked
18:33:38.161 [main] INFO  utilities.UtilityCustomFunctions - Hours://div[@class='popover-content']//div[@class='clockpicker-tick' and text()='2']
18:33:48.412 [main] INFO  utilities.UtilityCustomFunctions - Time Selected is: 02:35 PM
18:33:49.498 [main] INFO  utilities.UtilityCustomFunctions - Actual Date Selected :02-05-2024
18:33:52.894 [main] INFO  testCases.ExecuteTask.Notification.TC001_NT_ExecuteTask_CTAfterMinutes - [Mr.] is selected in List
18:33:54.145 [main] INFO  utilities.UtilityCustomFunctions - DuplicateAddName entered in  input
18:33:55.419 [main] INFO  utilities.UtilityCustomFunctions - 2323232323 entered in  input
18:33:56.635 [main] INFO  utilities.UtilityCustomFunctions - 1,000 entered in  input
18:33:57.942 [main] INFO  utilities.UtilityCustomFunctions - http://www.mvnrepository.com/ entered in  input
18:33:59.027 [main] INFO  utilities.UtilityCustomFunctions - City Drop Down clicked
18:34:02.159 [main] INFO  testCases.ExecuteTask.Notification.TC001_NT_ExecuteTask_CTAfterMinutes - [Chennai] is selected in List
18:34:02.159 [main] INFO  utilities.UtilityCustomFunctions - City Selected: Chennai
18:34:03.227 [main] INFO  utilities.UtilityCustomFunctions - State Drop Down clicked
18:34:06.495 [main] INFO  testCases.ExecuteTask.Notification.TC001_NT_ExecuteTask_CTAfterMinutes - [Tamilnadu] is selected in List
18:34:06.496 [main] INFO  utilities.UtilityCustomFunctions - State Selected: Tamilnadu
18:34:07.549 [main] INFO  utilities.UtilityCustomFunctions - Country List clicked
18:34:10.658 [main] INFO  testCases.ExecuteTask.Notification.TC001_NT_ExecuteTask_CTAfterMinutes - [India] is selected in List
18:34:10.658 [main] INFO  utilities.UtilityCustomFunctions - Country Selected: India
18:34:27.030 [main] INFO  utilities.UtilityCustomFunctions - RelatedModuleText entered in  input
18:34:27.042 [main] INFO  utilities.UtilityCustomFunctions - Search Button clicked in Related Module Window
18:34:30.396 [main] INFO  utilities.UtilityCustomFunctions - Button Search
18:34:33.448 [main] INFO  utilities.UtilityCustomFunctions - table row Count:1
18:34:42.027 [main] INFO  utilities.UtilityCustomFunctions - Related Module Value Selected
18:34:52.771 [main] INFO  utilities.UtilityCustomFunctions - Header Toggle Already ON
18:35:00.986 [main] INFO  utilities.UtilityCustomFunctions - New Record added in: ETNotification
18:35:00.988 [main] INFO  utilities.UtilityCustomFunctions - Excel file Utility instance created
18:35:01.003 [main] INFO  utilities.UtilityCustomFunctions - Row Count to Add Values: 1
18:35:01.013 [main] INFO  utilities.UtilityCustomFunctions - Col Count is: 33
18:35:01.013 [main] INFO  utilities.UtilityCustomFunctions - Extracting DataSheet Values started...
18:35:01.301 [main] INFO  utilities.UtilityCustomFunctions - Before Verify Detail Summary Module data
18:35:07.323 [main] INFO  utilities.UtilityCustomFunctions - Header Toggle Already ON
18:35:07.336 [main] INFO  utilities.UtilityCustomFunctions - Summary View Already OFF
18:35:07.505 [main] INFO  utilities.UtilityCustomFunctions - Actual:ETNotification
18:35:07.505 [main] INFO  utilities.UtilityCustomFunctions - Expected:ETNotification
18:35:07.505 [main] INFO  utilities.UtilityCustomFunctions - Message:Module Name in SummaryDetail View Page
18:35:13.865 [main] INFO  utilities.UtilityCustomFunctions - sAssign1:RsoftsAssign2:IT
18:35:13.865 [main] INFO  utilities.UtilityCustomFunctions - Get Text:
18:35:14.037 [main] INFO  utilities.UtilityCustomFunctions - Actual:Rsoft IT
18:35:14.037 [main] INFO  utilities.UtilityCustomFunctions - Expected:Rsoft IT
18:35:14.037 [main] INFO  utilities.UtilityCustomFunctions - Message:Assigned To-Summary Title
18:35:15.156 [main] INFO  utilities.UtilityCustomFunctions - Actual:+91 1234567890
18:35:15.156 [main] INFO  utilities.UtilityCustomFunctions - Expected:+91 1234567890
18:35:15.156 [main] INFO  utilities.UtilityCustomFunctions - Message:Phone Number - Summary Title
18:35:16.273 [main] INFO  utilities.UtilityCustomFunctions - Actual:DuplicateAdd@gmail.com
18:35:16.273 [main] INFO  utilities.UtilityCustomFunctions - Expected:DuplicateAdd@gmail.com
18:35:16.273 [main] INFO  utilities.UtilityCustomFunctions - Message:Email - Summary Title
18:35:17.466 [main] INFO  utilities.UtilityCustomFunctions - Actual:Rsoft IT
18:35:17.466 [main] INFO  utilities.UtilityCustomFunctions - Expected:Rsoft IT
18:35:17.466 [main] INFO  utilities.UtilityCustomFunctions - Message:Assigned To - Summary View Page : 
18:35:18.654 [main] INFO  utilities.UtilityCustomFunctions - Actual:+91 1234567890
18:35:18.655 [main] INFO  utilities.UtilityCustomFunctions - Expected:+91 1234567890
18:35:18.655 [main] INFO  utilities.UtilityCustomFunctions - Message:Mobile Number - Summary View Page : Duplicate Record
18:35:19.815 [main] INFO  utilities.UtilityCustomFunctions - Actual:DuplicateAdd@gmail.com
18:35:19.815 [main] INFO  utilities.UtilityCustomFunctions - Expected:DuplicateAdd@gmail.com
18:35:19.816 [main] INFO  utilities.UtilityCustomFunctions - Message:Email - Summary View Page: Duplicate Record
18:35:20.966 [main] INFO  utilities.UtilityCustomFunctions - Actual:DuplicateAddText
18:35:20.966 [main] INFO  utilities.UtilityCustomFunctions - Expected:DuplicateAddText
18:35:20.966 [main] INFO  utilities.UtilityCustomFunctions - Message:Text - Summary View Page:Duplicate Record
18:35:22.144 [main] INFO  utilities.UtilityCustomFunctions - Actual:four,five
18:35:22.144 [main] INFO  utilities.UtilityCustomFunctions - Expected:four,five
18:35:22.144 [main] INFO  utilities.UtilityCustomFunctions - Message:MultiComboValues - Summary View Page:  Duplicate Record
18:35:23.328 [main] INFO  utilities.UtilityCustomFunctions - Actual:DuplicateAddTextArea
18:35:23.329 [main] INFO  utilities.UtilityCustomFunctions - Expected:DuplicateAddTextArea
18:35:23.329 [main] INFO  utilities.UtilityCustomFunctions - Message:Text Area - Summary View Page:  Duplicate Record
18:35:24.492 [main] INFO  utilities.UtilityCustomFunctions - Actual:Yes
18:35:24.492 [main] INFO  utilities.UtilityCustomFunctions - Expected:Yes
18:35:24.492 [main] INFO  utilities.UtilityCustomFunctions - Message:CheckBox - Summary View Page:   Duplicate Record
18:35:25.656 [main] INFO  utilities.UtilityCustomFunctions - Actual:02-05-2024
18:35:25.656 [main] INFO  utilities.UtilityCustomFunctions - Expected:02-05-2024
18:35:25.656 [main] INFO  utilities.UtilityCustomFunctions - Message:Date - Summary View Page:  Duplicate Record
18:35:26.823 [main] INFO  utilities.UtilityCustomFunctions - Actual:1
18:35:26.823 [main] INFO  utilities.UtilityCustomFunctions - Expected:1
18:35:26.823 [main] INFO  utilities.UtilityCustomFunctions - Message:PickList - Summary View Page:  Duplicate Record
18:35:28.092 [main] INFO  utilities.UtilityCustomFunctions - Actual:annie-spratt
18:35:28.092 [main] INFO  utilities.UtilityCustomFunctions - Expected:annie-spratt
18:35:28.092 [main] INFO  utilities.UtilityCustomFunctions - Message:File Upload - Summary View Page: Duplicate Record
18:35:29.289 [main] INFO  utilities.UtilityCustomFunctions - Actual:02-05-2024 06:22:43 PM
18:35:29.289 [main] INFO  utilities.UtilityCustomFunctions - Expected:02-05-2024 06:22:43 PM
18:35:29.289 [main] INFO  utilities.UtilityCustomFunctions - Message:Date & Time - Summary View Page:   Duplicate Record
18:35:30.461 [main] INFO  utilities.UtilityCustomFunctions - Actual:02:35:55 PM
18:35:30.461 [main] INFO  utilities.UtilityCustomFunctions - Expected:02:35:55 PM
18:35:30.461 [main] INFO  utilities.UtilityCustomFunctions - Message:Time - Summary View Page:   Duplicate Record
18:35:31.619 [main] INFO  utilities.UtilityCustomFunctions - Actual:
18:35:31.619 [main] INFO  utilities.UtilityCustomFunctions - Expected:Mr. DuplicateAddName
18:35:31.619 [main] INFO  utilities.UtilityCustomFunctions - Message:Name - Summary View Page:   Duplicate Record
18:35:31.665 [main] INFO  utilities.UtilityCustomFunctions - Actual:2323232323
18:35:31.665 [main] INFO  utilities.UtilityCustomFunctions - Expected:2323232323
18:35:31.665 [main] INFO  utilities.UtilityCustomFunctions - Message:Number - Summary View Page:   Duplicate Record
18:35:32.820 [main] INFO  utilities.UtilityCustomFunctions - Actual:1,000
18:35:32.820 [main] INFO  utilities.UtilityCustomFunctions - Expected:1,000
18:35:32.820 [main] INFO  utilities.UtilityCustomFunctions - Message:Currency - Summary View Page:   Duplicate Record
18:35:33.970 [main] INFO  utilities.UtilityCustomFunctions - Actual:http://www.mvnrepository.com/
18:35:33.970 [main] INFO  utilities.UtilityCustomFunctions - Expected:http://www.mvnrepository.com/
18:35:33.970 [main] INFO  utilities.UtilityCustomFunctions - Message:URL - Summary View Page:  Duplicate Record
18:35:35.129 [main] INFO  utilities.UtilityCustomFunctions - Actual:
18:35:35.129 [main] INFO  utilities.UtilityCustomFunctions - Expected:Chennai
18:35:35.129 [main] INFO  utilities.UtilityCustomFunctions - Message:City - Summary View Page: Duplicate Record
