18:43:02.779 [main] INFO  utilities.UtilityCustomFunctions - Header Toggle Already ON
18:43:02.830 [main] INFO  utilities.UtilityCustomFunctions - Summary View Already OFF
18:43:03.214 [main] INFO  utilities.UtilityCustomFunctions - Actual:ETNotification
18:43:03.215 [main] INFO  utilities.UtilityCustomFunctions - Expected:ETNotification
18:43:03.215 [main] INFO  utilities.UtilityCustomFunctions - Message:Module Name in SummaryDetail View Page
18:43:09.885 [main] INFO  utilities.UtilityCustomFunctions - sAssign1:RsoftsAssign2:IT
18:43:09.887 [main] INFO  utilities.UtilityCustomFunctions - Get Text:
18:43:10.248 [main] INFO  utilities.UtilityCustomFunctions - Actual:Rsoft IT
18:43:10.248 [main] INFO  utilities.UtilityCustomFunctions - Expected:Rsoft IT
18:43:10.249 [main] INFO  utilities.UtilityCustomFunctions - Message:Assigned To-Summary Title
18:43:11.511 [main] INFO  utilities.UtilityCustomFunctions - Actual:+91 9087654321
18:43:11.512 [main] INFO  utilities.UtilityCustomFunctions - Expected:+91 9087654321
18:43:11.512 [main] INFO  utilities.UtilityCustomFunctions - Message:Phone Number - Summary Title
18:43:12.760 [main] INFO  utilities.UtilityCustomFunctions - Actual:NewAdd@gmail.com
18:43:12.761 [main] INFO  utilities.UtilityCustomFunctions - Expected:NewAdd@gmail.com
18:43:12.761 [main] INFO  utilities.UtilityCustomFunctions - Message:Email - Summary Title
18:43:14.212 [main] INFO  utilities.UtilityCustomFunctions - Actual:Rsoft IT
18:43:14.212 [main] INFO  utilities.UtilityCustomFunctions - Expected:Rsoft IT
18:43:14.212 [main] INFO  utilities.UtilityCustomFunctions - Message:Assigned To - Summary View Page : 
18:43:15.520 [main] INFO  utilities.UtilityCustomFunctions - Actual:+91 9087654321
18:43:15.521 [main] INFO  utilities.UtilityCustomFunctions - Expected:+91 9087654321
18:43:15.521 [main] INFO  utilities.UtilityCustomFunctions - Message:Mobile Number - Summary View Page : Add New Data Validation
18:43:16.863 [main] INFO  utilities.UtilityCustomFunctions - Actual:NewAdd@gmail.com
18:43:16.864 [main] INFO  utilities.UtilityCustomFunctions - Expected:NewAdd@gmail.com
18:43:16.864 [main] INFO  utilities.UtilityCustomFunctions - Message:Email - Summary View Page: Add New Data Validation
18:43:18.219 [main] INFO  utilities.UtilityCustomFunctions - Actual:NewAddText
18:43:18.219 [main] INFO  utilities.UtilityCustomFunctions - Expected:NewAddText
18:43:18.220 [main] INFO  utilities.UtilityCustomFunctions - Message:Text - Summary View Page:Add New Data Validation
18:43:19.615 [main] INFO  utilities.UtilityCustomFunctions - Actual:one,two
18:43:19.615 [main] INFO  utilities.UtilityCustomFunctions - Expected:one,two
18:43:19.615 [main] INFO  utilities.UtilityCustomFunctions - Message:MultiComboValues - Summary View Page:  Add New Data Validation
18:43:21.004 [main] INFO  utilities.UtilityCustomFunctions - Actual:NewAddTextArea
18:43:21.004 [main] INFO  utilities.UtilityCustomFunctions - Expected:NewAddTextArea
18:43:21.004 [main] INFO  utilities.UtilityCustomFunctions - Message:Text Area - Summary View Page:  Add New Data Validation
18:43:22.343 [main] INFO  utilities.UtilityCustomFunctions - Actual:Yes
18:43:22.343 [main] INFO  utilities.UtilityCustomFunctions - Expected:Yes
18:43:22.344 [main] INFO  utilities.UtilityCustomFunctions - Message:CheckBox - Summary View Page:   Add New Data Validation
18:43:23.651 [main] INFO  utilities.UtilityCustomFunctions - Actual:05-20-2024
18:43:23.651 [main] INFO  utilities.UtilityCustomFunctions - Expected:05-20-2024
18:43:23.652 [main] INFO  utilities.UtilityCustomFunctions - Message:Date - Summary View Page:  Add New Data Validation
18:43:25.021 [main] INFO  utilities.UtilityCustomFunctions - Actual:1
18:43:25.021 [main] INFO  utilities.UtilityCustomFunctions - Expected:1
18:43:25.021 [main] INFO  utilities.UtilityCustomFunctions - Message:PickList - Summary View Page:  Add New Data Validation
18:43:26.583 [main] INFO  utilities.UtilityCustomFunctions - Actual:annie-spratt
18:43:26.583 [main] INFO  utilities.UtilityCustomFunctions - Expected:annie-spratt
18:43:26.583 [main] INFO  utilities.UtilityCustomFunctions - Message:File Upload - Summary View Page: Add New Data Validation
18:43:27.894 [main] INFO  utilities.UtilityCustomFunctions - Actual:05-23-2024 05:00:00 PM
18:43:27.894 [main] INFO  utilities.UtilityCustomFunctions - Expected:05-23-2024 05:00:00 PM
18:43:27.894 [main] INFO  utilities.UtilityCustomFunctions - Message:Date & Time - Summary View Page:   Add New Data Validation
18:43:29.229 [main] INFO  utilities.UtilityCustomFunctions - Actual:02:35:55 PM
18:43:29.229 [main] INFO  utilities.UtilityCustomFunctions - Expected:02:35:55 PM
18:43:29.229 [main] INFO  utilities.UtilityCustomFunctions - Message:Time - Summary View Page:   Add New Data Validation
18:43:30.585 [main] INFO  utilities.UtilityCustomFunctions - Actual:
18:43:30.585 [main] INFO  utilities.UtilityCustomFunctions - Expected:Mr. NewAddName
18:43:30.586 [main] INFO  utilities.UtilityCustomFunctions - Message:Name - Summary View Page:   Add New Data Validation
18:43:30.684 [main] INFO  utilities.UtilityCustomFunctions - Actual:1111111111
18:43:30.684 [main] INFO  utilities.UtilityCustomFunctions - Expected:1111111111
18:43:30.685 [main] INFO  utilities.UtilityCustomFunctions - Message:Number - Summary View Page:   Add New Data Validation
18:43:32.011 [main] INFO  utilities.UtilityCustomFunctions - Actual:1,000
18:43:32.011 [main] INFO  utilities.UtilityCustomFunctions - Expected:1,000
18:43:32.011 [main] INFO  utilities.UtilityCustomFunctions - Message:Currency - Summary View Page:   Add New Data Validation
18:43:33.308 [main] INFO  utilities.UtilityCustomFunctions - Actual:http://www.google.com/
18:43:33.308 [main] INFO  utilities.UtilityCustomFunctions - Expected:http://www.google.com/
18:43:33.308 [main] INFO  utilities.UtilityCustomFunctions - Message:URL - Summary View Page:  Add New Data Validation
18:43:34.641 [main] INFO  utilities.UtilityCustomFunctions - Actual:
18:43:34.641 [main] INFO  utilities.UtilityCustomFunctions - Expected:Ariyalur
18:43:34.641 [main] INFO  utilities.UtilityCustomFunctions - Message:City - Summary View Page: Add New Data Validation
18:43:34.731 [main] INFO  utilities.UtilityCustomFunctions - Actual:Tamilnadu
18:43:34.731 [main] INFO  utilities.UtilityCustomFunctions - Expected:Tamilnadu
18:43:34.731 [main] INFO  utilities.UtilityCustomFunctions - Message:State - Summary View Page:Add New Data Validation
18:43:36.066 [main] INFO  utilities.UtilityCustomFunctions - Actual:India
18:43:36.067 [main] INFO  utilities.UtilityCustomFunctions - Expected:India
18:43:36.067 [main] INFO  utilities.UtilityCustomFunctions - Message:Country - Summary View Page:  Add New Data Validation
18:43:37.435 [main] INFO  utilities.UtilityCustomFunctions - Actual:RelatedModuleText
18:43:37.435 [main] INFO  utilities.UtilityCustomFunctions - Expected:RelatedModuleText
18:43:37.435 [main] INFO  utilities.UtilityCustomFunctions - Message:Related Module Text - Summary View Page:  Add New Data Validation
18:43:39.476 [main] INFO  utilities.UtilityCustomFunctions - Summary View Set ON
18:43:48.760 [main] INFO  utilities.UtilityCustomFunctions - Actual:Rsoft IT
18:43:48.760 [main] INFO  utilities.UtilityCustomFunctions - Expected:Rsoft IT
18:43:48.760 [main] INFO  utilities.UtilityCustomFunctions - Message:AssignedTo - Detail View Page:   Add New Data Validation
18:43:50.126 [main] INFO  utilities.UtilityCustomFunctions - sActDTMobileNumber +91
  9087654321
18:43:50.126 [main] INFO  utilities.UtilityCustomFunctions - Actual:+91 9087654321
18:43:50.126 [main] INFO  utilities.UtilityCustomFunctions - Expected:+91 9087654321
18:43:50.126 [main] INFO  utilities.UtilityCustomFunctions - Message:Mobile Number - Detail View Page:   Add New Data Validation
18:43:51.467 [main] INFO  utilities.UtilityCustomFunctions - Actual:NewAdd@gmail.com
18:43:51.468 [main] INFO  utilities.UtilityCustomFunctions - Expected:NewAdd@gmail.com
18:43:51.468 [main] INFO  utilities.UtilityCustomFunctions - Message:Email - Detail View Page: Add New Data Validation
18:43:52.779 [main] INFO  utilities.UtilityCustomFunctions - Actual:NewAddText
18:43:52.779 [main] INFO  utilities.UtilityCustomFunctions - Expected:NewAddText
18:43:52.780 [main] INFO  utilities.UtilityCustomFunctions - Message:Text - Detail View Page:  Add New Data Validation
18:43:54.134 [main] INFO  utilities.UtilityCustomFunctions - Actual:one,two
18:43:54.134 [main] INFO  utilities.UtilityCustomFunctions - Expected:one,two
18:43:54.135 [main] INFO  utilities.UtilityCustomFunctions - Message:MultiCombo - Detail View Page:   Add New Data Validation
18:43:55.444 [main] INFO  utilities.UtilityCustomFunctions - Actual:NewAddTextArea
18:43:55.445 [main] INFO  utilities.UtilityCustomFunctions - Expected:NewAddTextArea
18:43:55.445 [main] INFO  utilities.UtilityCustomFunctions - Message:TextArea - Detail View Page:  Add New Data Validation
18:43:56.796 [main] INFO  utilities.UtilityCustomFunctions - Actual:Yes
18:43:56.796 [main] INFO  utilities.UtilityCustomFunctions - Expected:Yes
18:43:56.796 [main] INFO  utilities.UtilityCustomFunctions - Message:CheckBox - Detail View Page: Add New Data Validation
18:43:58.107 [main] INFO  utilities.UtilityCustomFunctions - Actual:05-20-2024
18:43:58.107 [main] INFO  utilities.UtilityCustomFunctions - Expected:05-20-2024
18:43:58.108 [main] INFO  utilities.UtilityCustomFunctions - Message:Date - Detail View Page: Add New Data Validation
18:43:59.470 [main] INFO  utilities.UtilityCustomFunctions - Actual:1
18:43:59.470 [main] INFO  utilities.UtilityCustomFunctions - Expected:1
18:43:59.470 [main] INFO  utilities.UtilityCustomFunctions - Message:PickList - Detail View Page:   Add New Data Validation
18:44:00.990 [main] INFO  utilities.UtilityCustomFunctions - Actual:annie-spratt
18:44:00.990 [main] INFO  utilities.UtilityCustomFunctions - Expected:annie-spratt
18:44:00.990 [main] INFO  utilities.UtilityCustomFunctions - Message:File Upload - Detail View Page:   Add New Data Validation
18:44:02.305 [main] INFO  utilities.UtilityCustomFunctions - Actual:05-23-2024 05:00:00 PM
18:44:02.306 [main] INFO  utilities.UtilityCustomFunctions - Expected:05-23-2024 05:00:00 PM
18:44:02.306 [main] INFO  utilities.UtilityCustomFunctions - Message:Date & Time - Detail View Page: Add New Data Validation
18:44:03.659 [main] INFO  utilities.UtilityCustomFunctions - Actual:02:35:55 PM
18:44:03.659 [main] INFO  utilities.UtilityCustomFunctions - Expected:02:35:55 PM
18:44:03.659 [main] INFO  utilities.UtilityCustomFunctions - Message:Time - Detail View Page:    Add New Data Validation
18:44:04.984 [main] INFO  utilities.UtilityCustomFunctions - ActualNameDT: Mr. NewAddName ExpectedNameDT: Mr. NewAddName
18:44:04.984 [main] INFO  utilities.UtilityCustomFunctions - Actual:Mr. NewAddName
18:44:04.984 [main] INFO  utilities.UtilityCustomFunctions - Expected:Mr. NewAddName
18:44:04.984 [main] INFO  utilities.UtilityCustomFunctions - Message:Name - Detail View Page:  Add New Data Validation
18:44:06.333 [main] INFO  utilities.UtilityCustomFunctions - Actual:1111111111
18:44:06.333 [main] INFO  utilities.UtilityCustomFunctions - Expected:1111111111
18:44:06.334 [main] INFO  utilities.UtilityCustomFunctions - Message:Number - Detail View Page:  Add New Data Validation
18:44:07.679 [main] INFO  utilities.UtilityCustomFunctions - Actual:1,000
18:44:07.679 [main] INFO  utilities.UtilityCustomFunctions - Expected:1,000
18:44:07.679 [main] INFO  utilities.UtilityCustomFunctions - Message:Currency - Detail View Page:  Add New Data Validation
18:44:08.976 [main] INFO  utilities.UtilityCustomFunctions - Actual:http://www.google.com/
18:44:08.977 [main] INFO  utilities.UtilityCustomFunctions - Expected:http://www.google.com/
18:44:08.977 [main] INFO  utilities.UtilityCustomFunctions - Message:URL - Detail View Page:  Add New Data Validation
18:44:13.441 [main] INFO  utilities.UtilityCustomFunctions - Actual:Ariyalur
18:44:13.441 [main] INFO  utilities.UtilityCustomFunctions - Expected:Ariyalur
18:44:13.441 [main] INFO  utilities.UtilityCustomFunctions - Message:City - Detail View Page:   Add New Data Validation
18:44:14.845 [main] INFO  utilities.UtilityCustomFunctions - Actual:Tamilnadu
18:44:14.845 [main] INFO  utilities.UtilityCustomFunctions - Expected:Tamilnadu
18:44:14.845 [main] INFO  utilities.UtilityCustomFunctions - Message:State - Detail View Page:   Add New Data Validation
18:44:16.186 [main] INFO  utilities.UtilityCustomFunctions - Actual:India
18:44:16.186 [main] INFO  utilities.UtilityCustomFunctions - Expected:India
18:44:16.186 [main] INFO  utilities.UtilityCustomFunctions - Message:Country - Detail View Page:  Add New Data Validation
18:44:17.509 [main] INFO  utilities.UtilityCustomFunctions - Actual:RelatedModuleText
18:44:17.509 [main] INFO  utilities.UtilityCustomFunctions - Expected:RelatedModuleText
18:44:17.509 [main] INFO  utilities.UtilityCustomFunctions - Message:Related Module Text - Detail View Page:  Add New Data Validation
18:44:28.334 [main] INFO  utilities.UtilityCustomFunctions - testing entered in  input
18:44:28.774 [main] INFO  utilities.UtilityCustomFunctions - dCr2KGiHBrC2!@ entered in  input
18:44:57.788 [main] INFO  testCases.ExecuteTask.Notification.TC019_NT_ET_ETRS_CTAfterMinutes - [PRIMARY (DESC)] is selected in List
18:45:02.798 [main] INFO  utilities.UtilityCustomFunctions - Entity Id Searched: 125062
18:45:07.163 [main] INFO  utilities.UtilityCustomFunctions - Entity Id Searched: 125062
18:45:07.188 [main] INFO  utilities.UtilityCustomFunctions - After WebTable Rows Retrieved
18:45:07.189 [main] INFO  utilities.UtilityCustomFunctions - DB List Count:1
18:45:07.702 [main] INFO  utilities.UtilityCustomFunctions - Within WebTable Rows Loop0
18:45:08.821 [main] INFO  utilities.UtilityCustomFunctions - 125062 Etnotification 2024-05-20 13:12:46 NULL
18:45:12.109 [main] INFO  utilities.UtilityCustomFunctions - CT&MT after new record Add2024-05-20 13:12:46,0
18:45:12.110 [main] INFO  utilities.UtilityCustomFunctions - After new  Record: 2024-05-20 13:12:46  0
18:45:13.001 [main] INFO  utilities.UtilityCustomFunctions - testing entered in  input
18:45:13.411 [main] INFO  utilities.UtilityCustomFunctions - dCr2KGiHBrC2!@ entered in  input
18:45:50.250 [main] INFO  utilities.UtilityCustomFunctions - No EndPage Link
18:45:55.738 [main] INFO  testCases.ExecuteTask.Notification.TC019_NT_ET_ETRS_CTAfterMinutes - [PRIMARY (DESC)] is selected in List
18:46:00.744 [main] INFO  utilities.UtilityCustomFunctions - Entity Id Searched: 125062
18:46:05.097 [main] INFO  utilities.UtilityCustomFunctions - Entity Id Searched: 125062
18:46:05.165 [main] INFO  utilities.UtilityCustomFunctions - After WebTable Rows Retrieved
18:46:05.166 [main] INFO  utilities.UtilityCustomFunctions - DB List Count:1
18:46:05.690 [main] INFO  utilities.UtilityCustomFunctions - Within WebTable Rows Loop0
18:46:05.774 [main] INFO  utilities.UtilityCustomFunctions - DB List Count Row: 0 125062
18:46:05.774 [main] INFO  utilities.UtilityCustomFunctions - Within If when Entity Id Matches0
18:46:05.799 [main] INFO  utilities.UtilityCustomFunctions - Taask Id:364
18:46:05.825 [main] INFO  utilities.UtilityCustomFunctions - Module Name:Etnotification
18:46:05.855 [main] INFO  utilities.UtilityCustomFunctions - Schedule Type:0
18:46:05.880 [main] INFO  utilities.UtilityCustomFunctions - Schedule Type Name:
18:46:05.904 [main] INFO  utilities.UtilityCustomFunctions - Actual Execution Time: 2024-05-20 14:02:46
18:46:05.931 [main] INFO  utilities.UtilityCustomFunctions - Actual Send Type: Send notification
18:46:05.963 [main] INFO  utilities.UtilityCustomFunctions - Actual Creation Time: 2024-05-20 13:12:48
18:46:07.299 [main] INFO  utilities.UtilityCustomFunctions - Created Time Failed: Add New Record Actual Created Time: 2024-05-20 13:12:48 Expected Created Time: 2024-05-20 13:12:46 ExecutionTime:2024-05-20 14:02:46 Send Type: Send notificationModule Name: Etnotification and Task Id:364
18:46:07.329 [main] INFO  utilities.UtilityCustomFunctions - Actual Creation Time: Mon May 20 13:12:46 IST 2024Actual Execution Time: Mon May 20 14:02:46 IST 2024
18:46:07.330 [main] INFO  utilities.UtilityCustomFunctions - Within Date Diff Validation
18:46:08.652 [main] INFO  utilities.UtilityCustomFunctions - Add New Record Failed: Actual EntityId: 125062 ScheduleName:  Actual Created Time: 2024-05-20 13:12:48Expected Created Time: 2024-05-20 13:12:46 ExecutionTime:2024-05-20 14:02:46 Difference In Minutes:= 50 Send Type: Send notification Module Name: Etnotification and Task Id: 364
18:46:08.652 [main] INFO  utilities.UtilityCustomFunctions - sReturnValue: After AddNewtrue:364
18:46:08.652 [main] INFO  utilities.UtilityCustomFunctions - Entity Status: true Current Task Id: 364And Entity Id: 125062
18:46:14.576 [main] INFO  utilities.UtilityCustomFunctions - PRIYAN entered in  input
18:46:16.095 [main] INFO  utilities.UtilityCustomFunctions - rsoft entered in  input
18:46:17.603 [main] INFO  utilities.UtilityCustomFunctions - RSoft!@345 entered in  input
18:46:46.506 [main] INFO  utilities.UtilityCustomFunctions - Excel file Utility instance created
18:46:46.580 [main] INFO  utilities.UtilityCustomFunctions - Row Count to Add Values: 1
18:46:46.632 [main] INFO  utilities.UtilityCustomFunctions - Col Count is: 33
18:46:46.632 [main] INFO  utilities.UtilityCustomFunctions - Extracting DataSheet Values started...
18:46:47.344 [main] INFO  utilities.UtilityCustomFunctions - Before Adding Module data
18:46:50.557 [main] INFO  utilities.UtilityCustomFunctions - Assinged To Drop Down clicked
18:46:55.886 [main] INFO  testCases.ExecuteTask.Notification.TC019_NT_ET_ETRS_CTAfterMinutes - [Rsoft IT] is selected in List
18:46:56.078 [main] INFO  utilities.UtilityCustomFunctions - Phone NUmber prefix clicked :  
18:46:59.413 [main] INFO  testCases.ExecuteTask.Notification.TC019_NT_ET_ETRS_CTAfterMinutes - [+91] is selected in List
18:46:59.414 [main] INFO  utilities.UtilityCustomFunctions - Phone NUmber selected is :  1234567890
18:47:01.059 [main] INFO  utilities.UtilityCustomFunctions - 1234567890 entered in  input
18:47:04.692 [main] INFO  utilities.UtilityCustomFunctions - SummaryAdd@gmail.com entered in  input
18:47:05.709 [main] INFO  utilities.UtilityCustomFunctions - Email Added is: SummaryAdd@gmail.com
18:47:07.167 [main] INFO  utilities.UtilityCustomFunctions - SummaryAddText entered in  input
18:47:07.191 [main] INFO  utilities.UtilityCustomFunctions - Text Value added is::  SummaryAddText
18:47:29.519 [main] INFO  utilities.UtilityCustomFunctions - MultiCombo box values: three,four
18:47:32.125 [main] INFO  utilities.UtilityCustomFunctions - SummaryAddTextArea entered in  textarea
18:47:34.194 [main] INFO  utilities.UtilityCustomFunctions - check box value: ON
18:47:34.305 [main] INFO  utilities.UtilityCustomFunctions - Checkbox clicked
18:47:34.434 [main] INFO  utilities.UtilityCustomFunctions - DateBox clicked
18:47:37.498 [main] INFO  utilities.UtilityCustomFunctions - Current Month:May
18:47:41.652 [main] INFO  utilities.UtilityCustomFunctions - Current Month:May
18:47:50.190 [main] INFO  utilities.UtilityCustomFunctions - Year to be selected is:2024
18:47:55.753 [main] INFO  utilities.UtilityCustomFunctions - (//td[contains(@class,'today')])[1]
18:47:58.946 [main] INFO  utilities.UtilityCustomFunctions - Today Date Selected
18:48:01.121 [main] INFO  utilities.UtilityCustomFunctions - Picklist clicked
18:48:02.290 [main] INFO  utilities.UtilityCustomFunctions - Picklist selected: 1
18:48:09.716 [main] INFO  utilities.UtilityCustomFunctions - Date & Time Clicked
18:48:14.789 [main] INFO  utilities.UtilityCustomFunctions - Current Month:May
18:48:18.969 [main] INFO  utilities.UtilityCustomFunctions - Current Month:May
18:48:27.588 [main] INFO  utilities.UtilityCustomFunctions - Year to be selected is:2024
18:48:37.286 [main] INFO  testCases.ExecuteTask.Notification.TC019_NT_ET_ETRS_CTAfterMinutes - [5] is selected in List
18:48:40.766 [main] INFO  testCases.ExecuteTask.Notification.TC019_NT_ET_ETRS_CTAfterMinutes - [00] is selected in List
18:48:44.171 [main] INFO  testCases.ExecuteTask.Notification.TC019_NT_ET_ETRS_CTAfterMinutes - [00] is selected in List
18:48:47.558 [main] INFO  testCases.ExecuteTask.Notification.TC019_NT_ET_ETRS_CTAfterMinutes - [PM] is selected in List
18:48:49.560 [main] INFO  utilities.UtilityCustomFunctions - Clicked Current Date in Date&Time
18:48:49.745 [main] INFO  utilities.UtilityCustomFunctions - Date & Time Selected
18:48:50.991 [main] INFO  utilities.UtilityCustomFunctions - Time Clicked
18:48:53.998 [main] INFO  utilities.UtilityCustomFunctions - Hours://div[@class='popover-content']//div[@class='clockpicker-tick' and text()='2']
18:49:04.565 [main] INFO  utilities.UtilityCustomFunctions - Time Selected is: 02:35 PM
18:49:05.721 [main] INFO  utilities.UtilityCustomFunctions - Actual Date Selected :05-20-2024
18:49:09.530 [main] INFO  testCases.ExecuteTask.Notification.TC019_NT_ET_ETRS_CTAfterMinutes - [Mr.] is selected in List
18:49:11.088 [main] INFO  utilities.UtilityCustomFunctions - SummaryAddName entered in  input
18:49:12.576 [main] INFO  utilities.UtilityCustomFunctions - 2323232323 entered in  input
18:49:13.919 [main] INFO  utilities.UtilityCustomFunctions - 1,000 entered in  input
18:49:15.569 [main] INFO  utilities.UtilityCustomFunctions - http://www.mvnrepository.com/ entered in  input
18:49:16.818 [main] INFO  utilities.UtilityCustomFunctions - City Drop Down clicked
18:49:20.137 [main] INFO  testCases.ExecuteTask.Notification.TC019_NT_ET_ETRS_CTAfterMinutes - [Chennai] is selected in List
18:49:20.137 [main] INFO  utilities.UtilityCustomFunctions - City Selected: Chennai
18:49:21.251 [main] INFO  utilities.UtilityCustomFunctions - State Drop Down clicked
18:49:24.931 [main] INFO  testCases.ExecuteTask.Notification.TC019_NT_ET_ETRS_CTAfterMinutes - [Tamilnadu] is selected in List
18:49:24.932 [main] INFO  utilities.UtilityCustomFunctions - State Selected: Tamilnadu
18:49:26.073 [main] INFO  utilities.UtilityCustomFunctions - Country List clicked
18:49:29.336 [main] INFO  testCases.ExecuteTask.Notification.TC019_NT_ET_ETRS_CTAfterMinutes - [India] is selected in List
18:49:29.336 [main] INFO  utilities.UtilityCustomFunctions - Country Selected: India
18:49:46.207 [main] INFO  utilities.UtilityCustomFunctions - RelatedModuleText entered in  input
18:49:46.228 [main] INFO  utilities.UtilityCustomFunctions - Search Button clicked in Related Module Window
18:49:49.839 [main] INFO  utilities.UtilityCustomFunctions - Button Search
18:49:52.944 [main] INFO  utilities.UtilityCustomFunctions - table row Count:1
18:50:01.642 [main] INFO  utilities.UtilityCustomFunctions - Related Module Value Selected
18:50:14.545 [main] INFO  utilities.UtilityCustomFunctions - Header Toggle Already ON
18:50:23.266 [main] INFO  utilities.UtilityCustomFunctions - New Record added in: ETNotification
18:50:23.271 [main] INFO  utilities.UtilityCustomFunctions - Excel file Utility instance created
18:50:23.329 [main] INFO  utilities.UtilityCustomFunctions - Row Count to Add Values: 1
18:50:23.360 [main] INFO  utilities.UtilityCustomFunctions - Col Count is: 33
18:50:23.360 [main] INFO  utilities.UtilityCustomFunctions - Extracting DataSheet Values started...
18:50:23.837 [main] INFO  utilities.UtilityCustomFunctions - Before Verify Detail Summary Module data
18:50:29.933 [main] INFO  utilities.UtilityCustomFunctions - Header Toggle Already ON
18:50:29.967 [main] INFO  utilities.UtilityCustomFunctions - Summary View Already OFF
18:50:30.324 [main] INFO  utilities.UtilityCustomFunctions - Actual:ETNotification
18:50:30.325 [main] INFO  utilities.UtilityCustomFunctions - Expected:ETNotification
18:50:30.325 [main] INFO  utilities.UtilityCustomFunctions - Message:Module Name in SummaryDetail View Page
18:50:36.929 [main] INFO  utilities.UtilityCustomFunctions - sAssign1:RsoftsAssign2:IT
18:50:36.930 [main] INFO  utilities.UtilityCustomFunctions - Get Text:
18:50:37.253 [main] INFO  utilities.UtilityCustomFunctions - Actual:Rsoft IT
18:50:37.253 [main] INFO  utilities.UtilityCustomFunctions - Expected:Rsoft IT
18:50:37.253 [main] INFO  utilities.UtilityCustomFunctions - Message:Assigned To-Summary Title
18:50:38.506 [main] INFO  utilities.UtilityCustomFunctions - Actual:+91 1234567890
18:50:38.506 [main] INFO  utilities.UtilityCustomFunctions - Expected:+91 1234567890
18:50:38.506 [main] INFO  utilities.UtilityCustomFunctions - Message:Phone Number - Summary Title
18:50:39.775 [main] INFO  utilities.UtilityCustomFunctions - Actual:SummaryAdd@gmail.com
18:50:39.775 [main] INFO  utilities.UtilityCustomFunctions - Expected:SummaryAdd@gmail.com
18:50:39.775 [main] INFO  utilities.UtilityCustomFunctions - Message:Email - Summary Title
18:50:41.190 [main] INFO  utilities.UtilityCustomFunctions - Actual:Rsoft IT
18:50:41.190 [main] INFO  utilities.UtilityCustomFunctions - Expected:Rsoft IT
18:50:41.190 [main] INFO  utilities.UtilityCustomFunctions - Message:Assigned To - Summary View Page : 
18:50:42.546 [main] INFO  utilities.UtilityCustomFunctions - Actual:+91 1234567890
18:50:42.547 [main] INFO  utilities.UtilityCustomFunctions - Expected:+91 1234567890
18:50:42.547 [main] INFO  utilities.UtilityCustomFunctions - Message:Mobile Number - Summary View Page : Summary Page Add New
18:50:43.866 [main] INFO  utilities.UtilityCustomFunctions - Actual:SummaryAdd@gmail.com
18:50:43.866 [main] INFO  utilities.UtilityCustomFunctions - Expected:SummaryAdd@gmail.com
18:50:43.867 [main] INFO  utilities.UtilityCustomFunctions - Message:Email - Summary View Page: Summary Page Add New
18:50:45.202 [main] INFO  utilities.UtilityCustomFunctions - Actual:SummaryAddText
18:50:45.202 [main] INFO  utilities.UtilityCustomFunctions - Expected:SummaryAddText
18:50:45.203 [main] INFO  utilities.UtilityCustomFunctions - Message:Text - Summary View Page:Summary Page Add New
18:50:46.533 [main] INFO  utilities.UtilityCustomFunctions - Actual:three,four
18:50:46.533 [main] INFO  utilities.UtilityCustomFunctions - Expected:three,four
18:50:46.533 [main] INFO  utilities.UtilityCustomFunctions - Message:MultiComboValues - Summary View Page:  Summary Page Add New
18:50:47.869 [main] INFO  utilities.UtilityCustomFunctions - Actual:SummaryAddTextArea
18:50:47.869 [main] INFO  utilities.UtilityCustomFunctions - Expected:SummaryAddTextArea
18:50:47.869 [main] INFO  utilities.UtilityCustomFunctions - Message:Text Area - Summary View Page:  Summary Page Add New
18:50:49.240 [main] INFO  utilities.UtilityCustomFunctions - Actual:Yes
18:50:49.240 [main] INFO  utilities.UtilityCustomFunctions - Expected:Yes
18:50:49.240 [main] INFO  utilities.UtilityCustomFunctions - Message:CheckBox - Summary View Page:   Summary Page Add New
18:50:50.592 [main] INFO  utilities.UtilityCustomFunctions - Actual:05-20-2024
18:50:50.592 [main] INFO  utilities.UtilityCustomFunctions - Expected:05-20-2024
18:50:50.592 [main] INFO  utilities.UtilityCustomFunctions - Message:Date - Summary View Page:  Summary Page Add New
18:50:51.988 [main] INFO  utilities.UtilityCustomFunctions - Actual:1
18:50:51.988 [main] INFO  utilities.UtilityCustomFunctions - Expected:1
18:50:51.988 [main] INFO  utilities.UtilityCustomFunctions - Message:PickList - Summary View Page:  Summary Page Add New
18:50:53.531 [main] INFO  utilities.UtilityCustomFunctions - Actual:annie-spratt
18:50:53.532 [main] INFO  utilities.UtilityCustomFunctions - Expected:annie-spratt
18:50:53.532 [main] INFO  utilities.UtilityCustomFunctions - Message:File Upload - Summary View Page: Summary Page Add New
18:50:54.867 [main] INFO  utilities.UtilityCustomFunctions - Actual:05-23-2024 05:00:00 PM
18:50:54.867 [main] INFO  utilities.UtilityCustomFunctions - Expected:05-23-2024 05:00:00 PM
18:50:54.867 [main] INFO  utilities.UtilityCustomFunctions - Message:Date & Time - Summary View Page:   Summary Page Add New
18:50:56.229 [main] INFO  utilities.UtilityCustomFunctions - Actual:02:35:55 PM
18:50:56.230 [main] INFO  utilities.UtilityCustomFunctions - Expected:02:35:55 PM
18:50:56.230 [main] INFO  utilities.UtilityCustomFunctions - Message:Time - Summary View Page:   Summary Page Add New
18:50:57.586 [main] INFO  utilities.UtilityCustomFunctions - Actual:
18:50:57.586 [main] INFO  utilities.UtilityCustomFunctions - Expected:Mr. SummaryAddName
18:50:57.586 [main] INFO  utilities.UtilityCustomFunctions - Message:Name - Summary View Page:   Summary Page Add New
18:50:57.683 [main] INFO  utilities.UtilityCustomFunctions - Actual:2323232323
18:50:57.683 [main] INFO  utilities.UtilityCustomFunctions - Expected:2323232323
18:50:57.683 [main] INFO  utilities.UtilityCustomFunctions - Message:Number - Summary View Page:   Summary Page Add New
18:50:59.025 [main] INFO  utilities.UtilityCustomFunctions - Actual:1,000
18:50:59.025 [main] INFO  utilities.UtilityCustomFunctions - Expected:1,000
18:50:59.025 [main] INFO  utilities.UtilityCustomFunctions - Message:Currency - Summary View Page:   Summary Page Add New
18:51:00.280 [main] INFO  utilities.UtilityCustomFunctions - Actual:http://www.mvnrepository.com/
18:51:00.280 [main] INFO  utilities.UtilityCustomFunctions - Expected:http://www.mvnrepository.com/
18:51:00.280 [main] INFO  utilities.UtilityCustomFunctions - Message:URL - Summary View Page:  Summary Page Add New
18:51:01.628 [main] INFO  utilities.UtilityCustomFunctions - Actual:
18:51:01.628 [main] INFO  utilities.UtilityCustomFunctions - Expected:Chennai
18:51:01.628 [main] INFO  utilities.UtilityCustomFunctions - Message:City - Summary View Page: Summary Page Add New
18:51:01.740 [main] INFO  utilities.UtilityCustomFunctions - Actual:Tamilnadu
18:51:01.740 [main] INFO  utilities.UtilityCustomFunctions - Expected:Tamilnadu
18:51:01.740 [main] INFO  utilities.UtilityCustomFunctions - Message:State - Summary View Page:Summary Page Add New
18:51:03.092 [main] INFO  utilities.UtilityCustomFunctions - Actual:India
18:51:03.092 [main] INFO  utilities.UtilityCustomFunctions - Expected:India
18:51:03.092 [main] INFO  utilities.UtilityCustomFunctions - Message:Country - Summary View Page:  Summary Page Add New
18:51:04.407 [main] INFO  utilities.UtilityCustomFunctions - Actual:RelatedModuleText
18:51:04.408 [main] INFO  utilities.UtilityCustomFunctions - Expected:RelatedModuleText
18:51:04.408 [main] INFO  utilities.UtilityCustomFunctions - Message:Related Module Text - Summary View Page:  Summary Page Add New
18:51:06.463 [main] INFO  utilities.UtilityCustomFunctions - Summary View Set ON
18:51:15.843 [main] INFO  utilities.UtilityCustomFunctions - Actual:Rsoft IT
18:51:15.843 [main] INFO  utilities.UtilityCustomFunctions - Expected:Rsoft IT
18:51:15.843 [main] INFO  utilities.UtilityCustomFunctions - Message:AssignedTo - Detail View Page:   Summary Page Add New
18:51:17.165 [main] INFO  utilities.UtilityCustomFunctions - sActDTMobileNumber +91
  1234567890
18:51:17.165 [main] INFO  utilities.UtilityCustomFunctions - Actual:+91 1234567890
18:51:17.165 [main] INFO  utilities.UtilityCustomFunctions - Expected:+91 1234567890
18:51:17.165 [main] INFO  utilities.UtilityCustomFunctions - Message:Mobile Number - Detail View Page:   Summary Page Add New
18:51:18.521 [main] INFO  utilities.UtilityCustomFunctions - Actual:SummaryAdd@gmail.com
18:51:18.521 [main] INFO  utilities.UtilityCustomFunctions - Expected:SummaryAdd@gmail.com
18:51:18.521 [main] INFO  utilities.UtilityCustomFunctions - Message:Email - Detail View Page: Summary Page Add New
18:51:19.853 [main] INFO  utilities.UtilityCustomFunctions - Actual:SummaryAddText
18:51:19.853 [main] INFO  utilities.UtilityCustomFunctions - Expected:SummaryAddText
18:51:19.853 [main] INFO  utilities.UtilityCustomFunctions - Message:Text - Detail View Page:  Summary Page Add New
18:51:21.202 [main] INFO  utilities.UtilityCustomFunctions - Actual:three,four
18:51:21.202 [main] INFO  utilities.UtilityCustomFunctions - Expected:three,four
18:51:21.202 [main] INFO  utilities.UtilityCustomFunctions - Message:MultiCombo - Detail View Page:   Summary Page Add New
18:51:22.599 [main] INFO  utilities.UtilityCustomFunctions - Actual:SummaryAddTextArea
18:51:22.599 [main] INFO  utilities.UtilityCustomFunctions - Expected:SummaryAddTextArea
18:51:22.599 [main] INFO  utilities.UtilityCustomFunctions - Message:TextArea - Detail View Page:  Summary Page Add New
18:51:23.954 [main] INFO  utilities.UtilityCustomFunctions - Actual:Yes
18:51:23.954 [main] INFO  utilities.UtilityCustomFunctions - Expected:Yes
18:51:23.954 [main] INFO  utilities.UtilityCustomFunctions - Message:CheckBox - Detail View Page: Summary Page Add New
18:51:25.299 [main] INFO  utilities.UtilityCustomFunctions - Actual:05-20-2024
18:51:25.299 [main] INFO  utilities.UtilityCustomFunctions - Expected:05-20-2024
18:51:25.299 [main] INFO  utilities.UtilityCustomFunctions - Message:Date - Detail View Page: Summary Page Add New
18:51:26.632 [main] INFO  utilities.UtilityCustomFunctions - Actual:1
18:51:26.632 [main] INFO  utilities.UtilityCustomFunctions - Expected:1
18:51:26.632 [main] INFO  utilities.UtilityCustomFunctions - Message:PickList - Detail View Page:   Summary Page Add New
18:51:28.138 [main] INFO  utilities.UtilityCustomFunctions - Actual:annie-spratt
18:51:28.138 [main] INFO  utilities.UtilityCustomFunctions - Expected:annie-spratt
18:51:28.138 [main] INFO  utilities.UtilityCustomFunctions - Message:File Upload - Detail View Page:   Summary Page Add New
18:51:29.475 [main] INFO  utilities.UtilityCustomFunctions - Actual:05-23-2024 05:00:00 PM
18:51:29.476 [main] INFO  utilities.UtilityCustomFunctions - Expected:05-23-2024 05:00:00 PM
18:51:29.476 [main] INFO  utilities.UtilityCustomFunctions - Message:Date & Time - Detail View Page: Summary Page Add New
18:51:30.796 [main] INFO  utilities.UtilityCustomFunctions - Actual:02:35:55 PM
18:51:30.796 [main] INFO  utilities.UtilityCustomFunctions - Expected:02:35:55 PM
18:51:30.796 [main] INFO  utilities.UtilityCustomFunctions - Message:Time - Detail View Page:    Summary Page Add New
18:51:32.167 [main] INFO  utilities.UtilityCustomFunctions - ActualNameDT: Mr. SummaryAddName ExpectedNameDT: Mr. SummaryAddName
18:51:32.167 [main] INFO  utilities.UtilityCustomFunctions - Actual:Mr. SummaryAddName
18:51:32.168 [main] INFO  utilities.UtilityCustomFunctions - Expected:Mr. SummaryAddName
18:51:32.168 [main] INFO  utilities.UtilityCustomFunctions - Message:Name - Detail View Page:  Summary Page Add New
18:51:33.534 [main] INFO  utilities.UtilityCustomFunctions - Actual:2323232323
18:51:33.535 [main] INFO  utilities.UtilityCustomFunctions - Expected:2323232323
18:51:33.535 [main] INFO  utilities.UtilityCustomFunctions - Message:Number - Detail View Page:  Summary Page Add New
18:51:34.845 [main] INFO  utilities.UtilityCustomFunctions - Actual:1,000
18:51:34.845 [main] INFO  utilities.UtilityCustomFunctions - Expected:1,000
18:51:34.845 [main] INFO  utilities.UtilityCustomFunctions - Message:Currency - Detail View Page:  Summary Page Add New
18:51:36.111 [main] INFO  utilities.UtilityCustomFunctions - Actual:http://www.mvnrepository.com/
18:51:36.111 [main] INFO  utilities.UtilityCustomFunctions - Expected:http://www.mvnrepository.com/
18:51:36.111 [main] INFO  utilities.UtilityCustomFunctions - Message:URL - Detail View Page:  Summary Page Add New
18:51:40.423 [main] INFO  utilities.UtilityCustomFunctions - Actual:Chennai
18:51:40.423 [main] INFO  utilities.UtilityCustomFunctions - Expected:Chennai
18:51:40.423 [main] INFO  utilities.UtilityCustomFunctions - Message:City - Detail View Page:   Summary Page Add New
18:51:41.875 [main] INFO  utilities.UtilityCustomFunctions - Actual:Tamilnadu
18:51:41.875 [main] INFO  utilities.UtilityCustomFunctions - Expected:Tamilnadu
18:51:41.875 [main] INFO  utilities.UtilityCustomFunctions - Message:State - Detail View Page:   Summary Page Add New
18:51:43.203 [main] INFO  utilities.UtilityCustomFunctions - Actual:India
18:51:43.203 [main] INFO  utilities.UtilityCustomFunctions - Expected:India
18:51:43.203 [main] INFO  utilities.UtilityCustomFunctions - Message:Country - Detail View Page:  Summary Page Add New
18:51:44.544 [main] INFO  utilities.UtilityCustomFunctions - Actual:RelatedModuleText
18:51:44.545 [main] INFO  utilities.UtilityCustomFunctions - Expected:RelatedModuleText
18:51:44.545 [main] INFO  utilities.UtilityCustomFunctions - Message:Related Module Text - Detail View Page:  Summary Page Add New
18:51:59.716 [main] INFO  utilities.UtilityCustomFunctions - Record Id after summary add:125073
18:52:00.779 [main] INFO  utilities.UtilityCustomFunctions - testing entered in  input
18:52:01.196 [main] INFO  utilities.UtilityCustomFunctions - dCr2KGiHBrC2!@ entered in  input
18:52:29.768 [main] INFO  testCases.ExecuteTask.Notification.TC019_NT_ET_ETRS_CTAfterMinutes - [PRIMARY (DESC)] is selected in List
18:52:34.784 [main] INFO  utilities.UtilityCustomFunctions - Entity Id Searched: 125073
18:52:39.151 [main] INFO  utilities.UtilityCustomFunctions - Entity Id Searched: 125073
18:52:39.201 [main] INFO  utilities.UtilityCustomFunctions - After WebTable Rows Retrieved
18:52:39.201 [main] INFO  utilities.UtilityCustomFunctions - DB List Count:1
18:52:39.722 [main] INFO  utilities.UtilityCustomFunctions - Within WebTable Rows Loop0
18:52:40.866 [main] INFO  utilities.UtilityCustomFunctions - 125073 Etnotification 2024-05-20 13:20:06 NULL
18:52:44.155 [main] INFO  utilities.UtilityCustomFunctions - CT&MT after summary Add2024-05-20 13:20:06,0
18:52:44.155 [main] INFO  utilities.UtilityCustomFunctions - After Summary Add2024-05-20 13:20:06  0 RecordId:125073
18:52:45.009 [main] INFO  utilities.UtilityCustomFunctions - testing entered in  input
18:52:45.417 [main] INFO  utilities.UtilityCustomFunctions - dCr2KGiHBrC2!@ entered in  input
18:53:22.333 [main] INFO  utilities.UtilityCustomFunctions - No EndPage Link
18:53:27.819 [main] INFO  testCases.ExecuteTask.Notification.TC019_NT_ET_ETRS_CTAfterMinutes - [PRIMARY (DESC)] is selected in List
18:53:32.827 [main] INFO  utilities.UtilityCustomFunctions - Entity Id Searched: 125073
18:53:37.178 [main] INFO  utilities.UtilityCustomFunctions - Entity Id Searched: 125073
18:53:37.237 [main] INFO  utilities.UtilityCustomFunctions - After WebTable Rows Retrieved
18:53:37.237 [main] INFO  utilities.UtilityCustomFunctions - DB List Count:1
18:53:37.770 [main] INFO  utilities.UtilityCustomFunctions - Within WebTable Rows Loop0
18:53:37.831 [main] INFO  utilities.UtilityCustomFunctions - DB List Count Row: 0 125073
18:53:37.831 [main] INFO  utilities.UtilityCustomFunctions - Within If when Entity Id Matches0
18:53:37.859 [main] INFO  utilities.UtilityCustomFunctions - Taask Id:365
18:53:37.883 [main] INFO  utilities.UtilityCustomFunctions - Module Name:Etnotification
18:53:37.904 [main] INFO  utilities.UtilityCustomFunctions - Schedule Type:0
18:53:37.927 [main] INFO  utilities.UtilityCustomFunctions - Schedule Type Name:
18:53:37.949 [main] INFO  utilities.UtilityCustomFunctions - Actual Execution Time: 2024-05-20 14:10:06
18:53:37.979 [main] INFO  utilities.UtilityCustomFunctions - Actual Send Type: Send notification
18:53:38.011 [main] INFO  utilities.UtilityCustomFunctions - Actual Creation Time: 2024-05-20 13:20:08
18:53:39.329 [main] INFO  utilities.UtilityCustomFunctions - Created Time Failed: Summary New Record Actual Created Time: 2024-05-20 13:20:08 Expected Created Time: 2024-05-20 13:20:06 ExecutionTime:2024-05-20 14:10:06 Send Type: Send notificationModule Name: Etnotification and Task Id:365
18:53:39.329 [main] INFO  utilities.UtilityCustomFunctions - Actual Creation Time: Mon May 20 13:20:06 IST 2024Actual Execution Time: Mon May 20 14:10:06 IST 2024
18:53:39.330 [main] INFO  utilities.UtilityCustomFunctions - Within Date Diff Validation
18:53:40.682 [main] INFO  utilities.UtilityCustomFunctions - Summary New Record Failed: Actual EntityId: 125073 ScheduleName:  Actual Created Time: 2024-05-20 13:20:08Expected Created Time: 2024-05-20 13:20:06 ExecutionTime:2024-05-20 14:10:06 Difference In Minutes:= 50 Send Type: Send notification Module Name: Etnotification and Task Id: 365
18:53:40.682 [main] INFO  utilities.UtilityCustomFunctions - Entity Status: true Current Task Id: 365And Entity Id: 125073
18:53:46.355 [main] INFO  utilities.UtilityCustomFunctions - PRIYAN entered in  input
18:53:47.868 [main] INFO  utilities.UtilityCustomFunctions - rsoft entered in  input
18:53:49.331 [main] INFO  utilities.UtilityCustomFunctions - RSoft!@345 entered in  input
18:54:17.783 [main] INFO  utilities.UtilityCustomFunctions - Excel file Utility instance created
18:54:17.839 [main] INFO  utilities.UtilityCustomFunctions - Row Count to Add Values: 1
18:54:17.927 [main] INFO  utilities.UtilityCustomFunctions - Col Count is: 33
18:54:17.931 [main] INFO  utilities.UtilityCustomFunctions - Extracting DataSheet Values started...
18:54:18.850 [main] INFO  utilities.UtilityCustomFunctions - Before Adding Module data
18:54:22.030 [main] INFO  utilities.UtilityCustomFunctions - Assinged To Drop Down clicked
18:54:27.372 [main] INFO  testCases.ExecuteTask.Notification.TC019_NT_ET_ETRS_CTAfterMinutes - [Rsoft IT] is selected in List
18:54:27.507 [main] INFO  utilities.UtilityCustomFunctions - Phone NUmber prefix clicked :  
18:54:30.875 [main] INFO  testCases.ExecuteTask.Notification.TC019_NT_ET_ETRS_CTAfterMinutes - [+91] is selected in List
18:54:30.876 [main] INFO  utilities.UtilityCustomFunctions - Phone NUmber selected is :  1234567890
18:54:32.482 [main] INFO  utilities.UtilityCustomFunctions - 1234567890 entered in  input
18:54:36.273 [main] INFO  utilities.UtilityCustomFunctions - DuplicateAdd@gmail.com entered in  input
18:54:37.288 [main] INFO  utilities.UtilityCustomFunctions - Email Added is: DuplicateAdd@gmail.com
18:54:38.852 [main] INFO  utilities.UtilityCustomFunctions - DuplicateAddText entered in  input
18:54:38.866 [main] INFO  utilities.UtilityCustomFunctions - Text Value added is::  DuplicateAddText
18:55:09.674 [main] INFO  utilities.UtilityCustomFunctions - MultiCombo box values: four,five
18:55:12.257 [main] INFO  utilities.UtilityCustomFunctions - DuplicateAddTextArea entered in  textarea
18:55:14.337 [main] INFO  utilities.UtilityCustomFunctions - check box value: ON
18:55:14.381 [main] INFO  utilities.UtilityCustomFunctions - Checkbox clicked
18:55:14.557 [main] INFO  utilities.UtilityCustomFunctions - DateBox clicked
18:55:17.624 [main] INFO  utilities.UtilityCustomFunctions - Current Month:May
18:55:21.845 [main] INFO  utilities.UtilityCustomFunctions - Current Month:May
18:55:30.382 [main] INFO  utilities.UtilityCustomFunctions - Year to be selected is:2024
18:55:35.988 [main] INFO  utilities.UtilityCustomFunctions - (//td[contains(@class,'today')])[1]
18:55:39.194 [main] INFO  utilities.UtilityCustomFunctions - Today Date Selected
18:55:41.354 [main] INFO  utilities.UtilityCustomFunctions - Picklist clicked
18:55:42.483 [main] INFO  utilities.UtilityCustomFunctions - Picklist selected: 1
18:55:45.913 [main] INFO  utilities.UtilityCustomFunctions - Date & Time Clicked
18:55:50.978 [main] INFO  utilities.UtilityCustomFunctions - Current Month:May
18:55:55.131 [main] INFO  utilities.UtilityCustomFunctions - Current Month:May
18:56:03.674 [main] INFO  utilities.UtilityCustomFunctions - Year to be selected is:2024
18:56:13.311 [main] INFO  testCases.ExecuteTask.Notification.TC019_NT_ET_ETRS_CTAfterMinutes - [5] is selected in List
18:56:16.694 [main] INFO  testCases.ExecuteTask.Notification.TC019_NT_ET_ETRS_CTAfterMinutes - [00] is selected in List
18:56:20.084 [main] INFO  testCases.ExecuteTask.Notification.TC019_NT_ET_ETRS_CTAfterMinutes - [00] is selected in List
18:56:23.519 [main] INFO  testCases.ExecuteTask.Notification.TC019_NT_ET_ETRS_CTAfterMinutes - [PM] is selected in List
18:56:25.528 [main] INFO  utilities.UtilityCustomFunctions - Clicked Current Date in Date&Time
18:56:25.723 [main] INFO  utilities.UtilityCustomFunctions - Date & Time Selected
18:56:26.900 [main] INFO  utilities.UtilityCustomFunctions - Time Clicked
18:56:29.902 [main] INFO  utilities.UtilityCustomFunctions - Hours://div[@class='popover-content']//div[@class='clockpicker-tick' and text()='2']
18:56:40.399 [main] INFO  utilities.UtilityCustomFunctions - Time Selected is: 02:35 PM
18:56:41.560 [main] INFO  utilities.UtilityCustomFunctions - Actual Date Selected :05-20-2024
18:56:45.273 [main] INFO  testCases.ExecuteTask.Notification.TC019_NT_ET_ETRS_CTAfterMinutes - [Mr.] is selected in List
18:56:46.820 [main] INFO  utilities.UtilityCustomFunctions - DuplicateAddName entered in  input
18:56:48.315 [main] INFO  utilities.UtilityCustomFunctions - 2323232323 entered in  input
18:56:49.773 [main] INFO  utilities.UtilityCustomFunctions - 1,000 entered in  input
18:56:51.551 [main] INFO  utilities.UtilityCustomFunctions - http://www.mvnrepository.com/ entered in  input
18:56:52.714 [main] INFO  utilities.UtilityCustomFunctions - City Drop Down clicked
18:56:56.002 [main] INFO  testCases.ExecuteTask.Notification.TC019_NT_ET_ETRS_CTAfterMinutes - [Chennai] is selected in List
18:56:56.002 [main] INFO  utilities.UtilityCustomFunctions - City Selected: Chennai
18:56:57.139 [main] INFO  utilities.UtilityCustomFunctions - State Drop Down clicked
18:57:00.737 [main] INFO  testCases.ExecuteTask.Notification.TC019_NT_ET_ETRS_CTAfterMinutes - [Tamilnadu] is selected in List
18:57:00.738 [main] INFO  utilities.UtilityCustomFunctions - State Selected: Tamilnadu
18:57:01.898 [main] INFO  utilities.UtilityCustomFunctions - Country List clicked
18:57:05.205 [main] INFO  testCases.ExecuteTask.Notification.TC019_NT_ET_ETRS_CTAfterMinutes - [India] is selected in List
18:57:05.206 [main] INFO  utilities.UtilityCustomFunctions - Country Selected: India
18:57:22.190 [main] INFO  utilities.UtilityCustomFunctions - RelatedModuleText entered in  input
18:57:22.214 [main] INFO  utilities.UtilityCustomFunctions - Search Button clicked in Related Module Window
18:57:26.011 [main] INFO  utilities.UtilityCustomFunctions - Button Search
18:57:29.112 [main] INFO  utilities.UtilityCustomFunctions - table row Count:1
18:57:37.800 [main] INFO  utilities.UtilityCustomFunctions - Related Module Value Selected
18:57:50.367 [main] INFO  utilities.UtilityCustomFunctions - Header Toggle Already ON
18:57:58.788 [main] INFO  utilities.UtilityCustomFunctions - New Record added in: ETNotification
18:57:58.794 [main] INFO  utilities.UtilityCustomFunctions - Excel file Utility instance created
18:57:58.857 [main] INFO  utilities.UtilityCustomFunctions - Row Count to Add Values: 1
18:57:58.879 [main] INFO  utilities.UtilityCustomFunctions - Col Count is: 33
18:57:58.879 [main] INFO  utilities.UtilityCustomFunctions - Extracting DataSheet Values started...
18:57:59.336 [main] INFO  utilities.UtilityCustomFunctions - Before Verify Detail Summary Module data
18:58:05.435 [main] INFO  utilities.UtilityCustomFunctions - Header Toggle Already ON
18:58:05.468 [main] INFO  utilities.UtilityCustomFunctions - Summary View Already OFF
18:58:05.809 [main] INFO  utilities.UtilityCustomFunctions - Actual:ETNotification
18:58:05.809 [main] INFO  utilities.UtilityCustomFunctions - Expected:ETNotification
18:58:05.810 [main] INFO  utilities.UtilityCustomFunctions - Message:Module Name in SummaryDetail View Page
18:58:12.396 [main] INFO  utilities.UtilityCustomFunctions - sAssign1:RsoftsAssign2:IT
18:58:12.396 [main] INFO  utilities.UtilityCustomFunctions - Get Text:
18:58:12.712 [main] INFO  utilities.UtilityCustomFunctions - Actual:Rsoft IT
18:58:12.712 [main] INFO  utilities.UtilityCustomFunctions - Expected:Rsoft IT
18:58:12.712 [main] INFO  utilities.UtilityCustomFunctions - Message:Assigned To-Summary Title
18:58:13.939 [main] INFO  utilities.UtilityCustomFunctions - Actual:+91 1234567890
18:58:13.939 [main] INFO  utilities.UtilityCustomFunctions - Expected:+91 1234567890
18:58:13.939 [main] INFO  utilities.UtilityCustomFunctions - Message:Phone Number - Summary Title
18:58:15.207 [main] INFO  utilities.UtilityCustomFunctions - Actual:DuplicateAdd@gmail.com
18:58:15.207 [main] INFO  utilities.UtilityCustomFunctions - Expected:DuplicateAdd@gmail.com
18:58:15.207 [main] INFO  utilities.UtilityCustomFunctions - Message:Email - Summary Title
18:58:16.615 [main] INFO  utilities.UtilityCustomFunctions - Actual:Rsoft IT
18:58:16.615 [main] INFO  utilities.UtilityCustomFunctions - Expected:Rsoft IT
18:58:16.615 [main] INFO  utilities.UtilityCustomFunctions - Message:Assigned To - Summary View Page : 
18:58:18.007 [main] INFO  utilities.UtilityCustomFunctions - Actual:+91 1234567890
18:58:18.007 [main] INFO  utilities.UtilityCustomFunctions - Expected:+91 1234567890
18:58:18.007 [main] INFO  utilities.UtilityCustomFunctions - Message:Mobile Number - Summary View Page : Duplicate Record
18:58:19.357 [main] INFO  utilities.UtilityCustomFunctions - Actual:DuplicateAdd@gmail.com
18:58:19.357 [main] INFO  utilities.UtilityCustomFunctions - Expected:DuplicateAdd@gmail.com
18:58:19.357 [main] INFO  utilities.UtilityCustomFunctions - Message:Email - Summary View Page: Duplicate Record
18:58:20.724 [main] INFO  utilities.UtilityCustomFunctions - Actual:DuplicateAddText
18:58:20.725 [main] INFO  utilities.UtilityCustomFunctions - Expected:DuplicateAddText
18:58:20.725 [main] INFO  utilities.UtilityCustomFunctions - Message:Text - Summary View Page:Duplicate Record
18:58:22.074 [main] INFO  utilities.UtilityCustomFunctions - Actual:four,five
