14:45:53.045 [main] INFO  testCases.TC008_WF2_SN_Daily - Clicked Workflow and Navigated to Task Page
14:45:53.113 [main] INFO  testCases.TC008_WF2_SN_Daily - Number of Tasks Listed for this Workflow: WF2_ScheduleNotify_Daily : 1
14:45:53.161 [main] INFO  testCases.TC008_WF2_SN_Daily - Is Task Active: 1 : true
14:45:53.346 [main] INFO  testCases.TC008_WF2_SN_Daily - Retrieved Action Type:Send notification
14:45:53.346 [main] INFO  testCases.TC008_WF2_SN_Daily - Retrieved Action Title:TriggerDailyNotify
14:45:53.346 [main] INFO  testCases.TC008_WF2_SN_Daily - Action Type and Action Tile matches and also Task Button Enabled
14:45:56.393 [main] INFO  testCases.TC008_WF2_SN_Daily - Clicked Workflow and Navigated to Task Page
14:45:56.394 [main] INFO  testCases.TC008_WF2_SN_Daily - Task Active Send notification  TriggerDailyNotify
14:46:08.338 [main] INFO  testCases.TC008_WF2_SN_Daily - [CRMScheduleNotification] is selected in List
14:46:13.584 [main] INFO  testCases.TC008_WF2_SN_Daily - Excel file Utility instance created
14:46:13.729 [main] INFO  testCases.TC008_WF2_SN_Daily - Row Count is: 1
14:46:13.826 [main] INFO  testCases.TC008_WF2_SN_Daily - Col Count is: 52
14:46:13.826 [main] INFO  testCases.TC008_WF2_SN_Daily - Extracting DataSheet Values started...
14:46:15.660 [main] INFO  testCases.TC008_WF2_SN_Daily - Before Adding Module data
14:46:18.850 [main] INFO  testCases.TC008_WF2_SN_Daily - Assinged To Drop Down clicked
14:46:24.182 [main] INFO  testCases.TC008_WF2_SN_Daily - [Sudhakar VE] is selected in List
14:46:24.182 [main] INFO  testCases.TC008_WF2_SN_Daily - Assinged To Value Seleted is::  Sudhakar VE
14:46:25.846 [main] INFO  testCases.TC008_WF2_SN_Daily - Add New Text entered in  input
14:46:25.861 [main] INFO  testCases.TC008_WF2_SN_Daily - Text Value added is::  Add New Text
14:46:27.077 [main] INFO  testCases.TC008_WF2_SN_Daily - Phone NUmber prefix clicked :  
14:46:30.478 [main] INFO  testCases.TC008_WF2_SN_Daily - [+65] is selected in List
14:46:30.478 [main] INFO  testCases.TC008_WF2_SN_Daily - Phone NUmber selected is :  9937740055
14:46:32.232 [main] INFO  testCases.TC008_WF2_SN_Daily - 9937740055 entered in  input
14:46:34.964 [main] INFO  testCases.TC008_WF2_SN_Daily - AddNew@rsoft.in entered in  input
14:46:35.994 [main] INFO  testCases.TC008_WF2_SN_Daily - Email Added is: AddNew@rsoft.in
14:46:37.214 [main] INFO  testCases.TC008_WF2_SN_Daily - Picklist clicked
14:46:38.388 [main] INFO  testCases.TC008_WF2_SN_Daily - Picklist selected: 1
14:47:46.306 [main] INFO  testCases.TC008_WF2_SN_Daily - MultiCombo box values: two
14:47:47.574 [main] INFO  testCases.TC008_WF2_SN_Daily - City Drop Down clicked
14:47:51.290 [main] INFO  testCases.TC008_WF2_SN_Daily - [Kanchipuram] is selected in List
14:47:51.291 [main] INFO  testCases.TC008_WF2_SN_Daily - City Selected: Kanchipuram
14:47:52.478 [main] INFO  testCases.TC008_WF2_SN_Daily - State Drop Down clicked
14:47:56.754 [main] INFO  testCases.TC008_WF2_SN_Daily - [Tamilnadu] is selected in List
14:47:56.754 [main] INFO  testCases.TC008_WF2_SN_Daily - State Selected: Tamilnadu
14:47:57.929 [main] INFO  testCases.TC008_WF2_SN_Daily - Country List clicked
14:48:01.326 [main] INFO  testCases.TC008_WF2_SN_Daily - [India] is selected in List
14:48:01.326 [main] INFO  testCases.TC008_WF2_SN_Daily - Country Selected: India
14:48:02.576 [main] INFO  testCases.TC008_WF2_SN_Daily - Checkbox clicked
14:48:02.735 [main] INFO  testCases.TC008_WF2_SN_Daily - DateBox clicked
14:48:05.741 [main] INFO  testCases.TC008_WF2_SN_Daily - (//td[contains(@class,'today')])[1]
14:48:07.029 [main] INFO  testCases.TC008_WF2_SN_Daily - Today Date Selected
14:48:08.193 [main] INFO  testCases.TC008_WF2_SN_Daily - Time Clicked
14:48:14.893 [main] INFO  testCases.TC008_WF2_SN_Daily - Time Selected is: 02:36 PM
14:48:16.223 [main] INFO  testCases.TC008_WF2_SN_Daily - Date & Time Clicked
14:48:21.226 [main] INFO  testCases.TC008_WF2_SN_Daily - (//td[contains(@class,'today')])[2]
14:48:24.476 [main] INFO  testCases.TC008_WF2_SN_Daily - Clicked Current Date in Date&Time
14:48:24.705 [main] INFO  testCases.TC008_WF2_SN_Daily - Date & Time Selected
14:48:26.971 [main] INFO  testCases.TC008_WF2_SN_Daily - 444444444 entered in  input
14:49:21.759 [main] INFO  testCases.TC008_WF2_SN_Daily - [Mrs.] is selected in List
14:49:23.313 [main] INFO  testCases.TC008_WF2_SN_Daily - Steven entered in  input
14:49:24.941 [main] INFO  testCases.TC008_WF2_SN_Daily - 11111111111 entered in  input
14:49:26.413 [main] INFO  testCases.TC008_WF2_SN_Daily - 10,000 entered in  input
14:49:28.259 [main] INFO  testCases.TC008_WF2_SN_Daily - http://www.google.com/ entered in  input
14:49:31.835 [main] INFO  testCases.TC008_WF2_SN_Daily - [Dr.] is selected in List
14:49:33.430 [main] INFO  testCases.TC008_WF2_SN_Daily - Annie entered in  input
14:49:35.325 [main] INFO  testCases.TC008_WF2_SN_Daily - AddNewEnquiry@gmail.com entered in  input
14:49:37.196 [main] INFO  testCases.TC008_WF2_SN_Daily - Enquiry about Chatbot entered in  input
14:49:45.590 [main] INFO  testCases.TC008_WF2_SN_Daily - RSoft World-Class CRM Software (Customer Relationship Management) solution has been helping all kinds of small and medium businesses to organise, automate and improve their business. Our 15+ years of experience in Sales and Marketing. RSoft makes your business run transparently and intelligently which projects your brand image and win your customers satisfaction. RSoft is way ahead of other CRM's with its new generation features. entered in  textarea
14:49:48.779 [main] INFO  testCases.TC008_WF2_SN_Daily - (//td[contains(@class,'today')])[2]
14:49:54.865 [main] INFO  testCases.TC008_WF2_SN_Daily - [+60] is selected in List
14:49:57.825 [main] INFO  testCases.TC008_WF2_SN_Daily - 1169122504 entered in  input
14:50:57.941 [main] INFO  testCases.TC008_WF2_SN_Daily - [+91] is selected in List
14:51:00.749 [main] INFO  testCases.TC008_WF2_SN_Daily - 2323204506 entered in  input
14:51:02.513 [main] INFO  testCases.TC008_WF2_SN_Daily - AddNewLead@gmail.com entered in  input
14:51:04.215 [main] INFO  testCases.TC008_WF2_SN_Daily - Lead about Chatbot entered in  input
14:51:08.870 [main] INFO  testCases.TC008_WF2_SN_Daily - [+60] is selected in List
14:51:11.596 [main] INFO  testCases.TC008_WF2_SN_Daily - 7945371137 entered in  input
14:51:13.347 [main] INFO  testCases.TC008_WF2_SN_Daily - AddNewSales@gmail.com entered in  input
14:52:31.609 [main] INFO  testCases.TC008_WF2_SN_Daily - testing entered in  input
14:52:31.997 [main] INFO  testCases.TC008_WF2_SN_Daily - dCr2KGiHBrC2!@ entered in  input
14:52:55.719 [main] INFO  testCases.TC008_WF2_SN_Daily - Passed: Worflow scheduled to run daily at 08:00:00 AM for EntityId 93944and Task Id:121
14:52:57.519 [main] INFO  testCases.TC008_WF2_SN_Daily - Passed: Worflow scheduled to run daily at 08:00:00 AM for EntityId 93944and Task Id:122
14:52:59.288 [main] INFO  testCases.TC008_WF2_SN_Daily - Passed: Worflow scheduled to run daily at 08:00:00 AM for EntityId 93944and Task Id:123
15:00:14.266 [main] INFO  testCases.TC009_WF3_SN_Weekly - ******starting WF Schedule Notify Weekly****
15:00:14.275 [main] INFO  testCases.TC009_WF3_SN_Weekly - Test Execution on Browser: chrome
15:00:14.278 [main] INFO  testCases.TC009_WF3_SN_Weekly - Excel file Utility instance created
15:00:15.593 [main] INFO  testCases.TC009_WF3_SN_Weekly - Row Count is: 1
15:00:15.942 [main] INFO  testCases.TC009_WF3_SN_Weekly - Col Count is: 52
15:00:15.943 [main] INFO  testCases.TC009_WF3_SN_Weekly - Extracting DataSheet Values started...
15:00:22.376 [main] INFO  testCases.TC009_WF3_SN_Weekly - PN1:4056820945
15:00:22.376 [main] INFO  testCases.TC009_WF3_SN_Weekly - PN2:6722110342
15:00:22.376 [main] INFO  testCases.TC009_WF3_SN_Weekly - PN3:9283642560
15:00:22.376 [main] INFO  testCases.TC009_WF3_SN_Weekly - PN4:2803721740
15:00:32.037 [main] INFO  testCases.TC009_WF3_SN_Weekly - PRIYAN entered in  input
15:00:33.869 [main] INFO  testCases.TC009_WF3_SN_Weekly - Sudhakar entered in  input
15:00:35.602 [main] INFO  testCases.TC009_WF3_SN_Weekly - Automation@123 entered in  input
15:00:40.649 [main] INFO  testCases.TC009_WF3_SN_Weekly - CRM Login Success with:Sudhakar
15:00:40.650 [main] INFO  testCases.TC009_WF3_SN_Weekly - User: Sudhakar Passed : Actual Value is: Login SuccessExpected Value is: Login Success
15:00:47.885 [main] INFO  testCases.TC009_WF3_SN_Weekly - Clicked Avatar
15:00:50.047 [main] INFO  testCases.TC009_WF3_SN_Weekly - Clicked Menu CRM Setting
15:00:50.294 [main] INFO  testCases.TC009_WF3_SN_Weekly - Clicked Menu Other Setting
15:00:53.185 [main] INFO  testCases.TC009_WF3_SN_Weekly - Clicked Menu Item Workflow
15:00:53.672 [main] INFO  testCases.TC009_WF3_SN_Weekly - Clicked Workflow from Combox Box List
15:00:55.685 [main] INFO  testCases.TC009_WF3_SN_Weekly - Item to be selected:  CRMScheduleNotification Workflow
15:01:02.640 [main] INFO  testCases.TC009_WF3_SN_Weekly - [CRMScheduleNotification Workflow] is selected in List
15:01:02.640 [main] INFO  testCases.TC009_WF3_SN_Weekly - Item selected in combox Box  CRMScheduleNotification Workflow
15:01:03.645 [main] INFO  testCases.TC009_WF3_SN_Weekly - Selected Module to View its Workflows
15:01:03.688 [main] INFO  testCases.TC009_WF3_SN_Weekly - Current Workflow Row item: 1
15:01:03.785 [main] INFO  testCases.TC009_WF3_SN_Weekly - Current style of Worflow Status Element captured
15:01:03.785 [main] INFO  testCases.TC009_WF3_SN_Weekly - Workflow status: of row item: 1 false
15:01:03.859 [main] INFO  testCases.TC009_WF3_SN_Weekly - Actual Module Name:  CRMScheduleNotification
15:01:03.859 [main] INFO  testCases.TC009_WF3_SN_Weekly - Actual Workflow Name:  WF6_ScheduleNotify_Yearly
15:01:03.859 [main] INFO  testCases.TC009_WF3_SN_Weekly - Actual Exec Condition Name:  schedule
15:01:03.859 [main] INFO  testCases.TC009_WF3_SN_Weekly - Module,workflow,conditions not matched 
15:01:03.859 [main] INFO  testCases.TC009_WF3_SN_Weekly - bCurrentWFStatus: false
15:01:03.860 [main] INFO  testCases.TC009_WF3_SN_Weekly - Current Workflow Row item: 2
15:01:03.919 [main] INFO  testCases.TC009_WF3_SN_Weekly - Current style of Worflow Status Element captured
15:01:03.919 [main] INFO  testCases.TC009_WF3_SN_Weekly - Workflow status: of row item: 2 false
15:01:03.968 [main] INFO  testCases.TC009_WF3_SN_Weekly - Actual Module Name:  CRMScheduleNotification
15:01:03.968 [main] INFO  testCases.TC009_WF3_SN_Weekly - Actual Workflow Name:  WF5_ScheduleNotify_MonthByDate
15:01:03.968 [main] INFO  testCases.TC009_WF3_SN_Weekly - Actual Exec Condition Name:  schedule
15:01:03.968 [main] INFO  testCases.TC009_WF3_SN_Weekly - Module,workflow,conditions not matched 
15:01:03.968 [main] INFO  testCases.TC009_WF3_SN_Weekly - bCurrentWFStatus: false
15:01:03.968 [main] INFO  testCases.TC009_WF3_SN_Weekly - Current Workflow Row item: 3
15:01:04.050 [main] INFO  testCases.TC009_WF3_SN_Weekly - Current style of Worflow Status Element captured
15:01:04.050 [main] INFO  testCases.TC009_WF3_SN_Weekly - Workflow status: of row item: 3 false
15:01:04.105 [main] INFO  testCases.TC009_WF3_SN_Weekly - Actual Module Name:  CRMScheduleNotification
15:01:04.136 [main] INFO  testCases.TC009_WF3_SN_Weekly - Actual Workflow Name:  WF4_ScheduleNotify_SpecificDate
15:01:04.136 [main] INFO  testCases.TC009_WF3_SN_Weekly - Actual Exec Condition Name:  schedule
15:01:04.136 [main] INFO  testCases.TC009_WF3_SN_Weekly - Module,workflow,conditions not matched 
15:01:04.136 [main] INFO  testCases.TC009_WF3_SN_Weekly - bCurrentWFStatus: false
15:01:04.136 [main] INFO  testCases.TC009_WF3_SN_Weekly - Current Workflow Row item: 4
15:01:04.208 [main] INFO  testCases.TC009_WF3_SN_Weekly - Current style of Worflow Status Element captured
15:01:04.208 [main] INFO  testCases.TC009_WF3_SN_Weekly - Workflow status: of row item: 4 false
15:01:04.253 [main] INFO  testCases.TC009_WF3_SN_Weekly - Actual Module Name:  CRMScheduleNotification
15:01:04.253 [main] INFO  testCases.TC009_WF3_SN_Weekly - Actual Workflow Name:  WF3_ScheduleNotify_Weekly
15:01:04.253 [main] INFO  testCases.TC009_WF3_SN_Weekly - Actual Exec Condition Name:  schedule
15:01:04.253 [main] INFO  testCases.TC009_WF3_SN_Weekly - Module,workflow,condition matches
15:01:04.253 [main] INFO  testCases.TC009_WF3_SN_Weekly - bCurrentWFStatus: false
15:01:04.253 [main] INFO  testCases.TC009_WF3_SN_Weekly - Current Workflow Row item: 5
15:01:04.338 [main] INFO  testCases.TC009_WF3_SN_Weekly - Current style of Worflow Status Element captured
15:01:04.338 [main] INFO  testCases.TC009_WF3_SN_Weekly - Workflow status: of row item: 5 true
15:01:04.386 [main] INFO  testCases.TC009_WF3_SN_Weekly - Actual Module Name:  CRMScheduleNotification
15:01:04.386 [main] INFO  testCases.TC009_WF3_SN_Weekly - Actual Workflow Name:  WF2_ScheduleNotify_Daily
15:01:04.386 [main] INFO  testCases.TC009_WF3_SN_Weekly - Actual Exec Condition Name:  schedule
15:01:04.386 [main] INFO  testCases.TC009_WF3_SN_Weekly - Module,workflow,conditions not matched 
15:01:04.386 [main] INFO  testCases.TC009_WF3_SN_Weekly - bCurrentWFStatus: true
15:01:04.464 [main] INFO  testCases.TC009_WF3_SN_Weekly - WF2_ScheduleNotify_DailyWorkflow disabled manually
15:01:04.464 [main] INFO  testCases.TC009_WF3_SN_Weekly - Current Workflow Row item: 6
15:01:04.539 [main] INFO  testCases.TC009_WF3_SN_Weekly - Current style of Worflow Status Element captured
15:01:04.539 [main] INFO  testCases.TC009_WF3_SN_Weekly - Workflow status: of row item: 6 false
15:01:04.609 [main] INFO  testCases.TC009_WF3_SN_Weekly - Actual Module Name:  CRMScheduleNotification
15:01:04.609 [main] INFO  testCases.TC009_WF3_SN_Weekly - Actual Workflow Name:  WF1_ScheduleNotify_Hourly
15:01:04.609 [main] INFO  testCases.TC009_WF3_SN_Weekly - Actual Exec Condition Name:  schedule
15:01:04.609 [main] INFO  testCases.TC009_WF3_SN_Weekly - Module,workflow,conditions not matched 
15:01:04.609 [main] INFO  testCases.TC009_WF3_SN_Weekly - bCurrentWFStatus: false
15:01:04.689 [main] INFO  testCases.TC009_WF3_SN_Weekly - WF1_ScheduleNotify_HourlyDisabled Workflow Manually Enabled
15:01:04.689 [main] INFO  testCases.TC009_WF3_SN_Weekly - true:4
15:01:10.019 [main] INFO  testCases.TC009_WF3_SN_Weekly - Work flow clicked
15:01:14.539 [main] INFO  testCases.TC009_WF3_SN_Weekly - Cliked Step 1 Next Button to Condition Page
15:01:17.787 [main] INFO  testCases.TC009_WF3_SN_Weekly - Cliked Step 2 Next Button to Task List Page
15:01:18.801 [main] INFO  testCases.TC009_WF3_SN_Weekly - Clicked Workflow and Navigated to Task Page
15:01:18.836 [main] INFO  testCases.TC009_WF3_SN_Weekly - Number of Tasks Listed for this Workflow: WF3_ScheduleNotify_Weekly : 1
15:01:18.883 [main] INFO  testCases.TC009_WF3_SN_Weekly - Is Task Active: 1 : true
15:01:19.101 [main] INFO  testCases.TC009_WF3_SN_Weekly - Retrieved Action Type:Send notification
15:01:19.101 [main] INFO  testCases.TC009_WF3_SN_Weekly - Retrieved Action Title:TriggerWeeklyNotify
15:01:19.101 [main] INFO  testCases.TC009_WF3_SN_Weekly - Action Type and Action Tile matches and also Task Button Enabled
15:01:22.106 [main] INFO  testCases.TC009_WF3_SN_Weekly - Clicked Workflow and Navigated to Task Page
15:01:22.107 [main] INFO  testCases.TC009_WF3_SN_Weekly - Task Active Send notification  TriggerWeeklyNotify
15:01:35.304 [main] INFO  testCases.TC009_WF3_SN_Weekly - [CRMScheduleNotification] is selected in List
15:01:40.502 [main] INFO  testCases.TC009_WF3_SN_Weekly - Excel file Utility instance created
15:01:40.571 [main] INFO  testCases.TC009_WF3_SN_Weekly - Row Count is: 1
15:01:40.634 [main] INFO  testCases.TC009_WF3_SN_Weekly - Col Count is: 52
15:01:40.634 [main] INFO  testCases.TC009_WF3_SN_Weekly - Extracting DataSheet Values started...
15:01:42.650 [main] INFO  testCases.TC009_WF3_SN_Weekly - Before Adding Module data
15:01:45.858 [main] INFO  testCases.TC009_WF3_SN_Weekly - Assinged To Drop Down clicked
15:01:51.230 [main] INFO  testCases.TC009_WF3_SN_Weekly - [Sudhakar VE] is selected in List
15:01:51.230 [main] INFO  testCases.TC009_WF3_SN_Weekly - Assinged To Value Seleted is::  Sudhakar VE
15:01:52.956 [main] INFO  testCases.TC009_WF3_SN_Weekly - Add New Text entered in  input
15:01:52.970 [main] INFO  testCases.TC009_WF3_SN_Weekly - Text Value added is::  Add New Text
15:01:54.177 [main] INFO  testCases.TC009_WF3_SN_Weekly - Phone NUmber prefix clicked :  
15:01:57.592 [main] INFO  testCases.TC009_WF3_SN_Weekly - [+65] is selected in List
15:01:57.592 [main] INFO  testCases.TC009_WF3_SN_Weekly - Phone NUmber selected is :  4056820945
15:01:59.469 [main] INFO  testCases.TC009_WF3_SN_Weekly - 4056820945 entered in  input
15:02:02.239 [main] INFO  testCases.TC009_WF3_SN_Weekly - AddNew@rsoft.in entered in  input
15:02:03.270 [main] INFO  testCases.TC009_WF3_SN_Weekly - Email Added is: AddNew@rsoft.in
15:02:04.467 [main] INFO  testCases.TC009_WF3_SN_Weekly - Picklist clicked
15:02:05.687 [main] INFO  testCases.TC009_WF3_SN_Weekly - Picklist selected: 1
15:03:13.685 [main] INFO  testCases.TC009_WF3_SN_Weekly - MultiCombo box values: two
15:03:14.966 [main] INFO  testCases.TC009_WF3_SN_Weekly - City Drop Down clicked
15:03:18.617 [main] INFO  testCases.TC009_WF3_SN_Weekly - [Kanchipuram] is selected in List
15:03:18.617 [main] INFO  testCases.TC009_WF3_SN_Weekly - City Selected: Kanchipuram
15:03:19.825 [main] INFO  testCases.TC009_WF3_SN_Weekly - State Drop Down clicked
15:03:24.124 [main] INFO  testCases.TC009_WF3_SN_Weekly - [Tamilnadu] is selected in List
15:03:24.124 [main] INFO  testCases.TC009_WF3_SN_Weekly - State Selected: Tamilnadu
15:03:25.386 [main] INFO  testCases.TC009_WF3_SN_Weekly - Country List clicked
15:03:28.783 [main] INFO  testCases.TC009_WF3_SN_Weekly - [India] is selected in List
15:03:28.783 [main] INFO  testCases.TC009_WF3_SN_Weekly - Country Selected: India
15:03:30.032 [main] INFO  testCases.TC009_WF3_SN_Weekly - Checkbox clicked
15:03:30.182 [main] INFO  testCases.TC009_WF3_SN_Weekly - DateBox clicked
15:03:33.200 [main] INFO  testCases.TC009_WF3_SN_Weekly - (//td[contains(@class,'today')])[1]
15:03:34.440 [main] INFO  testCases.TC009_WF3_SN_Weekly - Today Date Selected
15:03:35.634 [main] INFO  testCases.TC009_WF3_SN_Weekly - Time Clicked
15:03:42.371 [main] INFO  testCases.TC009_WF3_SN_Weekly - Time Selected is: 02:36 PM
15:03:43.659 [main] INFO  testCases.TC009_WF3_SN_Weekly - Date & Time Clicked
15:03:48.667 [main] INFO  testCases.TC009_WF3_SN_Weekly - (//td[contains(@class,'today')])[2]
15:03:51.885 [main] INFO  testCases.TC009_WF3_SN_Weekly - Clicked Current Date in Date&Time
15:03:52.114 [main] INFO  testCases.TC009_WF3_SN_Weekly - Date & Time Selected
15:03:54.386 [main] INFO  testCases.TC009_WF3_SN_Weekly - 444444444 entered in  input
15:04:49.215 [main] INFO  testCases.TC009_WF3_SN_Weekly - [Mrs.] is selected in List
15:04:50.769 [main] INFO  testCases.TC009_WF3_SN_Weekly - Steven entered in  input
15:04:52.398 [main] INFO  testCases.TC009_WF3_SN_Weekly - 11111111111 entered in  input
15:04:53.919 [main] INFO  testCases.TC009_WF3_SN_Weekly - 10,000 entered in  input
15:04:55.702 [main] INFO  testCases.TC009_WF3_SN_Weekly - http://www.google.com/ entered in  input
15:04:59.316 [main] INFO  testCases.TC009_WF3_SN_Weekly - [Dr.] is selected in List
15:05:00.864 [main] INFO  testCases.TC009_WF3_SN_Weekly - Annie entered in  input
15:05:02.735 [main] INFO  testCases.TC009_WF3_SN_Weekly - AddNewEnquiry@gmail.com entered in  input
15:05:04.619 [main] INFO  testCases.TC009_WF3_SN_Weekly - Enquiry about Chatbot entered in  input
15:05:13.176 [main] INFO  testCases.TC009_WF3_SN_Weekly - RSoft World-Class CRM Software (Customer Relationship Management) solution has been helping all kinds of small and medium businesses to organise, automate and improve their business. Our 15+ years of experience in Sales and Marketing. RSoft makes your business run transparently and intelligently which projects your brand image and win your customers satisfaction. RSoft is way ahead of other CRM's with its new generation features. entered in  textarea
15:05:16.462 [main] INFO  testCases.TC009_WF3_SN_Weekly - (//td[contains(@class,'today')])[2]
15:07:36.844 [main] INFO  testCases.TC009_WF3_SN_Weekly - ******starting WF Schedule Notify Weekly****
15:07:36.853 [main] INFO  testCases.TC009_WF3_SN_Weekly - Test Execution on Browser: chrome
15:07:36.857 [main] INFO  testCases.TC009_WF3_SN_Weekly - Excel file Utility instance created
15:07:38.250 [main] INFO  testCases.TC009_WF3_SN_Weekly - Row Count is: 1
15:07:38.621 [main] INFO  testCases.TC009_WF3_SN_Weekly - Col Count is: 52
15:07:38.622 [main] INFO  testCases.TC009_WF3_SN_Weekly - Extracting DataSheet Values started...
15:07:45.822 [main] INFO  testCases.TC009_WF3_SN_Weekly - PN1:2650632898
15:07:45.822 [main] INFO  testCases.TC009_WF3_SN_Weekly - PN2:6774015219
15:07:45.822 [main] INFO  testCases.TC009_WF3_SN_Weekly - PN3:7619510592
15:07:45.822 [main] INFO  testCases.TC009_WF3_SN_Weekly - PN4:3117055948
15:07:54.824 [main] INFO  testCases.TC009_WF3_SN_Weekly - PRIYAN entered in  input
15:07:56.642 [main] INFO  testCases.TC009_WF3_SN_Weekly - Sudhakar entered in  input
15:07:58.423 [main] INFO  testCases.TC009_WF3_SN_Weekly - Automation@123 entered in  input
15:08:03.370 [main] INFO  testCases.TC009_WF3_SN_Weekly - CRM Login Success with:Sudhakar
15:08:03.370 [main] INFO  testCases.TC009_WF3_SN_Weekly - User: Sudhakar Passed : Actual Value is: Login SuccessExpected Value is: Login Success
15:08:10.623 [main] INFO  testCases.TC009_WF3_SN_Weekly - Clicked Avatar
15:08:12.740 [main] INFO  testCases.TC009_WF3_SN_Weekly - Clicked Menu CRM Setting
15:08:13.005 [main] INFO  testCases.TC009_WF3_SN_Weekly - Clicked Menu Other Setting
15:08:15.731 [main] INFO  testCases.TC009_WF3_SN_Weekly - Clicked Menu Item Workflow
15:08:16.192 [main] INFO  testCases.TC009_WF3_SN_Weekly - Clicked Workflow from Combox Box List
15:08:18.211 [main] INFO  testCases.TC009_WF3_SN_Weekly - Item to be selected:  CRMScheduleNotification Workflow
15:08:25.165 [main] INFO  testCases.TC009_WF3_SN_Weekly - [CRMScheduleNotification Workflow] is selected in List
15:08:25.165 [main] INFO  testCases.TC009_WF3_SN_Weekly - Item selected in combox Box  CRMScheduleNotification Workflow
15:08:26.173 [main] INFO  testCases.TC009_WF3_SN_Weekly - Selected Module to View its Workflows
15:08:26.191 [main] INFO  testCases.TC009_WF3_SN_Weekly - Current Workflow Row item: 1
15:08:26.278 [main] INFO  testCases.TC009_WF3_SN_Weekly - Current style of Worflow Status Element captured
15:08:26.278 [main] INFO  testCases.TC009_WF3_SN_Weekly - Workflow status: of row item: 1 false
15:08:26.341 [main] INFO  testCases.TC009_WF3_SN_Weekly - Actual Module Name:  CRMScheduleNotification
15:08:26.341 [main] INFO  testCases.TC009_WF3_SN_Weekly - Actual Workflow Name:  WF6_ScheduleNotify_Yearly
15:08:26.341 [main] INFO  testCases.TC009_WF3_SN_Weekly - Actual Exec Condition Name:  schedule
15:08:26.341 [main] INFO  testCases.TC009_WF3_SN_Weekly - Module,workflow,conditions not matched 
15:08:26.341 [main] INFO  testCases.TC009_WF3_SN_Weekly - bCurrentWFStatus: false
15:08:26.341 [main] INFO  testCases.TC009_WF3_SN_Weekly - Current Workflow Row item: 2
15:08:26.424 [main] INFO  testCases.TC009_WF3_SN_Weekly - Current style of Worflow Status Element captured
15:08:26.424 [main] INFO  testCases.TC009_WF3_SN_Weekly - Workflow status: of row item: 2 false
15:08:26.472 [main] INFO  testCases.TC009_WF3_SN_Weekly - Actual Module Name:  CRMScheduleNotification
15:08:26.479 [main] INFO  testCases.TC009_WF3_SN_Weekly - Actual Workflow Name:  WF5_ScheduleNotify_MonthByDate
15:08:26.479 [main] INFO  testCases.TC009_WF3_SN_Weekly - Actual Exec Condition Name:  schedule
15:08:26.479 [main] INFO  testCases.TC009_WF3_SN_Weekly - Module,workflow,conditions not matched 
15:08:26.479 [main] INFO  testCases.TC009_WF3_SN_Weekly - bCurrentWFStatus: false
15:08:26.479 [main] INFO  testCases.TC009_WF3_SN_Weekly - Current Workflow Row item: 3
15:08:26.541 [main] INFO  testCases.TC009_WF3_SN_Weekly - Current style of Worflow Status Element captured
15:08:26.541 [main] INFO  testCases.TC009_WF3_SN_Weekly - Workflow status: of row item: 3 false
15:08:26.590 [main] INFO  testCases.TC009_WF3_SN_Weekly - Actual Module Name:  CRMScheduleNotification
15:08:26.590 [main] INFO  testCases.TC009_WF3_SN_Weekly - Actual Workflow Name:  WF4_ScheduleNotify_SpecificDate
15:08:26.590 [main] INFO  testCases.TC009_WF3_SN_Weekly - Actual Exec Condition Name:  schedule
15:08:26.590 [main] INFO  testCases.TC009_WF3_SN_Weekly - Module,workflow,conditions not matched 
15:08:26.590 [main] INFO  testCases.TC009_WF3_SN_Weekly - bCurrentWFStatus: false
15:08:26.590 [main] INFO  testCases.TC009_WF3_SN_Weekly - Current Workflow Row item: 4
15:08:26.672 [main] INFO  testCases.TC009_WF3_SN_Weekly - Current style of Worflow Status Element captured
15:08:26.672 [main] INFO  testCases.TC009_WF3_SN_Weekly - Workflow status: of row item: 4 true
15:08:26.723 [main] INFO  testCases.TC009_WF3_SN_Weekly - Actual Module Name:  CRMScheduleNotification
15:08:26.723 [main] INFO  testCases.TC009_WF3_SN_Weekly - Actual Workflow Name:  WF3_ScheduleNotify_Weekly
15:08:26.723 [main] INFO  testCases.TC009_WF3_SN_Weekly - Actual Exec Condition Name:  schedule
15:08:26.723 [main] INFO  testCases.TC009_WF3_SN_Weekly - Module,workflow,condition matches
15:08:26.723 [main] INFO  testCases.TC009_WF3_SN_Weekly - bCurrentWFStatus: true
15:08:26.723 [main] INFO  testCases.TC009_WF3_SN_Weekly - WF3_ScheduleNotify_WeeklyWorkflow enabled
15:08:26.723 [main] INFO  testCases.TC009_WF3_SN_Weekly - Current Workflow Row item: 5
15:08:26.791 [main] INFO  testCases.TC009_WF3_SN_Weekly - Current style of Worflow Status Element captured
15:08:26.791 [main] INFO  testCases.TC009_WF3_SN_Weekly - Workflow status: of row item: 5 false
15:08:26.840 [main] INFO  testCases.TC009_WF3_SN_Weekly - Actual Module Name:  CRMScheduleNotification
15:08:26.840 [main] INFO  testCases.TC009_WF3_SN_Weekly - Actual Workflow Name:  WF2_ScheduleNotify_Daily
15:08:26.840 [main] INFO  testCases.TC009_WF3_SN_Weekly - Actual Exec Condition Name:  schedule
15:08:26.840 [main] INFO  testCases.TC009_WF3_SN_Weekly - Module,workflow,conditions not matched 
15:08:26.840 [main] INFO  testCases.TC009_WF3_SN_Weekly - bCurrentWFStatus: false
15:08:26.840 [main] INFO  testCases.TC009_WF3_SN_Weekly - Current Workflow Row item: 6
15:08:26.921 [main] INFO  testCases.TC009_WF3_SN_Weekly - Current style of Worflow Status Element captured
15:08:26.921 [main] INFO  testCases.TC009_WF3_SN_Weekly - Workflow status: of row item: 6 false
15:08:26.974 [main] INFO  testCases.TC009_WF3_SN_Weekly - Actual Module Name:  CRMScheduleNotification
15:08:26.974 [main] INFO  testCases.TC009_WF3_SN_Weekly - Actual Workflow Name:  WF1_ScheduleNotify_Hourly
15:08:26.974 [main] INFO  testCases.TC009_WF3_SN_Weekly - Actual Exec Condition Name:  schedule
15:08:26.974 [main] INFO  testCases.TC009_WF3_SN_Weekly - Module,workflow,conditions not matched 
15:08:26.974 [main] INFO  testCases.TC009_WF3_SN_Weekly - bCurrentWFStatus: false
15:08:26.974 [main] INFO  testCases.TC009_WF3_SN_Weekly - WF1_ScheduleNotify_HourlyDisabled Workflow Manually Enabled
15:08:26.974 [main] INFO  testCases.TC009_WF3_SN_Weekly - true:4
15:08:32.425 [main] INFO  testCases.TC009_WF3_SN_Weekly - Work flow clicked
15:08:36.945 [main] INFO  testCases.TC009_WF3_SN_Weekly - Cliked Step 1 Next Button to Condition Page
15:08:40.576 [main] INFO  testCases.TC009_WF3_SN_Weekly - Cliked Step 2 Next Button to Task List Page
15:08:41.587 [main] INFO  testCases.TC009_WF3_SN_Weekly - Clicked Workflow and Navigated to Task Page
15:08:41.642 [main] INFO  testCases.TC009_WF3_SN_Weekly - Number of Tasks Listed for this Workflow: WF3_ScheduleNotify_Weekly : 1
15:08:41.673 [main] INFO  testCases.TC009_WF3_SN_Weekly - Is Task Active: 1 : true
15:08:41.897 [main] INFO  testCases.TC009_WF3_SN_Weekly - Retrieved Action Type:Send notification
15:08:41.897 [main] INFO  testCases.TC009_WF3_SN_Weekly - Retrieved Action Title:TriggerWeeklyNotify
15:08:41.897 [main] INFO  testCases.TC009_WF3_SN_Weekly - Action Type and Action Tile matches and also Task Button Enabled
15:08:44.846 [main] INFO  testCases.TC009_WF3_SN_Weekly - Clicked Workflow and Navigated to Task Page
15:08:44.847 [main] INFO  testCases.TC009_WF3_SN_Weekly - Task Active Send notification  TriggerWeeklyNotify
15:08:56.640 [main] INFO  testCases.TC009_WF3_SN_Weekly - [CRMScheduleNotification] is selected in List
15:09:01.862 [main] INFO  testCases.TC009_WF3_SN_Weekly - Excel file Utility instance created
15:09:01.955 [main] INFO  testCases.TC009_WF3_SN_Weekly - Row Count is: 1
15:09:02.004 [main] INFO  testCases.TC009_WF3_SN_Weekly - Col Count is: 52
15:09:02.004 [main] INFO  testCases.TC009_WF3_SN_Weekly - Extracting DataSheet Values started...
15:09:04.155 [main] INFO  testCases.TC009_WF3_SN_Weekly - Before Adding Module data
15:09:07.351 [main] INFO  testCases.TC009_WF3_SN_Weekly - Assinged To Drop Down clicked
15:09:12.777 [main] INFO  testCases.TC009_WF3_SN_Weekly - [Sudhakar VE] is selected in List
15:09:12.777 [main] INFO  testCases.TC009_WF3_SN_Weekly - Assinged To Value Seleted is::  Sudhakar VE
15:09:14.545 [main] INFO  testCases.TC009_WF3_SN_Weekly - Add New Text entered in  input
15:09:14.560 [main] INFO  testCases.TC009_WF3_SN_Weekly - Text Value added is::  Add New Text
15:09:15.768 [main] INFO  testCases.TC009_WF3_SN_Weekly - Phone NUmber prefix clicked :  
15:09:19.210 [main] INFO  testCases.TC009_WF3_SN_Weekly - [+65] is selected in List
15:09:19.210 [main] INFO  testCases.TC009_WF3_SN_Weekly - Phone NUmber selected is :  2650632898
15:09:20.993 [main] INFO  testCases.TC009_WF3_SN_Weekly - 2650632898 entered in  input
15:09:23.690 [main] INFO  testCases.TC009_WF3_SN_Weekly - AddNew@rsoft.in entered in  input
15:09:24.725 [main] INFO  testCases.TC009_WF3_SN_Weekly - Email Added is: AddNew@rsoft.in
15:09:25.899 [main] INFO  testCases.TC009_WF3_SN_Weekly - Picklist clicked
15:09:27.102 [main] INFO  testCases.TC009_WF3_SN_Weekly - Picklist selected: 1
15:10:35.026 [main] INFO  testCases.TC009_WF3_SN_Weekly - MultiCombo box values: two
15:10:36.285 [main] INFO  testCases.TC009_WF3_SN_Weekly - City Drop Down clicked
15:10:39.944 [main] INFO  testCases.TC009_WF3_SN_Weekly - [Kanchipuram] is selected in List
15:10:39.945 [main] INFO  testCases.TC009_WF3_SN_Weekly - City Selected: Kanchipuram
15:10:41.208 [main] INFO  testCases.TC009_WF3_SN_Weekly - State Drop Down clicked
15:10:45.631 [main] INFO  testCases.TC009_WF3_SN_Weekly - [Tamilnadu] is selected in List
15:10:45.632 [main] INFO  testCases.TC009_WF3_SN_Weekly - State Selected: Tamilnadu
15:10:46.844 [main] INFO  testCases.TC009_WF3_SN_Weekly - Country List clicked
15:10:50.277 [main] INFO  testCases.TC009_WF3_SN_Weekly - [India] is selected in List
15:10:50.277 [main] INFO  testCases.TC009_WF3_SN_Weekly - Country Selected: India
15:10:51.493 [main] INFO  testCases.TC009_WF3_SN_Weekly - Checkbox clicked
15:10:51.659 [main] INFO  testCases.TC009_WF3_SN_Weekly - DateBox clicked
15:10:54.668 [main] INFO  testCases.TC009_WF3_SN_Weekly - (//td[contains(@class,'today')])[1]
15:10:56.019 [main] INFO  testCases.TC009_WF3_SN_Weekly - Today Date Selected
15:10:57.213 [main] INFO  testCases.TC009_WF3_SN_Weekly - Time Clicked
15:11:03.951 [main] INFO  testCases.TC009_WF3_SN_Weekly - Time Selected is: 02:36 PM
15:11:05.353 [main] INFO  testCases.TC009_WF3_SN_Weekly - Date & Time Clicked
15:11:10.371 [main] INFO  testCases.TC009_WF3_SN_Weekly - (//td[contains(@class,'today')])[2]
15:11:13.574 [main] INFO  testCases.TC009_WF3_SN_Weekly - Clicked Current Date in Date&Time
15:11:13.793 [main] INFO  testCases.TC009_WF3_SN_Weekly - Date & Time Selected
15:11:16.057 [main] INFO  testCases.TC009_WF3_SN_Weekly - 444444444 entered in  input
15:12:10.870 [main] INFO  testCases.TC009_WF3_SN_Weekly - [Mrs.] is selected in List
15:12:12.424 [main] INFO  testCases.TC009_WF3_SN_Weekly - Steven entered in  input
15:12:14.071 [main] INFO  testCases.TC009_WF3_SN_Weekly - 11111111111 entered in  input
15:12:15.524 [main] INFO  testCases.TC009_WF3_SN_Weekly - 10,000 entered in  input
15:12:17.401 [main] INFO  testCases.TC009_WF3_SN_Weekly - http://www.google.com/ entered in  input
15:12:21.046 [main] INFO  testCases.TC009_WF3_SN_Weekly - [Dr.] is selected in List
15:12:22.643 [main] INFO  testCases.TC009_WF3_SN_Weekly - Annie entered in  input
15:12:24.557 [main] INFO  testCases.TC009_WF3_SN_Weekly - AddNewEnquiry@gmail.com entered in  input
15:12:26.324 [main] INFO  testCases.TC009_WF3_SN_Weekly - Enquiry about Chatbot entered in  input
15:12:35.001 [main] INFO  testCases.TC009_WF3_SN_Weekly - RSoft World-Class CRM Software (Customer Relationship Management) solution has been helping all kinds of small and medium businesses to organise, automate and improve their business. Our 15+ years of experience in Sales and Marketing. RSoft makes your business run transparently and intelligently which projects your brand image and win your customers satisfaction. RSoft is way ahead of other CRM's with its new generation features. entered in  textarea
15:12:38.202 [main] INFO  testCases.TC009_WF3_SN_Weekly - (//td[contains(@class,'today')])[2]
15:12:44.219 [main] INFO  testCases.TC009_WF3_SN_Weekly - [+60] is selected in List
15:12:47.098 [main] INFO  testCases.TC009_WF3_SN_Weekly - 6774015219 entered in  input
15:13:47.199 [main] INFO  testCases.TC009_WF3_SN_Weekly - [+91] is selected in List
15:13:49.981 [main] INFO  testCases.TC009_WF3_SN_Weekly - 7619510592 entered in  input
15:13:51.781 [main] INFO  testCases.TC009_WF3_SN_Weekly - AddNewLead@gmail.com entered in  input
15:13:53.450 [main] INFO  testCases.TC009_WF3_SN_Weekly - Lead about Chatbot entered in  input
15:13:58.105 [main] INFO  testCases.TC009_WF3_SN_Weekly - [+60] is selected in List
15:14:00.888 [main] INFO  testCases.TC009_WF3_SN_Weekly - 3117055948 entered in  input
15:14:02.668 [main] INFO  testCases.TC009_WF3_SN_Weekly - AddNewSales@gmail.com entered in  input
15:15:20.633 [main] INFO  testCases.TC009_WF3_SN_Weekly - testing entered in  input
15:15:21.129 [main] INFO  testCases.TC009_WF3_SN_Weekly - dCr2KGiHBrC2!@ entered in  input
15:15:45.149 [main] INFO  testCases.TC009_WF3_SN_Weekly - Passed: Worflow scheduled to run at 08:00:00 AM on UTC 2024-01-29 02:30:00Schedule TypeWeeklyScheduled Type: Weekly Action type:Send notification for EntityId 93946and Task Id:124
15:31:57.912 [main] INFO  testCases.TC010_WF4_SN_SpecificDate - ******starting WF Schedule SpecificDate****
15:31:57.916 [main] INFO  testCases.TC010_WF4_SN_SpecificDate - Test Execution on Browser: chrome
15:31:57.919 [main] INFO  testCases.TC010_WF4_SN_SpecificDate - Excel file Utility instance created
15:31:59.294 [main] INFO  testCases.TC010_WF4_SN_SpecificDate - Row Count is: 1
15:31:59.692 [main] INFO  testCases.TC010_WF4_SN_SpecificDate - Col Count is: 52
15:31:59.692 [main] INFO  testCases.TC010_WF4_SN_SpecificDate - Extracting DataSheet Values started...
15:32:06.318 [main] INFO  testCases.TC010_WF4_SN_SpecificDate - PN1:4545230217
15:32:06.318 [main] INFO  testCases.TC010_WF4_SN_SpecificDate - PN2:3352512068
15:32:06.319 [main] INFO  testCases.TC010_WF4_SN_SpecificDate - PN3:7999933480
15:32:06.319 [main] INFO  testCases.TC010_WF4_SN_SpecificDate - PN4:3118210760
15:33:19.144 [main] INFO  testCases.TC010_WF4_SN_SpecificDate - ******starting WF Schedule SpecificDate****
15:33:19.160 [main] INFO  testCases.TC010_WF4_SN_SpecificDate - Test Execution on Browser: chrome
15:33:19.160 [main] INFO  testCases.TC010_WF4_SN_SpecificDate - Excel file Utility instance created
15:33:20.477 [main] INFO  testCases.TC010_WF4_SN_SpecificDate - Row Count is: 1
15:33:20.666 [main] INFO  testCases.TC010_WF4_SN_SpecificDate - Col Count is: 52
15:33:20.666 [main] INFO  testCases.TC010_WF4_SN_SpecificDate - Extracting DataSheet Values started...
15:33:27.828 [main] INFO  testCases.TC010_WF4_SN_SpecificDate - PN1:1732387014
15:33:27.828 [main] INFO  testCases.TC010_WF4_SN_SpecificDate - PN2:8355479982
15:33:27.828 [main] INFO  testCases.TC010_WF4_SN_SpecificDate - PN3:3820982694
15:33:27.828 [main] INFO  testCases.TC010_WF4_SN_SpecificDate - PN4:9975192256
15:33:36.801 [main] INFO  testCases.TC010_WF4_SN_SpecificDate - PRIYAN entered in  input
15:33:38.598 [main] INFO  testCases.TC010_WF4_SN_SpecificDate - Sudhakar entered in  input
15:33:40.813 [main] INFO  testCases.TC010_WF4_SN_SpecificDate - Automation@123 entered in  input
15:33:45.778 [main] INFO  testCases.TC010_WF4_SN_SpecificDate - CRM Login Success with:Sudhakar
15:33:45.778 [main] INFO  testCases.TC010_WF4_SN_SpecificDate - User: Sudhakar Passed : Actual Value is: Login SuccessExpected Value is: Login Success
15:33:52.934 [main] INFO  testCases.TC010_WF4_SN_SpecificDate - Clicked Avatar
15:33:54.992 [main] INFO  testCases.TC010_WF4_SN_SpecificDate - Clicked Menu CRM Setting
15:33:55.259 [main] INFO  testCases.TC010_WF4_SN_SpecificDate - Clicked Menu Other Setting
15:33:58.014 [main] INFO  testCases.TC010_WF4_SN_SpecificDate - Clicked Menu Item Workflow
15:33:58.716 [main] INFO  testCases.TC010_WF4_SN_SpecificDate - Clicked Workflow from Combox Box List
15:34:00.729 [main] INFO  testCases.TC010_WF4_SN_SpecificDate - Item to be selected:  CRMScheduleNotification Workflow
15:34:07.718 [main] INFO  testCases.TC010_WF4_SN_SpecificDate - [CRMScheduleNotification Workflow] is selected in List
15:34:07.718 [main] INFO  testCases.TC010_WF4_SN_SpecificDate - Item selected in combox Box  CRMScheduleNotification Workflow
15:34:08.735 [main] INFO  testCases.TC010_WF4_SN_SpecificDate - Selected Module to View its Workflows
15:34:08.752 [main] INFO  testCases.TC010_WF4_SN_SpecificDate - Current Workflow Row item: 1
15:34:08.876 [main] INFO  testCases.TC010_WF4_SN_SpecificDate - Current style of Worflow Status Element captured
15:34:08.876 [main] INFO  testCases.TC010_WF4_SN_SpecificDate - Workflow status: of row item: 1 false
15:34:08.962 [main] INFO  testCases.TC010_WF4_SN_SpecificDate - Actual Module Name:  CRMScheduleNotification
15:34:08.962 [main] INFO  testCases.TC010_WF4_SN_SpecificDate - Actual Workflow Name:  WF6_ScheduleNotify_Yearly
15:34:08.962 [main] INFO  testCases.TC010_WF4_SN_SpecificDate - Actual Exec Condition Name:  schedule
15:34:08.962 [main] INFO  testCases.TC010_WF4_SN_SpecificDate - Module,workflow,conditions not matched 
15:34:08.962 [main] INFO  testCases.TC010_WF4_SN_SpecificDate - bCurrentWFStatus: false
15:34:08.963 [main] INFO  testCases.TC010_WF4_SN_SpecificDate - Current Workflow Row item: 2
15:34:09.016 [main] INFO  testCases.TC010_WF4_SN_SpecificDate - Current style of Worflow Status Element captured
15:34:09.016 [main] INFO  testCases.TC010_WF4_SN_SpecificDate - Workflow status: of row item: 2 false
15:34:09.076 [main] INFO  testCases.TC010_WF4_SN_SpecificDate - Actual Module Name:  CRMScheduleNotification
15:34:09.076 [main] INFO  testCases.TC010_WF4_SN_SpecificDate - Actual Workflow Name:  WF5_ScheduleNotify_MonthByDate
15:34:09.076 [main] INFO  testCases.TC010_WF4_SN_SpecificDate - Actual Exec Condition Name:  schedule
15:34:09.076 [main] INFO  testCases.TC010_WF4_SN_SpecificDate - Module,workflow,conditions not matched 
15:34:09.076 [main] INFO  testCases.TC010_WF4_SN_SpecificDate - bCurrentWFStatus: false
15:34:09.076 [main] INFO  testCases.TC010_WF4_SN_SpecificDate - Current Workflow Row item: 3
15:34:09.132 [main] INFO  testCases.TC010_WF4_SN_SpecificDate - Current style of Worflow Status Element captured
15:34:09.132 [main] INFO  testCases.TC010_WF4_SN_SpecificDate - Workflow status: of row item: 3 false
15:34:09.185 [main] INFO  testCases.TC010_WF4_SN_SpecificDate - Actual Module Name:  CRMScheduleNotification
15:34:09.185 [main] INFO  testCases.TC010_WF4_SN_SpecificDate - Actual Workflow Name:  WF4_ScheduleNotify_SpecificDate
15:34:09.185 [main] INFO  testCases.TC010_WF4_SN_SpecificDate - Actual Exec Condition Name:  schedule
15:34:09.185 [main] INFO  testCases.TC010_WF4_SN_SpecificDate - Module,workflow,condition matches
15:34:09.185 [main] INFO  testCases.TC010_WF4_SN_SpecificDate - bCurrentWFStatus: false
15:34:09.185 [main] INFO  testCases.TC010_WF4_SN_SpecificDate - Current Workflow Row item: 4
15:34:09.250 [main] INFO  testCases.TC010_WF4_SN_SpecificDate - Current style of Worflow Status Element captured
15:34:09.250 [main] INFO  testCases.TC010_WF4_SN_SpecificDate - Workflow status: of row item: 4 true
15:34:09.301 [main] INFO  testCases.TC010_WF4_SN_SpecificDate - Actual Module Name:  CRMScheduleNotification
15:34:09.301 [main] INFO  testCases.TC010_WF4_SN_SpecificDate - Actual Workflow Name:  WF3_ScheduleNotify_Weekly
15:34:09.301 [main] INFO  testCases.TC010_WF4_SN_SpecificDate - Actual Exec Condition Name:  schedule
15:34:09.301 [main] INFO  testCases.TC010_WF4_SN_SpecificDate - Module,workflow,conditions not matched 
15:34:09.301 [main] INFO  testCases.TC010_WF4_SN_SpecificDate - bCurrentWFStatus: true
15:34:09.376 [main] INFO  testCases.TC010_WF4_SN_SpecificDate - WF3_ScheduleNotify_WeeklyWorkflow disabled manually
15:34:09.376 [main] INFO  testCases.TC010_WF4_SN_SpecificDate - Current Workflow Row item: 5
15:34:09.469 [main] INFO  testCases.TC010_WF4_SN_SpecificDate - Current style of Worflow Status Element captured
15:34:09.470 [main] INFO  testCases.TC010_WF4_SN_SpecificDate - Workflow status: of row item: 5 false
15:34:09.576 [main] INFO  testCases.TC010_WF4_SN_SpecificDate - Actual Module Name:  CRMScheduleNotification
15:34:09.576 [main] INFO  testCases.TC010_WF4_SN_SpecificDate - Actual Workflow Name:  WF2_ScheduleNotify_Daily
15:34:09.576 [main] INFO  testCases.TC010_WF4_SN_SpecificDate - Actual Exec Condition Name:  schedule
15:34:09.576 [main] INFO  testCases.TC010_WF4_SN_SpecificDate - Module,workflow,conditions not matched 
15:34:09.576 [main] INFO  testCases.TC010_WF4_SN_SpecificDate - bCurrentWFStatus: false
15:34:09.576 [main] INFO  testCases.TC010_WF4_SN_SpecificDate - Current Workflow Row item: 6
15:34:09.654 [main] INFO  testCases.TC010_WF4_SN_SpecificDate - Current style of Worflow Status Element captured
15:34:09.654 [main] INFO  testCases.TC010_WF4_SN_SpecificDate - Workflow status: of row item: 6 false
15:34:09.704 [main] INFO  testCases.TC010_WF4_SN_SpecificDate - Actual Module Name:  CRMScheduleNotification
15:34:09.704 [main] INFO  testCases.TC010_WF4_SN_SpecificDate - Actual Workflow Name:  WF1_ScheduleNotify_Hourly
15:34:09.704 [main] INFO  testCases.TC010_WF4_SN_SpecificDate - Actual Exec Condition Name:  schedule
15:34:09.704 [main] INFO  testCases.TC010_WF4_SN_SpecificDate - Module,workflow,conditions not matched 
15:34:09.704 [main] INFO  testCases.TC010_WF4_SN_SpecificDate - bCurrentWFStatus: false
15:34:09.788 [main] INFO  testCases.TC010_WF4_SN_SpecificDate - WF1_ScheduleNotify_HourlyDisabled Workflow Manually Enabled
15:34:09.788 [main] INFO  testCases.TC010_WF4_SN_SpecificDate - true:3
15:34:15.409 [main] INFO  testCases.TC010_WF4_SN_SpecificDate - Work flow clicked
15:34:19.862 [main] INFO  testCases.TC010_WF4_SN_SpecificDate - Cliked Step 1 Next Button to Condition Page
15:34:23.391 [main] INFO  testCases.TC010_WF4_SN_SpecificDate - Cliked Step 2 Next Button to Task List Page
15:34:24.400 [main] INFO  testCases.TC010_WF4_SN_SpecificDate - Clicked Workflow and Navigated to Task Page
15:34:24.453 [main] INFO  testCases.TC010_WF4_SN_SpecificDate - Number of Tasks Listed for this Workflow: WF4_ScheduleNotify_SpecificDate : 1
15:34:24.501 [main] INFO  testCases.TC010_WF4_SN_SpecificDate - Is Task Active: 1 : true
15:34:24.702 [main] INFO  testCases.TC010_WF4_SN_SpecificDate - Retrieved Action Type:Send notification
15:34:24.702 [main] INFO  testCases.TC010_WF4_SN_SpecificDate - Retrieved Action Title:NotifySpecificDate
15:34:24.702 [main] INFO  testCases.TC010_WF4_SN_SpecificDate - Action Type and Action Tile matches and also Task Button Enabled
15:34:27.598 [main] INFO  testCases.TC010_WF4_SN_SpecificDate - Clicked Workflow and Navigated to Task Page
15:34:27.598 [main] INFO  testCases.TC010_WF4_SN_SpecificDate - Task Active Send notification  NotifySpecificDate
15:34:39.490 [main] INFO  testCases.TC010_WF4_SN_SpecificDate - [CRMScheduleNotification] is selected in List
15:34:44.590 [main] INFO  testCases.TC010_WF4_SN_SpecificDate - Excel file Utility instance created
15:34:44.695 [main] INFO  testCases.TC010_WF4_SN_SpecificDate - Row Count is: 1
15:34:44.797 [main] INFO  testCases.TC010_WF4_SN_SpecificDate - Col Count is: 52
15:34:44.797 [main] INFO  testCases.TC010_WF4_SN_SpecificDate - Extracting DataSheet Values started...
15:34:46.614 [main] INFO  testCases.TC010_WF4_SN_SpecificDate - Before Adding Module data
15:34:49.787 [main] INFO  testCases.TC010_WF4_SN_SpecificDate - Assinged To Drop Down clicked
15:34:55.180 [main] INFO  testCases.TC010_WF4_SN_SpecificDate - [Sudhakar VE] is selected in List
15:34:55.180 [main] INFO  testCases.TC010_WF4_SN_SpecificDate - Assinged To Value Seleted is::  Sudhakar VE
15:34:56.801 [main] INFO  testCases.TC010_WF4_SN_SpecificDate - Add New Text entered in  input
15:34:56.817 [main] INFO  testCases.TC010_WF4_SN_SpecificDate - Text Value added is::  Add New Text
15:34:58.033 [main] INFO  testCases.TC010_WF4_SN_SpecificDate - Phone NUmber prefix clicked :  
15:35:01.454 [main] INFO  testCases.TC010_WF4_SN_SpecificDate - [+65] is selected in List
15:35:01.454 [main] INFO  testCases.TC010_WF4_SN_SpecificDate - Phone NUmber selected is :  1732387014
15:35:03.137 [main] INFO  testCases.TC010_WF4_SN_SpecificDate - 1732387014 entered in  input
15:35:05.840 [main] INFO  testCases.TC010_WF4_SN_SpecificDate - AddNew@rsoft.in entered in  input
15:35:06.868 [main] INFO  testCases.TC010_WF4_SN_SpecificDate - Email Added is: AddNew@rsoft.in
15:35:08.052 [main] INFO  testCases.TC010_WF4_SN_SpecificDate - Picklist clicked
15:35:09.219 [main] INFO  testCases.TC010_WF4_SN_SpecificDate - Picklist selected: 1
15:36:17.197 [main] INFO  testCases.TC010_WF4_SN_SpecificDate - MultiCombo box values: two
15:36:18.416 [main] INFO  testCases.TC010_WF4_SN_SpecificDate - City Drop Down clicked
15:36:22.066 [main] INFO  testCases.TC010_WF4_SN_SpecificDate - [Kanchipuram] is selected in List
15:36:22.067 [main] INFO  testCases.TC010_WF4_SN_SpecificDate - City Selected: Kanchipuram
15:36:23.295 [main] INFO  testCases.TC010_WF4_SN_SpecificDate - State Drop Down clicked
15:36:27.569 [main] INFO  testCases.TC010_WF4_SN_SpecificDate - [Tamilnadu] is selected in List
15:36:27.570 [main] INFO  testCases.TC010_WF4_SN_SpecificDate - State Selected: Tamilnadu
15:36:28.756 [main] INFO  testCases.TC010_WF4_SN_SpecificDate - Country List clicked
15:36:32.227 [main] INFO  testCases.TC010_WF4_SN_SpecificDate - [India] is selected in List
15:36:32.227 [main] INFO  testCases.TC010_WF4_SN_SpecificDate - Country Selected: India
15:36:33.452 [main] INFO  testCases.TC010_WF4_SN_SpecificDate - Checkbox clicked
15:36:33.616 [main] INFO  testCases.TC010_WF4_SN_SpecificDate - DateBox clicked
15:36:36.632 [main] INFO  testCases.TC010_WF4_SN_SpecificDate - (//td[contains(@class,'today')])[1]
15:36:37.852 [main] INFO  testCases.TC010_WF4_SN_SpecificDate - Today Date Selected
15:36:39.045 [main] INFO  testCases.TC010_WF4_SN_SpecificDate - Time Clicked
15:36:45.701 [main] INFO  testCases.TC010_WF4_SN_SpecificDate - Time Selected is: 02:36 PM
15:36:47.008 [main] INFO  testCases.TC010_WF4_SN_SpecificDate - Date & Time Clicked
15:36:52.012 [main] INFO  testCases.TC010_WF4_SN_SpecificDate - (//td[contains(@class,'today')])[2]
15:36:55.233 [main] INFO  testCases.TC010_WF4_SN_SpecificDate - Clicked Current Date in Date&Time
15:36:55.449 [main] INFO  testCases.TC010_WF4_SN_SpecificDate - Date & Time Selected
15:36:57.775 [main] INFO  testCases.TC010_WF4_SN_SpecificDate - 444444444 entered in  input
15:37:52.669 [main] INFO  testCases.TC010_WF4_SN_SpecificDate - [Mrs.] is selected in List
15:37:54.216 [main] INFO  testCases.TC010_WF4_SN_SpecificDate - Steven entered in  input
15:37:55.864 [main] INFO  testCases.TC010_WF4_SN_SpecificDate - 11111111111 entered in  input
15:37:57.287 [main] INFO  testCases.TC010_WF4_SN_SpecificDate - 10,000 entered in  input
15:37:59.017 [main] INFO  testCases.TC010_WF4_SN_SpecificDate - http://www.google.com/ entered in  input
15:38:02.618 [main] INFO  testCases.TC010_WF4_SN_SpecificDate - [Dr.] is selected in List
15:38:04.147 [main] INFO  testCases.TC010_WF4_SN_SpecificDate - Annie entered in  input
15:38:05.967 [main] INFO  testCases.TC010_WF4_SN_SpecificDate - AddNewEnquiry@gmail.com entered in  input
15:38:07.725 [main] INFO  testCases.TC010_WF4_SN_SpecificDate - Enquiry about Chatbot entered in  input
15:38:14.548 [main] INFO  testCases.TC010_WF4_SN_SpecificDate - RSoft World-Class CRM Software (Customer Relationship Management) solution has been helping all kinds of small and medium businesses to organise, automate and improve their business. Our 15+ years of experience in Sales and Marketing. RSoft makes your business run transparently and intelligently which projects your brand image and win your customers satisfaction. RSoft is way ahead of other CRM's with its new generation features. entered in  textarea
15:38:17.763 [main] INFO  testCases.TC010_WF4_SN_SpecificDate - (//td[contains(@class,'today')])[2]
15:38:23.944 [main] INFO  testCases.TC010_WF4_SN_SpecificDate - [+60] is selected in List
15:38:26.704 [main] INFO  testCases.TC010_WF4_SN_SpecificDate - 8355479982 entered in  input
15:39:26.773 [main] INFO  testCases.TC010_WF4_SN_SpecificDate - [+91] is selected in List
