16:14:31.695 [main] INFO  testCases.WebForms.TC039_WF_RRYN_OneYN_TwoY - Clicked Menu User Access Control
16:14:35.369 [main] INFO  testCases.WebForms.TC039_WF_RRYN_OneYN_TwoY - Clicked Avatar
16:14:39.119 [main] INFO  testCases.WebForms.TC039_WF_RRYN_OneYN_TwoY - Clicked Menu CRM Setting
16:14:39.249 [main] INFO  testCases.WebForms.TC039_WF_RRYN_OneYN_TwoY - Clicked Integration
16:14:51.082 [main] INFO  testCases.WebForms.TC039_WF_RRYN_OneYN_TwoY - [ETNotification Webform] is selected in List
16:14:55.645 [main] INFO  testCases.WebForms.TC039_WF_RRYN_OneYN_TwoY - [ETNotification Webform] is selected in List
16:15:43.535 [main] INFO  utilities.UtilityCustomFunctions - Actual:Sandra Jeremy
16:15:43.536 [main] INFO  utilities.UtilityCustomFunctions - Expected:Sandra Jeremy
16:15:43.536 [main] INFO  utilities.UtilityCustomFunctions - Message:AssignedTo Value
16:15:44.771 [main] INFO  utilities.UtilityCustomFunctions - Actual:+91
16:15:44.771 [main] INFO  utilities.UtilityCustomFunctions - Expected:+91
16:15:44.771 [main] INFO  utilities.UtilityCustomFunctions - Message:Mobile Number Prefix
16:15:46.020 [main] INFO  utilities.UtilityCustomFunctions - Actual:9840040248
16:15:46.020 [main] INFO  utilities.UtilityCustomFunctions - Expected:9840040248
16:15:46.020 [main] INFO  utilities.UtilityCustomFunctions - Message:Mobile Number
16:15:47.256 [main] INFO  utilities.UtilityCustomFunctions - Actual:Julia@rsoft.in
16:15:47.256 [main] INFO  utilities.UtilityCustomFunctions - Expected:Julia@rsoft.in
16:15:47.256 [main] INFO  utilities.UtilityCustomFunctions - Message:Email
16:15:48.489 [main] INFO  utilities.UtilityCustomFunctions - Actual:Welcome to Automation World...!
16:15:48.489 [main] INFO  utilities.UtilityCustomFunctions - Expected:Welcome to Automation World...!
16:15:48.489 [main] INFO  utilities.UtilityCustomFunctions - Message:Text
16:15:49.721 [main] INFO  utilities.UtilityCustomFunctions - Actual:three
16:15:49.721 [main] INFO  utilities.UtilityCustomFunctions - Expected:three
16:15:49.721 [main] INFO  utilities.UtilityCustomFunctions - Message:MultiSelect
16:15:50.938 [main] INFO  utilities.UtilityCustomFunctions - Actual:Goa
16:15:50.938 [main] INFO  utilities.UtilityCustomFunctions - Expected:Goa
16:15:50.938 [main] INFO  utilities.UtilityCustomFunctions - Message:MultiChoice State
16:16:08.883 [main] INFO  utilities.UtilityCustomFunctions - Actual:Smith Gregory
16:16:08.883 [main] INFO  utilities.UtilityCustomFunctions - Expected:Lisa
16:16:08.883 [main] INFO  utilities.UtilityCustomFunctions - Message:AssignedTo Value
16:16:10.120 [main] INFO  utilities.UtilityCustomFunctions - Actual:+91
16:16:10.120 [main] INFO  utilities.UtilityCustomFunctions - Expected:+91
16:16:10.120 [main] INFO  utilities.UtilityCustomFunctions - Message:Mobile Number Prefix
16:16:11.402 [main] INFO  utilities.UtilityCustomFunctions - Actual:9840078809
16:16:11.402 [main] INFO  utilities.UtilityCustomFunctions - Expected:9840078809
16:16:11.402 [main] INFO  utilities.UtilityCustomFunctions - Message:Mobile Number
16:16:12.621 [main] INFO  utilities.UtilityCustomFunctions - Actual:Jean@rsoft.in
16:16:12.621 [main] INFO  utilities.UtilityCustomFunctions - Expected:Jean@rsoft.in
16:16:12.621 [main] INFO  utilities.UtilityCustomFunctions - Message:Email
16:16:13.822 [main] INFO  utilities.UtilityCustomFunctions - Actual:Welcome to Automation World...!
16:16:13.822 [main] INFO  utilities.UtilityCustomFunctions - Expected:Welcome to Automation World...!
16:16:13.822 [main] INFO  utilities.UtilityCustomFunctions - Message:Text
16:16:15.053 [main] INFO  utilities.UtilityCustomFunctions - Actual:five
16:16:15.053 [main] INFO  utilities.UtilityCustomFunctions - Expected:five
16:16:15.053 [main] INFO  utilities.UtilityCustomFunctions - Message:MultiSelect
16:16:16.271 [main] INFO  utilities.UtilityCustomFunctions - Actual:Delhi
16:16:16.271 [main] INFO  utilities.UtilityCustomFunctions - Expected:Delhi
16:16:16.271 [main] INFO  utilities.UtilityCustomFunctions - Message:MultiChoice State
16:16:32.632 [main] INFO  utilities.UtilityCustomFunctions - Actual:Lisa Noah
16:16:32.632 [main] INFO  utilities.UtilityCustomFunctions - Expected:Sandra
16:16:32.632 [main] INFO  utilities.UtilityCustomFunctions - Message:AssignedTo Value
16:16:33.871 [main] INFO  utilities.UtilityCustomFunctions - Actual:+91
16:16:33.871 [main] INFO  utilities.UtilityCustomFunctions - Expected:+91
16:16:33.871 [main] INFO  utilities.UtilityCustomFunctions - Message:Mobile Number Prefix
16:16:35.071 [main] INFO  utilities.UtilityCustomFunctions - Actual:9840017105
16:16:35.071 [main] INFO  utilities.UtilityCustomFunctions - Expected:9840017105
16:16:35.071 [main] INFO  utilities.UtilityCustomFunctions - Message:Mobile Number
16:16:36.383 [main] INFO  utilities.UtilityCustomFunctions - Actual:Beverly@rsoft.in
16:16:36.383 [main] INFO  utilities.UtilityCustomFunctions - Expected:Beverly@rsoft.in
16:16:36.383 [main] INFO  utilities.UtilityCustomFunctions - Message:Email
16:16:37.636 [main] INFO  utilities.UtilityCustomFunctions - Actual:Welcome to Automation World...!
16:16:37.636 [main] INFO  utilities.UtilityCustomFunctions - Expected:Welcome to Automation World...!
16:16:37.636 [main] INFO  utilities.UtilityCustomFunctions - Message:Text
16:16:38.839 [main] INFO  utilities.UtilityCustomFunctions - Actual:two
16:16:38.839 [main] INFO  utilities.UtilityCustomFunctions - Expected:two
16:16:38.839 [main] INFO  utilities.UtilityCustomFunctions - Message:MultiSelect
16:16:40.118 [main] INFO  utilities.UtilityCustomFunctions - Actual:Bihar
16:16:40.118 [main] INFO  utilities.UtilityCustomFunctions - Expected:Bihar
16:16:40.118 [main] INFO  utilities.UtilityCustomFunctions - Message:MultiChoice State
16:16:56.528 [main] INFO  utilities.UtilityCustomFunctions - Actual:Valdo Frank
16:16:56.528 [main] INFO  utilities.UtilityCustomFunctions - Expected:Lisa
16:16:56.528 [main] INFO  utilities.UtilityCustomFunctions - Message:AssignedTo Value
16:16:57.770 [main] INFO  utilities.UtilityCustomFunctions - Actual:+91
16:16:57.770 [main] INFO  utilities.UtilityCustomFunctions - Expected:+91
16:16:57.770 [main] INFO  utilities.UtilityCustomFunctions - Message:Mobile Number Prefix
16:16:58.987 [main] INFO  utilities.UtilityCustomFunctions - Actual:9840000724
16:16:58.987 [main] INFO  utilities.UtilityCustomFunctions - Expected:9840000724
16:16:58.987 [main] INFO  utilities.UtilityCustomFunctions - Message:Mobile Number
16:17:00.204 [main] INFO  utilities.UtilityCustomFunctions - Actual:Theresa@rsoft.in
16:17:00.204 [main] INFO  utilities.UtilityCustomFunctions - Expected:Theresa@rsoft.in
16:17:00.204 [main] INFO  utilities.UtilityCustomFunctions - Message:Email
16:17:01.421 [main] INFO  utilities.UtilityCustomFunctions - Actual:Welcome to Automation World...!
16:17:01.421 [main] INFO  utilities.UtilityCustomFunctions - Expected:Welcome to Automation World...!
16:17:01.421 [main] INFO  utilities.UtilityCustomFunctions - Message:Text
16:17:02.654 [main] INFO  utilities.UtilityCustomFunctions - Actual:five
16:17:02.654 [main] INFO  utilities.UtilityCustomFunctions - Expected:five
16:17:02.654 [main] INFO  utilities.UtilityCustomFunctions - Message:MultiSelect
16:17:03.874 [main] INFO  utilities.UtilityCustomFunctions - Actual:Delhi
16:17:03.874 [main] INFO  utilities.UtilityCustomFunctions - Expected:Delhi
16:17:03.874 [main] INFO  utilities.UtilityCustomFunctions - Message:MultiChoice State
16:17:19.865 [main] INFO  utilities.UtilityCustomFunctions - Actual:Sandra Jeremy
16:17:19.865 [main] INFO  utilities.UtilityCustomFunctions - Expected:Sandra Jeremy
16:17:19.865 [main] INFO  utilities.UtilityCustomFunctions - Message:AssignedTo Value
16:17:21.095 [main] INFO  utilities.UtilityCustomFunctions - Actual:+91
16:17:21.095 [main] INFO  utilities.UtilityCustomFunctions - Expected:+91
16:17:21.095 [main] INFO  utilities.UtilityCustomFunctions - Message:Mobile Number Prefix
16:17:22.352 [main] INFO  utilities.UtilityCustomFunctions - Actual:9840082961
16:17:22.352 [main] INFO  utilities.UtilityCustomFunctions - Expected:9840082961
16:17:22.352 [main] INFO  utilities.UtilityCustomFunctions - Message:Mobile Number
16:17:23.570 [main] INFO  utilities.UtilityCustomFunctions - Actual:Alexis@rsoft.in
16:17:23.570 [main] INFO  utilities.UtilityCustomFunctions - Expected:Alexis@rsoft.in
16:17:23.570 [main] INFO  utilities.UtilityCustomFunctions - Message:Email
16:17:24.851 [main] INFO  utilities.UtilityCustomFunctions - Actual:Welcome to Automation World...!
16:17:24.851 [main] INFO  utilities.UtilityCustomFunctions - Expected:Welcome to Automation World...!
16:17:24.851 [main] INFO  utilities.UtilityCustomFunctions - Message:Text
16:17:26.069 [main] INFO  utilities.UtilityCustomFunctions - Actual:two
16:17:26.069 [main] INFO  utilities.UtilityCustomFunctions - Expected:two
16:17:26.069 [main] INFO  utilities.UtilityCustomFunctions - Message:MultiSelect
16:17:27.303 [main] INFO  utilities.UtilityCustomFunctions - Actual:Goa
16:17:27.303 [main] INFO  utilities.UtilityCustomFunctions - Expected:Goa
16:17:27.303 [main] INFO  utilities.UtilityCustomFunctions - Message:MultiChoice State
16:17:52.086 [main] INFO  utilities.UtilityCustomFunctions - Actual:Smith Gregory
16:17:52.086 [main] INFO  utilities.UtilityCustomFunctions - Expected:Lisa
16:17:52.086 [main] INFO  utilities.UtilityCustomFunctions - Message:AssignedTo Value
16:17:53.302 [main] INFO  utilities.UtilityCustomFunctions - Actual:+91
16:17:53.302 [main] INFO  utilities.UtilityCustomFunctions - Expected:+91
16:17:53.302 [main] INFO  utilities.UtilityCustomFunctions - Message:Mobile Number Prefix
16:17:54.544 [main] INFO  utilities.UtilityCustomFunctions - Actual:9840037748
16:17:54.544 [main] INFO  utilities.UtilityCustomFunctions - Expected:9840037748
16:17:54.544 [main] INFO  utilities.UtilityCustomFunctions - Message:Mobile Number
16:17:55.754 [main] INFO  utilities.UtilityCustomFunctions - Actual:Lori@rsoft.in
16:17:55.754 [main] INFO  utilities.UtilityCustomFunctions - Expected:Lori@rsoft.in
16:17:55.754 [main] INFO  utilities.UtilityCustomFunctions - Message:Email
16:17:57.018 [main] INFO  utilities.UtilityCustomFunctions - Actual:Welcome to Automation World...!
16:17:57.018 [main] INFO  utilities.UtilityCustomFunctions - Expected:Welcome to Automation World...!
16:17:57.018 [main] INFO  utilities.UtilityCustomFunctions - Message:Text
16:17:58.220 [main] INFO  utilities.UtilityCustomFunctions - Actual:four
16:17:58.220 [main] INFO  utilities.UtilityCustomFunctions - Expected:four
16:17:58.220 [main] INFO  utilities.UtilityCustomFunctions - Message:MultiSelect
16:17:59.437 [main] INFO  utilities.UtilityCustomFunctions - Actual:Delhi
16:17:59.437 [main] INFO  utilities.UtilityCustomFunctions - Expected:Delhi
16:17:59.437 [main] INFO  utilities.UtilityCustomFunctions - Message:MultiChoice State
16:23:17.222 [main] INFO  testCases.WebForms.TC039_WF_RRYN_OneYN_TwoY - Test Execution on Browser: chrome
16:23:17.491 [main] INFO  testCases.WebForms.TC039_WF_RRYN_OneYN_TwoY - Excel file Utility instance created
16:23:19.427 [main] INFO  testCases.WebForms.TC039_WF_RRYN_OneYN_TwoY - Row Count is: 17
16:23:19.601 [main] INFO  testCases.WebForms.TC039_WF_RRYN_OneYN_TwoY - Col Count is: 15
16:23:28.140 [main] INFO  utilities.UtilityCustomFunctions - PRIYAN entered in  input
16:23:30.271 [main] INFO  utilities.UtilityCustomFunctions - rsoft entered in  input
16:23:31.838 [main] INFO  utilities.UtilityCustomFunctions - RSoft!@345 entered in  input
16:23:42.496 [main] INFO  testCases.WebForms.TC039_WF_RRYN_OneYN_TwoY - Clicked Avatar
16:23:46.747 [main] INFO  testCases.WebForms.TC039_WF_RRYN_OneYN_TwoY - Clicked Menu CRM Setting
16:23:49.040 [main] INFO  testCases.WebForms.TC039_WF_RRYN_OneYN_TwoY - Clicked Menu User Access Control
16:23:52.735 [main] INFO  testCases.WebForms.TC039_WF_RRYN_OneYN_TwoY - Clicked Avatar
16:23:56.375 [main] INFO  testCases.WebForms.TC039_WF_RRYN_OneYN_TwoY - Clicked Menu CRM Setting
16:23:56.567 [main] INFO  testCases.WebForms.TC039_WF_RRYN_OneYN_TwoY - Clicked Integration
16:24:08.278 [main] INFO  testCases.WebForms.TC039_WF_RRYN_OneYN_TwoY - [ETNotification Webform] is selected in List
16:24:12.853 [main] INFO  testCases.WebForms.TC039_WF_RRYN_OneYN_TwoY - [ETNotification Webform] is selected in List
16:24:59.439 [main] INFO  utilities.UtilityCustomFunctions - Actual:Carol Gerald
16:24:59.439 [main] INFO  utilities.UtilityCustomFunctions - Expected:Carol Gerald
16:24:59.439 [main] INFO  utilities.UtilityCustomFunctions - Message:AssignedTo Value
16:25:00.711 [main] INFO  utilities.UtilityCustomFunctions - Actual:+91
16:25:00.711 [main] INFO  utilities.UtilityCustomFunctions - Expected:+91
16:25:00.711 [main] INFO  utilities.UtilityCustomFunctions - Message:Mobile Number Prefix
16:25:01.945 [main] INFO  utilities.UtilityCustomFunctions - Actual:9840027434
16:25:01.945 [main] INFO  utilities.UtilityCustomFunctions - Expected:9840027434
16:25:01.945 [main] INFO  utilities.UtilityCustomFunctions - Message:Mobile Number
16:25:03.163 [main] INFO  utilities.UtilityCustomFunctions - Actual:Grace@rsoft.in
16:25:03.163 [main] INFO  utilities.UtilityCustomFunctions - Expected:Grace@rsoft.in
16:25:03.163 [main] INFO  utilities.UtilityCustomFunctions - Message:Email
16:25:04.397 [main] INFO  utilities.UtilityCustomFunctions - Actual:Welcome to Automation World...!
16:25:04.397 [main] INFO  utilities.UtilityCustomFunctions - Expected:Welcome to Automation World...!
16:25:04.397 [main] INFO  utilities.UtilityCustomFunctions - Message:Text
16:25:05.628 [main] INFO  utilities.UtilityCustomFunctions - Actual:one
16:25:05.628 [main] INFO  utilities.UtilityCustomFunctions - Expected:one
16:25:05.628 [main] INFO  utilities.UtilityCustomFunctions - Message:MultiSelect
16:25:06.909 [main] INFO  utilities.UtilityCustomFunctions - Actual:Bihar
16:25:06.909 [main] INFO  utilities.UtilityCustomFunctions - Expected:Bihar
16:25:06.909 [main] INFO  utilities.UtilityCustomFunctions - Message:MultiChoice State
16:25:23.471 [main] INFO  utilities.UtilityCustomFunctions - Actual:Patricia Aaron
16:25:23.471 [main] INFO  utilities.UtilityCustomFunctions - Expected:Michelle
16:25:23.471 [main] INFO  utilities.UtilityCustomFunctions - Message:AssignedTo Value
16:25:24.711 [main] INFO  utilities.UtilityCustomFunctions - Actual:+91
16:25:24.711 [main] INFO  utilities.UtilityCustomFunctions - Expected:+91
16:25:24.711 [main] INFO  utilities.UtilityCustomFunctions - Message:Mobile Number Prefix
16:25:25.914 [main] INFO  utilities.UtilityCustomFunctions - Actual:9840003802
16:25:25.914 [main] INFO  utilities.UtilityCustomFunctions - Expected:9840003802
16:25:25.914 [main] INFO  utilities.UtilityCustomFunctions - Message:Mobile Number
16:25:27.194 [main] INFO  utilities.UtilityCustomFunctions - Actual:Amber@rsoft.in
16:25:27.194 [main] INFO  utilities.UtilityCustomFunctions - Expected:Amber@rsoft.in
16:25:27.194 [main] INFO  utilities.UtilityCustomFunctions - Message:Email
16:25:28.397 [main] INFO  utilities.UtilityCustomFunctions - Actual:Welcome to Automation World...!
16:25:28.397 [main] INFO  utilities.UtilityCustomFunctions - Expected:Welcome to Automation World...!
16:25:28.397 [main] INFO  utilities.UtilityCustomFunctions - Message:Text
16:25:29.660 [main] INFO  utilities.UtilityCustomFunctions - Actual:one
16:25:29.660 [main] INFO  utilities.UtilityCustomFunctions - Expected:one
16:25:29.660 [main] INFO  utilities.UtilityCustomFunctions - Message:MultiSelect
16:25:30.863 [main] INFO  utilities.UtilityCustomFunctions - Actual:Goa
16:25:30.863 [main] INFO  utilities.UtilityCustomFunctions - Expected:Goa
16:25:30.879 [main] INFO  utilities.UtilityCustomFunctions - Message:MultiChoice State
16:25:47.969 [main] INFO  utilities.UtilityCustomFunctions - Actual:Michelle Sean
16:25:47.970 [main] INFO  utilities.UtilityCustomFunctions - Expected:Carol
16:25:47.970 [main] INFO  utilities.UtilityCustomFunctions - Message:AssignedTo Value
16:25:49.195 [main] INFO  utilities.UtilityCustomFunctions - Actual:+91
16:25:49.195 [main] INFO  utilities.UtilityCustomFunctions - Expected:+91
16:25:49.195 [main] INFO  utilities.UtilityCustomFunctions - Message:Mobile Number Prefix
16:25:50.443 [main] INFO  utilities.UtilityCustomFunctions - Actual:9840059271
16:25:50.443 [main] INFO  utilities.UtilityCustomFunctions - Expected:9840059271
16:25:50.443 [main] INFO  utilities.UtilityCustomFunctions - Message:Mobile Number
16:25:51.712 [main] INFO  utilities.UtilityCustomFunctions - Actual:Frances@rsoft.in
16:25:51.712 [main] INFO  utilities.UtilityCustomFunctions - Expected:Frances@rsoft.in
16:25:51.712 [main] INFO  utilities.UtilityCustomFunctions - Message:Email
16:25:52.928 [main] INFO  utilities.UtilityCustomFunctions - Actual:Welcome to Automation World...!
16:25:52.928 [main] INFO  utilities.UtilityCustomFunctions - Expected:Welcome to Automation World...!
16:25:52.928 [main] INFO  utilities.UtilityCustomFunctions - Message:Text
16:25:54.146 [main] INFO  utilities.UtilityCustomFunctions - Actual:one
16:25:54.146 [main] INFO  utilities.UtilityCustomFunctions - Expected:one
16:25:54.146 [main] INFO  utilities.UtilityCustomFunctions - Message:MultiSelect
16:25:55.362 [main] INFO  utilities.UtilityCustomFunctions - Actual:Delhi
16:25:55.362 [main] INFO  utilities.UtilityCustomFunctions - Expected:Delhi
16:25:55.362 [main] INFO  utilities.UtilityCustomFunctions - Message:MultiChoice State
16:26:11.255 [main] INFO  utilities.UtilityCustomFunctions - Actual:Amanda Carl
16:26:11.255 [main] INFO  utilities.UtilityCustomFunctions - Expected:Michelle
16:26:11.255 [main] INFO  utilities.UtilityCustomFunctions - Message:AssignedTo Value
16:26:12.509 [main] INFO  utilities.UtilityCustomFunctions - Actual:+91
16:26:12.509 [main] INFO  utilities.UtilityCustomFunctions - Expected:+91
16:26:12.509 [main] INFO  utilities.UtilityCustomFunctions - Message:Mobile Number Prefix
16:26:13.760 [main] INFO  utilities.UtilityCustomFunctions - Actual:9840021666
16:26:13.760 [main] INFO  utilities.UtilityCustomFunctions - Expected:9840021666
16:26:13.760 [main] INFO  utilities.UtilityCustomFunctions - Message:Mobile Number
16:26:15.011 [main] INFO  utilities.UtilityCustomFunctions - Actual:Marilyn@rsoft.in
16:26:15.024 [main] INFO  utilities.UtilityCustomFunctions - Expected:Marilyn@rsoft.in
16:26:15.024 [main] INFO  utilities.UtilityCustomFunctions - Message:Email
16:26:16.229 [main] INFO  utilities.UtilityCustomFunctions - Actual:Welcome to Automation World...!
16:26:16.229 [main] INFO  utilities.UtilityCustomFunctions - Expected:Welcome to Automation World...!
16:26:16.229 [main] INFO  utilities.UtilityCustomFunctions - Message:Text
16:26:17.477 [main] INFO  utilities.UtilityCustomFunctions - Actual:one
16:26:17.477 [main] INFO  utilities.UtilityCustomFunctions - Expected:one
16:26:17.477 [main] INFO  utilities.UtilityCustomFunctions - Message:MultiSelect
16:26:18.696 [main] INFO  utilities.UtilityCustomFunctions - Actual:Delhi
16:26:18.696 [main] INFO  utilities.UtilityCustomFunctions - Expected:Delhi
16:26:18.696 [main] INFO  utilities.UtilityCustomFunctions - Message:MultiChoice State
16:26:36.407 [main] INFO  utilities.UtilityCustomFunctions - Actual:Carol Gerald
16:26:36.407 [main] INFO  utilities.UtilityCustomFunctions - Expected:Carol Gerald
16:26:36.407 [main] INFO  utilities.UtilityCustomFunctions - Message:AssignedTo Value
16:26:37.760 [main] INFO  utilities.UtilityCustomFunctions - Actual:+91
16:26:37.760 [main] INFO  utilities.UtilityCustomFunctions - Expected:+91
16:26:37.760 [main] INFO  utilities.UtilityCustomFunctions - Message:Mobile Number Prefix
16:26:39.156 [main] INFO  utilities.UtilityCustomFunctions - Actual:9840057355
16:26:39.163 [main] INFO  utilities.UtilityCustomFunctions - Expected:9840057355
16:26:39.163 [main] INFO  utilities.UtilityCustomFunctions - Message:Mobile Number
16:26:40.378 [main] INFO  utilities.UtilityCustomFunctions - Actual:Kayla@rsoft.in
16:26:40.378 [main] INFO  utilities.UtilityCustomFunctions - Expected:Kayla@rsoft.in
16:26:40.378 [main] INFO  utilities.UtilityCustomFunctions - Message:Email
16:26:41.625 [main] INFO  utilities.UtilityCustomFunctions - Actual:Welcome to Automation World...!
16:26:41.625 [main] INFO  utilities.UtilityCustomFunctions - Expected:Welcome to Automation World...!
16:26:41.625 [main] INFO  utilities.UtilityCustomFunctions - Message:Text
16:26:42.869 [main] INFO  utilities.UtilityCustomFunctions - Actual:one
16:26:42.869 [main] INFO  utilities.UtilityCustomFunctions - Expected:one
16:26:42.869 [main] INFO  utilities.UtilityCustomFunctions - Message:MultiSelect
16:26:44.109 [main] INFO  utilities.UtilityCustomFunctions - Actual:Tamilnadu
16:26:44.109 [main] INFO  utilities.UtilityCustomFunctions - Expected:Tamilnadu
16:26:44.109 [main] INFO  utilities.UtilityCustomFunctions - Message:MultiChoice State
16:30:34.634 [main] INFO  testCases.WebForms.TC039_WF_RRYN_OneYN_TwoY - Test Execution on Browser: chrome
16:30:34.745 [main] INFO  testCases.WebForms.TC039_WF_RRYN_OneYN_TwoY - Excel file Utility instance created
16:30:36.670 [main] INFO  testCases.WebForms.TC039_WF_RRYN_OneYN_TwoY - Row Count is: 17
16:30:36.839 [main] INFO  testCases.WebForms.TC039_WF_RRYN_OneYN_TwoY - Col Count is: 15
16:30:46.181 [main] INFO  utilities.UtilityCustomFunctions - PRIYAN entered in  input
16:30:48.487 [main] INFO  utilities.UtilityCustomFunctions - rsoft entered in  input
16:30:50.181 [main] INFO  utilities.UtilityCustomFunctions - RSoft!@345 entered in  input
16:31:02.312 [main] INFO  testCases.WebForms.TC039_WF_RRYN_OneYN_TwoY - Clicked Avatar
16:31:06.609 [main] INFO  testCases.WebForms.TC039_WF_RRYN_OneYN_TwoY - Clicked Menu CRM Setting
16:31:08.910 [main] INFO  testCases.WebForms.TC039_WF_RRYN_OneYN_TwoY - Clicked Menu User Access Control
16:31:12.772 [main] INFO  testCases.WebForms.TC039_WF_RRYN_OneYN_TwoY - Clicked Avatar
16:31:16.534 [main] INFO  testCases.WebForms.TC039_WF_RRYN_OneYN_TwoY - Clicked Menu CRM Setting
16:31:16.769 [main] INFO  testCases.WebForms.TC039_WF_RRYN_OneYN_TwoY - Clicked Integration
16:31:28.764 [main] INFO  testCases.WebForms.TC039_WF_RRYN_OneYN_TwoY - [ETNotification Webform] is selected in List
16:31:33.388 [main] INFO  testCases.WebForms.TC039_WF_RRYN_OneYN_TwoY - [ETNotification Webform] is selected in List
16:32:21.299 [main] INFO  utilities.UtilityCustomFunctions - Actual:Cynthia Arthur
16:32:21.299 [main] INFO  utilities.UtilityCustomFunctions - Expected:Cynthia Arthur
16:32:21.299 [main] INFO  utilities.UtilityCustomFunctions - Message:AssignedTo Value
16:32:22.570 [main] INFO  utilities.UtilityCustomFunctions - Actual:+91
16:32:22.570 [main] INFO  utilities.UtilityCustomFunctions - Expected:+91
16:32:22.570 [main] INFO  utilities.UtilityCustomFunctions - Message:Mobile Number Prefix
16:32:23.788 [main] INFO  utilities.UtilityCustomFunctions - Actual:9840064040
16:32:23.788 [main] INFO  utilities.UtilityCustomFunctions - Expected:9840064040
16:32:23.788 [main] INFO  utilities.UtilityCustomFunctions - Message:Mobile Number
16:32:25.005 [main] INFO  utilities.UtilityCustomFunctions - Actual:Alice@rsoft.in
16:32:25.005 [main] INFO  utilities.UtilityCustomFunctions - Expected:Alice@rsoft.in
16:32:25.005 [main] INFO  utilities.UtilityCustomFunctions - Message:Email
16:32:26.269 [main] INFO  utilities.UtilityCustomFunctions - Actual:Welcome to Automation World...!
16:32:26.269 [main] INFO  utilities.UtilityCustomFunctions - Expected:Welcome to Automation World...!
16:32:26.269 [main] INFO  utilities.UtilityCustomFunctions - Message:Text
16:32:27.488 [main] INFO  utilities.UtilityCustomFunctions - Actual:two
16:32:27.488 [main] INFO  utilities.UtilityCustomFunctions - Expected:two
16:32:27.488 [main] INFO  utilities.UtilityCustomFunctions - Message:MultiSelect
16:32:28.689 [main] INFO  utilities.UtilityCustomFunctions - Actual:Tamilnadu
16:32:28.689 [main] INFO  utilities.UtilityCustomFunctions - Expected:Tamilnadu
16:32:28.689 [main] INFO  utilities.UtilityCustomFunctions - Message:MultiChoice State
16:32:45.114 [main] INFO  utilities.UtilityCustomFunctions - Actual:Rebecca Jesse
16:32:45.114 [main] INFO  utilities.UtilityCustomFunctions - Expected:Rebecca Jesse
16:32:45.114 [main] INFO  utilities.UtilityCustomFunctions - Message:AssignedTo Value
16:32:46.338 [main] INFO  utilities.UtilityCustomFunctions - Actual:+91
16:32:46.338 [main] INFO  utilities.UtilityCustomFunctions - Expected:+91
16:32:46.338 [main] INFO  utilities.UtilityCustomFunctions - Message:Mobile Number Prefix
16:32:47.571 [main] INFO  utilities.UtilityCustomFunctions - Actual:9840070716
16:32:47.571 [main] INFO  utilities.UtilityCustomFunctions - Expected:9840070716
16:32:47.571 [main] INFO  utilities.UtilityCustomFunctions - Message:Mobile Number
16:32:48.773 [main] INFO  utilities.UtilityCustomFunctions - Actual:Testing@rsoft.in
16:32:48.773 [main] INFO  utilities.UtilityCustomFunctions - Expected:Testing@rsoft.in
16:32:48.773 [main] INFO  utilities.UtilityCustomFunctions - Message:Email
16:32:50.046 [main] INFO  utilities.UtilityCustomFunctions - Actual:Testing
16:32:50.046 [main] INFO  utilities.UtilityCustomFunctions - Expected:Testing
16:32:50.046 [main] INFO  utilities.UtilityCustomFunctions - Message:Text
16:32:51.265 [main] INFO  utilities.UtilityCustomFunctions - Actual:three
16:32:51.265 [main] INFO  utilities.UtilityCustomFunctions - Expected:three
16:32:51.265 [main] INFO  utilities.UtilityCustomFunctions - Message:MultiSelect
16:32:52.504 [main] INFO  utilities.UtilityCustomFunctions - Actual:Tamilnadu
16:32:52.504 [main] INFO  utilities.UtilityCustomFunctions - Expected:Tamilnadu
16:32:52.504 [main] INFO  utilities.UtilityCustomFunctions - Message:MultiChoice State
16:33:09.032 [main] INFO  utilities.UtilityCustomFunctions - Actual:Stephanie Jordan
16:33:09.032 [main] INFO  utilities.UtilityCustomFunctions - Expected:Stephanie Jordan
16:33:09.032 [main] INFO  utilities.UtilityCustomFunctions - Message:AssignedTo Value
16:33:10.239 [main] INFO  utilities.UtilityCustomFunctions - Actual:+91
16:33:10.239 [main] INFO  utilities.UtilityCustomFunctions - Expected:+91
16:33:10.239 [main] INFO  utilities.UtilityCustomFunctions - Message:Mobile Number Prefix
16:33:11.504 [main] INFO  utilities.UtilityCustomFunctions - Actual:9840073579
16:33:11.504 [main] INFO  utilities.UtilityCustomFunctions - Expected:9840073579
16:33:11.504 [main] INFO  utilities.UtilityCustomFunctions - Message:Mobile Number
16:33:12.753 [main] INFO  utilities.UtilityCustomFunctions - Actual:Danielle@rsoft.in
16:33:12.753 [main] INFO  utilities.UtilityCustomFunctions - Expected:Danielle@rsoft.in
16:33:12.753 [main] INFO  utilities.UtilityCustomFunctions - Message:Email
16:33:13.955 [main] INFO  utilities.UtilityCustomFunctions - Actual:Welcome to Automation World...!
16:33:13.955 [main] INFO  utilities.UtilityCustomFunctions - Expected:Welcome to Automation World...!
16:33:13.955 [main] INFO  utilities.UtilityCustomFunctions - Message:Text
16:33:15.155 [main] INFO  utilities.UtilityCustomFunctions - Actual:four
16:33:15.155 [main] INFO  utilities.UtilityCustomFunctions - Expected:four
16:33:15.155 [main] INFO  utilities.UtilityCustomFunctions - Message:MultiSelect
16:33:16.361 [main] INFO  utilities.UtilityCustomFunctions - Actual:Tamilnadu
16:33:16.361 [main] INFO  utilities.UtilityCustomFunctions - Expected:Tamilnadu
16:33:16.361 [main] INFO  utilities.UtilityCustomFunctions - Message:MultiChoice State
16:33:31.965 [main] INFO  utilities.UtilityCustomFunctions - Actual:Sharon Bryan
16:33:31.965 [main] INFO  utilities.UtilityCustomFunctions - Expected:Sharon Bryan
16:33:31.965 [main] INFO  utilities.UtilityCustomFunctions - Message:AssignedTo Value
16:33:33.171 [main] INFO  utilities.UtilityCustomFunctions - Actual:+91
16:33:33.171 [main] INFO  utilities.UtilityCustomFunctions - Expected:+91
16:33:33.171 [main] INFO  utilities.UtilityCustomFunctions - Message:Mobile Number Prefix
16:33:34.404 [main] INFO  utilities.UtilityCustomFunctions - Actual:9840013209
16:33:34.404 [main] INFO  utilities.UtilityCustomFunctions - Expected:9840013209
16:33:34.404 [main] INFO  utilities.UtilityCustomFunctions - Message:Mobile Number
16:33:35.621 [main] INFO  utilities.UtilityCustomFunctions - Actual:Brittany@rsoft.in
16:33:35.621 [main] INFO  utilities.UtilityCustomFunctions - Expected:Brittany@rsoft.in
16:33:35.621 [main] INFO  utilities.UtilityCustomFunctions - Message:Email
16:33:36.845 [main] INFO  utilities.UtilityCustomFunctions - Actual:Welcome to Automation World...!
16:33:36.845 [main] INFO  utilities.UtilityCustomFunctions - Expected:Welcome to Automation World...!
16:33:36.845 [main] INFO  utilities.UtilityCustomFunctions - Message:Text
16:33:38.071 [main] INFO  utilities.UtilityCustomFunctions - Actual:four
16:33:38.071 [main] INFO  utilities.UtilityCustomFunctions - Expected:four
16:33:38.071 [main] INFO  utilities.UtilityCustomFunctions - Message:MultiSelect
16:33:39.287 [main] INFO  utilities.UtilityCustomFunctions - Actual:Tamilnadu
16:33:39.287 [main] INFO  utilities.UtilityCustomFunctions - Expected:Tamilnadu
16:33:39.287 [main] INFO  utilities.UtilityCustomFunctions - Message:MultiChoice State
16:33:57.049 [main] INFO  utilities.UtilityCustomFunctions - Actual:Patricia Aaron
16:33:57.049 [main] INFO  utilities.UtilityCustomFunctions - Expected:Michelle
16:33:57.049 [main] INFO  utilities.UtilityCustomFunctions - Message:AssignedTo Value
16:33:58.270 [main] INFO  utilities.UtilityCustomFunctions - Actual:+91
16:33:58.270 [main] INFO  utilities.UtilityCustomFunctions - Expected:+91
16:33:58.270 [main] INFO  utilities.UtilityCustomFunctions - Message:Mobile Number Prefix
16:33:59.502 [main] INFO  utilities.UtilityCustomFunctions - Actual:9840028337
16:33:59.502 [main] INFO  utilities.UtilityCustomFunctions - Expected:9840028337
16:33:59.502 [main] INFO  utilities.UtilityCustomFunctions - Message:Mobile Number
16:34:00.737 [main] INFO  utilities.UtilityCustomFunctions - Actual:Kayla@rsoft.in
16:34:00.737 [main] INFO  utilities.UtilityCustomFunctions - Expected:Kayla@rsoft.in
16:34:00.737 [main] INFO  utilities.UtilityCustomFunctions - Message:Email
16:34:01.955 [main] INFO  utilities.UtilityCustomFunctions - Actual:Welcome to Automation World...!
16:34:01.955 [main] INFO  utilities.UtilityCustomFunctions - Expected:Welcome to Automation World...!
16:34:01.955 [main] INFO  utilities.UtilityCustomFunctions - Message:Text
16:34:03.192 [main] INFO  utilities.UtilityCustomFunctions - Actual:one
16:34:03.192 [main] INFO  utilities.UtilityCustomFunctions - Expected:one
16:34:03.192 [main] INFO  utilities.UtilityCustomFunctions - Message:MultiSelect
16:34:04.403 [main] INFO  utilities.UtilityCustomFunctions - Actual:Tamilnadu
16:34:04.403 [main] INFO  utilities.UtilityCustomFunctions - Expected:Tamilnadu
16:34:04.403 [main] INFO  utilities.UtilityCustomFunctions - Message:MultiChoice State
16:34:20.758 [main] INFO  utilities.UtilityCustomFunctions - Actual:Cynthia Arthur
16:34:20.758 [main] INFO  utilities.UtilityCustomFunctions - Expected:Cynthia Arthur
16:34:20.758 [main] INFO  utilities.UtilityCustomFunctions - Message:AssignedTo Value
16:34:21.970 [main] INFO  utilities.UtilityCustomFunctions - Actual:+91
16:34:21.970 [main] INFO  utilities.UtilityCustomFunctions - Expected:+91
16:34:21.970 [main] INFO  utilities.UtilityCustomFunctions - Message:Mobile Number Prefix
16:34:23.187 [main] INFO  utilities.UtilityCustomFunctions - Actual:9840016575
16:34:23.187 [main] INFO  utilities.UtilityCustomFunctions - Expected:9840016575
16:34:23.187 [main] INFO  utilities.UtilityCustomFunctions - Message:Mobile Number
16:34:24.384 [main] INFO  utilities.UtilityCustomFunctions - Actual:Doris@rsoft.in
16:34:24.384 [main] INFO  utilities.UtilityCustomFunctions - Expected:Doris@rsoft.in
16:34:24.384 [main] INFO  utilities.UtilityCustomFunctions - Message:Email
16:34:25.617 [main] INFO  utilities.UtilityCustomFunctions - Actual:Welcome to Automation World...!
16:34:25.617 [main] INFO  utilities.UtilityCustomFunctions - Expected:Welcome to Automation World...!
16:34:25.617 [main] INFO  utilities.UtilityCustomFunctions - Message:Text
16:34:26.834 [main] INFO  utilities.UtilityCustomFunctions - Actual:three
16:34:26.834 [main] INFO  utilities.UtilityCustomFunctions - Expected:three
16:34:26.834 [main] INFO  utilities.UtilityCustomFunctions - Message:MultiSelect
16:34:28.069 [main] INFO  utilities.UtilityCustomFunctions - Actual:Tamilnadu
16:34:28.069 [main] INFO  utilities.UtilityCustomFunctions - Expected:Tamilnadu
16:34:28.069 [main] INFO  utilities.UtilityCustomFunctions - Message:MultiChoice State
16:48:39.921 [main] INFO  testCases.WebForms.TC001_WF_RRUserY_NoCondition - Test Execution on Browser: chrome
16:48:40.029 [main] INFO  testCases.WebForms.TC001_WF_RRUserY_NoCondition - Excel file Utility instance created
16:48:41.851 [main] INFO  testCases.WebForms.TC001_WF_RRUserY_NoCondition - Row Count is: 9
16:48:41.999 [main] INFO  testCases.WebForms.TC001_WF_RRUserY_NoCondition - Col Count is: 30
16:48:41.999 [main] INFO  testCases.WebForms.TC001_WF_RRUserY_NoCondition - Extracting DataSheet Values started...
16:48:48.210 [main] INFO  utilities.UtilityCustomFunctions - PRIYAN entered in  input
16:48:50.063 [main] INFO  utilities.UtilityCustomFunctions - rsoft entered in  input
16:48:51.879 [main] INFO  utilities.UtilityCustomFunctions - RSoft!@345 entered in  input
16:49:03.084 [main] INFO  testCases.WebForms.TC001_WF_RRUserY_NoCondition - Clicked Avatar
16:49:07.174 [main] INFO  testCases.WebForms.TC001_WF_RRUserY_NoCondition - Clicked Menu CRM Setting
16:49:09.407 [main] INFO  testCases.WebForms.TC001_WF_RRUserY_NoCondition - Clicked Menu User Access Control
16:49:19.433 [main] INFO  testCases.WebForms.TC001_WF_RRUserY_NoCondition - Clicked Avatar
16:49:23.191 [main] INFO  testCases.WebForms.TC001_WF_RRUserY_NoCondition - Clicked Menu CRM Setting
16:49:25.407 [main] INFO  testCases.WebForms.TC001_WF_RRUserY_NoCondition - Clicked Menu User Access Control
16:49:35.563 [main] INFO  testCases.WebForms.TC001_WF_RRUserY_NoCondition - Clicked Avatar
16:49:39.345 [main] INFO  testCases.WebForms.TC001_WF_RRUserY_NoCondition - Clicked Menu CRM Setting
16:49:41.560 [main] INFO  testCases.WebForms.TC001_WF_RRUserY_NoCondition - Clicked Menu User Access Control
16:49:51.476 [main] INFO  testCases.WebForms.TC001_WF_RRUserY_NoCondition - Clicked Avatar
16:49:55.453 [main] INFO  testCases.WebForms.TC001_WF_RRUserY_NoCondition - Clicked Menu CRM Setting
16:49:57.687 [main] INFO  testCases.WebForms.TC001_WF_RRUserY_NoCondition - Clicked Menu User Access Control
16:50:07.681 [main] INFO  testCases.WebForms.TC001_WF_RRUserY_NoCondition - Clicked Avatar
16:50:11.800 [main] INFO  testCases.WebForms.TC001_WF_RRUserY_NoCondition - Clicked Menu CRM Setting
16:50:11.938 [main] INFO  testCases.WebForms.TC001_WF_RRUserY_NoCondition - Clicked Integration
16:50:24.112 [main] INFO  testCases.WebForms.TC001_WF_RRUserY_NoCondition - [ETNotification Webform] is selected in List
16:50:28.722 [main] INFO  testCases.WebForms.TC001_WF_RRUserY_NoCondition - [ETNotification Webform] is selected in List
16:52:22.820 [main] INFO  testCases.WebForms.TC013_WF_RRN_OneN_TwoN - Test Execution on Browser: chrome
16:52:22.951 [main] INFO  testCases.WebForms.TC013_WF_RRN_OneN_TwoN - Excel file Utility instance created
16:52:24.848 [main] INFO  testCases.WebForms.TC013_WF_RRN_OneN_TwoN - Row Count is: 9
16:52:25.005 [main] INFO  testCases.WebForms.TC013_WF_RRN_OneN_TwoN - Col Count is: 15
16:52:25.005 [main] INFO  testCases.WebForms.TC013_WF_RRN_OneN_TwoN - Extracting DataSheet Values started...
16:52:32.516 [main] INFO  utilities.UtilityCustomFunctions - PRIYAN entered in  input
16:52:34.659 [main] INFO  utilities.UtilityCustomFunctions - rsoft entered in  input
16:52:36.409 [main] INFO  utilities.UtilityCustomFunctions - RSoft!@345 entered in  input
16:52:46.904 [main] INFO  testCases.WebForms.TC013_WF_RRN_OneN_TwoN - Clicked Avatar
16:52:51.198 [main] INFO  testCases.WebForms.TC013_WF_RRN_OneN_TwoN - Clicked Menu CRM Setting
16:52:53.427 [main] INFO  testCases.WebForms.TC013_WF_RRN_OneN_TwoN - Clicked Menu User Access Control
16:52:57.150 [main] INFO  testCases.WebForms.TC013_WF_RRN_OneN_TwoN - Clicked Avatar
16:53:00.800 [main] INFO  testCases.WebForms.TC013_WF_RRN_OneN_TwoN - Clicked Menu CRM Setting
16:53:00.943 [main] INFO  testCases.WebForms.TC013_WF_RRN_OneN_TwoN - Clicked Integration
16:53:12.716 [main] INFO  testCases.WebForms.TC013_WF_RRN_OneN_TwoN - [ETNotification Webform] is selected in List
16:53:17.350 [main] INFO  testCases.WebForms.TC013_WF_RRN_OneN_TwoN - [ETNotification Webform] is selected in List
16:56:26.255 [main] INFO  testCases.WebForms.TC030_WF_RRY_OneYN_TwoY - Test Execution on Browser: chrome
16:56:26.389 [main] INFO  testCases.WebForms.TC030_WF_RRY_OneYN_TwoY - Excel file Utility instance created
16:56:28.242 [main] INFO  testCases.WebForms.TC030_WF_RRY_OneYN_TwoY - Row Count is: 9
16:56:28.386 [main] INFO  testCases.WebForms.TC030_WF_RRY_OneYN_TwoY - Col Count is: 15
16:56:36.191 [main] INFO  utilities.UtilityCustomFunctions - PRIYAN entered in  input
16:56:38.307 [main] INFO  utilities.UtilityCustomFunctions - rsoft entered in  input
16:56:40.427 [main] INFO  utilities.UtilityCustomFunctions - RSoft!@345 entered in  input
16:56:57.832 [main] INFO  testCases.WebForms.TC030_WF_RRY_OneYN_TwoY - Clicked Avatar
16:57:02.135 [main] INFO  testCases.WebForms.TC030_WF_RRY_OneYN_TwoY - Clicked Menu CRM Setting
16:57:04.374 [main] INFO  testCases.WebForms.TC030_WF_RRY_OneYN_TwoY - Clicked Menu User Access Control
16:57:08.113 [main] INFO  testCases.WebForms.TC030_WF_RRY_OneYN_TwoY - Clicked Avatar
16:57:25.025 [main] INFO  testCases.WebForms.TC030_WF_RRY_OneYN_TwoY - Test Execution on Browser: chrome
16:57:25.134 [main] INFO  testCases.WebForms.TC030_WF_RRY_OneYN_TwoY - Excel file Utility instance created
16:57:27.316 [main] INFO  testCases.WebForms.TC030_WF_RRY_OneYN_TwoY - Row Count is: 9
16:57:27.462 [main] INFO  testCases.WebForms.TC030_WF_RRY_OneYN_TwoY - Col Count is: 15
16:57:35.306 [main] INFO  utilities.UtilityCustomFunctions - PRIYAN entered in  input
16:57:37.340 [main] INFO  utilities.UtilityCustomFunctions - rsoft entered in  input
16:57:39.138 [main] INFO  utilities.UtilityCustomFunctions - RSoft!@345 entered in  input
16:57:49.893 [main] INFO  testCases.WebForms.TC030_WF_RRY_OneYN_TwoY - Clicked Avatar
16:57:54.342 [main] INFO  testCases.WebForms.TC030_WF_RRY_OneYN_TwoY - Clicked Menu CRM Setting
16:57:56.603 [main] INFO  testCases.WebForms.TC030_WF_RRY_OneYN_TwoY - Clicked Menu User Access Control
16:58:00.439 [main] INFO  testCases.WebForms.TC030_WF_RRY_OneYN_TwoY - Clicked Avatar
16:58:04.279 [main] INFO  testCases.WebForms.TC030_WF_RRY_OneYN_TwoY - Clicked Menu CRM Setting
16:58:04.447 [main] INFO  testCases.WebForms.TC030_WF_RRY_OneYN_TwoY - Clicked Integration
16:58:16.321 [main] INFO  testCases.WebForms.TC030_WF_RRY_OneYN_TwoY - [ETNotification Webform] is selected in List
16:58:20.959 [main] INFO  testCases.WebForms.TC030_WF_RRY_OneYN_TwoY - [ETNotification Webform] is selected in List
17:22:25.158 [main] INFO  testCases.WebForms.TC029_WF_RRY_OneYN_TwoYN - Test Execution on Browser: chrome
17:22:25.337 [main] INFO  testCases.WebForms.TC029_WF_RRY_OneYN_TwoYN - Excel file Utility instance created
17:22:27.730 [main] INFO  testCases.WebForms.TC029_WF_RRY_OneYN_TwoYN - Row Count is: 9
17:22:27.860 [main] INFO  testCases.WebForms.TC029_WF_RRY_OneYN_TwoYN - Col Count is: 15
17:22:35.152 [main] INFO  utilities.UtilityCustomFunctions - PRIYAN entered in  input
17:22:37.099 [main] INFO  utilities.UtilityCustomFunctions - rsoft entered in  input
17:22:38.953 [main] INFO  utilities.UtilityCustomFunctions - RSoft!@345 entered in  input
17:22:53.267 [main] INFO  testCases.WebForms.TC029_WF_RRY_OneYN_TwoYN - Clicked Avatar
17:22:57.698 [main] INFO  testCases.WebForms.TC029_WF_RRY_OneYN_TwoYN - Clicked Menu CRM Setting
17:22:59.928 [main] INFO  testCases.WebForms.TC029_WF_RRY_OneYN_TwoYN - Clicked Menu User Access Control
17:23:03.718 [main] INFO  testCases.WebForms.TC029_WF_RRY_OneYN_TwoYN - Clicked Avatar
17:23:07.364 [main] INFO  testCases.WebForms.TC029_WF_RRY_OneYN_TwoYN - Clicked Menu CRM Setting
17:23:07.541 [main] INFO  testCases.WebForms.TC029_WF_RRY_OneYN_TwoYN - Clicked Integration
17:23:19.256 [main] INFO  testCases.WebForms.TC029_WF_RRY_OneYN_TwoYN - [ETNotification Webform] is selected in List
17:30:57.023 [main] INFO  testCases.WebForms.TC029_WF_RRY_OneYN_TwoYN - Test Execution on Browser: chrome
17:30:57.152 [main] INFO  testCases.WebForms.TC029_WF_RRY_OneYN_TwoYN - Excel file Utility instance created
17:30:58.959 [main] INFO  testCases.WebForms.TC029_WF_RRY_OneYN_TwoYN - Row Count is: 9
17:30:59.099 [main] INFO  testCases.WebForms.TC029_WF_RRY_OneYN_TwoYN - Col Count is: 15
17:31:06.488 [main] INFO  utilities.UtilityCustomFunctions - PRIYAN entered in  input
17:31:08.367 [main] INFO  utilities.UtilityCustomFunctions - rsoft entered in  input
17:31:10.244 [main] INFO  utilities.UtilityCustomFunctions - RSoft!@345 entered in  input
17:31:29.482 [main] INFO  testCases.WebForms.TC029_WF_RRY_OneYN_TwoYN - Clicked Avatar
17:31:33.663 [main] INFO  testCases.WebForms.TC029_WF_RRY_OneYN_TwoYN - Clicked Menu CRM Setting
17:31:35.946 [main] INFO  testCases.WebForms.TC029_WF_RRY_OneYN_TwoYN - Clicked Menu User Access Control
17:31:39.624 [main] INFO  testCases.WebForms.TC029_WF_RRY_OneYN_TwoYN - Clicked Avatar
17:31:43.277 [main] INFO  testCases.WebForms.TC029_WF_RRY_OneYN_TwoYN - Clicked Menu CRM Setting
17:31:43.428 [main] INFO  testCases.WebForms.TC029_WF_RRY_OneYN_TwoYN - Clicked Integration
17:31:55.768 [main] INFO  testCases.WebForms.TC029_WF_RRY_OneYN_TwoYN - [ETNotification Webform] is selected in List
17:34:07.805 [main] INFO  testCases.WebForms.TC029_WF_RRY_OneYN_TwoYN - Test Execution on Browser: chrome
17:34:07.930 [main] INFO  testCases.WebForms.TC029_WF_RRY_OneYN_TwoYN - Excel file Utility instance created
17:34:09.701 [main] INFO  testCases.WebForms.TC029_WF_RRY_OneYN_TwoYN - Row Count is: 9
17:34:09.863 [main] INFO  testCases.WebForms.TC029_WF_RRY_OneYN_TwoYN - Col Count is: 15
17:34:17.093 [main] INFO  utilities.UtilityCustomFunctions - PRIYAN entered in  input
17:34:19.146 [main] INFO  utilities.UtilityCustomFunctions - rsoft entered in  input
17:34:20.942 [main] INFO  utilities.UtilityCustomFunctions - RSoft!@345 entered in  input
17:34:34.096 [main] INFO  testCases.WebForms.TC029_WF_RRY_OneYN_TwoYN - Clicked Avatar
17:34:38.327 [main] INFO  testCases.WebForms.TC029_WF_RRY_OneYN_TwoYN - Clicked Menu CRM Setting
17:34:40.585 [main] INFO  testCases.WebForms.TC029_WF_RRY_OneYN_TwoYN - Clicked Menu User Access Control
17:34:44.574 [main] INFO  testCases.WebForms.TC029_WF_RRY_OneYN_TwoYN - Clicked Avatar
17:34:48.199 [main] INFO  testCases.WebForms.TC029_WF_RRY_OneYN_TwoYN - Clicked Menu CRM Setting
17:34:48.345 [main] INFO  testCases.WebForms.TC029_WF_RRY_OneYN_TwoYN - Clicked Integration
17:35:01.865 [main] INFO  testCases.WebForms.TC029_WF_RRY_OneYN_TwoYN - [ETNotification Webform] is selected in List
17:37:21.348 [main] INFO  testCases.WebForms.TC029_WF_RRY_OneYN_TwoYN - Test Execution on Browser: chrome
17:37:21.486 [main] INFO  testCases.WebForms.TC029_WF_RRY_OneYN_TwoYN - Excel file Utility instance created
17:37:23.303 [main] INFO  testCases.WebForms.TC029_WF_RRY_OneYN_TwoYN - Row Count is: 9
17:37:23.489 [main] INFO  testCases.WebForms.TC029_WF_RRY_OneYN_TwoYN - Col Count is: 15
17:37:29.638 [main] INFO  utilities.UtilityCustomFunctions - PRIYAN entered in  input
17:37:31.823 [main] INFO  utilities.UtilityCustomFunctions - rsoft entered in  input
17:37:33.910 [main] INFO  utilities.UtilityCustomFunctions - RSoft!@345 entered in  input
17:38:10.425 [main] INFO  testCases.WebForms.TC029_WF_RRY_OneYN_TwoYN - Test Execution on Browser: chrome
17:38:10.556 [main] INFO  testCases.WebForms.TC029_WF_RRY_OneYN_TwoYN - Excel file Utility instance created
17:38:12.433 [main] INFO  testCases.WebForms.TC029_WF_RRY_OneYN_TwoYN - Row Count is: 9
17:38:12.795 [main] INFO  testCases.WebForms.TC029_WF_RRY_OneYN_TwoYN - Col Count is: 15
17:38:21.700 [main] INFO  utilities.UtilityCustomFunctions - PRIYAN entered in  input
17:38:23.469 [main] INFO  utilities.UtilityCustomFunctions - rsoft entered in  input
17:38:25.801 [main] INFO  utilities.UtilityCustomFunctions - RSoft!@345 entered in  input
17:38:46.659 [main] INFO  testCases.WebForms.TC029_WF_RRY_OneYN_TwoYN - Clicked Avatar
17:38:51.069 [main] INFO  testCases.WebForms.TC029_WF_RRY_OneYN_TwoYN - Clicked Menu CRM Setting
17:38:53.436 [main] INFO  testCases.WebForms.TC029_WF_RRY_OneYN_TwoYN - Clicked Menu User Access Control
17:38:57.541 [main] INFO  testCases.WebForms.TC029_WF_RRY_OneYN_TwoYN - Clicked Avatar
17:39:01.611 [main] INFO  testCases.WebForms.TC029_WF_RRY_OneYN_TwoYN - Clicked Menu CRM Setting
17:39:01.841 [main] INFO  testCases.WebForms.TC029_WF_RRY_OneYN_TwoYN - Clicked Integration
17:39:19.989 [main] INFO  testCases.WebForms.TC029_WF_RRY_OneYN_TwoYN - [ETNotification Webform] is selected in List
17:40:32.673 [main] INFO  testCases.WebForms.TC029_WF_RRY_OneYN_TwoYN - Test Execution on Browser: chrome
17:40:32.808 [main] INFO  testCases.WebForms.TC029_WF_RRY_OneYN_TwoYN - Excel file Utility instance created
17:40:34.606 [main] INFO  testCases.WebForms.TC029_WF_RRY_OneYN_TwoYN - Row Count is: 9
17:40:34.783 [main] INFO  testCases.WebForms.TC029_WF_RRY_OneYN_TwoYN - Col Count is: 15
17:40:42.422 [main] INFO  utilities.UtilityCustomFunctions - PRIYAN entered in  input
17:40:44.542 [main] INFO  utilities.UtilityCustomFunctions - rsoft entered in  input
17:40:46.524 [main] INFO  utilities.UtilityCustomFunctions - RSoft!@345 entered in  input
17:40:57.656 [main] INFO  testCases.WebForms.TC029_WF_RRY_OneYN_TwoYN - Clicked Avatar
17:41:02.075 [main] INFO  testCases.WebForms.TC029_WF_RRY_OneYN_TwoYN - Clicked Menu CRM Setting
17:41:04.341 [main] INFO  testCases.WebForms.TC029_WF_RRY_OneYN_TwoYN - Clicked Menu User Access Control
17:41:08.517 [main] INFO  testCases.WebForms.TC029_WF_RRY_OneYN_TwoYN - Clicked Avatar
17:41:12.352 [main] INFO  testCases.WebForms.TC029_WF_RRY_OneYN_TwoYN - Clicked Menu CRM Setting
17:41:12.514 [main] INFO  testCases.WebForms.TC029_WF_RRY_OneYN_TwoYN - Clicked Integration
17:41:25.138 [main] INFO  testCases.WebForms.TC029_WF_RRY_OneYN_TwoYN - [ETNotification Webform] is selected in List
17:43:09.186 [main] INFO  testCases.WebForms.TC029_WF_RRY_OneYN_TwoYN - Test Execution on Browser: chrome
17:43:09.314 [main] INFO  testCases.WebForms.TC029_WF_RRY_OneYN_TwoYN - Excel file Utility instance created
17:43:11.228 [main] INFO  testCases.WebForms.TC029_WF_RRY_OneYN_TwoYN - Row Count is: 9
17:43:11.368 [main] INFO  testCases.WebForms.TC029_WF_RRY_OneYN_TwoYN - Col Count is: 15
17:43:18.834 [main] INFO  utilities.UtilityCustomFunctions - PRIYAN entered in  input
17:43:20.734 [main] INFO  utilities.UtilityCustomFunctions - rsoft entered in  input
17:43:22.400 [main] INFO  utilities.UtilityCustomFunctions - RSoft!@345 entered in  input
17:43:33.666 [main] INFO  testCases.WebForms.TC029_WF_RRY_OneYN_TwoYN - Clicked Avatar
17:43:37.788 [main] INFO  testCases.WebForms.TC029_WF_RRY_OneYN_TwoYN - Clicked Menu CRM Setting
17:43:40.091 [main] INFO  testCases.WebForms.TC029_WF_RRY_OneYN_TwoYN - Clicked Menu User Access Control
17:43:43.934 [main] INFO  testCases.WebForms.TC029_WF_RRY_OneYN_TwoYN - Clicked Avatar
17:43:47.637 [main] INFO  testCases.WebForms.TC029_WF_RRY_OneYN_TwoYN - Clicked Menu CRM Setting
17:43:47.847 [main] INFO  testCases.WebForms.TC029_WF_RRY_OneYN_TwoYN - Clicked Integration
17:43:59.698 [main] INFO  testCases.WebForms.TC029_WF_RRY_OneYN_TwoYN - [ETNotification Webform] is selected in List
17:44:58.442 [main] INFO  testCases.WebForms.TC029_WF_RRY_OneYN_TwoYN - Test Execution on Browser: chrome
17:44:58.556 [main] INFO  testCases.WebForms.TC029_WF_RRY_OneYN_TwoYN - Excel file Utility instance created
17:45:00.234 [main] INFO  testCases.WebForms.TC029_WF_RRY_OneYN_TwoYN - Row Count is: 9
17:45:00.351 [main] INFO  testCases.WebForms.TC029_WF_RRY_OneYN_TwoYN - Col Count is: 15
17:45:08.468 [main] INFO  utilities.UtilityCustomFunctions - PRIYAN entered in  input
17:45:10.112 [main] INFO  utilities.UtilityCustomFunctions - rsoft entered in  input
17:45:11.897 [main] INFO  utilities.UtilityCustomFunctions - RSoft!@345 entered in  input
17:45:23.811 [main] INFO  testCases.WebForms.TC029_WF_RRY_OneYN_TwoYN - Clicked Avatar
17:45:28.138 [main] INFO  testCases.WebForms.TC029_WF_RRY_OneYN_TwoYN - Clicked Menu CRM Setting
17:45:30.374 [main] INFO  testCases.WebForms.TC029_WF_RRY_OneYN_TwoYN - Clicked Menu User Access Control
17:45:34.126 [main] INFO  testCases.WebForms.TC029_WF_RRY_OneYN_TwoYN - Clicked Avatar
17:45:37.939 [main] INFO  testCases.WebForms.TC029_WF_RRY_OneYN_TwoYN - Clicked Menu CRM Setting
17:45:38.114 [main] INFO  testCases.WebForms.TC029_WF_RRY_OneYN_TwoYN - Clicked Integration
17:45:49.913 [main] INFO  testCases.WebForms.TC029_WF_RRY_OneYN_TwoYN - [ETNotification Webform] is selected in List
17:49:48.774 [main] INFO  testCases.WebForms.TC019_WF_RRN_OneYN_TwoN - Test Execution on Browser: chrome
17:49:48.928 [main] INFO  testCases.WebForms.TC019_WF_RRN_OneYN_TwoN - Excel file Utility instance created
17:49:50.697 [main] INFO  testCases.WebForms.TC019_WF_RRN_OneYN_TwoN - Row Count is: 9
