18:16:39.740 [main] INFO  testCases.TC008_WF2_SN_Daily - Time Clicked
18:16:46.434 [main] INFO  testCases.TC008_WF2_SN_Daily - Time Selected is: 02:36 PM
18:16:47.705 [main] INFO  testCases.TC008_WF2_SN_Daily - Date & Time Clicked
18:16:52.718 [main] INFO  testCases.TC008_WF2_SN_Daily - (//td[contains(@class,'today')])[2]
18:16:55.921 [main] INFO  testCases.TC008_WF2_SN_Daily - Clicked Current Date in Date&Time
18:16:56.152 [main] INFO  testCases.TC008_WF2_SN_Daily - Date & Time Selected
18:16:58.156 [main] INFO  testCases.TC008_WF2_SN_Daily - 444444444 entered in  input
18:17:53.013 [main] INFO  testCases.TC008_WF2_SN_Daily - [Mrs.] is selected in List
18:17:54.489 [main] INFO  testCases.TC008_WF2_SN_Daily - Steven entered in  input
18:17:56.002 [main] INFO  testCases.TC008_WF2_SN_Daily - 11111111111 entered in  input
18:17:57.435 [main] INFO  testCases.TC008_WF2_SN_Daily - 10,000 entered in  input
18:17:59.101 [main] INFO  testCases.TC008_WF2_SN_Daily - http://www.google.com/ entered in  input
18:18:02.652 [main] INFO  testCases.TC008_WF2_SN_Daily - [Dr.] is selected in List
18:18:04.268 [main] INFO  testCases.TC008_WF2_SN_Daily - Annie entered in  input
18:18:06.005 [main] INFO  testCases.TC008_WF2_SN_Daily - AddNewEnquiry@gmail.com entered in  input
18:18:07.704 [main] INFO  testCases.TC008_WF2_SN_Daily - Enquiry about Chatbot entered in  input
18:18:14.519 [main] INFO  testCases.TC008_WF2_SN_Daily - RSoft World-Class CRM Software (Customer Relationship Management) solution has been helping all kinds of small and medium businesses to organise, automate and improve their business. Our 15+ years of experience in Sales and Marketing. RSoft makes your business run transparently and intelligently which projects your brand image and win your customers satisfaction. RSoft is way ahead of other CRM's with its new generation features. entered in  textarea
18:18:17.717 [main] INFO  testCases.TC008_WF2_SN_Daily - (//td[contains(@class,'today')])[2]
18:18:23.903 [main] INFO  testCases.TC008_WF2_SN_Daily - [+60] is selected in List
18:18:26.668 [main] INFO  testCases.TC008_WF2_SN_Daily - 9966325462 entered in  input
18:19:26.705 [main] INFO  testCases.TC008_WF2_SN_Daily - [+91] is selected in List
18:19:29.550 [main] INFO  testCases.TC008_WF2_SN_Daily - 8921294661 entered in  input
18:19:31.300 [main] INFO  testCases.TC008_WF2_SN_Daily - AddNewLead@gmail.com entered in  input
18:19:32.932 [main] INFO  testCases.TC008_WF2_SN_Daily - Lead about Chatbot entered in  input
18:19:37.622 [main] INFO  testCases.TC008_WF2_SN_Daily - [+60] is selected in List
18:19:40.380 [main] INFO  testCases.TC008_WF2_SN_Daily - 9513073039 entered in  input
18:19:42.166 [main] INFO  testCases.TC008_WF2_SN_Daily - AddNewSales@gmail.com entered in  input
18:21:01.717 [main] INFO  testCases.TC008_WF2_SN_Daily - testing entered in  input
18:21:02.162 [main] INFO  testCases.TC008_WF2_SN_Daily - dCr2KGiHBrC2!@ entered in  input
18:21:26.065 [main] INFO  testCases.TC008_WF2_SN_Daily - Failed: Worflow not scheduled to run daily at 08:00:00 AM for EntityId 93621and Task Id:105
18:21:27.680 [main] INFO  testCases.TC008_WF2_SN_Daily - Failed: Worflow not scheduled to run daily at 08:00:00 AM for EntityId 93621and Task Id:106
18:21:29.363 [main] INFO  testCases.TC008_WF2_SN_Daily - Failed: Worflow not scheduled to run daily at 08:00:00 AM for EntityId 93621and Task Id:107
18:21:31.713 [main] INFO  testCases.TC008_WF2_Validate_SN_Daily - ******starting WF Schedule Notify Daily ****
18:21:31.713 [main] INFO  testCases.TC008_WF2_Validate_SN_Daily - Test Execution on Browser: chrome
18:21:31.713 [main] INFO  testCases.TC008_WF2_Validate_SN_Daily - Excel file Utility instance created
18:21:31.748 [main] INFO  testCases.TC008_WF2_Validate_SN_Daily - Row Count is: 1
18:21:31.785 [main] INFO  testCases.TC008_WF2_Validate_SN_Daily - Col Count is: 52
18:21:31.785 [main] INFO  testCases.TC008_WF2_Validate_SN_Daily - Extracting DataSheet Values started...
18:21:31.794 [main] INFO  testCases.TC008_WF2_Validate_SN_Daily - uidtesting
18:21:31.794 [main] INFO  testCases.TC008_WF2_Validate_SN_Daily - pwddCr2KGiHBrC2!@
18:21:31.794 [main] INFO  testCases.TC008_WF2_Validate_SN_Daily - urlhttps://www.rdot.in/public/phpMyAdmin/
18:21:36.242 [main] INFO  testCases.TC008_WF2_Validate_SN_Daily - testing entered in  input
18:21:36.631 [main] INFO  testCases.TC008_WF2_Validate_SN_Daily - dCr2KGiHBrC2!@ entered in  input
18:22:03.593 [main] INFO  testCases.TC008_WF2_Validate_SN_Daily - Failed: Worflow not scheduled to run daily at 08:00:00 AM for EntityId 93621and Task Id:105
18:22:05.212 [main] INFO  testCases.TC008_WF2_Validate_SN_Daily - Failed: Worflow not scheduled to run daily at 08:00:00 AM for EntityId 93621and Task Id:106
18:22:06.829 [main] INFO  testCases.TC008_WF2_Validate_SN_Daily - Failed: Worflow not scheduled to run daily at 08:00:00 AM for EntityId 93621and Task Id:107
18:22:08.905 [main] INFO  testCases.TC009_WF3_SN_Weekly - ******starting WF Schedule Notify Weekly****
18:22:08.905 [main] INFO  testCases.TC009_WF3_SN_Weekly - Test Execution on Browser: chrome
18:22:08.905 [main] INFO  testCases.TC009_WF3_SN_Weekly - Excel file Utility instance created
18:22:08.929 [main] INFO  testCases.TC009_WF3_SN_Weekly - Row Count is: 1
18:22:08.993 [main] INFO  testCases.TC009_WF3_SN_Weekly - Col Count is: 52
18:22:08.993 [main] INFO  testCases.TC009_WF3_SN_Weekly - Extracting DataSheet Values started...
18:22:12.061 [main] INFO  testCases.TC009_WF3_SN_Weekly - PN1:9867158385
18:22:12.061 [main] INFO  testCases.TC009_WF3_SN_Weekly - PN2:7666933187
18:22:12.061 [main] INFO  testCases.TC009_WF3_SN_Weekly - PN3:8270003990
18:22:12.061 [main] INFO  testCases.TC009_WF3_SN_Weekly - PN4:6920187863
18:22:26.686 [main] INFO  testCases.TC009_WF3_SN_Weekly - PRIYAN entered in  input
18:22:28.265 [main] INFO  testCases.TC009_WF3_SN_Weekly - Sudhakar entered in  input
18:22:29.852 [main] INFO  testCases.TC009_WF3_SN_Weekly - Automation@123 entered in  input
18:22:39.138 [main] INFO  testCases.TC009_WF3_SN_Weekly - CRM Login Success with:Sudhakar
18:22:39.138 [main] INFO  testCases.TC009_WF3_SN_Weekly - User: Sudhakar Passed : Actual Value is: Login SuccessExpected Value is: Login Success
18:22:46.356 [main] INFO  testCases.TC009_WF3_SN_Weekly - Clicked Avatar
18:22:48.968 [main] INFO  testCases.TC009_WF3_SN_Weekly - Clicked Menu CRM Setting
18:22:49.150 [main] INFO  testCases.TC009_WF3_SN_Weekly - Clicked Menu Other Setting
18:22:52.804 [main] INFO  testCases.TC009_WF3_SN_Weekly - Clicked Menu Item Workflow
18:22:53.224 [main] INFO  testCases.TC009_WF3_SN_Weekly - Clicked Workflow from Combox Box List
18:22:55.226 [main] INFO  testCases.TC009_WF3_SN_Weekly - Item to be selected:  CRMScheduleNotification Workflow
18:23:03.153 [main] INFO  testCases.TC009_WF3_SN_Weekly - [CRMScheduleNotification Workflow] is selected in List
18:23:03.153 [main] INFO  testCases.TC009_WF3_SN_Weekly - Item selected in combox Box  CRMScheduleNotification Workflow
18:23:04.160 [main] INFO  testCases.TC009_WF3_SN_Weekly - Selected Module to View its Workflows
18:23:04.185 [main] INFO  testCases.TC009_WF3_SN_Weekly - Current Workflow Row item: 1
18:23:04.295 [main] INFO  testCases.TC009_WF3_SN_Weekly - Current style of Worflow Status Element captured
18:23:04.295 [main] INFO  testCases.TC009_WF3_SN_Weekly - Workflow status: of row item: 1 false
18:23:04.382 [main] INFO  testCases.TC009_WF3_SN_Weekly - Actual Module Name:  CRMScheduleNotification
18:23:04.382 [main] INFO  testCases.TC009_WF3_SN_Weekly - Actual Workflow Name:  WF6_ScheduleNotify_Yearly
18:23:04.382 [main] INFO  testCases.TC009_WF3_SN_Weekly - Actual Exec Condition Name:  schedule
18:23:04.382 [main] INFO  testCases.TC009_WF3_SN_Weekly - Module,workflow,conditions not matched 
18:23:04.382 [main] INFO  testCases.TC009_WF3_SN_Weekly - bCurrentWFStatus: false
18:23:04.382 [main] INFO  testCases.TC009_WF3_SN_Weekly - Current Workflow Row item: 2
18:23:04.447 [main] INFO  testCases.TC009_WF3_SN_Weekly - Current style of Worflow Status Element captured
18:23:04.448 [main] INFO  testCases.TC009_WF3_SN_Weekly - Workflow status: of row item: 2 false
18:23:04.493 [main] INFO  testCases.TC009_WF3_SN_Weekly - Actual Module Name:  CRMScheduleNotification
18:23:04.493 [main] INFO  testCases.TC009_WF3_SN_Weekly - Actual Workflow Name:  WF5_ScheduleNotify_MonthByDate
18:23:04.493 [main] INFO  testCases.TC009_WF3_SN_Weekly - Actual Exec Condition Name:  schedule
18:23:04.494 [main] INFO  testCases.TC009_WF3_SN_Weekly - Module,workflow,conditions not matched 
18:23:04.494 [main] INFO  testCases.TC009_WF3_SN_Weekly - bCurrentWFStatus: false
18:23:04.494 [main] INFO  testCases.TC009_WF3_SN_Weekly - Current Workflow Row item: 3
18:23:04.554 [main] INFO  testCases.TC009_WF3_SN_Weekly - Current style of Worflow Status Element captured
18:23:04.555 [main] INFO  testCases.TC009_WF3_SN_Weekly - Workflow status: of row item: 3 false
18:23:04.593 [main] INFO  testCases.TC009_WF3_SN_Weekly - Actual Module Name:  CRMScheduleNotification
18:23:04.593 [main] INFO  testCases.TC009_WF3_SN_Weekly - Actual Workflow Name:  WF4_ScheduleNotify_SpecificDate
18:23:04.593 [main] INFO  testCases.TC009_WF3_SN_Weekly - Actual Exec Condition Name:  schedule
18:23:04.593 [main] INFO  testCases.TC009_WF3_SN_Weekly - Module,workflow,conditions not matched 
18:23:04.593 [main] INFO  testCases.TC009_WF3_SN_Weekly - bCurrentWFStatus: false
18:23:04.593 [main] INFO  testCases.TC009_WF3_SN_Weekly - Current Workflow Row item: 4
18:23:04.661 [main] INFO  testCases.TC009_WF3_SN_Weekly - Current style of Worflow Status Element captured
18:23:04.661 [main] INFO  testCases.TC009_WF3_SN_Weekly - Workflow status: of row item: 4 false
18:23:04.713 [main] INFO  testCases.TC009_WF3_SN_Weekly - Actual Module Name:  CRMScheduleNotification
18:23:04.713 [main] INFO  testCases.TC009_WF3_SN_Weekly - Actual Workflow Name:  WF3_ScheduleNotify_Weekly
18:23:04.713 [main] INFO  testCases.TC009_WF3_SN_Weekly - Actual Exec Condition Name:  schedule
18:23:04.713 [main] INFO  testCases.TC009_WF3_SN_Weekly - Module,workflow,condition matches
18:23:04.713 [main] INFO  testCases.TC009_WF3_SN_Weekly - bCurrentWFStatus: false
18:23:04.713 [main] INFO  testCases.TC009_WF3_SN_Weekly - Current Workflow Row item: 5
18:23:04.780 [main] INFO  testCases.TC009_WF3_SN_Weekly - Current style of Worflow Status Element captured
18:23:04.780 [main] INFO  testCases.TC009_WF3_SN_Weekly - Workflow status: of row item: 5 true
18:23:04.825 [main] INFO  testCases.TC009_WF3_SN_Weekly - Actual Module Name:  CRMScheduleNotification
18:23:04.825 [main] INFO  testCases.TC009_WF3_SN_Weekly - Actual Workflow Name:  WF2_ScheduleNotify_Daily
18:23:04.825 [main] INFO  testCases.TC009_WF3_SN_Weekly - Actual Exec Condition Name:  schedule
18:23:04.825 [main] INFO  testCases.TC009_WF3_SN_Weekly - Module,workflow,conditions not matched 
18:23:04.825 [main] INFO  testCases.TC009_WF3_SN_Weekly - bCurrentWFStatus: true
18:23:04.910 [main] INFO  testCases.TC009_WF3_SN_Weekly - WF2_ScheduleNotify_DailyWorkflow disabled manually
18:23:04.910 [main] INFO  testCases.TC009_WF3_SN_Weekly - Current Workflow Row item: 6
18:23:04.980 [main] INFO  testCases.TC009_WF3_SN_Weekly - Current style of Worflow Status Element captured
18:23:04.980 [main] INFO  testCases.TC009_WF3_SN_Weekly - Workflow status: of row item: 6 false
18:23:05.049 [main] INFO  testCases.TC009_WF3_SN_Weekly - Actual Module Name:  CRMScheduleNotification
18:23:05.049 [main] INFO  testCases.TC009_WF3_SN_Weekly - Actual Workflow Name:  WF1_ScheduleNotify_Hourly
18:23:05.049 [main] INFO  testCases.TC009_WF3_SN_Weekly - Actual Exec Condition Name:  schedule
18:23:05.049 [main] INFO  testCases.TC009_WF3_SN_Weekly - Module,workflow,conditions not matched 
18:23:05.049 [main] INFO  testCases.TC009_WF3_SN_Weekly - bCurrentWFStatus: false
18:23:05.130 [main] INFO  testCases.TC009_WF3_SN_Weekly - WF1_ScheduleNotify_HourlyDisabled Workflow Manually Enabled
18:23:05.130 [main] INFO  testCases.TC009_WF3_SN_Weekly - true:4
18:23:10.648 [main] INFO  testCases.TC009_WF3_SN_Weekly - Work flow clicked
18:23:15.402 [main] INFO  testCases.TC009_WF3_SN_Weekly - Cliked Step 1 Next Button to Condition Page
18:23:18.903 [main] INFO  testCases.TC009_WF3_SN_Weekly - Cliked Step 2 Next Button to Task List Page
18:23:19.910 [main] INFO  testCases.TC009_WF3_SN_Weekly - Clicked Workflow and Navigated to Task Page
18:23:19.926 [main] INFO  testCases.TC009_WF3_SN_Weekly - Number of Tasks Listed for this Workflow: WF3_ScheduleNotify_Weekly : 1
18:23:19.981 [main] INFO  testCases.TC009_WF3_SN_Weekly - Is Task Active: 1 : true
18:23:20.174 [main] INFO  testCases.TC009_WF3_SN_Weekly - Retrieved Action Type:Send notification
18:23:20.174 [main] INFO  testCases.TC009_WF3_SN_Weekly - Retrieved Action Title:TriggerWeeklyNotify
18:23:20.174 [main] INFO  testCases.TC009_WF3_SN_Weekly - Action Type and Action Tile matches and also Task Button Enabled
18:23:23.121 [main] INFO  testCases.TC009_WF3_SN_Weekly - Clicked Workflow and Navigated to Task Page
18:23:23.122 [main] INFO  testCases.TC009_WF3_SN_Weekly - Task Active Send notification  TriggerWeeklyNotify
18:23:34.612 [main] INFO  testCases.TC009_WF3_SN_Weekly - [CRMScheduleNotification] is selected in List
18:23:39.640 [main] INFO  testCases.TC009_WF3_SN_Weekly - Excel file Utility instance created
18:23:39.663 [main] INFO  testCases.TC009_WF3_SN_Weekly - Row Count is: 1
18:23:39.705 [main] INFO  testCases.TC009_WF3_SN_Weekly - Col Count is: 52
18:23:39.705 [main] INFO  testCases.TC009_WF3_SN_Weekly - Extracting DataSheet Values started...
18:23:40.759 [main] INFO  testCases.TC009_WF3_SN_Weekly - Before Adding Module data
18:23:43.933 [main] INFO  testCases.TC009_WF3_SN_Weekly - Assinged To Drop Down clicked
18:23:49.298 [main] INFO  testCases.TC009_WF3_SN_Weekly - [Sudhakar VE] is selected in List
18:23:49.298 [main] INFO  testCases.TC009_WF3_SN_Weekly - Assinged To Value Seleted is::  Sudhakar VE
18:23:50.928 [main] INFO  testCases.TC009_WF3_SN_Weekly - Add New Text entered in  input
18:23:50.946 [main] INFO  testCases.TC009_WF3_SN_Weekly - Text Value added is::  Add New Text
18:23:52.133 [main] INFO  testCases.TC009_WF3_SN_Weekly - Phone NUmber prefix clicked :  
18:23:55.516 [main] INFO  testCases.TC009_WF3_SN_Weekly - [+65] is selected in List
18:23:55.516 [main] INFO  testCases.TC009_WF3_SN_Weekly - Phone NUmber selected is :  9867158385
18:23:57.278 [main] INFO  testCases.TC009_WF3_SN_Weekly - 9867158385 entered in  input
18:24:00.052 [main] INFO  testCases.TC009_WF3_SN_Weekly - AddNew@rsoft.in entered in  input
18:24:01.075 [main] INFO  testCases.TC009_WF3_SN_Weekly - Email Added is: AddNew@rsoft.in
18:24:02.228 [main] INFO  testCases.TC009_WF3_SN_Weekly - Picklist clicked
18:24:03.377 [main] INFO  testCases.TC009_WF3_SN_Weekly - Picklist selected: 1
18:25:11.391 [main] INFO  testCases.TC009_WF3_SN_Weekly - MultiCombo box values: two
18:25:12.606 [main] INFO  testCases.TC009_WF3_SN_Weekly - City Drop Down clicked
18:25:16.258 [main] INFO  testCases.TC009_WF3_SN_Weekly - [Kanchipuram] is selected in List
18:25:16.258 [main] INFO  testCases.TC009_WF3_SN_Weekly - City Selected: Kanchipuram
18:25:17.412 [main] INFO  testCases.TC009_WF3_SN_Weekly - State Drop Down clicked
18:25:21.573 [main] INFO  testCases.TC009_WF3_SN_Weekly - [Tamilnadu] is selected in List
18:25:21.573 [main] INFO  testCases.TC009_WF3_SN_Weekly - State Selected: Tamilnadu
18:25:22.758 [main] INFO  testCases.TC009_WF3_SN_Weekly - Country List clicked
18:25:26.129 [main] INFO  testCases.TC009_WF3_SN_Weekly - [India] is selected in List
18:25:26.129 [main] INFO  testCases.TC009_WF3_SN_Weekly - Country Selected: India
18:25:27.341 [main] INFO  testCases.TC009_WF3_SN_Weekly - Checkbox clicked
18:25:27.482 [main] INFO  testCases.TC009_WF3_SN_Weekly - DateBox clicked
18:25:30.494 [main] INFO  testCases.TC009_WF3_SN_Weekly - (//td[contains(@class,'today')])[1]
18:25:31.715 [main] INFO  testCases.TC009_WF3_SN_Weekly - Today Date Selected
18:25:32.912 [main] INFO  testCases.TC009_WF3_SN_Weekly - Time Clicked
18:25:39.561 [main] INFO  testCases.TC009_WF3_SN_Weekly - Time Selected is: 02:36 PM
18:25:40.968 [main] INFO  testCases.TC009_WF3_SN_Weekly - Date & Time Clicked
18:25:45.973 [main] INFO  testCases.TC009_WF3_SN_Weekly - (//td[contains(@class,'today')])[2]
18:25:49.176 [main] INFO  testCases.TC009_WF3_SN_Weekly - Clicked Current Date in Date&Time
18:25:49.406 [main] INFO  testCases.TC009_WF3_SN_Weekly - Date & Time Selected
18:25:51.226 [main] INFO  testCases.TC009_WF3_SN_Weekly - 444444444 entered in  input
18:26:46.167 [main] INFO  testCases.TC009_WF3_SN_Weekly - [Mrs.] is selected in List
18:26:47.711 [main] INFO  testCases.TC009_WF3_SN_Weekly - Steven entered in  input
18:26:49.345 [main] INFO  testCases.TC009_WF3_SN_Weekly - 11111111111 entered in  input
18:26:50.759 [main] INFO  testCases.TC009_WF3_SN_Weekly - 10,000 entered in  input
18:26:52.456 [main] INFO  testCases.TC009_WF3_SN_Weekly - http://www.google.com/ entered in  input
18:26:55.983 [main] INFO  testCases.TC009_WF3_SN_Weekly - [Dr.] is selected in List
18:26:57.556 [main] INFO  testCases.TC009_WF3_SN_Weekly - Annie entered in  input
18:26:59.292 [main] INFO  testCases.TC009_WF3_SN_Weekly - AddNewEnquiry@gmail.com entered in  input
18:27:00.935 [main] INFO  testCases.TC009_WF3_SN_Weekly - Enquiry about Chatbot entered in  input
18:27:07.430 [main] INFO  testCases.TC009_WF3_SN_Weekly - RSoft World-Class CRM Software (Customer Relationship Management) solution has been helping all kinds of small and medium businesses to organise, automate and improve their business. Our 15+ years of experience in Sales and Marketing. RSoft makes your business run transparently and intelligently which projects your brand image and win your customers satisfaction. RSoft is way ahead of other CRM's with its new generation features. entered in  textarea
18:27:10.557 [main] INFO  testCases.TC009_WF3_SN_Weekly - (//td[contains(@class,'today')])[2]
18:27:16.742 [main] INFO  testCases.TC009_WF3_SN_Weekly - [+60] is selected in List
18:27:19.410 [main] INFO  testCases.TC009_WF3_SN_Weekly - 7666933187 entered in  input
18:28:19.488 [main] INFO  testCases.TC009_WF3_SN_Weekly - [+91] is selected in List
18:28:22.156 [main] INFO  testCases.TC009_WF3_SN_Weekly - 8270003990 entered in  input
18:28:23.853 [main] INFO  testCases.TC009_WF3_SN_Weekly - AddNewLead@gmail.com entered in  input
18:28:25.473 [main] INFO  testCases.TC009_WF3_SN_Weekly - Lead about Chatbot entered in  input
18:28:30.080 [main] INFO  testCases.TC009_WF3_SN_Weekly - [+60] is selected in List
18:28:32.925 [main] INFO  testCases.TC009_WF3_SN_Weekly - 6920187863 entered in  input
18:28:34.613 [main] INFO  testCases.TC009_WF3_SN_Weekly - AddNewSales@gmail.com entered in  input
18:29:54.660 [main] INFO  testCases.TC009_WF3_SN_Weekly - testing entered in  input
18:29:55.119 [main] INFO  testCases.TC009_WF3_SN_Weekly - dCr2KGiHBrC2!@ entered in  input
18:30:18.873 [main] INFO  testCases.TC009_WF3_SN_Weekly - Passed: Worflow scheduled to run at 08:00:00 AM on UTC 2024-01-29 02:30:00Schedule TypeWeeklyScheduled Type: Weekly Action type:Send notification for EntityId 93625and Task Id:108
18:30:21.119 [main] INFO  testCases.TC010_WF4_SN_SpecificDate - ******starting WF Schedule SpecificDate****
18:30:21.121 [main] INFO  testCases.TC010_WF4_SN_SpecificDate - Test Execution on Browser: chrome
18:30:21.122 [main] INFO  testCases.TC010_WF4_SN_SpecificDate - Excel file Utility instance created
18:30:21.176 [main] INFO  testCases.TC010_WF4_SN_SpecificDate - Row Count is: 1
18:30:21.202 [main] INFO  testCases.TC010_WF4_SN_SpecificDate - Col Count is: 52
18:30:21.202 [main] INFO  testCases.TC010_WF4_SN_SpecificDate - Extracting DataSheet Values started...
18:30:24.483 [main] INFO  testCases.TC010_WF4_SN_SpecificDate - PN1:2303492037
18:30:24.483 [main] INFO  testCases.TC010_WF4_SN_SpecificDate - PN2:0010708827
18:30:24.483 [main] INFO  testCases.TC010_WF4_SN_SpecificDate - PN3:3423916775
18:30:24.483 [main] INFO  testCases.TC010_WF4_SN_SpecificDate - PN4:0144636588
18:30:33.208 [main] INFO  testCases.TC010_WF4_SN_SpecificDate - PRIYAN entered in  input
18:30:34.692 [main] INFO  testCases.TC010_WF4_SN_SpecificDate - Sudhakar entered in  input
18:30:36.283 [main] INFO  testCases.TC010_WF4_SN_SpecificDate - Automation@123 entered in  input
18:30:44.537 [main] INFO  testCases.TC010_WF4_SN_SpecificDate - CRM Login Success with:Sudhakar
18:30:44.537 [main] INFO  testCases.TC010_WF4_SN_SpecificDate - User: Sudhakar Passed : Actual Value is: Login SuccessExpected Value is: Login Success
18:30:51.982 [main] INFO  testCases.TC010_WF4_SN_SpecificDate - Clicked Avatar
18:30:54.103 [main] INFO  testCases.TC010_WF4_SN_SpecificDate - Clicked Menu CRM Setting
18:30:54.309 [main] INFO  testCases.TC010_WF4_SN_SpecificDate - Clicked Menu Other Setting
18:30:57.056 [main] INFO  testCases.TC010_WF4_SN_SpecificDate - Clicked Menu Item Workflow
18:30:57.499 [main] INFO  testCases.TC010_WF4_SN_SpecificDate - Clicked Workflow from Combox Box List
18:30:59.502 [main] INFO  testCases.TC010_WF4_SN_SpecificDate - Item to be selected:  CRMScheduleNotification Workflow
18:31:06.204 [main] INFO  testCases.TC010_WF4_SN_SpecificDate - [CRMScheduleNotification Workflow] is selected in List
18:31:06.204 [main] INFO  testCases.TC010_WF4_SN_SpecificDate - Item selected in combox Box  CRMScheduleNotification Workflow
18:31:07.216 [main] INFO  testCases.TC010_WF4_SN_SpecificDate - Selected Module to View its Workflows
18:31:07.270 [main] INFO  testCases.TC010_WF4_SN_SpecificDate - Current Workflow Row item: 1
18:31:07.338 [main] INFO  testCases.TC010_WF4_SN_SpecificDate - Current style of Worflow Status Element captured
18:31:07.338 [main] INFO  testCases.TC010_WF4_SN_SpecificDate - Workflow status: of row item: 1 false
18:31:07.397 [main] INFO  testCases.TC010_WF4_SN_SpecificDate - Actual Module Name:  CRMScheduleNotification
18:31:07.397 [main] INFO  testCases.TC010_WF4_SN_SpecificDate - Actual Workflow Name:  WF6_ScheduleNotify_Yearly
18:31:07.397 [main] INFO  testCases.TC010_WF4_SN_SpecificDate - Actual Exec Condition Name:  schedule
18:31:07.397 [main] INFO  testCases.TC010_WF4_SN_SpecificDate - Module,workflow,conditions not matched 
18:31:07.397 [main] INFO  testCases.TC010_WF4_SN_SpecificDate - bCurrentWFStatus: false
18:31:07.397 [main] INFO  testCases.TC010_WF4_SN_SpecificDate - Current Workflow Row item: 2
18:31:07.486 [main] INFO  testCases.TC010_WF4_SN_SpecificDate - Current style of Worflow Status Element captured
18:31:07.486 [main] INFO  testCases.TC010_WF4_SN_SpecificDate - Workflow status: of row item: 2 false
18:31:07.519 [main] INFO  testCases.TC010_WF4_SN_SpecificDate - Actual Module Name:  CRMScheduleNotification
18:31:07.534 [main] INFO  testCases.TC010_WF4_SN_SpecificDate - Actual Workflow Name:  WF5_ScheduleNotify_MonthByDate
18:31:07.534 [main] INFO  testCases.TC010_WF4_SN_SpecificDate - Actual Exec Condition Name:  schedule
18:31:07.534 [main] INFO  testCases.TC010_WF4_SN_SpecificDate - Module,workflow,conditions not matched 
18:31:07.534 [main] INFO  testCases.TC010_WF4_SN_SpecificDate - bCurrentWFStatus: false
18:31:07.534 [main] INFO  testCases.TC010_WF4_SN_SpecificDate - Current Workflow Row item: 3
18:31:07.582 [main] INFO  testCases.TC010_WF4_SN_SpecificDate - Current style of Worflow Status Element captured
18:31:07.582 [main] INFO  testCases.TC010_WF4_SN_SpecificDate - Workflow status: of row item: 3 false
18:31:07.635 [main] INFO  testCases.TC010_WF4_SN_SpecificDate - Actual Module Name:  CRMScheduleNotification
18:31:07.635 [main] INFO  testCases.TC010_WF4_SN_SpecificDate - Actual Workflow Name:  WF4_ScheduleNotify_SpecificDate
18:31:07.635 [main] INFO  testCases.TC010_WF4_SN_SpecificDate - Actual Exec Condition Name:  schedule
18:31:07.635 [main] INFO  testCases.TC010_WF4_SN_SpecificDate - Module,workflow,condition matches
18:31:07.635 [main] INFO  testCases.TC010_WF4_SN_SpecificDate - bCurrentWFStatus: false
18:31:07.635 [main] INFO  testCases.TC010_WF4_SN_SpecificDate - Current Workflow Row item: 4
18:31:07.699 [main] INFO  testCases.TC010_WF4_SN_SpecificDate - Current style of Worflow Status Element captured
18:31:07.699 [main] INFO  testCases.TC010_WF4_SN_SpecificDate - Workflow status: of row item: 4 true
18:31:07.734 [main] INFO  testCases.TC010_WF4_SN_SpecificDate - Actual Module Name:  CRMScheduleNotification
18:31:07.734 [main] INFO  testCases.TC010_WF4_SN_SpecificDate - Actual Workflow Name:  WF3_ScheduleNotify_Weekly
18:31:07.734 [main] INFO  testCases.TC010_WF4_SN_SpecificDate - Actual Exec Condition Name:  schedule
18:31:07.734 [main] INFO  testCases.TC010_WF4_SN_SpecificDate - Module,workflow,conditions not matched 
18:31:07.734 [main] INFO  testCases.TC010_WF4_SN_SpecificDate - bCurrentWFStatus: true
18:31:07.811 [main] INFO  testCases.TC010_WF4_SN_SpecificDate - WF3_ScheduleNotify_WeeklyWorkflow disabled manually
18:31:07.811 [main] INFO  testCases.TC010_WF4_SN_SpecificDate - Current Workflow Row item: 5
18:31:07.888 [main] INFO  testCases.TC010_WF4_SN_SpecificDate - Current style of Worflow Status Element captured
18:31:07.888 [main] INFO  testCases.TC010_WF4_SN_SpecificDate - Workflow status: of row item: 5 false
18:31:07.937 [main] INFO  testCases.TC010_WF4_SN_SpecificDate - Actual Module Name:  CRMScheduleNotification
18:31:07.937 [main] INFO  testCases.TC010_WF4_SN_SpecificDate - Actual Workflow Name:  WF2_ScheduleNotify_Daily
18:31:07.937 [main] INFO  testCases.TC010_WF4_SN_SpecificDate - Actual Exec Condition Name:  schedule
18:31:07.937 [main] INFO  testCases.TC010_WF4_SN_SpecificDate - Module,workflow,conditions not matched 
18:31:07.937 [main] INFO  testCases.TC010_WF4_SN_SpecificDate - bCurrentWFStatus: false
18:31:07.937 [main] INFO  testCases.TC010_WF4_SN_SpecificDate - Current Workflow Row item: 6
18:31:08.017 [main] INFO  testCases.TC010_WF4_SN_SpecificDate - Current style of Worflow Status Element captured
18:31:08.017 [main] INFO  testCases.TC010_WF4_SN_SpecificDate - Workflow status: of row item: 6 false
18:31:08.054 [main] INFO  testCases.TC010_WF4_SN_SpecificDate - Actual Module Name:  CRMScheduleNotification
18:31:08.054 [main] INFO  testCases.TC010_WF4_SN_SpecificDate - Actual Workflow Name:  WF1_ScheduleNotify_Hourly
18:31:08.054 [main] INFO  testCases.TC010_WF4_SN_SpecificDate - Actual Exec Condition Name:  schedule
18:31:08.054 [main] INFO  testCases.TC010_WF4_SN_SpecificDate - Module,workflow,conditions not matched 
18:31:08.054 [main] INFO  testCases.TC010_WF4_SN_SpecificDate - bCurrentWFStatus: false
18:31:08.143 [main] INFO  testCases.TC010_WF4_SN_SpecificDate - WF1_ScheduleNotify_HourlyDisabled Workflow Manually Enabled
18:31:08.143 [main] INFO  testCases.TC010_WF4_SN_SpecificDate - true:3
18:31:13.570 [main] INFO  testCases.TC010_WF4_SN_SpecificDate - Work flow clicked
18:31:17.853 [main] INFO  testCases.TC010_WF4_SN_SpecificDate - Cliked Step 1 Next Button to Condition Page
18:31:21.664 [main] INFO  testCases.TC010_WF4_SN_SpecificDate - Cliked Step 2 Next Button to Task List Page
18:31:22.682 [main] INFO  testCases.TC010_WF4_SN_SpecificDate - Clicked Workflow and Navigated to Task Page
18:31:22.704 [main] INFO  testCases.TC010_WF4_SN_SpecificDate - Number of Tasks Listed for this Workflow: WF4_ScheduleNotify_SpecificDate : 1
18:31:22.739 [main] INFO  testCases.TC010_WF4_SN_SpecificDate - Is Task Active: 1 : true
18:31:22.951 [main] INFO  testCases.TC010_WF4_SN_SpecificDate - Retrieved Action Type:Send notification
18:31:22.951 [main] INFO  testCases.TC010_WF4_SN_SpecificDate - Retrieved Action Title:NotifySpecificDate
18:31:22.951 [main] INFO  testCases.TC010_WF4_SN_SpecificDate - Action Type and Action Tile matches and also Task Button Enabled
18:31:26.005 [main] INFO  testCases.TC010_WF4_SN_SpecificDate - Clicked Workflow and Navigated to Task Page
18:31:26.005 [main] INFO  testCases.TC010_WF4_SN_SpecificDate - Task Active Send notification  NotifySpecificDate
18:31:37.342 [main] INFO  testCases.TC010_WF4_SN_SpecificDate - [CRMScheduleNotification] is selected in List
18:31:42.513 [main] INFO  testCases.TC010_WF4_SN_SpecificDate - Excel file Utility instance created
18:31:42.539 [main] INFO  testCases.TC010_WF4_SN_SpecificDate - Row Count is: 1
18:31:42.566 [main] INFO  testCases.TC010_WF4_SN_SpecificDate - Col Count is: 52
18:31:42.566 [main] INFO  testCases.TC010_WF4_SN_SpecificDate - Extracting DataSheet Values started...
18:31:43.684 [main] INFO  testCases.TC010_WF4_SN_SpecificDate - Before Adding Module data
18:31:46.869 [main] INFO  testCases.TC010_WF4_SN_SpecificDate - Assinged To Drop Down clicked
18:31:52.207 [main] INFO  testCases.TC010_WF4_SN_SpecificDate - [Sudhakar VE] is selected in List
18:31:52.207 [main] INFO  testCases.TC010_WF4_SN_SpecificDate - Assinged To Value Seleted is::  Sudhakar VE
18:31:53.805 [main] INFO  testCases.TC010_WF4_SN_SpecificDate - Add New Text entered in  input
18:31:53.805 [main] INFO  testCases.TC010_WF4_SN_SpecificDate - Text Value added is::  Add New Text
18:31:55.001 [main] INFO  testCases.TC010_WF4_SN_SpecificDate - Phone NUmber prefix clicked :  
18:31:58.457 [main] INFO  testCases.TC010_WF4_SN_SpecificDate - [+65] is selected in List
18:31:58.457 [main] INFO  testCases.TC010_WF4_SN_SpecificDate - Phone NUmber selected is :  2303492037
18:32:00.168 [main] INFO  testCases.TC010_WF4_SN_SpecificDate - 2303492037 entered in  input
18:32:02.820 [main] INFO  testCases.TC010_WF4_SN_SpecificDate - AddNew@rsoft.in entered in  input
18:32:03.848 [main] INFO  testCases.TC010_WF4_SN_SpecificDate - Email Added is: AddNew@rsoft.in
18:32:04.997 [main] INFO  testCases.TC010_WF4_SN_SpecificDate - Picklist clicked
18:32:06.158 [main] INFO  testCases.TC010_WF4_SN_SpecificDate - Picklist selected: 1
18:33:14.060 [main] INFO  testCases.TC010_WF4_SN_SpecificDate - MultiCombo box values: two
18:33:15.331 [main] INFO  testCases.TC010_WF4_SN_SpecificDate - City Drop Down clicked
18:33:18.970 [main] INFO  testCases.TC010_WF4_SN_SpecificDate - [Kanchipuram] is selected in List
18:33:18.971 [main] INFO  testCases.TC010_WF4_SN_SpecificDate - City Selected: Kanchipuram
18:33:20.179 [main] INFO  testCases.TC010_WF4_SN_SpecificDate - State Drop Down clicked
18:33:24.371 [main] INFO  testCases.TC010_WF4_SN_SpecificDate - [Tamilnadu] is selected in List
18:33:24.371 [main] INFO  testCases.TC010_WF4_SN_SpecificDate - State Selected: Tamilnadu
18:33:25.555 [main] INFO  testCases.TC010_WF4_SN_SpecificDate - Country List clicked
18:33:28.925 [main] INFO  testCases.TC010_WF4_SN_SpecificDate - [India] is selected in List
18:33:28.926 [main] INFO  testCases.TC010_WF4_SN_SpecificDate - Country Selected: India
18:33:30.136 [main] INFO  testCases.TC010_WF4_SN_SpecificDate - Checkbox clicked
18:33:30.282 [main] INFO  testCases.TC010_WF4_SN_SpecificDate - DateBox clicked
18:33:33.296 [main] INFO  testCases.TC010_WF4_SN_SpecificDate - (//td[contains(@class,'today')])[1]
18:33:34.552 [main] INFO  testCases.TC010_WF4_SN_SpecificDate - Today Date Selected
18:33:35.699 [main] INFO  testCases.TC010_WF4_SN_SpecificDate - Time Clicked
18:33:42.370 [main] INFO  testCases.TC010_WF4_SN_SpecificDate - Time Selected is: 02:36 PM
18:33:43.714 [main] INFO  testCases.TC010_WF4_SN_SpecificDate - Date & Time Clicked
18:33:48.716 [main] INFO  testCases.TC010_WF4_SN_SpecificDate - (//td[contains(@class,'today')])[2]
18:33:51.965 [main] INFO  testCases.TC010_WF4_SN_SpecificDate - Clicked Current Date in Date&Time
18:33:52.168 [main] INFO  testCases.TC010_WF4_SN_SpecificDate - Date & Time Selected
18:33:54.025 [main] INFO  testCases.TC010_WF4_SN_SpecificDate - 444444444 entered in  input
18:34:48.747 [main] INFO  testCases.TC010_WF4_SN_SpecificDate - [Mrs.] is selected in List
18:34:50.251 [main] INFO  testCases.TC010_WF4_SN_SpecificDate - Steven entered in  input
18:34:51.784 [main] INFO  testCases.TC010_WF4_SN_SpecificDate - 11111111111 entered in  input
18:34:53.197 [main] INFO  testCases.TC010_WF4_SN_SpecificDate - 10,000 entered in  input
18:34:54.818 [main] INFO  testCases.TC010_WF4_SN_SpecificDate - http://www.google.com/ entered in  input
18:34:58.482 [main] INFO  testCases.TC010_WF4_SN_SpecificDate - [Dr.] is selected in List
18:34:59.967 [main] INFO  testCases.TC010_WF4_SN_SpecificDate - Annie entered in  input
18:35:01.730 [main] INFO  testCases.TC010_WF4_SN_SpecificDate - AddNewEnquiry@gmail.com entered in  input
18:35:03.402 [main] INFO  testCases.TC010_WF4_SN_SpecificDate - Enquiry about Chatbot entered in  input
18:35:10.063 [main] INFO  testCases.TC010_WF4_SN_SpecificDate - RSoft World-Class CRM Software (Customer Relationship Management) solution has been helping all kinds of small and medium businesses to organise, automate and improve their business. Our 15+ years of experience in Sales and Marketing. RSoft makes your business run transparently and intelligently which projects your brand image and win your customers satisfaction. RSoft is way ahead of other CRM's with its new generation features. entered in  textarea
18:35:13.217 [main] INFO  testCases.TC010_WF4_SN_SpecificDate - (//td[contains(@class,'today')])[2]
18:35:19.233 [main] INFO  testCases.TC010_WF4_SN_SpecificDate - [+60] is selected in List
18:35:21.982 [main] INFO  testCases.TC010_WF4_SN_SpecificDate - 0010708827 entered in  input
18:36:22.015 [main] INFO  testCases.TC010_WF4_SN_SpecificDate - [+91] is selected in List
18:36:24.700 [main] INFO  testCases.TC010_WF4_SN_SpecificDate - 3423916775 entered in  input
18:36:26.401 [main] INFO  testCases.TC010_WF4_SN_SpecificDate - AddNewLead@gmail.com entered in  input
18:36:27.950 [main] INFO  testCases.TC010_WF4_SN_SpecificDate - Lead about Chatbot entered in  input
18:36:32.586 [main] INFO  testCases.TC010_WF4_SN_SpecificDate - [+60] is selected in List
18:36:35.199 [main] INFO  testCases.TC010_WF4_SN_SpecificDate - 0144636588 entered in  input
18:36:36.801 [main] INFO  testCases.TC010_WF4_SN_SpecificDate - AddNewSales@gmail.com entered in  input
18:37:56.931 [main] INFO  testCases.TC010_WF4_SN_SpecificDate - testing entered in  input
18:37:57.313 [main] INFO  testCases.TC010_WF4_SN_SpecificDate - dCr2KGiHBrC2!@ entered in  input
18:38:21.198 [main] INFO  testCases.TC010_WF4_SN_SpecificDate - Passed: Worflow scheduled to run at 08:00:00 AM on UTC 2024-01-18 02:30:00Schedule TypeSpecific DateScheduled Type: Specific Date Action type:Send notification for EntityId 93630and Task Id:109
18:38:23.306 [main] INFO  testCases.TC011_WF5_SN_MonthByDate - ******starting WF Schedule Month By Date****
18:38:23.306 [main] INFO  testCases.TC011_WF5_SN_MonthByDate - Test Execution on Browser: chrome
18:38:23.306 [main] INFO  testCases.TC011_WF5_SN_MonthByDate - Excel file Utility instance created
18:38:23.331 [main] INFO  testCases.TC011_WF5_SN_MonthByDate - Row Count is: 1
18:38:23.364 [main] INFO  testCases.TC011_WF5_SN_MonthByDate - Col Count is: 52
18:38:23.364 [main] INFO  testCases.TC011_WF5_SN_MonthByDate - Extracting DataSheet Values started...
18:38:26.353 [main] INFO  testCases.TC011_WF5_SN_MonthByDate - PN1:2612258886
18:38:26.353 [main] INFO  testCases.TC011_WF5_SN_MonthByDate - PN2:2558181373
18:38:26.353 [main] INFO  testCases.TC011_WF5_SN_MonthByDate - PN3:3698538536
18:38:26.353 [main] INFO  testCases.TC011_WF5_SN_MonthByDate - PN4:7906291088
18:38:35.652 [main] INFO  testCases.TC011_WF5_SN_MonthByDate - PRIYAN entered in  input
18:38:37.169 [main] INFO  testCases.TC011_WF5_SN_MonthByDate - Sudhakar entered in  input
18:38:38.789 [main] INFO  testCases.TC011_WF5_SN_MonthByDate - Automation@123 entered in  input
18:38:46.631 [main] INFO  testCases.TC011_WF5_SN_MonthByDate - CRM Login Success with:Sudhakar
18:38:46.631 [main] INFO  testCases.TC011_WF5_SN_MonthByDate - User: Sudhakar Passed : Actual Value is: Login SuccessExpected Value is: Login Success
18:38:53.430 [main] INFO  testCases.TC011_WF5_SN_MonthByDate - Clicked Avatar
18:38:55.449 [main] INFO  testCases.TC011_WF5_SN_MonthByDate - Clicked Menu CRM Setting
18:39:47.932 [main] INFO  testCases.TC012_WF6_SN_Yearly - ******starting WF Schedule Yearly****
18:39:47.932 [main] INFO  testCases.TC012_WF6_SN_Yearly - Test Execution on Browser: chrome
18:39:47.932 [main] INFO  testCases.TC012_WF6_SN_Yearly - Excel file Utility instance created
18:39:47.969 [main] INFO  testCases.TC012_WF6_SN_Yearly - Row Count is: 1
18:39:48.015 [main] INFO  testCases.TC012_WF6_SN_Yearly - Col Count is: 52
18:39:48.016 [main] INFO  testCases.TC012_WF6_SN_Yearly - Extracting DataSheet Values started...
18:39:51.496 [main] INFO  testCases.TC012_WF6_SN_Yearly - PN1:1083682503
18:39:51.496 [main] INFO  testCases.TC012_WF6_SN_Yearly - PN2:7249251645
18:39:51.496 [main] INFO  testCases.TC012_WF6_SN_Yearly - PN3:7913936845
18:39:51.496 [main] INFO  testCases.TC012_WF6_SN_Yearly - PN4:8224201107
18:40:00.161 [main] INFO  testCases.TC012_WF6_SN_Yearly - PRIYAN entered in  input
18:40:01.822 [main] INFO  testCases.TC012_WF6_SN_Yearly - Sudhakar entered in  input
18:40:03.541 [main] INFO  testCases.TC012_WF6_SN_Yearly - Automation@123 entered in  input
18:40:09.900 [main] INFO  testCases.TC012_WF6_SN_Yearly - CRM Login Success with:Sudhakar
18:40:09.900 [main] INFO  testCases.TC012_WF6_SN_Yearly - User: Sudhakar Passed : Actual Value is: Login SuccessExpected Value is: Login Success
18:46:46.940 [main] INFO  testCases.TC012_WF6_SN_Yearly - ******starting WF Schedule Yearly****
18:46:46.945 [main] INFO  testCases.TC012_WF6_SN_Yearly - Test Execution on Browser: chrome
18:46:46.947 [main] INFO  testCases.TC012_WF6_SN_Yearly - Excel file Utility instance created
18:46:48.921 [main] INFO  testCases.TC012_WF6_SN_Yearly - Row Count is: 1
18:46:49.172 [main] INFO  testCases.TC012_WF6_SN_Yearly - Col Count is: 52
18:46:49.173 [main] INFO  testCases.TC012_WF6_SN_Yearly - Extracting DataSheet Values started...
18:46:55.909 [main] INFO  testCases.TC012_WF6_SN_Yearly - PN1:2073942557
18:46:55.909 [main] INFO  testCases.TC012_WF6_SN_Yearly - PN2:0514143514
18:46:55.909 [main] INFO  testCases.TC012_WF6_SN_Yearly - PN3:7429162535
18:46:55.909 [main] INFO  testCases.TC012_WF6_SN_Yearly - PN4:1516841363
18:47:04.886 [main] INFO  testCases.TC012_WF6_SN_Yearly - PRIYAN entered in  input
18:47:06.636 [main] INFO  testCases.TC012_WF6_SN_Yearly - Sudhakar entered in  input
18:47:08.377 [main] INFO  testCases.TC012_WF6_SN_Yearly - Automation@123 entered in  input
18:47:17.023 [main] INFO  testCases.TC012_WF6_SN_Yearly - CRM Login Success with:Sudhakar
18:47:17.023 [main] INFO  testCases.TC012_WF6_SN_Yearly - User: Sudhakar Passed : Actual Value is: Login SuccessExpected Value is: Login Success
18:47:23.924 [main] INFO  testCases.TC012_WF6_SN_Yearly - Clicked Avatar
18:47:25.949 [main] INFO  testCases.TC012_WF6_SN_Yearly - Clicked Menu CRM Setting
18:47:52.645 [main] INFO  testCases.TC012_WF6_SN_Yearly - ******starting WF Schedule Yearly****
18:47:52.650 [main] INFO  testCases.TC012_WF6_SN_Yearly - Test Execution on Browser: chrome
18:47:52.654 [main] INFO  testCases.TC012_WF6_SN_Yearly - Excel file Utility instance created
18:47:54.066 [main] INFO  testCases.TC012_WF6_SN_Yearly - Row Count is: 1
18:47:54.625 [main] INFO  testCases.TC012_WF6_SN_Yearly - Col Count is: 52
18:47:54.625 [main] INFO  testCases.TC012_WF6_SN_Yearly - Extracting DataSheet Values started...
18:48:01.198 [main] INFO  testCases.TC012_WF6_SN_Yearly - PN1:1710561569
18:48:01.198 [main] INFO  testCases.TC012_WF6_SN_Yearly - PN2:7051003817
18:48:01.198 [main] INFO  testCases.TC012_WF6_SN_Yearly - PN3:2520779577
18:48:01.198 [main] INFO  testCases.TC012_WF6_SN_Yearly - PN4:1404819061
18:48:10.052 [main] INFO  testCases.TC012_WF6_SN_Yearly - PRIYAN entered in  input
18:48:11.727 [main] INFO  testCases.TC012_WF6_SN_Yearly - Sudhakar entered in  input
18:48:13.303 [main] INFO  testCases.TC012_WF6_SN_Yearly - Automation@123 entered in  input
18:48:21.540 [main] INFO  testCases.TC012_WF6_SN_Yearly - CRM Login Success with:Sudhakar
18:48:21.542 [main] INFO  testCases.TC012_WF6_SN_Yearly - User: Sudhakar Passed : Actual Value is: Login SuccessExpected Value is: Login Success
18:48:28.952 [main] INFO  testCases.TC012_WF6_SN_Yearly - Clicked Avatar
18:48:31.187 [main] INFO  testCases.TC012_WF6_SN_Yearly - Clicked Menu CRM Setting
18:48:31.389 [main] INFO  testCases.TC012_WF6_SN_Yearly - Clicked Menu Other Setting
18:48:34.365 [main] INFO  testCases.TC012_WF6_SN_Yearly - Clicked Menu Item Workflow
18:48:34.898 [main] INFO  testCases.TC012_WF6_SN_Yearly - Clicked Workflow from Combox Box List
18:48:36.903 [main] INFO  testCases.TC012_WF6_SN_Yearly - Item to be selected:  CRMScheduleNotification Workflow
18:48:44.733 [main] INFO  testCases.TC012_WF6_SN_Yearly - [CRMScheduleNotification Workflow] is selected in List
18:48:44.733 [main] INFO  testCases.TC012_WF6_SN_Yearly - Item selected in combox Box  CRMScheduleNotification Workflow
18:48:45.752 [main] INFO  testCases.TC012_WF6_SN_Yearly - Selected Module to View its Workflows
18:48:45.786 [main] INFO  testCases.TC012_WF6_SN_Yearly - Current Workflow Row item: 1
18:48:45.994 [main] INFO  testCases.TC012_WF6_SN_Yearly - Current style of Worflow Status Element captured
18:48:45.994 [main] INFO  testCases.TC012_WF6_SN_Yearly - Workflow status: of row item: 1 false
18:48:46.093 [main] INFO  testCases.TC012_WF6_SN_Yearly - Actual Module Name:  CRMScheduleNotification
18:48:46.093 [main] INFO  testCases.TC012_WF6_SN_Yearly - Actual Workflow Name:  WF6_ScheduleNotify_Yearly
18:48:46.093 [main] INFO  testCases.TC012_WF6_SN_Yearly - Actual Exec Condition Name:  schedule
18:48:46.094 [main] INFO  testCases.TC012_WF6_SN_Yearly - Module,workflow,condition matches
18:48:46.094 [main] INFO  testCases.TC012_WF6_SN_Yearly - bCurrentWFStatus: false
18:48:46.094 [main] INFO  testCases.TC012_WF6_SN_Yearly - Current Workflow Row item: 2
18:48:46.244 [main] INFO  testCases.TC012_WF6_SN_Yearly - Current style of Worflow Status Element captured
18:48:46.245 [main] INFO  testCases.TC012_WF6_SN_Yearly - Workflow status: of row item: 2 false
18:48:46.352 [main] INFO  testCases.TC012_WF6_SN_Yearly - Actual Module Name:  CRMScheduleNotification
18:48:46.352 [main] INFO  testCases.TC012_WF6_SN_Yearly - Actual Workflow Name:  WF5_ScheduleNotify_MonthByDate
18:48:46.352 [main] INFO  testCases.TC012_WF6_SN_Yearly - Actual Exec Condition Name:  schedule
18:48:46.352 [main] INFO  testCases.TC012_WF6_SN_Yearly - Module,workflow,conditions not matched 
18:48:46.352 [main] INFO  testCases.TC012_WF6_SN_Yearly - bCurrentWFStatus: false
18:48:46.352 [main] INFO  testCases.TC012_WF6_SN_Yearly - Current Workflow Row item: 3
18:48:46.490 [main] INFO  testCases.TC012_WF6_SN_Yearly - Current style of Worflow Status Element captured
18:48:46.491 [main] INFO  testCases.TC012_WF6_SN_Yearly - Workflow status: of row item: 3 true
18:48:46.561 [main] INFO  testCases.TC012_WF6_SN_Yearly - Actual Module Name:  CRMScheduleNotification
18:48:46.561 [main] INFO  testCases.TC012_WF6_SN_Yearly - Actual Workflow Name:  WF4_ScheduleNotify_SpecificDate
18:48:46.561 [main] INFO  testCases.TC012_WF6_SN_Yearly - Actual Exec Condition Name:  schedule
18:48:46.561 [main] INFO  testCases.TC012_WF6_SN_Yearly - Module,workflow,conditions not matched 
18:48:46.562 [main] INFO  testCases.TC012_WF6_SN_Yearly - bCurrentWFStatus: true
18:48:46.675 [main] INFO  testCases.TC012_WF6_SN_Yearly - WF4_ScheduleNotify_SpecificDateWorkflow disabled manually
18:48:46.676 [main] INFO  testCases.TC012_WF6_SN_Yearly - Current Workflow Row item: 4
18:48:46.842 [main] INFO  testCases.TC012_WF6_SN_Yearly - Current style of Worflow Status Element captured
18:48:46.842 [main] INFO  testCases.TC012_WF6_SN_Yearly - Workflow status: of row item: 4 false
18:48:46.924 [main] INFO  testCases.TC012_WF6_SN_Yearly - Actual Module Name:  CRMScheduleNotification
18:48:46.924 [main] INFO  testCases.TC012_WF6_SN_Yearly - Actual Workflow Name:  WF3_ScheduleNotify_Weekly
18:48:46.924 [main] INFO  testCases.TC012_WF6_SN_Yearly - Actual Exec Condition Name:  schedule
18:48:46.924 [main] INFO  testCases.TC012_WF6_SN_Yearly - Module,workflow,conditions not matched 
18:48:46.925 [main] INFO  testCases.TC012_WF6_SN_Yearly - bCurrentWFStatus: false
18:48:46.925 [main] INFO  testCases.TC012_WF6_SN_Yearly - Current Workflow Row item: 5
18:48:47.053 [main] INFO  testCases.TC012_WF6_SN_Yearly - Current style of Worflow Status Element captured
18:48:47.053 [main] INFO  testCases.TC012_WF6_SN_Yearly - Workflow status: of row item: 5 false
18:48:47.171 [main] INFO  testCases.TC012_WF6_SN_Yearly - Actual Module Name:  CRMScheduleNotification
18:48:47.171 [main] INFO  testCases.TC012_WF6_SN_Yearly - Actual Workflow Name:  WF2_ScheduleNotify_Daily
18:48:47.172 [main] INFO  testCases.TC012_WF6_SN_Yearly - Actual Exec Condition Name:  schedule
18:48:47.172 [main] INFO  testCases.TC012_WF6_SN_Yearly - Module,workflow,conditions not matched 
18:48:47.173 [main] INFO  testCases.TC012_WF6_SN_Yearly - bCurrentWFStatus: false
18:48:47.174 [main] INFO  testCases.TC012_WF6_SN_Yearly - Current Workflow Row item: 6
18:48:47.292 [main] INFO  testCases.TC012_WF6_SN_Yearly - Current style of Worflow Status Element captured
18:48:47.292 [main] INFO  testCases.TC012_WF6_SN_Yearly - Workflow status: of row item: 6 false
18:48:47.377 [main] INFO  testCases.TC012_WF6_SN_Yearly - Actual Module Name:  CRMScheduleNotification
18:48:47.377 [main] INFO  testCases.TC012_WF6_SN_Yearly - Actual Workflow Name:  WF1_ScheduleNotify_Hourly
18:48:47.377 [main] INFO  testCases.TC012_WF6_SN_Yearly - Actual Exec Condition Name:  schedule
18:48:47.377 [main] INFO  testCases.TC012_WF6_SN_Yearly - Module,workflow,conditions not matched 
18:48:47.378 [main] INFO  testCases.TC012_WF6_SN_Yearly - bCurrentWFStatus: false
18:48:47.499 [main] INFO  testCases.TC012_WF6_SN_Yearly - WF1_ScheduleNotify_HourlyDisabled Workflow Manually Enabled
18:48:47.500 [main] INFO  testCases.TC012_WF6_SN_Yearly - true:1
18:48:53.456 [main] INFO  testCases.TC012_WF6_SN_Yearly - Work flow clicked
18:48:57.851 [main] INFO  testCases.TC012_WF6_SN_Yearly - Cliked Step 1 Next Button to Condition Page
18:49:01.369 [main] INFO  testCases.TC012_WF6_SN_Yearly - Cliked Step 2 Next Button to Task List Page
18:49:02.383 [main] INFO  testCases.TC012_WF6_SN_Yearly - Clicked Workflow and Navigated to Task Page
18:49:02.418 [main] INFO  testCases.TC012_WF6_SN_Yearly - Number of Tasks Listed for this Workflow: WF6_ScheduleNotify_Yearly : 1
18:49:02.455 [main] INFO  testCases.TC012_WF6_SN_Yearly - Is Task Active: 1 : true
18:49:02.655 [main] INFO  testCases.TC012_WF6_SN_Yearly - Retrieved Action Type:Send notification
18:49:02.655 [main] INFO  testCases.TC012_WF6_SN_Yearly - Retrieved Action Title:TriggerYearlyNotify
18:49:02.655 [main] INFO  testCases.TC012_WF6_SN_Yearly - Action Type and Action Tile matches and also Task Button Enabled
18:49:05.842 [main] INFO  testCases.TC012_WF6_SN_Yearly - Clicked Workflow and Navigated to Task Page
18:49:05.843 [main] INFO  testCases.TC012_WF6_SN_Yearly - Task Active Send notification  TriggerYearlyNotify
18:49:17.261 [main] INFO  testCases.TC012_WF6_SN_Yearly - [CRMScheduleNotification] is selected in List
18:49:22.645 [main] INFO  testCases.TC012_WF6_SN_Yearly - Excel file Utility instance created
18:49:22.712 [main] INFO  testCases.TC012_WF6_SN_Yearly - Row Count is: 1
18:49:22.759 [main] INFO  testCases.TC012_WF6_SN_Yearly - Col Count is: 52
18:49:22.760 [main] INFO  testCases.TC012_WF6_SN_Yearly - Extracting DataSheet Values started...
18:49:25.551 [main] INFO  testCases.TC012_WF6_SN_Yearly - Before Adding Module data
18:49:28.732 [main] INFO  testCases.TC012_WF6_SN_Yearly - Assinged To Drop Down clicked
18:49:34.172 [main] INFO  testCases.TC012_WF6_SN_Yearly - [Sudhakar VE] is selected in List
18:49:34.172 [main] INFO  testCases.TC012_WF6_SN_Yearly - Assinged To Value Seleted is::  Sudhakar VE
18:49:35.822 [main] INFO  testCases.TC012_WF6_SN_Yearly - Add New Text entered in  input
18:49:35.836 [main] INFO  testCases.TC012_WF6_SN_Yearly - Text Value added is::  Add New Text
18:49:37.072 [main] INFO  testCases.TC012_WF6_SN_Yearly - Phone NUmber prefix clicked :  
18:49:40.460 [main] INFO  testCases.TC012_WF6_SN_Yearly - [+65] is selected in List
18:49:40.460 [main] INFO  testCases.TC012_WF6_SN_Yearly - Phone NUmber selected is :  1710561569
18:49:42.284 [main] INFO  testCases.TC012_WF6_SN_Yearly - 1710561569 entered in  input
18:49:45.073 [main] INFO  testCases.TC012_WF6_SN_Yearly - AddNew@rsoft.in entered in  input
18:49:46.085 [main] INFO  testCases.TC012_WF6_SN_Yearly - Email Added is: AddNew@rsoft.in
18:49:47.232 [main] INFO  testCases.TC012_WF6_SN_Yearly - Picklist clicked
18:49:48.403 [main] INFO  testCases.TC012_WF6_SN_Yearly - Picklist selected: 1
18:50:56.360 [main] INFO  testCases.TC012_WF6_SN_Yearly - MultiCombo box values: two
18:50:57.599 [main] INFO  testCases.TC012_WF6_SN_Yearly - City Drop Down clicked
18:51:01.233 [main] INFO  testCases.TC012_WF6_SN_Yearly - [Kanchipuram] is selected in List
18:51:01.233 [main] INFO  testCases.TC012_WF6_SN_Yearly - City Selected: Kanchipuram
18:51:02.442 [main] INFO  testCases.TC012_WF6_SN_Yearly - State Drop Down clicked
18:51:06.659 [main] INFO  testCases.TC012_WF6_SN_Yearly - [Tamilnadu] is selected in List
18:51:06.659 [main] INFO  testCases.TC012_WF6_SN_Yearly - State Selected: Tamilnadu
18:51:07.817 [main] INFO  testCases.TC012_WF6_SN_Yearly - Country List clicked
18:51:11.236 [main] INFO  testCases.TC012_WF6_SN_Yearly - [India] is selected in List
