17:39:36.576 [main] INFO  testCases.TC006_WF6_Send_SMS_ETR_M - Detail View Enquiry Date:  Direct Entry Module Data Passed : Actual Value is: 2024-01-23Expected Value is: 2024-01-23
17:39:37.923 [main] INFO  testCases.TC006_WF6_Send_SMS_ETR_M - Detail View Enquiry Phone Number:  Direct Entry Module Data Passed : Actual Value is: +60 3781275865Expected Value is: +60 3781275865
17:39:39.240 [main] INFO  testCases.TC006_WF6_Send_SMS_ETR_M - Detail View Enquiry Category:  Direct Entry Module Data Passed : Actual Value is: OrdinaryExpected Value is: Ordinary
17:39:40.607 [main] INFO  testCases.TC006_WF6_Send_SMS_ETR_M - DT Lead Mobile Number:  Direct Entry Module Data Passed : Actual Value is: +91 9057080783Expected Value is: +91 9057080783
17:39:42.006 [main] INFO  testCases.TC006_WF6_Send_SMS_ETR_M - DT View Lead Email  Direct Entry Module Data Failed : Actual Value is: 2024-01-23 05:36:57 PMExpected Value is: Lead@rsoft.in
17:39:43.356 [main] INFO  testCases.TC006_WF6_Send_SMS_ETR_M - DT View Lead Text Direct Entry Module Data Failed : Actual Value is: Lead@rsoft.inExpected Value is: Sample Text
17:39:44.768 [main] INFO  testCases.TC006_WF6_Send_SMS_ETR_M - DT Sales Mobile Number:  Direct Entry Module Data Failed : Actual Value is: Sample TextExpected Value is: +60 1067546196
17:39:46.107 [main] INFO  testCases.TC006_WF6_Send_SMS_ETR_M - DT View Sales EmailDirect Entry Module Data Failed : Actual Value is: +60
  1067546196Expected Value is: Sales@rsoft.in
17:39:57.880 [main] INFO  testCases.TC006_WF6_Send_SMS_ETR_M - [SMS Notifiers] is selected in List
17:40:02.646 [main] INFO  testCases.TC006_WF6_Send_SMS_ETR_M - 6422385968 entered in  input
17:40:08.722 [main] INFO  testCases.TC006_WF6_Send_SMS_ETR_M - SMS Count:1
17:40:08.722 [main] INFO  testCases.TC006_WF6_Send_SMS_ETR_M - Passed: SMS Not Received after New Record Add -6422385968
17:40:14.726 [main] INFO  testCases.TC006_WF6_Send_SMS_ETR_M - 3781275865 entered in  input
17:40:20.922 [main] INFO  testCases.TC006_WF6_Send_SMS_ETR_M - SMS Count:1
17:40:20.922 [main] INFO  testCases.TC006_WF6_Send_SMS_ETR_M - Passed: SMS Not Received after New Record Add -3781275865
17:40:26.873 [main] INFO  testCases.TC006_WF6_Send_SMS_ETR_M - 9057080783 entered in  input
17:40:33.441 [main] INFO  testCases.TC006_WF6_Send_SMS_ETR_M - SMS Count:1
17:40:33.441 [main] INFO  testCases.TC006_WF6_Send_SMS_ETR_M - Passed: SMS Not Received after New Record Add -9057080783
17:40:45.430 [main] INFO  testCases.TC006_WF6_Send_SMS_ETR_M - [CRMNotification] is selected in List
17:40:56.960 [main] INFO  testCases.TC006_WF6_Send_SMS_ETR_M - Excel file Utility instance created
17:40:57.015 [main] INFO  testCases.TC006_WF6_Send_SMS_ETR_M - Row Count is: 1
17:40:57.157 [main] INFO  testCases.TC006_WF6_Send_SMS_ETR_M - Col Count is: 52
17:40:57.157 [main] INFO  testCases.TC006_WF6_Send_SMS_ETR_M - Extracting DataSheet Values started...
17:40:58.819 [main] INFO  testCases.TC006_WF6_Send_SMS_ETR_M - Before Adding Module data
17:41:01.981 [main] INFO  testCases.TC006_WF6_Send_SMS_ETR_M - Assinged To Drop Down clicked
17:41:07.365 [main] INFO  testCases.TC006_WF6_Send_SMS_ETR_M - [Sudhakar VE] is selected in List
17:41:07.365 [main] INFO  testCases.TC006_WF6_Send_SMS_ETR_M - Assinged To Value Seleted is::  Sudhakar VE
17:41:09.446 [main] INFO  testCases.TC006_WF6_Send_SMS_ETR_M - New Add Text : Testing ETR_M entered in  input
17:41:09.455 [main] INFO  testCases.TC006_WF6_Send_SMS_ETR_M - Text Value added is::  New Add Text : Testing ETR_M
17:41:10.644 [main] INFO  testCases.TC006_WF6_Send_SMS_ETR_M - Phone NUmber prefix clicked :  
17:41:14.060 [main] INFO  testCases.TC006_WF6_Send_SMS_ETR_M - [+65] is selected in List
17:41:14.060 [main] INFO  testCases.TC006_WF6_Send_SMS_ETR_M - Phone NUmber selected is :  6422385968
17:41:15.856 [main] INFO  testCases.TC006_WF6_Send_SMS_ETR_M - 6422385968 entered in  input
17:41:18.638 [main] INFO  testCases.TC006_WF6_Send_SMS_ETR_M - sudhavijayarag@gmail.com entered in  input
17:41:19.655 [main] INFO  testCases.TC006_WF6_Send_SMS_ETR_M - Email Added is: sudhavijayarag@gmail.com
17:41:20.823 [main] INFO  testCases.TC006_WF6_Send_SMS_ETR_M - Picklist clicked
17:41:21.959 [main] INFO  testCases.TC006_WF6_Send_SMS_ETR_M - Picklist selected: 4
17:42:29.855 [main] INFO  testCases.TC006_WF6_Send_SMS_ETR_M - MultiCombo box values: two
17:42:31.098 [main] INFO  testCases.TC006_WF6_Send_SMS_ETR_M - City Drop Down clicked
17:42:34.634 [main] INFO  testCases.TC006_WF6_Send_SMS_ETR_M - [Chennai] is selected in List
17:42:34.634 [main] INFO  testCases.TC006_WF6_Send_SMS_ETR_M - City Selected: Chennai
17:42:35.877 [main] INFO  testCases.TC006_WF6_Send_SMS_ETR_M - State Drop Down clicked
17:42:40.039 [main] INFO  testCases.TC006_WF6_Send_SMS_ETR_M - [Tamilnadu] is selected in List
17:42:40.039 [main] INFO  testCases.TC006_WF6_Send_SMS_ETR_M - State Selected: Tamilnadu
17:42:41.232 [main] INFO  testCases.TC006_WF6_Send_SMS_ETR_M - Country List clicked
17:42:44.645 [main] INFO  testCases.TC006_WF6_Send_SMS_ETR_M - [India] is selected in List
17:42:44.645 [main] INFO  testCases.TC006_WF6_Send_SMS_ETR_M - Country Selected: India
17:42:45.843 [main] INFO  testCases.TC006_WF6_Send_SMS_ETR_M - Checkbox clicked
17:42:45.991 [main] INFO  testCases.TC006_WF6_Send_SMS_ETR_M - DateBox clicked
17:42:49.005 [main] INFO  testCases.TC006_WF6_Send_SMS_ETR_M - (//td[contains(@class,'today')])[1]
17:42:50.255 [main] INFO  testCases.TC006_WF6_Send_SMS_ETR_M - Today Date Selected
17:42:51.512 [main] INFO  testCases.TC006_WF6_Send_SMS_ETR_M - Time Clicked
17:42:58.180 [main] INFO  testCases.TC006_WF6_Send_SMS_ETR_M - Time Selected is: 02:36 PM
17:42:59.531 [main] INFO  testCases.TC006_WF6_Send_SMS_ETR_M - Date & Time Clicked
17:43:04.543 [main] INFO  testCases.TC006_WF6_Send_SMS_ETR_M - (//td[contains(@class,'today')])[2]
17:43:07.751 [main] INFO  testCases.TC006_WF6_Send_SMS_ETR_M - Clicked Current Date in Date&Time
17:43:08.057 [main] INFO  testCases.TC006_WF6_Send_SMS_ETR_M - Date & Time Selected
17:43:09.967 [main] INFO  testCases.TC006_WF6_Send_SMS_ETR_M -  entered in  input
17:44:04.806 [main] INFO  testCases.TC006_WF6_Send_SMS_ETR_M - [Mrs.] is selected in List
17:44:06.435 [main] INFO  testCases.TC006_WF6_Send_SMS_ETR_M - Sudhakar entered in  input
17:44:08.037 [main] INFO  testCases.TC006_WF6_Send_SMS_ETR_M - 44444444444 entered in  input
17:44:09.523 [main] INFO  testCases.TC006_WF6_Send_SMS_ETR_M - 70,000 entered in  input
17:44:11.259 [main] INFO  testCases.TC006_WF6_Send_SMS_ETR_M - http://www.google.com/ entered in  input
17:44:14.811 [main] INFO  testCases.TC006_WF6_Send_SMS_ETR_M - [Dr.] is selected in List
17:44:16.455 [main] INFO  testCases.TC006_WF6_Send_SMS_ETR_M - Annie spratt entered in  input
17:44:18.281 [main] INFO  testCases.TC006_WF6_Send_SMS_ETR_M - secondadd@gmail.com entered in  input
17:44:19.895 [main] INFO  testCases.TC006_WF6_Send_SMS_ETR_M - new text added  entered in  input
17:44:27.110 [main] INFO  testCases.TC006_WF6_Send_SMS_ETR_M - RSoft World-Class CRM Software (Customer Relationship Management) solution has been helping all kinds of small and medium businesses to organise, automate and improve their business. Our 15+ years of experience in Sales and Marketing. RSoft makes your business run transparently and intelligently which projects your brand image and win your customers satisfaction. RSoft is way ahead of other CRM's with its new generation features. entered in  textarea
17:44:30.232 [main] INFO  testCases.TC006_WF6_Send_SMS_ETR_M - (//td[contains(@class,'today')])[2]
17:44:36.229 [main] INFO  testCases.TC006_WF6_Send_SMS_ETR_M - [+60] is selected in List
17:44:38.968 [main] INFO  testCases.TC006_WF6_Send_SMS_ETR_M - 3781275865 entered in  input
17:45:39.110 [main] INFO  testCases.TC006_WF6_Send_SMS_ETR_M - [+91] is selected in List
17:45:42.006 [main] INFO  testCases.TC006_WF6_Send_SMS_ETR_M - 9057080783 entered in  input
17:45:43.755 [main] INFO  testCases.TC006_WF6_Send_SMS_ETR_M - CRM_Lead@text.com entered in  input
17:45:45.274 [main] INFO  testCases.TC006_WF6_Send_SMS_ETR_M - Lead Text entered in  input
17:45:49.874 [main] INFO  testCases.TC006_WF6_Send_SMS_ETR_M - [+60] is selected in List
17:45:52.853 [main] INFO  testCases.TC006_WF6_Send_SMS_ETR_M - 1067546196 entered in  input
17:45:54.539 [main] INFO  testCases.TC006_WF6_Send_SMS_ETR_M - Sales@rsoft.in entered in  input
17:46:18.685 [main] INFO  testCases.TC006_WF6_Send_SMS_ETR_M - Excel file Utility instance created
17:46:18.740 [main] INFO  testCases.TC006_WF6_Send_SMS_ETR_M - Row Count is: 1
17:46:18.759 [main] INFO  testCases.TC006_WF6_Send_SMS_ETR_M - Col Count is: 52
17:46:18.759 [main] INFO  testCases.TC006_WF6_Send_SMS_ETR_M - Extracting DataSheet Values started...
17:46:20.010 [main] INFO  testCases.TC006_WF6_Send_SMS_ETR_M - Module Name : Summary Add Data Validation Passed : Actual Value is: CRMNotificationExpected Value is: CRMNotification
17:46:21.625 [main] INFO  testCases.TC006_WF6_Send_SMS_ETR_M - Summary Text:  Summary Add Data Validation Failed : Actual Value is: New Add Text : Testing ET...Expected Value is: New Add Text : Testing ETR_M
17:46:22.965 [main] INFO  testCases.TC006_WF6_Send_SMS_ETR_M - Mobile Title: Summary Add Data Validation Passed : Actual Value is: +65 6422385968Expected Value is: +65 6422385968
17:46:24.272 [main] INFO  testCases.TC006_WF6_Send_SMS_ETR_M - Email: Summary Add Data Validation Passed : Actual Value is: sudhavijayarag@gmail.comExpected Value is: sudhavijayarag@gmail.com
17:47:07.344 [main] INFO  testCases.TC006_WF6_Send_SMS_ETR_M - Summary AssignedTo:  Summary Add Data Validation Passed : Actual Value is: Sudhakar VEExpected Value is: Sudhakar VE
17:47:08.731 [main] INFO  testCases.TC006_WF6_Send_SMS_ETR_M - Summary Text:  Summary Add Data Validation Passed : Actual Value is: New Add Text : Testing ETR_MExpected Value is: New Add Text : Testing ETR_M
17:47:10.067 [main] INFO  testCases.TC006_WF6_Send_SMS_ETR_M - Summary Mobile Number:  Summary Add Data Validation Passed : Actual Value is: +65 6422385968Expected Value is: +65 6422385968
17:47:11.454 [main] INFO  testCases.TC006_WF6_Send_SMS_ETR_M - Summary Email :  Summary Add Data Validation Passed : Actual Value is: sudhavijayarag@gmail.comExpected Value is: sudhavijayarag@gmail.com
17:47:12.783 [main] INFO  testCases.TC006_WF6_Send_SMS_ETR_M - Summary PicListValue :  Summary Add Data Validation Passed : Actual Value is: 4Expected Value is: 4
17:47:14.130 [main] INFO  testCases.TC006_WF6_Send_SMS_ETR_M - Summary MuultiCombo Values :  Summary Add Data Validation Passed : Actual Value is: twoExpected Value is: two
17:47:15.493 [main] INFO  testCases.TC006_WF6_Send_SMS_ETR_M - Summary City:  Summary Add Data Validation Passed : Actual Value is: ChennaiExpected Value is: Chennai
17:47:16.815 [main] INFO  testCases.TC006_WF6_Send_SMS_ETR_M - Summary State:  Summary Add Data Validation Passed : Actual Value is: TamilnaduExpected Value is: Tamilnadu
17:47:18.184 [main] INFO  testCases.TC006_WF6_Send_SMS_ETR_M - Summary Country:  Summary Add Data Validation Passed : Actual Value is: IndiaExpected Value is: India
17:47:19.600 [main] INFO  testCases.TC006_WF6_Send_SMS_ETR_M - Summary CheckBox:  Summary Add Data Validation Passed : Actual Value is: YesExpected Value is: Yes
17:47:20.995 [main] INFO  testCases.TC006_WF6_Send_SMS_ETR_M - Summary Date:  Summary Add Data Validation Passed : Actual Value is: 2024-01-23Expected Value is: 2024-01-23
17:47:22.333 [main] INFO  testCases.TC006_WF6_Send_SMS_ETR_M - Summary Time:  Summary Add Data Validation Passed : Actual Value is: Expected Value is: 
17:47:23.700 [main] INFO  testCases.TC006_WF6_Send_SMS_ETR_M - Summary Date & Time :  Summary Add Data Validation Passed : Actual Value is: 2024-01-23 05:40:56 PMExpected Value is: 2024-01-23 05:40:56 PM
17:47:25.106 [main] INFO  testCases.TC006_WF6_Send_SMS_ETR_M - Summary File Upload :  Summary Add Data Validation Passed : Actual Value is: annie-sprattExpected Value is: annie-spratt
17:47:26.460 [main] INFO  testCases.TC006_WF6_Send_SMS_ETR_M - Summary Name:  Summary Add Data Validation Passed : Actual Value is: Mrs. SudhakarExpected Value is: Mrs. Sudhakar
17:47:27.809 [main] INFO  testCases.TC006_WF6_Send_SMS_ETR_M - Summary Number:  Summary Add Data Validation Passed : Actual Value is: 44444444444Expected Value is: 44444444444
17:47:29.171 [main] INFO  testCases.TC006_WF6_Send_SMS_ETR_M - Summary Currency:  Summary Add Data Validation Failed : Actual Value is: 70000Expected Value is: 70,000
17:47:30.516 [main] INFO  testCases.TC006_WF6_Send_SMS_ETR_M - Summary Url:  Summary Add Data Validation Passed : Actual Value is: http://www.google.com/Expected Value is: http://www.google.com/
17:47:31.892 [main] INFO  testCases.TC006_WF6_Send_SMS_ETR_M - Summary Enquiry Name:  Summary Add Data Validation Failed : Actual Value is: Dr. AnnieExpected Value is: Dr. Annie spratt
17:47:33.283 [main] INFO  testCases.TC006_WF6_Send_SMS_ETR_M - Summary Enquiry Email:  Summary Add Data Validation Passed : Actual Value is: secondadd@gmail.comExpected Value is: secondadd@gmail.com
17:47:34.670 [main] INFO  testCases.TC006_WF6_Send_SMS_ETR_M - Summary Enquiry Text:  Summary Add Data Validation Passed : Actual Value is: new text addedExpected Value is: new text added 
17:47:36.049 [main] INFO  testCases.TC006_WF6_Send_SMS_ETR_M - Summary Enquiry Text Area:  Summary Add Data Validation Passed : Actual Value is: RSoft World-Class CRM Software (Customer Relationship Management) solution has been helping all kinds of small and medium businesses to organise, automate and improve their business. Our 15+ years of experience in Sales and Marketing. RSoft makes your business run transparently and intelligently which projects your brand image and win your customers satisfaction. RSoft is way ahead of other CRM's with its new generation features.Expected Value is: RSoft World-Class CRM Software (Customer Relationship Management) solution has been helping all kinds of small and medium businesses to organise, automate and improve their business. Our 15+ years of experience in Sales and Marketing. RSoft makes your business run transparently and intelligently which projects your brand image and win your customers satisfaction. RSoft is way ahead of other CRM's with its new generation features.
17:47:37.444 [main] INFO  testCases.TC006_WF6_Send_SMS_ETR_M - Summary Enquiry Date:  Summary Add Data Validation Passed : Actual Value is: 2024-01-23Expected Value is: 2024-01-23
17:47:38.822 [main] INFO  testCases.TC006_WF6_Send_SMS_ETR_M - Summary Enquiry Phone Number:  Summary Add Data Validation Passed : Actual Value is: +60 3781275865Expected Value is: +60 3781275865
17:47:40.172 [main] INFO  testCases.TC006_WF6_Send_SMS_ETR_M - Summary Enquiry Category:  Summary Add Data Validation Failed : Actual Value is: OrdinaryExpected Value is: Urgent
17:47:41.531 [main] INFO  testCases.TC006_WF6_Send_SMS_ETR_M - Summary Lead PhoneNumber:  Summary Add Data Validation Passed : Actual Value is: +91 9057080783Expected Value is: +91 9057080783
17:47:42.896 [main] INFO  testCases.TC006_WF6_Send_SMS_ETR_M - Summary Lead Email:  Summary Add Data Validation Passed : Actual Value is: CRM_Lead@text.comExpected Value is: CRM_Lead@text.com
17:47:44.283 [main] INFO  testCases.TC006_WF6_Send_SMS_ETR_M - Summary Lead Text:  Summary Add Data Validation Passed : Actual Value is: Lead TextExpected Value is: Lead Text
17:47:45.701 [main] INFO  testCases.TC006_WF6_Send_SMS_ETR_M - Summary Sales PhoneNumber:  Summary Add Data Validation Passed : Actual Value is: +60 1067546196Expected Value is: +60 1067546196
17:47:47.073 [main] INFO  testCases.TC006_WF6_Send_SMS_ETR_M - Summary Sales Email:  Summary Add Data Validation Passed : Actual Value is: Sales@rsoft.inExpected Value is: Sales@rsoft.in
17:47:51.895 [main] INFO  testCases.TC006_WF6_Send_SMS_ETR_M - Detail View AssignedTo:  Summary Add Data Validation Passed : Actual Value is: Sudhakar VEExpected Value is: Sudhakar VE
17:47:53.256 [main] INFO  testCases.TC006_WF6_Send_SMS_ETR_M - Detail View Text:  Summary Add Data Validation Passed : Actual Value is: New Add Text : Testing ETR_MExpected Value is: New Add Text : Testing ETR_M
17:47:54.874 [main] INFO  testCases.TC006_WF6_Send_SMS_ETR_M - Detail View Mobile Number:  Summary Add Data Validation Passed : Actual Value is: +65 6422385968Expected Value is: +65 6422385968
17:47:56.220 [main] INFO  testCases.TC006_WF6_Send_SMS_ETR_M - Detail View Email :  Summary Add Data Validation Passed : Actual Value is: sudhavijayarag@gmail.comExpected Value is: sudhavijayarag@gmail.com
17:47:57.549 [main] INFO  testCases.TC006_WF6_Send_SMS_ETR_M - Detail View PicListValue :  Summary Add Data Validation Passed : Actual Value is: 4Expected Value is: 4
17:47:59.111 [main] INFO  testCases.TC006_WF6_Send_SMS_ETR_M - Detail View MuultiCombo Values :  Summary Add Data Validation Passed : Actual Value is: twoExpected Value is: two
17:48:00.861 [main] INFO  testCases.TC006_WF6_Send_SMS_ETR_M - Detail View City:  Summary Add Data Validation Passed : Actual Value is: ChennaiExpected Value is: Chennai
17:48:02.222 [main] INFO  testCases.TC006_WF6_Send_SMS_ETR_M - Detail View Stat:  Summary Add Data Validation Passed : Actual Value is: TamilnaduExpected Value is: Tamilnadu
17:48:03.555 [main] INFO  testCases.TC006_WF6_Send_SMS_ETR_M - Detail View Country:  Summary Add Data Validation Passed : Actual Value is: IndiaExpected Value is: India
17:48:04.919 [main] INFO  testCases.TC006_WF6_Send_SMS_ETR_M - Detail View CheckBox:  Summary Add Data Validation Passed : Actual Value is: YesExpected Value is: Yes
17:48:06.288 [main] INFO  testCases.TC006_WF6_Send_SMS_ETR_M - Detail View Date:  Summary Add Data Validation Passed : Actual Value is: 2024-01-23Expected Value is: 2024-01-23
17:48:07.719 [main] INFO  testCases.TC006_WF6_Send_SMS_ETR_M - Detail View Time:  Summary Add Data Validation Passed : Actual Value is: Expected Value is: 
17:48:09.132 [main] INFO  testCases.TC006_WF6_Send_SMS_ETR_M - Detail View Date & Time :  Summary Add Data Validation Passed : Actual Value is: 2024-01-23 05:40:56 PMExpected Value is: 2024-01-23 05:40:56 PM
17:48:10.488 [main] INFO  testCases.TC006_WF6_Send_SMS_ETR_M - Detail View Related Module :  Summary Add Data Validation Passed : Actual Value is: Expected Value is: 
17:48:11.851 [main] INFO  testCases.TC006_WF6_Send_SMS_ETR_M - Detail View File Upload :  Summary Add Data Validation Passed : Actual Value is: annie-sprattExpected Value is: annie-spratt
17:48:13.243 [main] INFO  testCases.TC006_WF6_Send_SMS_ETR_M - Detail View Name:  Summary Add Data Validation Passed : Actual Value is: Mrs. SudhakarExpected Value is: Mrs. Sudhakar
17:48:14.640 [main] INFO  testCases.TC006_WF6_Send_SMS_ETR_M - Detail View Number:  Summary Add Data Validation Passed : Actual Value is: 44444444444Expected Value is: 44444444444
17:48:16.000 [main] INFO  testCases.TC006_WF6_Send_SMS_ETR_M - Detail View Currency:  Summary Add Data Validation Failed : Actual Value is: 70000Expected Value is: 70,000
17:48:17.333 [main] INFO  testCases.TC006_WF6_Send_SMS_ETR_M - Detail View Url:  Summary Add Data Validation Passed : Actual Value is: http://www.google.com/Expected Value is: http://www.google.com/
17:48:18.740 [main] INFO  testCases.TC006_WF6_Send_SMS_ETR_M - Detail View Enquiry Name:  Summary Add Data Validation Failed : Actual Value is: Dr. AnnieExpected Value is: Dr. Annie spratt
17:48:20.062 [main] INFO  testCases.TC006_WF6_Send_SMS_ETR_M - Detail View Enquiry Email:  Summary Add Data Validation Passed : Actual Value is: secondadd@gmail.comExpected Value is: secondadd@gmail.com
17:48:21.414 [main] INFO  testCases.TC006_WF6_Send_SMS_ETR_M - Detail View Enquiry Text:  Summary Add Data Validation Passed : Actual Value is: new text addedExpected Value is: new text added 
17:48:22.818 [main] INFO  testCases.TC006_WF6_Send_SMS_ETR_M - Detail View Enquiry Text Area:  Summary Add Data Validation Passed : Actual Value is: RSoft World-Class CRM Software (Customer Relationship Management) solution has been helping all kinds of small and medium businesses to organise, automate and improve their business. Our 15+ years of experience in Sales and Marketing. RSoft makes your business run transparently and intelligently which projects your brand image and win your customers satisfaction. RSoft is way ahead of other CRM's with its new generation features.Expected Value is: RSoft World-Class CRM Software (Customer Relationship Management) solution has been helping all kinds of small and medium businesses to organise, automate and improve their business. Our 15+ years of experience in Sales and Marketing. RSoft makes your business run transparently and intelligently which projects your brand image and win your customers satisfaction. RSoft is way ahead of other CRM's with its new generation features.
17:48:24.141 [main] INFO  testCases.TC006_WF6_Send_SMS_ETR_M - Detail View Enquiry Date:  Summary Add Data Validation Passed : Actual Value is: 2024-01-23Expected Value is: 2024-01-23
17:48:25.565 [main] INFO  testCases.TC006_WF6_Send_SMS_ETR_M - Detail View Enquiry Phone Number:  Summary Add Data Validation Passed : Actual Value is: +60 3781275865Expected Value is: +60 3781275865
17:48:27.090 [main] INFO  testCases.TC006_WF6_Send_SMS_ETR_M - Detail View Enquiry Category:  Summary Add Data Validation Failed : Actual Value is: OrdinaryExpected Value is: Urgent
17:48:28.458 [main] INFO  testCases.TC006_WF6_Send_SMS_ETR_M - DT Lead Mobile Number:  Summary Add Data Validation Passed : Actual Value is: +91 9057080783Expected Value is: +91 9057080783
17:48:29.831 [main] INFO  testCases.TC006_WF6_Send_SMS_ETR_M - DT View Lead Email  Summary Add Data Validation Failed : Actual Value is: 2024-01-23 05:46:03 PMExpected Value is: CRM_Lead@text.com
17:48:31.212 [main] INFO  testCases.TC006_WF6_Send_SMS_ETR_M - DT View Lead Text Summary Add Data Validation Failed : Actual Value is: CRM_Lead@text.comExpected Value is: Lead Text
17:48:32.560 [main] INFO  testCases.TC006_WF6_Send_SMS_ETR_M - DT Sales Mobile Number:  Summary Add Data Validation Failed : Actual Value is: Lead TextExpected Value is: +60 1067546196
17:48:33.924 [main] INFO  testCases.TC006_WF6_Send_SMS_ETR_M - DT View Sales EmailSummary Add Data Validation Failed : Actual Value is: +60
  1067546196Expected Value is: Sales@rsoft.in
17:48:45.876 [main] INFO  testCases.TC006_WF6_Send_SMS_ETR_M - [SMS Notifiers] is selected in List
17:48:49.723 [main] INFO  testCases.TC006_WF6_Send_SMS_ETR_M - 6422385968 entered in  input
17:48:56.567 [main] INFO  testCases.TC006_WF6_Send_SMS_ETR_M - SMS Count:1
17:48:56.568 [main] INFO  testCases.TC006_WF6_Send_SMS_ETR_M - Passed: SMS Not Received after New Record Add in Summary View -6422385968
17:49:02.489 [main] INFO  testCases.TC006_WF6_Send_SMS_ETR_M - 3781275865 entered in  input
17:49:07.961 [main] INFO  testCases.TC006_WF6_Send_SMS_ETR_M - SMS Count:1
17:49:07.961 [main] INFO  testCases.TC006_WF6_Send_SMS_ETR_M - Passed: SMS Not Received after New Record Add in Summary View-3781275865
17:49:13.984 [main] INFO  testCases.TC006_WF6_Send_SMS_ETR_M - 9057080783 entered in  input
17:49:20.264 [main] INFO  testCases.TC006_WF6_Send_SMS_ETR_M - SMS Count:1
17:49:20.264 [main] INFO  testCases.TC006_WF6_Send_SMS_ETR_M - Passed: SMS Not Received after New Record Add - in Summary View9057080783
17:49:32.397 [main] INFO  testCases.TC006_WF6_Send_SMS_ETR_M - [CRMNotification] is selected in List
17:50:11.438 [main] INFO  testCases.TC006_WF6_Send_SMS_ETR_M - [SMS Notifiers] is selected in List
17:50:16.116 [main] INFO  testCases.TC006_WF6_Send_SMS_ETR_M - 6422385968 entered in  input
17:50:25.381 [main] INFO  testCases.TC006_WF6_Send_SMS_ETR_M - SMS Count:1
17:50:25.381 [main] INFO  testCases.TC006_WF6_Send_SMS_ETR_M - Passed: SMS Not Received after Duplicate with No Modify -6422385968
17:50:31.388 [main] INFO  testCases.TC006_WF6_Send_SMS_ETR_M - 3781275865 entered in  input
17:50:37.005 [main] INFO  testCases.TC006_WF6_Send_SMS_ETR_M - SMS Count:1
17:50:37.005 [main] INFO  testCases.TC006_WF6_Send_SMS_ETR_M - Passed: SMS Not Received after Duplicate with No Modify -3781275865
17:50:42.002 [main] INFO  testCases.TC006_WF6_Send_SMS_ETR_M - 9057080783 entered in  input
17:50:48.514 [main] INFO  testCases.TC006_WF6_Send_SMS_ETR_M - SMS Count:1
17:50:48.514 [main] INFO  testCases.TC006_WF6_Send_SMS_ETR_M - Passed: SMS Not Received after Duplicate with No Modify -9057080783
17:51:00.884 [main] INFO  testCases.TC006_WF6_Send_SMS_ETR_M - [CRMNotification] is selected in List
17:51:11.062 [main] INFO  testCases.TC006_WF6_Send_SMS_ETR_M - Excel file Utility instance created
17:51:11.082 [main] INFO  testCases.TC006_WF6_Send_SMS_ETR_M - Row Count is: 1
17:51:11.110 [main] INFO  testCases.TC006_WF6_Send_SMS_ETR_M - Col Count is: 52
17:51:11.110 [main] INFO  testCases.TC006_WF6_Send_SMS_ETR_M - Extracting DataSheet Values started...
17:51:12.278 [main] INFO  testCases.TC006_WF6_Send_SMS_ETR_M - Before Adding Module data
17:51:15.460 [main] INFO  testCases.TC006_WF6_Send_SMS_ETR_M - Assinged To Drop Down clicked
17:51:20.775 [main] INFO  testCases.TC006_WF6_Send_SMS_ETR_M - [Sudhakar VE] is selected in List
17:51:20.775 [main] INFO  testCases.TC006_WF6_Send_SMS_ETR_M - Assinged To Value Seleted is::  Sudhakar VE
17:51:22.482 [main] INFO  testCases.TC006_WF6_Send_SMS_ETR_M - Testing ETR_M entered in  input
17:51:22.493 [main] INFO  testCases.TC006_WF6_Send_SMS_ETR_M - Text Value added is::  Testing ETR_M
17:51:23.707 [main] INFO  testCases.TC006_WF6_Send_SMS_ETR_M - Phone NUmber prefix clicked :  
17:51:27.242 [main] INFO  testCases.TC006_WF6_Send_SMS_ETR_M - [+65] is selected in List
17:51:27.242 [main] INFO  testCases.TC006_WF6_Send_SMS_ETR_M - Phone NUmber selected is :  6422385968
17:51:29.429 [main] INFO  testCases.TC006_WF6_Send_SMS_ETR_M - 6422385968 entered in  input
17:51:32.844 [main] INFO  testCases.TC006_WF6_Send_SMS_ETR_M - sv@bluecrimson.in entered in  input
17:51:33.855 [main] INFO  testCases.TC006_WF6_Send_SMS_ETR_M - Email Added is: sv@bluecrimson.in
17:51:35.022 [main] INFO  testCases.TC006_WF6_Send_SMS_ETR_M - Picklist clicked
17:51:36.160 [main] INFO  testCases.TC006_WF6_Send_SMS_ETR_M - Picklist selected: 4
17:51:58.173 [main] INFO  testCases.TC006_WF6_Send_SMS_ETR_M - MultiCombo box values: three
17:51:59.438 [main] INFO  testCases.TC006_WF6_Send_SMS_ETR_M - City Drop Down clicked
17:52:02.928 [main] INFO  testCases.TC006_WF6_Send_SMS_ETR_M - [Ozar] is selected in List
17:52:02.928 [main] INFO  testCases.TC006_WF6_Send_SMS_ETR_M - City Selected: Ozar
17:52:04.129 [main] INFO  testCases.TC006_WF6_Send_SMS_ETR_M - State Drop Down clicked
17:52:08.671 [main] INFO  testCases.TC006_WF6_Send_SMS_ETR_M - State Selected: Telengana
17:52:09.932 [main] INFO  testCases.TC006_WF6_Send_SMS_ETR_M - Country List clicked
17:52:13.309 [main] INFO  testCases.TC006_WF6_Send_SMS_ETR_M - [India] is selected in List
17:52:13.309 [main] INFO  testCases.TC006_WF6_Send_SMS_ETR_M - Country Selected: India
17:52:14.423 [main] INFO  testCases.TC006_WF6_Send_SMS_ETR_M - Checkbox clicked
17:52:14.609 [main] INFO  testCases.TC006_WF6_Send_SMS_ETR_M - DateBox clicked
17:52:17.622 [main] INFO  testCases.TC006_WF6_Send_SMS_ETR_M - (//td[contains(@class,'today')])[1]
17:52:18.828 [main] INFO  testCases.TC006_WF6_Send_SMS_ETR_M - Today Date Selected
17:52:20.060 [main] INFO  testCases.TC006_WF6_Send_SMS_ETR_M - Time Clicked
17:52:26.738 [main] INFO  testCases.TC006_WF6_Send_SMS_ETR_M - Time Selected is: 02:36 PM
17:52:27.935 [main] INFO  testCases.TC006_WF6_Send_SMS_ETR_M - Date & Time Clicked
17:52:32.937 [main] INFO  testCases.TC006_WF6_Send_SMS_ETR_M - (//td[contains(@class,'today')])[2]
17:52:36.168 [main] INFO  testCases.TC006_WF6_Send_SMS_ETR_M - Clicked Current Date in Date&Time
17:52:36.380 [main] INFO  testCases.TC006_WF6_Send_SMS_ETR_M - Date & Time Selected
17:52:38.240 [main] INFO  testCases.TC006_WF6_Send_SMS_ETR_M -  entered in  input
17:52:44.122 [main] INFO  testCases.TC006_WF6_Send_SMS_ETR_M - [Mrs.] is selected in List
17:52:45.703 [main] INFO  testCases.TC006_WF6_Send_SMS_ETR_M - Steven entered in  input
17:52:47.437 [main] INFO  testCases.TC006_WF6_Send_SMS_ETR_M - 33333333333 entered in  input
17:52:49.019 [main] INFO  testCases.TC006_WF6_Send_SMS_ETR_M - 8,000 entered in  input
17:52:50.875 [main] INFO  testCases.TC006_WF6_Send_SMS_ETR_M - http://www.rsoft.com entered in  input
17:52:54.483 [main] INFO  testCases.TC006_WF6_Send_SMS_ETR_M - [Dr.] is selected in List
17:52:56.070 [main] INFO  testCases.TC006_WF6_Send_SMS_ETR_M - Vijay entered in  input
17:52:58.036 [main] INFO  testCases.TC006_WF6_Send_SMS_ETR_M - DuplcateEqnury@gmail.com entered in  input
17:52:59.926 [main] INFO  testCases.TC006_WF6_Send_SMS_ETR_M - Enquired about project entered in  input
17:53:08.380 [main] INFO  testCases.TC006_WF6_Send_SMS_ETR_M - RSoft World-Class CRM Software (Customer Relationship Management) solution has been helping all kinds of small and medium businesses to organise, automate and improve their business. Our 15+ years of experience in Sales and Marketing. RSoft makes your business run transparently and intelligently which projects your brand image and win your customers satisfaction. RSoft is way ahead of other CRM's with its new generation features. entered in  textarea
17:53:11.569 [main] INFO  testCases.TC006_WF6_Send_SMS_ETR_M - (//td[contains(@class,'today')])[2]
17:53:17.545 [main] INFO  testCases.TC006_WF6_Send_SMS_ETR_M - [+60] is selected in List
17:53:20.406 [main] INFO  testCases.TC006_WF6_Send_SMS_ETR_M - 3781275865 entered in  input
17:54:20.430 [main] INFO  testCases.TC006_WF6_Send_SMS_ETR_M - [+91] is selected in List
17:54:23.307 [main] INFO  testCases.TC006_WF6_Send_SMS_ETR_M - 9057080783 entered in  input
17:54:25.254 [main] INFO  testCases.TC006_WF6_Send_SMS_ETR_M - CRMDuplicateLead@rsoft.in entered in  input
17:54:27.170 [main] INFO  testCases.TC006_WF6_Send_SMS_ETR_M - Sample duplicate lead Text entered in  input
17:54:31.947 [main] INFO  testCases.TC006_WF6_Send_SMS_ETR_M - [+60] is selected in List
17:54:34.787 [main] INFO  testCases.TC006_WF6_Send_SMS_ETR_M - 1067546196 entered in  input
17:54:36.591 [main] INFO  testCases.TC006_WF6_Send_SMS_ETR_M - Sales@rsoft.in entered in  input
17:55:14.770 [main] INFO  testCases.TC006_WF6_Send_SMS_ETR_M - Excel file Utility instance created
17:55:14.818 [main] INFO  testCases.TC006_WF6_Send_SMS_ETR_M - Row Count is: 1
17:55:14.853 [main] INFO  testCases.TC006_WF6_Send_SMS_ETR_M - Col Count is: 52
17:55:14.853 [main] INFO  testCases.TC006_WF6_Send_SMS_ETR_M - Extracting DataSheet Values started...
17:55:16.536 [main] INFO  testCases.TC006_WF6_Send_SMS_ETR_M - Module Name : Duplicate with New Data Passed : Actual Value is: CRMNotificationExpected Value is: CRMNotification
17:55:18.134 [main] INFO  testCases.TC006_WF6_Send_SMS_ETR_M - Summary Text:  Duplicate with New Data Passed : Actual Value is: Testing ETR_MExpected Value is: Testing ETR_M
17:55:19.467 [main] INFO  testCases.TC006_WF6_Send_SMS_ETR_M - Mobile Title: Duplicate with New Data Passed : Actual Value is: +65 6422385968Expected Value is: +65 6422385968
17:55:20.765 [main] INFO  testCases.TC006_WF6_Send_SMS_ETR_M - Email: Duplicate with New Data Passed : Actual Value is: sv@bluecrimson.inExpected Value is: sv@bluecrimson.in
17:55:52.339 [main] INFO  testCases.TC006_WF6_Send_SMS_ETR_M - Summary AssignedTo:  Duplicate with New Data Passed : Actual Value is: Sudhakar VEExpected Value is: Sudhakar VE
17:55:53.707 [main] INFO  testCases.TC006_WF6_Send_SMS_ETR_M - Summary Text:  Duplicate with New Data Passed : Actual Value is: Testing ETR_MExpected Value is: Testing ETR_M
17:55:55.045 [main] INFO  testCases.TC006_WF6_Send_SMS_ETR_M - Summary Mobile Number:  Duplicate with New Data Passed : Actual Value is: +65 6422385968Expected Value is: +65 6422385968
17:55:56.386 [main] INFO  testCases.TC006_WF6_Send_SMS_ETR_M - Summary Email :  Duplicate with New Data Passed : Actual Value is: sv@bluecrimson.inExpected Value is: sv@bluecrimson.in
17:55:57.702 [main] INFO  testCases.TC006_WF6_Send_SMS_ETR_M - Summary PicListValue :  Duplicate with New Data Passed : Actual Value is: 4Expected Value is: 4
17:55:59.050 [main] INFO  testCases.TC006_WF6_Send_SMS_ETR_M - Summary MuultiCombo Values :  Duplicate with New Data Passed : Actual Value is: threeExpected Value is: three
17:56:00.437 [main] INFO  testCases.TC006_WF6_Send_SMS_ETR_M - Summary City:  Duplicate with New Data Passed : Actual Value is: OzarExpected Value is: Ozar
17:56:01.805 [main] INFO  testCases.TC006_WF6_Send_SMS_ETR_M - Summary State:  Duplicate with New Data Failed : Actual Value is: TamilnaduExpected Value is: Telengana
17:56:03.166 [main] INFO  testCases.TC006_WF6_Send_SMS_ETR_M - Summary Country:  Duplicate with New Data Passed : Actual Value is: IndiaExpected Value is: India
17:56:04.518 [main] INFO  testCases.TC006_WF6_Send_SMS_ETR_M - Summary CheckBox:  Duplicate with New Data Passed : Actual Value is: YesExpected Value is: Yes
17:56:05.900 [main] INFO  testCases.TC006_WF6_Send_SMS_ETR_M - Summary Date:  Duplicate with New Data Passed : Actual Value is: 2024-01-23Expected Value is: 2024-01-23
17:56:07.257 [main] INFO  testCases.TC006_WF6_Send_SMS_ETR_M - Summary Time:  Duplicate with New Data Passed : Actual Value is: Expected Value is: 
17:56:08.570 [main] INFO  testCases.TC006_WF6_Send_SMS_ETR_M - Summary Date & Time :  Duplicate with New Data Passed : Actual Value is: 2024-01-23 05:40:56 PMExpected Value is: 2024-01-23 05:40:56 PM
17:56:10.002 [main] INFO  testCases.TC006_WF6_Send_SMS_ETR_M - Summary File Upload :  Duplicate with New Data Passed : Actual Value is: annie-sprattExpected Value is: annie-spratt
17:56:11.454 [main] INFO  testCases.TC006_WF6_Send_SMS_ETR_M - Summary Name:  Duplicate with New Data Passed : Actual Value is: Mrs. StevenExpected Value is: Mrs. Steven
17:56:12.852 [main] INFO  testCases.TC006_WF6_Send_SMS_ETR_M - Summary Number:  Duplicate with New Data Passed : Actual Value is: 33333333333Expected Value is: 33333333333
17:56:14.236 [main] INFO  testCases.TC006_WF6_Send_SMS_ETR_M - Summary Currency:  Duplicate with New Data Failed : Actual Value is: 8000Expected Value is: 8,000
17:56:15.583 [main] INFO  testCases.TC006_WF6_Send_SMS_ETR_M - Summary Url:  Duplicate with New Data Failed : Actual Value is: http://www.rsoft.com/Expected Value is: http://www.rsoft.com
17:56:16.954 [main] INFO  testCases.TC006_WF6_Send_SMS_ETR_M - Summary Enquiry Name:  Duplicate with New Data Passed : Actual Value is: Dr. VijayExpected Value is: Dr. Vijay
17:56:18.387 [main] INFO  testCases.TC006_WF6_Send_SMS_ETR_M - Summary Enquiry Email:  Duplicate with New Data Passed : Actual Value is: DuplcateEqnury@gmail.comExpected Value is: DuplcateEqnury@gmail.com
17:56:19.756 [main] INFO  testCases.TC006_WF6_Send_SMS_ETR_M - Summary Enquiry Text:  Duplicate with New Data Passed : Actual Value is: Enquired about projectExpected Value is: Enquired about project
17:56:21.139 [main] INFO  testCases.TC006_WF6_Send_SMS_ETR_M - Summary Enquiry Text Area:  Duplicate with New Data Passed : Actual Value is: RSoft World-Class CRM Software (Customer Relationship Management) solution has been helping all kinds of small and medium businesses to organise, automate and improve their business. Our 15+ years of experience in Sales and Marketing. RSoft makes your business run transparently and intelligently which projects your brand image and win your customers satisfaction. RSoft is way ahead of other CRM's with its new generation features.Expected Value is: RSoft World-Class CRM Software (Customer Relationship Management) solution has been helping all kinds of small and medium businesses to organise, automate and improve their business. Our 15+ years of experience in Sales and Marketing. RSoft makes your business run transparently and intelligently which projects your brand image and win your customers satisfaction. RSoft is way ahead of other CRM's with its new generation features.
17:56:22.501 [main] INFO  testCases.TC006_WF6_Send_SMS_ETR_M - Summary Enquiry Date:  Duplicate with New Data Passed : Actual Value is: 2024-01-23Expected Value is: 2024-01-23
17:56:23.847 [main] INFO  testCases.TC006_WF6_Send_SMS_ETR_M - Summary Enquiry Phone Number:  Duplicate with New Data Passed : Actual Value is: +60 3781275865Expected Value is: +60 3781275865
17:56:25.223 [main] INFO  testCases.TC006_WF6_Send_SMS_ETR_M - Summary Enquiry Category:  Duplicate with New Data Failed : Actual Value is: OrdinaryExpected Value is: Moderate
17:56:26.625 [main] INFO  testCases.TC006_WF6_Send_SMS_ETR_M - Summary Lead PhoneNumber:  Duplicate with New Data Passed : Actual Value is: +91 9057080783Expected Value is: +91 9057080783
17:56:28.002 [main] INFO  testCases.TC006_WF6_Send_SMS_ETR_M - Summary Lead Email:  Duplicate with New Data Passed : Actual Value is: CRMDuplicateLead@rsoft.inExpected Value is: CRMDuplicateLead@rsoft.in
17:56:29.381 [main] INFO  testCases.TC006_WF6_Send_SMS_ETR_M - Summary Lead Text:  Duplicate with New Data Passed : Actual Value is: Sample duplicate lead TextExpected Value is: Sample duplicate lead Text
17:56:30.704 [main] INFO  testCases.TC006_WF6_Send_SMS_ETR_M - Summary Sales PhoneNumber:  Duplicate with New Data Passed : Actual Value is: +60 1067546196Expected Value is: +60 1067546196
17:56:32.017 [main] INFO  testCases.TC006_WF6_Send_SMS_ETR_M - Summary Sales Email:  Duplicate with New Data Passed : Actual Value is: Sales@rsoft.inExpected Value is: Sales@rsoft.in
17:56:36.825 [main] INFO  testCases.TC006_WF6_Send_SMS_ETR_M - Detail View AssignedTo:  Duplicate with New Data Passed : Actual Value is: Sudhakar VEExpected Value is: Sudhakar VE
17:56:38.209 [main] INFO  testCases.TC006_WF6_Send_SMS_ETR_M - Detail View Text:  Duplicate with New Data Passed : Actual Value is: Testing ETR_MExpected Value is: Testing ETR_M
17:56:39.603 [main] INFO  testCases.TC006_WF6_Send_SMS_ETR_M - Detail View Mobile Number:  Duplicate with New Data Passed : Actual Value is: +65 6422385968Expected Value is: +65 6422385968
17:56:40.910 [main] INFO  testCases.TC006_WF6_Send_SMS_ETR_M - Detail View Email :  Duplicate with New Data Passed : Actual Value is: sv@bluecrimson.inExpected Value is: sv@bluecrimson.in
17:56:42.367 [main] INFO  testCases.TC006_WF6_Send_SMS_ETR_M - Detail View PicListValue :  Duplicate with New Data Passed : Actual Value is: 4Expected Value is: 4
17:56:43.795 [main] INFO  testCases.TC006_WF6_Send_SMS_ETR_M - Detail View MuultiCombo Values :  Duplicate with New Data Passed : Actual Value is: threeExpected Value is: three
17:56:45.184 [main] INFO  testCases.TC006_WF6_Send_SMS_ETR_M - Detail View City:  Duplicate with New Data Passed : Actual Value is: OzarExpected Value is: Ozar
17:56:46.530 [main] INFO  testCases.TC006_WF6_Send_SMS_ETR_M - Detail View Stat:  Duplicate with New Data Failed : Actual Value is: TamilnaduExpected Value is: Telengana
17:56:47.879 [main] INFO  testCases.TC006_WF6_Send_SMS_ETR_M - Detail View Country:  Duplicate with New Data Passed : Actual Value is: IndiaExpected Value is: India
17:56:49.243 [main] INFO  testCases.TC006_WF6_Send_SMS_ETR_M - Detail View CheckBox:  Duplicate with New Data Passed : Actual Value is: YesExpected Value is: Yes
17:56:50.581 [main] INFO  testCases.TC006_WF6_Send_SMS_ETR_M - Detail View Date:  Duplicate with New Data Passed : Actual Value is: 2024-01-23Expected Value is: 2024-01-23
17:56:51.925 [main] INFO  testCases.TC006_WF6_Send_SMS_ETR_M - Detail View Time:  Duplicate with New Data Passed : Actual Value is: Expected Value is: 
17:56:53.296 [main] INFO  testCases.TC006_WF6_Send_SMS_ETR_M - Detail View Date & Time :  Duplicate with New Data Passed : Actual Value is: 2024-01-23 05:40:56 PMExpected Value is: 2024-01-23 05:40:56 PM
17:56:54.680 [main] INFO  testCases.TC006_WF6_Send_SMS_ETR_M - Detail View Related Module :  Duplicate with New Data Passed : Actual Value is: Expected Value is: 
17:56:56.150 [main] INFO  testCases.TC006_WF6_Send_SMS_ETR_M - Detail View File Upload :  Duplicate with New Data Passed : Actual Value is: annie-sprattExpected Value is: annie-spratt
17:56:57.503 [main] INFO  testCases.TC006_WF6_Send_SMS_ETR_M - Detail View Name:  Duplicate with New Data Passed : Actual Value is: Mrs. StevenExpected Value is: Mrs. Steven
17:56:58.841 [main] INFO  testCases.TC006_WF6_Send_SMS_ETR_M - Detail View Number:  Duplicate with New Data Passed : Actual Value is: 33333333333Expected Value is: 33333333333
17:57:00.224 [main] INFO  testCases.TC006_WF6_Send_SMS_ETR_M - Detail View Currency:  Duplicate with New Data Failed : Actual Value is: 8000Expected Value is: 8,000
17:57:01.504 [main] INFO  testCases.TC006_WF6_Send_SMS_ETR_M - Detail View Url:  Duplicate with New Data Failed : Actual Value is: http://www.rsoft.com/Expected Value is: http://www.rsoft.com
17:57:02.916 [main] INFO  testCases.TC006_WF6_Send_SMS_ETR_M - Detail View Enquiry Name:  Duplicate with New Data Passed : Actual Value is: Dr. VijayExpected Value is: Dr. Vijay
17:57:04.314 [main] INFO  testCases.TC006_WF6_Send_SMS_ETR_M - Detail View Enquiry Email:  Duplicate with New Data Passed : Actual Value is: DuplcateEqnury@gmail.comExpected Value is: DuplcateEqnury@gmail.com
17:57:05.704 [main] INFO  testCases.TC006_WF6_Send_SMS_ETR_M - Detail View Enquiry Text:  Duplicate with New Data Passed : Actual Value is: Enquired about projectExpected Value is: Enquired about project
17:57:07.027 [main] INFO  testCases.TC006_WF6_Send_SMS_ETR_M - Detail View Enquiry Text Area:  Duplicate with New Data Passed : Actual Value is: RSoft World-Class CRM Software (Customer Relationship Management) solution has been helping all kinds of small and medium businesses to organise, automate and improve their business. Our 15+ years of experience in Sales and Marketing. RSoft makes your business run transparently and intelligently which projects your brand image and win your customers satisfaction. RSoft is way ahead of other CRM's with its new generation features.Expected Value is: RSoft World-Class CRM Software (Customer Relationship Management) solution has been helping all kinds of small and medium businesses to organise, automate and improve their business. Our 15+ years of experience in Sales and Marketing. RSoft makes your business run transparently and intelligently which projects your brand image and win your customers satisfaction. RSoft is way ahead of other CRM's with its new generation features.
17:57:08.435 [main] INFO  testCases.TC006_WF6_Send_SMS_ETR_M - Detail View Enquiry Date:  Duplicate with New Data Passed : Actual Value is: 2024-01-23Expected Value is: 2024-01-23
17:57:09.773 [main] INFO  testCases.TC006_WF6_Send_SMS_ETR_M - Detail View Enquiry Phone Number:  Duplicate with New Data Passed : Actual Value is: +60 3781275865Expected Value is: +60 3781275865
17:57:11.113 [main] INFO  testCases.TC006_WF6_Send_SMS_ETR_M - Detail View Enquiry Category:  Duplicate with New Data Failed : Actual Value is: OrdinaryExpected Value is: Moderate
17:57:12.491 [main] INFO  testCases.TC006_WF6_Send_SMS_ETR_M - DT Lead Mobile Number:  Duplicate with New Data Passed : Actual Value is: +91 9057080783Expected Value is: +91 9057080783
17:57:13.823 [main] INFO  testCases.TC006_WF6_Send_SMS_ETR_M - DT View Lead Email  Duplicate with New Data Failed : Actual Value is: 2024-01-23 05:54:43 PMExpected Value is: CRMDuplicateLead@rsoft.in
17:57:15.190 [main] INFO  testCases.TC006_WF6_Send_SMS_ETR_M - DT View Lead Text Duplicate with New Data Failed : Actual Value is: CRMDuplicateLead@rsoft.inExpected Value is: Sample duplicate lead Text
17:57:16.540 [main] INFO  testCases.TC006_WF6_Send_SMS_ETR_M - DT Sales Mobile Number:  Duplicate with New Data Failed : Actual Value is: Sample duplicateExpected Value is: +60 1067546196
17:57:17.890 [main] INFO  testCases.TC006_WF6_Send_SMS_ETR_M - DT View Sales EmailDuplicate with New Data Failed : Actual Value is: +60
  1067546196Expected Value is: Sales@rsoft.in
17:57:26.659 [main] INFO  testCases.TC006_WF6_Send_SMS_ETR_M - [SMS Notifiers] is selected in List
17:57:31.451 [main] INFO  testCases.TC006_WF6_Send_SMS_ETR_M - 6422385968 entered in  input
17:57:38.160 [main] INFO  testCases.TC006_WF6_Send_SMS_ETR_M - SMS Count:1
17:57:38.160 [main] INFO  testCases.TC006_WF6_Send_SMS_ETR_M - Passed: SMS Not Received after Duplicate with Modification data -6422385968
17:57:44.110 [main] INFO  testCases.TC006_WF6_Send_SMS_ETR_M - 3781275865 entered in  input
17:57:49.752 [main] INFO  testCases.TC006_WF6_Send_SMS_ETR_M - SMS Count:1
17:57:49.752 [main] INFO  testCases.TC006_WF6_Send_SMS_ETR_M - Passed: SMS Not Received after Duplicate with Modification data -3781275865
17:57:55.856 [main] INFO  testCases.TC006_WF6_Send_SMS_ETR_M - 9057080783 entered in  input
17:58:01.691 [main] INFO  testCases.TC006_WF6_Send_SMS_ETR_M - SMS Count:1
17:58:01.691 [main] INFO  testCases.TC006_WF6_Send_SMS_ETR_M - Passed: SMS Not Received after Duplicate with Modification data -9057080783
17:58:20.218 [main] INFO  testCases.TC006_WF6_Send_SMS_ETR_M - [CRMNotification] is selected in List
17:58:58.791 [main] INFO  testCases.TC006_WF6_Send_SMS_ETR_M - [SMS Notifiers] is selected in List
17:59:03.674 [main] INFO  testCases.TC006_WF6_Send_SMS_ETR_M - 6422385968 entered in  input
17:59:10.254 [main] INFO  testCases.TC006_WF6_Send_SMS_ETR_M - SMS Count:2
17:59:10.254 [main] INFO  testCases.TC006_WF6_Send_SMS_ETR_M - Passed: SMS Received after Edit with No Modify -6422385968
17:59:16.306 [main] INFO  testCases.TC006_WF6_Send_SMS_ETR_M - 3781275865 entered in  input
17:59:22.307 [main] INFO  testCases.TC006_WF6_Send_SMS_ETR_M - SMS Count:2
17:59:22.307 [main] INFO  testCases.TC006_WF6_Send_SMS_ETR_M - Passed: SMS Received after Edit with No Modify -3781275865
17:59:26.223 [main] INFO  testCases.TC006_WF6_Send_SMS_ETR_M - 9057080783 entered in  input
17:59:32.803 [main] INFO  testCases.TC006_WF6_Send_SMS_ETR_M - SMS Count:2
17:59:32.803 [main] INFO  testCases.TC006_WF6_Send_SMS_ETR_M - Passed: SMS Received after Edit with No Modify -9057080783
17:59:44.399 [main] INFO  testCases.TC006_WF6_Send_SMS_ETR_M - [CRMNotification] is selected in List
17:59:58.805 [main] INFO  testCases.TC006_WF6_Send_SMS_ETR_M - Excel file Utility instance created
17:59:58.822 [main] INFO  testCases.TC006_WF6_Send_SMS_ETR_M - Row Count is: 1
17:59:58.838 [main] INFO  testCases.TC006_WF6_Send_SMS_ETR_M - Col Count is: 52
17:59:58.838 [main] INFO  testCases.TC006_WF6_Send_SMS_ETR_M - Extracting DataSheet Values started...
17:59:59.568 [main] INFO  testCases.TC006_WF6_Send_SMS_ETR_M - Before Adding Module data
18:00:02.775 [main] INFO  testCases.TC006_WF6_Send_SMS_ETR_M - Assinged To Drop Down clicked
18:00:08.144 [main] INFO  testCases.TC006_WF6_Send_SMS_ETR_M - [Sudhakar VE] is selected in List
18:00:08.144 [main] INFO  testCases.TC006_WF6_Send_SMS_ETR_M - Assinged To Value Seleted is::  Sudhakar VE
18:00:09.775 [main] INFO  testCases.TC006_WF6_Send_SMS_ETR_M - Edit Text entered in  input
18:00:09.792 [main] INFO  testCases.TC006_WF6_Send_SMS_ETR_M - Text Value added is::  Edit Text
18:00:11.007 [main] INFO  testCases.TC006_WF6_Send_SMS_ETR_M - Phone NUmber prefix clicked :  
18:00:14.390 [main] INFO  testCases.TC006_WF6_Send_SMS_ETR_M - [+65] is selected in List
18:00:14.390 [main] INFO  testCases.TC006_WF6_Send_SMS_ETR_M - Phone NUmber selected is :  6422385968
18:00:16.275 [main] INFO  testCases.TC006_WF6_Send_SMS_ETR_M - 6422385968 entered in  input
18:00:19.104 [main] INFO  testCases.TC006_WF6_Send_SMS_ETR_M - EditSudhakar@rsoft.in entered in  input
18:00:20.121 [main] INFO  testCases.TC006_WF6_Send_SMS_ETR_M - Email Added is: EditSudhakar@rsoft.in
18:00:21.303 [main] INFO  testCases.TC006_WF6_Send_SMS_ETR_M - Picklist clicked
18:00:22.520 [main] INFO  testCases.TC006_WF6_Send_SMS_ETR_M - Picklist selected: 5
18:00:44.541 [main] INFO  testCases.TC006_WF6_Send_SMS_ETR_M - MultiCombo box values: four
18:00:45.817 [main] INFO  testCases.TC006_WF6_Send_SMS_ETR_M - City Drop Down clicked
18:00:49.303 [main] INFO  testCases.TC006_WF6_Send_SMS_ETR_M - [Madurai] is selected in List
18:00:49.303 [main] INFO  testCases.TC006_WF6_Send_SMS_ETR_M - City Selected: Madurai
18:00:50.494 [main] INFO  testCases.TC006_WF6_Send_SMS_ETR_M - State Drop Down clicked
18:00:54.792 [main] INFO  testCases.TC006_WF6_Send_SMS_ETR_M - [Tripura] is selected in List
18:00:54.793 [main] INFO  testCases.TC006_WF6_Send_SMS_ETR_M - State Selected: Tripura
18:00:55.982 [main] INFO  testCases.TC006_WF6_Send_SMS_ETR_M - Country List clicked
18:00:59.532 [main] INFO  testCases.TC006_WF6_Send_SMS_ETR_M - [CAT] is selected in List
18:00:59.532 [main] INFO  testCases.TC006_WF6_Send_SMS_ETR_M - Country Selected: CAT
18:01:00.718 [main] INFO  testCases.TC006_WF6_Send_SMS_ETR_M - Checkbox clicked
18:01:00.883 [main] INFO  testCases.TC006_WF6_Send_SMS_ETR_M - DateBox clicked
18:01:03.887 [main] INFO  testCases.TC006_WF6_Send_SMS_ETR_M - (//td[contains(@class,'today')])[1]
18:01:05.096 [main] INFO  testCases.TC006_WF6_Send_SMS_ETR_M - Today Date Selected
18:01:06.287 [main] INFO  testCases.TC006_WF6_Send_SMS_ETR_M - Time Clicked
18:01:13.004 [main] INFO  testCases.TC006_WF6_Send_SMS_ETR_M - Time Selected is: 02:36 PM
18:01:14.199 [main] INFO  testCases.TC006_WF6_Send_SMS_ETR_M - Date & Time Clicked
18:01:19.204 [main] INFO  testCases.TC006_WF6_Send_SMS_ETR_M - (//td[contains(@class,'today')])[2]
18:01:22.470 [main] INFO  testCases.TC006_WF6_Send_SMS_ETR_M - Clicked Current Date in Date&Time
18:01:22.709 [main] INFO  testCases.TC006_WF6_Send_SMS_ETR_M - Date & Time Selected
