15:15:22.407 [main] INFO  utilities.UtilityCustomFunctions - RSoft!@345 entered in  input
15:15:33.894 [main] INFO  testCases.WebForms.TC013_WF_RRN_OneN_TwoN - Clicked Avatar
15:15:38.713 [main] INFO  testCases.WebForms.TC013_WF_RRN_OneN_TwoN - Clicked Menu CRM Setting
15:15:41.004 [main] INFO  testCases.WebForms.TC013_WF_RRN_OneN_TwoN - Clicked Menu User Access Control
15:15:44.857 [main] INFO  testCases.WebForms.TC013_WF_RRN_OneN_TwoN - Clicked Avatar
15:15:49.010 [main] INFO  testCases.WebForms.TC013_WF_RRN_OneN_TwoN - Clicked Menu CRM Setting
15:15:49.145 [main] INFO  testCases.WebForms.TC013_WF_RRN_OneN_TwoN - Clicked Integration
15:16:01.134 [main] INFO  testCases.WebForms.TC013_WF_RRN_OneN_TwoN - [ETNotification Webform] is selected in List
15:16:05.724 [main] INFO  testCases.WebForms.TC013_WF_RRN_OneN_TwoN - [ETNotification Webform] is selected in List
15:16:44.341 [main] INFO  testCases.WebForms.TC013_WF_RRN_OneN_TwoN - Clicked Avatar
15:16:48.386 [main] INFO  testCases.WebForms.TC013_WF_RRN_OneN_TwoN - Clicked Menu CRM Setting
15:16:50.674 [main] INFO  testCases.WebForms.TC013_WF_RRN_OneN_TwoN - Clicked Menu User Access Control
15:17:07.524 [main] INFO  utilities.UtilityCustomFunctions - Actual:Mr Imperfect
15:17:07.524 [main] INFO  utilities.UtilityCustomFunctions - Expected:Mr Imperfect
15:17:07.534 [main] INFO  utilities.UtilityCustomFunctions - Message:AssignedTo Value
15:17:08.892 [main] INFO  utilities.UtilityCustomFunctions - Actual:+91
15:17:08.892 [main] INFO  utilities.UtilityCustomFunctions - Expected:+91
15:17:08.892 [main] INFO  utilities.UtilityCustomFunctions - Message:Mobile Number Prefix
15:17:10.159 [main] INFO  utilities.UtilityCustomFunctions - Actual:9840082132
15:17:10.159 [main] INFO  utilities.UtilityCustomFunctions - Expected:9840082132
15:17:10.159 [main] INFO  utilities.UtilityCustomFunctions - Message:Mobile Number
15:17:11.387 [main] INFO  utilities.UtilityCustomFunctions - Actual:Julia@rsoft.in
15:17:11.387 [main] INFO  utilities.UtilityCustomFunctions - Expected:Julia@rsoft.in
15:17:11.387 [main] INFO  utilities.UtilityCustomFunctions - Message:Email
15:17:12.596 [main] INFO  utilities.UtilityCustomFunctions - Actual:Welcome to Automation World...!
15:17:12.596 [main] INFO  utilities.UtilityCustomFunctions - Expected:Welcome to Automation World...!
15:17:12.596 [main] INFO  utilities.UtilityCustomFunctions - Message:Text
15:17:13.838 [main] INFO  utilities.UtilityCustomFunctions - Actual:one
15:17:13.838 [main] INFO  utilities.UtilityCustomFunctions - Expected:one
15:17:13.838 [main] INFO  utilities.UtilityCustomFunctions - Message:MultiSelect
15:17:15.104 [main] INFO  utilities.UtilityCustomFunctions - Actual:Tamilnadu
15:17:15.104 [main] INFO  utilities.UtilityCustomFunctions - Expected:Tamilnadu
15:17:15.104 [main] INFO  utilities.UtilityCustomFunctions - Message:MultiChoice State
15:17:23.158 [main] INFO  testCases.WebForms.TC013_WF_RRN_OneN_TwoN - Clicked Avatar
15:17:27.108 [main] INFO  testCases.WebForms.TC013_WF_RRN_OneN_TwoN - Clicked Menu CRM Setting
15:17:29.323 [main] INFO  testCases.WebForms.TC013_WF_RRN_OneN_TwoN - Clicked Menu User Access Control
15:17:46.240 [main] INFO  utilities.UtilityCustomFunctions - Actual:Mr Imperfect
15:17:46.240 [main] INFO  utilities.UtilityCustomFunctions - Expected:Mr Imperfect
15:17:46.240 [main] INFO  utilities.UtilityCustomFunctions - Message:AssignedTo Value
15:17:47.445 [main] INFO  utilities.UtilityCustomFunctions - Actual:+91
15:17:47.445 [main] INFO  utilities.UtilityCustomFunctions - Expected:+91
15:17:47.445 [main] INFO  utilities.UtilityCustomFunctions - Message:Mobile Number Prefix
15:17:48.685 [main] INFO  utilities.UtilityCustomFunctions - Actual:9840059294
15:17:48.685 [main] INFO  utilities.UtilityCustomFunctions - Expected:9840059294
15:17:48.685 [main] INFO  utilities.UtilityCustomFunctions - Message:Mobile Number
15:17:49.924 [main] INFO  utilities.UtilityCustomFunctions - Actual:Jean@rsoft.in
15:17:49.924 [main] INFO  utilities.UtilityCustomFunctions - Expected:Jean@rsoft.in
15:17:49.924 [main] INFO  utilities.UtilityCustomFunctions - Message:Email
15:17:51.164 [main] INFO  utilities.UtilityCustomFunctions - Actual:Welcome to Automation World...!
15:17:51.164 [main] INFO  utilities.UtilityCustomFunctions - Expected:Welcome to Automation World...!
15:17:51.164 [main] INFO  utilities.UtilityCustomFunctions - Message:Text
15:17:52.364 [main] INFO  utilities.UtilityCustomFunctions - Actual:five
15:17:52.364 [main] INFO  utilities.UtilityCustomFunctions - Expected:five
15:17:52.364 [main] INFO  utilities.UtilityCustomFunctions - Message:MultiSelect
15:17:53.574 [main] INFO  utilities.UtilityCustomFunctions - Actual:Delhi
15:17:53.574 [main] INFO  utilities.UtilityCustomFunctions - Expected:Delhi
15:17:53.574 [main] INFO  utilities.UtilityCustomFunctions - Message:MultiChoice State
15:27:44.306 [main] INFO  testCases.WebForms.TC013_WF_RRN_OneN_TwoN - Test Execution on Browser: chrome
15:27:44.419 [main] INFO  testCases.WebForms.TC013_WF_RRN_OneN_TwoN - Excel file Utility instance created
15:27:46.307 [main] INFO  testCases.WebForms.TC013_WF_RRN_OneN_TwoN - Row Count is: 9
15:27:46.459 [main] INFO  testCases.WebForms.TC013_WF_RRN_OneN_TwoN - Col Count is: 15
15:27:46.460 [main] INFO  testCases.WebForms.TC013_WF_RRN_OneN_TwoN - Extracting DataSheet Values started...
15:27:54.579 [main] INFO  utilities.UtilityCustomFunctions - PRIYAN entered in  input
15:27:56.573 [main] INFO  utilities.UtilityCustomFunctions - rsoft entered in  input
15:27:58.535 [main] INFO  utilities.UtilityCustomFunctions - RSoft!@345 entered in  input
15:28:09.407 [main] INFO  testCases.WebForms.TC013_WF_RRN_OneN_TwoN - Clicked Avatar
15:28:14.171 [main] INFO  testCases.WebForms.TC013_WF_RRN_OneN_TwoN - Clicked Menu CRM Setting
15:28:16.466 [main] INFO  testCases.WebForms.TC013_WF_RRN_OneN_TwoN - Clicked Menu User Access Control
15:28:20.724 [main] INFO  testCases.WebForms.TC013_WF_RRN_OneN_TwoN - Clicked Avatar
15:28:24.706 [main] INFO  testCases.WebForms.TC013_WF_RRN_OneN_TwoN - Clicked Menu CRM Setting
15:28:24.874 [main] INFO  testCases.WebForms.TC013_WF_RRN_OneN_TwoN - Clicked Integration
15:28:37.005 [main] INFO  testCases.WebForms.TC013_WF_RRN_OneN_TwoN - [ETNotification Webform] is selected in List
15:28:41.655 [main] INFO  testCases.WebForms.TC013_WF_RRN_OneN_TwoN - [ETNotification Webform] is selected in List
15:29:20.037 [main] INFO  testCases.WebForms.TC013_WF_RRN_OneN_TwoN - Clicked Avatar
15:29:24.106 [main] INFO  testCases.WebForms.TC013_WF_RRN_OneN_TwoN - Clicked Menu CRM Setting
15:29:26.399 [main] INFO  testCases.WebForms.TC013_WF_RRN_OneN_TwoN - Clicked Menu User Access Control
15:29:44.067 [main] INFO  utilities.UtilityCustomFunctions - Actual:Mr Imperfect
15:29:44.067 [main] INFO  utilities.UtilityCustomFunctions - Expected:Mr Imperfect
15:29:44.068 [main] INFO  utilities.UtilityCustomFunctions - Message:AssignedTo Value
15:29:45.348 [main] INFO  utilities.UtilityCustomFunctions - Actual:+91
15:29:45.348 [main] INFO  utilities.UtilityCustomFunctions - Expected:+91
15:29:45.348 [main] INFO  utilities.UtilityCustomFunctions - Message:Mobile Number Prefix
15:29:46.582 [main] INFO  utilities.UtilityCustomFunctions - Actual:9840063091
15:29:46.582 [main] INFO  utilities.UtilityCustomFunctions - Expected:9840063091
15:29:46.582 [main] INFO  utilities.UtilityCustomFunctions - Message:Mobile Number
15:29:47.800 [main] INFO  utilities.UtilityCustomFunctions - Actual:Julia@rsoft.in
15:29:47.801 [main] INFO  utilities.UtilityCustomFunctions - Expected:Julia@rsoft.in
15:29:47.801 [main] INFO  utilities.UtilityCustomFunctions - Message:Email
15:29:49.009 [main] INFO  utilities.UtilityCustomFunctions - Actual:Welcome to Automation World...!
15:29:49.010 [main] INFO  utilities.UtilityCustomFunctions - Expected:Welcome to Automation World...!
15:29:49.010 [main] INFO  utilities.UtilityCustomFunctions - Message:Text
15:29:50.273 [main] INFO  utilities.UtilityCustomFunctions - Actual:one
15:29:50.274 [main] INFO  utilities.UtilityCustomFunctions - Expected:one
15:29:50.274 [main] INFO  utilities.UtilityCustomFunctions - Message:MultiSelect
15:29:51.476 [main] INFO  utilities.UtilityCustomFunctions - Actual:Tamilnadu
15:29:51.476 [main] INFO  utilities.UtilityCustomFunctions - Expected:Tamilnadu
15:29:51.477 [main] INFO  utilities.UtilityCustomFunctions - Message:MultiChoice State
15:29:59.630 [main] INFO  testCases.WebForms.TC013_WF_RRN_OneN_TwoN - Clicked Avatar
15:30:03.891 [main] INFO  testCases.WebForms.TC013_WF_RRN_OneN_TwoN - Clicked Menu CRM Setting
15:30:06.138 [main] INFO  testCases.WebForms.TC013_WF_RRN_OneN_TwoN - Clicked Menu User Access Control
15:30:23.532 [main] INFO  utilities.UtilityCustomFunctions - Actual:Mr Imperfect
15:30:23.533 [main] INFO  utilities.UtilityCustomFunctions - Expected:Mr Imperfect
15:30:23.533 [main] INFO  utilities.UtilityCustomFunctions - Message:AssignedTo Value
15:30:24.768 [main] INFO  utilities.UtilityCustomFunctions - Actual:+91
15:30:24.768 [main] INFO  utilities.UtilityCustomFunctions - Expected:+91
15:30:24.768 [main] INFO  utilities.UtilityCustomFunctions - Message:Mobile Number Prefix
15:30:25.997 [main] INFO  utilities.UtilityCustomFunctions - Actual:9840081477
15:30:25.997 [main] INFO  utilities.UtilityCustomFunctions - Expected:9840081477
15:30:25.997 [main] INFO  utilities.UtilityCustomFunctions - Message:Mobile Number
15:30:27.250 [main] INFO  utilities.UtilityCustomFunctions - Actual:Jean@rsoft.in
15:30:27.250 [main] INFO  utilities.UtilityCustomFunctions - Expected:Jean@rsoft.in
15:30:27.250 [main] INFO  utilities.UtilityCustomFunctions - Message:Email
15:30:28.455 [main] INFO  utilities.UtilityCustomFunctions - Actual:Welcome to Automation World...!
15:30:28.456 [main] INFO  utilities.UtilityCustomFunctions - Expected:Welcome to Automation World...!
15:30:28.456 [main] INFO  utilities.UtilityCustomFunctions - Message:Text
15:30:29.664 [main] INFO  utilities.UtilityCustomFunctions - Actual:five
15:30:29.664 [main] INFO  utilities.UtilityCustomFunctions - Expected:five
15:30:29.664 [main] INFO  utilities.UtilityCustomFunctions - Message:MultiSelect
15:30:30.909 [main] INFO  utilities.UtilityCustomFunctions - Actual:Delhi
15:30:30.909 [main] INFO  utilities.UtilityCustomFunctions - Expected:Delhi
15:30:30.910 [main] INFO  utilities.UtilityCustomFunctions - Message:MultiChoice State
15:43:32.291 [main] INFO  testCases.WebForms.TC013_WF_RRN_OneN_TwoN - Test Execution on Browser: chrome
15:43:32.418 [main] INFO  testCases.WebForms.TC013_WF_RRN_OneN_TwoN - Excel file Utility instance created
15:43:34.325 [main] INFO  testCases.WebForms.TC013_WF_RRN_OneN_TwoN - Row Count is: 9
15:43:34.522 [main] INFO  testCases.WebForms.TC013_WF_RRN_OneN_TwoN - Col Count is: 15
15:43:34.522 [main] INFO  testCases.WebForms.TC013_WF_RRN_OneN_TwoN - Extracting DataSheet Values started...
15:43:40.715 [main] INFO  utilities.UtilityCustomFunctions - PRIYAN entered in  input
15:43:42.752 [main] INFO  utilities.UtilityCustomFunctions - rsoft entered in  input
15:43:44.775 [main] INFO  utilities.UtilityCustomFunctions - RSoft!@345 entered in  input
15:43:56.046 [main] INFO  testCases.WebForms.TC013_WF_RRN_OneN_TwoN - Clicked Avatar
15:44:01.090 [main] INFO  testCases.WebForms.TC013_WF_RRN_OneN_TwoN - Clicked Menu CRM Setting
15:44:03.344 [main] INFO  testCases.WebForms.TC013_WF_RRN_OneN_TwoN - Clicked Menu User Access Control
15:44:07.841 [main] INFO  testCases.WebForms.TC013_WF_RRN_OneN_TwoN - Clicked Avatar
15:44:11.854 [main] INFO  testCases.WebForms.TC013_WF_RRN_OneN_TwoN - Clicked Menu CRM Setting
15:44:12.048 [main] INFO  testCases.WebForms.TC013_WF_RRN_OneN_TwoN - Clicked Integration
15:44:24.271 [main] INFO  testCases.WebForms.TC013_WF_RRN_OneN_TwoN - [ETNotification Webform] is selected in List
15:44:28.840 [main] INFO  testCases.WebForms.TC013_WF_RRN_OneN_TwoN - [ETNotification Webform] is selected in List
15:45:10.845 [main] INFO  testCases.WebForms.TC013_WF_RRN_OneN_TwoN - Clicked Avatar
15:45:15.406 [main] INFO  testCases.WebForms.TC013_WF_RRN_OneN_TwoN - Clicked Menu CRM Setting
15:45:17.741 [main] INFO  testCases.WebForms.TC013_WF_RRN_OneN_TwoN - Clicked Menu User Access Control
15:45:36.865 [main] INFO  utilities.UtilityCustomFunctions - Actual:Mr Imperfect
15:45:36.865 [main] INFO  utilities.UtilityCustomFunctions - Expected:Mr Imperfect
15:45:36.865 [main] INFO  utilities.UtilityCustomFunctions - Message:AssignedTo Value
15:45:38.127 [main] INFO  utilities.UtilityCustomFunctions - Actual:+91
15:45:38.127 [main] INFO  utilities.UtilityCustomFunctions - Expected:+91
15:45:38.130 [main] INFO  utilities.UtilityCustomFunctions - Message:Mobile Number Prefix
15:45:39.343 [main] INFO  utilities.UtilityCustomFunctions - Actual:9840067360
15:45:39.343 [main] INFO  utilities.UtilityCustomFunctions - Expected:9840067360
15:45:39.343 [main] INFO  utilities.UtilityCustomFunctions - Message:Mobile Number
15:45:40.561 [main] INFO  utilities.UtilityCustomFunctions - Actual:Julia@rsoft.in
15:45:40.561 [main] INFO  utilities.UtilityCustomFunctions - Expected:Julia@rsoft.in
15:45:40.561 [main] INFO  utilities.UtilityCustomFunctions - Message:Email
15:45:41.770 [main] INFO  utilities.UtilityCustomFunctions - Actual:Welcome to Automation World...!
15:45:41.770 [main] INFO  utilities.UtilityCustomFunctions - Expected:Welcome to Automation World...!
15:45:41.775 [main] INFO  utilities.UtilityCustomFunctions - Message:Text
15:45:42.994 [main] INFO  utilities.UtilityCustomFunctions - Actual:one
15:45:42.994 [main] INFO  utilities.UtilityCustomFunctions - Expected:one
15:45:42.994 [main] INFO  utilities.UtilityCustomFunctions - Message:MultiSelect
15:45:44.270 [main] INFO  utilities.UtilityCustomFunctions - Actual:Tamilnadu
15:45:44.270 [main] INFO  utilities.UtilityCustomFunctions - Expected:Tamilnadu
15:45:44.270 [main] INFO  utilities.UtilityCustomFunctions - Message:MultiChoice State
15:45:52.295 [main] INFO  testCases.WebForms.TC013_WF_RRN_OneN_TwoN - Clicked Avatar
15:45:56.251 [main] INFO  testCases.WebForms.TC013_WF_RRN_OneN_TwoN - Clicked Menu CRM Setting
15:45:58.478 [main] INFO  testCases.WebForms.TC013_WF_RRN_OneN_TwoN - Clicked Menu User Access Control
15:46:16.068 [main] INFO  utilities.UtilityCustomFunctions - Actual:Mr Imperfect
15:46:16.068 [main] INFO  utilities.UtilityCustomFunctions - Expected:Mr Imperfect
15:46:16.069 [main] INFO  utilities.UtilityCustomFunctions - Message:AssignedTo Value
15:46:17.291 [main] INFO  utilities.UtilityCustomFunctions - Actual:+91
15:46:17.291 [main] INFO  utilities.UtilityCustomFunctions - Expected:+91
15:46:17.291 [main] INFO  utilities.UtilityCustomFunctions - Message:Mobile Number Prefix
15:46:18.507 [main] INFO  utilities.UtilityCustomFunctions - Actual:9840081547
15:46:18.507 [main] INFO  utilities.UtilityCustomFunctions - Expected:9840081547
15:46:18.507 [main] INFO  utilities.UtilityCustomFunctions - Message:Mobile Number
15:46:19.760 [main] INFO  utilities.UtilityCustomFunctions - Actual:Grace@rsoft.in
15:46:19.760 [main] INFO  utilities.UtilityCustomFunctions - Expected:Grace@rsoft.in
15:46:19.760 [main] INFO  utilities.UtilityCustomFunctions - Message:Email
15:46:20.971 [main] INFO  utilities.UtilityCustomFunctions - Actual:Welcome to Automation World...!
15:46:20.971 [main] INFO  utilities.UtilityCustomFunctions - Expected:Welcome to Automation World...!
15:46:20.971 [main] INFO  utilities.UtilityCustomFunctions - Message:Text
15:46:22.321 [main] INFO  utilities.UtilityCustomFunctions - Actual:two
15:46:22.321 [main] INFO  utilities.UtilityCustomFunctions - Expected:two
15:46:22.321 [main] INFO  utilities.UtilityCustomFunctions - Message:MultiSelect
15:46:23.546 [main] INFO  utilities.UtilityCustomFunctions - Actual:Bihar
15:46:23.546 [main] INFO  utilities.UtilityCustomFunctions - Expected:Bihar
15:46:23.546 [main] INFO  utilities.UtilityCustomFunctions - Message:MultiChoice State
15:46:31.163 [main] INFO  testCases.WebForms.TC013_WF_RRN_OneN_TwoN - Clicked Avatar
15:46:35.231 [main] INFO  testCases.WebForms.TC013_WF_RRN_OneN_TwoN - Clicked Menu CRM Setting
15:46:37.461 [main] INFO  testCases.WebForms.TC013_WF_RRN_OneN_TwoN - Clicked Menu User Access Control
15:46:55.881 [main] INFO  utilities.UtilityCustomFunctions - Actual:Mr Imperfect
15:46:55.881 [main] INFO  utilities.UtilityCustomFunctions - Expected:Mr Imperfect
15:46:55.881 [main] INFO  utilities.UtilityCustomFunctions - Message:AssignedTo Value
15:46:57.120 [main] INFO  utilities.UtilityCustomFunctions - Actual:+91
15:46:57.120 [main] INFO  utilities.UtilityCustomFunctions - Expected:+91
15:46:57.120 [main] INFO  utilities.UtilityCustomFunctions - Message:Mobile Number Prefix
15:46:58.331 [main] INFO  utilities.UtilityCustomFunctions - Actual:9840048511
15:46:58.331 [main] INFO  utilities.UtilityCustomFunctions - Expected:9840048511
15:46:58.331 [main] INFO  utilities.UtilityCustomFunctions - Message:Mobile Number
15:46:59.630 [main] INFO  utilities.UtilityCustomFunctions - Actual:Amber@rsoft.in
15:46:59.630 [main] INFO  utilities.UtilityCustomFunctions - Expected:Amber@rsoft.in
15:46:59.630 [main] INFO  utilities.UtilityCustomFunctions - Message:Email
15:47:00.859 [main] INFO  utilities.UtilityCustomFunctions - Actual:Welcome to Automation World...!
15:47:00.859 [main] INFO  utilities.UtilityCustomFunctions - Expected:Welcome to Automation World...!
15:47:00.859 [main] INFO  utilities.UtilityCustomFunctions - Message:Text
15:47:02.081 [main] INFO  utilities.UtilityCustomFunctions - Actual:one
15:47:02.081 [main] INFO  utilities.UtilityCustomFunctions - Expected:one
15:47:02.081 [main] INFO  utilities.UtilityCustomFunctions - Message:MultiSelect
15:47:03.291 [main] INFO  utilities.UtilityCustomFunctions - Actual:Goa
15:47:03.291 [main] INFO  utilities.UtilityCustomFunctions - Expected:Goa
15:47:03.291 [main] INFO  utilities.UtilityCustomFunctions - Message:MultiChoice State
15:47:11.181 [main] INFO  testCases.WebForms.TC013_WF_RRN_OneN_TwoN - Clicked Avatar
15:47:15.285 [main] INFO  testCases.WebForms.TC013_WF_RRN_OneN_TwoN - Clicked Menu CRM Setting
15:47:17.509 [main] INFO  testCases.WebForms.TC013_WF_RRN_OneN_TwoN - Clicked Menu User Access Control
15:47:35.480 [main] INFO  utilities.UtilityCustomFunctions - Actual:Mr Imperfect
15:47:35.480 [main] INFO  utilities.UtilityCustomFunctions - Expected:Mr Imperfect
15:47:35.480 [main] INFO  utilities.UtilityCustomFunctions - Message:AssignedTo Value
15:47:36.700 [main] INFO  utilities.UtilityCustomFunctions - Actual:+91
15:47:36.700 [main] INFO  utilities.UtilityCustomFunctions - Expected:+91
15:47:36.700 [main] INFO  utilities.UtilityCustomFunctions - Message:Mobile Number Prefix
15:47:37.925 [main] INFO  utilities.UtilityCustomFunctions - Actual:9840032714
15:47:37.925 [main] INFO  utilities.UtilityCustomFunctions - Expected:9840032714
15:47:37.925 [main] INFO  utilities.UtilityCustomFunctions - Message:Mobile Number
15:47:39.180 [main] INFO  utilities.UtilityCustomFunctions - Actual:Alice@rsoft.in
15:47:39.180 [main] INFO  utilities.UtilityCustomFunctions - Expected:Alice@rsoft.in
15:47:39.180 [main] INFO  utilities.UtilityCustomFunctions - Message:Email
15:47:40.391 [main] INFO  utilities.UtilityCustomFunctions - Actual:Welcome to Automation World...!
15:47:40.391 [main] INFO  utilities.UtilityCustomFunctions - Expected:Welcome to Automation World...!
15:47:40.391 [main] INFO  utilities.UtilityCustomFunctions - Message:Text
15:47:41.593 [main] INFO  utilities.UtilityCustomFunctions - Actual:four
15:47:41.593 [main] INFO  utilities.UtilityCustomFunctions - Expected:four
15:47:41.593 [main] INFO  utilities.UtilityCustomFunctions - Message:MultiSelect
15:47:42.821 [main] INFO  utilities.UtilityCustomFunctions - Actual:Andhra Pradesh
15:47:42.821 [main] INFO  utilities.UtilityCustomFunctions - Expected:Andhra Pradesh
15:47:42.821 [main] INFO  utilities.UtilityCustomFunctions - Message:MultiChoice State
15:47:50.627 [main] INFO  testCases.WebForms.TC013_WF_RRN_OneN_TwoN - Clicked Avatar
15:47:55.097 [main] INFO  testCases.WebForms.TC013_WF_RRN_OneN_TwoN - Clicked Menu CRM Setting
15:47:57.378 [main] INFO  testCases.WebForms.TC013_WF_RRN_OneN_TwoN - Clicked Menu User Access Control
15:48:15.351 [main] INFO  utilities.UtilityCustomFunctions - Actual:Mr Imperfect
15:48:15.351 [main] INFO  utilities.UtilityCustomFunctions - Expected:Mr Imperfect
15:48:15.351 [main] INFO  utilities.UtilityCustomFunctions - Message:AssignedTo Value
15:48:16.551 [main] INFO  utilities.UtilityCustomFunctions - Actual:+91
15:48:16.551 [main] INFO  utilities.UtilityCustomFunctions - Expected:+91
15:48:16.551 [main] INFO  utilities.UtilityCustomFunctions - Message:Mobile Number Prefix
15:48:17.811 [main] INFO  utilities.UtilityCustomFunctions - Actual:9840089457
15:48:17.811 [main] INFO  utilities.UtilityCustomFunctions - Expected:9840089457
15:48:17.811 [main] INFO  utilities.UtilityCustomFunctions - Message:Mobile Number
15:48:19.060 [main] INFO  utilities.UtilityCustomFunctions - Actual:Jean@rsoft.in
15:48:19.060 [main] INFO  utilities.UtilityCustomFunctions - Expected:Jean@rsoft.in
15:48:19.060 [main] INFO  utilities.UtilityCustomFunctions - Message:Email
15:48:20.271 [main] INFO  utilities.UtilityCustomFunctions - Actual:Welcome to Automation World...!
15:48:20.271 [main] INFO  utilities.UtilityCustomFunctions - Expected:Welcome to Automation World...!
15:48:20.271 [main] INFO  utilities.UtilityCustomFunctions - Message:Text
15:48:21.531 [main] INFO  utilities.UtilityCustomFunctions - Actual:five
15:48:21.531 [main] INFO  utilities.UtilityCustomFunctions - Expected:five
15:48:21.531 [main] INFO  utilities.UtilityCustomFunctions - Message:MultiSelect
15:48:22.757 [main] INFO  utilities.UtilityCustomFunctions - Actual:Delhi
15:48:22.757 [main] INFO  utilities.UtilityCustomFunctions - Expected:Delhi
15:48:22.757 [main] INFO  utilities.UtilityCustomFunctions - Message:MultiChoice State
15:48:30.824 [main] INFO  testCases.WebForms.TC013_WF_RRN_OneN_TwoN - Clicked Avatar
15:48:35.047 [main] INFO  testCases.WebForms.TC013_WF_RRN_OneN_TwoN - Clicked Menu CRM Setting
15:48:37.255 [main] INFO  testCases.WebForms.TC013_WF_RRN_OneN_TwoN - Clicked Menu User Access Control
15:48:55.197 [main] INFO  utilities.UtilityCustomFunctions - Actual:Mr Imperfect
15:48:55.197 [main] INFO  utilities.UtilityCustomFunctions - Expected:Mr Imperfect
15:48:55.197 [main] INFO  utilities.UtilityCustomFunctions - Message:AssignedTo Value
15:48:56.441 [main] INFO  utilities.UtilityCustomFunctions - Actual:+91
15:48:56.441 [main] INFO  utilities.UtilityCustomFunctions - Expected:+91
15:48:56.441 [main] INFO  utilities.UtilityCustomFunctions - Message:Mobile Number Prefix
15:48:57.694 [main] INFO  utilities.UtilityCustomFunctions - Actual:9840051039
15:48:57.694 [main] INFO  utilities.UtilityCustomFunctions - Expected:9840051039
15:48:57.694 [main] INFO  utilities.UtilityCustomFunctions - Message:Mobile Number
15:48:58.918 [main] INFO  utilities.UtilityCustomFunctions - Actual:Testing@rsoft.in
15:48:58.918 [main] INFO  utilities.UtilityCustomFunctions - Expected:Testing@rsoft.in
15:48:58.919 [main] INFO  utilities.UtilityCustomFunctions - Message:Email
15:49:00.135 [main] INFO  utilities.UtilityCustomFunctions - Actual:Testing
15:49:00.135 [main] INFO  utilities.UtilityCustomFunctions - Expected:Testing
15:49:00.135 [main] INFO  utilities.UtilityCustomFunctions - Message:Text
15:49:01.336 [main] INFO  utilities.UtilityCustomFunctions - Actual:one
15:49:01.336 [main] INFO  utilities.UtilityCustomFunctions - Expected:one
15:49:01.336 [main] INFO  utilities.UtilityCustomFunctions - Message:MultiSelect
15:49:02.564 [main] INFO  utilities.UtilityCustomFunctions - Actual:Tamilnadu
15:49:02.564 [main] INFO  utilities.UtilityCustomFunctions - Expected:Tamilnadu
15:49:02.565 [main] INFO  utilities.UtilityCustomFunctions - Message:MultiChoice State
15:49:10.068 [main] INFO  testCases.WebForms.TC013_WF_RRN_OneN_TwoN - Clicked Avatar
15:49:14.280 [main] INFO  testCases.WebForms.TC013_WF_RRN_OneN_TwoN - Clicked Menu CRM Setting
15:49:16.625 [main] INFO  testCases.WebForms.TC013_WF_RRN_OneN_TwoN - Clicked Menu User Access Control
15:49:34.394 [main] INFO  utilities.UtilityCustomFunctions - Actual:Mr Imperfect
15:49:34.394 [main] INFO  utilities.UtilityCustomFunctions - Expected:Mr Imperfect
15:49:34.394 [main] INFO  utilities.UtilityCustomFunctions - Message:AssignedTo Value
15:49:35.637 [main] INFO  utilities.UtilityCustomFunctions - Actual:+91
15:49:35.637 [main] INFO  utilities.UtilityCustomFunctions - Expected:+91
15:49:35.637 [main] INFO  utilities.UtilityCustomFunctions - Message:Mobile Number Prefix
15:49:36.853 [main] INFO  utilities.UtilityCustomFunctions - Actual:9840042546
15:49:36.853 [main] INFO  utilities.UtilityCustomFunctions - Expected:9840042546
15:49:36.853 [main] INFO  utilities.UtilityCustomFunctions - Message:Mobile Number
15:49:38.075 [main] INFO  utilities.UtilityCustomFunctions - Actual:Frances@rsoft.in
15:49:38.075 [main] INFO  utilities.UtilityCustomFunctions - Expected:Frances@rsoft.in
15:49:38.075 [main] INFO  utilities.UtilityCustomFunctions - Message:Email
15:49:39.341 [main] INFO  utilities.UtilityCustomFunctions - Actual:Welcome to Automation World...!
15:49:39.343 [main] INFO  utilities.UtilityCustomFunctions - Expected:Welcome to Automation World...!
15:49:39.343 [main] INFO  utilities.UtilityCustomFunctions - Message:Text
15:49:40.575 [main] INFO  utilities.UtilityCustomFunctions - Actual:two
15:49:40.575 [main] INFO  utilities.UtilityCustomFunctions - Expected:two
15:49:40.576 [main] INFO  utilities.UtilityCustomFunctions - Message:MultiSelect
15:49:41.775 [main] INFO  utilities.UtilityCustomFunctions - Actual:Bihar
15:49:41.776 [main] INFO  utilities.UtilityCustomFunctions - Expected:Bihar
15:49:41.776 [main] INFO  utilities.UtilityCustomFunctions - Message:MultiChoice State
15:49:49.284 [main] INFO  testCases.WebForms.TC013_WF_RRN_OneN_TwoN - Clicked Avatar
15:49:53.360 [main] INFO  testCases.WebForms.TC013_WF_RRN_OneN_TwoN - Clicked Menu CRM Setting
15:49:55.580 [main] INFO  testCases.WebForms.TC013_WF_RRN_OneN_TwoN - Clicked Menu User Access Control
15:50:13.296 [main] INFO  utilities.UtilityCustomFunctions - Actual:Mr Imperfect
15:50:13.296 [main] INFO  utilities.UtilityCustomFunctions - Expected:Mr Imperfect
15:50:13.296 [main] INFO  utilities.UtilityCustomFunctions - Message:AssignedTo Value
15:50:14.541 [main] INFO  utilities.UtilityCustomFunctions - Actual:+91
15:50:14.541 [main] INFO  utilities.UtilityCustomFunctions - Expected:+91
15:50:14.541 [main] INFO  utilities.UtilityCustomFunctions - Message:Mobile Number Prefix
15:50:15.791 [main] INFO  utilities.UtilityCustomFunctions - Actual:9840074932
15:50:15.791 [main] INFO  utilities.UtilityCustomFunctions - Expected:9840074932
15:50:15.791 [main] INFO  utilities.UtilityCustomFunctions - Message:Mobile Number
15:50:17.051 [main] INFO  utilities.UtilityCustomFunctions - Actual:Danielle@rsoft.in
15:50:17.051 [main] INFO  utilities.UtilityCustomFunctions - Expected:Danielle@rsoft.in
15:50:17.051 [main] INFO  utilities.UtilityCustomFunctions - Message:Email
15:50:18.281 [main] INFO  utilities.UtilityCustomFunctions - Actual:Welcome to Automation World...!
15:50:18.281 [main] INFO  utilities.UtilityCustomFunctions - Expected:Welcome to Automation World...!
15:50:18.281 [main] INFO  utilities.UtilityCustomFunctions - Message:Text
15:50:19.522 [main] INFO  utilities.UtilityCustomFunctions - Actual:three
15:50:19.522 [main] INFO  utilities.UtilityCustomFunctions - Expected:three
15:50:19.522 [main] INFO  utilities.UtilityCustomFunctions - Message:MultiSelect
15:50:20.753 [main] INFO  utilities.UtilityCustomFunctions - Actual:Goa
15:50:20.753 [main] INFO  utilities.UtilityCustomFunctions - Expected:Goa
15:50:20.753 [main] INFO  utilities.UtilityCustomFunctions - Message:MultiChoice State
15:50:28.525 [main] INFO  testCases.WebForms.TC013_WF_RRN_OneN_TwoN - Clicked Avatar
15:50:32.567 [main] INFO  testCases.WebForms.TC013_WF_RRN_OneN_TwoN - Clicked Menu CRM Setting
15:50:34.791 [main] INFO  testCases.WebForms.TC013_WF_RRN_OneN_TwoN - Clicked Menu User Access Control
15:50:52.057 [main] INFO  utilities.UtilityCustomFunctions - Actual:Mr Imperfect
15:50:52.057 [main] INFO  utilities.UtilityCustomFunctions - Expected:Mr Imperfect
15:50:52.058 [main] INFO  utilities.UtilityCustomFunctions - Message:AssignedTo Value
15:50:53.281 [main] INFO  utilities.UtilityCustomFunctions - Actual:+91
15:50:53.281 [main] INFO  utilities.UtilityCustomFunctions - Expected:+91
15:50:53.281 [main] INFO  utilities.UtilityCustomFunctions - Message:Mobile Number Prefix
15:50:54.511 [main] INFO  utilities.UtilityCustomFunctions - Actual:9840031064
15:50:54.511 [main] INFO  utilities.UtilityCustomFunctions - Expected:9840031064
15:50:54.511 [main] INFO  utilities.UtilityCustomFunctions - Message:Mobile Number
15:50:55.721 [main] INFO  utilities.UtilityCustomFunctions - Actual:Marilyn@rsoft.in
15:50:55.721 [main] INFO  utilities.UtilityCustomFunctions - Expected:Marilyn@rsoft.in
15:50:55.721 [main] INFO  utilities.UtilityCustomFunctions - Message:Email
15:50:56.941 [main] INFO  utilities.UtilityCustomFunctions - Actual:Welcome to Automation World...!
15:50:56.941 [main] INFO  utilities.UtilityCustomFunctions - Expected:Welcome to Automation World...!
15:50:56.941 [main] INFO  utilities.UtilityCustomFunctions - Message:Text
15:50:58.196 [main] INFO  utilities.UtilityCustomFunctions - Actual:one
15:50:58.196 [main] INFO  utilities.UtilityCustomFunctions - Expected:one
15:50:58.196 [main] INFO  utilities.UtilityCustomFunctions - Message:MultiSelect
15:50:59.461 [main] INFO  utilities.UtilityCustomFunctions - Actual:Andhra Pradesh
15:50:59.461 [main] INFO  utilities.UtilityCustomFunctions - Expected:Andhra Pradesh
15:50:59.461 [main] INFO  utilities.UtilityCustomFunctions - Message:MultiChoice State
16:25:59.234 [main] INFO  testCases.WebForms.TC014_WF_RRN_OneN_TwoYN - Test Execution on Browser: chrome
16:25:59.361 [main] INFO  testCases.WebForms.TC014_WF_RRN_OneN_TwoYN - Excel file Utility instance created
16:26:01.162 [main] INFO  testCases.WebForms.TC014_WF_RRN_OneN_TwoYN - Row Count is: 9
16:26:01.365 [main] INFO  testCases.WebForms.TC014_WF_RRN_OneN_TwoYN - Col Count is: 15
16:26:10.131 [main] INFO  utilities.UtilityCustomFunctions - PRIYAN entered in  input
16:26:12.268 [main] INFO  utilities.UtilityCustomFunctions - rsoft entered in  input
16:26:14.404 [main] INFO  utilities.UtilityCustomFunctions - RSoft!@345 entered in  input
16:26:25.205 [main] INFO  testCases.WebForms.TC014_WF_RRN_OneN_TwoYN - Clicked Avatar
16:26:30.266 [main] INFO  testCases.WebForms.TC014_WF_RRN_OneN_TwoYN - Clicked Menu CRM Setting
16:26:32.652 [main] INFO  testCases.WebForms.TC014_WF_RRN_OneN_TwoYN - Clicked Menu User Access Control
16:26:36.688 [main] INFO  testCases.WebForms.TC014_WF_RRN_OneN_TwoYN - Clicked Avatar
16:26:40.693 [main] INFO  testCases.WebForms.TC014_WF_RRN_OneN_TwoYN - Clicked Menu CRM Setting
16:26:40.865 [main] INFO  testCases.WebForms.TC014_WF_RRN_OneN_TwoYN - Clicked Integration
16:26:52.793 [main] INFO  testCases.WebForms.TC014_WF_RRN_OneN_TwoYN - [ETNotification Webform] is selected in List
16:26:57.355 [main] INFO  testCases.WebForms.TC014_WF_RRN_OneN_TwoYN - [ETNotification Webform] is selected in List
16:27:45.460 [main] INFO  utilities.UtilityCustomFunctions - Actual:Mr Imperfect
16:27:45.460 [main] INFO  utilities.UtilityCustomFunctions - Expected:Trott
16:27:45.460 [main] INFO  utilities.UtilityCustomFunctions - Message:AssignedTo Value
16:27:46.732 [main] INFO  utilities.UtilityCustomFunctions - Actual:+91
16:27:46.732 [main] INFO  utilities.UtilityCustomFunctions - Expected:+91
16:27:46.732 [main] INFO  utilities.UtilityCustomFunctions - Message:Mobile Number Prefix
16:27:47.972 [main] INFO  utilities.UtilityCustomFunctions - Actual:9840031064
16:27:47.972 [main] INFO  utilities.UtilityCustomFunctions - Expected:9840078590
16:27:47.972 [main] INFO  utilities.UtilityCustomFunctions - Message:Mobile Number
16:27:49.193 [main] INFO  utilities.UtilityCustomFunctions - Actual:Marilyn@rsoft.in
16:27:49.193 [main] INFO  utilities.UtilityCustomFunctions - Expected:Testing@rsoft.in
16:27:49.193 [main] INFO  utilities.UtilityCustomFunctions - Message:Email
16:27:50.442 [main] INFO  utilities.UtilityCustomFunctions - Actual:Welcome to Automation World...!
16:27:50.442 [main] INFO  utilities.UtilityCustomFunctions - Expected:Testing
16:27:50.442 [main] INFO  utilities.UtilityCustomFunctions - Message:Text
16:27:51.673 [main] INFO  utilities.UtilityCustomFunctions - Actual:one
16:27:51.673 [main] INFO  utilities.UtilityCustomFunctions - Expected:one
16:27:51.673 [main] INFO  utilities.UtilityCustomFunctions - Message:MultiSelect
16:27:52.934 [main] INFO  utilities.UtilityCustomFunctions - Actual:Andhra Pradesh
16:27:52.934 [main] INFO  utilities.UtilityCustomFunctions - Expected:Tamilnadu
16:27:52.934 [main] INFO  utilities.UtilityCustomFunctions - Message:MultiChoice State
16:27:58.387 [main] INFO  testCases.WebForms.TC014_WF_RRN_OneN_TwoYN - Clicked Avatar
16:28:02.428 [main] INFO  testCases.WebForms.TC014_WF_RRN_OneN_TwoYN - Clicked Menu CRM Setting
16:28:04.651 [main] INFO  testCases.WebForms.TC014_WF_RRN_OneN_TwoYN - Clicked Menu User Access Control
16:28:22.668 [main] INFO  utilities.UtilityCustomFunctions - Actual:Mr Imperfect
16:28:22.669 [main] INFO  utilities.UtilityCustomFunctions - Expected:Mr Imperfect
16:28:22.670 [main] INFO  utilities.UtilityCustomFunctions - Message:AssignedTo Value
16:28:23.913 [main] INFO  utilities.UtilityCustomFunctions - Actual:+91
16:28:23.913 [main] INFO  utilities.UtilityCustomFunctions - Expected:+91
16:28:23.913 [main] INFO  utilities.UtilityCustomFunctions - Message:Mobile Number Prefix
16:28:25.153 [main] INFO  utilities.UtilityCustomFunctions - Actual:9840031064
16:28:25.153 [main] INFO  utilities.UtilityCustomFunctions - Expected:9840062028
16:28:25.153 [main] INFO  utilities.UtilityCustomFunctions - Message:Mobile Number
16:28:26.373 [main] INFO  utilities.UtilityCustomFunctions - Actual:Marilyn@rsoft.in
16:28:26.373 [main] INFO  utilities.UtilityCustomFunctions - Expected:Marilyn@rsoft.in
16:28:26.373 [main] INFO  utilities.UtilityCustomFunctions - Message:Email
16:28:27.612 [main] INFO  utilities.UtilityCustomFunctions - Actual:Welcome to Automation World...!
16:28:27.612 [main] INFO  utilities.UtilityCustomFunctions - Expected:Welcome to Automation World...!
16:28:27.612 [main] INFO  utilities.UtilityCustomFunctions - Message:Text
16:28:28.842 [main] INFO  utilities.UtilityCustomFunctions - Actual:one
16:28:28.842 [main] INFO  utilities.UtilityCustomFunctions - Expected:one
16:28:28.842 [main] INFO  utilities.UtilityCustomFunctions - Message:MultiSelect
16:28:30.073 [main] INFO  utilities.UtilityCustomFunctions - Actual:Andhra Pradesh
16:28:30.073 [main] INFO  utilities.UtilityCustomFunctions - Expected:Andhra Pradesh
16:28:30.073 [main] INFO  utilities.UtilityCustomFunctions - Message:MultiChoice State
16:32:09.994 [main] INFO  testCases.WebForms.TC014_WF_RRN_OneN_TwoYN - Test Execution on Browser: chrome
16:32:10.160 [main] INFO  testCases.WebForms.TC014_WF_RRN_OneN_TwoYN - Excel file Utility instance created
16:32:12.228 [main] INFO  testCases.WebForms.TC014_WF_RRN_OneN_TwoYN - Row Count is: 9
16:32:12.408 [main] INFO  testCases.WebForms.TC014_WF_RRN_OneN_TwoYN - Col Count is: 15
16:32:21.428 [main] INFO  utilities.UtilityCustomFunctions - PRIYAN entered in  input
16:32:23.552 [main] INFO  utilities.UtilityCustomFunctions - rsoft entered in  input
16:32:25.733 [main] INFO  utilities.UtilityCustomFunctions - RSoft!@345 entered in  input
16:32:40.338 [main] INFO  testCases.WebForms.TC014_WF_RRN_OneN_TwoYN - Clicked Avatar
16:32:45.093 [main] INFO  testCases.WebForms.TC014_WF_RRN_OneN_TwoYN - Clicked Menu CRM Setting
16:32:47.450 [main] INFO  testCases.WebForms.TC014_WF_RRN_OneN_TwoYN - Clicked Menu User Access Control
16:32:51.498 [main] INFO  testCases.WebForms.TC014_WF_RRN_OneN_TwoYN - Clicked Avatar
16:32:55.419 [main] INFO  testCases.WebForms.TC014_WF_RRN_OneN_TwoYN - Clicked Menu CRM Setting
16:32:55.815 [main] INFO  testCases.WebForms.TC014_WF_RRN_OneN_TwoYN - Clicked Integration
16:33:08.258 [main] INFO  testCases.WebForms.TC014_WF_RRN_OneN_TwoYN - [ETNotification Webform] is selected in List
16:33:12.797 [main] INFO  testCases.WebForms.TC014_WF_RRN_OneN_TwoYN - [ETNotification Webform] is selected in List
16:34:04.876 [main] INFO  utilities.UtilityCustomFunctions - Actual:Jennifer Jose
16:34:04.876 [main] INFO  utilities.UtilityCustomFunctions - Expected:Trott
16:34:04.876 [main] INFO  utilities.UtilityCustomFunctions - Message:AssignedTo Value
16:34:06.147 [main] INFO  utilities.UtilityCustomFunctions - Actual:+91
16:34:06.147 [main] INFO  utilities.UtilityCustomFunctions - Expected:+91
16:34:06.147 [main] INFO  utilities.UtilityCustomFunctions - Message:Mobile Number Prefix
16:34:07.393 [main] INFO  utilities.UtilityCustomFunctions - Actual:9840040371
16:34:07.393 [main] INFO  utilities.UtilityCustomFunctions - Expected:9840040371
16:34:07.393 [main] INFO  utilities.UtilityCustomFunctions - Message:Mobile Number
16:34:08.636 [main] INFO  utilities.UtilityCustomFunctions - Actual:Testing@rsoft.in
16:34:08.636 [main] INFO  utilities.UtilityCustomFunctions - Expected:Testing@rsoft.in
16:34:08.636 [main] INFO  utilities.UtilityCustomFunctions - Message:Email
16:34:09.859 [main] INFO  utilities.UtilityCustomFunctions - Actual:Testing
16:34:09.861 [main] INFO  utilities.UtilityCustomFunctions - Expected:Testing
16:34:09.861 [main] INFO  utilities.UtilityCustomFunctions - Message:Text
16:34:11.077 [main] INFO  utilities.UtilityCustomFunctions - Actual:one
16:34:11.077 [main] INFO  utilities.UtilityCustomFunctions - Expected:one
16:34:11.077 [main] INFO  utilities.UtilityCustomFunctions - Message:MultiSelect
16:34:12.302 [main] INFO  utilities.UtilityCustomFunctions - Actual:Tamilnadu
16:34:12.302 [main] INFO  utilities.UtilityCustomFunctions - Expected:Tamilnadu
16:34:12.302 [main] INFO  utilities.UtilityCustomFunctions - Message:MultiChoice State
16:34:20.510 [main] INFO  testCases.WebForms.TC014_WF_RRN_OneN_TwoYN - Clicked Avatar
16:34:24.608 [main] INFO  testCases.WebForms.TC014_WF_RRN_OneN_TwoYN - Clicked Menu CRM Setting
16:34:26.909 [main] INFO  testCases.WebForms.TC014_WF_RRN_OneN_TwoYN - Clicked Menu User Access Control
16:34:44.457 [main] INFO  utilities.UtilityCustomFunctions - Actual:Mr Imperfect
16:34:44.458 [main] INFO  utilities.UtilityCustomFunctions - Expected:Mr Imperfect
16:34:44.458 [main] INFO  utilities.UtilityCustomFunctions - Message:AssignedTo Value
16:34:45.670 [main] INFO  utilities.UtilityCustomFunctions - Actual:+91
16:34:45.670 [main] INFO  utilities.UtilityCustomFunctions - Expected:+91
16:34:45.670 [main] INFO  utilities.UtilityCustomFunctions - Message:Mobile Number Prefix
16:34:46.897 [main] INFO  utilities.UtilityCustomFunctions - Actual:9840027539
16:34:46.898 [main] INFO  utilities.UtilityCustomFunctions - Expected:9840027539
16:34:46.898 [main] INFO  utilities.UtilityCustomFunctions - Message:Mobile Number
16:34:48.125 [main] INFO  utilities.UtilityCustomFunctions - Actual:Marilyn@rsoft.in
16:34:48.125 [main] INFO  utilities.UtilityCustomFunctions - Expected:Marilyn@rsoft.in
16:34:48.125 [main] INFO  utilities.UtilityCustomFunctions - Message:Email
16:34:49.349 [main] INFO  utilities.UtilityCustomFunctions - Actual:Welcome to Automation World...!
16:34:49.349 [main] INFO  utilities.UtilityCustomFunctions - Expected:Welcome to Automation World...!
16:34:49.349 [main] INFO  utilities.UtilityCustomFunctions - Message:Text
16:34:50.587 [main] INFO  utilities.UtilityCustomFunctions - Actual:one
16:34:50.587 [main] INFO  utilities.UtilityCustomFunctions - Expected:one
16:34:50.587 [main] INFO  utilities.UtilityCustomFunctions - Message:MultiSelect
16:34:51.805 [main] INFO  utilities.UtilityCustomFunctions - Actual:Andhra Pradesh
16:34:51.805 [main] INFO  utilities.UtilityCustomFunctions - Expected:Andhra Pradesh
16:34:51.805 [main] INFO  utilities.UtilityCustomFunctions - Message:MultiChoice State
17:15:51.445 [main] INFO  testCases.WebForms.TC015_WF_RRN_OneN_TwoY - Test Execution on Browser: chrome
17:15:51.596 [main] INFO  testCases.WebForms.TC015_WF_RRN_OneN_TwoY - Excel file Utility instance created
17:15:53.635 [main] INFO  testCases.WebForms.TC015_WF_RRN_OneN_TwoY - Row Count is: 9
17:15:53.815 [main] INFO  testCases.WebForms.TC015_WF_RRN_OneN_TwoY - Col Count is: 15
17:16:02.511 [main] INFO  utilities.UtilityCustomFunctions - PRIYAN entered in  input
17:16:04.395 [main] INFO  utilities.UtilityCustomFunctions - rsoft entered in  input
17:16:06.239 [main] INFO  utilities.UtilityCustomFunctions - RSoft!@345 entered in  input
17:16:54.031 [main] INFO  testCases.WebForms.TC015_WF_RRN_OneN_TwoY - Clicked Avatar
17:16:58.648 [main] INFO  testCases.WebForms.TC015_WF_RRN_OneN_TwoY - Clicked Menu CRM Setting
17:17:00.883 [main] INFO  testCases.WebForms.TC015_WF_RRN_OneN_TwoY - Clicked Menu User Access Control
17:17:04.919 [main] INFO  testCases.WebForms.TC015_WF_RRN_OneN_TwoY - Clicked Avatar
17:17:08.975 [main] INFO  testCases.WebForms.TC015_WF_RRN_OneN_TwoY - Clicked Menu CRM Setting
17:17:09.195 [main] INFO  testCases.WebForms.TC015_WF_RRN_OneN_TwoY - Clicked Integration
17:17:21.225 [main] INFO  testCases.WebForms.TC015_WF_RRN_OneN_TwoY - [ETNotification Webform] is selected in List
17:17:25.794 [main] INFO  testCases.WebForms.TC015_WF_RRN_OneN_TwoY - [ETNotification Webform] is selected in List
17:18:18.042 [main] INFO  utilities.UtilityCustomFunctions - Actual:Jennifer Jose
17:18:18.042 [main] INFO  utilities.UtilityCustomFunctions - Expected:Trott
17:18:18.042 [main] INFO  utilities.UtilityCustomFunctions - Message:AssignedTo Value
17:18:19.414 [main] INFO  utilities.UtilityCustomFunctions - Actual:+91
17:18:19.415 [main] INFO  utilities.UtilityCustomFunctions - Expected:+91
17:18:19.415 [main] INFO  utilities.UtilityCustomFunctions - Message:Mobile Number Prefix
17:18:20.621 [main] INFO  utilities.UtilityCustomFunctions - Actual:9840049573
17:18:20.621 [main] INFO  utilities.UtilityCustomFunctions - Expected:9840049573
17:18:20.621 [main] INFO  utilities.UtilityCustomFunctions - Message:Mobile Number
17:18:21.850 [main] INFO  utilities.UtilityCustomFunctions - Actual:Julia@rsoft.in
17:18:21.851 [main] INFO  utilities.UtilityCustomFunctions - Expected:Julia@rsoft.in
17:18:21.851 [main] INFO  utilities.UtilityCustomFunctions - Message:Email
17:18:23.068 [main] INFO  utilities.UtilityCustomFunctions - Actual:Welcome to Automation World...!
17:18:23.068 [main] INFO  utilities.UtilityCustomFunctions - Expected:Welcome to Automation World...!
17:18:23.069 [main] INFO  utilities.UtilityCustomFunctions - Message:Text
17:18:24.316 [main] INFO  utilities.UtilityCustomFunctions - Actual:one
17:18:24.316 [main] INFO  utilities.UtilityCustomFunctions - Expected:one
17:18:24.316 [main] INFO  utilities.UtilityCustomFunctions - Message:MultiSelect
17:18:25.560 [main] INFO  utilities.UtilityCustomFunctions - Actual:Tamilnadu
17:18:25.560 [main] INFO  utilities.UtilityCustomFunctions - Expected:Tamilnadu
17:18:25.560 [main] INFO  utilities.UtilityCustomFunctions - Message:MultiChoice State
17:20:12.323 [main] INFO  testCases.WebForms.TC015_WF_RRN_OneN_TwoY - Test Execution on Browser: chrome
17:20:12.445 [main] INFO  testCases.WebForms.TC015_WF_RRN_OneN_TwoY - Excel file Utility instance created
17:20:14.346 [main] INFO  testCases.WebForms.TC015_WF_RRN_OneN_TwoY - Row Count is: 9
17:20:14.547 [main] INFO  testCases.WebForms.TC015_WF_RRN_OneN_TwoY - Col Count is: 15
17:20:23.924 [main] INFO  utilities.UtilityCustomFunctions - PRIYAN entered in  input
17:20:25.644 [main] INFO  utilities.UtilityCustomFunctions - rsoft entered in  input
17:20:27.435 [main] INFO  utilities.UtilityCustomFunctions - RSoft!@345 entered in  input
17:20:38.623 [main] INFO  testCases.WebForms.TC015_WF_RRN_OneN_TwoY - Clicked Avatar
17:20:43.493 [main] INFO  testCases.WebForms.TC015_WF_RRN_OneN_TwoY - Clicked Menu CRM Setting
17:20:45.832 [main] INFO  testCases.WebForms.TC015_WF_RRN_OneN_TwoY - Clicked Menu User Access Control
17:20:49.857 [main] INFO  testCases.WebForms.TC015_WF_RRN_OneN_TwoY - Clicked Avatar
17:20:53.996 [main] INFO  testCases.WebForms.TC015_WF_RRN_OneN_TwoY - Clicked Menu CRM Setting
17:20:54.179 [main] INFO  testCases.WebForms.TC015_WF_RRN_OneN_TwoY - Clicked Integration
17:21:06.190 [main] INFO  testCases.WebForms.TC015_WF_RRN_OneN_TwoY - [ETNotification Webform] is selected in List
17:21:10.712 [main] INFO  testCases.WebForms.TC015_WF_RRN_OneN_TwoY - [ETNotification Webform] is selected in List
17:22:01.053 [main] INFO  utilities.UtilityCustomFunctions - Actual:Trott Alexander
17:22:01.053 [main] INFO  utilities.UtilityCustomFunctions - Expected:Usman
17:22:01.053 [main] INFO  utilities.UtilityCustomFunctions - Message:AssignedTo Value
17:22:02.366 [main] INFO  utilities.UtilityCustomFunctions - Actual:+91
17:22:02.367 [main] INFO  utilities.UtilityCustomFunctions - Expected:+91
17:22:02.367 [main] INFO  utilities.UtilityCustomFunctions - Message:Mobile Number Prefix
17:22:03.610 [main] INFO  utilities.UtilityCustomFunctions - Actual:9840000721
17:22:03.611 [main] INFO  utilities.UtilityCustomFunctions - Expected:9840000721
17:22:03.611 [main] INFO  utilities.UtilityCustomFunctions - Message:Mobile Number
17:22:04.879 [main] INFO  utilities.UtilityCustomFunctions - Actual:Testing@rsoft.in
17:22:04.879 [main] INFO  utilities.UtilityCustomFunctions - Expected:Testing@rsoft.in
17:22:04.879 [main] INFO  utilities.UtilityCustomFunctions - Message:Email
17:22:06.095 [main] INFO  utilities.UtilityCustomFunctions - Actual:Testing
17:22:06.095 [main] INFO  utilities.UtilityCustomFunctions - Expected:Testing
17:22:06.095 [main] INFO  utilities.UtilityCustomFunctions - Message:Text
17:22:07.336 [main] INFO  utilities.UtilityCustomFunctions - Actual:two
17:22:07.337 [main] INFO  utilities.UtilityCustomFunctions - Expected:two
17:22:07.337 [main] INFO  utilities.UtilityCustomFunctions - Message:MultiSelect
17:22:08.639 [main] INFO  utilities.UtilityCustomFunctions - Actual:Tamilnadu
17:22:08.639 [main] INFO  utilities.UtilityCustomFunctions - Expected:Tamilnadu
17:22:08.640 [main] INFO  utilities.UtilityCustomFunctions - Message:MultiChoice State
17:22:26.670 [main] INFO  utilities.UtilityCustomFunctions - Actual:Mr Imperfect
17:22:26.670 [main] INFO  utilities.UtilityCustomFunctions - Expected:White
17:22:26.670 [main] INFO  utilities.UtilityCustomFunctions - Message:AssignedTo Value
17:22:27.933 [main] INFO  utilities.UtilityCustomFunctions - Actual:+91
17:22:27.934 [main] INFO  utilities.UtilityCustomFunctions - Expected:+91
17:22:27.934 [main] INFO  utilities.UtilityCustomFunctions - Message:Mobile Number Prefix
17:22:29.166 [main] INFO  utilities.UtilityCustomFunctions - Actual:9840036539
17:22:29.166 [main] INFO  utilities.UtilityCustomFunctions - Expected:9840036539
17:22:29.167 [main] INFO  utilities.UtilityCustomFunctions - Message:Mobile Number
17:22:30.377 [main] INFO  utilities.UtilityCustomFunctions - Actual:Frances@rsoft.in
17:22:30.377 [main] INFO  utilities.UtilityCustomFunctions - Expected:Frances@rsoft.in
17:22:30.377 [main] INFO  utilities.UtilityCustomFunctions - Message:Email
17:22:31.588 [main] INFO  utilities.UtilityCustomFunctions - Actual:Welcome to Automation World...!
17:22:31.588 [main] INFO  utilities.UtilityCustomFunctions - Expected:Welcome to Automation World...!
17:22:31.588 [main] INFO  utilities.UtilityCustomFunctions - Message:Text
17:22:32.818 [main] INFO  utilities.UtilityCustomFunctions - Actual:one
17:22:32.818 [main] INFO  utilities.UtilityCustomFunctions - Expected:one
17:22:32.818 [main] INFO  utilities.UtilityCustomFunctions - Message:MultiSelect
17:22:34.069 [main] INFO  utilities.UtilityCustomFunctions - Actual:Tamilnadu
17:22:34.069 [main] INFO  utilities.UtilityCustomFunctions - Expected:Tamilnadu
17:22:34.069 [main] INFO  utilities.UtilityCustomFunctions - Message:MultiChoice State
17:41:57.289 [main] INFO  testCases.WebForms.TC015_WF_RRN_OneN_TwoY - Test Execution on Browser: chrome
17:41:57.495 [main] INFO  testCases.WebForms.TC015_WF_RRN_OneN_TwoY - Excel file Utility instance created
17:41:59.527 [main] INFO  testCases.WebForms.TC015_WF_RRN_OneN_TwoY - Row Count is: 9
17:41:59.675 [main] INFO  testCases.WebForms.TC015_WF_RRN_OneN_TwoY - Col Count is: 15
17:42:09.350 [main] INFO  utilities.UtilityCustomFunctions - PRIYAN entered in  input
17:42:11.077 [main] INFO  utilities.UtilityCustomFunctions - rsoft entered in  input
17:42:12.621 [main] INFO  utilities.UtilityCustomFunctions - RSoft!@345 entered in  input
17:42:29.041 [main] INFO  testCases.WebForms.TC015_WF_RRN_OneN_TwoY - Clicked Avatar
17:42:33.372 [main] INFO  testCases.WebForms.TC015_WF_RRN_OneN_TwoY - Clicked Menu CRM Setting
17:42:35.641 [main] INFO  testCases.WebForms.TC015_WF_RRN_OneN_TwoY - Clicked Menu User Access Control
17:42:39.941 [main] INFO  testCases.WebForms.TC015_WF_RRN_OneN_TwoY - Clicked Avatar
17:42:43.920 [main] INFO  testCases.WebForms.TC015_WF_RRN_OneN_TwoY - Clicked Menu CRM Setting
17:42:44.143 [main] INFO  testCases.WebForms.TC015_WF_RRN_OneN_TwoY - Clicked Integration
17:42:56.490 [main] INFO  testCases.WebForms.TC015_WF_RRN_OneN_TwoY - [ETNotification Webform] is selected in List
