16:35:37.673 [main] INFO  utilities.UtilityCustomFunctions - 9153012649 entered in  input
16:35:39.373 [main] INFO  utilities.UtilityCustomFunctions - AddNewLead@gmail.com entered in  input
16:35:40.926 [main] INFO  utilities.UtilityCustomFunctions - Lead about Chatbot entered in  input
16:35:45.404 [main] INFO  testCases.TC009_WF3_SN_Weekly - [+60] is selected in List
16:35:48.018 [main] INFO  utilities.UtilityCustomFunctions - 5003700590 entered in  input
16:35:49.721 [main] INFO  utilities.UtilityCustomFunctions - AddNewSales@gmail.com entered in  input
16:36:14.704 [main] INFO  utilities.UtilityCustomFunctions - testing entered in  input
16:36:15.120 [main] INFO  utilities.UtilityCustomFunctions - dCr2KGiHBrC2!@ entered in  input
16:36:46.986 [main] INFO  testCases.TC009_WF3_SN_Weekly - [PRIMARY (DESC)] is selected in List
16:36:51.989 [main] INFO  utilities.UtilityCustomFunctions - Entity Id Searched: 126174
16:36:56.411 [main] INFO  utilities.UtilityCustomFunctions - Entity Id Searched: 126174
16:37:04.397 [main] INFO  utilities.UtilityCustomFunctions - Passed: Worflow scheduled to run at Mon Jun 03 08:00:00 IST 2024 on UTC and WeekDay at: Monday Execution Time: 2024-06-03 02:30:00 Created Time: 2024-05-28 11:05:57 Scheduled Type: Weekly Action type:Send notification for EntityId 126174and Task Id:535
16:44:07.298 [main] INFO  testCases.TC010_WF4_SN_SpecificDate - ******starting WF Schedule SpecificDate****
16:44:07.305 [main] INFO  testCases.TC010_WF4_SN_SpecificDate - Test Execution on Browser: chrome
16:44:07.309 [main] INFO  testCases.TC010_WF4_SN_SpecificDate - Excel file Utility instance created
16:44:09.613 [main] INFO  testCases.TC010_WF4_SN_SpecificDate - Row Count is: 1
16:44:09.940 [main] INFO  testCases.TC010_WF4_SN_SpecificDate - Col Count is: 52
16:44:09.941 [main] INFO  testCases.TC010_WF4_SN_SpecificDate - Extracting DataSheet Values started...
16:44:18.989 [main] INFO  utilities.UtilityCustomFunctions - PN1:4226606796
16:44:18.990 [main] INFO  utilities.UtilityCustomFunctions - PN2:2423129471
16:44:18.990 [main] INFO  utilities.UtilityCustomFunctions - PN3:0196400554
16:44:18.990 [main] INFO  utilities.UtilityCustomFunctions - PN4:8052120916
16:44:27.917 [main] INFO  utilities.UtilityCustomFunctions - PRIYAN entered in  input
16:44:29.495 [main] INFO  utilities.UtilityCustomFunctions - Sudhakar entered in  input
16:44:31.095 [main] INFO  utilities.UtilityCustomFunctions - Automation@123 entered in  input
16:44:35.272 [main] INFO  testCases.TC010_WF4_SN_SpecificDate - CRM Login Success with:Sudhakar
16:44:35.272 [main] INFO  utilities.UtilityCustomFunctions - Actual:Login Success
16:44:35.272 [main] INFO  utilities.UtilityCustomFunctions - Expected:Login Success
16:44:35.273 [main] INFO  utilities.UtilityCustomFunctions - Message:User: Sudhakar
16:44:42.214 [main] INFO  testCases.TC010_WF4_SN_SpecificDate - Clicked Avatar
16:44:46.383 [main] INFO  testCases.TC010_WF4_SN_SpecificDate - Clicked Menu CRM Setting
16:44:48.642 [main] INFO  testCases.TC010_WF4_SN_SpecificDate - Clicked Menu Other Setting
16:44:53.158 [main] INFO  testCases.TC010_WF4_SN_SpecificDate - Clicked Menu Item Workflow
16:44:53.522 [main] INFO  testCases.TC010_WF4_SN_SpecificDate - Clicked Workflow from Combox Box List
16:44:55.528 [main] INFO  testCases.TC010_WF4_SN_SpecificDate - Item to be selected:  CRMScheduleNotification Workflow
16:45:01.666 [main] INFO  testCases.TC010_WF4_SN_SpecificDate - [CRMScheduleNotification Workflow] is selected in List
16:45:01.668 [main] INFO  testCases.TC010_WF4_SN_SpecificDate - Item selected in combox Box  CRMScheduleNotification Workflow
16:45:04.677 [main] INFO  testCases.TC010_WF4_SN_SpecificDate - Selected Module to View its Workflows
16:45:04.876 [main] INFO  testCases.TC010_WF4_SN_SpecificDate - Module,workflow,conditions not matched 
16:45:04.876 [main] INFO  testCases.TC010_WF4_SN_SpecificDate - bCurrentWFStatus: false
16:45:05.024 [main] INFO  testCases.TC010_WF4_SN_SpecificDate - Module,workflow,conditions not matched 
16:45:05.024 [main] INFO  testCases.TC010_WF4_SN_SpecificDate - bCurrentWFStatus: false
16:45:05.178 [main] INFO  testCases.TC010_WF4_SN_SpecificDate - Module,workflow,conditions not matched 
16:45:05.178 [main] INFO  testCases.TC010_WF4_SN_SpecificDate - bCurrentWFStatus: true
16:45:05.251 [main] INFO  testCases.TC010_WF4_SN_SpecificDate - WF3_ScheduleNotify_WeeklyWorkflow disabled manually
16:45:05.397 [main] INFO  testCases.TC010_WF4_SN_SpecificDate - Module,workflow,condition matches
16:45:05.397 [main] INFO  testCases.TC010_WF4_SN_SpecificDate - bCurrentWFStatus: false
16:45:05.539 [main] INFO  testCases.TC010_WF4_SN_SpecificDate - Module,workflow,conditions not matched 
16:45:05.539 [main] INFO  testCases.TC010_WF4_SN_SpecificDate - bCurrentWFStatus: false
16:45:05.686 [main] INFO  testCases.TC010_WF4_SN_SpecificDate - Module,workflow,conditions not matched 
16:45:05.686 [main] INFO  testCases.TC010_WF4_SN_SpecificDate - bCurrentWFStatus: false
16:45:05.792 [main] INFO  utilities.UtilityCustomFunctions - WF6_ScheduleNotify_YearlyDisabled Workflow Manually Enabled
16:45:05.792 [main] INFO  testCases.TC010_WF4_SN_SpecificDate - true:4
16:45:12.919 [main] INFO  testCases.TC010_WF4_SN_SpecificDate - Work flow clicked
16:45:19.364 [main] INFO  testCases.TC010_WF4_SN_SpecificDate - Cliked Step 1 Next Button to Condition Page
16:45:24.671 [main] INFO  testCases.TC010_WF4_SN_SpecificDate - Cliked Step 2 Next Button to Task List Page
16:45:25.677 [main] INFO  testCases.TC010_WF4_SN_SpecificDate - Clicked Workflow and Navigated to Task Page
16:45:25.692 [main] INFO  testCases.TC010_WF4_SN_SpecificDate - Number of Tasks Listed for this Workflow: WF4_ScheduleNotify_SpecificDate : 1
16:45:25.992 [main] INFO  utilities.UtilityCustomFunctions - Retrieved Action Type:Send notification
16:45:25.992 [main] INFO  utilities.UtilityCustomFunctions - Retrieved Action Title:NotifySpecificDate
16:45:25.994 [main] INFO  utilities.UtilityCustomFunctions - Retrieved Expected Action Type:Send notification
16:45:25.994 [main] INFO  utilities.UtilityCustomFunctions - Retrieved Expected Action Title:NotifySpecificDate
16:45:25.994 [main] INFO  testCases.TC010_WF4_SN_SpecificDate - Action Type and Action Tile matches and also Task Button Enabled
16:45:27.001 [main] INFO  utilities.UtilityCustomFunctions - Out of for loop:false
16:48:56.893 [main] INFO  testCases.TC010_WF4_SN_SpecificDate - ******starting WF Schedule SpecificDate****
16:48:56.901 [main] INFO  testCases.TC010_WF4_SN_SpecificDate - Test Execution on Browser: chrome
16:48:56.904 [main] INFO  testCases.TC010_WF4_SN_SpecificDate - Excel file Utility instance created
16:48:58.443 [main] INFO  testCases.TC010_WF4_SN_SpecificDate - Row Count is: 1
16:48:58.869 [main] INFO  testCases.TC010_WF4_SN_SpecificDate - Col Count is: 52
16:48:58.869 [main] INFO  testCases.TC010_WF4_SN_SpecificDate - Extracting DataSheet Values started...
16:49:07.909 [main] INFO  utilities.UtilityCustomFunctions - PN1:5811143068
16:49:07.909 [main] INFO  utilities.UtilityCustomFunctions - PN2:1247389738
16:49:07.909 [main] INFO  utilities.UtilityCustomFunctions - PN3:4663339567
16:49:07.909 [main] INFO  utilities.UtilityCustomFunctions - PN4:5364132399
16:49:16.801 [main] INFO  utilities.UtilityCustomFunctions - PRIYAN entered in  input
16:49:18.368 [main] INFO  utilities.UtilityCustomFunctions - Sudhakar entered in  input
16:49:19.969 [main] INFO  utilities.UtilityCustomFunctions - Automation@123 entered in  input
16:49:25.449 [main] INFO  testCases.TC010_WF4_SN_SpecificDate - CRM Login Success with:Sudhakar
16:49:25.449 [main] INFO  utilities.UtilityCustomFunctions - Actual:Login Success
16:49:25.449 [main] INFO  utilities.UtilityCustomFunctions - Expected:Login Success
16:49:25.449 [main] INFO  utilities.UtilityCustomFunctions - Message:User: Sudhakar
16:49:32.424 [main] INFO  testCases.TC010_WF4_SN_SpecificDate - Clicked Avatar
16:49:36.591 [main] INFO  testCases.TC010_WF4_SN_SpecificDate - Clicked Menu CRM Setting
16:49:38.869 [main] INFO  testCases.TC010_WF4_SN_SpecificDate - Clicked Menu Other Setting
16:49:43.589 [main] INFO  testCases.TC010_WF4_SN_SpecificDate - Clicked Menu Item Workflow
16:49:43.880 [main] INFO  testCases.TC010_WF4_SN_SpecificDate - Clicked Workflow from Combox Box List
16:49:45.889 [main] INFO  testCases.TC010_WF4_SN_SpecificDate - Item to be selected:  CRMScheduleNotification Workflow
16:49:52.201 [main] INFO  testCases.TC010_WF4_SN_SpecificDate - [CRMScheduleNotification Workflow] is selected in List
16:49:52.201 [main] INFO  testCases.TC010_WF4_SN_SpecificDate - Item selected in combox Box  CRMScheduleNotification Workflow
16:49:55.206 [main] INFO  testCases.TC010_WF4_SN_SpecificDate - Selected Module to View its Workflows
16:49:55.423 [main] INFO  testCases.TC010_WF4_SN_SpecificDate - Module,workflow,conditions not matched 
16:49:55.423 [main] INFO  testCases.TC010_WF4_SN_SpecificDate - bCurrentWFStatus: false
16:49:55.556 [main] INFO  testCases.TC010_WF4_SN_SpecificDate - Module,workflow,conditions not matched 
16:49:55.556 [main] INFO  testCases.TC010_WF4_SN_SpecificDate - bCurrentWFStatus: false
16:49:55.673 [main] INFO  testCases.TC010_WF4_SN_SpecificDate - Module,workflow,conditions not matched 
16:49:55.673 [main] INFO  testCases.TC010_WF4_SN_SpecificDate - bCurrentWFStatus: false
16:49:55.772 [main] INFO  testCases.TC010_WF4_SN_SpecificDate - Module,workflow,condition matches
16:49:55.788 [main] INFO  testCases.TC010_WF4_SN_SpecificDate - bCurrentWFStatus: true
16:49:55.788 [main] INFO  testCases.TC010_WF4_SN_SpecificDate - WF4_ScheduleNotify_SpecificDateWorkflow enabled
16:49:55.907 [main] INFO  testCases.TC010_WF4_SN_SpecificDate - Module,workflow,conditions not matched 
16:49:55.907 [main] INFO  testCases.TC010_WF4_SN_SpecificDate - bCurrentWFStatus: false
16:49:56.024 [main] INFO  testCases.TC010_WF4_SN_SpecificDate - Module,workflow,conditions not matched 
16:49:56.024 [main] INFO  testCases.TC010_WF4_SN_SpecificDate - bCurrentWFStatus: false
16:49:56.040 [main] INFO  utilities.UtilityCustomFunctions - WF6_ScheduleNotify_YearlyDisabled Workflow Manually Enabled
16:49:56.040 [main] INFO  testCases.TC010_WF4_SN_SpecificDate - true:4
16:50:02.896 [main] INFO  testCases.TC010_WF4_SN_SpecificDate - Work flow clicked
16:50:09.125 [main] INFO  testCases.TC010_WF4_SN_SpecificDate - Cliked Step 1 Next Button to Condition Page
16:50:14.588 [main] INFO  testCases.TC010_WF4_SN_SpecificDate - Cliked Step 2 Next Button to Task List Page
16:50:15.609 [main] INFO  testCases.TC010_WF4_SN_SpecificDate - Clicked Workflow and Navigated to Task Page
16:50:15.624 [main] INFO  testCases.TC010_WF4_SN_SpecificDate - Number of Tasks Listed for this Workflow: WF4_ScheduleNotify_SpecificDate : 1
16:50:15.871 [main] INFO  utilities.UtilityCustomFunctions - Retrieved Action Type:Send notification
16:50:15.871 [main] INFO  utilities.UtilityCustomFunctions - Retrieved Action Title:NotifySpecificDate
16:50:15.871 [main] INFO  utilities.UtilityCustomFunctions - Retrieved Expected Action Type:Send notification
16:50:15.871 [main] INFO  utilities.UtilityCustomFunctions - Retrieved Expected Action Title:NotifySpecificDate
16:50:15.871 [main] INFO  testCases.TC010_WF4_SN_SpecificDate - Action Type and Action Tile matches and also Task Button Enabled
16:50:16.886 [main] INFO  utilities.UtilityCustomFunctions - Out of for loop:false
16:50:19.952 [main] INFO  testCases.TC010_WF4_SN_SpecificDate - Clicked Workflow and Navigated to Task Page
16:50:19.952 [main] INFO  testCases.TC010_WF4_SN_SpecificDate - Task Active Send notification  NotifySpecificDate
16:50:37.440 [main] INFO  testCases.TC010_WF4_SN_SpecificDate - Excel file Utility instance created
16:50:37.486 [main] INFO  testCases.TC010_WF4_SN_SpecificDate - Row Count is: 1
16:50:37.519 [main] INFO  testCases.TC010_WF4_SN_SpecificDate - Col Count is: 52
16:50:37.519 [main] INFO  testCases.TC010_WF4_SN_SpecificDate - Extracting DataSheet Values started...
16:50:39.474 [main] INFO  utilities.UtilityCustomFunctions - Before Adding Module data
16:50:42.743 [main] INFO  utilities.UtilityCustomFunctions - Assinged To Drop Down clicked
16:50:48.098 [main] INFO  testCases.TC010_WF4_SN_SpecificDate - [Sudhakar VE] is selected in List
16:50:48.098 [main] INFO  utilities.UtilityCustomFunctions - Assinged To Value Seleted is::  Sudhakar VE
16:50:49.642 [main] INFO  utilities.UtilityCustomFunctions - Add New Text entered in  input
16:50:49.642 [main] INFO  utilities.UtilityCustomFunctions - Text Value added is::  Add New Text
16:50:50.789 [main] INFO  utilities.UtilityCustomFunctions - Phone NUmber prefix clicked :  
16:50:54.159 [main] INFO  testCases.TC010_WF4_SN_SpecificDate - [+65] is selected in List
16:50:54.159 [main] INFO  utilities.UtilityCustomFunctions - Phone NUmber selected is :  5811143068
16:50:55.723 [main] INFO  utilities.UtilityCustomFunctions - 5811143068 entered in  input
16:50:58.243 [main] INFO  utilities.UtilityCustomFunctions - AddNew@rsoft.in entered in  input
16:50:59.272 [main] INFO  utilities.UtilityCustomFunctions - Email Added is: AddNew@rsoft.in
16:51:00.423 [main] INFO  utilities.UtilityCustomFunctions - Picklist clicked
16:51:01.544 [main] INFO  utilities.UtilityCustomFunctions - Picklist selected: 1
16:51:15.479 [main] INFO  utilities.UtilityCustomFunctions - MultiCombo box values: two
16:51:16.644 [main] INFO  utilities.UtilityCustomFunctions - City Drop Down clicked
16:51:20.073 [main] INFO  testCases.TC010_WF4_SN_SpecificDate - [Kanchipuram] is selected in List
16:51:20.073 [main] INFO  utilities.UtilityCustomFunctions - City Selected: Kanchipuram
16:51:21.210 [main] INFO  utilities.UtilityCustomFunctions - State Drop Down clicked
16:51:24.862 [main] INFO  testCases.TC010_WF4_SN_SpecificDate - [Tamilnadu] is selected in List
16:51:24.862 [main] INFO  utilities.UtilityCustomFunctions - State Selected: Tamilnadu
16:51:25.990 [main] INFO  utilities.UtilityCustomFunctions - Country List clicked
16:51:29.327 [main] INFO  testCases.TC010_WF4_SN_SpecificDate - [India] is selected in List
16:51:29.327 [main] INFO  utilities.UtilityCustomFunctions - Country Selected: India
16:51:31.374 [main] INFO  utilities.UtilityCustomFunctions - check box value: ON
16:51:31.512 [main] INFO  utilities.UtilityCustomFunctions - Checkbox clicked
16:51:31.657 [main] INFO  utilities.UtilityCustomFunctions - DateBox clicked
16:51:35.738 [main] INFO  utilities.UtilityCustomFunctions - Current Month:May
16:51:44.453 [main] INFO  utilities.UtilityCustomFunctions - Year to be selected is:2024
16:51:50.039 [main] INFO  utilities.UtilityCustomFunctions - (//td[contains(@class,'today')])[1]
16:51:52.228 [main] INFO  utilities.UtilityCustomFunctions - Today Date Selected
16:51:53.399 [main] INFO  utilities.UtilityCustomFunctions - Time Clicked
16:51:56.401 [main] INFO  utilities.UtilityCustomFunctions - Hours://div[@class='popover-content']//div[@class='clockpicker-tick' and text()='2']
16:52:06.949 [main] INFO  utilities.UtilityCustomFunctions - Time Selected is: 02:36 PM
16:52:08.123 [main] INFO  utilities.UtilityCustomFunctions - Date & Time Clicked
16:52:14.187 [main] INFO  utilities.UtilityCustomFunctions - Current Month:May
16:52:22.855 [main] INFO  utilities.UtilityCustomFunctions - Year to be selected is:2024
16:52:36.788 [main] INFO  testCases.TC010_WF4_SN_SpecificDate - [5] is selected in List
16:52:41.246 [main] INFO  testCases.TC010_WF4_SN_SpecificDate - [00] is selected in List
16:52:45.738 [main] INFO  testCases.TC010_WF4_SN_SpecificDate - [00] is selected in List
16:52:50.161 [main] INFO  testCases.TC010_WF4_SN_SpecificDate - [PM] is selected in List
16:52:53.172 [main] INFO  utilities.UtilityCustomFunctions - Clicked Current Date in Date&Time
16:52:53.405 [main] INFO  utilities.UtilityCustomFunctions - Date & Time Selected
16:52:55.545 [main] INFO  utilities.UtilityCustomFunctions - 444444444 entered in  input
16:53:50.217 [main] INFO  testCases.TC010_WF4_SN_SpecificDate - [Mrs.] is selected in List
16:53:51.712 [main] INFO  utilities.UtilityCustomFunctions - Steven entered in  input
16:53:53.286 [main] INFO  utilities.UtilityCustomFunctions - 11111111111 entered in  input
16:53:54.689 [main] INFO  utilities.UtilityCustomFunctions - 10,000 entered in  input
16:53:56.304 [main] INFO  utilities.UtilityCustomFunctions - http://www.google.com/ entered in  input
16:53:59.738 [main] INFO  testCases.TC010_WF4_SN_SpecificDate - [Dr.] is selected in List
16:54:01.252 [main] INFO  utilities.UtilityCustomFunctions - Annie entered in  input
16:54:03.037 [main] INFO  utilities.UtilityCustomFunctions - AddNewEnquiry@gmail.com entered in  input
16:54:04.670 [main] INFO  utilities.UtilityCustomFunctions - Enquiry about Chatbot entered in  input
16:54:11.865 [main] INFO  utilities.UtilityCustomFunctions - RSoft World-Class CRM Software (Customer Relationship Management) solution has been helping all kinds of small and medium businesses to organise, automate and improve their business. Our 15+ years of experience in Sales and Marketing. RSoft makes your business run transparently and intelligently which projects your brand image and win your customers satisfaction. RSoft is way ahead of other CRM's with its new generation features. entered in  textarea
16:54:16.071 [main] INFO  utilities.UtilityCustomFunctions - Current Month:May
16:54:24.802 [main] INFO  utilities.UtilityCustomFunctions - Year to be selected is:2024
16:54:30.399 [main] INFO  utilities.UtilityCustomFunctions - (//td[contains(@class,'today')])[3]
16:54:37.340 [main] INFO  testCases.TC010_WF4_SN_SpecificDate - [+60] is selected in List
16:54:40.051 [main] INFO  utilities.UtilityCustomFunctions - 1247389738 entered in  input
16:54:46.542 [main] INFO  testCases.TC010_WF4_SN_SpecificDate - [Ordinary] is selected in List
16:54:53.121 [main] INFO  testCases.TC010_WF4_SN_SpecificDate - [+91] is selected in List
16:54:55.852 [main] INFO  utilities.UtilityCustomFunctions - 4663339567 entered in  input
16:54:57.536 [main] INFO  utilities.UtilityCustomFunctions - AddNewLead@gmail.com entered in  input
16:54:59.167 [main] INFO  utilities.UtilityCustomFunctions - Lead about Chatbot entered in  input
16:55:03.674 [main] INFO  testCases.TC010_WF4_SN_SpecificDate - [+60] is selected in List
16:55:06.358 [main] INFO  utilities.UtilityCustomFunctions - 5364132399 entered in  input
16:55:08.072 [main] INFO  utilities.UtilityCustomFunctions - AddNewSales@gmail.com entered in  input
16:55:33.417 [main] INFO  utilities.UtilityCustomFunctions - testing entered in  input
16:55:33.851 [main] INFO  utilities.UtilityCustomFunctions - dCr2KGiHBrC2!@ entered in  input
16:56:05.629 [main] INFO  testCases.TC010_WF4_SN_SpecificDate - [PRIMARY (DESC)] is selected in List
16:56:10.634 [main] INFO  utilities.UtilityCustomFunctions - Entity Id Searched: 126176
16:56:15.076 [main] INFO  utilities.UtilityCustomFunctions - Entity Id Searched: 126176
16:56:23.058 [main] INFO  utilities.UtilityCustomFunctions - Passed: Worflow scheduled to run at Thu May 30 08:00:00 IST 2024 on UTC and WeekDay at:  Execution Time: 2024-05-30 02:30:00 Created Time: 2024-05-28 11:25:16 Scheduled Type: Specific Date Action type:Send notification for EntityId 126176and Task Id:536
16:56:27.705 [main] INFO  testCases.TC009_WF3_SN_Weekly - ******starting WF Schedule Notify Weekly****
16:56:27.705 [main] INFO  testCases.TC009_WF3_SN_Weekly - Test Execution on Browser: chrome
16:56:27.706 [main] INFO  testCases.TC009_WF3_SN_Weekly - Excel file Utility instance created
16:56:27.804 [main] INFO  testCases.TC009_WF3_SN_Weekly - Row Count is: 1
16:56:27.921 [main] INFO  testCases.TC009_WF3_SN_Weekly - Col Count is: 53
16:56:27.922 [main] INFO  testCases.TC009_WF3_SN_Weekly - Extracting DataSheet Values started...
16:56:31.137 [main] INFO  utilities.UtilityCustomFunctions - PN1:5653094250
16:56:31.137 [main] INFO  utilities.UtilityCustomFunctions - PN2:6571600101
16:56:31.138 [main] INFO  utilities.UtilityCustomFunctions - PN3:3756905950
16:56:31.138 [main] INFO  utilities.UtilityCustomFunctions - PN4:4043615867
16:56:40.119 [main] INFO  utilities.UtilityCustomFunctions - PRIYAN entered in  input
16:56:42.037 [main] INFO  utilities.UtilityCustomFunctions - Sudhakar entered in  input
16:56:43.590 [main] INFO  utilities.UtilityCustomFunctions - Automation@123 entered in  input
16:56:47.876 [main] INFO  testCases.TC009_WF3_SN_Weekly - CRM Login Success with:Sudhakar
16:56:47.877 [main] INFO  utilities.UtilityCustomFunctions - Actual:Login Success
16:56:47.877 [main] INFO  utilities.UtilityCustomFunctions - Expected:Login Success
16:56:47.878 [main] INFO  utilities.UtilityCustomFunctions - Message:User: Sudhakar
16:56:54.781 [main] INFO  testCases.TC009_WF3_SN_Weekly - Clicked Avatar
16:56:58.918 [main] INFO  testCases.TC009_WF3_SN_Weekly - Clicked Menu CRM Setting
16:57:01.182 [main] INFO  testCases.TC009_WF3_SN_Weekly - Clicked Menu Other Setting
16:57:05.730 [main] INFO  testCases.TC009_WF3_SN_Weekly - Clicked Menu Item Workflow
16:57:05.997 [main] INFO  testCases.TC009_WF3_SN_Weekly - Clicked Workflow from Combox Box List
16:57:08.012 [main] INFO  testCases.TC009_WF3_SN_Weekly - Item to be selected:  CRMScheduleNotification Workflow
16:57:14.130 [main] INFO  testCases.TC009_WF3_SN_Weekly - [CRMScheduleNotification Workflow] is selected in List
16:57:14.130 [main] INFO  testCases.TC009_WF3_SN_Weekly - Item selected in combox Box  CRMScheduleNotification Workflow
16:57:17.142 [main] INFO  testCases.TC009_WF3_SN_Weekly - Selected Module to View its Workflows
16:57:17.328 [main] INFO  testCases.TC009_WF3_SN_Weekly - Module,workflow,conditions not matched 
16:57:17.328 [main] INFO  testCases.TC009_WF3_SN_Weekly - bCurrentWFStatus: false
16:57:17.479 [main] INFO  testCases.TC009_WF3_SN_Weekly - Module,workflow,conditions not matched 
16:57:17.479 [main] INFO  testCases.TC009_WF3_SN_Weekly - bCurrentWFStatus: false
16:57:17.581 [main] INFO  testCases.TC009_WF3_SN_Weekly - Module,workflow,condition matches
16:57:17.581 [main] INFO  testCases.TC009_WF3_SN_Weekly - bCurrentWFStatus: false
16:57:17.698 [main] INFO  testCases.TC009_WF3_SN_Weekly - Module,workflow,conditions not matched 
16:57:17.698 [main] INFO  testCases.TC009_WF3_SN_Weekly - bCurrentWFStatus: true
16:57:17.776 [main] INFO  testCases.TC009_WF3_SN_Weekly - WF4_ScheduleNotify_SpecificDateWorkflow disabled manually
16:57:17.918 [main] INFO  testCases.TC009_WF3_SN_Weekly - Module,workflow,conditions not matched 
16:57:17.918 [main] INFO  testCases.TC009_WF3_SN_Weekly - bCurrentWFStatus: false
16:57:18.044 [main] INFO  testCases.TC009_WF3_SN_Weekly - Module,workflow,conditions not matched 
16:57:18.044 [main] INFO  testCases.TC009_WF3_SN_Weekly - bCurrentWFStatus: false
16:57:18.136 [main] INFO  utilities.UtilityCustomFunctions - WF6_ScheduleNotify_YearlyDisabled Workflow Manually Enabled
16:57:18.136 [main] INFO  testCases.TC009_WF3_SN_Weekly - true:3
16:57:25.005 [main] INFO  testCases.TC009_WF3_SN_Weekly - Work flow clicked
16:57:31.234 [main] INFO  testCases.TC009_WF3_SN_Weekly - Cliked Step 1 Next Button to Condition Page
16:57:36.311 [main] INFO  testCases.TC009_WF3_SN_Weekly - Cliked Step 2 Next Button to Task List Page
16:57:37.321 [main] INFO  testCases.TC009_WF3_SN_Weekly - Clicked Workflow and Navigated to Task Page
16:57:37.373 [main] INFO  testCases.TC009_WF3_SN_Weekly - Number of Tasks Listed for this Workflow: WF3_ScheduleNotify_Weekly : 1
16:57:37.596 [main] INFO  utilities.UtilityCustomFunctions - Retrieved Action Type:Send notification
16:57:37.596 [main] INFO  utilities.UtilityCustomFunctions - Retrieved Action Title:TriggerWeeklyNotify
16:57:37.596 [main] INFO  utilities.UtilityCustomFunctions - Retrieved Expected Action Type:Send notification
16:57:37.596 [main] INFO  utilities.UtilityCustomFunctions - Retrieved Expected Action Title:TriggerWeeklyNotify
16:57:37.596 [main] INFO  testCases.TC009_WF3_SN_Weekly - Action Type and Action Tile matches and also Task Button Enabled
16:57:38.613 [main] INFO  utilities.UtilityCustomFunctions - Out of for loop:false
16:57:41.604 [main] INFO  testCases.TC009_WF3_SN_Weekly - Clicked Workflow and Navigated to Task Page
16:57:41.604 [main] INFO  testCases.TC009_WF3_SN_Weekly - Task Active Send notification  TriggerWeeklyNotify
16:57:58.782 [main] INFO  testCases.TC009_WF3_SN_Weekly - Excel file Utility instance created
16:57:58.805 [main] INFO  testCases.TC009_WF3_SN_Weekly - Row Count is: 1
16:57:58.822 [main] INFO  testCases.TC009_WF3_SN_Weekly - Col Count is: 53
16:57:58.822 [main] INFO  testCases.TC009_WF3_SN_Weekly - Extracting DataSheet Values started...
16:58:00.001 [main] INFO  utilities.UtilityCustomFunctions - Before Adding Module data
16:58:03.190 [main] INFO  utilities.UtilityCustomFunctions - Assinged To Drop Down clicked
16:58:08.566 [main] INFO  testCases.TC009_WF3_SN_Weekly - [Sudhakar VE] is selected in List
16:58:08.566 [main] INFO  utilities.UtilityCustomFunctions - Assinged To Value Seleted is::  Sudhakar VE
16:58:10.124 [main] INFO  utilities.UtilityCustomFunctions - Add New Text entered in  input
16:58:10.134 [main] INFO  utilities.UtilityCustomFunctions - Text Value added is::  Add New Text
16:58:11.301 [main] INFO  utilities.UtilityCustomFunctions - Phone NUmber prefix clicked :  
16:58:14.653 [main] INFO  testCases.TC009_WF3_SN_Weekly - [+65] is selected in List
16:58:14.653 [main] INFO  utilities.UtilityCustomFunctions - Phone NUmber selected is :  5653094250
16:58:16.336 [main] INFO  utilities.UtilityCustomFunctions - 5653094250 entered in  input
16:58:18.868 [main] INFO  utilities.UtilityCustomFunctions - AddNew@rsoft.in entered in  input
16:58:19.898 [main] INFO  utilities.UtilityCustomFunctions - Email Added is: AddNew@rsoft.in
16:58:21.097 [main] INFO  utilities.UtilityCustomFunctions - Picklist clicked
16:58:22.267 [main] INFO  utilities.UtilityCustomFunctions - Picklist selected: 1
16:58:36.104 [main] INFO  utilities.UtilityCustomFunctions - MultiCombo box values: two
16:58:37.283 [main] INFO  utilities.UtilityCustomFunctions - City Drop Down clicked
16:58:40.716 [main] INFO  testCases.TC009_WF3_SN_Weekly - [Kanchipuram] is selected in List
16:58:40.716 [main] INFO  utilities.UtilityCustomFunctions - City Selected: Kanchipuram
16:58:41.917 [main] INFO  utilities.UtilityCustomFunctions - State Drop Down clicked
16:58:45.498 [main] INFO  testCases.TC009_WF3_SN_Weekly - [Tamilnadu] is selected in List
16:58:45.498 [main] INFO  utilities.UtilityCustomFunctions - State Selected: Tamilnadu
16:58:46.632 [main] INFO  utilities.UtilityCustomFunctions - Country List clicked
16:58:49.949 [main] INFO  testCases.TC009_WF3_SN_Weekly - [India] is selected in List
16:58:49.949 [main] INFO  utilities.UtilityCustomFunctions - Country Selected: India
16:58:52.030 [main] INFO  utilities.UtilityCustomFunctions - check box value: ON
16:58:52.190 [main] INFO  utilities.UtilityCustomFunctions - Checkbox clicked
16:58:52.336 [main] INFO  utilities.UtilityCustomFunctions - DateBox clicked
16:58:56.381 [main] INFO  utilities.UtilityCustomFunctions - Current Month:May
16:59:05.213 [main] INFO  utilities.UtilityCustomFunctions - Year to be selected is:2024
16:59:10.977 [main] INFO  utilities.UtilityCustomFunctions - (//td[contains(@class,'today')])[1]
16:59:13.220 [main] INFO  utilities.UtilityCustomFunctions - Today Date Selected
16:59:14.383 [main] INFO  utilities.UtilityCustomFunctions - Time Clicked
16:59:17.395 [main] INFO  utilities.UtilityCustomFunctions - Hours://div[@class='popover-content']//div[@class='clockpicker-tick' and text()='2']
16:59:27.879 [main] INFO  utilities.UtilityCustomFunctions - Time Selected is: 02:36 PM
16:59:29.071 [main] INFO  utilities.UtilityCustomFunctions - Date & Time Clicked
16:59:35.145 [main] INFO  utilities.UtilityCustomFunctions - Current Month:May
16:59:43.814 [main] INFO  utilities.UtilityCustomFunctions - Year to be selected is:2024
16:59:57.853 [main] INFO  testCases.TC009_WF3_SN_Weekly - [5] is selected in List
17:00:02.353 [main] INFO  testCases.TC009_WF3_SN_Weekly - [00] is selected in List
17:00:06.768 [main] INFO  testCases.TC009_WF3_SN_Weekly - [00] is selected in List
17:00:11.160 [main] INFO  testCases.TC009_WF3_SN_Weekly - [PM] is selected in List
17:00:14.195 [main] INFO  utilities.UtilityCustomFunctions - Clicked Current Date in Date&Time
17:00:14.408 [main] INFO  utilities.UtilityCustomFunctions - Date & Time Selected
17:00:16.267 [main] INFO  utilities.UtilityCustomFunctions - 444444444 entered in  input
17:01:10.981 [main] INFO  testCases.TC009_WF3_SN_Weekly - [Mrs.] is selected in List
17:01:12.460 [main] INFO  utilities.UtilityCustomFunctions - Steven entered in  input
17:01:14.064 [main] INFO  utilities.UtilityCustomFunctions - 11111111111 entered in  input
17:01:15.460 [main] INFO  utilities.UtilityCustomFunctions - 10,000 entered in  input
17:01:17.234 [main] INFO  utilities.UtilityCustomFunctions - http://www.google.com/ entered in  input
17:01:20.701 [main] INFO  testCases.TC009_WF3_SN_Weekly - [Dr.] is selected in List
17:01:22.180 [main] INFO  utilities.UtilityCustomFunctions - Annie entered in  input
17:01:23.896 [main] INFO  utilities.UtilityCustomFunctions - AddNewEnquiry@gmail.com entered in  input
17:01:25.598 [main] INFO  utilities.UtilityCustomFunctions - Enquiry about Chatbot entered in  input
17:01:33.057 [main] INFO  utilities.UtilityCustomFunctions - RSoft World-Class CRM Software (Customer Relationship Management) solution has been helping all kinds of small and medium businesses to organise, automate and improve their business. Our 15+ years of experience in Sales and Marketing. RSoft makes your business run transparently and intelligently which projects your brand image and win your customers satisfaction. RSoft is way ahead of other CRM's with its new generation features. entered in  textarea
17:01:37.252 [main] INFO  utilities.UtilityCustomFunctions - Current Month:May
17:01:46.008 [main] INFO  utilities.UtilityCustomFunctions - Year to be selected is:2024
17:01:51.674 [main] INFO  utilities.UtilityCustomFunctions - (//td[contains(@class,'today')])[3]
17:01:58.699 [main] INFO  testCases.TC009_WF3_SN_Weekly - [+60] is selected in List
17:02:01.481 [main] INFO  utilities.UtilityCustomFunctions - 6571600101 entered in  input
17:02:07.975 [main] INFO  testCases.TC009_WF3_SN_Weekly - [Ordinary] is selected in List
17:02:14.533 [main] INFO  testCases.TC009_WF3_SN_Weekly - [+91] is selected in List
17:02:17.311 [main] INFO  utilities.UtilityCustomFunctions - 3756905950 entered in  input
17:02:19.031 [main] INFO  utilities.UtilityCustomFunctions - AddNewLead@gmail.com entered in  input
17:02:20.562 [main] INFO  utilities.UtilityCustomFunctions - Lead about Chatbot entered in  input
17:02:25.132 [main] INFO  testCases.TC009_WF3_SN_Weekly - [+60] is selected in List
17:02:27.793 [main] INFO  utilities.UtilityCustomFunctions - 4043615867 entered in  input
17:02:29.494 [main] INFO  utilities.UtilityCustomFunctions - AddNewSales@gmail.com entered in  input
17:02:54.893 [main] INFO  utilities.UtilityCustomFunctions - testing entered in  input
17:02:55.325 [main] INFO  utilities.UtilityCustomFunctions - dCr2KGiHBrC2!@ entered in  input
17:03:27.069 [main] INFO  testCases.TC009_WF3_SN_Weekly - [PRIMARY (DESC)] is selected in List
17:03:32.077 [main] INFO  utilities.UtilityCustomFunctions - Entity Id Searched: 126178
17:03:36.468 [main] INFO  utilities.UtilityCustomFunctions - Entity Id Searched: 126178
17:03:44.363 [main] INFO  utilities.UtilityCustomFunctions - Passed: Worflow scheduled to run at Mon Jun 03 08:00:00 IST 2024 on UTC and WeekDay at: Monday Execution Time: 2024-06-03 02:30:00 Created Time: 2024-05-28 11:32:37 Scheduled Type: Weekly Action type:Send notification for EntityId 126178and Task Id:537
17:12:45.603 [main] INFO  testCases.TC011_WF5_SN_MonthByDate - ******starting WF Schedule Month By Date****
17:12:45.609 [main] INFO  testCases.TC011_WF5_SN_MonthByDate - Test Execution on Browser: chrome
17:12:45.612 [main] INFO  testCases.TC011_WF5_SN_MonthByDate - Excel file Utility instance created
17:12:47.102 [main] INFO  testCases.TC011_WF5_SN_MonthByDate - Row Count is: 1
17:12:47.396 [main] INFO  testCases.TC011_WF5_SN_MonthByDate - Col Count is: 52
17:12:47.396 [main] INFO  testCases.TC011_WF5_SN_MonthByDate - Extracting DataSheet Values started...
17:12:55.754 [main] INFO  utilities.UtilityCustomFunctions - PN1:9448382214
17:12:55.755 [main] INFO  utilities.UtilityCustomFunctions - PN2:3241529889
17:12:55.755 [main] INFO  utilities.UtilityCustomFunctions - PN3:2637418035
17:12:55.766 [main] INFO  utilities.UtilityCustomFunctions - PN4:4818002889
17:13:02.981 [main] INFO  utilities.UtilityCustomFunctions - PRIYAN entered in  input
17:13:04.630 [main] INFO  utilities.UtilityCustomFunctions - Sudhakar entered in  input
17:13:06.235 [main] INFO  utilities.UtilityCustomFunctions - Automation@123 entered in  input
17:13:10.237 [main] INFO  testCases.TC011_WF5_SN_MonthByDate - CRM Login Success with:Sudhakar
17:13:10.237 [main] INFO  utilities.UtilityCustomFunctions - Actual:Login Success
17:13:10.237 [main] INFO  utilities.UtilityCustomFunctions - Expected:Login Success
17:13:10.237 [main] INFO  utilities.UtilityCustomFunctions - Message:User: Sudhakar
17:13:17.234 [main] INFO  testCases.TC011_WF5_SN_MonthByDate - Clicked Avatar
17:13:21.307 [main] INFO  testCases.TC011_WF5_SN_MonthByDate - Clicked Menu CRM Setting
17:13:23.578 [main] INFO  testCases.TC011_WF5_SN_MonthByDate - Clicked Menu Other Setting
17:13:28.162 [main] INFO  testCases.TC011_WF5_SN_MonthByDate - Clicked Menu Item Workflow
17:13:28.444 [main] INFO  testCases.TC011_WF5_SN_MonthByDate - Clicked Workflow from Combox Box List
17:13:30.445 [main] INFO  testCases.TC011_WF5_SN_MonthByDate - Item to be selected:  CRMScheduleNotification Workflow
17:13:36.649 [main] INFO  testCases.TC011_WF5_SN_MonthByDate - [CRMScheduleNotification Workflow] is selected in List
17:13:36.651 [main] INFO  testCases.TC011_WF5_SN_MonthByDate - Item selected in combox Box  CRMScheduleNotification Workflow
17:13:39.664 [main] INFO  testCases.TC011_WF5_SN_MonthByDate - Selected Module to View its Workflows
17:13:39.847 [main] INFO  testCases.TC011_WF5_SN_MonthByDate - Module,workflow,conditions not matched 
17:13:39.847 [main] INFO  testCases.TC011_WF5_SN_MonthByDate - bCurrentWFStatus: false
17:13:39.997 [main] INFO  testCases.TC011_WF5_SN_MonthByDate - Module,workflow,conditions not matched 
17:13:39.997 [main] INFO  testCases.TC011_WF5_SN_MonthByDate - bCurrentWFStatus: false
17:13:40.168 [main] INFO  testCases.TC011_WF5_SN_MonthByDate - Module,workflow,conditions not matched 
17:13:40.168 [main] INFO  testCases.TC011_WF5_SN_MonthByDate - bCurrentWFStatus: true
17:13:40.242 [main] INFO  testCases.TC011_WF5_SN_MonthByDate - WF3_ScheduleNotify_WeeklyWorkflow disabled manually
17:13:40.396 [main] INFO  testCases.TC011_WF5_SN_MonthByDate - Module,workflow,conditions not matched 
17:13:40.396 [main] INFO  testCases.TC011_WF5_SN_MonthByDate - bCurrentWFStatus: false
17:13:40.516 [main] INFO  testCases.TC011_WF5_SN_MonthByDate - Module,workflow,condition matches
17:13:40.516 [main] INFO  testCases.TC011_WF5_SN_MonthByDate - bCurrentWFStatus: false
17:13:40.649 [main] INFO  testCases.TC011_WF5_SN_MonthByDate - Module,workflow,conditions not matched 
17:13:40.649 [main] INFO  testCases.TC011_WF5_SN_MonthByDate - bCurrentWFStatus: false
17:13:40.761 [main] INFO  utilities.UtilityCustomFunctions - WF6_ScheduleNotify_YearlyDisabled Workflow Manually Enabled
17:13:40.761 [main] INFO  testCases.TC011_WF5_SN_MonthByDate - true:5
17:13:47.644 [main] INFO  testCases.TC011_WF5_SN_MonthByDate - Work flow clicked
17:13:53.950 [main] INFO  testCases.TC011_WF5_SN_MonthByDate - Cliked Step 1 Next Button to Condition Page
17:13:59.717 [main] INFO  testCases.TC011_WF5_SN_MonthByDate - Cliked Step 2 Next Button to Task List Page
17:14:00.730 [main] INFO  testCases.TC011_WF5_SN_MonthByDate - Clicked Workflow and Navigated to Task Page
17:14:00.762 [main] INFO  testCases.TC011_WF5_SN_MonthByDate - Number of Tasks Listed for this Workflow: WF5_ScheduleNotify_MonthByDate : 1
17:14:01.012 [main] INFO  utilities.UtilityCustomFunctions - Retrieved Action Type:Send notification
17:14:01.012 [main] INFO  utilities.UtilityCustomFunctions - Retrieved Action Title:TriggerMonthlybyDateNotify
17:14:01.012 [main] INFO  utilities.UtilityCustomFunctions - Retrieved Expected Action Type:Send notification
17:14:01.012 [main] INFO  utilities.UtilityCustomFunctions - Retrieved Expected Action Title:TriggerMonthlybyDateNotify
17:14:01.012 [main] INFO  testCases.TC011_WF5_SN_MonthByDate - Action Type and Action Tile matches and also Task Button Enabled
17:14:02.026 [main] INFO  utilities.UtilityCustomFunctions - Out of for loop:false
17:14:05.013 [main] INFO  testCases.TC011_WF5_SN_MonthByDate - Clicked Workflow and Navigated to Task Page
17:14:05.015 [main] INFO  testCases.TC011_WF5_SN_MonthByDate - Task Active Send notification  TriggerMonthlybyDateNotify
17:14:22.233 [main] INFO  testCases.TC011_WF5_SN_MonthByDate - Excel file Utility instance created
17:14:22.282 [main] INFO  testCases.TC011_WF5_SN_MonthByDate - Row Count is: 1
17:14:22.308 [main] INFO  testCases.TC011_WF5_SN_MonthByDate - Col Count is: 52
17:14:22.308 [main] INFO  testCases.TC011_WF5_SN_MonthByDate - Extracting DataSheet Values started...
17:14:24.301 [main] INFO  utilities.UtilityCustomFunctions - Before Adding Module data
17:14:27.522 [main] INFO  utilities.UtilityCustomFunctions - Assinged To Drop Down clicked
17:14:32.890 [main] INFO  testCases.TC011_WF5_SN_MonthByDate - [Sudhakar VE] is selected in List
17:14:32.890 [main] INFO  utilities.UtilityCustomFunctions - Assinged To Value Seleted is::  Sudhakar VE
17:14:34.467 [main] INFO  utilities.UtilityCustomFunctions - Add New Text entered in  input
17:14:34.483 [main] INFO  utilities.UtilityCustomFunctions - Text Value added is::  Add New Text
17:14:35.666 [main] INFO  utilities.UtilityCustomFunctions - Phone NUmber prefix clicked :  
17:14:38.999 [main] INFO  testCases.TC011_WF5_SN_MonthByDate - [+65] is selected in List
17:14:39.000 [main] INFO  utilities.UtilityCustomFunctions - Phone NUmber selected is :  9448382214
17:14:40.628 [main] INFO  utilities.UtilityCustomFunctions - 9448382214 entered in  input
17:14:43.217 [main] INFO  utilities.UtilityCustomFunctions - AddNew@rsoft.in entered in  input
17:14:44.247 [main] INFO  utilities.UtilityCustomFunctions - Email Added is: AddNew@rsoft.in
17:14:45.447 [main] INFO  utilities.UtilityCustomFunctions - Picklist clicked
17:14:46.616 [main] INFO  utilities.UtilityCustomFunctions - Picklist selected: 1
17:15:00.601 [main] INFO  utilities.UtilityCustomFunctions - MultiCombo box values: two
17:15:01.784 [main] INFO  utilities.UtilityCustomFunctions - City Drop Down clicked
17:15:05.167 [main] INFO  testCases.TC011_WF5_SN_MonthByDate - [Kanchipuram] is selected in List
17:15:05.167 [main] INFO  utilities.UtilityCustomFunctions - City Selected: Kanchipuram
17:15:06.295 [main] INFO  utilities.UtilityCustomFunctions - State Drop Down clicked
17:15:10.015 [main] INFO  testCases.TC011_WF5_SN_MonthByDate - [Tamilnadu] is selected in List
17:15:10.015 [main] INFO  utilities.UtilityCustomFunctions - State Selected: Tamilnadu
17:15:11.136 [main] INFO  utilities.UtilityCustomFunctions - Country List clicked
17:15:14.516 [main] INFO  testCases.TC011_WF5_SN_MonthByDate - [India] is selected in List
17:15:14.516 [main] INFO  utilities.UtilityCustomFunctions - Country Selected: India
17:15:16.594 [main] INFO  utilities.UtilityCustomFunctions - check box value: ON
17:15:16.724 [main] INFO  utilities.UtilityCustomFunctions - Checkbox clicked
17:15:16.877 [main] INFO  utilities.UtilityCustomFunctions - DateBox clicked
17:15:20.964 [main] INFO  utilities.UtilityCustomFunctions - Current Month:May
17:15:29.746 [main] INFO  utilities.UtilityCustomFunctions - Year to be selected is:2024
17:15:35.446 [main] INFO  utilities.UtilityCustomFunctions - (//td[contains(@class,'today')])[1]
17:15:37.688 [main] INFO  utilities.UtilityCustomFunctions - Today Date Selected
17:15:38.857 [main] INFO  utilities.UtilityCustomFunctions - Time Clicked
17:15:41.863 [main] INFO  utilities.UtilityCustomFunctions - Hours://div[@class='popover-content']//div[@class='clockpicker-tick' and text()='2']
17:15:52.280 [main] INFO  utilities.UtilityCustomFunctions - Time Selected is: 02:36 PM
17:15:53.494 [main] INFO  utilities.UtilityCustomFunctions - Date & Time Clicked
17:15:59.561 [main] INFO  utilities.UtilityCustomFunctions - Current Month:May
17:16:08.341 [main] INFO  utilities.UtilityCustomFunctions - Year to be selected is:2024
17:16:22.226 [main] INFO  testCases.TC011_WF5_SN_MonthByDate - [5] is selected in List
17:16:26.733 [main] INFO  testCases.TC011_WF5_SN_MonthByDate - [00] is selected in List
17:16:31.214 [main] INFO  testCases.TC011_WF5_SN_MonthByDate - [00] is selected in List
17:16:35.711 [main] INFO  testCases.TC011_WF5_SN_MonthByDate - [PM] is selected in List
17:16:38.728 [main] INFO  utilities.UtilityCustomFunctions - Clicked Current Date in Date&Time
17:16:38.928 [main] INFO  utilities.UtilityCustomFunctions - Date & Time Selected
17:16:41.030 [main] INFO  utilities.UtilityCustomFunctions - 444444444 entered in  input
17:17:35.700 [main] INFO  testCases.TC011_WF5_SN_MonthByDate - [Mrs.] is selected in List
17:17:37.151 [main] INFO  utilities.UtilityCustomFunctions - Steven entered in  input
17:17:38.696 [main] INFO  utilities.UtilityCustomFunctions - 11111111111 entered in  input
17:17:40.112 [main] INFO  utilities.UtilityCustomFunctions - 10,000 entered in  input
17:17:41.732 [main] INFO  utilities.UtilityCustomFunctions - http://www.google.com/ entered in  input
17:17:45.198 [main] INFO  testCases.TC011_WF5_SN_MonthByDate - [Dr.] is selected in List
17:17:46.710 [main] INFO  utilities.UtilityCustomFunctions - Annie entered in  input
17:17:48.526 [main] INFO  utilities.UtilityCustomFunctions - AddNewEnquiry@gmail.com entered in  input
17:17:50.196 [main] INFO  utilities.UtilityCustomFunctions - Enquiry about Chatbot entered in  input
17:17:57.550 [main] INFO  utilities.UtilityCustomFunctions - RSoft World-Class CRM Software (Customer Relationship Management) solution has been helping all kinds of small and medium businesses to organise, automate and improve their business. Our 15+ years of experience in Sales and Marketing. RSoft makes your business run transparently and intelligently which projects your brand image and win your customers satisfaction. RSoft is way ahead of other CRM's with its new generation features. entered in  textarea
17:18:01.779 [main] INFO  utilities.UtilityCustomFunctions - Current Month:May
17:18:10.473 [main] INFO  utilities.UtilityCustomFunctions - Year to be selected is:2024
17:18:16.023 [main] INFO  utilities.UtilityCustomFunctions - (//td[contains(@class,'today')])[3]
17:18:22.941 [main] INFO  testCases.TC011_WF5_SN_MonthByDate - [+60] is selected in List
17:18:25.613 [main] INFO  utilities.UtilityCustomFunctions - 3241529889 entered in  input
17:18:32.099 [main] INFO  testCases.TC011_WF5_SN_MonthByDate - [Ordinary] is selected in List
17:18:38.649 [main] INFO  testCases.TC011_WF5_SN_MonthByDate - [+91] is selected in List
17:18:41.308 [main] INFO  utilities.UtilityCustomFunctions - 2637418035 entered in  input
17:18:43.063 [main] INFO  utilities.UtilityCustomFunctions - AddNewLead@gmail.com entered in  input
17:18:44.661 [main] INFO  utilities.UtilityCustomFunctions - Lead about Chatbot entered in  input
17:18:49.125 [main] INFO  testCases.TC011_WF5_SN_MonthByDate - [+60] is selected in List
17:18:51.781 [main] INFO  utilities.UtilityCustomFunctions - 4818002889 entered in  input
17:18:53.461 [main] INFO  utilities.UtilityCustomFunctions - AddNewSales@gmail.com entered in  input
17:19:18.827 [main] INFO  utilities.UtilityCustomFunctions - testing entered in  input
17:19:19.241 [main] INFO  utilities.UtilityCustomFunctions - dCr2KGiHBrC2!@ entered in  input
17:19:51.072 [main] INFO  testCases.TC011_WF5_SN_MonthByDate - [PRIMARY (DESC)] is selected in List
17:19:56.078 [main] INFO  utilities.UtilityCustomFunctions - Entity Id Searched: 126180
17:20:00.482 [main] INFO  utilities.UtilityCustomFunctions - Entity Id Searched: 126180
17:20:11.331 [main] INFO  utilities.UtilityCustomFunctions - Failed: MonthlybyDate Worflow scheduled to run at 08:00:00 AM on UTC 2024-05-30 02:30:00On Day: 30Schedule Type: Monthly By Date Action type: Send notification for EntityId: 126180and Task Id:540
17:20:18.997 [main] INFO  utilities.UtilityCustomFunctions - Passed: MonthlybyDate Worflow scheduled to run at 08:00:00 AM on UTC 2024-05-15 02:30:00On Day: 15Schedule Type: Monthly By Date Action type: Send notification for EntityId: 126180, and Task Id:539
17:20:26.896 [main] INFO  utilities.UtilityCustomFunctions - Failed: MonthlybyDate Worflow scheduled to run at 08:00:00 AM on UTC 2024-05-01 02:30:00On Day: 1Schedule Type: Monthly By Date Action type: Send notification for EntityId: 126180and Task Id:538
17:29:38.562 [main] INFO  testCases.TC011_WF5_SN_MonthByDate - ******starting WF Schedule Month By Date****
17:29:38.570 [main] INFO  testCases.TC011_WF5_SN_MonthByDate - Test Execution on Browser: chrome
17:29:38.573 [main] INFO  testCases.TC011_WF5_SN_MonthByDate - Excel file Utility instance created
17:29:40.311 [main] INFO  testCases.TC011_WF5_SN_MonthByDate - Row Count is: 1
17:29:40.702 [main] INFO  testCases.TC011_WF5_SN_MonthByDate - Col Count is: 52
17:29:40.703 [main] INFO  testCases.TC011_WF5_SN_MonthByDate - Extracting DataSheet Values started...
17:29:50.265 [main] INFO  utilities.UtilityCustomFunctions - PN1:6277757028
17:29:50.265 [main] INFO  utilities.UtilityCustomFunctions - PN2:2829293662
17:29:50.265 [main] INFO  utilities.UtilityCustomFunctions - PN3:5643658693
17:29:50.265 [main] INFO  utilities.UtilityCustomFunctions - PN4:0666618525
17:29:59.290 [main] INFO  utilities.UtilityCustomFunctions - PRIYAN entered in  input
17:30:00.872 [main] INFO  utilities.UtilityCustomFunctions - Sudhakar entered in  input
17:30:02.562 [main] INFO  utilities.UtilityCustomFunctions - Automation@123 entered in  input
17:30:06.952 [main] INFO  testCases.TC011_WF5_SN_MonthByDate - CRM Login Success with:Sudhakar
17:30:06.952 [main] INFO  utilities.UtilityCustomFunctions - Actual:Login Success
17:30:06.952 [main] INFO  utilities.UtilityCustomFunctions - Expected:Login Success
17:30:06.952 [main] INFO  utilities.UtilityCustomFunctions - Message:User: Sudhakar
17:30:13.915 [main] INFO  testCases.TC011_WF5_SN_MonthByDate - Clicked Avatar
17:30:18.067 [main] INFO  testCases.TC011_WF5_SN_MonthByDate - Clicked Menu CRM Setting
17:30:20.313 [main] INFO  testCases.TC011_WF5_SN_MonthByDate - Clicked Menu Other Setting
17:30:24.947 [main] INFO  testCases.TC011_WF5_SN_MonthByDate - Clicked Menu Item Workflow
17:30:25.272 [main] INFO  testCases.TC011_WF5_SN_MonthByDate - Clicked Workflow from Combox Box List
17:30:27.278 [main] INFO  testCases.TC011_WF5_SN_MonthByDate - Item to be selected:  CRMScheduleNotification Workflow
17:30:33.339 [main] INFO  testCases.TC011_WF5_SN_MonthByDate - [CRMScheduleNotification Workflow] is selected in List
17:30:33.339 [main] INFO  testCases.TC011_WF5_SN_MonthByDate - Item selected in combox Box  CRMScheduleNotification Workflow
17:30:36.361 [main] INFO  testCases.TC011_WF5_SN_MonthByDate - Selected Module to View its Workflows
17:30:36.584 [main] INFO  testCases.TC011_WF5_SN_MonthByDate - Module,workflow,conditions not matched 
17:30:36.584 [main] INFO  testCases.TC011_WF5_SN_MonthByDate - bCurrentWFStatus: false
17:30:36.717 [main] INFO  testCases.TC011_WF5_SN_MonthByDate - Module,workflow,conditions not matched 
17:30:36.717 [main] INFO  testCases.TC011_WF5_SN_MonthByDate - bCurrentWFStatus: false
17:30:36.830 [main] INFO  testCases.TC011_WF5_SN_MonthByDate - Module,workflow,conditions not matched 
17:30:36.830 [main] INFO  testCases.TC011_WF5_SN_MonthByDate - bCurrentWFStatus: false
17:30:36.962 [main] INFO  testCases.TC011_WF5_SN_MonthByDate - Module,workflow,conditions not matched 
17:30:36.962 [main] INFO  testCases.TC011_WF5_SN_MonthByDate - bCurrentWFStatus: false
17:30:37.084 [main] INFO  testCases.TC011_WF5_SN_MonthByDate - Module,workflow,condition matches
17:30:37.084 [main] INFO  testCases.TC011_WF5_SN_MonthByDate - bCurrentWFStatus: true
17:30:37.084 [main] INFO  testCases.TC011_WF5_SN_MonthByDate - WF5_ScheduleNotify_MonthByDateWorkflow enabled
17:30:37.245 [main] INFO  testCases.TC011_WF5_SN_MonthByDate - Module,workflow,conditions not matched 
17:30:37.245 [main] INFO  testCases.TC011_WF5_SN_MonthByDate - bCurrentWFStatus: false
17:30:37.263 [main] INFO  utilities.UtilityCustomFunctions - WF6_ScheduleNotify_YearlyDisabled Workflow Manually Enabled
17:30:37.263 [main] INFO  testCases.TC011_WF5_SN_MonthByDate - true:5
17:30:44.174 [main] INFO  testCases.TC011_WF5_SN_MonthByDate - Work flow clicked
17:30:50.716 [main] INFO  testCases.TC011_WF5_SN_MonthByDate - Cliked Step 1 Next Button to Condition Page
17:30:56.190 [main] INFO  testCases.TC011_WF5_SN_MonthByDate - Cliked Step 2 Next Button to Task List Page
17:30:57.194 [main] INFO  testCases.TC011_WF5_SN_MonthByDate - Clicked Workflow and Navigated to Task Page
17:30:57.235 [main] INFO  testCases.TC011_WF5_SN_MonthByDate - Number of Tasks Listed for this Workflow: WF5_ScheduleNotify_MonthByDate : 1
17:30:57.462 [main] INFO  utilities.UtilityCustomFunctions - Retrieved Action Type:Send notification
