18:40:49.795 [TestNG-tests-1] INFO  utilities.UtilityCustomFunctions - Actual:     TriggerNotifyOOFS     
18:40:49.795 [TestNG-tests-1] INFO  utilities.UtilityCustomFunctions - Expected:TriggerNotifyOOFS
18:40:49.795 [TestNG-tests-1] INFO  utilities.UtilityCustomFunctions - Message:Detail View Action Title
18:40:50.966 [TestNG-tests-1] INFO  utilities.UtilityCustomFunctions - Actual:159550
18:40:50.966 [TestNG-tests-1] INFO  utilities.UtilityCustomFunctions - Expected:159550
18:40:50.966 [TestNG-tests-1] INFO  utilities.UtilityCustomFunctions - Message:Detail View Module Record Id
18:41:04.410 [TestNG-tests-1] INFO  utilities.UtilityCustomFunctions - PRIYAN entered in  input
18:41:05.966 [TestNG-tests-1] INFO  utilities.UtilityCustomFunctions - Jones entered in  input
18:41:07.575 [TestNG-tests-1] INFO  utilities.UtilityCustomFunctions - Automation@123 entered in  input
18:41:41.204 [TestNG-tests-1] INFO  utilities.UtilityCustomFunctions - //ul[@class='select2-results__options']/li[contains(text(),'Jones')]
18:41:43.067 [TestNG-tests-1] INFO  utilities.UtilityCustomFunctions - 159550 entered in  input
18:41:49.384 [TestNG-tests-1] INFO  utilities.UtilityCustomFunctions - table row Count:2
18:41:49.384 [TestNG-tests-1] INFO  utilities.UtilityCustomFunctions - After Duplicate record : user 3 and AssignedTo:Indiana JonesNotification record count: 1
18:41:49.384 [TestNG-tests-1] INFO  utilities.UtilityCustomFunctions - Passed: Notification Received after Duplicate Record Add -Indiana Jones Record Id: 159550
18:41:51.005 [TestNG-tests-1] INFO  utilities.UtilityCustomFunctions - Actual:Indiana Jones
18:41:51.005 [TestNG-tests-1] INFO  utilities.UtilityCustomFunctions - Expected:Indiana Jones
18:41:51.005 [TestNG-tests-1] INFO  utilities.UtilityCustomFunctions - Message:AssignedTo Record Details
18:41:52.165 [TestNG-tests-1] INFO  utilities.UtilityCustomFunctions - Actual:0
18:41:52.165 [TestNG-tests-1] INFO  utilities.UtilityCustomFunctions - Expected:0
18:41:52.165 [TestNG-tests-1] INFO  utilities.UtilityCustomFunctions - Message:Status in Record Details
18:41:53.382 [TestNG-tests-1] INFO  utilities.UtilityCustomFunctions - Actual:Rsoft IT
18:41:53.382 [TestNG-tests-1] INFO  utilities.UtilityCustomFunctions - Expected:Rsoft IT
18:41:53.382 [TestNG-tests-1] INFO  utilities.UtilityCustomFunctions - Message:Created By in Record Details
18:41:54.583 [TestNG-tests-1] INFO  utilities.UtilityCustomFunctions - Actual: OOFS Notify 
18:41:54.583 [TestNG-tests-1] INFO  utilities.UtilityCustomFunctions - Expected:OOFS Notify
18:41:54.583 [TestNG-tests-1] INFO  utilities.UtilityCustomFunctions - Message:Summary in Record Details
18:41:55.766 [TestNG-tests-1] INFO  utilities.UtilityCustomFunctions - Actual:     TriggerNotifyOOFS     
18:41:55.766 [TestNG-tests-1] INFO  utilities.UtilityCustomFunctions - Expected:TriggerNotifyOOFS
18:41:55.766 [TestNG-tests-1] INFO  utilities.UtilityCustomFunctions - Message:Workflow Title in Record Details
18:41:56.931 [TestNG-tests-1] INFO  utilities.UtilityCustomFunctions - Actual:159550
18:41:56.931 [TestNG-tests-1] INFO  utilities.UtilityCustomFunctions - Expected:159550
18:41:56.931 [TestNG-tests-1] INFO  utilities.UtilityCustomFunctions - Message:Record Id in Record Details
18:42:12.563 [TestNG-tests-1] INFO  utilities.UtilityCustomFunctions - Header Toggle Already ON
18:42:15.434 [TestNG-tests-1] INFO  utilities.UtilityCustomFunctions - Actual:Indiana Jones
18:42:15.434 [TestNG-tests-1] INFO  utilities.UtilityCustomFunctions - Expected:Indiana Jones
18:42:15.434 [TestNG-tests-1] INFO  utilities.UtilityCustomFunctions - Message:Summary View Assigned To
18:42:16.615 [TestNG-tests-1] INFO  utilities.UtilityCustomFunctions - Actual:0
18:42:16.615 [TestNG-tests-1] INFO  utilities.UtilityCustomFunctions - Expected:0
18:42:16.615 [TestNG-tests-1] INFO  utilities.UtilityCustomFunctions - Message:Summary View Status
18:42:17.815 [TestNG-tests-1] INFO  utilities.UtilityCustomFunctions - Actual: OOFS Notify 
18:42:17.815 [TestNG-tests-1] INFO  utilities.UtilityCustomFunctions - Expected:OOFS Notify
18:42:17.815 [TestNG-tests-1] INFO  utilities.UtilityCustomFunctions - Message:Summary View User
18:42:19.015 [TestNG-tests-1] INFO  utilities.UtilityCustomFunctions - Actual:     TriggerNotifyOOFS     
18:42:19.015 [TestNG-tests-1] INFO  utilities.UtilityCustomFunctions - Expected:TriggerNotifyOOFS
18:42:19.015 [TestNG-tests-1] INFO  utilities.UtilityCustomFunctions - Message:Summary View Action Title
18:42:20.433 [TestNG-tests-1] INFO  utilities.UtilityCustomFunctions - Summary View Set ON
18:42:30.430 [TestNG-tests-1] INFO  utilities.UtilityCustomFunctions - Actual:Indiana Jones
18:42:30.430 [TestNG-tests-1] INFO  utilities.UtilityCustomFunctions - Expected:Indiana Jones
18:42:30.430 [TestNG-tests-1] INFO  utilities.UtilityCustomFunctions - Message:Detail View Assigned To
18:42:31.598 [TestNG-tests-1] INFO  utilities.UtilityCustomFunctions - Actual:0
18:42:31.598 [TestNG-tests-1] INFO  utilities.UtilityCustomFunctions - Expected:0
18:42:31.598 [TestNG-tests-1] INFO  utilities.UtilityCustomFunctions - Message:Detail View Status
18:42:32.749 [TestNG-tests-1] INFO  utilities.UtilityCustomFunctions - Actual: OOFS Notify 
18:42:32.749 [TestNG-tests-1] INFO  utilities.UtilityCustomFunctions - Expected:OOFS Notify
18:42:32.749 [TestNG-tests-1] INFO  utilities.UtilityCustomFunctions - Message:Detail View Summary
18:42:34.092 [TestNG-tests-1] INFO  utilities.UtilityCustomFunctions - Actual:     TriggerNotifyOOFS     
18:42:34.092 [TestNG-tests-1] INFO  utilities.UtilityCustomFunctions - Expected:TriggerNotifyOOFS
18:42:34.092 [TestNG-tests-1] INFO  utilities.UtilityCustomFunctions - Message:Detail View Action Title
18:42:35.266 [TestNG-tests-1] INFO  utilities.UtilityCustomFunctions - Actual:159550
18:42:35.266 [TestNG-tests-1] INFO  utilities.UtilityCustomFunctions - Expected:159550
18:42:35.266 [TestNG-tests-1] INFO  utilities.UtilityCustomFunctions - Message:Detail View Module Record Id
18:42:48.481 [TestNG-tests-1] INFO  utilities.UtilityCustomFunctions - PRIYAN entered in  input
18:42:50.021 [TestNG-tests-1] INFO  utilities.UtilityCustomFunctions - rsoft entered in  input
18:42:51.603 [TestNG-tests-1] INFO  utilities.UtilityCustomFunctions - RSoft!@345 entered in  input
18:43:02.067 [TestNG-tests-1] INFO  utilities.UtilityCustomFunctions - Old Record Id: Before Edit & Save:159550
18:43:34.914 [TestNG-tests-1] INFO  testCases.TC002_WF2_Send_Notify_OOF_S - Excel file Utility instance created
18:43:34.963 [TestNG-tests-1] INFO  testCases.TC002_WF2_Send_Notify_OOF_S - Row Count is: 1
18:43:34.979 [TestNG-tests-1] INFO  testCases.TC002_WF2_Send_Notify_OOF_S - Col Count is: 52
18:43:34.979 [TestNG-tests-1] INFO  testCases.TC002_WF2_Send_Notify_OOF_S - Extracting DataSheet Values started...
18:43:36.885 [TestNG-tests-1] INFO  utilities.UtilityCustomFunctions - 6532158912 entered in  input
18:43:38.517 [TestNG-tests-1] INFO  utilities.UtilityCustomFunctions - 3331117778 entered in  input
18:43:41.383 [TestNG-tests-1] INFO  utilities.UtilityCustomFunctions - EditNewDataOOFS@gmail.com entered in  input
18:43:42.865 [TestNG-tests-1] INFO  utilities.UtilityCustomFunctions - 7777777777 entered in  input
18:43:50.708 [TestNG-tests-1] INFO  testCases.TC002_WF2_Send_Notify_OOF_S - [Very good] is selected in List
18:44:04.740 [TestNG-tests-1] INFO  utilities.UtilityCustomFunctions - Header Toggle Already ON
18:44:17.548 [TestNG-tests-1] INFO  utilities.UtilityCustomFunctions - Current Record Id: after Edit & Save:159550
18:44:17.723 [TestNG-tests-1] INFO  utilities.UtilityCustomFunctions - After Edit & Save : Old Notification count : 21 current Notification count 21
18:44:18.911 [TestNG-tests-1] INFO  testCases.TC002_WF2_Send_Notify_OOF_S - Excel file Utility instance created
18:44:18.931 [TestNG-tests-1] INFO  testCases.TC002_WF2_Send_Notify_OOF_S - Row Count is: 1
18:44:18.962 [TestNG-tests-1] INFO  testCases.TC002_WF2_Send_Notify_OOF_S - Col Count is: 52
18:44:18.962 [TestNG-tests-1] INFO  testCases.TC002_WF2_Send_Notify_OOF_S - Extracting DataSheet Values started...
18:44:19.352 [TestNG-tests-1] INFO  utilities.UtilityCustomFunctions - Actual:CRMEditFieldModule
18:44:19.352 [TestNG-tests-1] INFO  utilities.UtilityCustomFunctions - Expected:CRMEditFieldModule
18:44:19.352 [TestNG-tests-1] INFO  utilities.UtilityCustomFunctions - Message:Module Name
18:44:20.946 [TestNG-tests-1] INFO  utilities.UtilityCustomFunctions - Actual:CRMEditFieldModule
18:44:20.946 [TestNG-tests-1] INFO  utilities.UtilityCustomFunctions - Expected:CRMEditFieldModule
18:44:20.946 [TestNG-tests-1] INFO  utilities.UtilityCustomFunctions - Message:Module Name
18:44:22.097 [TestNG-tests-1] INFO  utilities.UtilityCustomFunctions - Actual:+91 6532158912
18:44:22.097 [TestNG-tests-1] INFO  utilities.UtilityCustomFunctions - Expected:+91 6532158912
18:44:22.097 [TestNG-tests-1] INFO  utilities.UtilityCustomFunctions - Message:Phone Number
18:44:23.296 [TestNG-tests-1] INFO  utilities.UtilityCustomFunctions - Actual:EditNewDataOOFS@gmail.com
18:44:23.296 [TestNG-tests-1] INFO  utilities.UtilityCustomFunctions - Expected:EditNewDataOOFS@gmail.com
18:44:23.296 [TestNG-tests-1] INFO  utilities.UtilityCustomFunctions - Message:Email
18:44:24.497 [TestNG-tests-1] INFO  utilities.UtilityCustomFunctions - Actual:Very good
18:44:24.497 [TestNG-tests-1] INFO  utilities.UtilityCustomFunctions - Expected:Very good
18:44:24.497 [TestNG-tests-1] INFO  utilities.UtilityCustomFunctions - Message:Piclist Value
18:44:31.761 [TestNG-tests-1] INFO  utilities.UtilityCustomFunctions - Header Toggle Already ON
18:44:31.813 [TestNG-tests-1] INFO  utilities.UtilityCustomFunctions - Summary View Already OFF
18:44:36.813 [TestNG-tests-1] INFO  utilities.UtilityCustomFunctions - Actual:+91 6532158912
18:44:36.813 [TestNG-tests-1] INFO  utilities.UtilityCustomFunctions - Expected:+91 6532158912
18:44:36.813 [TestNG-tests-1] INFO  utilities.UtilityCustomFunctions - Message:Summary Phone Number
18:44:37.995 [TestNG-tests-1] INFO  utilities.UtilityCustomFunctions - Actual:3331117778
18:44:37.995 [TestNG-tests-1] INFO  utilities.UtilityCustomFunctions - Expected:3331117778
18:44:37.995 [TestNG-tests-1] INFO  utilities.UtilityCustomFunctions - Message:Summary Number Field
18:44:39.164 [TestNG-tests-1] INFO  utilities.UtilityCustomFunctions - Actual:EditNewDataOOFS@gmail.com
18:44:39.164 [TestNG-tests-1] INFO  utilities.UtilityCustomFunctions - Expected:EditNewDataOOFS@gmail.com
18:44:39.164 [TestNG-tests-1] INFO  utilities.UtilityCustomFunctions - Message:Summary Email
18:44:40.345 [TestNG-tests-1] INFO  utilities.UtilityCustomFunctions - Actual:Very good
18:44:40.345 [TestNG-tests-1] INFO  utilities.UtilityCustomFunctions - Expected:Very good
18:44:40.345 [TestNG-tests-1] INFO  utilities.UtilityCustomFunctions - Message:Summary Picklist Item
18:44:41.512 [TestNG-tests-1] INFO  utilities.UtilityCustomFunctions - Actual:7777777777
18:44:41.512 [TestNG-tests-1] INFO  utilities.UtilityCustomFunctions - Expected:7777777777
18:44:41.512 [TestNG-tests-1] INFO  utilities.UtilityCustomFunctions - Message:Summary Enter Your Number
18:44:42.968 [TestNG-tests-1] INFO  utilities.UtilityCustomFunctions - Summary View Set ON
18:45:02.380 [TestNG-tests-1] INFO  utilities.UtilityCustomFunctions - Actual:Rsoft IT
18:45:02.380 [TestNG-tests-1] INFO  utilities.UtilityCustomFunctions - Expected:Rsoft IT
18:45:02.380 [TestNG-tests-1] INFO  utilities.UtilityCustomFunctions - Message:Detail View Assigned To
18:45:03.566 [TestNG-tests-1] INFO  utilities.UtilityCustomFunctions - Actual:+91 6532158912
18:45:03.566 [TestNG-tests-1] INFO  utilities.UtilityCustomFunctions - Expected:+91 6532158912
18:45:03.566 [TestNG-tests-1] INFO  utilities.UtilityCustomFunctions - Message:Detail View Phone Numer
18:45:04.768 [TestNG-tests-1] INFO  utilities.UtilityCustomFunctions - Actual:3331117778
18:45:04.768 [TestNG-tests-1] INFO  utilities.UtilityCustomFunctions - Expected:3331117778
18:45:04.768 [TestNG-tests-1] INFO  utilities.UtilityCustomFunctions - Message:Detail View Number Field
18:45:05.963 [TestNG-tests-1] INFO  utilities.UtilityCustomFunctions - Actual:EditNewDataOOFS@gmail.com
18:45:05.963 [TestNG-tests-1] INFO  utilities.UtilityCustomFunctions - Expected:EditNewDataOOFS@gmail.com
18:45:05.963 [TestNG-tests-1] INFO  utilities.UtilityCustomFunctions - Message:Detail View Email
18:45:07.147 [TestNG-tests-1] INFO  utilities.UtilityCustomFunctions - Actual:Very good
18:45:07.147 [TestNG-tests-1] INFO  utilities.UtilityCustomFunctions - Expected:Very good
18:45:07.147 [TestNG-tests-1] INFO  utilities.UtilityCustomFunctions - Message:Detail View Menu Item
18:45:08.363 [TestNG-tests-1] INFO  utilities.UtilityCustomFunctions - Actual:7777777777
18:45:08.363 [TestNG-tests-1] INFO  utilities.UtilityCustomFunctions - Expected:7777777777
18:45:08.363 [TestNG-tests-1] INFO  utilities.UtilityCustomFunctions - Message:Detail View Enter Your Number
18:45:15.445 [TestNG-tests-1] INFO  utilities.UtilityCustomFunctions - Actual:CRMEditFieldModule
18:45:15.445 [TestNG-tests-1] INFO  utilities.UtilityCustomFunctions - Expected:CRMEditFieldModule
18:45:15.445 [TestNG-tests-1] INFO  utilities.UtilityCustomFunctions - Message:Module Name Title
18:45:16.627 [TestNG-tests-1] INFO  utilities.UtilityCustomFunctions - Actual:+91 6532158912
18:45:16.627 [TestNG-tests-1] INFO  utilities.UtilityCustomFunctions - Expected:+91 6532158912
18:45:16.627 [TestNG-tests-1] INFO  utilities.UtilityCustomFunctions - Message:Phone Number Title
18:45:17.796 [TestNG-tests-1] INFO  utilities.UtilityCustomFunctions - Actual:EditNewDataOOFS@gmail.com
18:45:17.796 [TestNG-tests-1] INFO  utilities.UtilityCustomFunctions - Expected:EditNewDataOOFS@gmail.com
18:45:17.796 [TestNG-tests-1] INFO  utilities.UtilityCustomFunctions - Message:Email Title
18:45:18.998 [TestNG-tests-1] INFO  utilities.UtilityCustomFunctions - Actual:Very good
18:45:18.998 [TestNG-tests-1] INFO  utilities.UtilityCustomFunctions - Expected:Very good
18:45:18.998 [TestNG-tests-1] INFO  utilities.UtilityCustomFunctions - Message:Piclist Value Title
18:45:39.274 [TestNG-tests-1] INFO  utilities.UtilityCustomFunctions - //ul[@class='select2-results__options']/li[contains(text(),'IT')]
18:45:41.113 [TestNG-tests-1] INFO  utilities.UtilityCustomFunctions - 159550 entered in  input
18:45:47.497 [TestNG-tests-1] INFO  utilities.UtilityCustomFunctions - table row Count:2
18:45:47.497 [TestNG-tests-1] INFO  utilities.UtilityCustomFunctions - After Edit with New Data : user 1 and AssignedTo:Rsoft ITNotification record count: 1
18:45:47.497 [TestNG-tests-1] INFO  utilities.UtilityCustomFunctions - Passed: Notification Not Received after Edit & Save New Record Add -Rsoft IT Record Id: 159550
18:45:49.146 [TestNG-tests-1] INFO  utilities.UtilityCustomFunctions - Actual:Rsoft IT
18:45:49.146 [TestNG-tests-1] INFO  utilities.UtilityCustomFunctions - Expected:Rsoft IT
18:45:49.147 [TestNG-tests-1] INFO  utilities.UtilityCustomFunctions - Message:AssignedTo Record Details
18:45:50.310 [TestNG-tests-1] INFO  utilities.UtilityCustomFunctions - Actual:0
18:45:50.310 [TestNG-tests-1] INFO  utilities.UtilityCustomFunctions - Expected:0
18:45:50.310 [TestNG-tests-1] INFO  utilities.UtilityCustomFunctions - Message:Status in Record Details
18:45:51.494 [TestNG-tests-1] INFO  utilities.UtilityCustomFunctions - Actual:Rsoft IT
18:45:51.494 [TestNG-tests-1] INFO  utilities.UtilityCustomFunctions - Expected:Rsoft IT
18:45:51.494 [TestNG-tests-1] INFO  utilities.UtilityCustomFunctions - Message:Created By in Record Details
18:45:52.696 [TestNG-tests-1] INFO  utilities.UtilityCustomFunctions - Actual: OOFS Notify 
18:45:52.696 [TestNG-tests-1] INFO  utilities.UtilityCustomFunctions - Expected:OOFS Notify
18:45:52.696 [TestNG-tests-1] INFO  utilities.UtilityCustomFunctions - Message:Summary in Record Details
18:45:53.895 [TestNG-tests-1] INFO  utilities.UtilityCustomFunctions - Actual:     TriggerNotifyOOFS     
18:45:53.895 [TestNG-tests-1] INFO  utilities.UtilityCustomFunctions - Expected:TriggerNotifyOOFS
18:45:53.895 [TestNG-tests-1] INFO  utilities.UtilityCustomFunctions - Message:Workflow Title in Record Details
18:45:55.060 [TestNG-tests-1] INFO  utilities.UtilityCustomFunctions - Actual:159550
18:45:55.060 [TestNG-tests-1] INFO  utilities.UtilityCustomFunctions - Expected:159550
18:45:55.060 [TestNG-tests-1] INFO  utilities.UtilityCustomFunctions - Message:Record Id in Record Details
18:46:10.622 [TestNG-tests-1] INFO  utilities.UtilityCustomFunctions - Header Toggle Already ON
18:46:13.598 [TestNG-tests-1] INFO  utilities.UtilityCustomFunctions - Actual:Rsoft IT
18:46:13.598 [TestNG-tests-1] INFO  utilities.UtilityCustomFunctions - Expected:Rsoft IT
18:46:13.598 [TestNG-tests-1] INFO  utilities.UtilityCustomFunctions - Message:Summary View Assigned To
18:46:14.794 [TestNG-tests-1] INFO  utilities.UtilityCustomFunctions - Actual:0
18:46:14.794 [TestNG-tests-1] INFO  utilities.UtilityCustomFunctions - Expected:0
18:46:14.794 [TestNG-tests-1] INFO  utilities.UtilityCustomFunctions - Message:Summary View Status
18:46:15.978 [TestNG-tests-1] INFO  utilities.UtilityCustomFunctions - Actual: OOFS Notify 
18:46:15.978 [TestNG-tests-1] INFO  utilities.UtilityCustomFunctions - Expected:OOFS Notify
18:46:15.978 [TestNG-tests-1] INFO  utilities.UtilityCustomFunctions - Message:Summary View User
18:46:17.195 [TestNG-tests-1] INFO  utilities.UtilityCustomFunctions - Actual:     TriggerNotifyOOFS     
18:46:17.195 [TestNG-tests-1] INFO  utilities.UtilityCustomFunctions - Expected:TriggerNotifyOOFS
18:46:17.195 [TestNG-tests-1] INFO  utilities.UtilityCustomFunctions - Message:Summary View Action Title
18:46:18.686 [TestNG-tests-1] INFO  utilities.UtilityCustomFunctions - Summary View Set ON
18:46:28.530 [TestNG-tests-1] INFO  utilities.UtilityCustomFunctions - Actual:Rsoft IT
18:46:28.530 [TestNG-tests-1] INFO  utilities.UtilityCustomFunctions - Expected:Rsoft IT
18:46:28.530 [TestNG-tests-1] INFO  utilities.UtilityCustomFunctions - Message:Detail View Assigned To
18:46:29.713 [TestNG-tests-1] INFO  utilities.UtilityCustomFunctions - Actual:0
18:46:29.713 [TestNG-tests-1] INFO  utilities.UtilityCustomFunctions - Expected:0
18:46:29.713 [TestNG-tests-1] INFO  utilities.UtilityCustomFunctions - Message:Detail View Status
18:46:30.913 [TestNG-tests-1] INFO  utilities.UtilityCustomFunctions - Actual: OOFS Notify 
18:46:30.913 [TestNG-tests-1] INFO  utilities.UtilityCustomFunctions - Expected:OOFS Notify
18:46:30.913 [TestNG-tests-1] INFO  utilities.UtilityCustomFunctions - Message:Detail View Summary
18:46:32.112 [TestNG-tests-1] INFO  utilities.UtilityCustomFunctions - Actual:     TriggerNotifyOOFS     
18:46:32.112 [TestNG-tests-1] INFO  utilities.UtilityCustomFunctions - Expected:TriggerNotifyOOFS
18:46:32.112 [TestNG-tests-1] INFO  utilities.UtilityCustomFunctions - Message:Detail View Action Title
18:46:33.313 [TestNG-tests-1] INFO  utilities.UtilityCustomFunctions - Actual:159550
18:46:33.313 [TestNG-tests-1] INFO  utilities.UtilityCustomFunctions - Expected:159550
18:46:33.313 [TestNG-tests-1] INFO  utilities.UtilityCustomFunctions - Message:Detail View Module Record Id
18:46:53.349 [TestNG-tests-1] INFO  utilities.UtilityCustomFunctions - //ul[@class='select2-results__options']/li[contains(text(),'Mohan')]
18:46:55.262 [TestNG-tests-1] INFO  utilities.UtilityCustomFunctions - 159550 entered in  input
18:47:01.611 [TestNG-tests-1] INFO  utilities.UtilityCustomFunctions - table row Count:2
18:47:01.611 [TestNG-tests-1] INFO  utilities.UtilityCustomFunctions - After Edit with New Data : user 1 and AssignedTo:Madhan MohanNotification record count: 1
18:47:01.611 [TestNG-tests-1] INFO  utilities.UtilityCustomFunctions - Passed: Notification Not Received after Edit & Save New Record Record Add -Madhan Mohan Record Id: 159550
18:47:03.246 [TestNG-tests-1] INFO  utilities.UtilityCustomFunctions - Actual:Madhan Mohan
18:47:03.246 [TestNG-tests-1] INFO  utilities.UtilityCustomFunctions - Expected:Madhan Mohan
18:47:03.246 [TestNG-tests-1] INFO  utilities.UtilityCustomFunctions - Message:AssignedTo Record Details
18:47:04.425 [TestNG-tests-1] INFO  utilities.UtilityCustomFunctions - Actual:0
18:47:04.425 [TestNG-tests-1] INFO  utilities.UtilityCustomFunctions - Expected:0
18:47:04.425 [TestNG-tests-1] INFO  utilities.UtilityCustomFunctions - Message:Status in Record Details
18:47:05.575 [TestNG-tests-1] INFO  utilities.UtilityCustomFunctions - Actual:Rsoft IT
18:47:05.575 [TestNG-tests-1] INFO  utilities.UtilityCustomFunctions - Expected:Rsoft IT
18:47:05.575 [TestNG-tests-1] INFO  utilities.UtilityCustomFunctions - Message:Created By in Record Details
18:47:06.743 [TestNG-tests-1] INFO  utilities.UtilityCustomFunctions - Actual: OOFS Notify 
18:47:06.743 [TestNG-tests-1] INFO  utilities.UtilityCustomFunctions - Expected:OOFS Notify
18:47:06.743 [TestNG-tests-1] INFO  utilities.UtilityCustomFunctions - Message:Summary in Record Details
18:47:07.909 [TestNG-tests-1] INFO  utilities.UtilityCustomFunctions - Actual:     TriggerNotifyOOFS     
18:47:07.909 [TestNG-tests-1] INFO  utilities.UtilityCustomFunctions - Expected:TriggerNotifyOOFS
18:47:07.909 [TestNG-tests-1] INFO  utilities.UtilityCustomFunctions - Message:Workflow Title in Record Details
18:47:09.111 [TestNG-tests-1] INFO  utilities.UtilityCustomFunctions - Actual:159550
18:47:09.111 [TestNG-tests-1] INFO  utilities.UtilityCustomFunctions - Expected:159550
18:47:09.111 [TestNG-tests-1] INFO  utilities.UtilityCustomFunctions - Message:Record Id in Record Details
18:47:24.746 [TestNG-tests-1] INFO  utilities.UtilityCustomFunctions - Header Toggle Already ON
18:47:27.710 [TestNG-tests-1] INFO  utilities.UtilityCustomFunctions - Actual:Madhan Mohan
18:47:27.710 [TestNG-tests-1] INFO  utilities.UtilityCustomFunctions - Expected:Madhan Mohan
18:47:27.710 [TestNG-tests-1] INFO  utilities.UtilityCustomFunctions - Message:Summary View Assigned To
18:47:28.894 [TestNG-tests-1] INFO  utilities.UtilityCustomFunctions - Actual:0
18:47:28.894 [TestNG-tests-1] INFO  utilities.UtilityCustomFunctions - Expected:0
18:47:28.894 [TestNG-tests-1] INFO  utilities.UtilityCustomFunctions - Message:Summary View Status
18:47:30.111 [TestNG-tests-1] INFO  utilities.UtilityCustomFunctions - Actual: OOFS Notify 
18:47:30.111 [TestNG-tests-1] INFO  utilities.UtilityCustomFunctions - Expected:OOFS Notify
18:47:30.111 [TestNG-tests-1] INFO  utilities.UtilityCustomFunctions - Message:Summary View User
18:47:31.314 [TestNG-tests-1] INFO  utilities.UtilityCustomFunctions - Actual:     TriggerNotifyOOFS     
18:47:31.314 [TestNG-tests-1] INFO  utilities.UtilityCustomFunctions - Expected:TriggerNotifyOOFS
18:47:31.314 [TestNG-tests-1] INFO  utilities.UtilityCustomFunctions - Message:Summary View Action Title
18:47:32.800 [TestNG-tests-1] INFO  utilities.UtilityCustomFunctions - Summary View Set ON
18:47:42.611 [TestNG-tests-1] INFO  utilities.UtilityCustomFunctions - Actual:Madhan Mohan
18:47:42.611 [TestNG-tests-1] INFO  utilities.UtilityCustomFunctions - Expected:Madhan Mohan
18:47:42.611 [TestNG-tests-1] INFO  utilities.UtilityCustomFunctions - Message:Detail View Assigned To
18:47:43.810 [TestNG-tests-1] INFO  utilities.UtilityCustomFunctions - Actual:0
18:47:43.810 [TestNG-tests-1] INFO  utilities.UtilityCustomFunctions - Expected:0
18:47:43.810 [TestNG-tests-1] INFO  utilities.UtilityCustomFunctions - Message:Detail View Status
18:47:44.979 [TestNG-tests-1] INFO  utilities.UtilityCustomFunctions - Actual: OOFS Notify 
18:47:44.979 [TestNG-tests-1] INFO  utilities.UtilityCustomFunctions - Expected:OOFS Notify
18:47:44.979 [TestNG-tests-1] INFO  utilities.UtilityCustomFunctions - Message:Detail View Summary
18:47:46.194 [TestNG-tests-1] INFO  utilities.UtilityCustomFunctions - Actual:     TriggerNotifyOOFS     
18:47:46.194 [TestNG-tests-1] INFO  utilities.UtilityCustomFunctions - Expected:TriggerNotifyOOFS
18:47:46.194 [TestNG-tests-1] INFO  utilities.UtilityCustomFunctions - Message:Detail View Action Title
18:47:47.394 [TestNG-tests-1] INFO  utilities.UtilityCustomFunctions - Actual:159550
18:47:47.394 [TestNG-tests-1] INFO  utilities.UtilityCustomFunctions - Expected:159550
18:47:47.394 [TestNG-tests-1] INFO  utilities.UtilityCustomFunctions - Message:Detail View Module Record Id
18:48:07.582 [TestNG-tests-1] INFO  utilities.UtilityCustomFunctions - //ul[@class='select2-results__options']/li[contains(text(),'Jones')]
18:48:09.414 [TestNG-tests-1] INFO  utilities.UtilityCustomFunctions - 159550 entered in  input
18:48:15.777 [TestNG-tests-1] INFO  utilities.UtilityCustomFunctions - table row Count:2
18:48:15.777 [TestNG-tests-1] INFO  utilities.UtilityCustomFunctions - After Edit with New Data : user 1 and AssignedTo:Indiana JonesNotification record count: 1
18:48:15.777 [TestNG-tests-1] INFO  utilities.UtilityCustomFunctions - Passed: Notification Not Received after Edit & Save Record Add -Indiana Jones Record Id: 159550
18:48:17.449 [TestNG-tests-1] INFO  utilities.UtilityCustomFunctions - Actual:Indiana Jones
18:48:17.449 [TestNG-tests-1] INFO  utilities.UtilityCustomFunctions - Expected:Indiana Jones
18:48:17.449 [TestNG-tests-1] INFO  utilities.UtilityCustomFunctions - Message:AssignedTo Record Details
18:48:18.625 [TestNG-tests-1] INFO  utilities.UtilityCustomFunctions - Actual:0
18:48:18.625 [TestNG-tests-1] INFO  utilities.UtilityCustomFunctions - Expected:0
18:48:18.625 [TestNG-tests-1] INFO  utilities.UtilityCustomFunctions - Message:Status in Record Details
18:48:19.805 [TestNG-tests-1] INFO  utilities.UtilityCustomFunctions - Actual:Rsoft IT
18:48:19.805 [TestNG-tests-1] INFO  utilities.UtilityCustomFunctions - Expected:Rsoft IT
18:48:19.805 [TestNG-tests-1] INFO  utilities.UtilityCustomFunctions - Message:Created By in Record Details
18:48:20.990 [TestNG-tests-1] INFO  utilities.UtilityCustomFunctions - Actual: OOFS Notify 
18:48:20.990 [TestNG-tests-1] INFO  utilities.UtilityCustomFunctions - Expected:OOFS Notify
18:48:20.990 [TestNG-tests-1] INFO  utilities.UtilityCustomFunctions - Message:Summary in Record Details
18:48:22.175 [TestNG-tests-1] INFO  utilities.UtilityCustomFunctions - Actual:     TriggerNotifyOOFS     
18:48:22.175 [TestNG-tests-1] INFO  utilities.UtilityCustomFunctions - Expected:TriggerNotifyOOFS
18:48:22.175 [TestNG-tests-1] INFO  utilities.UtilityCustomFunctions - Message:Workflow Title in Record Details
18:48:23.358 [TestNG-tests-1] INFO  utilities.UtilityCustomFunctions - Actual:159550
18:48:23.358 [TestNG-tests-1] INFO  utilities.UtilityCustomFunctions - Expected:159550
18:48:23.358 [TestNG-tests-1] INFO  utilities.UtilityCustomFunctions - Message:Record Id in Record Details
18:48:38.962 [TestNG-tests-1] INFO  utilities.UtilityCustomFunctions - Header Toggle Already ON
18:48:41.943 [TestNG-tests-1] INFO  utilities.UtilityCustomFunctions - Actual:Indiana Jones
18:48:41.943 [TestNG-tests-1] INFO  utilities.UtilityCustomFunctions - Expected:Indiana Jones
18:48:41.943 [TestNG-tests-1] INFO  utilities.UtilityCustomFunctions - Message:Summary View Assigned To
18:48:43.144 [TestNG-tests-1] INFO  utilities.UtilityCustomFunctions - Actual:0
18:48:43.144 [TestNG-tests-1] INFO  utilities.UtilityCustomFunctions - Expected:0
18:48:43.144 [TestNG-tests-1] INFO  utilities.UtilityCustomFunctions - Message:Summary View Status
18:48:44.361 [TestNG-tests-1] INFO  utilities.UtilityCustomFunctions - Actual: OOFS Notify 
18:48:44.361 [TestNG-tests-1] INFO  utilities.UtilityCustomFunctions - Expected:OOFS Notify
18:48:44.361 [TestNG-tests-1] INFO  utilities.UtilityCustomFunctions - Message:Summary View User
18:48:45.544 [TestNG-tests-1] INFO  utilities.UtilityCustomFunctions - Actual:     TriggerNotifyOOFS     
18:48:45.544 [TestNG-tests-1] INFO  utilities.UtilityCustomFunctions - Expected:TriggerNotifyOOFS
18:48:45.544 [TestNG-tests-1] INFO  utilities.UtilityCustomFunctions - Message:Summary View Action Title
18:48:46.997 [TestNG-tests-1] INFO  utilities.UtilityCustomFunctions - Summary View Set ON
18:48:57.059 [TestNG-tests-1] INFO  utilities.UtilityCustomFunctions - Actual:Indiana Jones
18:48:57.059 [TestNG-tests-1] INFO  utilities.UtilityCustomFunctions - Expected:Indiana Jones
18:48:57.059 [TestNG-tests-1] INFO  utilities.UtilityCustomFunctions - Message:Detail View Assigned To
18:48:58.263 [TestNG-tests-1] INFO  utilities.UtilityCustomFunctions - Actual:0
18:48:58.263 [TestNG-tests-1] INFO  utilities.UtilityCustomFunctions - Expected:0
18:48:58.263 [TestNG-tests-1] INFO  utilities.UtilityCustomFunctions - Message:Detail View Status
18:48:59.458 [TestNG-tests-1] INFO  utilities.UtilityCustomFunctions - Actual: OOFS Notify 
18:48:59.458 [TestNG-tests-1] INFO  utilities.UtilityCustomFunctions - Expected:OOFS Notify
18:48:59.458 [TestNG-tests-1] INFO  utilities.UtilityCustomFunctions - Message:Detail View Summary
18:49:00.658 [TestNG-tests-1] INFO  utilities.UtilityCustomFunctions - Actual:     TriggerNotifyOOFS     
18:49:00.658 [TestNG-tests-1] INFO  utilities.UtilityCustomFunctions - Expected:TriggerNotifyOOFS
18:49:00.658 [TestNG-tests-1] INFO  utilities.UtilityCustomFunctions - Message:Detail View Action Title
18:49:01.858 [TestNG-tests-1] INFO  utilities.UtilityCustomFunctions - Actual:159550
18:49:01.858 [TestNG-tests-1] INFO  utilities.UtilityCustomFunctions - Expected:159550
18:49:01.858 [TestNG-tests-1] INFO  utilities.UtilityCustomFunctions - Message:Detail View Module Record Id
18:49:09.883 [TestNG-tests-1] INFO  utilities.UtilityCustomFunctions - current ulr:https://rdot.in/public/login
18:49:09.883 [TestNG-tests-1] INFO  utilities.UtilityCustomFunctions - app ulr:https://rdot.in/public/login
18:49:12.323 [TestNG-tests-1] INFO  utilities.UtilityCustomFunctions - PRIYAN entered in  input
18:49:13.868 [TestNG-tests-1] INFO  utilities.UtilityCustomFunctions - Madhan entered in  input
18:49:15.394 [TestNG-tests-1] INFO  utilities.UtilityCustomFunctions - Automation@123 entered in  input
18:49:49.928 [TestNG-tests-1] INFO  utilities.UtilityCustomFunctions - //ul[@class='select2-results__options']/li[contains(text(),'Mohan')]
18:49:51.746 [TestNG-tests-1] INFO  utilities.UtilityCustomFunctions - 159550 entered in  input
18:49:58.126 [TestNG-tests-1] INFO  utilities.UtilityCustomFunctions - table row Count:2
18:49:58.126 [TestNG-tests-1] INFO  utilities.UtilityCustomFunctions - After Edit with New Data : user 2 and AssignedTo:Madhan MohanNotification record count: 1
18:49:58.126 [TestNG-tests-1] INFO  utilities.UtilityCustomFunctions - Passed: Notification Not Received after Edit & Save Record Add -Madhan Mohan Record Id: 159550
18:49:59.746 [TestNG-tests-1] INFO  utilities.UtilityCustomFunctions - Actual:Madhan Mohan
18:49:59.746 [TestNG-tests-1] INFO  utilities.UtilityCustomFunctions - Expected:Madhan Mohan
18:49:59.746 [TestNG-tests-1] INFO  utilities.UtilityCustomFunctions - Message:AssignedTo Record Details
18:50:00.939 [TestNG-tests-1] INFO  utilities.UtilityCustomFunctions - Actual:0
18:50:00.939 [TestNG-tests-1] INFO  utilities.UtilityCustomFunctions - Expected:0
18:50:00.939 [TestNG-tests-1] INFO  utilities.UtilityCustomFunctions - Message:Status in Record Details
18:50:02.140 [TestNG-tests-1] INFO  utilities.UtilityCustomFunctions - Actual:Rsoft IT
18:50:02.140 [TestNG-tests-1] INFO  utilities.UtilityCustomFunctions - Expected:Rsoft IT
18:50:02.140 [TestNG-tests-1] INFO  utilities.UtilityCustomFunctions - Message:Created By in Record Details
18:50:03.337 [TestNG-tests-1] INFO  utilities.UtilityCustomFunctions - Actual: OOFS Notify 
18:50:03.337 [TestNG-tests-1] INFO  utilities.UtilityCustomFunctions - Expected:OOFS Notify
18:50:03.337 [TestNG-tests-1] INFO  utilities.UtilityCustomFunctions - Message:Summary in Record Details
18:50:04.506 [TestNG-tests-1] INFO  utilities.UtilityCustomFunctions - Actual:     TriggerNotifyOOFS     
18:50:04.506 [TestNG-tests-1] INFO  utilities.UtilityCustomFunctions - Expected:TriggerNotifyOOFS
18:50:04.506 [TestNG-tests-1] INFO  utilities.UtilityCustomFunctions - Message:Workflow Title in Record Details
18:50:05.741 [TestNG-tests-1] INFO  utilities.UtilityCustomFunctions - Actual:159550
18:50:05.741 [TestNG-tests-1] INFO  utilities.UtilityCustomFunctions - Expected:159550
18:50:05.741 [TestNG-tests-1] INFO  utilities.UtilityCustomFunctions - Message:Record Id in Record Details
18:50:21.569 [TestNG-tests-1] INFO  utilities.UtilityCustomFunctions - Header Toggle Already ON
18:50:24.508 [TestNG-tests-1] INFO  utilities.UtilityCustomFunctions - Actual:Madhan Mohan
18:50:24.508 [TestNG-tests-1] INFO  utilities.UtilityCustomFunctions - Expected:Madhan Mohan
18:50:24.508 [TestNG-tests-1] INFO  utilities.UtilityCustomFunctions - Message:Summary View Assigned To
18:50:25.688 [TestNG-tests-1] INFO  utilities.UtilityCustomFunctions - Actual:0
18:50:25.688 [TestNG-tests-1] INFO  utilities.UtilityCustomFunctions - Expected:0
18:50:25.688 [TestNG-tests-1] INFO  utilities.UtilityCustomFunctions - Message:Summary View Status
18:50:26.856 [TestNG-tests-1] INFO  utilities.UtilityCustomFunctions - Actual: OOFS Notify 
18:50:26.856 [TestNG-tests-1] INFO  utilities.UtilityCustomFunctions - Expected:OOFS Notify
18:50:26.856 [TestNG-tests-1] INFO  utilities.UtilityCustomFunctions - Message:Summary View User
18:50:28.041 [TestNG-tests-1] INFO  utilities.UtilityCustomFunctions - Actual:     TriggerNotifyOOFS     
18:50:28.041 [TestNG-tests-1] INFO  utilities.UtilityCustomFunctions - Expected:TriggerNotifyOOFS
18:50:28.041 [TestNG-tests-1] INFO  utilities.UtilityCustomFunctions - Message:Summary View Action Title
18:50:29.436 [TestNG-tests-1] INFO  utilities.UtilityCustomFunctions - Summary View Set ON
18:50:39.458 [TestNG-tests-1] INFO  utilities.UtilityCustomFunctions - Actual:Madhan Mohan
18:50:39.458 [TestNG-tests-1] INFO  utilities.UtilityCustomFunctions - Expected:Madhan Mohan
18:50:39.458 [TestNG-tests-1] INFO  utilities.UtilityCustomFunctions - Message:Detail View Assigned To
18:50:40.623 [TestNG-tests-1] INFO  utilities.UtilityCustomFunctions - Actual:0
18:50:40.623 [TestNG-tests-1] INFO  utilities.UtilityCustomFunctions - Expected:0
18:50:40.623 [TestNG-tests-1] INFO  utilities.UtilityCustomFunctions - Message:Detail View Status
18:50:41.843 [TestNG-tests-1] INFO  utilities.UtilityCustomFunctions - Actual: OOFS Notify 
18:50:41.843 [TestNG-tests-1] INFO  utilities.UtilityCustomFunctions - Expected:OOFS Notify
18:50:41.843 [TestNG-tests-1] INFO  utilities.UtilityCustomFunctions - Message:Detail View Summary
18:50:43.006 [TestNG-tests-1] INFO  utilities.UtilityCustomFunctions - Actual:     TriggerNotifyOOFS     
18:50:43.006 [TestNG-tests-1] INFO  utilities.UtilityCustomFunctions - Expected:TriggerNotifyOOFS
18:50:43.006 [TestNG-tests-1] INFO  utilities.UtilityCustomFunctions - Message:Detail View Action Title
18:50:44.190 [TestNG-tests-1] INFO  utilities.UtilityCustomFunctions - Actual:159550
18:50:44.190 [TestNG-tests-1] INFO  utilities.UtilityCustomFunctions - Expected:159550
18:50:44.190 [TestNG-tests-1] INFO  utilities.UtilityCustomFunctions - Message:Detail View Module Record Id
18:50:57.620 [TestNG-tests-1] INFO  utilities.UtilityCustomFunctions - PRIYAN entered in  input
18:50:59.168 [TestNG-tests-1] INFO  utilities.UtilityCustomFunctions - Jones entered in  input
18:51:00.790 [TestNG-tests-1] INFO  utilities.UtilityCustomFunctions - Automation@123 entered in  input
18:51:32.100 [TestNG-tests-1] INFO  utilities.UtilityCustomFunctions - //ul[@class='select2-results__options']/li[contains(text(),'Jones')]
18:51:33.926 [TestNG-tests-1] INFO  utilities.UtilityCustomFunctions - 159550 entered in  input
18:51:40.240 [TestNG-tests-1] INFO  utilities.UtilityCustomFunctions - table row Count:2
18:51:40.240 [TestNG-tests-1] INFO  utilities.UtilityCustomFunctions - After Edit with New Data : user 3 and AssignedTo:Indiana JonesNotification record count: 1
18:51:40.240 [TestNG-tests-1] INFO  utilities.UtilityCustomFunctions - Passed: Notification Not Received after Edit & Save Record Add -Indiana Jones Record Id: 159550
18:51:41.877 [TestNG-tests-1] INFO  utilities.UtilityCustomFunctions - Actual:Indiana Jones
18:51:41.877 [TestNG-tests-1] INFO  utilities.UtilityCustomFunctions - Expected:Indiana Jones
18:51:41.877 [TestNG-tests-1] INFO  utilities.UtilityCustomFunctions - Message:AssignedTo Record Details
18:51:43.032 [TestNG-tests-1] INFO  utilities.UtilityCustomFunctions - Actual:0
18:51:43.032 [TestNG-tests-1] INFO  utilities.UtilityCustomFunctions - Expected:0
18:51:43.032 [TestNG-tests-1] INFO  utilities.UtilityCustomFunctions - Message:Status in Record Details
18:51:44.190 [TestNG-tests-1] INFO  utilities.UtilityCustomFunctions - Actual:Rsoft IT
18:51:44.190 [TestNG-tests-1] INFO  utilities.UtilityCustomFunctions - Expected:Rsoft IT
18:51:44.190 [TestNG-tests-1] INFO  utilities.UtilityCustomFunctions - Message:Created By in Record Details
18:51:45.354 [TestNG-tests-1] INFO  utilities.UtilityCustomFunctions - Actual: OOFS Notify 
18:51:45.354 [TestNG-tests-1] INFO  utilities.UtilityCustomFunctions - Expected:OOFS Notify
18:51:45.354 [TestNG-tests-1] INFO  utilities.UtilityCustomFunctions - Message:Summary in Record Details
18:51:46.522 [TestNG-tests-1] INFO  utilities.UtilityCustomFunctions - Actual:     TriggerNotifyOOFS     
18:51:46.522 [TestNG-tests-1] INFO  utilities.UtilityCustomFunctions - Expected:TriggerNotifyOOFS
18:51:46.522 [TestNG-tests-1] INFO  utilities.UtilityCustomFunctions - Message:Workflow Title in Record Details
18:51:47.674 [TestNG-tests-1] INFO  utilities.UtilityCustomFunctions - Actual:159550
18:51:47.674 [TestNG-tests-1] INFO  utilities.UtilityCustomFunctions - Expected:159550
18:51:47.674 [TestNG-tests-1] INFO  utilities.UtilityCustomFunctions - Message:Record Id in Record Details
18:52:03.620 [TestNG-tests-1] INFO  utilities.UtilityCustomFunctions - Header Toggle Already ON
18:52:06.591 [TestNG-tests-1] INFO  utilities.UtilityCustomFunctions - Actual:Indiana Jones
18:52:06.591 [TestNG-tests-1] INFO  utilities.UtilityCustomFunctions - Expected:Indiana Jones
18:52:06.591 [TestNG-tests-1] INFO  utilities.UtilityCustomFunctions - Message:Summary View Assigned To
18:52:07.770 [TestNG-tests-1] INFO  utilities.UtilityCustomFunctions - Actual:0
18:52:07.770 [TestNG-tests-1] INFO  utilities.UtilityCustomFunctions - Expected:0
18:52:07.770 [TestNG-tests-1] INFO  utilities.UtilityCustomFunctions - Message:Summary View Status
18:52:08.939 [TestNG-tests-1] INFO  utilities.UtilityCustomFunctions - Actual: OOFS Notify 
18:52:08.939 [TestNG-tests-1] INFO  utilities.UtilityCustomFunctions - Expected:OOFS Notify
18:52:08.939 [TestNG-tests-1] INFO  utilities.UtilityCustomFunctions - Message:Summary View User
18:52:10.139 [TestNG-tests-1] INFO  utilities.UtilityCustomFunctions - Actual:     TriggerNotifyOOFS     
18:52:10.139 [TestNG-tests-1] INFO  utilities.UtilityCustomFunctions - Expected:TriggerNotifyOOFS
18:52:10.139 [TestNG-tests-1] INFO  utilities.UtilityCustomFunctions - Message:Summary View Action Title
18:52:11.573 [TestNG-tests-1] INFO  utilities.UtilityCustomFunctions - Summary View Set ON
18:52:22.005 [TestNG-tests-1] INFO  utilities.UtilityCustomFunctions - Actual:Indiana Jones
18:52:22.005 [TestNG-tests-1] INFO  utilities.UtilityCustomFunctions - Expected:Indiana Jones
18:52:22.005 [TestNG-tests-1] INFO  utilities.UtilityCustomFunctions - Message:Detail View Assigned To
18:52:23.169 [TestNG-tests-1] INFO  utilities.UtilityCustomFunctions - Actual:0
18:52:23.169 [TestNG-tests-1] INFO  utilities.UtilityCustomFunctions - Expected:0
18:52:23.169 [TestNG-tests-1] INFO  utilities.UtilityCustomFunctions - Message:Detail View Status
18:52:24.324 [TestNG-tests-1] INFO  utilities.UtilityCustomFunctions - Actual: OOFS Notify 
18:52:24.324 [TestNG-tests-1] INFO  utilities.UtilityCustomFunctions - Expected:OOFS Notify
18:52:24.324 [TestNG-tests-1] INFO  utilities.UtilityCustomFunctions - Message:Detail View Summary
18:52:25.512 [TestNG-tests-1] INFO  utilities.UtilityCustomFunctions - Actual:     TriggerNotifyOOFS     
18:52:25.512 [TestNG-tests-1] INFO  utilities.UtilityCustomFunctions - Expected:TriggerNotifyOOFS
18:52:25.512 [TestNG-tests-1] INFO  utilities.UtilityCustomFunctions - Message:Detail View Action Title
18:52:26.670 [TestNG-tests-1] INFO  utilities.UtilityCustomFunctions - Actual:159550
18:52:26.670 [TestNG-tests-1] INFO  utilities.UtilityCustomFunctions - Expected:159550
18:52:26.670 [TestNG-tests-1] INFO  utilities.UtilityCustomFunctions - Message:Detail View Module Record Id
18:52:37.260 [TestNG-tests-1] INFO  utilities.UtilityCustomFunctions - PRIYAN entered in  input
18:52:38.760 [TestNG-tests-1] INFO  utilities.UtilityCustomFunctions - rsoft entered in  input
18:52:40.299 [TestNG-tests-1] INFO  utilities.UtilityCustomFunctions - RSoft!@345 entered in  input
18:52:50.601 [TestNG-tests-1] INFO  utilities.UtilityCustomFunctions - Before Single LIne Edit: Old Record Id: 159550 current record id 159550
18:53:19.504 [TestNG-tests-1] INFO  utilities.UtilityCustomFunctions - Header Toggle Already ON
18:53:31.789 [TestNG-tests-1] INFO  utilities.UtilityCustomFunctions - 1234567890 entered in  input
18:53:49.568 [TestNG-tests-1] INFO  utilities.UtilityCustomFunctions - after single line edit Old Record Id: 159550 current record id 159550
18:54:08.871 [TestNG-tests-1] INFO  utilities.UtilityCustomFunctions - //ul[@class='select2-results__options']/li[contains(text(),'IT')]
18:54:10.772 [TestNG-tests-1] INFO  utilities.UtilityCustomFunctions - 159550 entered in  input
18:54:17.154 [TestNG-tests-1] INFO  utilities.UtilityCustomFunctions - table row Count:2
18:54:17.154 [TestNG-tests-1] INFO  utilities.UtilityCustomFunctions - After Single Line Edit : user 1 and AssignedTo:Rsoft ITNotification record count: 1
18:54:17.154 [TestNG-tests-1] INFO  utilities.UtilityCustomFunctions - Passed: Notification Not Received after Single Line Edit Add -Rsoft IT Record Id: 159550
18:54:18.807 [TestNG-tests-1] INFO  utilities.UtilityCustomFunctions - Actual:Rsoft IT
18:54:18.807 [TestNG-tests-1] INFO  utilities.UtilityCustomFunctions - Expected:Rsoft IT
18:54:18.807 [TestNG-tests-1] INFO  utilities.UtilityCustomFunctions - Message:AssignedTo Record Details
18:54:19.970 [TestNG-tests-1] INFO  utilities.UtilityCustomFunctions - Actual:0
18:54:19.970 [TestNG-tests-1] INFO  utilities.UtilityCustomFunctions - Expected:0
18:54:19.970 [TestNG-tests-1] INFO  utilities.UtilityCustomFunctions - Message:Status in Record Details
18:54:21.138 [TestNG-tests-1] INFO  utilities.UtilityCustomFunctions - Actual:Rsoft IT
18:54:21.138 [TestNG-tests-1] INFO  utilities.UtilityCustomFunctions - Expected:Rsoft IT
18:54:21.138 [TestNG-tests-1] INFO  utilities.UtilityCustomFunctions - Message:Created By in Record Details
18:54:22.304 [TestNG-tests-1] INFO  utilities.UtilityCustomFunctions - Actual: OOFS Notify 
18:54:22.304 [TestNG-tests-1] INFO  utilities.UtilityCustomFunctions - Expected:OOFS Notify
18:54:22.304 [TestNG-tests-1] INFO  utilities.UtilityCustomFunctions - Message:Summary in Record Details
18:54:23.470 [TestNG-tests-1] INFO  utilities.UtilityCustomFunctions - Actual:     TriggerNotifyOOFS     
18:54:23.470 [TestNG-tests-1] INFO  utilities.UtilityCustomFunctions - Expected:TriggerNotifyOOFS
18:54:23.470 [TestNG-tests-1] INFO  utilities.UtilityCustomFunctions - Message:Workflow Title in Record Details
18:54:24.652 [TestNG-tests-1] INFO  utilities.UtilityCustomFunctions - Actual:159550
18:54:24.652 [TestNG-tests-1] INFO  utilities.UtilityCustomFunctions - Expected:159550
18:54:24.652 [TestNG-tests-1] INFO  utilities.UtilityCustomFunctions - Message:Record Id in Record Details
18:54:40.152 [TestNG-tests-1] INFO  utilities.UtilityCustomFunctions - Header Toggle Already ON
18:54:43.188 [TestNG-tests-1] INFO  utilities.UtilityCustomFunctions - Actual:Rsoft IT
18:54:43.188 [TestNG-tests-1] INFO  utilities.UtilityCustomFunctions - Expected:Rsoft IT
18:54:43.188 [TestNG-tests-1] INFO  utilities.UtilityCustomFunctions - Message:Summary View Assigned To
18:54:44.403 [TestNG-tests-1] INFO  utilities.UtilityCustomFunctions - Actual:0
18:54:44.403 [TestNG-tests-1] INFO  utilities.UtilityCustomFunctions - Expected:0
18:54:44.403 [TestNG-tests-1] INFO  utilities.UtilityCustomFunctions - Message:Summary View Status
18:54:45.604 [TestNG-tests-1] INFO  utilities.UtilityCustomFunctions - Actual: OOFS Notify 
18:54:45.604 [TestNG-tests-1] INFO  utilities.UtilityCustomFunctions - Expected:OOFS Notify
18:54:45.604 [TestNG-tests-1] INFO  utilities.UtilityCustomFunctions - Message:Summary View User
18:54:46.803 [TestNG-tests-1] INFO  utilities.UtilityCustomFunctions - Actual:     TriggerNotifyOOFS     
18:54:46.803 [TestNG-tests-1] INFO  utilities.UtilityCustomFunctions - Expected:TriggerNotifyOOFS
18:54:46.803 [TestNG-tests-1] INFO  utilities.UtilityCustomFunctions - Message:Summary View Action Title
18:54:48.280 [TestNG-tests-1] INFO  utilities.UtilityCustomFunctions - Summary View Set ON
18:54:58.319 [TestNG-tests-1] INFO  utilities.UtilityCustomFunctions - Actual:Rsoft IT
18:54:58.319 [TestNG-tests-1] INFO  utilities.UtilityCustomFunctions - Expected:Rsoft IT
18:54:58.319 [TestNG-tests-1] INFO  utilities.UtilityCustomFunctions - Message:Detail View Assigned To
18:54:59.521 [TestNG-tests-1] INFO  utilities.UtilityCustomFunctions - Actual:0
18:54:59.521 [TestNG-tests-1] INFO  utilities.UtilityCustomFunctions - Expected:0
18:54:59.521 [TestNG-tests-1] INFO  utilities.UtilityCustomFunctions - Message:Detail View Status
18:55:00.752 [TestNG-tests-1] INFO  utilities.UtilityCustomFunctions - Actual: OOFS Notify 
18:55:00.752 [TestNG-tests-1] INFO  utilities.UtilityCustomFunctions - Expected:OOFS Notify
18:55:00.752 [TestNG-tests-1] INFO  utilities.UtilityCustomFunctions - Message:Detail View Summary
18:55:01.953 [TestNG-tests-1] INFO  utilities.UtilityCustomFunctions - Actual:     TriggerNotifyOOFS     
18:55:01.953 [TestNG-tests-1] INFO  utilities.UtilityCustomFunctions - Expected:TriggerNotifyOOFS
18:55:01.953 [TestNG-tests-1] INFO  utilities.UtilityCustomFunctions - Message:Detail View Action Title
18:55:03.169 [TestNG-tests-1] INFO  utilities.UtilityCustomFunctions - Actual:159550
18:55:03.169 [TestNG-tests-1] INFO  utilities.UtilityCustomFunctions - Expected:159550
18:55:03.169 [TestNG-tests-1] INFO  utilities.UtilityCustomFunctions - Message:Detail View Module Record Id
18:55:23.418 [TestNG-tests-1] INFO  utilities.UtilityCustomFunctions - //ul[@class='select2-results__options']/li[contains(text(),'Mohan')]
18:55:25.291 [TestNG-tests-1] INFO  utilities.UtilityCustomFunctions - 159550 entered in  input
18:55:31.653 [TestNG-tests-1] INFO  utilities.UtilityCustomFunctions - table row Count:2
18:55:31.653 [TestNG-tests-1] INFO  utilities.UtilityCustomFunctions - After Single Line Edit : user 1 and AssignedTo:Madhan MohanNotification record count: 1
18:55:31.653 [TestNG-tests-1] INFO  utilities.UtilityCustomFunctions - Passed: Notification Not Received after Single Line Edit Record Add -Madhan Mohan Record Id: 159550
18:55:33.323 [TestNG-tests-1] INFO  utilities.UtilityCustomFunctions - Actual:Madhan Mohan
18:55:33.323 [TestNG-tests-1] INFO  utilities.UtilityCustomFunctions - Expected:Madhan Mohan
18:55:33.323 [TestNG-tests-1] INFO  utilities.UtilityCustomFunctions - Message:AssignedTo Record Details
18:55:34.501 [TestNG-tests-1] INFO  utilities.UtilityCustomFunctions - Actual:0
18:55:34.501 [TestNG-tests-1] INFO  utilities.UtilityCustomFunctions - Expected:0
18:55:34.501 [TestNG-tests-1] INFO  utilities.UtilityCustomFunctions - Message:Status in Record Details
18:55:35.686 [TestNG-tests-1] INFO  utilities.UtilityCustomFunctions - Actual:Rsoft IT
18:55:35.686 [TestNG-tests-1] INFO  utilities.UtilityCustomFunctions - Expected:Rsoft IT
18:55:35.686 [TestNG-tests-1] INFO  utilities.UtilityCustomFunctions - Message:Created By in Record Details
18:55:36.883 [TestNG-tests-1] INFO  utilities.UtilityCustomFunctions - Actual: OOFS Notify 
18:55:36.883 [TestNG-tests-1] INFO  utilities.UtilityCustomFunctions - Expected:OOFS Notify
18:55:36.883 [TestNG-tests-1] INFO  utilities.UtilityCustomFunctions - Message:Summary in Record Details
18:55:38.083 [TestNG-tests-1] INFO  utilities.UtilityCustomFunctions - Actual:     TriggerNotifyOOFS     
18:55:38.083 [TestNG-tests-1] INFO  utilities.UtilityCustomFunctions - Expected:TriggerNotifyOOFS
18:55:38.083 [TestNG-tests-1] INFO  utilities.UtilityCustomFunctions - Message:Workflow Title in Record Details
18:55:39.217 [TestNG-tests-1] INFO  utilities.UtilityCustomFunctions - Actual:159550
18:55:39.217 [TestNG-tests-1] INFO  utilities.UtilityCustomFunctions - Expected:159550
18:55:39.217 [TestNG-tests-1] INFO  utilities.UtilityCustomFunctions - Message:Record Id in Record Details
18:55:54.755 [TestNG-tests-1] INFO  utilities.UtilityCustomFunctions - Header Toggle Already ON
18:55:57.835 [TestNG-tests-1] INFO  utilities.UtilityCustomFunctions - Actual:Madhan Mohan
18:55:57.837 [TestNG-tests-1] INFO  utilities.UtilityCustomFunctions - Expected:Madhan Mohan
18:55:57.837 [TestNG-tests-1] INFO  utilities.UtilityCustomFunctions - Message:Summary View Assigned To
18:55:59.020 [TestNG-tests-1] INFO  utilities.UtilityCustomFunctions - Actual:0
18:55:59.020 [TestNG-tests-1] INFO  utilities.UtilityCustomFunctions - Expected:0
18:55:59.020 [TestNG-tests-1] INFO  utilities.UtilityCustomFunctions - Message:Summary View Status
18:56:00.219 [TestNG-tests-1] INFO  utilities.UtilityCustomFunctions - Actual: OOFS Notify 
