18:11:13.453 [main] INFO  testCases.TC005_WF5_Send_SMS_ETR_S - Action Type and Action Tile matches and also Task Button Enabled
18:11:13.510 [main] INFO  testCases.TC005_WF5_Send_SMS_ETR_S - Is Task Active: 2 : false
18:11:13.702 [main] INFO  testCases.TC005_WF5_Send_SMS_ETR_S - Retrieved Action Type:Send SMS
18:11:13.702 [main] INFO  testCases.TC005_WF5_Send_SMS_ETR_S - Retrieved Action Title:dummytask
18:11:13.702 [main] INFO  testCases.TC005_WF5_Send_SMS_ETR_S - Clicked Workflow and Navigated to Task Page
18:11:13.702 [main] INFO  testCases.TC005_WF5_Send_SMS_ETR_S - Task Active Send SMS  SMSTriiggerETRS
18:11:25.399 [main] INFO  testCases.TC005_WF5_Send_SMS_ETR_S - [CRMNotification] is selected in List
18:11:30.469 [main] INFO  testCases.TC005_WF5_Send_SMS_ETR_S - Excel file Utility instance created
18:11:30.506 [main] INFO  testCases.TC005_WF5_Send_SMS_ETR_S - Row Count is: 1
18:11:30.547 [main] INFO  testCases.TC005_WF5_Send_SMS_ETR_S - Col Count is: 52
18:11:30.547 [main] INFO  testCases.TC005_WF5_Send_SMS_ETR_S - Extracting DataSheet Values started...
18:11:32.418 [main] INFO  testCases.TC005_WF5_Send_SMS_ETR_S - Before Adding Module data
18:11:35.603 [main] INFO  testCases.TC005_WF5_Send_SMS_ETR_S - Assinged To Drop Down clicked
18:11:40.913 [main] INFO  testCases.TC005_WF5_Send_SMS_ETR_S - [Sudhakar VE] is selected in List
18:11:40.913 [main] INFO  testCases.TC005_WF5_Send_SMS_ETR_S - Assinged To Value Seleted is::  Sudhakar VE
18:11:42.558 [main] INFO  testCases.TC005_WF5_Send_SMS_ETR_S - Add New Text entered in  input
18:11:42.577 [main] INFO  testCases.TC005_WF5_Send_SMS_ETR_S - Text Value added is::  Add New Text
18:11:43.777 [main] INFO  testCases.TC005_WF5_Send_SMS_ETR_S - Phone NUmber prefix clicked :  
18:11:47.168 [main] INFO  testCases.TC005_WF5_Send_SMS_ETR_S - [+65] is selected in List
18:11:47.168 [main] INFO  testCases.TC005_WF5_Send_SMS_ETR_S - Phone NUmber selected is :  4689780043
18:11:48.936 [main] INFO  testCases.TC005_WF5_Send_SMS_ETR_S - 4689780043 entered in  input
18:11:51.605 [main] INFO  testCases.TC005_WF5_Send_SMS_ETR_S - AddNew@rsoft.in entered in  input
18:11:52.619 [main] INFO  testCases.TC005_WF5_Send_SMS_ETR_S - Email Added is: AddNew@rsoft.in
18:11:53.768 [main] INFO  testCases.TC005_WF5_Send_SMS_ETR_S - Picklist clicked
18:11:54.924 [main] INFO  testCases.TC005_WF5_Send_SMS_ETR_S - Picklist selected: 1
18:13:30.242 [main] INFO  testCases.TC005_WF5_Send_SMS_ETR_S - ******starting Send_SMS_ETR_S ****
18:13:30.250 [main] INFO  testCases.TC005_WF5_Send_SMS_ETR_S - Test Execution on Browser: chrome
18:13:30.250 [main] INFO  testCases.TC005_WF5_Send_SMS_ETR_S - Browser:chrome
18:13:30.253 [main] INFO  testCases.TC005_WF5_Send_SMS_ETR_S - Excel file Utility instance created
18:13:31.496 [main] INFO  testCases.TC005_WF5_Send_SMS_ETR_S - Row Count is: 1
18:13:31.721 [main] INFO  testCases.TC005_WF5_Send_SMS_ETR_S - Col Count is: 52
18:13:31.721 [main] INFO  testCases.TC005_WF5_Send_SMS_ETR_S - Extracting DataSheet Values started...
18:13:38.611 [main] INFO  testCases.TC005_WF5_Send_SMS_ETR_S - PN1:0926661357
18:13:38.611 [main] INFO  testCases.TC005_WF5_Send_SMS_ETR_S - PN2:2005406067
18:13:38.611 [main] INFO  testCases.TC005_WF5_Send_SMS_ETR_S - PN3:0789394880
18:13:38.611 [main] INFO  testCases.TC005_WF5_Send_SMS_ETR_S - PN4:3652586788
18:13:49.466 [main] INFO  testCases.TC005_WF5_Send_SMS_ETR_S - PRIYAN entered in  input
18:13:51.183 [main] INFO  testCases.TC005_WF5_Send_SMS_ETR_S - Sudhakar entered in  input
18:13:52.918 [main] INFO  testCases.TC005_WF5_Send_SMS_ETR_S - Automation@123 entered in  input
18:14:02.794 [main] INFO  testCases.TC005_WF5_Send_SMS_ETR_S - CRM Login Success with:Sudhakar
18:14:02.795 [main] INFO  testCases.TC005_WF5_Send_SMS_ETR_S - User: Sudhakar Passed : Actual Value is: Login SuccessExpected Value is: Login Success
18:14:10.517 [main] INFO  testCases.TC005_WF5_Send_SMS_ETR_S - Clicked Avatar
18:14:48.411 [main] INFO  testCases.TC005_WF5_Send_SMS_ETR_S - ******starting Send_SMS_ETR_S ****
18:14:48.421 [main] INFO  testCases.TC005_WF5_Send_SMS_ETR_S - Test Execution on Browser: chrome
18:14:48.421 [main] INFO  testCases.TC005_WF5_Send_SMS_ETR_S - Browser:chrome
18:14:48.425 [main] INFO  testCases.TC005_WF5_Send_SMS_ETR_S - Excel file Utility instance created
18:14:49.805 [main] INFO  testCases.TC005_WF5_Send_SMS_ETR_S - Row Count is: 1
18:14:50.202 [main] INFO  testCases.TC005_WF5_Send_SMS_ETR_S - Col Count is: 52
18:14:50.203 [main] INFO  testCases.TC005_WF5_Send_SMS_ETR_S - Extracting DataSheet Values started...
18:14:56.525 [main] INFO  testCases.TC005_WF5_Send_SMS_ETR_S - PN1:9646671460
18:14:56.525 [main] INFO  testCases.TC005_WF5_Send_SMS_ETR_S - PN2:4845866929
18:14:56.525 [main] INFO  testCases.TC005_WF5_Send_SMS_ETR_S - PN3:1499177741
18:14:56.525 [main] INFO  testCases.TC005_WF5_Send_SMS_ETR_S - PN4:6863444754
18:15:03.808 [main] INFO  testCases.TC005_WF5_Send_SMS_ETR_S - PRIYAN entered in  input
18:15:05.537 [main] INFO  testCases.TC005_WF5_Send_SMS_ETR_S - Sudhakar entered in  input
18:15:07.198 [main] INFO  testCases.TC005_WF5_Send_SMS_ETR_S - Automation@123 entered in  input
18:15:14.723 [main] INFO  testCases.TC005_WF5_Send_SMS_ETR_S - CRM Login Success with:Sudhakar
18:15:14.724 [main] INFO  testCases.TC005_WF5_Send_SMS_ETR_S - User: Sudhakar Passed : Actual Value is: Login SuccessExpected Value is: Login Success
18:15:31.406 [main] INFO  testCases.TC005_WF5_Send_SMS_ETR_S - [CRMNotification] is selected in List
18:15:39.165 [main] INFO  testCases.TC005_WF5_Send_SMS_ETR_S - Excel file Utility instance created
18:15:39.247 [main] INFO  testCases.TC005_WF5_Send_SMS_ETR_S - Row Count is: 1
18:15:39.285 [main] INFO  testCases.TC005_WF5_Send_SMS_ETR_S - Col Count is: 52
18:15:39.285 [main] INFO  testCases.TC005_WF5_Send_SMS_ETR_S - Extracting DataSheet Values started...
18:15:40.915 [main] INFO  testCases.TC005_WF5_Send_SMS_ETR_S - Before Adding Module data
18:15:44.120 [main] INFO  testCases.TC005_WF5_Send_SMS_ETR_S - Assinged To Drop Down clicked
18:15:49.464 [main] INFO  testCases.TC005_WF5_Send_SMS_ETR_S - [Sudhakar VE] is selected in List
18:15:49.464 [main] INFO  testCases.TC005_WF5_Send_SMS_ETR_S - Assinged To Value Seleted is::  Sudhakar VE
18:15:51.152 [main] INFO  testCases.TC005_WF5_Send_SMS_ETR_S - Add New Text entered in  input
18:15:51.165 [main] INFO  testCases.TC005_WF5_Send_SMS_ETR_S - Text Value added is::  Add New Text
18:15:52.334 [main] INFO  testCases.TC005_WF5_Send_SMS_ETR_S - Phone NUmber prefix clicked :  
18:15:55.737 [main] INFO  testCases.TC005_WF5_Send_SMS_ETR_S - [+65] is selected in List
18:15:55.737 [main] INFO  testCases.TC005_WF5_Send_SMS_ETR_S - Phone NUmber selected is :  9646671460
18:15:57.499 [main] INFO  testCases.TC005_WF5_Send_SMS_ETR_S - 9646671460 entered in  input
18:16:00.151 [main] INFO  testCases.TC005_WF5_Send_SMS_ETR_S - AddNew@rsoft.in entered in  input
18:16:01.182 [main] INFO  testCases.TC005_WF5_Send_SMS_ETR_S - Email Added is: AddNew@rsoft.in
18:16:02.348 [main] INFO  testCases.TC005_WF5_Send_SMS_ETR_S - Picklist clicked
18:16:03.487 [main] INFO  testCases.TC005_WF5_Send_SMS_ETR_S - Picklist selected: 1
18:16:15.454 [main] INFO  testCases.TC005_WF5_Send_SMS_ETR_S - MultiCombo box values: one
18:16:16.667 [main] INFO  testCases.TC005_WF5_Send_SMS_ETR_S - City Drop Down clicked
18:16:20.316 [main] INFO  testCases.TC005_WF5_Send_SMS_ETR_S - [Kanchipuram] is selected in List
18:16:20.316 [main] INFO  testCases.TC005_WF5_Send_SMS_ETR_S - City Selected: Kanchipuram
18:16:21.551 [main] INFO  testCases.TC005_WF5_Send_SMS_ETR_S - State Drop Down clicked
18:16:25.736 [main] INFO  testCases.TC005_WF5_Send_SMS_ETR_S - [Tamilnadu] is selected in List
18:16:25.736 [main] INFO  testCases.TC005_WF5_Send_SMS_ETR_S - State Selected: Tamilnadu
18:16:26.944 [main] INFO  testCases.TC005_WF5_Send_SMS_ETR_S - Country List clicked
18:16:30.340 [main] INFO  testCases.TC005_WF5_Send_SMS_ETR_S - [India] is selected in List
18:16:30.340 [main] INFO  testCases.TC005_WF5_Send_SMS_ETR_S - Country Selected: India
18:16:31.580 [main] INFO  testCases.TC005_WF5_Send_SMS_ETR_S - Checkbox clicked
18:16:31.750 [main] INFO  testCases.TC005_WF5_Send_SMS_ETR_S - DateBox clicked
18:16:34.764 [main] INFO  testCases.TC005_WF5_Send_SMS_ETR_S - (//td[contains(@class,'today')])[1]
18:16:36.050 [main] INFO  testCases.TC005_WF5_Send_SMS_ETR_S - Today Date Selected
18:16:37.264 [main] INFO  testCases.TC005_WF5_Send_SMS_ETR_S - Time Clicked
18:16:43.946 [main] INFO  testCases.TC005_WF5_Send_SMS_ETR_S - Time Selected is: 02:36 PM
18:16:45.147 [main] INFO  testCases.TC005_WF5_Send_SMS_ETR_S - Date & Time Clicked
18:16:50.162 [main] INFO  testCases.TC005_WF5_Send_SMS_ETR_S - (//td[contains(@class,'today')])[2]
18:16:53.359 [main] INFO  testCases.TC005_WF5_Send_SMS_ETR_S - Clicked Current Date in Date&Time
18:16:53.563 [main] INFO  testCases.TC005_WF5_Send_SMS_ETR_S - Date & Time Selected
18:16:55.780 [main] INFO  testCases.TC005_WF5_Send_SMS_ETR_S - 444444444 entered in  input
18:17:50.663 [main] INFO  testCases.TC005_WF5_Send_SMS_ETR_S - [Mrs.] is selected in List
18:17:52.232 [main] INFO  testCases.TC005_WF5_Send_SMS_ETR_S - Steven entered in  input
18:17:53.986 [main] INFO  testCases.TC005_WF5_Send_SMS_ETR_S - 11111111111 entered in  input
18:17:55.445 [main] INFO  testCases.TC005_WF5_Send_SMS_ETR_S - 10,000 entered in  input
18:17:57.182 [main] INFO  testCases.TC005_WF5_Send_SMS_ETR_S - http://www.google.com/ entered in  input
18:18:00.801 [main] INFO  testCases.TC005_WF5_Send_SMS_ETR_S - [Dr.] is selected in List
18:18:02.395 [main] INFO  testCases.TC005_WF5_Send_SMS_ETR_S - Annie entered in  input
18:18:04.233 [main] INFO  testCases.TC005_WF5_Send_SMS_ETR_S - AddNewEnquiry@gmail.com entered in  input
18:18:05.978 [main] INFO  testCases.TC005_WF5_Send_SMS_ETR_S - Enquiry about Chatbot entered in  input
18:18:13.778 [main] INFO  testCases.TC005_WF5_Send_SMS_ETR_S - RSoft World-Class CRM Software (Customer Relationship Management) solution has been helping all kinds of small and medium businesses to organise, automate and improve their business. Our 15+ years of experience in Sales and Marketing. RSoft makes your business run transparently and intelligently which projects your brand image and win your customers satisfaction. RSoft is way ahead of other CRM's with its new generation features. entered in  textarea
18:18:16.946 [main] INFO  testCases.TC005_WF5_Send_SMS_ETR_S - (//td[contains(@class,'today')])[2]
18:18:23.083 [main] INFO  testCases.TC005_WF5_Send_SMS_ETR_S - [+60] is selected in List
18:18:25.833 [main] INFO  testCases.TC005_WF5_Send_SMS_ETR_S - 4845866929 entered in  input
18:18:29.655 [main] INFO  testCases.TC005_WF5_Send_SMS_ETR_S - [Ordinary] is selected in List
18:18:35.263 [main] INFO  testCases.TC005_WF5_Send_SMS_ETR_S - [+91] is selected in List
18:18:37.994 [main] INFO  testCases.TC005_WF5_Send_SMS_ETR_S - 1499177741 entered in  input
18:18:39.804 [main] INFO  testCases.TC005_WF5_Send_SMS_ETR_S - AddNewLead@gmail.com entered in  input
18:18:41.564 [main] INFO  testCases.TC005_WF5_Send_SMS_ETR_S - Lead about Chatbot entered in  input
18:18:46.179 [main] INFO  testCases.TC005_WF5_Send_SMS_ETR_S - [+60] is selected in List
18:18:49.033 [main] INFO  testCases.TC005_WF5_Send_SMS_ETR_S - 6863444754 entered in  input
18:18:50.792 [main] INFO  testCases.TC005_WF5_Send_SMS_ETR_S - AddNewSales@gmail.com entered in  input
18:19:08.078 [main] INFO  testCases.TC005_WF5_Send_SMS_ETR_S - Excel file Utility instance created
18:19:08.126 [main] INFO  testCases.TC005_WF5_Send_SMS_ETR_S - Row Count is: 1
18:19:08.174 [main] INFO  testCases.TC005_WF5_Send_SMS_ETR_S - Col Count is: 52
18:19:08.174 [main] INFO  testCases.TC005_WF5_Send_SMS_ETR_S - Extracting DataSheet Values started...
18:19:09.993 [main] INFO  testCases.TC005_WF5_Send_SMS_ETR_S - Module Name : Add Direct Entry Module Data Passed : Actual Value is: CRMNotificationExpected Value is: CRMNotification
18:19:11.528 [main] INFO  testCases.TC005_WF5_Send_SMS_ETR_S - Summary Text:  Add Direct Entry Module Data Passed : Actual Value is: Add New TextExpected Value is: Add New Text
18:19:12.777 [main] INFO  testCases.TC005_WF5_Send_SMS_ETR_S - Mobile Title: Add Direct Entry Module Data Passed : Actual Value is: +65 9646671460Expected Value is: +65 9646671460
18:19:14.044 [main] INFO  testCases.TC005_WF5_Send_SMS_ETR_S - Email: Add Direct Entry Module Data Passed : Actual Value is: AddNew@rsoft.inExpected Value is: AddNew@rsoft.in
18:19:20.736 [main] INFO  testCases.TC005_WF5_Send_SMS_ETR_S - Summary AssignedTo:  Add Direct Entry Module Data Passed : Actual Value is: Sudhakar VEExpected Value is: Sudhakar VE
18:19:22.082 [main] INFO  testCases.TC005_WF5_Send_SMS_ETR_S - Summary Text:  Add Direct Entry Module Data Passed : Actual Value is: Add New TextExpected Value is: Add New Text
18:19:23.489 [main] INFO  testCases.TC005_WF5_Send_SMS_ETR_S - Summary Mobile Number:  Add Direct Entry Module Data Passed : Actual Value is: +65 9646671460Expected Value is: +65 9646671460
18:19:24.853 [main] INFO  testCases.TC005_WF5_Send_SMS_ETR_S - Summary Email :  Add Direct Entry Module Data Passed : Actual Value is: AddNew@rsoft.inExpected Value is: AddNew@rsoft.in
18:19:26.248 [main] INFO  testCases.TC005_WF5_Send_SMS_ETR_S - Summary PicListValue :  Add Direct Entry Module Data Passed : Actual Value is: 1Expected Value is: 1
18:19:27.632 [main] INFO  testCases.TC005_WF5_Send_SMS_ETR_S - Summary MuultiCombo Values :  Add Direct Entry Module Data Passed : Actual Value is: oneExpected Value is: one
18:19:28.961 [main] INFO  testCases.TC005_WF5_Send_SMS_ETR_S - Summary City:  Add Direct Entry Module Data Passed : Actual Value is: KanchipuramExpected Value is: Kanchipuram
18:19:30.312 [main] INFO  testCases.TC005_WF5_Send_SMS_ETR_S - Summary State:  Add Direct Entry Module Data Passed : Actual Value is: TamilnaduExpected Value is: Tamilnadu
18:19:31.730 [main] INFO  testCases.TC005_WF5_Send_SMS_ETR_S - Summary Country:  Add Direct Entry Module Data Passed : Actual Value is: IndiaExpected Value is: India
18:19:33.097 [main] INFO  testCases.TC005_WF5_Send_SMS_ETR_S - Summary CheckBox:  Add Direct Entry Module Data Passed : Actual Value is: YesExpected Value is: Yes
18:19:34.464 [main] INFO  testCases.TC005_WF5_Send_SMS_ETR_S - Summary Date:  Add Direct Entry Module Data Passed : Actual Value is: 2024-01-05Expected Value is: 2024-01-05
18:19:35.846 [main] INFO  testCases.TC005_WF5_Send_SMS_ETR_S - Summary Time:  Add Direct Entry Module Data Passed : Actual Value is: 02:35PMExpected Value is: 02:35PM
18:19:37.181 [main] INFO  testCases.TC005_WF5_Send_SMS_ETR_S - Summary Date & Time :  Add Direct Entry Module Data Passed : Actual Value is: 2024-01-05 06:00 PMExpected Value is: 2024-01-05 06:00 PM
18:19:38.583 [main] INFO  testCases.TC005_WF5_Send_SMS_ETR_S - Summary File Upload :  Add Direct Entry Module Data Passed : Actual Value is: annie-sprattExpected Value is: annie-spratt
18:19:39.972 [main] INFO  testCases.TC005_WF5_Send_SMS_ETR_S - Summary Name:  Add Direct Entry Module Data Passed : Actual Value is: Mrs. StevenExpected Value is: Mrs. Steven
18:19:41.312 [main] INFO  testCases.TC005_WF5_Send_SMS_ETR_S - Summary Number:  Add Direct Entry Module Data Passed : Actual Value is: 11111111111Expected Value is: 11111111111
18:19:42.645 [main] INFO  testCases.TC005_WF5_Send_SMS_ETR_S - Summary Currency:  Add Direct Entry Module Data Failed : Actual Value is: 10000Expected Value is: 10,000
18:19:44.691 [main] INFO  testCases.TC005_WF5_Send_SMS_ETR_S - Summary Url:  Add Direct Entry Module Data Passed : Actual Value is: http://www.google.com/Expected Value is: http://www.google.com/
18:19:46.102 [main] INFO  testCases.TC005_WF5_Send_SMS_ETR_S - Summary Enquiry Name:  Add Direct Entry Module Data Passed : Actual Value is: Dr. AnnieExpected Value is: Dr. Annie
18:19:47.491 [main] INFO  testCases.TC005_WF5_Send_SMS_ETR_S - Summary Enquiry Email:  Add Direct Entry Module Data Passed : Actual Value is: AddNewEnquiry@gmail.comExpected Value is: AddNewEnquiry@gmail.com
18:19:48.891 [main] INFO  testCases.TC005_WF5_Send_SMS_ETR_S - Summary Enquiry Text:  Add Direct Entry Module Data Passed : Actual Value is: Enquiry about ChatbotExpected Value is: Enquiry about Chatbot
18:19:50.242 [main] INFO  testCases.TC005_WF5_Send_SMS_ETR_S - Summary Enquiry Text Area:  Add Direct Entry Module Data Passed : Actual Value is: RSoft World-Class CRM Software (Customer Relationship Management) solution has been helping all kinds of small and medium businesses to organise, automate and improve their business. Our 15+ years of experience in Sales and Marketing. RSoft makes your business run transparently and intelligently which projects your brand image and win your customers satisfaction. RSoft is way ahead of other CRM's with its new generation features.Expected Value is: RSoft World-Class CRM Software (Customer Relationship Management) solution has been helping all kinds of small and medium businesses to organise, automate and improve their business. Our 15+ years of experience in Sales and Marketing. RSoft makes your business run transparently and intelligently which projects your brand image and win your customers satisfaction. RSoft is way ahead of other CRM's with its new generation features.
18:19:51.594 [main] INFO  testCases.TC005_WF5_Send_SMS_ETR_S - Summary Enquiry Date:  Add Direct Entry Module Data Passed : Actual Value is: 2024-01-05Expected Value is: 2024-01-05
18:19:52.995 [main] INFO  testCases.TC005_WF5_Send_SMS_ETR_S - Summary Enquiry Phone Number:  Add Direct Entry Module Data Passed : Actual Value is: +60 4845866929Expected Value is: +60 4845866929
18:19:54.340 [main] INFO  testCases.TC005_WF5_Send_SMS_ETR_S - Summary Enquiry Category:  Add Direct Entry Module Data Passed : Actual Value is: OrdinaryExpected Value is: Ordinary
18:19:55.750 [main] INFO  testCases.TC005_WF5_Send_SMS_ETR_S - Summary Lead PhoneNumber:  Add Direct Entry Module Data Passed : Actual Value is: +91 1499177741Expected Value is: +91 1499177741
18:19:57.089 [main] INFO  testCases.TC005_WF5_Send_SMS_ETR_S - Summary Lead Email:  Add Direct Entry Module Data Passed : Actual Value is: AddNewLead@gmail.comExpected Value is: AddNewLead@gmail.com
18:19:58.474 [main] INFO  testCases.TC005_WF5_Send_SMS_ETR_S - Summary Lead Text:  Add Direct Entry Module Data Passed : Actual Value is: Lead about ChatbotExpected Value is: Lead about Chatbot
18:19:59.872 [main] INFO  testCases.TC005_WF5_Send_SMS_ETR_S - Summary Sales PhoneNumber:  Add Direct Entry Module Data Passed : Actual Value is: +60 6863444754Expected Value is: +60 6863444754
18:20:01.257 [main] INFO  testCases.TC005_WF5_Send_SMS_ETR_S - Summary Sales Email:  Add Direct Entry Module Data Passed : Actual Value is: AddNewSales@gmail.comExpected Value is: AddNewSales@gmail.com
18:20:05.909 [main] INFO  testCases.TC005_WF5_Send_SMS_ETR_S - Detail View AssignedTo:  Add Direct Entry Module Data Passed : Actual Value is: Sudhakar VEExpected Value is: Sudhakar VE
18:20:07.259 [main] INFO  testCases.TC005_WF5_Send_SMS_ETR_S - Detail View Text:  Add Direct Entry Module Data Passed : Actual Value is: Add New TextExpected Value is: Add New Text
18:20:08.634 [main] INFO  testCases.TC005_WF5_Send_SMS_ETR_S - Detail View Mobile Number:  Add Direct Entry Module Data Passed : Actual Value is: +65 9646671460Expected Value is: +65 9646671460
18:20:09.990 [main] INFO  testCases.TC005_WF5_Send_SMS_ETR_S - Detail View Email :  Add Direct Entry Module Data Passed : Actual Value is: AddNew@rsoft.inExpected Value is: AddNew@rsoft.in
18:20:11.379 [main] INFO  testCases.TC005_WF5_Send_SMS_ETR_S - Detail View PicListValue :  Add Direct Entry Module Data Passed : Actual Value is: 1Expected Value is: 1
18:20:12.755 [main] INFO  testCases.TC005_WF5_Send_SMS_ETR_S - Detail View MuultiCombo Values :  Add Direct Entry Module Data Passed : Actual Value is: oneExpected Value is: one
18:20:14.157 [main] INFO  testCases.TC005_WF5_Send_SMS_ETR_S - Detail View City:  Add Direct Entry Module Data Passed : Actual Value is: KanchipuramExpected Value is: Kanchipuram
18:20:15.523 [main] INFO  testCases.TC005_WF5_Send_SMS_ETR_S - Detail View Stat:  Add Direct Entry Module Data Passed : Actual Value is: TamilnaduExpected Value is: Tamilnadu
18:20:16.907 [main] INFO  testCases.TC005_WF5_Send_SMS_ETR_S - Detail View Country:  Add Direct Entry Module Data Passed : Actual Value is: IndiaExpected Value is: India
18:20:18.256 [main] INFO  testCases.TC005_WF5_Send_SMS_ETR_S - Detail View CheckBox:  Add Direct Entry Module Data Passed : Actual Value is: YesExpected Value is: Yes
18:20:19.642 [main] INFO  testCases.TC005_WF5_Send_SMS_ETR_S - Detail View Date:  Add Direct Entry Module Data Passed : Actual Value is: 2024-01-05Expected Value is: 2024-01-05
18:20:21.024 [main] INFO  testCases.TC005_WF5_Send_SMS_ETR_S - Detail View Time:  Add Direct Entry Module Data Failed : Actual Value is: 02:35 PMExpected Value is: 02:35PM
18:20:22.373 [main] INFO  testCases.TC005_WF5_Send_SMS_ETR_S - Detail View Date & Time :  Add Direct Entry Module Data Passed : Actual Value is: 2024-01-05 06:00 PMExpected Value is: 2024-01-05 06:00 PM
18:20:23.741 [main] INFO  testCases.TC005_WF5_Send_SMS_ETR_S - Detail View Related Module :  Add Direct Entry Module Data Failed : Actual Value is: Expected Value is: 444444444
18:20:25.189 [main] INFO  testCases.TC005_WF5_Send_SMS_ETR_S - Detail View File Upload :  Add Direct Entry Module Data Passed : Actual Value is: annie-sprattExpected Value is: annie-spratt
18:20:26.524 [main] INFO  testCases.TC005_WF5_Send_SMS_ETR_S - Detail View Name:  Add Direct Entry Module Data Passed : Actual Value is: Mrs. StevenExpected Value is: Mrs. Steven
18:20:27.880 [main] INFO  testCases.TC005_WF5_Send_SMS_ETR_S - Detail View Number:  Add Direct Entry Module Data Passed : Actual Value is: 11111111111Expected Value is: 11111111111
18:20:29.240 [main] INFO  testCases.TC005_WF5_Send_SMS_ETR_S - Detail View Currency:  Add Direct Entry Module Data Failed : Actual Value is: 10000Expected Value is: 10,000
18:20:30.521 [main] INFO  testCases.TC005_WF5_Send_SMS_ETR_S - Detail View Url:  Add Direct Entry Module Data Passed : Actual Value is: http://www.google.com/Expected Value is: http://www.google.com/
18:20:31.911 [main] INFO  testCases.TC005_WF5_Send_SMS_ETR_S - Detail View Enquiry Name:  Add Direct Entry Module Data Passed : Actual Value is: Dr. AnnieExpected Value is: Dr. Annie
18:20:33.324 [main] INFO  testCases.TC005_WF5_Send_SMS_ETR_S - Detail View Enquiry Email:  Add Direct Entry Module Data Passed : Actual Value is: AddNewEnquiry@gmail.comExpected Value is: AddNewEnquiry@gmail.com
18:20:34.756 [main] INFO  testCases.TC005_WF5_Send_SMS_ETR_S - Detail View Enquiry Text:  Add Direct Entry Module Data Passed : Actual Value is: Enquiry about ChatbotExpected Value is: Enquiry about Chatbot
18:20:36.155 [main] INFO  testCases.TC005_WF5_Send_SMS_ETR_S - Detail View Enquiry Text Area:  Add Direct Entry Module Data Passed : Actual Value is: RSoft World-Class CRM Software (Customer Relationship Management) solution has been helping all kinds of small and medium businesses to organise, automate and improve their business. Our 15+ years of experience in Sales and Marketing. RSoft makes your business run transparently and intelligently which projects your brand image and win your customers satisfaction. RSoft is way ahead of other CRM's with its new generation features.Expected Value is: RSoft World-Class CRM Software (Customer Relationship Management) solution has been helping all kinds of small and medium businesses to organise, automate and improve their business. Our 15+ years of experience in Sales and Marketing. RSoft makes your business run transparently and intelligently which projects your brand image and win your customers satisfaction. RSoft is way ahead of other CRM's with its new generation features.
18:20:37.475 [main] INFO  testCases.TC005_WF5_Send_SMS_ETR_S - Detail View Enquiry Date:  Add Direct Entry Module Data Passed : Actual Value is: 2024-01-05Expected Value is: 2024-01-05
18:20:38.856 [main] INFO  testCases.TC005_WF5_Send_SMS_ETR_S - Detail View Enquiry Phone Number:  Add Direct Entry Module Data Passed : Actual Value is: +60 4845866929Expected Value is: +60 4845866929
18:20:40.239 [main] INFO  testCases.TC005_WF5_Send_SMS_ETR_S - Detail View Enquiry Category:  Add Direct Entry Module Data Passed : Actual Value is: OrdinaryExpected Value is: Ordinary
18:20:41.588 [main] INFO  testCases.TC005_WF5_Send_SMS_ETR_S - DT Lead Mobile Number:  Add Direct Entry Module Data Passed : Actual Value is: +91 1499177741Expected Value is: +91 1499177741
18:20:42.955 [main] INFO  testCases.TC005_WF5_Send_SMS_ETR_S - DT View Lead Email  Add Direct Entry Module Data Passed : Actual Value is: AddNewLead@gmail.comExpected Value is: AddNewLead@gmail.com
18:20:44.323 [main] INFO  testCases.TC005_WF5_Send_SMS_ETR_S - DT View Lead Text Add Direct Entry Module Data Passed : Actual Value is: Lead about ChatbotExpected Value is: Lead about Chatbot
18:20:45.671 [main] INFO  testCases.TC005_WF5_Send_SMS_ETR_S - DT Sales Mobile Number:  Add Direct Entry Module Data Passed : Actual Value is: +60 6863444754Expected Value is: +60 6863444754
18:20:47.055 [main] INFO  testCases.TC005_WF5_Send_SMS_ETR_S - DT View Sales EmailAdd Direct Entry Module Data Passed : Actual Value is: AddNewSales@gmail.comExpected Value is: AddNewSales@gmail.com
18:20:57.547 [main] INFO  testCases.TC005_WF5_Send_SMS_ETR_S - [SMS Notifiers] is selected in List
18:21:02.223 [main] INFO  testCases.TC005_WF5_Send_SMS_ETR_S - 9646671460 entered in  input
18:21:07.622 [main] INFO  testCases.TC005_WF5_Send_SMS_ETR_S - SMS Count:2
18:21:07.622 [main] INFO  testCases.TC005_WF5_Send_SMS_ETR_S - Passed: SMS Received after New Record Add -9646671460
18:21:08.939 [main] INFO  testCases.TC005_WF5_Send_SMS_ETR_S - Passed: SMS Received after New Record Add -9646671460
18:21:13.593 [main] INFO  testCases.TC005_WF5_Send_SMS_ETR_S - 4845866929 entered in  input
18:21:18.906 [main] INFO  testCases.TC005_WF5_Send_SMS_ETR_S - SMS Count:2
18:21:18.906 [main] INFO  testCases.TC005_WF5_Send_SMS_ETR_S - Passed: SMS Received after New Record Add -4845866929
18:21:20.186 [main] INFO  testCases.TC005_WF5_Send_SMS_ETR_S - Passed: SMS Received after New Record Add -4845866929
18:21:24.809 [main] INFO  testCases.TC005_WF5_Send_SMS_ETR_S - 1499177741 entered in  input
18:21:30.355 [main] INFO  testCases.TC005_WF5_Send_SMS_ETR_S - SMS Count:2
18:21:30.355 [main] INFO  testCases.TC005_WF5_Send_SMS_ETR_S - Passed: SMS Received after New Record Add -1499177741
18:21:31.687 [main] INFO  testCases.TC005_WF5_Send_SMS_ETR_S - Passed: SMS Received after New Record Add -1499177741
18:21:41.502 [main] INFO  testCases.TC005_WF5_Send_SMS_ETR_S - [CRMNotification] is selected in List
18:21:52.401 [main] INFO  testCases.TC005_WF5_Send_SMS_ETR_S - Excel file Utility instance created
18:21:52.420 [main] INFO  testCases.TC005_WF5_Send_SMS_ETR_S - Row Count is: 1
18:21:52.452 [main] INFO  testCases.TC005_WF5_Send_SMS_ETR_S - Col Count is: 52
18:21:52.452 [main] INFO  testCases.TC005_WF5_Send_SMS_ETR_S - Extracting DataSheet Values started...
18:21:53.571 [main] INFO  testCases.TC005_WF5_Send_SMS_ETR_S - Before Adding Module data
18:21:56.748 [main] INFO  testCases.TC005_WF5_Send_SMS_ETR_S - Assinged To Drop Down clicked
18:22:02.121 [main] INFO  testCases.TC005_WF5_Send_SMS_ETR_S - [Sudhakar VE] is selected in List
18:22:02.121 [main] INFO  testCases.TC005_WF5_Send_SMS_ETR_S - Assinged To Value Seleted is::  Sudhakar VE
18:22:03.804 [main] INFO  testCases.TC005_WF5_Send_SMS_ETR_S - Summary Add Text entered in  input
18:22:03.822 [main] INFO  testCases.TC005_WF5_Send_SMS_ETR_S - Text Value added is::  Summary Add Text
18:22:04.995 [main] INFO  testCases.TC005_WF5_Send_SMS_ETR_S - Phone NUmber prefix clicked :  
18:22:08.374 [main] INFO  testCases.TC005_WF5_Send_SMS_ETR_S - [+65] is selected in List
18:22:08.374 [main] INFO  testCases.TC005_WF5_Send_SMS_ETR_S - Phone NUmber selected is :  9646671460
18:22:10.020 [main] INFO  testCases.TC005_WF5_Send_SMS_ETR_S - 9646671460 entered in  input
18:22:12.789 [main] INFO  testCases.TC005_WF5_Send_SMS_ETR_S - SummaryAdd@rsoft.in entered in  input
18:22:13.822 [main] INFO  testCases.TC005_WF5_Send_SMS_ETR_S - Email Added is: SummaryAdd@rsoft.in
18:22:15.002 [main] INFO  testCases.TC005_WF5_Send_SMS_ETR_S - Picklist clicked
18:22:16.119 [main] INFO  testCases.TC005_WF5_Send_SMS_ETR_S - Picklist selected: 2
18:22:28.204 [main] INFO  testCases.TC005_WF5_Send_SMS_ETR_S - MultiCombo box values: two
18:22:29.474 [main] INFO  testCases.TC005_WF5_Send_SMS_ETR_S - City Drop Down clicked
18:22:32.847 [main] INFO  testCases.TC005_WF5_Send_SMS_ETR_S - [Madras9] is selected in List
18:22:32.847 [main] INFO  testCases.TC005_WF5_Send_SMS_ETR_S - City Selected: Madras9
18:22:34.046 [main] INFO  testCases.TC005_WF5_Send_SMS_ETR_S - State Drop Down clicked
18:22:38.205 [main] INFO  testCases.TC005_WF5_Send_SMS_ETR_S - [Telangana] is selected in List
18:22:38.205 [main] INFO  testCases.TC005_WF5_Send_SMS_ETR_S - State Selected: Telangana
18:22:39.430 [main] INFO  testCases.TC005_WF5_Send_SMS_ETR_S - Country List clicked
18:22:42.896 [main] INFO  testCases.TC005_WF5_Send_SMS_ETR_S - [A] is selected in List
18:22:42.896 [main] INFO  testCases.TC005_WF5_Send_SMS_ETR_S - Country Selected: A
18:22:44.004 [main] INFO  testCases.TC005_WF5_Send_SMS_ETR_S - Checkbox clicked
18:22:44.145 [main] INFO  testCases.TC005_WF5_Send_SMS_ETR_S - DateBox clicked
18:22:47.155 [main] INFO  testCases.TC005_WF5_Send_SMS_ETR_S - (//td[contains(@class,'today')])[1]
18:22:48.376 [main] INFO  testCases.TC005_WF5_Send_SMS_ETR_S - Today Date Selected
18:22:49.525 [main] INFO  testCases.TC005_WF5_Send_SMS_ETR_S - Time Clicked
18:22:56.221 [main] INFO  testCases.TC005_WF5_Send_SMS_ETR_S - Time Selected is: 02:36 PM
18:22:57.443 [main] INFO  testCases.TC005_WF5_Send_SMS_ETR_S - Date & Time Clicked
18:23:02.453 [main] INFO  testCases.TC005_WF5_Send_SMS_ETR_S - (//td[contains(@class,'today')])[2]
18:23:05.736 [main] INFO  testCases.TC005_WF5_Send_SMS_ETR_S - Clicked Current Date in Date&Time
18:23:05.927 [main] INFO  testCases.TC005_WF5_Send_SMS_ETR_S - Date & Time Selected
18:23:07.870 [main] INFO  testCases.TC005_WF5_Send_SMS_ETR_S - 55555555555 entered in  input
18:24:02.688 [main] INFO  testCases.TC005_WF5_Send_SMS_ETR_S - [Dr.] is selected in List
18:24:04.239 [main] INFO  testCases.TC005_WF5_Send_SMS_ETR_S - Sathyan entered in  input
18:24:05.838 [main] INFO  testCases.TC005_WF5_Send_SMS_ETR_S - 22222222222 entered in  input
18:24:07.289 [main] INFO  testCases.TC005_WF5_Send_SMS_ETR_S - 20,000 entered in  input
18:24:09.008 [main] INFO  testCases.TC005_WF5_Send_SMS_ETR_S - https://www.rsoft.in/ entered in  input
18:24:12.479 [main] INFO  testCases.TC005_WF5_Send_SMS_ETR_S - [Mr.] is selected in List
18:24:14.053 [main] INFO  testCases.TC005_WF5_Send_SMS_ETR_S - Harry entered in  input
18:24:15.839 [main] INFO  testCases.TC005_WF5_Send_SMS_ETR_S - SummaryAddEnquiry@rsoft.in entered in  input
18:24:17.572 [main] INFO  testCases.TC005_WF5_Send_SMS_ETR_S - Enquiry about Surveyform entered in  input
18:24:25.159 [main] INFO  testCases.TC005_WF5_Send_SMS_ETR_S - RSoft World-Class CRM Software (Customer Relationship Management) solution has been helping all kinds of small and medium businesses to organise, automate and improve their business. Our 15+ years of experience in Sales and Marketing. RSoft makes your business run transparently and intelligently which projects your brand image and win your customers satisfaction. RSoft is way ahead of other CRM's with its new generation features. entered in  textarea
18:24:28.320 [main] INFO  testCases.TC005_WF5_Send_SMS_ETR_S - (//td[contains(@class,'today')])[2]
18:24:34.361 [main] INFO  testCases.TC005_WF5_Send_SMS_ETR_S - [+60] is selected in List
18:24:37.088 [main] INFO  testCases.TC005_WF5_Send_SMS_ETR_S - 4845866929 entered in  input
18:24:40.822 [main] INFO  testCases.TC005_WF5_Send_SMS_ETR_S - [Urgent] is selected in List
18:24:46.383 [main] INFO  testCases.TC005_WF5_Send_SMS_ETR_S - [+91] is selected in List
18:24:49.210 [main] INFO  testCases.TC005_WF5_Send_SMS_ETR_S - 1499177741 entered in  input
18:24:51.479 [main] INFO  testCases.TC005_WF5_Send_SMS_ETR_S - SummaryAddLead@gmail.com entered in  input
18:24:53.494 [main] INFO  testCases.TC005_WF5_Send_SMS_ETR_S - Lead about Surveyform entered in  input
18:24:58.133 [main] INFO  testCases.TC005_WF5_Send_SMS_ETR_S - [+60] is selected in List
18:25:00.907 [main] INFO  testCases.TC005_WF5_Send_SMS_ETR_S - 6863444754 entered in  input
18:25:02.727 [main] INFO  testCases.TC005_WF5_Send_SMS_ETR_S - SummaryAddSales@gmail.com entered in  input
18:25:21.325 [main] INFO  testCases.TC005_WF5_Send_SMS_ETR_S - Excel file Utility instance created
18:25:21.374 [main] INFO  testCases.TC005_WF5_Send_SMS_ETR_S - Row Count is: 1
18:25:21.390 [main] INFO  testCases.TC005_WF5_Send_SMS_ETR_S - Col Count is: 52
18:25:21.390 [main] INFO  testCases.TC005_WF5_Send_SMS_ETR_S - Extracting DataSheet Values started...
18:25:22.658 [main] INFO  testCases.TC005_WF5_Send_SMS_ETR_S - Module Name : Summary Add Data Validation Passed : Actual Value is: CRMNotificationExpected Value is: CRMNotification
18:25:24.257 [main] INFO  testCases.TC005_WF5_Send_SMS_ETR_S - Summary Text:  Summary Add Data Validation Passed : Actual Value is: Summary Add TextExpected Value is: Summary Add Text
18:25:25.521 [main] INFO  testCases.TC005_WF5_Send_SMS_ETR_S - Mobile Title: Summary Add Data Validation Passed : Actual Value is: +65 9646671460Expected Value is: +65 9646671460
18:25:26.788 [main] INFO  testCases.TC005_WF5_Send_SMS_ETR_S - Email: Summary Add Data Validation Passed : Actual Value is: SummaryAdd@rsoft.inExpected Value is: SummaryAdd@rsoft.in
18:25:33.437 [main] INFO  testCases.TC005_WF5_Send_SMS_ETR_S - Summary AssignedTo:  Summary Add Data Validation Passed : Actual Value is: Sudhakar VEExpected Value is: Sudhakar VE
18:25:34.792 [main] INFO  testCases.TC005_WF5_Send_SMS_ETR_S - Summary Text:  Summary Add Data Validation Passed : Actual Value is: Summary Add TextExpected Value is: Summary Add Text
18:25:36.196 [main] INFO  testCases.TC005_WF5_Send_SMS_ETR_S - Summary Mobile Number:  Summary Add Data Validation Passed : Actual Value is: +65 9646671460Expected Value is: +65 9646671460
18:25:37.529 [main] INFO  testCases.TC005_WF5_Send_SMS_ETR_S - Summary Email :  Summary Add Data Validation Passed : Actual Value is: SummaryAdd@rsoft.inExpected Value is: SummaryAdd@rsoft.in
18:25:38.907 [main] INFO  testCases.TC005_WF5_Send_SMS_ETR_S - Summary PicListValue :  Summary Add Data Validation Passed : Actual Value is: 2Expected Value is: 2
18:25:40.283 [main] INFO  testCases.TC005_WF5_Send_SMS_ETR_S - Summary MuultiCombo Values :  Summary Add Data Validation Passed : Actual Value is: twoExpected Value is: two
18:25:41.660 [main] INFO  testCases.TC005_WF5_Send_SMS_ETR_S - Summary City:  Summary Add Data Validation Passed : Actual Value is: Madras9Expected Value is: Madras9
18:25:43.030 [main] INFO  testCases.TC005_WF5_Send_SMS_ETR_S - Summary State:  Summary Add Data Validation Passed : Actual Value is: TelanganaExpected Value is: Telangana
18:25:44.408 [main] INFO  testCases.TC005_WF5_Send_SMS_ETR_S - Summary Country:  Summary Add Data Validation Passed : Actual Value is: AExpected Value is: A
18:25:45.744 [main] INFO  testCases.TC005_WF5_Send_SMS_ETR_S - Summary CheckBox:  Summary Add Data Validation Passed : Actual Value is: NoExpected Value is: No
18:25:47.123 [main] INFO  testCases.TC005_WF5_Send_SMS_ETR_S - Summary Date:  Summary Add Data Validation Passed : Actual Value is: 2024-01-05Expected Value is: 2024-01-05
18:25:48.442 [main] INFO  testCases.TC005_WF5_Send_SMS_ETR_S - Summary Time:  Summary Add Data Validation Passed : Actual Value is: 02:35PMExpected Value is: 02:35PM
18:25:49.813 [main] INFO  testCases.TC005_WF5_Send_SMS_ETR_S - Summary Date & Time :  Summary Add Data Validation Passed : Actual Value is: 2024-01-05 06:00 PMExpected Value is: 2024-01-05 06:00 PM
18:25:51.186 [main] INFO  testCases.TC005_WF5_Send_SMS_ETR_S - Summary File Upload :  Summary Add Data Validation Passed : Actual Value is: annie-sprattExpected Value is: annie-spratt
18:25:52.540 [main] INFO  testCases.TC005_WF5_Send_SMS_ETR_S - Summary Name:  Summary Add Data Validation Passed : Actual Value is: Dr. SathyanExpected Value is: Dr. Sathyan
18:25:53.894 [main] INFO  testCases.TC005_WF5_Send_SMS_ETR_S - Summary Number:  Summary Add Data Validation Passed : Actual Value is: 22222222222Expected Value is: 22222222222
18:25:55.297 [main] INFO  testCases.TC005_WF5_Send_SMS_ETR_S - Summary Currency:  Summary Add Data Validation Failed : Actual Value is: 20000Expected Value is: 20,000
18:25:56.623 [main] INFO  testCases.TC005_WF5_Send_SMS_ETR_S - Summary Url:  Summary Add Data Validation Passed : Actual Value is: https://www.rsoft.in/Expected Value is: https://www.rsoft.in/
18:25:57.996 [main] INFO  testCases.TC005_WF5_Send_SMS_ETR_S - Summary Enquiry Name:  Summary Add Data Validation Passed : Actual Value is: Mr. HarryExpected Value is: Mr. Harry
18:25:59.360 [main] INFO  testCases.TC005_WF5_Send_SMS_ETR_S - Summary Enquiry Email:  Summary Add Data Validation Passed : Actual Value is: SummaryAddEnquiry@rsoft.inExpected Value is: SummaryAddEnquiry@rsoft.in
18:26:00.744 [main] INFO  testCases.TC005_WF5_Send_SMS_ETR_S - Summary Enquiry Text:  Summary Add Data Validation Passed : Actual Value is: Enquiry about SurveyformExpected Value is: Enquiry about Surveyform
18:26:02.124 [main] INFO  testCases.TC005_WF5_Send_SMS_ETR_S - Summary Enquiry Text Area:  Summary Add Data Validation Passed : Actual Value is: RSoft World-Class CRM Software (Customer Relationship Management) solution has been helping all kinds of small and medium businesses to organise, automate and improve their business. Our 15+ years of experience in Sales and Marketing. RSoft makes your business run transparently and intelligently which projects your brand image and win your customers satisfaction. RSoft is way ahead of other CRM's with its new generation features.Expected Value is: RSoft World-Class CRM Software (Customer Relationship Management) solution has been helping all kinds of small and medium businesses to organise, automate and improve their business. Our 15+ years of experience in Sales and Marketing. RSoft makes your business run transparently and intelligently which projects your brand image and win your customers satisfaction. RSoft is way ahead of other CRM's with its new generation features.
18:26:03.458 [main] INFO  testCases.TC005_WF5_Send_SMS_ETR_S - Summary Enquiry Date:  Summary Add Data Validation Passed : Actual Value is: 2024-01-05Expected Value is: 2024-01-05
18:26:04.844 [main] INFO  testCases.TC005_WF5_Send_SMS_ETR_S - Summary Enquiry Phone Number:  Summary Add Data Validation Passed : Actual Value is: +60 4845866929Expected Value is: +60 4845866929
18:26:06.188 [main] INFO  testCases.TC005_WF5_Send_SMS_ETR_S - Summary Enquiry Category:  Summary Add Data Validation Passed : Actual Value is: UrgentExpected Value is: Urgent
18:26:07.529 [main] INFO  testCases.TC005_WF5_Send_SMS_ETR_S - Summary Lead PhoneNumber:  Summary Add Data Validation Passed : Actual Value is: +91 1499177741Expected Value is: +91 1499177741
18:26:08.915 [main] INFO  testCases.TC005_WF5_Send_SMS_ETR_S - Summary Lead Email:  Summary Add Data Validation Passed : Actual Value is: SummaryAddLead@gmail.comExpected Value is: SummaryAddLead@gmail.com
18:26:10.271 [main] INFO  testCases.TC005_WF5_Send_SMS_ETR_S - Summary Lead Text:  Summary Add Data Validation Passed : Actual Value is: Lead about SurveyformExpected Value is: Lead about Surveyform
18:26:11.662 [main] INFO  testCases.TC005_WF5_Send_SMS_ETR_S - Summary Sales PhoneNumber:  Summary Add Data Validation Passed : Actual Value is: +60 6863444754Expected Value is: +60 6863444754
18:26:13.042 [main] INFO  testCases.TC005_WF5_Send_SMS_ETR_S - Summary Sales Email:  Summary Add Data Validation Passed : Actual Value is: SummaryAddSales@gmail.comExpected Value is: SummaryAddSales@gmail.com
18:26:17.466 [main] INFO  testCases.TC005_WF5_Send_SMS_ETR_S - Detail View AssignedTo:  Summary Add Data Validation Passed : Actual Value is: Sudhakar VEExpected Value is: Sudhakar VE
18:26:18.803 [main] INFO  testCases.TC005_WF5_Send_SMS_ETR_S - Detail View Text:  Summary Add Data Validation Passed : Actual Value is: Summary Add TextExpected Value is: Summary Add Text
18:26:20.199 [main] INFO  testCases.TC005_WF5_Send_SMS_ETR_S - Detail View Mobile Number:  Summary Add Data Validation Passed : Actual Value is: +65 9646671460Expected Value is: +65 9646671460
18:26:21.557 [main] INFO  testCases.TC005_WF5_Send_SMS_ETR_S - Detail View Email :  Summary Add Data Validation Passed : Actual Value is: SummaryAdd@rsoft.inExpected Value is: SummaryAdd@rsoft.in
18:26:22.898 [main] INFO  testCases.TC005_WF5_Send_SMS_ETR_S - Detail View PicListValue :  Summary Add Data Validation Passed : Actual Value is: 2Expected Value is: 2
18:26:24.273 [main] INFO  testCases.TC005_WF5_Send_SMS_ETR_S - Detail View MuultiCombo Values :  Summary Add Data Validation Passed : Actual Value is: twoExpected Value is: two
18:26:25.663 [main] INFO  testCases.TC005_WF5_Send_SMS_ETR_S - Detail View City:  Summary Add Data Validation Passed : Actual Value is: Madras9Expected Value is: Madras9
18:26:26.995 [main] INFO  testCases.TC005_WF5_Send_SMS_ETR_S - Detail View Stat:  Summary Add Data Validation Passed : Actual Value is: TelanganaExpected Value is: Telangana
18:26:28.379 [main] INFO  testCases.TC005_WF5_Send_SMS_ETR_S - Detail View Country:  Summary Add Data Validation Passed : Actual Value is: AExpected Value is: A
18:26:29.758 [main] INFO  testCases.TC005_WF5_Send_SMS_ETR_S - Detail View CheckBox:  Summary Add Data Validation Passed : Actual Value is: NoExpected Value is: No
18:26:31.110 [main] INFO  testCases.TC005_WF5_Send_SMS_ETR_S - Detail View Date:  Summary Add Data Validation Passed : Actual Value is: 2024-01-05Expected Value is: 2024-01-05
18:26:32.440 [main] INFO  testCases.TC005_WF5_Send_SMS_ETR_S - Detail View Time:  Summary Add Data Validation Failed : Actual Value is: 02:35 PMExpected Value is: 02:35PM
18:26:33.848 [main] INFO  testCases.TC005_WF5_Send_SMS_ETR_S - Detail View Date & Time :  Summary Add Data Validation Passed : Actual Value is: 2024-01-05 06:00 PMExpected Value is: 2024-01-05 06:00 PM
18:26:35.206 [main] INFO  testCases.TC005_WF5_Send_SMS_ETR_S - Detail View Related Module :  Summary Add Data Validation Failed : Actual Value is: Expected Value is: 55555555555
18:26:36.590 [main] INFO  testCases.TC005_WF5_Send_SMS_ETR_S - Detail View File Upload :  Summary Add Data Validation Passed : Actual Value is: annie-sprattExpected Value is: annie-spratt
18:26:37.945 [main] INFO  testCases.TC005_WF5_Send_SMS_ETR_S - Detail View Name:  Summary Add Data Validation Passed : Actual Value is: Dr. SathyanExpected Value is: Dr. Sathyan
18:26:39.331 [main] INFO  testCases.TC005_WF5_Send_SMS_ETR_S - Detail View Number:  Summary Add Data Validation Passed : Actual Value is: 22222222222Expected Value is: 22222222222
18:26:40.656 [main] INFO  testCases.TC005_WF5_Send_SMS_ETR_S - Detail View Currency:  Summary Add Data Validation Failed : Actual Value is: 20000Expected Value is: 20,000
18:26:41.939 [main] INFO  testCases.TC005_WF5_Send_SMS_ETR_S - Detail View Url:  Summary Add Data Validation Passed : Actual Value is: https://www.rsoft.in/Expected Value is: https://www.rsoft.in/
18:26:43.337 [main] INFO  testCases.TC005_WF5_Send_SMS_ETR_S - Detail View Enquiry Name:  Summary Add Data Validation Passed : Actual Value is: Mr. HarryExpected Value is: Mr. Harry
18:26:44.706 [main] INFO  testCases.TC005_WF5_Send_SMS_ETR_S - Detail View Enquiry Email:  Summary Add Data Validation Passed : Actual Value is: SummaryAddEnquiry@rsoft.inExpected Value is: SummaryAddEnquiry@rsoft.in
18:26:46.043 [main] INFO  testCases.TC005_WF5_Send_SMS_ETR_S - Detail View Enquiry Text:  Summary Add Data Validation Passed : Actual Value is: Enquiry about SurveyformExpected Value is: Enquiry about Surveyform
18:26:47.438 [main] INFO  testCases.TC005_WF5_Send_SMS_ETR_S - Detail View Enquiry Text Area:  Summary Add Data Validation Passed : Actual Value is: RSoft World-Class CRM Software (Customer Relationship Management) solution has been helping all kinds of small and medium businesses to organise, automate and improve their business. Our 15+ years of experience in Sales and Marketing. RSoft makes your business run transparently and intelligently which projects your brand image and win your customers satisfaction. RSoft is way ahead of other CRM's with its new generation features.Expected Value is: RSoft World-Class CRM Software (Customer Relationship Management) solution has been helping all kinds of small and medium businesses to organise, automate and improve their business. Our 15+ years of experience in Sales and Marketing. RSoft makes your business run transparently and intelligently which projects your brand image and win your customers satisfaction. RSoft is way ahead of other CRM's with its new generation features.
18:26:48.844 [main] INFO  testCases.TC005_WF5_Send_SMS_ETR_S - Detail View Enquiry Date:  Summary Add Data Validation Passed : Actual Value is: 2024-01-05Expected Value is: 2024-01-05
18:26:50.222 [main] INFO  testCases.TC005_WF5_Send_SMS_ETR_S - Detail View Enquiry Phone Number:  Summary Add Data Validation Passed : Actual Value is: +60 4845866929Expected Value is: +60 4845866929
18:26:51.604 [main] INFO  testCases.TC005_WF5_Send_SMS_ETR_S - Detail View Enquiry Category:  Summary Add Data Validation Passed : Actual Value is: UrgentExpected Value is: Urgent
18:26:53.055 [main] INFO  testCases.TC005_WF5_Send_SMS_ETR_S - DT Lead Mobile Number:  Summary Add Data Validation Passed : Actual Value is: +91 1499177741Expected Value is: +91 1499177741
18:26:54.392 [main] INFO  testCases.TC005_WF5_Send_SMS_ETR_S - DT View Lead Email  Summary Add Data Validation Passed : Actual Value is: SummaryAddLead@gmail.comExpected Value is: SummaryAddLead@gmail.com
18:26:55.739 [main] INFO  testCases.TC005_WF5_Send_SMS_ETR_S - DT View Lead Text Summary Add Data Validation Passed : Actual Value is: Lead about SurveyformExpected Value is: Lead about Surveyform
18:26:57.071 [main] INFO  testCases.TC005_WF5_Send_SMS_ETR_S - DT Sales Mobile Number:  Summary Add Data Validation Passed : Actual Value is: +60 6863444754Expected Value is: +60 6863444754
18:26:58.438 [main] INFO  testCases.TC005_WF5_Send_SMS_ETR_S - DT View Sales EmailSummary Add Data Validation Passed : Actual Value is: SummaryAddSales@gmail.comExpected Value is: SummaryAddSales@gmail.com
18:27:06.857 [main] INFO  testCases.TC005_WF5_Send_SMS_ETR_S - [SMS Notifiers] is selected in List
18:27:10.577 [main] INFO  testCases.TC005_WF5_Send_SMS_ETR_S - 9646671460 entered in  input
18:27:17.972 [main] INFO  testCases.TC005_WF5_Send_SMS_ETR_S - SMS Count:3
18:27:17.972 [main] INFO  testCases.TC005_WF5_Send_SMS_ETR_S - Passed: SMS Received after Summary New Record Add -9646671460
18:27:19.255 [main] INFO  testCases.TC005_WF5_Send_SMS_ETR_S - Passed: SMS Received after  Summary New Record Add -9646671460
18:27:23.859 [main] INFO  testCases.TC005_WF5_Send_SMS_ETR_S - 4845866929 entered in  input
18:27:29.122 [main] INFO  testCases.TC005_WF5_Send_SMS_ETR_S - SMS Count:3
18:27:29.122 [main] INFO  testCases.TC005_WF5_Send_SMS_ETR_S - Passed: SMS Received after Summary New Record Add -4845866929
18:27:30.434 [main] INFO  testCases.TC005_WF5_Send_SMS_ETR_S - Passed: SMS Received after  Summary New Record Add -4845866929
18:27:35.222 [main] INFO  testCases.TC005_WF5_Send_SMS_ETR_S - 1499177741 entered in  input
18:27:40.589 [main] INFO  testCases.TC005_WF5_Send_SMS_ETR_S - SMS Count:3
18:27:40.589 [main] INFO  testCases.TC005_WF5_Send_SMS_ETR_S - Passed: SMS Received after Summary New Record Add -1499177741
18:27:41.855 [main] INFO  testCases.TC005_WF5_Send_SMS_ETR_S - Passed: SMS Received after  Summary New Record Add -1499177741
18:27:51.768 [main] INFO  testCases.TC005_WF5_Send_SMS_ETR_S - [CRMNotification] is selected in List
18:28:27.609 [main] INFO  testCases.TC005_WF5_Send_SMS_ETR_S - [SMS Notifiers] is selected in List
18:28:32.438 [main] INFO  testCases.TC005_WF5_Send_SMS_ETR_S - 9646671460 entered in  input
18:28:38.753 [main] INFO  testCases.TC005_WF5_Send_SMS_ETR_S - SMS Count:4
18:28:38.753 [main] INFO  testCases.TC005_WF5_Send_SMS_ETR_S - Passed: SMS Received after Duplicate No Modify -9646671460
18:28:40.054 [main] INFO  testCases.TC005_WF5_Send_SMS_ETR_S - Passed: SMS Received after Duplicate No Modify -9646671460
18:28:44.787 [main] INFO  testCases.TC005_WF5_Send_SMS_ETR_S - 4845866929 entered in  input
18:28:50.994 [main] INFO  testCases.TC005_WF5_Send_SMS_ETR_S - SMS Count:4
18:28:50.994 [main] INFO  testCases.TC005_WF5_Send_SMS_ETR_S - Passed: SMS Received after Duplicate No Modify -4845866929
18:28:52.269 [main] INFO  testCases.TC005_WF5_Send_SMS_ETR_S - Passed: SMS Received after Duplicate No Modify -4845866929
18:28:55.957 [main] INFO  testCases.TC005_WF5_Send_SMS_ETR_S - 1499177741 entered in  input
18:29:02.394 [main] INFO  testCases.TC005_WF5_Send_SMS_ETR_S - SMS Count:4
18:29:02.394 [main] INFO  testCases.TC005_WF5_Send_SMS_ETR_S - Passed: SMS Received after Duplicate No Modify -1499177741
18:29:03.720 [main] INFO  testCases.TC005_WF5_Send_SMS_ETR_S - Passed: SMS Received after Duplicate No Modify -1499177741
