16:59:26.993 [main] INFO  testCases.TC011_WF5_SN_MonthByDate - Workflow status: of row item: 6 false
16:59:27.031 [main] INFO  testCases.TC011_WF5_SN_MonthByDate - Actual Module Name:  CRMScheduleNotification
16:59:27.031 [main] INFO  testCases.TC011_WF5_SN_MonthByDate - Actual Workflow Name:  WF1_ScheduleNotify_Hourly
16:59:27.031 [main] INFO  testCases.TC011_WF5_SN_MonthByDate - Actual Exec Condition Name:  schedule
16:59:27.031 [main] INFO  testCases.TC011_WF5_SN_MonthByDate - Module,workflow,conditions not matched 
16:59:27.031 [main] INFO  testCases.TC011_WF5_SN_MonthByDate - bCurrentWFStatus: false
16:59:27.071 [main] INFO  utilities.UtilityCustomFunctions - WF1_ScheduleNotify_HourlyDisabled Workflow Manually Enabled
16:59:27.073 [main] INFO  testCases.TC011_WF5_SN_MonthByDate - true:2
16:59:32.680 [main] INFO  testCases.TC011_WF5_SN_MonthByDate - Work flow clicked
16:59:37.040 [main] INFO  testCases.TC011_WF5_SN_MonthByDate - Cliked Step 1 Next Button to Condition Page
16:59:40.407 [main] INFO  testCases.TC011_WF5_SN_MonthByDate - Cliked Step 2 Next Button to Task List Page
16:59:41.412 [main] INFO  testCases.TC011_WF5_SN_MonthByDate - Clicked Workflow and Navigated to Task Page
16:59:41.429 [main] INFO  testCases.TC011_WF5_SN_MonthByDate - Number of Tasks Listed for this Workflow: WF5_ScheduleNotify_MonthByDate : 1
16:59:41.451 [main] INFO  utilities.UtilityCustomFunctions - Is Task Active: 1 : true
16:59:41.550 [main] INFO  utilities.UtilityCustomFunctions - Retrieved Action Type:Send notification
16:59:41.550 [main] INFO  utilities.UtilityCustomFunctions - Retrieved Action Title:TriggerMonthlybyDateNotify
16:59:41.550 [main] INFO  utilities.UtilityCustomFunctions - Retrieved Expected Action Type:Send notification
16:59:41.550 [main] INFO  utilities.UtilityCustomFunctions - Retrieved Expected Action Title:TriggerMonthlybyDateNotify
16:59:41.550 [main] INFO  testCases.TC011_WF5_SN_MonthByDate - Action Type and Action Tile matches and also Task Button Enabled
16:59:42.556 [main] INFO  utilities.UtilityCustomFunctions - Out of for loop:false
16:59:45.565 [main] INFO  testCases.TC011_WF5_SN_MonthByDate - Clicked Workflow and Navigated to Task Page
16:59:45.565 [main] INFO  testCases.TC011_WF5_SN_MonthByDate - Task Active Send notification  TriggerMonthlybyDateNotify
16:59:59.445 [main] INFO  testCases.TC011_WF5_SN_MonthByDate - Excel file Utility instance created
16:59:59.485 [main] INFO  testCases.TC011_WF5_SN_MonthByDate - Row Count is: 1
16:59:59.511 [main] INFO  testCases.TC011_WF5_SN_MonthByDate - Col Count is: 52
16:59:59.511 [main] INFO  testCases.TC011_WF5_SN_MonthByDate - Extracting DataSheet Values started...
17:00:00.570 [main] INFO  utilities.UtilityCustomFunctions - Before Adding Module data
17:00:03.689 [main] INFO  utilities.UtilityCustomFunctions - Assinged To Drop Down clicked
17:00:08.865 [main] INFO  testCases.TC011_WF5_SN_MonthByDate - [Sudhakar VE] is selected in List
17:00:08.865 [main] INFO  utilities.UtilityCustomFunctions - Assinged To Value Seleted is::  Sudhakar VE
17:00:10.179 [main] INFO  utilities.UtilityCustomFunctions - Add New Text entered in  input
17:00:10.183 [main] INFO  utilities.UtilityCustomFunctions - Text Value added is::  Add New Text
17:00:11.280 [main] INFO  utilities.UtilityCustomFunctions - Phone NUmber prefix clicked :  
17:00:14.484 [main] INFO  testCases.TC011_WF5_SN_MonthByDate - [+65] is selected in List
17:00:14.484 [main] INFO  utilities.UtilityCustomFunctions - Phone NUmber selected is :  2960230144
17:00:15.813 [main] INFO  utilities.UtilityCustomFunctions - 2960230144 entered in  input
17:00:18.093 [main] INFO  utilities.UtilityCustomFunctions - AddNew@rsoft.in entered in  input
17:00:19.104 [main] INFO  utilities.UtilityCustomFunctions - Email Added is: AddNew@rsoft.in
17:00:20.174 [main] INFO  utilities.UtilityCustomFunctions - Picklist clicked
17:00:21.258 [main] INFO  utilities.UtilityCustomFunctions - Picklist selected: 1
17:01:28.756 [main] INFO  utilities.UtilityCustomFunctions - MultiCombo box values: two
17:01:29.877 [main] INFO  utilities.UtilityCustomFunctions - City Drop Down clicked
17:01:34.325 [main] INFO  testCases.TC011_WF5_SN_MonthByDate - [Kanchipuram] is selected in List
17:01:34.325 [main] INFO  utilities.UtilityCustomFunctions - City Selected: Kanchipuram
17:01:35.404 [main] INFO  utilities.UtilityCustomFunctions - State Drop Down clicked
17:01:38.964 [main] INFO  testCases.TC011_WF5_SN_MonthByDate - [Tamilnadu] is selected in List
17:01:38.965 [main] INFO  utilities.UtilityCustomFunctions - State Selected: Tamilnadu
17:01:40.034 [main] INFO  utilities.UtilityCustomFunctions - Country List clicked
17:01:43.195 [main] INFO  testCases.TC011_WF5_SN_MonthByDate - [India] is selected in List
17:01:43.195 [main] INFO  utilities.UtilityCustomFunctions - Country Selected: India
17:01:44.280 [main] INFO  utilities.UtilityCustomFunctions - Checkbox clicked
17:01:44.405 [main] INFO  utilities.UtilityCustomFunctions - DateBox clicked
17:01:49.573 [main] INFO  testCases.TC011_WF5_SN_MonthByDate - [Apr] is selected in Dropdown
17:01:53.440 [main] INFO  testCases.TC011_WF5_SN_MonthByDate - [2024] is selected in Dropdown
17:01:54.455 [main] INFO  utilities.UtilityCustomFunctions - (//td[contains(@class,'today')])[1]
17:01:55.578 [main] INFO  utilities.UtilityCustomFunctions - Today Date Selected
17:01:56.671 [main] INFO  utilities.UtilityCustomFunctions - Time Clicked
17:01:59.679 [main] INFO  utilities.UtilityCustomFunctions - Hours://div[@class='popover-content']//div[@class='clockpicker-tick' and text()='2']
17:02:09.905 [main] INFO  utilities.UtilityCustomFunctions - Time Selected is: 02:36 PM
17:02:11.027 [main] INFO  utilities.UtilityCustomFunctions - Date & Time Clicked
17:02:18.197 [main] INFO  testCases.TC011_WF5_SN_MonthByDate - [Apr] is selected in Dropdown
17:02:22.042 [main] INFO  testCases.TC011_WF5_SN_MonthByDate - [2024] is selected in Dropdown
17:02:23.048 [main] INFO  utilities.UtilityCustomFunctions - (//td[contains(@class,'today')])[2]
17:02:26.194 [main] INFO  utilities.UtilityCustomFunctions - Clicked Current Date in Date&Time
17:02:26.293 [main] INFO  utilities.UtilityCustomFunctions - Date & Time Selected
17:02:27.831 [main] INFO  utilities.UtilityCustomFunctions - 444444444 entered in  input
17:03:22.242 [main] INFO  testCases.TC011_WF5_SN_MonthByDate - [Mrs.] is selected in List
17:03:23.472 [main] INFO  utilities.UtilityCustomFunctions - Steven entered in  input
17:03:25.837 [main] INFO  utilities.UtilityCustomFunctions - 11111111111 entered in  input
17:03:27.058 [main] INFO  utilities.UtilityCustomFunctions - 10,000 entered in  input
17:03:28.410 [main] INFO  utilities.UtilityCustomFunctions - http://www.google.com/ entered in  input
17:03:31.670 [main] INFO  testCases.TC011_WF5_SN_MonthByDate - [Dr.] is selected in List
17:03:32.952 [main] INFO  utilities.UtilityCustomFunctions - Annie entered in  input
17:03:34.281 [main] INFO  utilities.UtilityCustomFunctions - AddNewEnquiry@gmail.com entered in  input
17:03:35.674 [main] INFO  utilities.UtilityCustomFunctions - Enquiry about Chatbot entered in  input
17:03:38.807 [main] INFO  utilities.UtilityCustomFunctions - RSoft World-Class CRM Software (Customer Relationship Management) solution has been helping all kinds of small and medium businesses to organise, automate and improve their business. Our 15+ years of experience in Sales and Marketing. RSoft makes your business run transparently and intelligently which projects your brand image and win your customers satisfaction. RSoft is way ahead of other CRM's with its new generation features. entered in  textarea
17:03:44.084 [main] INFO  testCases.TC011_WF5_SN_MonthByDate - [Apr] is selected in Dropdown
17:03:47.878 [main] INFO  testCases.TC011_WF5_SN_MonthByDate - [2024] is selected in Dropdown
17:03:48.883 [main] INFO  utilities.UtilityCustomFunctions - (//td[contains(@class,'today')])[2]
17:03:54.457 [main] INFO  testCases.TC011_WF5_SN_MonthByDate - [+60] is selected in List
17:03:56.793 [main] INFO  utilities.UtilityCustomFunctions - 1643258012 entered in  input
17:04:03.084 [main] INFO  testCases.TC011_WF5_SN_MonthByDate - [Ordinary] is selected in List
17:04:09.354 [main] INFO  testCases.TC011_WF5_SN_MonthByDate - [+91] is selected in List
17:04:11.700 [main] INFO  utilities.UtilityCustomFunctions - 0354247674 entered in  input
17:04:13.114 [main] INFO  utilities.UtilityCustomFunctions - AddNewLead@gmail.com entered in  input
17:04:14.437 [main] INFO  utilities.UtilityCustomFunctions - Lead about Chatbot entered in  input
17:04:18.713 [main] INFO  testCases.TC011_WF5_SN_MonthByDate - [+60] is selected in List
17:04:21.100 [main] INFO  utilities.UtilityCustomFunctions - 1925536591 entered in  input
17:04:22.464 [main] INFO  utilities.UtilityCustomFunctions - AddNewSales@gmail.com entered in  input
17:05:43.603 [main] INFO  utilities.UtilityCustomFunctions - testing entered in  input
17:05:43.788 [main] INFO  utilities.UtilityCustomFunctions - dCr2KGiHBrC2!@ entered in  input
17:06:23.950 [main] INFO  utilities.UtilityCustomFunctions - Passed: MonthlybyDate Worflow scheduled to run at 08:00:00 AM on UTC 2024-04-01 02:30:00On Day: 1Schedule Type: Monthly By Date Action type: Send notification for EntityId: 122107, and Task Id:69
17:06:31.319 [main] INFO  utilities.UtilityCustomFunctions - Passed: MonthlybyDate Worflow scheduled to run at 08:00:00 AM on UTC 2024-04-15 02:30:00On Day: 15Schedule Type: Monthly By Date Action type: Send notification for EntityId: 122107, and Task Id:70
17:06:38.704 [main] INFO  utilities.UtilityCustomFunctions - Passed: MonthlybyDate Worflow scheduled to run at 08:00:00 AM on UTC 2024-04-30 02:30:00On Day: 30Schedule Type: Monthly By Date Action type: Send notification for EntityId: 122107, and Task Id:71
17:10:29.140 [main] INFO  testCases.TC012_WF6_SN_Yearly - ******starting WF Schedule Yearly****
17:10:29.144 [main] INFO  testCases.TC012_WF6_SN_Yearly - Test Execution on Browser: chrome
17:10:29.146 [main] INFO  testCases.TC012_WF6_SN_Yearly - Excel file Utility instance created
17:10:29.777 [main] INFO  testCases.TC012_WF6_SN_Yearly - Row Count is: 1
17:10:29.854 [main] INFO  testCases.TC012_WF6_SN_Yearly - Col Count is: 52
17:10:29.854 [main] INFO  testCases.TC012_WF6_SN_Yearly - Extracting DataSheet Values started...
17:10:33.623 [main] INFO  utilities.UtilityCustomFunctions - PN1:6695711773
17:10:33.623 [main] INFO  utilities.UtilityCustomFunctions - PN2:8731206014
17:10:33.623 [main] INFO  utilities.UtilityCustomFunctions - PN3:0418609505
17:10:33.623 [main] INFO  utilities.UtilityCustomFunctions - PN4:1679662601
17:10:44.322 [main] INFO  utilities.UtilityCustomFunctions - PRIYAN entered in  input
17:10:45.643 [main] INFO  utilities.UtilityCustomFunctions - Sudhakar entered in  input
17:10:46.937 [main] INFO  utilities.UtilityCustomFunctions - Automation@123 entered in  input
17:10:53.787 [main] INFO  testCases.TC012_WF6_SN_Yearly - CRM Login Success with:Sudhakar
17:10:53.787 [main] INFO  utilities.UtilityCustomFunctions - Actual:Login Success
17:10:53.787 [main] INFO  utilities.UtilityCustomFunctions - Expected:Login Success
17:10:53.787 [main] INFO  utilities.UtilityCustomFunctions - Message:User: Sudhakar
17:11:00.309 [main] INFO  testCases.TC012_WF6_SN_Yearly - Clicked Avatar
17:11:03.075 [main] INFO  testCases.TC012_WF6_SN_Yearly - Clicked Menu CRM Setting
17:11:03.268 [main] INFO  testCases.TC012_WF6_SN_Yearly - Clicked Menu Other Setting
17:11:06.237 [main] INFO  testCases.TC012_WF6_SN_Yearly - Clicked Menu Item Workflow
17:11:06.440 [main] INFO  testCases.TC012_WF6_SN_Yearly - Clicked Workflow from Combox Box List
17:11:08.443 [main] INFO  testCases.TC012_WF6_SN_Yearly - Item to be selected:  CRMScheduleNotification Workflow
17:11:14.680 [main] INFO  testCases.TC012_WF6_SN_Yearly - [CRMScheduleNotification Workflow] is selected in List
17:11:14.680 [main] INFO  testCases.TC012_WF6_SN_Yearly - Item selected in combox Box  CRMScheduleNotification Workflow
17:11:15.690 [main] INFO  testCases.TC012_WF6_SN_Yearly - Selected Module to View its Workflows
17:11:15.705 [main] INFO  testCases.TC012_WF6_SN_Yearly - Current Workflow Row item: 1
17:11:15.754 [main] INFO  testCases.TC012_WF6_SN_Yearly - Current style of Worflow Status Element captured
17:11:15.754 [main] INFO  testCases.TC012_WF6_SN_Yearly - Workflow status: of row item: 1 false
17:11:15.782 [main] INFO  testCases.TC012_WF6_SN_Yearly - Actual Module Name:  CRMScheduleNotification
17:11:15.782 [main] INFO  testCases.TC012_WF6_SN_Yearly - Actual Workflow Name:  WF6_ScheduleNotify_Yearly
17:11:15.782 [main] INFO  testCases.TC012_WF6_SN_Yearly - Actual Exec Condition Name:  schedule
17:11:15.783 [main] INFO  testCases.TC012_WF6_SN_Yearly - Module,workflow,condition matches
17:11:15.783 [main] INFO  testCases.TC012_WF6_SN_Yearly - bCurrentWFStatus: false
17:11:15.783 [main] INFO  testCases.TC012_WF6_SN_Yearly - Current Workflow Row item: 2
17:11:15.821 [main] INFO  testCases.TC012_WF6_SN_Yearly - Current style of Worflow Status Element captured
17:11:15.821 [main] INFO  testCases.TC012_WF6_SN_Yearly - Workflow status: of row item: 2 true
17:11:15.848 [main] INFO  testCases.TC012_WF6_SN_Yearly - Actual Module Name:  CRMScheduleNotification
17:11:15.848 [main] INFO  testCases.TC012_WF6_SN_Yearly - Actual Workflow Name:  WF5_ScheduleNotify_MonthByDate
17:11:15.848 [main] INFO  testCases.TC012_WF6_SN_Yearly - Actual Exec Condition Name:  schedule
17:11:15.848 [main] INFO  testCases.TC012_WF6_SN_Yearly - Module,workflow,conditions not matched 
17:11:15.848 [main] INFO  testCases.TC012_WF6_SN_Yearly - bCurrentWFStatus: true
17:11:15.893 [main] INFO  testCases.TC012_WF6_SN_Yearly - WF5_ScheduleNotify_MonthByDateWorkflow disabled manually
17:11:15.893 [main] INFO  testCases.TC012_WF6_SN_Yearly - Current Workflow Row item: 3
17:11:15.939 [main] INFO  testCases.TC012_WF6_SN_Yearly - Current style of Worflow Status Element captured
17:11:15.939 [main] INFO  testCases.TC012_WF6_SN_Yearly - Workflow status: of row item: 3 false
17:11:15.968 [main] INFO  testCases.TC012_WF6_SN_Yearly - Actual Module Name:  CRMScheduleNotification
17:11:15.968 [main] INFO  testCases.TC012_WF6_SN_Yearly - Actual Workflow Name:  WF4_ScheduleNotify_SpecificDate
17:11:15.968 [main] INFO  testCases.TC012_WF6_SN_Yearly - Actual Exec Condition Name:  schedule
17:11:15.968 [main] INFO  testCases.TC012_WF6_SN_Yearly - Module,workflow,conditions not matched 
17:11:15.968 [main] INFO  testCases.TC012_WF6_SN_Yearly - bCurrentWFStatus: false
17:11:15.968 [main] INFO  testCases.TC012_WF6_SN_Yearly - Current Workflow Row item: 4
17:11:16.006 [main] INFO  testCases.TC012_WF6_SN_Yearly - Current style of Worflow Status Element captured
17:11:16.006 [main] INFO  testCases.TC012_WF6_SN_Yearly - Workflow status: of row item: 4 false
17:11:16.033 [main] INFO  testCases.TC012_WF6_SN_Yearly - Actual Module Name:  CRMScheduleNotification
17:11:16.033 [main] INFO  testCases.TC012_WF6_SN_Yearly - Actual Workflow Name:  WF3_ScheduleNotify_Weekly
17:11:16.033 [main] INFO  testCases.TC012_WF6_SN_Yearly - Actual Exec Condition Name:  schedule
17:11:16.033 [main] INFO  testCases.TC012_WF6_SN_Yearly - Module,workflow,conditions not matched 
17:11:16.033 [main] INFO  testCases.TC012_WF6_SN_Yearly - bCurrentWFStatus: false
17:11:16.033 [main] INFO  testCases.TC012_WF6_SN_Yearly - Current Workflow Row item: 5
17:11:16.069 [main] INFO  testCases.TC012_WF6_SN_Yearly - Current style of Worflow Status Element captured
17:11:16.069 [main] INFO  testCases.TC012_WF6_SN_Yearly - Workflow status: of row item: 5 false
17:11:16.095 [main] INFO  testCases.TC012_WF6_SN_Yearly - Actual Module Name:  CRMScheduleNotification
17:11:16.095 [main] INFO  testCases.TC012_WF6_SN_Yearly - Actual Workflow Name:  WF2_ScheduleNotify_Daily
17:11:16.096 [main] INFO  testCases.TC012_WF6_SN_Yearly - Actual Exec Condition Name:  schedule
17:11:16.096 [main] INFO  testCases.TC012_WF6_SN_Yearly - Module,workflow,conditions not matched 
17:11:16.096 [main] INFO  testCases.TC012_WF6_SN_Yearly - bCurrentWFStatus: false
17:11:16.096 [main] INFO  testCases.TC012_WF6_SN_Yearly - Current Workflow Row item: 6
17:11:16.131 [main] INFO  testCases.TC012_WF6_SN_Yearly - Current style of Worflow Status Element captured
17:11:16.131 [main] INFO  testCases.TC012_WF6_SN_Yearly - Workflow status: of row item: 6 false
17:11:16.156 [main] INFO  testCases.TC012_WF6_SN_Yearly - Actual Module Name:  CRMScheduleNotification
17:11:16.156 [main] INFO  testCases.TC012_WF6_SN_Yearly - Actual Workflow Name:  WF1_ScheduleNotify_Hourly
17:11:16.156 [main] INFO  testCases.TC012_WF6_SN_Yearly - Actual Exec Condition Name:  schedule
17:11:16.156 [main] INFO  testCases.TC012_WF6_SN_Yearly - Module,workflow,conditions not matched 
17:11:16.156 [main] INFO  testCases.TC012_WF6_SN_Yearly - bCurrentWFStatus: false
17:11:16.195 [main] INFO  utilities.UtilityCustomFunctions - WF1_ScheduleNotify_HourlyDisabled Workflow Manually Enabled
17:11:16.196 [main] INFO  testCases.TC012_WF6_SN_Yearly - true:1
17:11:22.626 [main] INFO  testCases.TC012_WF6_SN_Yearly - Work flow clicked
17:11:27.308 [main] INFO  testCases.TC012_WF6_SN_Yearly - Cliked Step 1 Next Button to Condition Page
17:11:31.352 [main] INFO  testCases.TC012_WF6_SN_Yearly - Cliked Step 2 Next Button to Task List Page
17:11:32.355 [main] INFO  testCases.TC012_WF6_SN_Yearly - Clicked Workflow and Navigated to Task Page
17:11:32.372 [main] INFO  testCases.TC012_WF6_SN_Yearly - Number of Tasks Listed for this Workflow: WF6_ScheduleNotify_Yearly : 1
17:11:32.395 [main] INFO  utilities.UtilityCustomFunctions - Is Task Active: 1 : true
17:11:32.502 [main] INFO  utilities.UtilityCustomFunctions - Retrieved Action Type:Send notification
17:11:32.502 [main] INFO  utilities.UtilityCustomFunctions - Retrieved Action Title:TriggerYearlyNotify
17:11:32.502 [main] INFO  utilities.UtilityCustomFunctions - Retrieved Expected Action Type:Send notification
17:11:32.502 [main] INFO  utilities.UtilityCustomFunctions - Retrieved Expected Action Title:TriggerYearlyNotify
17:11:32.502 [main] INFO  testCases.TC012_WF6_SN_Yearly - Action Type and Action Tile matches and also Task Button Enabled
17:11:33.516 [main] INFO  utilities.UtilityCustomFunctions - Out of for loop:false
17:11:36.805 [main] INFO  testCases.TC012_WF6_SN_Yearly - Clicked Workflow and Navigated to Task Page
17:11:36.805 [main] INFO  testCases.TC012_WF6_SN_Yearly - Task Active Send notification  TriggerYearlyNotify
17:11:51.117 [main] INFO  testCases.TC012_WF6_SN_Yearly - Excel file Utility instance created
17:11:51.164 [main] INFO  testCases.TC012_WF6_SN_Yearly - Row Count is: 1
17:11:51.186 [main] INFO  testCases.TC012_WF6_SN_Yearly - Col Count is: 52
17:11:51.186 [main] INFO  testCases.TC012_WF6_SN_Yearly - Extracting DataSheet Values started...
17:11:52.398 [main] INFO  utilities.UtilityCustomFunctions - Before Adding Module data
17:11:55.499 [main] INFO  utilities.UtilityCustomFunctions - Assinged To Drop Down clicked
17:12:00.681 [main] INFO  testCases.TC012_WF6_SN_Yearly - [Sudhakar VE] is selected in List
17:12:00.681 [main] INFO  utilities.UtilityCustomFunctions - Assinged To Value Seleted is::  Sudhakar VE
17:12:02.001 [main] INFO  utilities.UtilityCustomFunctions - Add New Text entered in  input
17:12:02.007 [main] INFO  utilities.UtilityCustomFunctions - Text Value added is::  Add New Text
17:12:03.108 [main] INFO  utilities.UtilityCustomFunctions - Phone NUmber prefix clicked :  
17:12:06.317 [main] INFO  testCases.TC012_WF6_SN_Yearly - [+65] is selected in List
17:12:06.317 [main] INFO  utilities.UtilityCustomFunctions - Phone NUmber selected is :  6695711773
17:12:07.634 [main] INFO  utilities.UtilityCustomFunctions - 6695711773 entered in  input
17:12:09.911 [main] INFO  utilities.UtilityCustomFunctions - AddNew@rsoft.in entered in  input
17:12:10.927 [main] INFO  utilities.UtilityCustomFunctions - Email Added is: AddNew@rsoft.in
17:12:11.996 [main] INFO  utilities.UtilityCustomFunctions - Picklist clicked
17:12:13.082 [main] INFO  utilities.UtilityCustomFunctions - Picklist selected: 1
17:13:20.574 [main] INFO  utilities.UtilityCustomFunctions - MultiCombo box values: two
17:13:21.684 [main] INFO  utilities.UtilityCustomFunctions - City Drop Down clicked
17:13:24.983 [main] INFO  testCases.TC012_WF6_SN_Yearly - [Kanchipuram] is selected in List
17:13:24.983 [main] INFO  utilities.UtilityCustomFunctions - City Selected: Kanchipuram
17:13:26.056 [main] INFO  utilities.UtilityCustomFunctions - State Drop Down clicked
17:13:29.592 [main] INFO  testCases.TC012_WF6_SN_Yearly - [Tamilnadu] is selected in List
17:13:29.592 [main] INFO  utilities.UtilityCustomFunctions - State Selected: Tamilnadu
17:13:30.672 [main] INFO  utilities.UtilityCustomFunctions - Country List clicked
17:13:33.839 [main] INFO  testCases.TC012_WF6_SN_Yearly - [India] is selected in List
17:13:33.839 [main] INFO  utilities.UtilityCustomFunctions - Country Selected: India
17:13:34.923 [main] INFO  utilities.UtilityCustomFunctions - Checkbox clicked
17:13:35.039 [main] INFO  utilities.UtilityCustomFunctions - DateBox clicked
17:13:40.192 [main] INFO  testCases.TC012_WF6_SN_Yearly - [Apr] is selected in Dropdown
17:13:44.012 [main] INFO  testCases.TC012_WF6_SN_Yearly - [2024] is selected in Dropdown
17:13:45.025 [main] INFO  utilities.UtilityCustomFunctions - (//td[contains(@class,'today')])[1]
17:13:46.141 [main] INFO  utilities.UtilityCustomFunctions - Today Date Selected
17:13:47.201 [main] INFO  utilities.UtilityCustomFunctions - Time Clicked
17:13:50.214 [main] INFO  utilities.UtilityCustomFunctions - Hours://div[@class='popover-content']//div[@class='clockpicker-tick' and text()='2']
17:14:00.478 [main] INFO  utilities.UtilityCustomFunctions - Time Selected is: 02:36 PM
17:14:01.584 [main] INFO  utilities.UtilityCustomFunctions - Date & Time Clicked
17:14:08.763 [main] INFO  testCases.TC012_WF6_SN_Yearly - [Apr] is selected in Dropdown
17:14:12.679 [main] INFO  testCases.TC012_WF6_SN_Yearly - [2024] is selected in Dropdown
17:14:13.681 [main] INFO  utilities.UtilityCustomFunctions - (//td[contains(@class,'today')])[2]
17:14:16.818 [main] INFO  utilities.UtilityCustomFunctions - Clicked Current Date in Date&Time
17:14:16.916 [main] INFO  utilities.UtilityCustomFunctions - Date & Time Selected
17:14:18.437 [main] INFO  utilities.UtilityCustomFunctions - 444444444 entered in  input
17:15:12.767 [main] INFO  testCases.TC012_WF6_SN_Yearly - [Mrs.] is selected in List
17:15:13.974 [main] INFO  utilities.UtilityCustomFunctions - Steven entered in  input
17:15:15.215 [main] INFO  utilities.UtilityCustomFunctions - 11111111111 entered in  input
17:15:16.427 [main] INFO  utilities.UtilityCustomFunctions - 10,000 entered in  input
17:15:17.742 [main] INFO  utilities.UtilityCustomFunctions - http://www.google.com/ entered in  input
17:15:21.046 [main] INFO  testCases.TC012_WF6_SN_Yearly - [Dr.] is selected in List
17:15:22.318 [main] INFO  utilities.UtilityCustomFunctions - Annie entered in  input
17:15:23.705 [main] INFO  utilities.UtilityCustomFunctions - AddNewEnquiry@gmail.com entered in  input
17:15:25.077 [main] INFO  utilities.UtilityCustomFunctions - Enquiry about Chatbot entered in  input
17:15:28.681 [main] INFO  utilities.UtilityCustomFunctions - RSoft World-Class CRM Software (Customer Relationship Management) solution has been helping all kinds of small and medium businesses to organise, automate and improve their business. Our 15+ years of experience in Sales and Marketing. RSoft makes your business run transparently and intelligently which projects your brand image and win your customers satisfaction. RSoft is way ahead of other CRM's with its new generation features. entered in  textarea
17:15:33.947 [main] INFO  testCases.TC012_WF6_SN_Yearly - [Apr] is selected in Dropdown
17:15:37.793 [main] INFO  testCases.TC012_WF6_SN_Yearly - [2024] is selected in Dropdown
17:15:38.795 [main] INFO  utilities.UtilityCustomFunctions - (//td[contains(@class,'today')])[2]
17:15:44.349 [main] INFO  testCases.TC012_WF6_SN_Yearly - [+60] is selected in List
17:15:46.661 [main] INFO  utilities.UtilityCustomFunctions - 8731206014 entered in  input
17:15:52.975 [main] INFO  testCases.TC012_WF6_SN_Yearly - [Ordinary] is selected in List
17:15:59.294 [main] INFO  testCases.TC012_WF6_SN_Yearly - [+91] is selected in List
17:16:01.670 [main] INFO  utilities.UtilityCustomFunctions - 0418609505 entered in  input
17:16:03.023 [main] INFO  utilities.UtilityCustomFunctions - AddNewLead@gmail.com entered in  input
17:16:04.364 [main] INFO  utilities.UtilityCustomFunctions - Lead about Chatbot entered in  input
17:16:08.672 [main] INFO  testCases.TC012_WF6_SN_Yearly - [+60] is selected in List
17:16:11.058 [main] INFO  utilities.UtilityCustomFunctions - 1679662601 entered in  input
17:16:12.410 [main] INFO  utilities.UtilityCustomFunctions - AddNewSales@gmail.com entered in  input
17:17:35.210 [main] INFO  utilities.UtilityCustomFunctions - testing entered in  input
17:17:35.400 [main] INFO  utilities.UtilityCustomFunctions - dCr2KGiHBrC2!@ entered in  input
17:18:32.261 [main] INFO  utilities.UtilityCustomFunctions - Taask Id:72
17:18:32.276 [main] INFO  utilities.UtilityCustomFunctions - Module Name:Crmschedulenotification
17:18:32.290 [main] INFO  utilities.UtilityCustomFunctions - Schedule Type:6
17:18:32.301 [main] INFO  utilities.UtilityCustomFunctions - Schedule Type Name:Yearly
17:18:33.478 [main] INFO  utilities.UtilityCustomFunctions - Passed: Schedule by Yearly Worflow scheduled to run at 08:00:00 AM on UTC:2024-01-02 02:30:00, Schedule Type: Yearly, Action type: Send notification, for EntityId: 122109and Task Id:72
17:18:35.806 [main] INFO  utilities.UtilityCustomFunctions - Failed: Schedule by Yearly workflow showing execution year as 2024
17:41:24.087 [main] INFO  testCases.TC007_WF1_SN_Hourly - ******starting WF Schedule Notify Hourly****
17:41:24.095 [main] INFO  testCases.TC007_WF1_SN_Hourly - Test Execution on Browser: chrome
17:41:24.097 [main] INFO  testCases.TC007_WF1_SN_Hourly - Excel file Utility instance created
17:41:24.721 [main] INFO  testCases.TC007_WF1_SN_Hourly - Row Count is: 1
17:41:24.800 [main] INFO  testCases.TC007_WF1_SN_Hourly - Col Count is: 52
17:41:24.800 [main] INFO  testCases.TC007_WF1_SN_Hourly - Extracting DataSheet Values started...
17:41:28.457 [main] INFO  utilities.UtilityCustomFunctions - PN1:6149524774
17:41:28.458 [main] INFO  utilities.UtilityCustomFunctions - PN2:6441974887
17:41:28.458 [main] INFO  utilities.UtilityCustomFunctions - PN3:8319083099
17:41:28.458 [main] INFO  utilities.UtilityCustomFunctions - PN4:6615030122
17:41:37.761 [main] INFO  utilities.UtilityCustomFunctions - PRIYAN entered in  input
17:41:39.046 [main] INFO  utilities.UtilityCustomFunctions - rsoft entered in  input
17:41:40.327 [main] INFO  utilities.UtilityCustomFunctions - RSoft!@345 entered in  input
17:41:45.844 [main] INFO  testCases.TC007_WF1_SN_Hourly - CRM Login Success with:rsoft
17:41:45.844 [main] INFO  utilities.UtilityCustomFunctions - Actual:Login Success
17:41:45.844 [main] INFO  utilities.UtilityCustomFunctions - Expected:Login Success
17:41:45.844 [main] INFO  utilities.UtilityCustomFunctions - Message:User: rsoft
17:41:53.306 [main] INFO  testCases.TC007_WF1_SN_Hourly - Clicked Avatar
17:41:56.090 [main] INFO  testCases.TC007_WF1_SN_Hourly - Clicked Menu CRM Setting
17:41:56.310 [main] INFO  testCases.TC007_WF1_SN_Hourly - Clicked Menu Other Setting
17:41:59.019 [main] INFO  testCases.TC007_WF1_SN_Hourly - Clicked Menu Item Workflow
17:41:59.229 [main] INFO  testCases.TC007_WF1_SN_Hourly - Clicked Workflow from Combox Box List
17:42:01.237 [main] INFO  testCases.TC007_WF1_SN_Hourly - Item to be selected:  CRMScheduleNotification Workflow
17:42:07.381 [main] INFO  testCases.TC007_WF1_SN_Hourly - [CRMScheduleNotification Workflow] is selected in List
17:42:07.381 [main] INFO  testCases.TC007_WF1_SN_Hourly - Item selected in combox Box  CRMScheduleNotification Workflow
17:42:08.382 [main] INFO  testCases.TC007_WF1_SN_Hourly - Selected Module to View its Workflows
17:42:08.433 [main] INFO  testCases.TC007_WF1_SN_Hourly - Current Workflow Row item: 1
17:42:08.483 [main] INFO  testCases.TC007_WF1_SN_Hourly - Current style of Worflow Status Element captured
17:42:08.483 [main] INFO  testCases.TC007_WF1_SN_Hourly - Workflow status: of row item: 1 true
17:42:08.511 [main] INFO  testCases.TC007_WF1_SN_Hourly - Actual Module Name:  CRMScheduleNotification
17:42:08.511 [main] INFO  testCases.TC007_WF1_SN_Hourly - Actual Workflow Name:  WF6_ScheduleNotify_Yearly
17:42:08.511 [main] INFO  testCases.TC007_WF1_SN_Hourly - Actual Exec Condition Name:  schedule
17:42:08.512 [main] INFO  testCases.TC007_WF1_SN_Hourly - Module,workflow,conditions not matched 
17:42:08.512 [main] INFO  testCases.TC007_WF1_SN_Hourly - bCurrentWFStatus: true
17:42:08.549 [main] INFO  testCases.TC007_WF1_SN_Hourly - WF6_ScheduleNotify_YearlyWorkflow disabled manually
17:42:08.549 [main] INFO  testCases.TC007_WF1_SN_Hourly - Current Workflow Row item: 2
17:42:08.637 [main] INFO  testCases.TC007_WF1_SN_Hourly - Current style of Worflow Status Element captured
17:42:08.637 [main] INFO  testCases.TC007_WF1_SN_Hourly - Workflow status: of row item: 2 false
17:42:08.662 [main] INFO  testCases.TC007_WF1_SN_Hourly - Actual Module Name:  CRMScheduleNotification
17:42:08.662 [main] INFO  testCases.TC007_WF1_SN_Hourly - Actual Workflow Name:  WF5_ScheduleNotify_MonthByDate
17:42:08.662 [main] INFO  testCases.TC007_WF1_SN_Hourly - Actual Exec Condition Name:  schedule
17:42:08.662 [main] INFO  testCases.TC007_WF1_SN_Hourly - Module,workflow,conditions not matched 
17:42:08.662 [main] INFO  testCases.TC007_WF1_SN_Hourly - bCurrentWFStatus: false
17:42:08.662 [main] INFO  testCases.TC007_WF1_SN_Hourly - Current Workflow Row item: 3
17:42:08.701 [main] INFO  testCases.TC007_WF1_SN_Hourly - Current style of Worflow Status Element captured
17:42:08.701 [main] INFO  testCases.TC007_WF1_SN_Hourly - Workflow status: of row item: 3 false
17:42:08.726 [main] INFO  testCases.TC007_WF1_SN_Hourly - Actual Module Name:  CRMScheduleNotification
17:42:08.726 [main] INFO  testCases.TC007_WF1_SN_Hourly - Actual Workflow Name:  WF4_ScheduleNotify_SpecificDate
17:42:08.726 [main] INFO  testCases.TC007_WF1_SN_Hourly - Actual Exec Condition Name:  schedule
17:42:08.727 [main] INFO  testCases.TC007_WF1_SN_Hourly - Module,workflow,conditions not matched 
17:42:08.727 [main] INFO  testCases.TC007_WF1_SN_Hourly - bCurrentWFStatus: false
17:42:08.727 [main] INFO  testCases.TC007_WF1_SN_Hourly - Current Workflow Row item: 4
17:42:08.763 [main] INFO  testCases.TC007_WF1_SN_Hourly - Current style of Worflow Status Element captured
17:42:08.763 [main] INFO  testCases.TC007_WF1_SN_Hourly - Workflow status: of row item: 4 false
17:42:08.789 [main] INFO  testCases.TC007_WF1_SN_Hourly - Actual Module Name:  CRMScheduleNotification
17:42:08.789 [main] INFO  testCases.TC007_WF1_SN_Hourly - Actual Workflow Name:  WF3_ScheduleNotify_Weekly
17:42:08.789 [main] INFO  testCases.TC007_WF1_SN_Hourly - Actual Exec Condition Name:  schedule
17:42:08.789 [main] INFO  testCases.TC007_WF1_SN_Hourly - Module,workflow,conditions not matched 
17:42:08.789 [main] INFO  testCases.TC007_WF1_SN_Hourly - bCurrentWFStatus: false
17:42:08.789 [main] INFO  testCases.TC007_WF1_SN_Hourly - Current Workflow Row item: 5
17:42:08.827 [main] INFO  testCases.TC007_WF1_SN_Hourly - Current style of Worflow Status Element captured
17:42:08.827 [main] INFO  testCases.TC007_WF1_SN_Hourly - Workflow status: of row item: 5 false
17:42:08.851 [main] INFO  testCases.TC007_WF1_SN_Hourly - Actual Module Name:  CRMScheduleNotification
17:42:08.851 [main] INFO  testCases.TC007_WF1_SN_Hourly - Actual Workflow Name:  WF2_ScheduleNotify_Daily
17:42:08.851 [main] INFO  testCases.TC007_WF1_SN_Hourly - Actual Exec Condition Name:  schedule
17:42:08.852 [main] INFO  testCases.TC007_WF1_SN_Hourly - Module,workflow,conditions not matched 
17:42:08.852 [main] INFO  testCases.TC007_WF1_SN_Hourly - bCurrentWFStatus: false
17:42:08.852 [main] INFO  testCases.TC007_WF1_SN_Hourly - Current Workflow Row item: 6
17:42:08.890 [main] INFO  testCases.TC007_WF1_SN_Hourly - Current style of Worflow Status Element captured
17:42:08.890 [main] INFO  testCases.TC007_WF1_SN_Hourly - Workflow status: of row item: 6 true
17:42:08.918 [main] INFO  testCases.TC007_WF1_SN_Hourly - Actual Module Name:  CRMScheduleNotification
17:42:08.919 [main] INFO  testCases.TC007_WF1_SN_Hourly - Actual Workflow Name:  WF1_ScheduleNotify_Hourly
17:42:08.919 [main] INFO  testCases.TC007_WF1_SN_Hourly - Actual Exec Condition Name:  schedule
17:42:08.919 [main] INFO  testCases.TC007_WF1_SN_Hourly - Module,workflow,condition matches
17:42:08.919 [main] INFO  testCases.TC007_WF1_SN_Hourly - bCurrentWFStatus: true
17:42:08.919 [main] INFO  testCases.TC007_WF1_SN_Hourly - WF1_ScheduleNotify_HourlyWorkflow enabled
17:42:08.919 [main] INFO  utilities.UtilityCustomFunctions - WF1_ScheduleNotify_HourlyDisabled Workflow Manually Enabled
17:42:08.919 [main] INFO  testCases.TC007_WF1_SN_Hourly - true:6
17:42:15.506 [main] INFO  testCases.TC007_WF1_SN_Hourly - Work flow clicked
17:42:20.862 [main] INFO  testCases.TC007_WF1_SN_Hourly - Cliked Step 1 Next Button to Condition Page
17:42:24.694 [main] INFO  testCases.TC007_WF1_SN_Hourly - Cliked Step 2 Next Button to Task List Page
17:42:25.709 [main] INFO  testCases.TC007_WF1_SN_Hourly - Clicked Workflow and Navigated to Task Page
17:42:25.732 [main] INFO  testCases.TC007_WF1_SN_Hourly - Number of Tasks Listed for this Workflow: WF1_ScheduleNotify_Hourly : 1
17:42:25.754 [main] INFO  utilities.UtilityCustomFunctions - Is Task Active: 1 : true
17:42:25.857 [main] INFO  utilities.UtilityCustomFunctions - Retrieved Action Type:Send notification
17:42:25.857 [main] INFO  utilities.UtilityCustomFunctions - Retrieved Action Title:ScheduleNotificationHourly
17:42:25.857 [main] INFO  utilities.UtilityCustomFunctions - Retrieved Expected Action Type:Send notification
17:42:25.857 [main] INFO  utilities.UtilityCustomFunctions - Retrieved Expected Action Title:ScheduleNotificationHourly
17:42:25.857 [main] INFO  testCases.TC007_WF1_SN_Hourly - Action Type and Action Tile matches and also Task Button Enabled
17:42:26.869 [main] INFO  utilities.UtilityCustomFunctions - Out of for loop:false
17:42:30.131 [main] INFO  testCases.TC007_WF1_SN_Hourly - Clicked Workflow and Navigated to Task Page
17:42:30.131 [main] INFO  testCases.TC007_WF1_SN_Hourly - Task Active Send notification  ScheduleNotificationHourly
17:42:44.298 [main] INFO  testCases.TC007_WF1_SN_Hourly - Excel file Utility instance created
17:42:44.329 [main] INFO  testCases.TC007_WF1_SN_Hourly - Row Count is: 1
17:42:44.347 [main] INFO  testCases.TC007_WF1_SN_Hourly - Col Count is: 52
17:42:44.348 [main] INFO  testCases.TC007_WF1_SN_Hourly - Extracting DataSheet Values started...
17:42:45.314 [main] INFO  utilities.UtilityCustomFunctions - Before Adding Module data
17:42:48.465 [main] INFO  utilities.UtilityCustomFunctions - Assinged To Drop Down clicked
17:42:55.982 [main] INFO  testCases.TC007_WF1_SN_Hourly - [Sudhakar VE] is selected in List
17:42:55.982 [main] INFO  utilities.UtilityCustomFunctions - Assinged To Value Seleted is::  Sudhakar VE
17:42:57.253 [main] INFO  utilities.UtilityCustomFunctions - Add New Text entered in  input
17:42:57.258 [main] INFO  utilities.UtilityCustomFunctions - Text Value added is::  Add New Text
17:42:58.355 [main] INFO  utilities.UtilityCustomFunctions - Phone NUmber prefix clicked :  
17:43:01.530 [main] INFO  testCases.TC007_WF1_SN_Hourly - [+65] is selected in List
17:43:01.530 [main] INFO  utilities.UtilityCustomFunctions - Phone NUmber selected is :  6149524774
17:43:02.891 [main] INFO  utilities.UtilityCustomFunctions - 6149524774 entered in  input
17:43:05.137 [main] INFO  utilities.UtilityCustomFunctions - AddNew@rsoft.in entered in  input
17:43:06.145 [main] INFO  utilities.UtilityCustomFunctions - Email Added is: AddNew@rsoft.in
17:43:07.216 [main] INFO  utilities.UtilityCustomFunctions - Picklist clicked
17:43:08.271 [main] INFO  utilities.UtilityCustomFunctions - Picklist selected: 1
17:44:15.814 [main] INFO  utilities.UtilityCustomFunctions - MultiCombo box values: two
17:44:16.917 [main] INFO  utilities.UtilityCustomFunctions - City Drop Down clicked
17:44:21.608 [main] INFO  testCases.TC007_WF1_SN_Hourly - [Kanchipuram] is selected in List
17:44:21.608 [main] INFO  utilities.UtilityCustomFunctions - City Selected: Kanchipuram
17:44:22.695 [main] INFO  utilities.UtilityCustomFunctions - State Drop Down clicked
17:44:26.228 [main] INFO  testCases.TC007_WF1_SN_Hourly - [Tamilnadu] is selected in List
17:44:26.228 [main] INFO  utilities.UtilityCustomFunctions - State Selected: Tamilnadu
17:44:27.292 [main] INFO  utilities.UtilityCustomFunctions - Country List clicked
17:44:30.457 [main] INFO  testCases.TC007_WF1_SN_Hourly - [India] is selected in List
17:44:30.457 [main] INFO  utilities.UtilityCustomFunctions - Country Selected: India
17:44:31.554 [main] INFO  utilities.UtilityCustomFunctions - Checkbox clicked
17:44:31.673 [main] INFO  utilities.UtilityCustomFunctions - DateBox clicked
17:44:36.842 [main] INFO  testCases.TC007_WF1_SN_Hourly - [Apr] is selected in Dropdown
17:44:40.701 [main] INFO  testCases.TC007_WF1_SN_Hourly - [2024] is selected in Dropdown
17:44:41.706 [main] INFO  utilities.UtilityCustomFunctions - (//td[contains(@class,'today')])[1]
17:44:42.788 [main] INFO  utilities.UtilityCustomFunctions - Today Date Selected
17:44:43.857 [main] INFO  utilities.UtilityCustomFunctions - Time Clicked
17:44:46.869 [main] INFO  utilities.UtilityCustomFunctions - Hours://div[@class='popover-content']//div[@class='clockpicker-tick' and text()='2']
17:44:57.141 [main] INFO  utilities.UtilityCustomFunctions - Time Selected is: 02:36 PM
17:44:58.275 [main] INFO  utilities.UtilityCustomFunctions - Date & Time Clicked
17:45:05.421 [main] INFO  testCases.TC007_WF1_SN_Hourly - [Apr] is selected in Dropdown
17:45:09.269 [main] INFO  testCases.TC007_WF1_SN_Hourly - [2024] is selected in Dropdown
17:45:10.277 [main] INFO  utilities.UtilityCustomFunctions - (//td[contains(@class,'today')])[2]
17:45:13.368 [main] INFO  utilities.UtilityCustomFunctions - Clicked Current Date in Date&Time
17:45:13.456 [main] INFO  utilities.UtilityCustomFunctions - Date & Time Selected
17:45:14.943 [main] INFO  utilities.UtilityCustomFunctions - 444444444 entered in  input
17:46:09.359 [main] INFO  testCases.TC007_WF1_SN_Hourly - [Mrs.] is selected in List
17:46:10.578 [main] INFO  utilities.UtilityCustomFunctions - Steven entered in  input
17:46:12.684 [main] INFO  utilities.UtilityCustomFunctions - 11111111111 entered in  input
17:46:13.926 [main] INFO  utilities.UtilityCustomFunctions - 10,000 entered in  input
17:46:15.219 [main] INFO  utilities.UtilityCustomFunctions - http://www.google.com/ entered in  input
17:46:18.521 [main] INFO  testCases.TC007_WF1_SN_Hourly - [Dr.] is selected in List
17:46:19.793 [main] INFO  utilities.UtilityCustomFunctions - Annie entered in  input
17:46:21.165 [main] INFO  utilities.UtilityCustomFunctions - AddNewEnquiry@gmail.com entered in  input
17:46:22.483 [main] INFO  utilities.UtilityCustomFunctions - Enquiry about Chatbot entered in  input
17:46:25.731 [main] INFO  utilities.UtilityCustomFunctions - RSoft World-Class CRM Software (Customer Relationship Management) solution has been helping all kinds of small and medium businesses to organise, automate and improve their business. Our 15+ years of experience in Sales and Marketing. RSoft makes your business run transparently and intelligently which projects your brand image and win your customers satisfaction. RSoft is way ahead of other CRM's with its new generation features. entered in  textarea
17:46:31.005 [main] INFO  testCases.TC007_WF1_SN_Hourly - [Apr] is selected in Dropdown
17:46:34.891 [main] INFO  testCases.TC007_WF1_SN_Hourly - [2024] is selected in Dropdown
17:46:35.895 [main] INFO  utilities.UtilityCustomFunctions - (//td[contains(@class,'today')])[2]
17:46:41.446 [main] INFO  testCases.TC007_WF1_SN_Hourly - [+60] is selected in List
17:46:43.855 [main] INFO  utilities.UtilityCustomFunctions - 6441974887 entered in  input
17:46:50.150 [main] INFO  testCases.TC007_WF1_SN_Hourly - [Ordinary] is selected in List
17:46:56.439 [main] INFO  testCases.TC007_WF1_SN_Hourly - [+91] is selected in List
17:46:58.852 [main] INFO  utilities.UtilityCustomFunctions - 8319083099 entered in  input
17:47:00.252 [main] INFO  utilities.UtilityCustomFunctions - AddNewLead@gmail.com entered in  input
17:47:01.519 [main] INFO  utilities.UtilityCustomFunctions - Lead about Chatbot entered in  input
17:47:05.770 [main] INFO  testCases.TC007_WF1_SN_Hourly - [+60] is selected in List
17:47:08.126 [main] INFO  utilities.UtilityCustomFunctions - 6615030122 entered in  input
17:47:09.465 [main] INFO  utilities.UtilityCustomFunctions - AddNewSales@gmail.com entered in  input
17:48:29.635 [main] INFO  utilities.UtilityCustomFunctions - testing entered in  input
17:48:29.820 [main] INFO  utilities.UtilityCustomFunctions - dCr2KGiHBrC2!@ entered in  input
17:48:54.538 [main] INFO  utilities.UtilityCustomFunctions - RowCount:14
17:48:54.570 [main] INFO  utilities.UtilityCustomFunctions - Exp EntityId:122112 Actual Entity Id:122103
17:48:54.584 [main] INFO  utilities.UtilityCustomFunctions - Exp EntityId:122112 Actual Entity Id:122105
17:48:54.599 [main] INFO  utilities.UtilityCustomFunctions - Exp EntityId:122112 Actual Entity Id:122107
17:48:54.613 [main] INFO  utilities.UtilityCustomFunctions - Exp EntityId:122112 Actual Entity Id:122107
17:48:54.628 [main] INFO  utilities.UtilityCustomFunctions - Exp EntityId:122112 Actual Entity Id:122107
17:48:54.642 [main] INFO  utilities.UtilityCustomFunctions - Exp EntityId:122112 Actual Entity Id:122109
17:48:54.656 [main] INFO  utilities.UtilityCustomFunctions - Exp EntityId:122112 Actual Entity Id:122110
17:48:54.669 [main] INFO  utilities.UtilityCustomFunctions - Exp EntityId:122112 Actual Entity Id:122110
17:48:54.682 [main] INFO  utilities.UtilityCustomFunctions - Exp EntityId:122112 Actual Entity Id:122110
17:48:54.696 [main] INFO  utilities.UtilityCustomFunctions - Exp EntityId:122112 Actual Entity Id:122110
17:48:54.740 [main] INFO  utilities.UtilityCustomFunctions - Exp EntityId:122112 Actual Entity Id:122112
17:48:54.913 [main] INFO  utilities.UtilityCustomFunctions - Within Date Diff Validation
17:48:56.063 [main] INFO  utilities.UtilityCustomFunctions - Passed: Scheduled Worflow task displayed in DB :122112and Task Id:77
17:48:56.081 [main] INFO  utilities.UtilityCustomFunctions - Exp EntityId:122112 Actual Entity Id:122112
17:48:56.255 [main] INFO  utilities.UtilityCustomFunctions - Within Date Diff Validation
17:48:57.391 [main] INFO  utilities.UtilityCustomFunctions - Passed: Scheduled Worflow task displayed in DB :122112and Task Id:78
17:48:57.408 [main] INFO  utilities.UtilityCustomFunctions - Exp EntityId:122112 Actual Entity Id:122112
17:48:57.584 [main] INFO  utilities.UtilityCustomFunctions - Within Date Diff Validation
17:48:58.744 [main] INFO  utilities.UtilityCustomFunctions - Passed: Scheduled Worflow task displayed in DB :122112and Task Id:79
18:26:20.829 [main] INFO  testCases.TC007_WF1_SN_Hourly - ******starting WF Schedule Notify Hourly****
18:26:20.832 [main] INFO  testCases.TC007_WF1_SN_Hourly - Test Execution on Browser: chrome
18:26:20.834 [main] INFO  testCases.TC007_WF1_SN_Hourly - Excel file Utility instance created
18:26:21.401 [main] INFO  testCases.TC007_WF1_SN_Hourly - Row Count is: 1
18:26:21.474 [main] INFO  testCases.TC007_WF1_SN_Hourly - Col Count is: 52
18:26:21.474 [main] INFO  testCases.TC007_WF1_SN_Hourly - Extracting DataSheet Values started...
18:26:25.029 [main] INFO  utilities.UtilityCustomFunctions - PN1:3618731943
18:26:25.030 [main] INFO  utilities.UtilityCustomFunctions - PN2:8198086081
18:26:25.030 [main] INFO  utilities.UtilityCustomFunctions - PN3:3528585079
18:26:25.030 [main] INFO  utilities.UtilityCustomFunctions - PN4:8707850418
18:26:33.688 [main] INFO  utilities.UtilityCustomFunctions - PRIYAN entered in  input
18:26:34.985 [main] INFO  utilities.UtilityCustomFunctions - rsoft entered in  input
18:26:36.240 [main] INFO  utilities.UtilityCustomFunctions - RSoft!@345 entered in  input
18:26:42.564 [main] INFO  testCases.TC007_WF1_SN_Hourly - CRM Login Success with:rsoft
18:26:42.565 [main] INFO  utilities.UtilityCustomFunctions - Actual:Login Success
18:26:42.565 [main] INFO  utilities.UtilityCustomFunctions - Expected:Login Success
18:26:42.565 [main] INFO  utilities.UtilityCustomFunctions - Message:User: rsoft
18:26:50.207 [main] INFO  testCases.TC007_WF1_SN_Hourly - Clicked Avatar
18:26:52.520 [main] INFO  testCases.TC007_WF1_SN_Hourly - Clicked Menu CRM Setting
18:26:52.722 [main] INFO  testCases.TC007_WF1_SN_Hourly - Clicked Menu Other Setting
18:26:55.302 [main] INFO  testCases.TC007_WF1_SN_Hourly - Clicked Menu Item Workflow
18:26:55.512 [main] INFO  testCases.TC007_WF1_SN_Hourly - Clicked Workflow from Combox Box List
18:26:57.528 [main] INFO  testCases.TC007_WF1_SN_Hourly - Item to be selected:  CRMScheduleNotification Workflow
18:27:03.817 [main] INFO  testCases.TC007_WF1_SN_Hourly - [CRMScheduleNotification Workflow] is selected in List
18:27:03.818 [main] INFO  testCases.TC007_WF1_SN_Hourly - Item selected in combox Box  CRMScheduleNotification Workflow
18:27:04.832 [main] INFO  testCases.TC007_WF1_SN_Hourly - Selected Module to View its Workflows
18:27:04.884 [main] INFO  testCases.TC007_WF1_SN_Hourly - Current Workflow Row item: 1
18:27:04.935 [main] INFO  testCases.TC007_WF1_SN_Hourly - Current style of Worflow Status Element captured
18:27:04.935 [main] INFO  testCases.TC007_WF1_SN_Hourly - Workflow status: of row item: 1 false
18:27:04.962 [main] INFO  testCases.TC007_WF1_SN_Hourly - Actual Module Name:  CRMScheduleNotification
18:27:04.962 [main] INFO  testCases.TC007_WF1_SN_Hourly - Actual Workflow Name:  WF6_ScheduleNotify_Yearly
18:27:04.962 [main] INFO  testCases.TC007_WF1_SN_Hourly - Actual Exec Condition Name:  schedule
18:27:04.962 [main] INFO  testCases.TC007_WF1_SN_Hourly - Module,workflow,conditions not matched 
18:27:04.962 [main] INFO  testCases.TC007_WF1_SN_Hourly - bCurrentWFStatus: false
18:27:04.962 [main] INFO  testCases.TC007_WF1_SN_Hourly - Current Workflow Row item: 2
18:27:05.014 [main] INFO  testCases.TC007_WF1_SN_Hourly - Current style of Worflow Status Element captured
18:27:05.014 [main] INFO  testCases.TC007_WF1_SN_Hourly - Workflow status: of row item: 2 false
18:27:05.042 [main] INFO  testCases.TC007_WF1_SN_Hourly - Actual Module Name:  CRMScheduleNotification
18:27:05.043 [main] INFO  testCases.TC007_WF1_SN_Hourly - Actual Workflow Name:  WF5_ScheduleNotify_MonthByDate
18:27:05.043 [main] INFO  testCases.TC007_WF1_SN_Hourly - Actual Exec Condition Name:  schedule
18:27:05.043 [main] INFO  testCases.TC007_WF1_SN_Hourly - Module,workflow,conditions not matched 
18:27:05.043 [main] INFO  testCases.TC007_WF1_SN_Hourly - bCurrentWFStatus: false
18:27:05.043 [main] INFO  testCases.TC007_WF1_SN_Hourly - Current Workflow Row item: 3
18:27:05.085 [main] INFO  testCases.TC007_WF1_SN_Hourly - Current style of Worflow Status Element captured
18:27:05.085 [main] INFO  testCases.TC007_WF1_SN_Hourly - Workflow status: of row item: 3 false
18:27:05.113 [main] INFO  testCases.TC007_WF1_SN_Hourly - Actual Module Name:  CRMScheduleNotification
18:27:05.113 [main] INFO  testCases.TC007_WF1_SN_Hourly - Actual Workflow Name:  WF4_ScheduleNotify_SpecificDate
18:27:05.113 [main] INFO  testCases.TC007_WF1_SN_Hourly - Actual Exec Condition Name:  schedule
18:27:05.113 [main] INFO  testCases.TC007_WF1_SN_Hourly - Module,workflow,conditions not matched 
18:27:05.113 [main] INFO  testCases.TC007_WF1_SN_Hourly - bCurrentWFStatus: false
18:27:05.113 [main] INFO  testCases.TC007_WF1_SN_Hourly - Current Workflow Row item: 4
18:27:05.152 [main] INFO  testCases.TC007_WF1_SN_Hourly - Current style of Worflow Status Element captured
18:27:05.152 [main] INFO  testCases.TC007_WF1_SN_Hourly - Workflow status: of row item: 4 false
18:27:05.179 [main] INFO  testCases.TC007_WF1_SN_Hourly - Actual Module Name:  CRMScheduleNotification
18:27:05.179 [main] INFO  testCases.TC007_WF1_SN_Hourly - Actual Workflow Name:  WF3_ScheduleNotify_Weekly
18:27:05.179 [main] INFO  testCases.TC007_WF1_SN_Hourly - Actual Exec Condition Name:  schedule
18:27:05.179 [main] INFO  testCases.TC007_WF1_SN_Hourly - Module,workflow,conditions not matched 
18:27:05.179 [main] INFO  testCases.TC007_WF1_SN_Hourly - bCurrentWFStatus: false
18:27:05.179 [main] INFO  testCases.TC007_WF1_SN_Hourly - Current Workflow Row item: 5
18:27:05.219 [main] INFO  testCases.TC007_WF1_SN_Hourly - Current style of Worflow Status Element captured
18:27:05.219 [main] INFO  testCases.TC007_WF1_SN_Hourly - Workflow status: of row item: 5 false
18:27:05.246 [main] INFO  testCases.TC007_WF1_SN_Hourly - Actual Module Name:  CRMScheduleNotification
18:27:05.246 [main] INFO  testCases.TC007_WF1_SN_Hourly - Actual Workflow Name:  WF2_ScheduleNotify_Daily
18:27:05.246 [main] INFO  testCases.TC007_WF1_SN_Hourly - Actual Exec Condition Name:  schedule
18:27:05.246 [main] INFO  testCases.TC007_WF1_SN_Hourly - Module,workflow,conditions not matched 
