17:42:03.212 [main] INFO  testCases.ExecuteTask.Notification.TC049_NT_ET_ETRM_DTAfterMinutes - Clicked Workflow and Navigated to Task Page
17:42:03.262 [main] INFO  testCases.ExecuteTask.Notification.TC049_NT_ET_ETRM_DTAfterMinutes - Number of Tasks Listed for this Workflow: wf_ET_ETRM_Notifications : 18
17:42:03.513 [main] INFO  utilities.UtilityCustomFunctions - Retrieved Action Type:notifications
  Send notification
17:42:03.513 [main] INFO  utilities.UtilityCustomFunctions - Retrieved Action Title:tskNT_ExecuteTask_TimeAfterMinutes
17:42:03.513 [main] INFO  utilities.UtilityCustomFunctions - Retrieved Expected Action Type:Send notification
17:42:03.513 [main] INFO  utilities.UtilityCustomFunctions - Retrieved Expected Action Title:tskNT_ExecuteTask_DTAfterMinutes
17:42:03.763 [main] INFO  utilities.UtilityCustomFunctions - Retrieved Action Type:notifications
  Send notification
17:42:03.763 [main] INFO  utilities.UtilityCustomFunctions - Retrieved Action Title:tskNT_ExecuteTask_DTBeforeDays
17:42:03.763 [main] INFO  utilities.UtilityCustomFunctions - Retrieved Expected Action Type:Send notification
17:42:03.763 [main] INFO  utilities.UtilityCustomFunctions - Retrieved Expected Action Title:tskNT_ExecuteTask_DTAfterMinutes
17:42:03.963 [main] INFO  utilities.UtilityCustomFunctions - Retrieved Action Type:notifications
  Send notification
17:42:03.963 [main] INFO  utilities.UtilityCustomFunctions - Retrieved Action Title:tskNT_ExecuteTask_DTBeforeHours
17:42:03.963 [main] INFO  utilities.UtilityCustomFunctions - Retrieved Expected Action Type:Send notification
17:42:03.963 [main] INFO  utilities.UtilityCustomFunctions - Retrieved Expected Action Title:tskNT_ExecuteTask_DTAfterMinutes
17:42:04.180 [main] INFO  utilities.UtilityCustomFunctions - Retrieved Action Type:notifications
  Send notification
17:42:04.180 [main] INFO  utilities.UtilityCustomFunctions - Retrieved Action Title:tskNT_ExecuteTask_DTBeforeMinutes
17:42:04.180 [main] INFO  utilities.UtilityCustomFunctions - Retrieved Expected Action Type:Send notification
17:42:04.180 [main] INFO  utilities.UtilityCustomFunctions - Retrieved Expected Action Title:tskNT_ExecuteTask_DTAfterMinutes
17:42:04.396 [main] INFO  utilities.UtilityCustomFunctions - Retrieved Action Type:notifications
  Send notification
17:42:04.396 [main] INFO  utilities.UtilityCustomFunctions - Retrieved Action Title:tskNT_ExecuteTask_DTAfterDays
17:42:04.396 [main] INFO  utilities.UtilityCustomFunctions - Retrieved Expected Action Type:Send notification
17:42:04.396 [main] INFO  utilities.UtilityCustomFunctions - Retrieved Expected Action Title:tskNT_ExecuteTask_DTAfterMinutes
17:42:04.597 [main] INFO  utilities.UtilityCustomFunctions - Retrieved Action Type:notifications
  Send notification
17:42:04.597 [main] INFO  utilities.UtilityCustomFunctions - Retrieved Action Title:tskNT_ExecuteTask_DTAfterMinutes
17:42:04.597 [main] INFO  utilities.UtilityCustomFunctions - Retrieved Expected Action Type:Send notification
17:42:04.597 [main] INFO  utilities.UtilityCustomFunctions - Retrieved Expected Action Title:tskNT_ExecuteTask_DTAfterMinutes
17:42:04.796 [main] INFO  utilities.UtilityCustomFunctions - Retrieved Action Type:notifications
  Send notification
17:42:04.796 [main] INFO  utilities.UtilityCustomFunctions - Retrieved Action Title:tskNT_ExecuteTask_DTAfterHours
17:42:04.796 [main] INFO  utilities.UtilityCustomFunctions - Retrieved Expected Action Type:Send notification
17:42:04.796 [main] INFO  utilities.UtilityCustomFunctions - Retrieved Expected Action Title:tskNT_ExecuteTask_DTAfterMinutes
17:42:05.014 [main] INFO  utilities.UtilityCustomFunctions - Retrieved Action Type:notifications
  Send notification
17:42:05.014 [main] INFO  utilities.UtilityCustomFunctions - Retrieved Action Title:tskNT_ExecuteTask_TimeBeforeMinutes
17:42:05.014 [main] INFO  utilities.UtilityCustomFunctions - Retrieved Expected Action Type:Send notification
17:42:05.014 [main] INFO  utilities.UtilityCustomFunctions - Retrieved Expected Action Title:tskNT_ExecuteTask_DTAfterMinutes
17:42:10.810 [main] INFO  testCases.ExecuteTask.Notification.TC049_NT_ET_ETRM_DTAfterMinutes - Task Deactivated for Action Type:notifications
  Send notificationand Action Title:tskNT_ExecuteTask_TimeBeforeMinutes
17:42:11.080 [main] INFO  utilities.UtilityCustomFunctions - Retrieved Action Type:notifications
  Send notification
17:42:11.080 [main] INFO  utilities.UtilityCustomFunctions - Retrieved Action Title:tskNT_ExecuteTask_TimeBeforeHours
17:42:11.080 [main] INFO  utilities.UtilityCustomFunctions - Retrieved Expected Action Type:Send notification
17:42:11.080 [main] INFO  utilities.UtilityCustomFunctions - Retrieved Expected Action Title:tskNT_ExecuteTask_DTAfterMinutes
17:42:11.312 [main] INFO  utilities.UtilityCustomFunctions - Retrieved Action Type:notifications
  Send notification
17:42:11.312 [main] INFO  utilities.UtilityCustomFunctions - Retrieved Action Title:tskNT_ExecuteTask_CTAfterMinutes
17:42:11.312 [main] INFO  utilities.UtilityCustomFunctions - Retrieved Expected Action Type:Send notification
17:42:11.312 [main] INFO  utilities.UtilityCustomFunctions - Retrieved Expected Action Title:tskNT_ExecuteTask_DTAfterMinutes
17:42:11.513 [main] INFO  utilities.UtilityCustomFunctions - Retrieved Action Type:notifications
  Send notification
17:42:11.513 [main] INFO  utilities.UtilityCustomFunctions - Retrieved Action Title:tskNT_ExecuteTask_TimeAfterHours
17:42:11.513 [main] INFO  utilities.UtilityCustomFunctions - Retrieved Expected Action Type:Send notification
17:42:11.513 [main] INFO  utilities.UtilityCustomFunctions - Retrieved Expected Action Title:tskNT_ExecuteTask_DTAfterMinutes
17:42:11.713 [main] INFO  utilities.UtilityCustomFunctions - Retrieved Action Type:notifications
  Send notification
17:42:11.713 [main] INFO  utilities.UtilityCustomFunctions - Retrieved Action Title:tskNT_ExecuteTask_DateBeforeDays
17:42:11.713 [main] INFO  utilities.UtilityCustomFunctions - Retrieved Expected Action Type:Send notification
17:42:11.713 [main] INFO  utilities.UtilityCustomFunctions - Retrieved Expected Action Title:tskNT_ExecuteTask_DTAfterMinutes
17:42:11.913 [main] INFO  utilities.UtilityCustomFunctions - Retrieved Action Type:notifications
  Send notification
17:42:11.913 [main] INFO  utilities.UtilityCustomFunctions - Retrieved Action Title:tskNT_ExecuteTask_DateAfterDays
17:42:11.913 [main] INFO  utilities.UtilityCustomFunctions - Retrieved Expected Action Type:Send notification
17:42:11.913 [main] INFO  utilities.UtilityCustomFunctions - Retrieved Expected Action Title:tskNT_ExecuteTask_DTAfterMinutes
17:42:12.113 [main] INFO  utilities.UtilityCustomFunctions - Retrieved Action Type:notifications
  Send notification
17:42:12.113 [main] INFO  utilities.UtilityCustomFunctions - Retrieved Action Title:tskNT_ExecuteTask_MTAfterDays
17:42:12.113 [main] INFO  utilities.UtilityCustomFunctions - Retrieved Expected Action Type:Send notification
17:42:12.113 [main] INFO  utilities.UtilityCustomFunctions - Retrieved Expected Action Title:tskNT_ExecuteTask_DTAfterMinutes
17:42:12.345 [main] INFO  utilities.UtilityCustomFunctions - Retrieved Action Type:notifications
  Send notification
17:42:12.345 [main] INFO  utilities.UtilityCustomFunctions - Retrieved Action Title:tskNT_ExecuteTask_MTAfterHours
17:42:12.345 [main] INFO  utilities.UtilityCustomFunctions - Retrieved Expected Action Type:Send notification
17:42:12.345 [main] INFO  utilities.UtilityCustomFunctions - Retrieved Expected Action Title:tskNT_ExecuteTask_DTAfterMinutes
17:42:12.577 [main] INFO  utilities.UtilityCustomFunctions - Retrieved Action Type:notifications
  Send notification
17:42:12.577 [main] INFO  utilities.UtilityCustomFunctions - Retrieved Action Title:tskNT_ExecuteTask_MTAfterMinutes
17:42:12.577 [main] INFO  utilities.UtilityCustomFunctions - Retrieved Expected Action Type:Send notification
17:42:12.577 [main] INFO  utilities.UtilityCustomFunctions - Retrieved Expected Action Title:tskNT_ExecuteTask_DTAfterMinutes
17:42:12.796 [main] INFO  utilities.UtilityCustomFunctions - Retrieved Action Type:notifications
  Send notification
17:42:12.796 [main] INFO  utilities.UtilityCustomFunctions - Retrieved Action Title:tskNT_ExecuteTask_CTAfterDays
17:42:12.796 [main] INFO  utilities.UtilityCustomFunctions - Retrieved Expected Action Type:Send notification
17:42:12.796 [main] INFO  utilities.UtilityCustomFunctions - Retrieved Expected Action Title:tskNT_ExecuteTask_DTAfterMinutes
17:42:12.994 [main] INFO  utilities.UtilityCustomFunctions - Retrieved Action Type:notifications
  Send notification
17:42:13.010 [main] INFO  utilities.UtilityCustomFunctions - Retrieved Action Title:tskNT_ExecuteTask_CTAfterHours
17:42:13.010 [main] INFO  utilities.UtilityCustomFunctions - Retrieved Expected Action Type:Send notification
17:42:13.010 [main] INFO  utilities.UtilityCustomFunctions - Retrieved Expected Action Title:tskNT_ExecuteTask_DTAfterMinutes
17:42:14.015 [main] INFO  utilities.UtilityCustomFunctions - Out of for loop:true
17:42:20.779 [main] INFO  testCases.ExecuteTask.Notification.TC049_NT_ET_ETRM_DTAfterMinutes - Clicked Workflow and Navigated to Task Page
17:42:20.779 [main] INFO  testCases.ExecuteTask.Notification.TC049_NT_ET_ETRM_DTAfterMinutes - Task Active Send notification  tskNT_ExecuteTask_DTAfterMinutes
17:42:31.992 [main] INFO  utilities.UtilityCustomFunctions - Click Module:ETNotification
17:42:35.017 [main] INFO  utilities.UtilityCustomFunctions - Add New Record clicked:ETNotification
17:42:37.029 [main] INFO  utilities.UtilityCustomFunctions - Excel file Utility instance created
17:42:37.075 [main] INFO  utilities.UtilityCustomFunctions - Row Count to Add Values: 1
17:42:37.178 [main] INFO  utilities.UtilityCustomFunctions - Col Count is: 37
17:42:37.178 [main] INFO  utilities.UtilityCustomFunctions - Extracting DataSheet Values started...
17:42:38.472 [main] INFO  utilities.UtilityCustomFunctions - Before Adding Module data
17:42:39.667 [main] INFO  utilities.UtilityCustomFunctions - Assinged To Drop Down clicked
17:42:44.976 [main] INFO  testCases.ExecuteTask.Notification.TC049_NT_ET_ETRM_DTAfterMinutes - [Rsoft IT] is selected in List
17:42:45.132 [main] INFO  utilities.UtilityCustomFunctions - Phone NUmber prefix clicked :  
17:42:48.544 [main] INFO  testCases.ExecuteTask.Notification.TC049_NT_ET_ETRM_DTAfterMinutes - [+91] is selected in List
17:42:48.547 [main] INFO  utilities.UtilityCustomFunctions - Phone NUmber selected is :  9087654321
17:42:50.182 [main] INFO  utilities.UtilityCustomFunctions - 9087654321 entered in  input
17:42:53.810 [main] INFO  utilities.UtilityCustomFunctions - NewAdd@gmail.com entered in  input
17:42:54.845 [main] INFO  utilities.UtilityCustomFunctions - Email Added is: NewAdd@gmail.com
17:42:56.333 [main] INFO  utilities.UtilityCustomFunctions - NewAddText entered in  input
17:42:56.349 [main] INFO  utilities.UtilityCustomFunctions - Text Value added is::  NewAddText
17:43:18.899 [main] INFO  utilities.UtilityCustomFunctions - MultiCombo box values: one,two
17:43:21.489 [main] INFO  utilities.UtilityCustomFunctions - NewAddTextArea entered in  textarea
17:43:23.562 [main] INFO  utilities.UtilityCustomFunctions - check box value: ON
17:43:23.682 [main] INFO  utilities.UtilityCustomFunctions - Checkbox clicked
17:43:23.815 [main] INFO  utilities.UtilityCustomFunctions - DateBox clicked
17:43:30.093 [main] INFO  utilities.UtilityCustomFunctions - Current Month:May
17:43:36.759 [main] INFO  utilities.UtilityCustomFunctions - Year to be selected is:2024
17:43:39.431 [main] INFO  utilities.UtilityCustomFunctions - Control Type:sDate
17:43:43.458 [main] INFO  utilities.UtilityCustomFunctions - (//td[contains(@class,'today')])[1]
17:43:45.675 [main] INFO  utilities.UtilityCustomFunctions - Today Date Selected
17:43:47.845 [main] INFO  utilities.UtilityCustomFunctions - Picklist clicked
17:43:48.949 [main] INFO  utilities.UtilityCustomFunctions - Picklist selected: 1
17:43:56.313 [main] INFO  utilities.UtilityCustomFunctions - Date & Time Clicked
17:50:00.246 [main] INFO  utilities.UtilityCustomFunctions - ******starting TC049_NT_ET_ETRM_DTAfterMinutes ****
17:50:00.252 [main] INFO  utilities.UtilityCustomFunctions - Browser Execution on: chrome
17:50:00.256 [main] INFO  utilities.UtilityCustomFunctions - Excel file Utility instance created
17:50:01.864 [main] INFO  utilities.UtilityCustomFunctions - Total rows: 1
17:50:02.118 [main] INFO  utilities.UtilityCustomFunctions - Cols Count: 37
17:50:02.118 [main] INFO  utilities.UtilityCustomFunctions - Extracting DataSheet Values started...
17:50:08.372 [main] INFO  utilities.UtilityCustomFunctions - PRIYAN entered in  input
17:50:10.091 [main] INFO  utilities.UtilityCustomFunctions - rsoft entered in  input
17:50:12.073 [main] INFO  utilities.UtilityCustomFunctions - RSoft!@345 entered in  input
17:50:21.205 [main] INFO  testCases.ExecuteTask.Notification.TC049_NT_ET_ETRM_DTAfterMinutes - Clicked Avatar
17:50:25.358 [main] INFO  testCases.ExecuteTask.Notification.TC049_NT_ET_ETRM_DTAfterMinutes - Clicked Menu CRM Setting
17:50:27.636 [main] INFO  testCases.ExecuteTask.Notification.TC049_NT_ET_ETRM_DTAfterMinutes - Clicked Menu Other Setting
17:50:34.136 [main] INFO  testCases.ExecuteTask.Notification.TC049_NT_ET_ETRM_DTAfterMinutes - Clicked Menu Item Workflow
17:50:34.455 [main] INFO  testCases.ExecuteTask.Notification.TC049_NT_ET_ETRM_DTAfterMinutes - Clicked Workflow from Combox Box List
17:50:36.470 [main] INFO  testCases.ExecuteTask.Notification.TC049_NT_ET_ETRM_DTAfterMinutes - Item to be selected:  ETNotification Workflow
17:50:43.112 [main] INFO  testCases.ExecuteTask.Notification.TC049_NT_ET_ETRM_DTAfterMinutes - [ETNotification Workflow] is selected in List
17:50:43.112 [main] INFO  testCases.ExecuteTask.Notification.TC049_NT_ET_ETRM_DTAfterMinutes - Item selected in combox Box  ETNotification Workflow
17:50:46.135 [main] INFO  testCases.ExecuteTask.Notification.TC049_NT_ET_ETRM_DTAfterMinutes - Selected Module to View its Workflows
17:50:46.359 [main] INFO  testCases.ExecuteTask.Notification.TC049_NT_ET_ETRM_DTAfterMinutes - Module,workflow,conditions not matched 
17:50:46.359 [main] INFO  testCases.ExecuteTask.Notification.TC049_NT_ET_ETRM_DTAfterMinutes - bCurrentWFStatus: false
17:50:46.470 [main] INFO  testCases.ExecuteTask.Notification.TC049_NT_ET_ETRM_DTAfterMinutes - Module,workflow,conditions not matched 
17:50:46.470 [main] INFO  testCases.ExecuteTask.Notification.TC049_NT_ET_ETRM_DTAfterMinutes - bCurrentWFStatus: false
17:50:46.604 [main] INFO  testCases.ExecuteTask.Notification.TC049_NT_ET_ETRM_DTAfterMinutes - Module,workflow,condition matches
17:50:46.604 [main] INFO  testCases.ExecuteTask.Notification.TC049_NT_ET_ETRM_DTAfterMinutes - bCurrentWFStatus: true
17:50:46.604 [main] INFO  testCases.ExecuteTask.Notification.TC049_NT_ET_ETRM_DTAfterMinutes - wf_ET_ETRM_NotificationsWorkflow enabled
17:50:46.620 [main] INFO  utilities.UtilityCustomFunctions - wf_ET_ETRM_NotificationsDisabled Workflow Manually Enabled
17:50:46.620 [main] INFO  testCases.ExecuteTask.Notification.TC049_NT_ET_ETRM_DTAfterMinutes - true:3
17:50:54.299 [main] INFO  testCases.ExecuteTask.Notification.TC049_NT_ET_ETRM_DTAfterMinutes - Work flow clicked
17:51:01.812 [main] INFO  testCases.ExecuteTask.Notification.TC049_NT_ET_ETRM_DTAfterMinutes - Cliked Step 1 Next Button to Condition Page
17:51:07.374 [main] INFO  testCases.ExecuteTask.Notification.TC049_NT_ET_ETRM_DTAfterMinutes - Cliked Step 2 Next Button to Task List Page
17:51:08.386 [main] INFO  testCases.ExecuteTask.Notification.TC049_NT_ET_ETRM_DTAfterMinutes - Clicked Workflow and Navigated to Task Page
17:51:08.419 [main] INFO  testCases.ExecuteTask.Notification.TC049_NT_ET_ETRM_DTAfterMinutes - Number of Tasks Listed for this Workflow: wf_ET_ETRM_Notifications : 18
17:51:08.669 [main] INFO  utilities.UtilityCustomFunctions - Retrieved Action Type:notifications
  Send notification
17:51:08.669 [main] INFO  utilities.UtilityCustomFunctions - Retrieved Action Title:tskNT_ExecuteTask_TimeAfterMinutes
17:51:08.669 [main] INFO  utilities.UtilityCustomFunctions - Retrieved Expected Action Type:Send notification
17:51:08.669 [main] INFO  utilities.UtilityCustomFunctions - Retrieved Expected Action Title:tskNT_ExecuteTask_DTAfterMinutes
17:51:08.903 [main] INFO  utilities.UtilityCustomFunctions - Retrieved Action Type:notifications
  Send notification
17:51:08.903 [main] INFO  utilities.UtilityCustomFunctions - Retrieved Action Title:tskNT_ExecuteTask_DTBeforeDays
17:51:08.903 [main] INFO  utilities.UtilityCustomFunctions - Retrieved Expected Action Type:Send notification
17:51:08.903 [main] INFO  utilities.UtilityCustomFunctions - Retrieved Expected Action Title:tskNT_ExecuteTask_DTAfterMinutes
17:51:09.103 [main] INFO  utilities.UtilityCustomFunctions - Retrieved Action Type:notifications
  Send notification
17:51:09.103 [main] INFO  utilities.UtilityCustomFunctions - Retrieved Action Title:tskNT_ExecuteTask_DTBeforeHours
17:51:09.103 [main] INFO  utilities.UtilityCustomFunctions - Retrieved Expected Action Type:Send notification
17:51:09.103 [main] INFO  utilities.UtilityCustomFunctions - Retrieved Expected Action Title:tskNT_ExecuteTask_DTAfterMinutes
17:51:09.303 [main] INFO  utilities.UtilityCustomFunctions - Retrieved Action Type:notifications
  Send notification
17:51:09.303 [main] INFO  utilities.UtilityCustomFunctions - Retrieved Action Title:tskNT_ExecuteTask_DTBeforeMinutes
17:51:09.303 [main] INFO  utilities.UtilityCustomFunctions - Retrieved Expected Action Type:Send notification
17:51:09.303 [main] INFO  utilities.UtilityCustomFunctions - Retrieved Expected Action Title:tskNT_ExecuteTask_DTAfterMinutes
17:51:09.553 [main] INFO  utilities.UtilityCustomFunctions - Retrieved Action Type:notifications
  Send notification
17:51:09.553 [main] INFO  utilities.UtilityCustomFunctions - Retrieved Action Title:tskNT_ExecuteTask_DTAfterDays
17:51:09.553 [main] INFO  utilities.UtilityCustomFunctions - Retrieved Expected Action Type:Send notification
17:51:09.553 [main] INFO  utilities.UtilityCustomFunctions - Retrieved Expected Action Title:tskNT_ExecuteTask_DTAfterMinutes
17:51:09.769 [main] INFO  utilities.UtilityCustomFunctions - Retrieved Action Type:notifications
  Send notification
17:51:09.769 [main] INFO  utilities.UtilityCustomFunctions - Retrieved Action Title:tskNT_ExecuteTask_DTAfterMinutes
17:51:09.769 [main] INFO  utilities.UtilityCustomFunctions - Retrieved Expected Action Type:Send notification
17:51:09.769 [main] INFO  utilities.UtilityCustomFunctions - Retrieved Expected Action Title:tskNT_ExecuteTask_DTAfterMinutes
17:51:09.769 [main] INFO  testCases.ExecuteTask.Notification.TC049_NT_ET_ETRM_DTAfterMinutes - Action Type and Action Tile matches and also Task Button Enabled
17:51:09.970 [main] INFO  utilities.UtilityCustomFunctions - Retrieved Action Type:notifications
  Send notification
17:51:09.986 [main] INFO  utilities.UtilityCustomFunctions - Retrieved Action Title:tskNT_ExecuteTask_DTAfterHours
17:51:09.986 [main] INFO  utilities.UtilityCustomFunctions - Retrieved Expected Action Type:Send notification
17:51:09.986 [main] INFO  utilities.UtilityCustomFunctions - Retrieved Expected Action Title:tskNT_ExecuteTask_DTAfterMinutes
17:51:10.186 [main] INFO  utilities.UtilityCustomFunctions - Retrieved Action Type:notifications
  Send notification
17:51:10.186 [main] INFO  utilities.UtilityCustomFunctions - Retrieved Action Title:tskNT_ExecuteTask_TimeBeforeMinutes
17:51:10.186 [main] INFO  utilities.UtilityCustomFunctions - Retrieved Expected Action Type:Send notification
17:51:10.186 [main] INFO  utilities.UtilityCustomFunctions - Retrieved Expected Action Title:tskNT_ExecuteTask_DTAfterMinutes
17:51:10.403 [main] INFO  utilities.UtilityCustomFunctions - Retrieved Action Type:notifications
  Send notification
17:51:10.403 [main] INFO  utilities.UtilityCustomFunctions - Retrieved Action Title:tskNT_ExecuteTask_TimeBeforeHours
17:51:10.403 [main] INFO  utilities.UtilityCustomFunctions - Retrieved Expected Action Type:Send notification
17:51:10.403 [main] INFO  utilities.UtilityCustomFunctions - Retrieved Expected Action Title:tskNT_ExecuteTask_DTAfterMinutes
17:51:10.645 [main] INFO  utilities.UtilityCustomFunctions - Retrieved Action Type:notifications
  Send notification
17:51:10.645 [main] INFO  utilities.UtilityCustomFunctions - Retrieved Action Title:tskNT_ExecuteTask_CTAfterMinutes
17:51:10.645 [main] INFO  utilities.UtilityCustomFunctions - Retrieved Expected Action Type:Send notification
17:51:10.645 [main] INFO  utilities.UtilityCustomFunctions - Retrieved Expected Action Title:tskNT_ExecuteTask_DTAfterMinutes
17:51:10.869 [main] INFO  utilities.UtilityCustomFunctions - Retrieved Action Type:notifications
  Send notification
17:51:10.869 [main] INFO  utilities.UtilityCustomFunctions - Retrieved Action Title:tskNT_ExecuteTask_TimeAfterHours
17:51:10.869 [main] INFO  utilities.UtilityCustomFunctions - Retrieved Expected Action Type:Send notification
17:51:10.869 [main] INFO  utilities.UtilityCustomFunctions - Retrieved Expected Action Title:tskNT_ExecuteTask_DTAfterMinutes
17:51:11.088 [main] INFO  utilities.UtilityCustomFunctions - Retrieved Action Type:notifications
  Send notification
17:51:11.088 [main] INFO  utilities.UtilityCustomFunctions - Retrieved Action Title:tskNT_ExecuteTask_DateBeforeDays
17:51:11.088 [main] INFO  utilities.UtilityCustomFunctions - Retrieved Expected Action Type:Send notification
17:51:11.088 [main] INFO  utilities.UtilityCustomFunctions - Retrieved Expected Action Title:tskNT_ExecuteTask_DTAfterMinutes
17:51:11.286 [main] INFO  utilities.UtilityCustomFunctions - Retrieved Action Type:notifications
  Send notification
17:51:11.286 [main] INFO  utilities.UtilityCustomFunctions - Retrieved Action Title:tskNT_ExecuteTask_DateAfterDays
17:51:11.286 [main] INFO  utilities.UtilityCustomFunctions - Retrieved Expected Action Type:Send notification
17:51:11.286 [main] INFO  utilities.UtilityCustomFunctions - Retrieved Expected Action Title:tskNT_ExecuteTask_DTAfterMinutes
17:51:11.503 [main] INFO  utilities.UtilityCustomFunctions - Retrieved Action Type:notifications
  Send notification
17:51:11.503 [main] INFO  utilities.UtilityCustomFunctions - Retrieved Action Title:tskNT_ExecuteTask_MTAfterDays
17:51:11.503 [main] INFO  utilities.UtilityCustomFunctions - Retrieved Expected Action Type:Send notification
17:51:11.503 [main] INFO  utilities.UtilityCustomFunctions - Retrieved Expected Action Title:tskNT_ExecuteTask_DTAfterMinutes
17:51:11.746 [main] INFO  utilities.UtilityCustomFunctions - Retrieved Action Type:notifications
  Send notification
17:51:11.746 [main] INFO  utilities.UtilityCustomFunctions - Retrieved Action Title:tskNT_ExecuteTask_MTAfterHours
17:51:11.746 [main] INFO  utilities.UtilityCustomFunctions - Retrieved Expected Action Type:Send notification
17:51:11.746 [main] INFO  utilities.UtilityCustomFunctions - Retrieved Expected Action Title:tskNT_ExecuteTask_DTAfterMinutes
17:51:11.985 [main] INFO  utilities.UtilityCustomFunctions - Retrieved Action Type:notifications
  Send notification
17:51:11.985 [main] INFO  utilities.UtilityCustomFunctions - Retrieved Action Title:tskNT_ExecuteTask_MTAfterMinutes
17:51:11.985 [main] INFO  utilities.UtilityCustomFunctions - Retrieved Expected Action Type:Send notification
17:51:11.985 [main] INFO  utilities.UtilityCustomFunctions - Retrieved Expected Action Title:tskNT_ExecuteTask_DTAfterMinutes
17:51:12.186 [main] INFO  utilities.UtilityCustomFunctions - Retrieved Action Type:notifications
  Send notification
17:51:12.186 [main] INFO  utilities.UtilityCustomFunctions - Retrieved Action Title:tskNT_ExecuteTask_CTAfterDays
17:51:12.186 [main] INFO  utilities.UtilityCustomFunctions - Retrieved Expected Action Type:Send notification
17:51:12.186 [main] INFO  utilities.UtilityCustomFunctions - Retrieved Expected Action Title:tskNT_ExecuteTask_DTAfterMinutes
17:51:12.386 [main] INFO  utilities.UtilityCustomFunctions - Retrieved Action Type:notifications
  Send notification
17:51:12.386 [main] INFO  utilities.UtilityCustomFunctions - Retrieved Action Title:tskNT_ExecuteTask_CTAfterHours
17:51:12.386 [main] INFO  utilities.UtilityCustomFunctions - Retrieved Expected Action Type:Send notification
17:51:12.386 [main] INFO  utilities.UtilityCustomFunctions - Retrieved Expected Action Title:tskNT_ExecuteTask_DTAfterMinutes
17:51:13.402 [main] INFO  utilities.UtilityCustomFunctions - Out of for loop:false
17:51:18.219 [main] INFO  testCases.ExecuteTask.Notification.TC049_NT_ET_ETRM_DTAfterMinutes - Clicked Workflow and Navigated to Task Page
17:51:18.220 [main] INFO  testCases.ExecuteTask.Notification.TC049_NT_ET_ETRM_DTAfterMinutes - Task Active Send notification  tskNT_ExecuteTask_DTAfterMinutes
17:51:29.570 [main] INFO  utilities.UtilityCustomFunctions - Click Module:ETNotification
17:51:32.781 [main] INFO  utilities.UtilityCustomFunctions - Add New Record clicked:ETNotification
17:51:34.786 [main] INFO  utilities.UtilityCustomFunctions - Excel file Utility instance created
17:51:34.874 [main] INFO  utilities.UtilityCustomFunctions - Row Count to Add Values: 1
17:51:34.934 [main] INFO  utilities.UtilityCustomFunctions - Col Count is: 37
17:51:34.934 [main] INFO  utilities.UtilityCustomFunctions - Extracting DataSheet Values started...
17:51:36.001 [main] INFO  utilities.UtilityCustomFunctions - Before Adding Module data
17:51:37.197 [main] INFO  utilities.UtilityCustomFunctions - Assinged To Drop Down clicked
17:51:42.550 [main] INFO  testCases.ExecuteTask.Notification.TC049_NT_ET_ETRM_DTAfterMinutes - [Rsoft IT] is selected in List
17:51:42.688 [main] INFO  utilities.UtilityCustomFunctions - Phone NUmber prefix clicked :  
17:51:46.010 [main] INFO  testCases.ExecuteTask.Notification.TC049_NT_ET_ETRM_DTAfterMinutes - [+91] is selected in List
17:51:46.010 [main] INFO  utilities.UtilityCustomFunctions - Phone NUmber selected is :  9087654321
17:51:47.640 [main] INFO  utilities.UtilityCustomFunctions - 9087654321 entered in  input
17:51:51.257 [main] INFO  utilities.UtilityCustomFunctions - NewAdd@gmail.com entered in  input
17:51:52.285 [main] INFO  utilities.UtilityCustomFunctions - Email Added is: NewAdd@gmail.com
17:51:53.692 [main] INFO  utilities.UtilityCustomFunctions - NewAddText entered in  input
17:51:53.710 [main] INFO  utilities.UtilityCustomFunctions - Text Value added is::  NewAddText
17:52:16.153 [main] INFO  utilities.UtilityCustomFunctions - MultiCombo box values: one,two
17:52:18.690 [main] INFO  utilities.UtilityCustomFunctions - NewAddTextArea entered in  textarea
17:52:20.768 [main] INFO  utilities.UtilityCustomFunctions - check box value: ON
17:52:20.908 [main] INFO  utilities.UtilityCustomFunctions - Checkbox clicked
17:52:21.044 [main] INFO  utilities.UtilityCustomFunctions - DateBox clicked
17:52:27.369 [main] INFO  utilities.UtilityCustomFunctions - Current Month:May
17:52:33.985 [main] INFO  utilities.UtilityCustomFunctions - Year to be selected is:2024
17:52:36.660 [main] INFO  utilities.UtilityCustomFunctions - Control Type:sDate
17:52:40.685 [main] INFO  utilities.UtilityCustomFunctions - (//td[contains(@class,'today')])[1]
17:52:42.897 [main] INFO  utilities.UtilityCustomFunctions - Today Date Selected
17:52:45.102 [main] INFO  utilities.UtilityCustomFunctions - Picklist clicked
17:52:46.235 [main] INFO  utilities.UtilityCustomFunctions - Picklist selected: 1
17:52:53.644 [main] INFO  utilities.UtilityCustomFunctions - Date & Time Clicked
17:53:08.997 [main] INFO  testCases.ExecuteTask.Notification.TC049_NT_ET_ETRM_DTAfterMinutes - [8] is selected in List
17:53:14.457 [main] INFO  testCases.ExecuteTask.Notification.TC049_NT_ET_ETRM_DTAfterMinutes - [00] is selected in List
17:53:20.010 [main] INFO  testCases.ExecuteTask.Notification.TC049_NT_ET_ETRM_DTAfterMinutes - [00] is selected in List
17:53:25.516 [main] INFO  testCases.ExecuteTask.Notification.TC049_NT_ET_ETRM_DTAfterMinutes - [PM] is selected in List
17:53:26.517 [main] INFO  utilities.UtilityCustomFunctions - Clicked Current Date in Date&Time
17:53:26.684 [main] INFO  utilities.UtilityCustomFunctions - Date & Time Selected
17:53:27.855 [main] INFO  utilities.UtilityCustomFunctions - Time Clicked
17:53:30.868 [main] INFO  utilities.UtilityCustomFunctions - Hours://div[@class='popover-content']//div[@class='clockpicker-tick' and text()='8']
17:53:42.403 [main] INFO  utilities.UtilityCustomFunctions - Actual Date Selected :31-05-2024
17:53:46.395 [main] INFO  testCases.ExecuteTask.Notification.TC049_NT_ET_ETRM_DTAfterMinutes - [Mr.] is selected in List
17:53:47.915 [main] INFO  utilities.UtilityCustomFunctions - NewAddName entered in  input
17:53:49.387 [main] INFO  utilities.UtilityCustomFunctions - 1111111111 entered in  input
17:53:50.786 [main] INFO  utilities.UtilityCustomFunctions - 1,000 entered in  input
17:53:52.319 [main] INFO  utilities.UtilityCustomFunctions - http://www.google.com/ entered in  input
17:53:53.483 [main] INFO  utilities.UtilityCustomFunctions - City Drop Down clicked
17:53:56.814 [main] INFO  testCases.ExecuteTask.Notification.TC049_NT_ET_ETRM_DTAfterMinutes - [Ariyalur] is selected in List
17:53:56.814 [main] INFO  utilities.UtilityCustomFunctions - City Selected: Ariyalur
17:53:57.955 [main] INFO  utilities.UtilityCustomFunctions - State Drop Down clicked
17:54:01.618 [main] INFO  testCases.ExecuteTask.Notification.TC049_NT_ET_ETRM_DTAfterMinutes - [Tamilnadu] is selected in List
17:54:01.618 [main] INFO  utilities.UtilityCustomFunctions - State Selected: Tamilnadu
17:54:02.789 [main] INFO  utilities.UtilityCustomFunctions - Country List clicked
17:54:06.105 [main] INFO  testCases.ExecuteTask.Notification.TC049_NT_ET_ETRM_DTAfterMinutes - [India] is selected in List
17:54:06.105 [main] INFO  utilities.UtilityCustomFunctions - Country Selected: India
17:54:23.057 [main] INFO  utilities.UtilityCustomFunctions - RelatedModuleText entered in  input
17:54:23.075 [main] INFO  utilities.UtilityCustomFunctions - Search Button clicked in Related Module Window
17:54:26.802 [main] INFO  utilities.UtilityCustomFunctions - Button Search
17:54:29.911 [main] INFO  utilities.UtilityCustomFunctions - table row Count:1
17:54:38.652 [main] INFO  utilities.UtilityCustomFunctions - Related Module Value Selected
17:54:49.467 [main] INFO  utilities.UtilityCustomFunctions - New Record added in: ETNotification
17:55:00.530 [main] INFO  utilities.UtilityCustomFunctions - testing entered in  input
17:55:01.000 [main] INFO  utilities.UtilityCustomFunctions - dCr2KGiHBrC2!@ entered in  input
17:55:29.816 [main] INFO  testCases.ExecuteTask.Notification.TC049_NT_ET_ETRM_DTAfterMinutes - [PRIMARY (DESC)] is selected in List
17:55:34.819 [main] INFO  utilities.UtilityCustomFunctions - Entity Id Searched: 126418
17:55:39.223 [main] INFO  utilities.UtilityCustomFunctions - Entity Id Searched: 126418
17:55:40.571 [main] INFO  utilities.UtilityCustomFunctions - Passed: Actual EntityId: 126418 Not Created in DB for Every Time Record Modifies condition for DTAfterMinutes Task @Add New
17:55:46.305 [main] INFO  utilities.UtilityCustomFunctions - PRIYAN entered in  input
17:55:47.795 [main] INFO  utilities.UtilityCustomFunctions - rsoft entered in  input
17:55:49.339 [main] INFO  utilities.UtilityCustomFunctions - RSoft!@345 entered in  input
17:56:18.547 [main] INFO  utilities.UtilityCustomFunctions - Excel file Utility instance created
17:56:18.632 [main] INFO  utilities.UtilityCustomFunctions - Row Count to Add Values: 1
17:56:18.699 [main] INFO  utilities.UtilityCustomFunctions - Col Count is: 36
17:56:18.699 [main] INFO  utilities.UtilityCustomFunctions - Extracting DataSheet Values started...
17:56:19.564 [main] INFO  utilities.UtilityCustomFunctions - Before Adding Module data
17:56:20.720 [main] INFO  utilities.UtilityCustomFunctions - Assinged To Drop Down clicked
17:56:26.141 [main] INFO  testCases.ExecuteTask.Notification.TC049_NT_ET_ETRM_DTAfterMinutes - [Rsoft IT] is selected in List
17:56:26.418 [main] INFO  utilities.UtilityCustomFunctions - Phone NUmber prefix clicked :  
17:56:29.706 [main] INFO  testCases.ExecuteTask.Notification.TC049_NT_ET_ETRM_DTAfterMinutes - [+91] is selected in List
17:56:29.706 [main] INFO  utilities.UtilityCustomFunctions - Phone NUmber selected is :  1234567890
17:56:31.333 [main] INFO  utilities.UtilityCustomFunctions - 1234567890 entered in  input
17:56:35.070 [main] INFO  utilities.UtilityCustomFunctions - SummaryAdd@gmail.com entered in  input
17:56:36.080 [main] INFO  utilities.UtilityCustomFunctions - Email Added is: SummaryAdd@gmail.com
17:56:37.550 [main] INFO  utilities.UtilityCustomFunctions - SummaryAddText entered in  input
17:56:37.568 [main] INFO  utilities.UtilityCustomFunctions - Text Value added is::  SummaryAddText
17:56:59.938 [main] INFO  utilities.UtilityCustomFunctions - MultiCombo box values: three,four
17:57:02.502 [main] INFO  utilities.UtilityCustomFunctions - SummaryAddTextArea entered in  textarea
17:57:04.580 [main] INFO  utilities.UtilityCustomFunctions - check box value: ON
17:57:04.700 [main] INFO  utilities.UtilityCustomFunctions - Checkbox clicked
17:57:04.841 [main] INFO  utilities.UtilityCustomFunctions - DateBox clicked
17:57:11.098 [main] INFO  utilities.UtilityCustomFunctions - Current Month:May
17:57:17.683 [main] INFO  utilities.UtilityCustomFunctions - Year to be selected is:2024
17:57:20.443 [main] INFO  utilities.UtilityCustomFunctions - Control Type:sDate
17:57:24.448 [main] INFO  utilities.UtilityCustomFunctions - (//td[contains(@class,'today')])[1]
17:57:26.673 [main] INFO  utilities.UtilityCustomFunctions - Today Date Selected
17:57:28.846 [main] INFO  utilities.UtilityCustomFunctions - Picklist clicked
17:57:30.035 [main] INFO  utilities.UtilityCustomFunctions - Picklist selected: 1
17:57:37.377 [main] INFO  utilities.UtilityCustomFunctions - Date & Time Clicked
17:57:52.799 [main] INFO  testCases.ExecuteTask.Notification.TC049_NT_ET_ETRM_DTAfterMinutes - [9] is selected in List
17:57:58.302 [main] INFO  testCases.ExecuteTask.Notification.TC049_NT_ET_ETRM_DTAfterMinutes - [00] is selected in List
17:58:03.787 [main] INFO  testCases.ExecuteTask.Notification.TC049_NT_ET_ETRM_DTAfterMinutes - [00] is selected in List
17:58:09.298 [main] INFO  testCases.ExecuteTask.Notification.TC049_NT_ET_ETRM_DTAfterMinutes - [PM] is selected in List
17:58:10.313 [main] INFO  utilities.UtilityCustomFunctions - Clicked Current Date in Date&Time
17:58:10.512 [main] INFO  utilities.UtilityCustomFunctions - Date & Time Selected
17:58:11.686 [main] INFO  utilities.UtilityCustomFunctions - Time Clicked
17:58:14.696 [main] INFO  utilities.UtilityCustomFunctions - Hours://div[@class='popover-content']//div[@class='clockpicker-tick' and text()='9']
17:58:26.414 [main] INFO  utilities.UtilityCustomFunctions - Actual Date Selected :31-05-2024
17:58:30.307 [main] INFO  testCases.ExecuteTask.Notification.TC049_NT_ET_ETRM_DTAfterMinutes - [Mr.] is selected in List
17:58:31.798 [main] INFO  utilities.UtilityCustomFunctions - SummaryAddName entered in  input
17:58:33.299 [main] INFO  utilities.UtilityCustomFunctions - 2323232323 entered in  input
17:58:34.744 [main] INFO  utilities.UtilityCustomFunctions - 1,000 entered in  input
17:58:36.396 [main] INFO  utilities.UtilityCustomFunctions - http://www.mvnrepository.com/ entered in  input
17:58:37.551 [main] INFO  utilities.UtilityCustomFunctions - City Drop Down clicked
17:58:40.867 [main] INFO  testCases.ExecuteTask.Notification.TC049_NT_ET_ETRM_DTAfterMinutes - [Chennai] is selected in List
17:58:40.867 [main] INFO  utilities.UtilityCustomFunctions - City Selected: Chennai
17:58:42.012 [main] INFO  utilities.UtilityCustomFunctions - State Drop Down clicked
17:58:45.687 [main] INFO  testCases.ExecuteTask.Notification.TC049_NT_ET_ETRM_DTAfterMinutes - [Tamilnadu] is selected in List
17:58:45.687 [main] INFO  utilities.UtilityCustomFunctions - State Selected: Tamilnadu
17:58:46.835 [main] INFO  utilities.UtilityCustomFunctions - Country List clicked
17:58:50.136 [main] INFO  testCases.ExecuteTask.Notification.TC049_NT_ET_ETRM_DTAfterMinutes - [India] is selected in List
17:58:50.136 [main] INFO  utilities.UtilityCustomFunctions - Country Selected: India
17:59:07.090 [main] INFO  utilities.UtilityCustomFunctions - RelatedModuleText entered in  input
17:59:07.109 [main] INFO  utilities.UtilityCustomFunctions - Search Button clicked in Related Module Window
17:59:10.904 [main] INFO  utilities.UtilityCustomFunctions - Button Search
17:59:13.995 [main] INFO  utilities.UtilityCustomFunctions - table row Count:1
17:59:22.781 [main] INFO  utilities.UtilityCustomFunctions - Related Module Value Selected
17:59:33.395 [main] INFO  utilities.UtilityCustomFunctions - New Record added in: ETNotification
17:59:44.911 [main] INFO  utilities.UtilityCustomFunctions - testing entered in  input
17:59:45.363 [main] INFO  utilities.UtilityCustomFunctions - dCr2KGiHBrC2!@ entered in  input
18:00:13.797 [main] INFO  testCases.ExecuteTask.Notification.TC049_NT_ET_ETRM_DTAfterMinutes - [PRIMARY (DESC)] is selected in List
18:00:18.811 [main] INFO  utilities.UtilityCustomFunctions - Entity Id Searched: 126420
18:00:23.201 [main] INFO  utilities.UtilityCustomFunctions - Entity Id Searched: 126420
18:00:24.612 [main] INFO  utilities.UtilityCustomFunctions - Passed: Actual EntityId: 126420 Not Created in DB for Every Time Record Modifies condition for DTAfterMinutes Task @Summary Add
18:00:33.229 [main] INFO  utilities.UtilityCustomFunctions - PRIYAN entered in  input
18:00:34.782 [main] INFO  utilities.UtilityCustomFunctions - rsoft entered in  input
18:00:36.257 [main] INFO  utilities.UtilityCustomFunctions - RSoft!@345 entered in  input
18:01:02.123 [main] INFO  utilities.UtilityCustomFunctions - Excel file Utility instance created
18:01:02.215 [main] INFO  utilities.UtilityCustomFunctions - Row Count to Add Values: 1
18:01:02.430 [main] INFO  utilities.UtilityCustomFunctions - Col Count is: 37
18:01:02.431 [main] INFO  utilities.UtilityCustomFunctions - Extracting DataSheet Values started...
18:01:03.194 [main] INFO  utilities.UtilityCustomFunctions - Before Adding Module data
18:01:04.392 [main] INFO  utilities.UtilityCustomFunctions - Assinged To Drop Down clicked
18:01:09.664 [main] INFO  testCases.ExecuteTask.Notification.TC049_NT_ET_ETRM_DTAfterMinutes - [Rsoft IT] is selected in List
18:01:09.795 [main] INFO  utilities.UtilityCustomFunctions - Phone NUmber prefix clicked :  
18:01:13.092 [main] INFO  testCases.ExecuteTask.Notification.TC049_NT_ET_ETRM_DTAfterMinutes - [+91] is selected in List
18:01:13.092 [main] INFO  utilities.UtilityCustomFunctions - Phone NUmber selected is :  1234567890
18:01:14.729 [main] INFO  utilities.UtilityCustomFunctions - 1234567890 entered in  input
18:01:18.514 [main] INFO  utilities.UtilityCustomFunctions - DuplicateAdd@gmail.com entered in  input
18:01:19.545 [main] INFO  utilities.UtilityCustomFunctions - Email Added is: DuplicateAdd@gmail.com
18:01:21.129 [main] INFO  utilities.UtilityCustomFunctions - DuplicateAddText entered in  input
18:01:21.144 [main] INFO  utilities.UtilityCustomFunctions - Text Value added is::  DuplicateAddText
18:01:52.080 [main] INFO  utilities.UtilityCustomFunctions - MultiCombo box values: four,five
18:01:54.714 [main] INFO  utilities.UtilityCustomFunctions - DuplicateAddTextArea entered in  textarea
18:01:56.807 [main] INFO  utilities.UtilityCustomFunctions - check box value: ON
18:01:56.843 [main] INFO  utilities.UtilityCustomFunctions - Checkbox clicked
18:01:56.995 [main] INFO  utilities.UtilityCustomFunctions - DateBox clicked
18:02:03.275 [main] INFO  utilities.UtilityCustomFunctions - Current Month:May
18:02:09.923 [main] INFO  utilities.UtilityCustomFunctions - Year to be selected is:2024
18:02:12.564 [main] INFO  utilities.UtilityCustomFunctions - Control Type:sDate
18:02:16.575 [main] INFO  utilities.UtilityCustomFunctions - (//td[contains(@class,'today')])[1]
18:02:18.811 [main] INFO  utilities.UtilityCustomFunctions - Today Date Selected
18:02:20.975 [main] INFO  utilities.UtilityCustomFunctions - Picklist clicked
18:02:22.118 [main] INFO  utilities.UtilityCustomFunctions - Picklist selected: 1
18:02:25.522 [main] INFO  utilities.UtilityCustomFunctions - Date & Time Clicked
18:02:43.452 [main] INFO  testCases.ExecuteTask.Notification.TC049_NT_ET_ETRM_DTAfterMinutes - [10] is selected in List
18:02:48.957 [main] INFO  testCases.ExecuteTask.Notification.TC049_NT_ET_ETRM_DTAfterMinutes - [00] is selected in List
18:02:54.404 [main] INFO  testCases.ExecuteTask.Notification.TC049_NT_ET_ETRM_DTAfterMinutes - [00] is selected in List
18:02:59.874 [main] INFO  testCases.ExecuteTask.Notification.TC049_NT_ET_ETRM_DTAfterMinutes - [PM] is selected in List
18:03:00.888 [main] INFO  utilities.UtilityCustomFunctions - Clicked Current Date in Date&Time
18:03:01.058 [main] INFO  utilities.UtilityCustomFunctions - Date & Time Selected
18:03:02.206 [main] INFO  utilities.UtilityCustomFunctions - Time Clicked
18:03:05.207 [main] INFO  utilities.UtilityCustomFunctions - Hours://div[@class='popover-content']//div[@class='clockpicker-tick' and text()='10']
18:03:16.759 [main] INFO  utilities.UtilityCustomFunctions - Actual Date Selected :31-05-2024
18:03:20.580 [main] INFO  testCases.ExecuteTask.Notification.TC049_NT_ET_ETRM_DTAfterMinutes - [Mr.] is selected in List
18:03:22.192 [main] INFO  utilities.UtilityCustomFunctions - DuplicateAddName entered in  input
18:03:23.707 [main] INFO  utilities.UtilityCustomFunctions - 2323232323 entered in  input
18:03:25.122 [main] INFO  utilities.UtilityCustomFunctions - 1,000 entered in  input
18:03:26.825 [main] INFO  utilities.UtilityCustomFunctions - http://www.mvnrepository.com/ entered in  input
18:03:28.035 [main] INFO  utilities.UtilityCustomFunctions - City Drop Down clicked
18:03:31.296 [main] INFO  testCases.ExecuteTask.Notification.TC049_NT_ET_ETRM_DTAfterMinutes - [Chennai] is selected in List
18:03:31.296 [main] INFO  utilities.UtilityCustomFunctions - City Selected: Chennai
18:03:32.480 [main] INFO  utilities.UtilityCustomFunctions - State Drop Down clicked
18:03:36.184 [main] INFO  testCases.ExecuteTask.Notification.TC049_NT_ET_ETRM_DTAfterMinutes - [Tamilnadu] is selected in List
18:03:36.185 [main] INFO  utilities.UtilityCustomFunctions - State Selected: Tamilnadu
18:03:37.355 [main] INFO  utilities.UtilityCustomFunctions - Country List clicked
18:03:40.665 [main] INFO  testCases.ExecuteTask.Notification.TC049_NT_ET_ETRM_DTAfterMinutes - [India] is selected in List
18:03:40.665 [main] INFO  utilities.UtilityCustomFunctions - Country Selected: India
18:03:57.536 [main] INFO  utilities.UtilityCustomFunctions - RelatedModuleText entered in  input
18:03:57.556 [main] INFO  utilities.UtilityCustomFunctions - Search Button clicked in Related Module Window
18:04:01.338 [main] INFO  utilities.UtilityCustomFunctions - Button Search
18:04:04.422 [main] INFO  utilities.UtilityCustomFunctions - table row Count:1
18:04:13.173 [main] INFO  utilities.UtilityCustomFunctions - Related Module Value Selected
18:04:24.071 [main] INFO  utilities.UtilityCustomFunctions - New Record added in: ETNotification
18:04:34.889 [main] INFO  utilities.UtilityCustomFunctions - testing entered in  input
18:04:35.358 [main] INFO  utilities.UtilityCustomFunctions - dCr2KGiHBrC2!@ entered in  input
18:05:04.091 [main] INFO  testCases.ExecuteTask.Notification.TC049_NT_ET_ETRM_DTAfterMinutes - [PRIMARY (DESC)] is selected in List
18:05:09.107 [main] INFO  utilities.UtilityCustomFunctions - Entity Id Searched: 126422
18:05:13.465 [main] INFO  utilities.UtilityCustomFunctions - Entity Id Searched: 126422
18:05:14.828 [main] INFO  utilities.UtilityCustomFunctions - Passed: Actual EntityId: 126422 Not Created in DB for Every Time Record Modifies condition for DTAfterMinutes Task @Duplicate Record
18:13:36.775 [main] INFO  utilities.UtilityCustomFunctions - ******starting TC049_NT_ET_ETRM_DTAfterMinutes ****
18:13:36.781 [main] INFO  utilities.UtilityCustomFunctions - Browser Execution on: chrome
18:13:36.784 [main] INFO  utilities.UtilityCustomFunctions - Excel file Utility instance created
18:13:38.471 [main] INFO  utilities.UtilityCustomFunctions - Total rows: 1
18:13:38.676 [main] INFO  utilities.UtilityCustomFunctions - Cols Count: 37
18:13:38.676 [main] INFO  utilities.UtilityCustomFunctions - Extracting DataSheet Values started...
18:13:45.239 [main] INFO  utilities.UtilityCustomFunctions - PRIYAN entered in  input
18:13:47.097 [main] INFO  utilities.UtilityCustomFunctions - rsoft entered in  input
18:13:48.952 [main] INFO  utilities.UtilityCustomFunctions - RSoft!@345 entered in  input
18:13:58.364 [main] INFO  testCases.ExecuteTask.Notification.TC049_NT_ET_ETRM_DTAfterMinutes - Clicked Avatar
18:14:02.465 [main] INFO  testCases.ExecuteTask.Notification.TC049_NT_ET_ETRM_DTAfterMinutes - Clicked Menu CRM Setting
18:14:04.694 [main] INFO  testCases.ExecuteTask.Notification.TC049_NT_ET_ETRM_DTAfterMinutes - Clicked Menu Other Setting
18:14:11.043 [main] INFO  testCases.ExecuteTask.Notification.TC049_NT_ET_ETRM_DTAfterMinutes - Clicked Menu Item Workflow
18:14:11.419 [main] INFO  testCases.ExecuteTask.Notification.TC049_NT_ET_ETRM_DTAfterMinutes - Clicked Workflow from Combox Box List
18:14:13.434 [main] INFO  testCases.ExecuteTask.Notification.TC049_NT_ET_ETRM_DTAfterMinutes - Item to be selected:  ETNotification Workflow
18:14:19.913 [main] INFO  testCases.ExecuteTask.Notification.TC049_NT_ET_ETRM_DTAfterMinutes - [ETNotification Workflow] is selected in List
18:14:19.913 [main] INFO  testCases.ExecuteTask.Notification.TC049_NT_ET_ETRM_DTAfterMinutes - Item selected in combox Box  ETNotification Workflow
18:14:22.930 [main] INFO  testCases.ExecuteTask.Notification.TC049_NT_ET_ETRM_DTAfterMinutes - Selected Module to View its Workflows
18:14:23.129 [main] INFO  testCases.ExecuteTask.Notification.TC049_NT_ET_ETRM_DTAfterMinutes - Module,workflow,conditions not matched 
18:14:23.129 [main] INFO  testCases.ExecuteTask.Notification.TC049_NT_ET_ETRM_DTAfterMinutes - bCurrentWFStatus: false
18:14:23.312 [main] INFO  testCases.ExecuteTask.Notification.TC049_NT_ET_ETRM_DTAfterMinutes - Module,workflow,conditions not matched 
18:14:23.312 [main] INFO  testCases.ExecuteTask.Notification.TC049_NT_ET_ETRM_DTAfterMinutes - bCurrentWFStatus: false
18:14:23.432 [main] INFO  testCases.ExecuteTask.Notification.TC049_NT_ET_ETRM_DTAfterMinutes - Module,workflow,condition matches
18:14:23.432 [main] INFO  testCases.ExecuteTask.Notification.TC049_NT_ET_ETRM_DTAfterMinutes - bCurrentWFStatus: true
18:14:23.432 [main] INFO  testCases.ExecuteTask.Notification.TC049_NT_ET_ETRM_DTAfterMinutes - wf_ET_ETRM_NotificationsWorkflow enabled
18:14:23.448 [main] INFO  utilities.UtilityCustomFunctions - wf_ET_ETRM_NotificationsDisabled Workflow Manually Enabled
18:14:23.448 [main] INFO  testCases.ExecuteTask.Notification.TC049_NT_ET_ETRM_DTAfterMinutes - true:3
18:14:31.066 [main] INFO  testCases.ExecuteTask.Notification.TC049_NT_ET_ETRM_DTAfterMinutes - Work flow clicked
18:14:38.096 [main] INFO  testCases.ExecuteTask.Notification.TC049_NT_ET_ETRM_DTAfterMinutes - Cliked Step 1 Next Button to Condition Page
18:14:43.908 [main] INFO  testCases.ExecuteTask.Notification.TC049_NT_ET_ETRM_DTAfterMinutes - Cliked Step 2 Next Button to Task List Page
18:14:44.925 [main] INFO  testCases.ExecuteTask.Notification.TC049_NT_ET_ETRM_DTAfterMinutes - Clicked Workflow and Navigated to Task Page
18:14:44.980 [main] INFO  testCases.ExecuteTask.Notification.TC049_NT_ET_ETRM_DTAfterMinutes - Number of Tasks Listed for this Workflow: wf_ET_ETRM_Notifications : 18
18:14:45.228 [main] INFO  utilities.UtilityCustomFunctions - Retrieved Action Type:notifications
  Send notification
18:14:45.228 [main] INFO  utilities.UtilityCustomFunctions - Retrieved Action Title:tskNT_ExecuteTask_TimeAfterMinutes
18:14:45.228 [main] INFO  utilities.UtilityCustomFunctions - Retrieved Expected Action Type:Send notification
18:14:45.228 [main] INFO  utilities.UtilityCustomFunctions - Retrieved Expected Action Title:tskNT_ExecuteTask_DTAfterMinutes
18:14:45.461 [main] INFO  utilities.UtilityCustomFunctions - Retrieved Action Type:notifications
  Send notification
18:14:45.461 [main] INFO  utilities.UtilityCustomFunctions - Retrieved Action Title:tskNT_ExecuteTask_DTBeforeDays
18:14:45.461 [main] INFO  utilities.UtilityCustomFunctions - Retrieved Expected Action Type:Send notification
18:14:45.461 [main] INFO  utilities.UtilityCustomFunctions - Retrieved Expected Action Title:tskNT_ExecuteTask_DTAfterMinutes
18:14:45.661 [main] INFO  utilities.UtilityCustomFunctions - Retrieved Action Type:notifications
  Send notification
18:14:45.661 [main] INFO  utilities.UtilityCustomFunctions - Retrieved Action Title:tskNT_ExecuteTask_DTBeforeHours
18:14:45.661 [main] INFO  utilities.UtilityCustomFunctions - Retrieved Expected Action Type:Send notification
18:14:45.661 [main] INFO  utilities.UtilityCustomFunctions - Retrieved Expected Action Title:tskNT_ExecuteTask_DTAfterMinutes
18:14:45.862 [main] INFO  utilities.UtilityCustomFunctions - Retrieved Action Type:notifications
  Send notification
18:14:45.862 [main] INFO  utilities.UtilityCustomFunctions - Retrieved Action Title:tskNT_ExecuteTask_DTBeforeMinutes
18:14:45.862 [main] INFO  utilities.UtilityCustomFunctions - Retrieved Expected Action Type:Send notification
18:14:45.862 [main] INFO  utilities.UtilityCustomFunctions - Retrieved Expected Action Title:tskNT_ExecuteTask_DTAfterMinutes
