18:22:46.420 [main] INFO  utilities.UtilityCustomFunctions - Actual:Good
18:22:46.423 [main] INFO  utilities.UtilityCustomFunctions - Expected:Good
18:22:46.423 [main] INFO  utilities.UtilityCustomFunctions - Message:Summary Picklist Item
18:22:47.530 [main] INFO  utilities.UtilityCustomFunctions - Actual:5555555555
18:22:47.530 [main] INFO  utilities.UtilityCustomFunctions - Expected:5555555555
18:22:47.530 [main] INFO  utilities.UtilityCustomFunctions - Message:Summary Enter Your Number
18:22:49.381 [main] INFO  utilities.UtilityCustomFunctions - Summary View Set ON
18:23:06.736 [main] INFO  utilities.UtilityCustomFunctions - Actual:Rsoft IT
18:23:06.736 [main] INFO  utilities.UtilityCustomFunctions - Expected:Rsoft IT
18:23:06.738 [main] INFO  utilities.UtilityCustomFunctions - Message:Detail View Assigned To
18:23:07.842 [main] INFO  utilities.UtilityCustomFunctions - Actual:+91 9087654321
18:23:07.842 [main] INFO  utilities.UtilityCustomFunctions - Expected:+91 9087654321
18:23:07.842 [main] INFO  utilities.UtilityCustomFunctions - Message:Detail View Phone Numer
18:23:08.953 [main] INFO  utilities.UtilityCustomFunctions - Actual:3333333333
18:23:08.953 [main] INFO  utilities.UtilityCustomFunctions - Expected:3333333333
18:23:08.953 [main] INFO  utilities.UtilityCustomFunctions - Message:Detail View Number Field
18:23:10.069 [main] INFO  utilities.UtilityCustomFunctions - Actual:SummaryAdd@gmail.com
18:23:10.069 [main] INFO  utilities.UtilityCustomFunctions - Expected:SummaryAdd@gmail.com
18:23:10.069 [main] INFO  utilities.UtilityCustomFunctions - Message:Detail View Email
18:23:11.182 [main] INFO  utilities.UtilityCustomFunctions - Actual:Good
18:23:11.182 [main] INFO  utilities.UtilityCustomFunctions - Expected:Good
18:23:11.182 [main] INFO  utilities.UtilityCustomFunctions - Message:Detail View Menu Item
18:23:12.298 [main] INFO  utilities.UtilityCustomFunctions - Actual:5555555555
18:23:12.298 [main] INFO  utilities.UtilityCustomFunctions - Expected:5555555555
18:23:12.298 [main] INFO  utilities.UtilityCustomFunctions - Message:Detail View Enter Your Number
18:23:18.747 [main] INFO  utilities.UtilityCustomFunctions - Actual:CRMEditFieldModule
18:23:18.747 [main] INFO  utilities.UtilityCustomFunctions - Expected:CRMEditFieldModule
18:23:18.747 [main] INFO  utilities.UtilityCustomFunctions - Message:Module Name Title
18:23:19.878 [main] INFO  utilities.UtilityCustomFunctions - Actual:+91 9087654321
18:23:19.878 [main] INFO  utilities.UtilityCustomFunctions - Expected:+91 9087654321
18:23:19.878 [main] INFO  utilities.UtilityCustomFunctions - Message:Phone Number Title
18:23:20.988 [main] INFO  utilities.UtilityCustomFunctions - Actual:SummaryAdd@gmail.com
18:23:20.988 [main] INFO  utilities.UtilityCustomFunctions - Expected:SummaryAdd@gmail.com
18:23:20.988 [main] INFO  utilities.UtilityCustomFunctions - Message:Email Title
18:23:22.112 [main] INFO  utilities.UtilityCustomFunctions - Actual:Good
18:23:22.112 [main] INFO  utilities.UtilityCustomFunctions - Expected:Good
18:23:22.112 [main] INFO  utilities.UtilityCustomFunctions - Message:Piclist Value Title
18:23:46.491 [main] INFO  testCases.TC001_WF1_Send_Notify_ETR_S - Notification detail view opened
18:23:51.512 [main] INFO  testCases.TC001_WF1_Send_Notify_ETR_S - Switched to New Window
18:23:57.567 [main] INFO  utilities.UtilityCustomFunctions - Header Toggle Already ON
18:24:00.666 [main] INFO  utilities.UtilityCustomFunctions - Actual:Rsoft IT
18:24:00.666 [main] INFO  utilities.UtilityCustomFunctions - Expected:Rsoft IT
18:24:00.666 [main] INFO  utilities.UtilityCustomFunctions - Message:Summary View Assigned To
18:24:01.798 [main] INFO  utilities.UtilityCustomFunctions - Actual:0
18:24:01.798 [main] INFO  utilities.UtilityCustomFunctions - Expected:0
18:24:01.798 [main] INFO  utilities.UtilityCustomFunctions - Message:Summary View Status
18:24:02.917 [main] INFO  utilities.UtilityCustomFunctions - Actual: ETRS Notify 
18:24:02.917 [main] INFO  utilities.UtilityCustomFunctions - Expected:ETRS Notify
18:24:02.917 [main] INFO  utilities.UtilityCustomFunctions - Message:Summary View User
18:24:04.018 [main] INFO  utilities.UtilityCustomFunctions - Actual:         tskETRS_Notify       
18:24:04.018 [main] INFO  utilities.UtilityCustomFunctions - Expected:tskETRS_Notify
18:24:04.018 [main] INFO  utilities.UtilityCustomFunctions - Message:Summary View Action Title
18:24:05.840 [main] INFO  utilities.UtilityCustomFunctions - Summary View Set ON
18:24:14.012 [main] INFO  utilities.UtilityCustomFunctions - Actual:Rsoft IT
18:24:14.012 [main] INFO  utilities.UtilityCustomFunctions - Expected:Rsoft IT
18:24:14.012 [main] INFO  utilities.UtilityCustomFunctions - Message:Detail View Assigned To
18:24:15.138 [main] INFO  utilities.UtilityCustomFunctions - Actual:0
18:24:15.138 [main] INFO  utilities.UtilityCustomFunctions - Expected:0
18:24:15.138 [main] INFO  utilities.UtilityCustomFunctions - Message:Detail View Status
18:24:16.239 [main] INFO  utilities.UtilityCustomFunctions - Actual: ETRS Notify 
18:24:16.239 [main] INFO  utilities.UtilityCustomFunctions - Expected:ETRS Notify
18:24:16.239 [main] INFO  utilities.UtilityCustomFunctions - Message:Detail View Summary
18:24:17.354 [main] INFO  utilities.UtilityCustomFunctions - Actual:         tskETRS_Notify       
18:24:17.354 [main] INFO  utilities.UtilityCustomFunctions - Expected:tskETRS_Notify
18:24:17.354 [main] INFO  utilities.UtilityCustomFunctions - Message:Detail View Action Title
18:24:18.460 [main] INFO  utilities.UtilityCustomFunctions - Actual:123103
18:24:18.460 [main] INFO  utilities.UtilityCustomFunctions - Expected:123103
18:24:18.460 [main] INFO  utilities.UtilityCustomFunctions - Message:Detail View Module Record Id
18:24:25.658 [main] INFO  utilities.UtilityCustomFunctions - //ul[@class='select2-results__options']/li[contains(text(),'IT')]
18:24:27.247 [main] INFO  utilities.UtilityCustomFunctions - 123103 entered in  input
18:24:32.521 [main] INFO  utilities.UtilityCustomFunctions - table row Count:2
18:24:32.521 [main] INFO  utilities.UtilityCustomFunctions - After summary new add : user 1Rsoft ITNotification record count: 1
18:24:32.521 [main] INFO  utilities.UtilityCustomFunctions - Passed: Notification Received after Summary Add -Rsoft IT Record Id: 123103
18:24:33.882 [main] INFO  utilities.UtilityCustomFunctions - Actual:Rsoft IT
18:24:33.882 [main] INFO  utilities.UtilityCustomFunctions - Expected:Rsoft IT
18:24:33.882 [main] INFO  utilities.UtilityCustomFunctions - Message:AssignedTo Record Details
18:24:34.983 [main] INFO  utilities.UtilityCustomFunctions - Actual:0
18:24:34.983 [main] INFO  utilities.UtilityCustomFunctions - Expected:0
18:24:34.983 [main] INFO  utilities.UtilityCustomFunctions - Message:Status in Record Details
18:24:36.087 [main] INFO  utilities.UtilityCustomFunctions - Actual:Rsoft IT
18:24:36.087 [main] INFO  utilities.UtilityCustomFunctions - Expected:Rsoft IT
18:24:36.087 [main] INFO  utilities.UtilityCustomFunctions - Message:Created By in Record Details
18:24:37.203 [main] INFO  utilities.UtilityCustomFunctions - Actual:ETRS Notify
18:24:37.203 [main] INFO  utilities.UtilityCustomFunctions - Expected:ETRS Notify
18:24:37.203 [main] INFO  utilities.UtilityCustomFunctions - Message:UserName in Record Details
18:24:38.317 [main] INFO  utilities.UtilityCustomFunctions - Actual:tskETRS_Notify
18:24:38.317 [main] INFO  utilities.UtilityCustomFunctions - Expected:tskETRS_Notify
18:24:38.317 [main] INFO  utilities.UtilityCustomFunctions - Message:Workflow Title in Record Details
18:24:39.441 [main] INFO  utilities.UtilityCustomFunctions - Actual:123103
18:24:39.442 [main] INFO  utilities.UtilityCustomFunctions - Expected:123103
18:24:39.442 [main] INFO  utilities.UtilityCustomFunctions - Message:Record Id in Record Details
18:24:46.440 [main] INFO  utilities.UtilityCustomFunctions - //ul[@class='select2-results__options']/li[contains(text(),'Jones')]
18:24:47.992 [main] INFO  utilities.UtilityCustomFunctions - 123103 entered in  input
18:24:53.342 [main] INFO  utilities.UtilityCustomFunctions - table row Count:2
18:24:53.342 [main] INFO  utilities.UtilityCustomFunctions - After summary new add : user 1Indiana JonesNotification record count: 1
18:24:53.342 [main] INFO  utilities.UtilityCustomFunctions - Passed: Notification Received after Summary Record Add -Indiana Jones Record Id: 123103
18:24:54.709 [main] INFO  utilities.UtilityCustomFunctions - Actual:Indiana Jones
18:24:54.709 [main] INFO  utilities.UtilityCustomFunctions - Expected:Indiana Jones
18:24:54.709 [main] INFO  utilities.UtilityCustomFunctions - Message:AssignedTo Record Details
18:24:55.829 [main] INFO  utilities.UtilityCustomFunctions - Actual:0
18:24:55.829 [main] INFO  utilities.UtilityCustomFunctions - Expected:0
18:24:55.829 [main] INFO  utilities.UtilityCustomFunctions - Message:Status in Record Details
18:24:56.950 [main] INFO  utilities.UtilityCustomFunctions - Actual:Rsoft IT
18:24:56.950 [main] INFO  utilities.UtilityCustomFunctions - Expected:Rsoft IT
18:24:56.950 [main] INFO  utilities.UtilityCustomFunctions - Message:Created By in Record Details
18:24:58.084 [main] INFO  utilities.UtilityCustomFunctions - Actual:ETRS Notify
18:24:58.084 [main] INFO  utilities.UtilityCustomFunctions - Expected:ETRS Notify
18:24:58.084 [main] INFO  utilities.UtilityCustomFunctions - Message:UserName in Record Details
18:24:59.228 [main] INFO  utilities.UtilityCustomFunctions - Actual:tskETRS_Notify
18:24:59.228 [main] INFO  utilities.UtilityCustomFunctions - Expected:tskETRS_Notify
18:24:59.229 [main] INFO  utilities.UtilityCustomFunctions - Message:Workflow Title in Record Details
18:25:00.346 [main] INFO  utilities.UtilityCustomFunctions - Actual:123103
18:25:00.346 [main] INFO  utilities.UtilityCustomFunctions - Expected:123103
18:25:00.346 [main] INFO  utilities.UtilityCustomFunctions - Message:Record Id in Record Details
18:25:07.318 [main] INFO  utilities.UtilityCustomFunctions - //ul[@class='select2-results__options']/li[contains(text(),'Mohan')]
18:25:08.813 [main] INFO  utilities.UtilityCustomFunctions - 123103 entered in  input
18:25:14.011 [main] INFO  utilities.UtilityCustomFunctions - table row Count:2
18:25:14.012 [main] INFO  utilities.UtilityCustomFunctions - After summary new add : user 1Madhan MohanNotification record count: 1
18:25:14.012 [main] INFO  utilities.UtilityCustomFunctions - Passed: Notification Received after Summary Record Add -Madhan Mohan Record Id: 123103
18:25:15.433 [main] INFO  utilities.UtilityCustomFunctions - Actual:Madhan Mohan
18:25:15.433 [main] INFO  utilities.UtilityCustomFunctions - Expected:Madhan Mohan
18:25:15.433 [main] INFO  utilities.UtilityCustomFunctions - Message:AssignedTo Record Details
18:25:16.549 [main] INFO  utilities.UtilityCustomFunctions - Actual:0
18:25:16.550 [main] INFO  utilities.UtilityCustomFunctions - Expected:0
18:25:16.550 [main] INFO  utilities.UtilityCustomFunctions - Message:Status in Record Details
18:25:17.711 [main] INFO  utilities.UtilityCustomFunctions - Actual:Rsoft IT
18:25:17.711 [main] INFO  utilities.UtilityCustomFunctions - Expected:Rsoft IT
18:25:17.711 [main] INFO  utilities.UtilityCustomFunctions - Message:Created By in Record Details
18:25:18.853 [main] INFO  utilities.UtilityCustomFunctions - Actual:ETRS Notify
18:25:18.853 [main] INFO  utilities.UtilityCustomFunctions - Expected:ETRS Notify
18:25:18.853 [main] INFO  utilities.UtilityCustomFunctions - Message:UserName in Record Details
18:25:19.985 [main] INFO  utilities.UtilityCustomFunctions - Actual:tskETRS_Notify
18:25:19.985 [main] INFO  utilities.UtilityCustomFunctions - Expected:tskETRS_Notify
18:25:19.985 [main] INFO  utilities.UtilityCustomFunctions - Message:Workflow Title in Record Details
18:25:21.103 [main] INFO  utilities.UtilityCustomFunctions - Actual:123103
18:25:21.103 [main] INFO  utilities.UtilityCustomFunctions - Expected:123103
18:25:21.103 [main] INFO  utilities.UtilityCustomFunctions - Message:Record Id in Record Details
18:25:29.737 [main] INFO  utilities.UtilityCustomFunctions - current ulr:https://rdot.in/public/login
18:25:29.737 [main] INFO  utilities.UtilityCustomFunctions - app ulr:https://rdot.in/public/login
18:25:31.959 [main] INFO  utilities.UtilityCustomFunctions - PRIYAN entered in  input
18:25:33.282 [main] INFO  utilities.UtilityCustomFunctions - Jones entered in  input
18:25:34.531 [main] INFO  utilities.UtilityCustomFunctions - Automation@123 entered in  input
18:25:55.657 [main] INFO  utilities.UtilityCustomFunctions - //ul[@class='select2-results__options']/li[contains(text(),'Jones')]
18:25:57.177 [main] INFO  utilities.UtilityCustomFunctions - 123103 entered in  input
18:26:02.889 [main] INFO  utilities.UtilityCustomFunctions - table row Count:2
18:26:02.889 [main] INFO  utilities.UtilityCustomFunctions - After summary new add : user 2Indiana JonesNotification record count: 1
18:26:02.889 [main] INFO  utilities.UtilityCustomFunctions - Passed: Notification Received after Summary Record Add -Indiana Jones Record Id: 123103
18:26:04.242 [main] INFO  utilities.UtilityCustomFunctions - Actual:Indiana Jones
18:26:04.243 [main] INFO  utilities.UtilityCustomFunctions - Expected:Indiana Jones
18:26:04.243 [main] INFO  utilities.UtilityCustomFunctions - Message:AssignedTo Record Details
18:26:05.356 [main] INFO  utilities.UtilityCustomFunctions - Actual:0
18:26:05.356 [main] INFO  utilities.UtilityCustomFunctions - Expected:0
18:26:05.356 [main] INFO  utilities.UtilityCustomFunctions - Message:Status in Record Details
18:26:06.496 [main] INFO  utilities.UtilityCustomFunctions - Actual:Rsoft IT
18:26:06.496 [main] INFO  utilities.UtilityCustomFunctions - Expected:Rsoft IT
18:26:06.496 [main] INFO  utilities.UtilityCustomFunctions - Message:Created By in Record Details
18:26:07.624 [main] INFO  utilities.UtilityCustomFunctions - Actual:ETRS Notify
18:26:07.624 [main] INFO  utilities.UtilityCustomFunctions - Expected:ETRS Notify
18:26:07.624 [main] INFO  utilities.UtilityCustomFunctions - Message:UserName in Record Details
18:26:08.752 [main] INFO  utilities.UtilityCustomFunctions - Actual:tskETRS_Notify
18:26:08.752 [main] INFO  utilities.UtilityCustomFunctions - Expected:tskETRS_Notify
18:26:08.752 [main] INFO  utilities.UtilityCustomFunctions - Message:Workflow Title in Record Details
18:26:09.865 [main] INFO  utilities.UtilityCustomFunctions - Actual:123103
18:26:09.865 [main] INFO  utilities.UtilityCustomFunctions - Expected:123103
18:26:09.865 [main] INFO  utilities.UtilityCustomFunctions - Message:Record Id in Record Details
18:26:23.912 [main] INFO  utilities.UtilityCustomFunctions - PRIYAN entered in  input
18:26:25.165 [main] INFO  utilities.UtilityCustomFunctions - Madhan entered in  input
18:26:26.450 [main] INFO  utilities.UtilityCustomFunctions - Automation@123 entered in  input
18:26:44.918 [main] INFO  utilities.UtilityCustomFunctions - //ul[@class='select2-results__options']/li[contains(text(),'Mohan')]
18:26:46.402 [main] INFO  utilities.UtilityCustomFunctions - 123103 entered in  input
18:26:51.945 [main] INFO  utilities.UtilityCustomFunctions - table row Count:2
18:26:51.945 [main] INFO  utilities.UtilityCustomFunctions - After summary new add : user 2Madhan MohanNotification record count: 1
18:26:51.945 [main] INFO  utilities.UtilityCustomFunctions - Passed: Notification Received after Summary Record Add -Madhan Mohan Record Id: 123103
18:26:53.315 [main] INFO  utilities.UtilityCustomFunctions - Actual:Madhan Mohan
18:26:53.315 [main] INFO  utilities.UtilityCustomFunctions - Expected:Madhan Mohan
18:26:53.315 [main] INFO  utilities.UtilityCustomFunctions - Message:AssignedTo Record Details
18:26:54.425 [main] INFO  utilities.UtilityCustomFunctions - Actual:0
18:26:54.425 [main] INFO  utilities.UtilityCustomFunctions - Expected:0
18:26:54.425 [main] INFO  utilities.UtilityCustomFunctions - Message:Status in Record Details
18:26:55.539 [main] INFO  utilities.UtilityCustomFunctions - Actual:Rsoft IT
18:26:55.539 [main] INFO  utilities.UtilityCustomFunctions - Expected:Rsoft IT
18:26:55.539 [main] INFO  utilities.UtilityCustomFunctions - Message:Created By in Record Details
18:26:56.672 [main] INFO  utilities.UtilityCustomFunctions - Actual:ETRS Notify
18:26:56.673 [main] INFO  utilities.UtilityCustomFunctions - Expected:ETRS Notify
18:26:56.673 [main] INFO  utilities.UtilityCustomFunctions - Message:UserName in Record Details
18:26:57.812 [main] INFO  utilities.UtilityCustomFunctions - Actual:tskETRS_Notify
18:26:57.812 [main] INFO  utilities.UtilityCustomFunctions - Expected:tskETRS_Notify
18:26:57.812 [main] INFO  utilities.UtilityCustomFunctions - Message:Workflow Title in Record Details
18:26:58.927 [main] INFO  utilities.UtilityCustomFunctions - Actual:123103
18:26:58.927 [main] INFO  utilities.UtilityCustomFunctions - Expected:123103
18:26:58.927 [main] INFO  utilities.UtilityCustomFunctions - Message:Record Id in Record Details
18:27:12.706 [main] INFO  utilities.UtilityCustomFunctions - PRIYAN entered in  input
18:27:13.974 [main] INFO  utilities.UtilityCustomFunctions - rsoft entered in  input
18:27:15.197 [main] INFO  utilities.UtilityCustomFunctions - RSoft!@345 entered in  input
18:27:39.170 [main] INFO  testCases.TC001_WF1_Send_Notify_ETR_S - Excel file Utility instance created
18:27:39.201 [main] INFO  testCases.TC001_WF1_Send_Notify_ETR_S - Row Count is: 1
18:27:39.224 [main] INFO  testCases.TC001_WF1_Send_Notify_ETR_S - Col Count is: 52
18:27:39.224 [main] INFO  testCases.TC001_WF1_Send_Notify_ETR_S - Extracting DataSheet Values started...
18:27:42.360 [main] INFO  utilities.UtilityCustomFunctions - 9087654321 entered in  input
18:27:43.699 [main] INFO  utilities.UtilityCustomFunctions - 2222222222 entered in  input
18:27:46.144 [main] INFO  utilities.UtilityCustomFunctions - DuplicateChange@gmail.com entered in  input
18:27:47.397 [main] INFO  utilities.UtilityCustomFunctions - 666666666 entered in  input
18:27:54.807 [main] INFO  testCases.TC001_WF1_Send_Notify_ETR_S - [Very good] is selected in List
18:28:18.765 [main] INFO  utilities.UtilityCustomFunctions - Header Toggle Already ON
18:28:30.798 [main] INFO  testCases.TC001_WF1_Send_Notify_ETR_S - Excel file Utility instance created
18:28:30.811 [main] INFO  testCases.TC001_WF1_Send_Notify_ETR_S - Row Count is: 1
18:28:30.821 [main] INFO  testCases.TC001_WF1_Send_Notify_ETR_S - Col Count is: 52
18:28:30.821 [main] INFO  testCases.TC001_WF1_Send_Notify_ETR_S - Extracting DataSheet Values started...
18:28:31.054 [main] INFO  utilities.UtilityCustomFunctions - Actual:CRMEditFieldModule
18:28:31.054 [main] INFO  utilities.UtilityCustomFunctions - Expected:CRMEditFieldModule
18:28:31.054 [main] INFO  utilities.UtilityCustomFunctions - Message:Module Name
18:28:32.440 [main] INFO  utilities.UtilityCustomFunctions - Actual:CRMEditFieldModule
18:28:32.441 [main] INFO  utilities.UtilityCustomFunctions - Expected:CRMEditFieldModule
18:28:32.441 [main] INFO  utilities.UtilityCustomFunctions - Message:Module Name
18:28:33.581 [main] INFO  utilities.UtilityCustomFunctions - Actual:+91 9087654321
18:28:33.581 [main] INFO  utilities.UtilityCustomFunctions - Expected:+91 9087654321
18:28:33.581 [main] INFO  utilities.UtilityCustomFunctions - Message:Phone Number
18:28:34.712 [main] INFO  utilities.UtilityCustomFunctions - Actual:DuplicateChange@gmail.com
18:28:34.712 [main] INFO  utilities.UtilityCustomFunctions - Expected:DuplicateChange@gmail.com
18:28:34.712 [main] INFO  utilities.UtilityCustomFunctions - Message:Email
18:28:35.833 [main] INFO  utilities.UtilityCustomFunctions - Actual:Very good
18:28:35.833 [main] INFO  utilities.UtilityCustomFunctions - Expected:Very good
18:28:35.833 [main] INFO  utilities.UtilityCustomFunctions - Message:Piclist Value
18:28:42.959 [main] INFO  utilities.UtilityCustomFunctions - Header Toggle Already ON
18:28:42.973 [main] INFO  utilities.UtilityCustomFunctions - Summary View Already OFF
18:28:47.472 [main] INFO  utilities.UtilityCustomFunctions - Actual:+91 9087654321
18:28:47.472 [main] INFO  utilities.UtilityCustomFunctions - Expected:+91 9087654321
18:28:47.472 [main] INFO  utilities.UtilityCustomFunctions - Message:Summary Phone Number
18:28:48.586 [main] INFO  utilities.UtilityCustomFunctions - Actual:2222222222
18:28:48.586 [main] INFO  utilities.UtilityCustomFunctions - Expected:2222222222
18:28:48.586 [main] INFO  utilities.UtilityCustomFunctions - Message:Summary Number Field
18:28:49.686 [main] INFO  utilities.UtilityCustomFunctions - Actual:DuplicateChange@gmail.com
18:28:49.686 [main] INFO  utilities.UtilityCustomFunctions - Expected:DuplicateChange@gmail.com
18:28:49.686 [main] INFO  utilities.UtilityCustomFunctions - Message:Summary Email
18:28:50.771 [main] INFO  utilities.UtilityCustomFunctions - Actual:Very good
18:28:50.771 [main] INFO  utilities.UtilityCustomFunctions - Expected:Very good
18:28:50.771 [main] INFO  utilities.UtilityCustomFunctions - Message:Summary Picklist Item
18:28:51.864 [main] INFO  utilities.UtilityCustomFunctions - Actual:666666666
18:28:51.864 [main] INFO  utilities.UtilityCustomFunctions - Expected:666666666
18:28:51.864 [main] INFO  utilities.UtilityCustomFunctions - Message:Summary Enter Your Number
18:28:53.827 [main] INFO  utilities.UtilityCustomFunctions - Summary View Set ON
18:29:11.428 [main] INFO  utilities.UtilityCustomFunctions - Actual:Rsoft IT
18:29:11.428 [main] INFO  utilities.UtilityCustomFunctions - Expected:Rsoft IT
18:29:11.428 [main] INFO  utilities.UtilityCustomFunctions - Message:Detail View Assigned To
18:29:12.529 [main] INFO  utilities.UtilityCustomFunctions - Actual:+91 9087654321
18:29:12.529 [main] INFO  utilities.UtilityCustomFunctions - Expected:+91 9087654321
18:29:12.529 [main] INFO  utilities.UtilityCustomFunctions - Message:Detail View Phone Numer
18:29:13.643 [main] INFO  utilities.UtilityCustomFunctions - Actual:2222222222
18:29:13.643 [main] INFO  utilities.UtilityCustomFunctions - Expected:2222222222
18:29:13.643 [main] INFO  utilities.UtilityCustomFunctions - Message:Detail View Number Field
18:29:14.765 [main] INFO  utilities.UtilityCustomFunctions - Actual:DuplicateChange@gmail.com
18:29:14.765 [main] INFO  utilities.UtilityCustomFunctions - Expected:DuplicateChange@gmail.com
18:29:14.765 [main] INFO  utilities.UtilityCustomFunctions - Message:Detail View Email
18:29:15.867 [main] INFO  utilities.UtilityCustomFunctions - Actual:Very good
18:29:15.867 [main] INFO  utilities.UtilityCustomFunctions - Expected:Very good
18:29:15.867 [main] INFO  utilities.UtilityCustomFunctions - Message:Detail View Menu Item
18:29:16.996 [main] INFO  utilities.UtilityCustomFunctions - Actual:666666666
18:29:16.996 [main] INFO  utilities.UtilityCustomFunctions - Expected:666666666
18:29:16.996 [main] INFO  utilities.UtilityCustomFunctions - Message:Detail View Enter Your Number
18:29:23.601 [main] INFO  utilities.UtilityCustomFunctions - Actual:CRMEditFieldModule
18:29:23.601 [main] INFO  utilities.UtilityCustomFunctions - Expected:CRMEditFieldModule
18:29:23.601 [main] INFO  utilities.UtilityCustomFunctions - Message:Module Name Title
18:29:24.729 [main] INFO  utilities.UtilityCustomFunctions - Actual:+91 9087654321
18:29:24.729 [main] INFO  utilities.UtilityCustomFunctions - Expected:+91 9087654321
18:29:24.729 [main] INFO  utilities.UtilityCustomFunctions - Message:Phone Number Title
18:29:25.832 [main] INFO  utilities.UtilityCustomFunctions - Actual:DuplicateChange@gmail.com
18:29:25.832 [main] INFO  utilities.UtilityCustomFunctions - Expected:DuplicateChange@gmail.com
18:29:25.832 [main] INFO  utilities.UtilityCustomFunctions - Message:Email Title
18:29:26.943 [main] INFO  utilities.UtilityCustomFunctions - Actual:Very good
18:29:26.943 [main] INFO  utilities.UtilityCustomFunctions - Expected:Very good
18:29:26.943 [main] INFO  utilities.UtilityCustomFunctions - Message:Piclist Value Title
18:29:48.287 [main] INFO  testCases.TC001_WF1_Send_Notify_ETR_S - Notification detail view opened
18:29:53.305 [main] INFO  testCases.TC001_WF1_Send_Notify_ETR_S - Switched to New Window
18:29:59.355 [main] INFO  utilities.UtilityCustomFunctions - Header Toggle Already ON
18:30:02.574 [main] INFO  utilities.UtilityCustomFunctions - Actual:Rsoft IT
18:30:02.574 [main] INFO  utilities.UtilityCustomFunctions - Expected:Rsoft IT
18:30:02.575 [main] INFO  utilities.UtilityCustomFunctions - Message:Summary View Assigned To
18:30:03.718 [main] INFO  utilities.UtilityCustomFunctions - Actual:0
18:30:03.718 [main] INFO  utilities.UtilityCustomFunctions - Expected:0
18:30:03.718 [main] INFO  utilities.UtilityCustomFunctions - Message:Summary View Status
18:30:04.821 [main] INFO  utilities.UtilityCustomFunctions - Actual: ETRS Notify 
18:30:04.821 [main] INFO  utilities.UtilityCustomFunctions - Expected:ETRS Notify
18:30:04.821 [main] INFO  utilities.UtilityCustomFunctions - Message:Summary View User
18:30:05.928 [main] INFO  utilities.UtilityCustomFunctions - Actual:         tskETRS_Notify       
18:30:05.928 [main] INFO  utilities.UtilityCustomFunctions - Expected:tskETRS_Notify
18:30:05.928 [main] INFO  utilities.UtilityCustomFunctions - Message:Summary View Action Title
18:30:07.735 [main] INFO  utilities.UtilityCustomFunctions - Summary View Set ON
18:30:15.897 [main] INFO  utilities.UtilityCustomFunctions - Actual:Rsoft IT
18:30:15.898 [main] INFO  utilities.UtilityCustomFunctions - Expected:Rsoft IT
18:30:15.898 [main] INFO  utilities.UtilityCustomFunctions - Message:Detail View Assigned To
18:30:17.013 [main] INFO  utilities.UtilityCustomFunctions - Actual:0
18:30:17.013 [main] INFO  utilities.UtilityCustomFunctions - Expected:0
18:30:17.013 [main] INFO  utilities.UtilityCustomFunctions - Message:Detail View Status
18:30:18.123 [main] INFO  utilities.UtilityCustomFunctions - Actual: ETRS Notify 
18:30:18.123 [main] INFO  utilities.UtilityCustomFunctions - Expected:ETRS Notify
18:30:18.123 [main] INFO  utilities.UtilityCustomFunctions - Message:Detail View Summary
18:30:19.265 [main] INFO  utilities.UtilityCustomFunctions - Actual:         tskETRS_Notify       
18:30:19.265 [main] INFO  utilities.UtilityCustomFunctions - Expected:tskETRS_Notify
18:30:19.265 [main] INFO  utilities.UtilityCustomFunctions - Message:Detail View Action Title
18:30:20.383 [main] INFO  utilities.UtilityCustomFunctions - Actual:123113
18:30:20.383 [main] INFO  utilities.UtilityCustomFunctions - Expected:123113
18:30:20.383 [main] INFO  utilities.UtilityCustomFunctions - Message:Detail View Module Record Id
18:30:27.521 [main] INFO  utilities.UtilityCustomFunctions - //ul[@class='select2-results__options']/li[contains(text(),'IT')]
18:30:29.085 [main] INFO  utilities.UtilityCustomFunctions - 123113 entered in  input
18:30:34.267 [main] INFO  utilities.UtilityCustomFunctions - table row Count:2
18:30:34.267 [main] INFO  utilities.UtilityCustomFunctions - After Duplicate record : user 1 and AssignedTo:Rsoft ITNotification record count: 1
18:30:34.267 [main] INFO  utilities.UtilityCustomFunctions - Passed: Notification Received after Duplicate Add -Rsoft IT Record Id: 123113
18:30:35.623 [main] INFO  utilities.UtilityCustomFunctions - Actual:Rsoft IT
18:30:35.623 [main] INFO  utilities.UtilityCustomFunctions - Expected:Rsoft IT
18:30:35.623 [main] INFO  utilities.UtilityCustomFunctions - Message:AssignedTo Record Details
18:30:36.747 [main] INFO  utilities.UtilityCustomFunctions - Actual:0
18:30:36.747 [main] INFO  utilities.UtilityCustomFunctions - Expected:0
18:30:36.747 [main] INFO  utilities.UtilityCustomFunctions - Message:Status in Record Details
18:30:37.865 [main] INFO  utilities.UtilityCustomFunctions - Actual:Rsoft IT
18:30:37.865 [main] INFO  utilities.UtilityCustomFunctions - Expected:Rsoft IT
18:30:37.865 [main] INFO  utilities.UtilityCustomFunctions - Message:Created By in Record Details
18:30:38.988 [main] INFO  utilities.UtilityCustomFunctions - Actual:ETRS Notify
18:30:38.988 [main] INFO  utilities.UtilityCustomFunctions - Expected:ETRS Notify
18:30:38.989 [main] INFO  utilities.UtilityCustomFunctions - Message:UserName in Record Details
18:30:40.123 [main] INFO  utilities.UtilityCustomFunctions - Actual:tskETRS_Notify
18:30:40.123 [main] INFO  utilities.UtilityCustomFunctions - Expected:tskETRS_Notify
18:30:40.123 [main] INFO  utilities.UtilityCustomFunctions - Message:Workflow Title in Record Details
18:30:41.245 [main] INFO  utilities.UtilityCustomFunctions - Actual:123113
18:30:41.245 [main] INFO  utilities.UtilityCustomFunctions - Expected:123113
18:30:41.245 [main] INFO  utilities.UtilityCustomFunctions - Message:Record Id in Record Details
18:30:48.259 [main] INFO  utilities.UtilityCustomFunctions - //ul[@class='select2-results__options']/li[contains(text(),'Jones')]
18:30:49.860 [main] INFO  utilities.UtilityCustomFunctions - 123113 entered in  input
18:30:55.164 [main] INFO  utilities.UtilityCustomFunctions - table row Count:2
18:30:55.164 [main] INFO  utilities.UtilityCustomFunctions - After Duplicate record : user 1 and AssignedTo:Indiana JonesNotification record count: 1
18:30:55.164 [main] INFO  utilities.UtilityCustomFunctions - Passed: Notification Received after Duplicate Record Add -Indiana Jones Record Id: 123113
18:30:56.566 [main] INFO  utilities.UtilityCustomFunctions - Actual:Indiana Jones
18:30:56.566 [main] INFO  utilities.UtilityCustomFunctions - Expected:Indiana Jones
18:30:56.566 [main] INFO  utilities.UtilityCustomFunctions - Message:AssignedTo Record Details
18:30:57.699 [main] INFO  utilities.UtilityCustomFunctions - Actual:0
18:30:57.699 [main] INFO  utilities.UtilityCustomFunctions - Expected:0
18:30:57.699 [main] INFO  utilities.UtilityCustomFunctions - Message:Status in Record Details
18:30:58.816 [main] INFO  utilities.UtilityCustomFunctions - Actual:Rsoft IT
18:30:58.816 [main] INFO  utilities.UtilityCustomFunctions - Expected:Rsoft IT
18:30:58.816 [main] INFO  utilities.UtilityCustomFunctions - Message:Created By in Record Details
18:30:59.927 [main] INFO  utilities.UtilityCustomFunctions - Actual:ETRS Notify
18:30:59.927 [main] INFO  utilities.UtilityCustomFunctions - Expected:ETRS Notify
18:30:59.927 [main] INFO  utilities.UtilityCustomFunctions - Message:UserName in Record Details
18:31:01.044 [main] INFO  utilities.UtilityCustomFunctions - Actual:tskETRS_Notify
18:31:01.044 [main] INFO  utilities.UtilityCustomFunctions - Expected:tskETRS_Notify
18:31:01.044 [main] INFO  utilities.UtilityCustomFunctions - Message:Workflow Title in Record Details
18:31:02.181 [main] INFO  utilities.UtilityCustomFunctions - Actual:123113
18:31:02.181 [main] INFO  utilities.UtilityCustomFunctions - Expected:123113
18:31:02.181 [main] INFO  utilities.UtilityCustomFunctions - Message:Record Id in Record Details
18:31:09.310 [main] INFO  utilities.UtilityCustomFunctions - //ul[@class='select2-results__options']/li[contains(text(),'Mohan')]
18:31:10.798 [main] INFO  utilities.UtilityCustomFunctions - 123113 entered in  input
18:31:15.874 [main] INFO  utilities.UtilityCustomFunctions - table row Count:2
18:31:15.874 [main] INFO  utilities.UtilityCustomFunctions - After Duplicate record : user 1 and AssignedTo:Madhan MohanNotification record count: 1
18:31:15.874 [main] INFO  utilities.UtilityCustomFunctions - Passed: Notification Received after Duplicate Record Add -Madhan Mohan Record Id: 123113
18:31:17.273 [main] INFO  utilities.UtilityCustomFunctions - Actual:Madhan Mohan
18:31:17.273 [main] INFO  utilities.UtilityCustomFunctions - Expected:Madhan Mohan
18:31:17.273 [main] INFO  utilities.UtilityCustomFunctions - Message:AssignedTo Record Details
18:31:18.410 [main] INFO  utilities.UtilityCustomFunctions - Actual:0
18:31:18.410 [main] INFO  utilities.UtilityCustomFunctions - Expected:0
18:31:18.410 [main] INFO  utilities.UtilityCustomFunctions - Message:Status in Record Details
18:31:19.554 [main] INFO  utilities.UtilityCustomFunctions - Actual:Rsoft IT
18:31:19.555 [main] INFO  utilities.UtilityCustomFunctions - Expected:Rsoft IT
18:31:19.555 [main] INFO  utilities.UtilityCustomFunctions - Message:Created By in Record Details
18:31:20.676 [main] INFO  utilities.UtilityCustomFunctions - Actual:ETRS Notify
18:31:20.676 [main] INFO  utilities.UtilityCustomFunctions - Expected:ETRS Notify
18:31:20.677 [main] INFO  utilities.UtilityCustomFunctions - Message:UserName in Record Details
18:31:21.803 [main] INFO  utilities.UtilityCustomFunctions - Actual:tskETRS_Notify
18:31:21.803 [main] INFO  utilities.UtilityCustomFunctions - Expected:tskETRS_Notify
18:31:21.803 [main] INFO  utilities.UtilityCustomFunctions - Message:Workflow Title in Record Details
18:31:22.926 [main] INFO  utilities.UtilityCustomFunctions - Actual:123113
18:31:22.926 [main] INFO  utilities.UtilityCustomFunctions - Expected:123113
18:31:22.926 [main] INFO  utilities.UtilityCustomFunctions - Message:Record Id in Record Details
18:31:31.648 [main] INFO  utilities.UtilityCustomFunctions - current ulr:https://rdot.in/public/login
18:31:31.649 [main] INFO  utilities.UtilityCustomFunctions - app ulr:https://rdot.in/public/login
18:31:33.872 [main] INFO  utilities.UtilityCustomFunctions - PRIYAN entered in  input
18:31:35.176 [main] INFO  utilities.UtilityCustomFunctions - Jones entered in  input
18:31:36.472 [main] INFO  utilities.UtilityCustomFunctions - Automation@123 entered in  input
18:31:57.522 [main] INFO  utilities.UtilityCustomFunctions - //ul[@class='select2-results__options']/li[contains(text(),'Jones')]
18:31:59.054 [main] INFO  utilities.UtilityCustomFunctions - 123113 entered in  input
18:32:04.778 [main] INFO  utilities.UtilityCustomFunctions - table row Count:2
18:32:04.778 [main] INFO  utilities.UtilityCustomFunctions - After Duplicate record : user 2 and AssignedTo:Indiana JonesNotification record count: 1
18:32:04.778 [main] INFO  utilities.UtilityCustomFunctions - Passed: Notification Received after Duplicate Record Add -Indiana Jones Record Id: 123113
18:32:06.128 [main] INFO  utilities.UtilityCustomFunctions - Actual:Indiana Jones
18:32:06.128 [main] INFO  utilities.UtilityCustomFunctions - Expected:Indiana Jones
18:32:06.128 [main] INFO  utilities.UtilityCustomFunctions - Message:AssignedTo Record Details
18:32:07.260 [main] INFO  utilities.UtilityCustomFunctions - Actual:0
18:32:07.260 [main] INFO  utilities.UtilityCustomFunctions - Expected:0
18:32:07.261 [main] INFO  utilities.UtilityCustomFunctions - Message:Status in Record Details
18:32:08.394 [main] INFO  utilities.UtilityCustomFunctions - Actual:Rsoft IT
18:32:08.394 [main] INFO  utilities.UtilityCustomFunctions - Expected:Rsoft IT
18:32:08.394 [main] INFO  utilities.UtilityCustomFunctions - Message:Created By in Record Details
18:32:09.501 [main] INFO  utilities.UtilityCustomFunctions - Actual:ETRS Notify
18:32:09.501 [main] INFO  utilities.UtilityCustomFunctions - Expected:ETRS Notify
18:32:09.501 [main] INFO  utilities.UtilityCustomFunctions - Message:UserName in Record Details
18:32:10.633 [main] INFO  utilities.UtilityCustomFunctions - Actual:tskETRS_Notify
18:32:10.634 [main] INFO  utilities.UtilityCustomFunctions - Expected:tskETRS_Notify
18:32:10.634 [main] INFO  utilities.UtilityCustomFunctions - Message:Workflow Title in Record Details
18:32:11.762 [main] INFO  utilities.UtilityCustomFunctions - Actual:123113
18:32:11.762 [main] INFO  utilities.UtilityCustomFunctions - Expected:123113
18:32:11.762 [main] INFO  utilities.UtilityCustomFunctions - Message:Record Id in Record Details
18:32:25.755 [main] INFO  utilities.UtilityCustomFunctions - PRIYAN entered in  input
18:32:27.035 [main] INFO  utilities.UtilityCustomFunctions - Madhan entered in  input
18:32:28.301 [main] INFO  utilities.UtilityCustomFunctions - Automation@123 entered in  input
18:32:45.876 [main] INFO  utilities.UtilityCustomFunctions - //ul[@class='select2-results__options']/li[contains(text(),'Mohan')]
18:32:47.387 [main] INFO  utilities.UtilityCustomFunctions - 123113 entered in  input
18:32:53.094 [main] INFO  utilities.UtilityCustomFunctions - table row Count:2
18:32:53.094 [main] INFO  utilities.UtilityCustomFunctions - After Duplicate record : user 3 and AssignedTo:Madhan MohanNotification record count: 1
18:32:53.094 [main] INFO  utilities.UtilityCustomFunctions - Passed: Notification Received after Duplicate Record Add -Madhan Mohan Record Id: 123113
18:32:54.438 [main] INFO  utilities.UtilityCustomFunctions - Actual:Madhan Mohan
18:32:54.438 [main] INFO  utilities.UtilityCustomFunctions - Expected:Madhan Mohan
18:32:54.438 [main] INFO  utilities.UtilityCustomFunctions - Message:AssignedTo Record Details
18:32:55.560 [main] INFO  utilities.UtilityCustomFunctions - Actual:0
18:32:55.560 [main] INFO  utilities.UtilityCustomFunctions - Expected:0
18:32:55.561 [main] INFO  utilities.UtilityCustomFunctions - Message:Status in Record Details
18:32:56.661 [main] INFO  utilities.UtilityCustomFunctions - Actual:Rsoft IT
18:32:56.661 [main] INFO  utilities.UtilityCustomFunctions - Expected:Rsoft IT
18:32:56.661 [main] INFO  utilities.UtilityCustomFunctions - Message:Created By in Record Details
18:32:57.787 [main] INFO  utilities.UtilityCustomFunctions - Actual:ETRS Notify
18:32:57.787 [main] INFO  utilities.UtilityCustomFunctions - Expected:ETRS Notify
18:32:57.787 [main] INFO  utilities.UtilityCustomFunctions - Message:UserName in Record Details
18:32:58.885 [main] INFO  utilities.UtilityCustomFunctions - Actual:tskETRS_Notify
18:32:58.885 [main] INFO  utilities.UtilityCustomFunctions - Expected:tskETRS_Notify
18:32:58.885 [main] INFO  utilities.UtilityCustomFunctions - Message:Workflow Title in Record Details
18:32:59.999 [main] INFO  utilities.UtilityCustomFunctions - Actual:123113
18:32:59.999 [main] INFO  utilities.UtilityCustomFunctions - Expected:123113
18:32:59.999 [main] INFO  utilities.UtilityCustomFunctions - Message:Record Id in Record Details
18:33:13.781 [main] INFO  utilities.UtilityCustomFunctions - PRIYAN entered in  input
18:33:15.013 [main] INFO  utilities.UtilityCustomFunctions - rsoft entered in  input
18:33:16.269 [main] INFO  utilities.UtilityCustomFunctions - RSoft!@345 entered in  input
18:33:20.281 [main] INFO  utilities.UtilityCustomFunctions - Old Record Id: Before Edit & Save:123113
18:33:41.444 [main] INFO  testCases.TC001_WF1_Send_Notify_ETR_S - Excel file Utility instance created
18:33:41.470 [main] INFO  testCases.TC001_WF1_Send_Notify_ETR_S - Row Count is: 1
18:33:41.480 [main] INFO  testCases.TC001_WF1_Send_Notify_ETR_S - Col Count is: 52
18:33:41.480 [main] INFO  testCases.TC001_WF1_Send_Notify_ETR_S - Extracting DataSheet Values started...
18:33:42.893 [main] INFO  utilities.UtilityCustomFunctions - 9087654321 entered in  input
18:33:44.241 [main] INFO  utilities.UtilityCustomFunctions - 1111111111 entered in  input
18:33:46.695 [main] INFO  utilities.UtilityCustomFunctions - EditNewData@gmail.com entered in  input
18:33:47.924 [main] INFO  utilities.UtilityCustomFunctions - 7777777777 entered in  input
18:33:55.451 [main] INFO  testCases.TC001_WF1_Send_Notify_ETR_S - [Very bad] is selected in List
18:34:27.040 [main] INFO  utilities.UtilityCustomFunctions - Header Toggle Already ON
18:34:38.891 [main] INFO  utilities.UtilityCustomFunctions - Current Record Id: after Edit & Save:123113
18:34:38.995 [main] INFO  utilities.UtilityCustomFunctions - After Edit & Save : Old Notification count : 17 current Notification count 18
18:34:40.109 [main] INFO  testCases.TC001_WF1_Send_Notify_ETR_S - Excel file Utility instance created
18:34:40.118 [main] INFO  testCases.TC001_WF1_Send_Notify_ETR_S - Row Count is: 1
18:34:40.127 [main] INFO  testCases.TC001_WF1_Send_Notify_ETR_S - Col Count is: 52
18:34:40.127 [main] INFO  testCases.TC001_WF1_Send_Notify_ETR_S - Extracting DataSheet Values started...
18:34:40.329 [main] INFO  utilities.UtilityCustomFunctions - Actual:CRMEditFieldModule
18:34:40.329 [main] INFO  utilities.UtilityCustomFunctions - Expected:CRMEditFieldModule
18:34:40.330 [main] INFO  utilities.UtilityCustomFunctions - Message:Module Name
18:34:41.695 [main] INFO  utilities.UtilityCustomFunctions - Actual:CRMEditFieldModule
18:34:41.695 [main] INFO  utilities.UtilityCustomFunctions - Expected:CRMEditFieldModule
18:34:41.695 [main] INFO  utilities.UtilityCustomFunctions - Message:Module Name
18:34:42.830 [main] INFO  utilities.UtilityCustomFunctions - Actual:+91 9087654321
18:34:42.830 [main] INFO  utilities.UtilityCustomFunctions - Expected:+91 9087654321
18:34:42.830 [main] INFO  utilities.UtilityCustomFunctions - Message:Phone Number
18:34:43.958 [main] INFO  utilities.UtilityCustomFunctions - Actual:EditNewData@gmail.com
18:34:43.958 [main] INFO  utilities.UtilityCustomFunctions - Expected:EditNewData@gmail.com
18:34:43.958 [main] INFO  utilities.UtilityCustomFunctions - Message:Email
18:34:45.048 [main] INFO  utilities.UtilityCustomFunctions - Actual:Very Bad
18:34:45.048 [main] INFO  utilities.UtilityCustomFunctions - Expected:Very bad
18:34:45.048 [main] INFO  utilities.UtilityCustomFunctions - Message:Piclist Value
18:34:52.198 [main] INFO  utilities.UtilityCustomFunctions - Header Toggle Already ON
18:34:52.212 [main] INFO  utilities.UtilityCustomFunctions - Summary View Already OFF
18:34:56.697 [main] INFO  utilities.UtilityCustomFunctions - Actual:+91 9087654321
18:34:56.697 [main] INFO  utilities.UtilityCustomFunctions - Expected:+91 9087654321
18:34:56.698 [main] INFO  utilities.UtilityCustomFunctions - Message:Summary Phone Number
18:34:57.807 [main] INFO  utilities.UtilityCustomFunctions - Actual:1111111111
18:34:57.807 [main] INFO  utilities.UtilityCustomFunctions - Expected:1111111111
18:34:57.807 [main] INFO  utilities.UtilityCustomFunctions - Message:Summary Number Field
18:34:58.917 [main] INFO  utilities.UtilityCustomFunctions - Actual:EditNewData@gmail.com
18:34:58.917 [main] INFO  utilities.UtilityCustomFunctions - Expected:EditNewData@gmail.com
18:34:58.917 [main] INFO  utilities.UtilityCustomFunctions - Message:Summary Email
18:35:00.029 [main] INFO  utilities.UtilityCustomFunctions - Actual:Very Bad
18:35:00.029 [main] INFO  utilities.UtilityCustomFunctions - Expected:Very bad
18:35:00.029 [main] INFO  utilities.UtilityCustomFunctions - Message:Summary Picklist Item
18:35:01.139 [main] INFO  utilities.UtilityCustomFunctions - Actual:7777777777
18:35:01.139 [main] INFO  utilities.UtilityCustomFunctions - Expected:7777777777
18:35:01.139 [main] INFO  utilities.UtilityCustomFunctions - Message:Summary Enter Your Number
18:35:02.923 [main] INFO  utilities.UtilityCustomFunctions - Summary View Set ON
18:35:20.332 [main] INFO  utilities.UtilityCustomFunctions - Actual:Rsoft IT
18:35:20.333 [main] INFO  utilities.UtilityCustomFunctions - Expected:Rsoft IT
18:35:20.333 [main] INFO  utilities.UtilityCustomFunctions - Message:Detail View Assigned To
18:35:21.437 [main] INFO  utilities.UtilityCustomFunctions - Actual:+91 9087654321
18:35:21.437 [main] INFO  utilities.UtilityCustomFunctions - Expected:+91 9087654321
18:35:21.437 [main] INFO  utilities.UtilityCustomFunctions - Message:Detail View Phone Numer
18:35:22.539 [main] INFO  utilities.UtilityCustomFunctions - Actual:1111111111
18:35:22.539 [main] INFO  utilities.UtilityCustomFunctions - Expected:1111111111
18:35:22.539 [main] INFO  utilities.UtilityCustomFunctions - Message:Detail View Number Field
18:35:23.661 [main] INFO  utilities.UtilityCustomFunctions - Actual:EditNewData@gmail.com
18:35:23.661 [main] INFO  utilities.UtilityCustomFunctions - Expected:EditNewData@gmail.com
18:35:23.661 [main] INFO  utilities.UtilityCustomFunctions - Message:Detail View Email
18:35:24.775 [main] INFO  utilities.UtilityCustomFunctions - Actual:Very Bad
18:35:24.775 [main] INFO  utilities.UtilityCustomFunctions - Expected:Very bad
18:35:24.775 [main] INFO  utilities.UtilityCustomFunctions - Message:Detail View Menu Item
18:35:25.911 [main] INFO  utilities.UtilityCustomFunctions - Actual:7777777777
18:35:25.911 [main] INFO  utilities.UtilityCustomFunctions - Expected:7777777777
18:35:25.911 [main] INFO  utilities.UtilityCustomFunctions - Message:Detail View Enter Your Number
18:35:32.424 [main] INFO  utilities.UtilityCustomFunctions - Actual:CRMEditFieldModule
18:35:32.424 [main] INFO  utilities.UtilityCustomFunctions - Expected:CRMEditFieldModule
18:35:32.425 [main] INFO  utilities.UtilityCustomFunctions - Message:Module Name Title
18:35:33.531 [main] INFO  utilities.UtilityCustomFunctions - Actual:+91 9087654321
18:35:33.531 [main] INFO  utilities.UtilityCustomFunctions - Expected:+91 9087654321
18:35:33.531 [main] INFO  utilities.UtilityCustomFunctions - Message:Phone Number Title
18:35:34.636 [main] INFO  utilities.UtilityCustomFunctions - Actual:EditNewData@gmail.com
18:35:34.636 [main] INFO  utilities.UtilityCustomFunctions - Expected:EditNewData@gmail.com
18:35:34.636 [main] INFO  utilities.UtilityCustomFunctions - Message:Email Title
18:35:35.738 [main] INFO  utilities.UtilityCustomFunctions - Actual:Very Bad
18:35:35.738 [main] INFO  utilities.UtilityCustomFunctions - Expected:Very bad
18:35:35.738 [main] INFO  utilities.UtilityCustomFunctions - Message:Piclist Value Title
18:35:57.054 [main] INFO  testCases.TC001_WF1_Send_Notify_ETR_S - Notification detail view opened
18:36:02.082 [main] INFO  testCases.TC001_WF1_Send_Notify_ETR_S - Switched to New Window
18:36:08.161 [main] INFO  utilities.UtilityCustomFunctions - Header Toggle Already ON
18:36:11.282 [main] INFO  utilities.UtilityCustomFunctions - Actual:Rsoft IT
18:36:11.282 [main] INFO  utilities.UtilityCustomFunctions - Expected:Rsoft IT
18:36:11.282 [main] INFO  utilities.UtilityCustomFunctions - Message:Summary View Assigned To
18:36:12.399 [main] INFO  utilities.UtilityCustomFunctions - Actual:0
18:36:12.399 [main] INFO  utilities.UtilityCustomFunctions - Expected:0
18:36:12.399 [main] INFO  utilities.UtilityCustomFunctions - Message:Summary View Status
18:36:13.507 [main] INFO  utilities.UtilityCustomFunctions - Actual: ETRS Notify 
18:36:13.507 [main] INFO  utilities.UtilityCustomFunctions - Expected:ETRS Notify
18:36:13.507 [main] INFO  utilities.UtilityCustomFunctions - Message:Summary View User
18:36:14.686 [main] INFO  utilities.UtilityCustomFunctions - Actual:         tskETRS_Notify       
18:36:14.686 [main] INFO  utilities.UtilityCustomFunctions - Expected:tskETRS_Notify
18:36:14.686 [main] INFO  utilities.UtilityCustomFunctions - Message:Summary View Action Title
18:36:16.500 [main] INFO  utilities.UtilityCustomFunctions - Summary View Set ON
18:36:24.600 [main] INFO  utilities.UtilityCustomFunctions - Actual:Rsoft IT
18:36:24.600 [main] INFO  utilities.UtilityCustomFunctions - Expected:Rsoft IT
18:36:24.600 [main] INFO  utilities.UtilityCustomFunctions - Message:Detail View Assigned To
18:36:25.727 [main] INFO  utilities.UtilityCustomFunctions - Actual:0
18:36:25.727 [main] INFO  utilities.UtilityCustomFunctions - Expected:0
18:36:25.727 [main] INFO  utilities.UtilityCustomFunctions - Message:Detail View Status
18:36:26.841 [main] INFO  utilities.UtilityCustomFunctions - Actual: ETRS Notify 
18:36:26.841 [main] INFO  utilities.UtilityCustomFunctions - Expected:ETRS Notify
18:36:26.841 [main] INFO  utilities.UtilityCustomFunctions - Message:Detail View Summary
18:36:27.994 [main] INFO  utilities.UtilityCustomFunctions - Actual:         tskETRS_Notify       
18:36:27.994 [main] INFO  utilities.UtilityCustomFunctions - Expected:tskETRS_Notify
18:36:27.994 [main] INFO  utilities.UtilityCustomFunctions - Message:Detail View Action Title
18:36:29.126 [main] INFO  utilities.UtilityCustomFunctions - Actual:123113
18:36:29.126 [main] INFO  utilities.UtilityCustomFunctions - Expected:123113
18:36:29.126 [main] INFO  utilities.UtilityCustomFunctions - Message:Detail View Module Record Id
18:36:36.447 [main] INFO  utilities.UtilityCustomFunctions - //ul[@class='select2-results__options']/li[contains(text(),'IT')]
18:36:38.059 [main] INFO  utilities.UtilityCustomFunctions - 123113 entered in  input
18:36:43.306 [main] INFO  utilities.UtilityCustomFunctions - table row Count:3
18:36:43.306 [main] INFO  utilities.UtilityCustomFunctions - After Edit with New Data : user 1 and AssignedTo:Rsoft ITNotification record count: 2
18:36:43.306 [main] INFO  utilities.UtilityCustomFunctions - Passed: Notification Received after Edit & Save New Record Add -Rsoft IT Record Id: 123113
18:36:44.698 [main] INFO  utilities.UtilityCustomFunctions - Actual:Rsoft IT
18:36:44.698 [main] INFO  utilities.UtilityCustomFunctions - Expected:Rsoft IT
18:36:44.698 [main] INFO  utilities.UtilityCustomFunctions - Message:AssignedTo Record Details
18:36:45.802 [main] INFO  utilities.UtilityCustomFunctions - Actual:0
18:36:45.802 [main] INFO  utilities.UtilityCustomFunctions - Expected:0
18:36:45.802 [main] INFO  utilities.UtilityCustomFunctions - Message:Status in Record Details
18:36:46.902 [main] INFO  utilities.UtilityCustomFunctions - Actual:Rsoft IT
18:36:46.902 [main] INFO  utilities.UtilityCustomFunctions - Expected:Rsoft IT
18:36:46.902 [main] INFO  utilities.UtilityCustomFunctions - Message:Created By in Record Details
18:36:47.996 [main] INFO  utilities.UtilityCustomFunctions - Actual:ETRS Notify
18:36:47.996 [main] INFO  utilities.UtilityCustomFunctions - Expected:ETRS Notify
18:36:47.996 [main] INFO  utilities.UtilityCustomFunctions - Message:UserName in Record Details
18:36:49.090 [main] INFO  utilities.UtilityCustomFunctions - Actual:tskETRS_Notify
18:36:49.090 [main] INFO  utilities.UtilityCustomFunctions - Expected:tskETRS_Notify
