17:28:43.558 [TestNG-tests-1] INFO  utilities.UtilityCustomFunctions - Expected Time from sheet:02:35:55 PM
17:28:43.602 [TestNG-tests-1] INFO  utilities.UtilityCustomFunctions - Formatted Time from sheet:02:35:55 PM
17:28:43.602 [TestNG-tests-1] INFO  utilities.UtilityCustomFunctions - Actual:02:35:55 PM
17:28:43.602 [TestNG-tests-1] INFO  utilities.UtilityCustomFunctions - Expected:02:35:55 PM
17:28:43.602 [TestNG-tests-1] INFO  utilities.UtilityCustomFunctions - Message:Summary Time:  Target Entity @Edit & Save
17:28:44.717 [TestNG-tests-1] INFO  utilities.UtilityCustomFunctions - Expected Date Time from sheet:2024-07-19 05:00:00 PM
17:28:44.761 [TestNG-tests-1] INFO  utilities.UtilityCustomFunctions - Formatted date & Time from sheet:2024-07-19 05:00:00 PM
17:28:44.763 [TestNG-tests-1] INFO  utilities.UtilityCustomFunctions - Actual:2024-07-19 05:00:00 PM
17:28:44.763 [TestNG-tests-1] INFO  utilities.UtilityCustomFunctions - Expected:2024-07-19 05:00:00 PM
17:28:44.763 [TestNG-tests-1] INFO  utilities.UtilityCustomFunctions - Message:Summary Date & Time :  Target Entity @Edit & Save
17:28:46.019 [TestNG-tests-1] INFO  utilities.UtilityCustomFunctions - Actual:annie-spratt
17:28:46.019 [TestNG-tests-1] INFO  utilities.UtilityCustomFunctions - Expected:annie-spratt
17:28:46.019 [TestNG-tests-1] INFO  utilities.UtilityCustomFunctions - Message:Summary File Upload :  Target Entity @Edit & Save
17:28:47.181 [TestNG-tests-1] INFO  utilities.UtilityCustomFunctions - ActualName:Mrs. StevenExpectedName:Mrs. Steven
17:28:47.181 [TestNG-tests-1] INFO  utilities.UtilityCustomFunctions - Actual:Mrs. Steven
17:28:47.181 [TestNG-tests-1] INFO  utilities.UtilityCustomFunctions - Expected:Mrs. Steven
17:28:47.181 [TestNG-tests-1] INFO  utilities.UtilityCustomFunctions - Message:Summary Name:  Target Entity @Edit & Save
17:28:48.340 [TestNG-tests-1] INFO  utilities.UtilityCustomFunctions - Actual:11111111111
17:28:48.340 [TestNG-tests-1] INFO  utilities.UtilityCustomFunctions - Expected:11111111111
17:28:48.340 [TestNG-tests-1] INFO  utilities.UtilityCustomFunctions - Message:Summary Number:  Target Entity @Edit & Save
17:28:49.500 [TestNG-tests-1] INFO  utilities.UtilityCustomFunctions - Actual:10000
17:28:49.500 [TestNG-tests-1] INFO  utilities.UtilityCustomFunctions - Expected:10000
17:28:49.500 [TestNG-tests-1] INFO  utilities.UtilityCustomFunctions - Message:Summary Currency:  Target Entity @Edit & Save
17:28:50.634 [TestNG-tests-1] INFO  utilities.UtilityCustomFunctions - Actual:http://www.google.com/
17:28:50.634 [TestNG-tests-1] INFO  utilities.UtilityCustomFunctions - Expected:http://www.google.com/
17:28:50.634 [TestNG-tests-1] INFO  utilities.UtilityCustomFunctions - Message:Summary Url:  Target Entity @Edit & Save
17:28:51.790 [TestNG-tests-1] INFO  utilities.UtilityCustomFunctions - Actual:Dr. Annie
17:28:51.791 [TestNG-tests-1] INFO  utilities.UtilityCustomFunctions - Expected:Dr. Annie
17:28:51.791 [TestNG-tests-1] INFO  utilities.UtilityCustomFunctions - Message:Summary Enquiry Name:  Target Entity @Edit & Save
17:28:52.944 [TestNG-tests-1] INFO  utilities.UtilityCustomFunctions - Actual:EditEnquiry@gmail.com
17:28:52.944 [TestNG-tests-1] INFO  utilities.UtilityCustomFunctions - Expected:EditEnquiry@gmail.com
17:28:52.944 [TestNG-tests-1] INFO  utilities.UtilityCustomFunctions - Message:Summary Enquiry Email:  Target Entity @Edit & Save
17:28:54.108 [TestNG-tests-1] INFO  utilities.UtilityCustomFunctions - Actual:Enquiry about Chatbot
17:28:54.108 [TestNG-tests-1] INFO  utilities.UtilityCustomFunctions - Expected:Enquiry about Chatbot
17:28:54.109 [TestNG-tests-1] INFO  utilities.UtilityCustomFunctions - Message:Summary Enquiry Text:  Target Entity @Edit & Save
17:28:55.247 [TestNG-tests-1] INFO  utilities.UtilityCustomFunctions - Actual:Test Enquiry Text Area
17:28:55.247 [TestNG-tests-1] INFO  utilities.UtilityCustomFunctions - Expected:Test Enquiry Text Area
17:28:55.247 [TestNG-tests-1] INFO  utilities.UtilityCustomFunctions - Message:Summary Enquiry Text Area:  Target Entity @Edit & Save
17:28:56.338 [TestNG-tests-1] INFO  utilities.UtilityCustomFunctions - Expected enq Date:2024-07-16
17:28:56.380 [TestNG-tests-1] INFO  utilities.UtilityCustomFunctions - Formatted Enquiry Date from sheet:2024-07-16
17:28:56.380 [TestNG-tests-1] INFO  utilities.UtilityCustomFunctions - Actual:2024-07-16
17:28:56.380 [TestNG-tests-1] INFO  utilities.UtilityCustomFunctions - Expected:2024-07-16
17:28:56.380 [TestNG-tests-1] INFO  utilities.UtilityCustomFunctions - Message:Summary Enquiry Date:  Target Entity @Edit & Save
17:28:57.522 [TestNG-tests-1] INFO  utilities.UtilityCustomFunctions - Actual:+60 9840017304
17:28:57.522 [TestNG-tests-1] INFO  utilities.UtilityCustomFunctions - Expected:+60 9840017304
17:28:57.522 [TestNG-tests-1] INFO  utilities.UtilityCustomFunctions - Message:Summary Enquiry Phone Number:  Target Entity @Edit & Save
17:28:58.669 [TestNG-tests-1] INFO  utilities.UtilityCustomFunctions - Actual:Urgent
17:28:58.669 [TestNG-tests-1] INFO  utilities.UtilityCustomFunctions - Expected:Urgent
17:28:58.669 [TestNG-tests-1] INFO  utilities.UtilityCustomFunctions - Message:Summary Enquiry Category:  Target Entity @Edit & Save
17:28:59.827 [TestNG-tests-1] INFO  utilities.UtilityCustomFunctions - Actual:+91 9840029729
17:28:59.827 [TestNG-tests-1] INFO  utilities.UtilityCustomFunctions - Expected:+91 9840029729
17:28:59.827 [TestNG-tests-1] INFO  utilities.UtilityCustomFunctions - Message:Summary Lead PhoneNumber:  Target Entity @Edit & Save
17:29:00.982 [TestNG-tests-1] INFO  utilities.UtilityCustomFunctions - Actual:EditLeadLead@gmail.com
17:29:00.982 [TestNG-tests-1] INFO  utilities.UtilityCustomFunctions - Expected:EditLeadLead@gmail.com
17:29:00.982 [TestNG-tests-1] INFO  utilities.UtilityCustomFunctions - Message:Summary Lead Email:  Target Entity @Edit & Save
17:29:02.113 [TestNG-tests-1] INFO  utilities.UtilityCustomFunctions - Actual:Lead about Chatbot
17:29:02.113 [TestNG-tests-1] INFO  utilities.UtilityCustomFunctions - Expected:Lead about Chatbot
17:29:02.114 [TestNG-tests-1] INFO  utilities.UtilityCustomFunctions - Message:Summary Lead Text:  Target Entity @Edit & Save
17:29:03.301 [TestNG-tests-1] INFO  utilities.UtilityCustomFunctions - Actual:+60 9840085637
17:29:03.301 [TestNG-tests-1] INFO  utilities.UtilityCustomFunctions - Expected:+60 9840085637
17:29:03.301 [TestNG-tests-1] INFO  utilities.UtilityCustomFunctions - Message:Summary Sales PhoneNumber:  Target Entity @Edit & Save
17:29:04.459 [TestNG-tests-1] INFO  utilities.UtilityCustomFunctions - Actual:EditSales@gmail.com
17:29:04.459 [TestNG-tests-1] INFO  utilities.UtilityCustomFunctions - Expected:EditSales@gmail.com
17:29:04.459 [TestNG-tests-1] INFO  utilities.UtilityCustomFunctions - Message:Summary Sales Email:  Target Entity @Edit & Save
17:29:06.304 [TestNG-tests-1] INFO  utilities.UtilityCustomFunctions - Summary View Set ON
17:29:18.835 [TestNG-tests-1] INFO  utilities.UtilityCustomFunctions - Actual:Sudhakar VE
17:29:18.835 [TestNG-tests-1] INFO  utilities.UtilityCustomFunctions - Expected:Sudhakar VE
17:29:18.835 [TestNG-tests-1] INFO  utilities.UtilityCustomFunctions - Message:Detail View AssignedTo:  Target Entity @Edit & Save
17:29:19.988 [TestNG-tests-1] INFO  utilities.UtilityCustomFunctions - Actual:Edit Record
17:29:19.988 [TestNG-tests-1] INFO  utilities.UtilityCustomFunctions - Expected:Edit Record
17:29:19.988 [TestNG-tests-1] INFO  utilities.UtilityCustomFunctions - Message:Detail View Text:  Target Entity @Edit & Save
17:29:21.134 [TestNG-tests-1] INFO  utilities.UtilityCustomFunctions - sActDTMobileNumber +65
  9840023981
17:29:21.134 [TestNG-tests-1] INFO  utilities.UtilityCustomFunctions - Actual:+65 9840023981
17:29:21.134 [TestNG-tests-1] INFO  utilities.UtilityCustomFunctions - Expected:+65 9840023981
17:29:21.134 [TestNG-tests-1] INFO  utilities.UtilityCustomFunctions - Message:Detail View Mobile Number:  Target Entity @Edit & Save
17:29:22.295 [TestNG-tests-1] INFO  utilities.UtilityCustomFunctions - Actual:EditNewEmail@rsoft.in
17:29:22.295 [TestNG-tests-1] INFO  utilities.UtilityCustomFunctions - Expected:EditNewEmail@rsoft.in
17:29:22.295 [TestNG-tests-1] INFO  utilities.UtilityCustomFunctions - Message:Detail View Email :  Target Entity @Edit & Save
17:29:23.446 [TestNG-tests-1] INFO  utilities.UtilityCustomFunctions - Actual:3
17:29:23.447 [TestNG-tests-1] INFO  utilities.UtilityCustomFunctions - Expected:3
17:29:23.447 [TestNG-tests-1] INFO  utilities.UtilityCustomFunctions - Message:Detail View PicListValue :  Target Entity @Edit & Save
17:29:24.605 [TestNG-tests-1] INFO  utilities.UtilityCustomFunctions - Actual:one
17:29:24.605 [TestNG-tests-1] INFO  utilities.UtilityCustomFunctions - Expected:one
17:29:24.605 [TestNG-tests-1] INFO  utilities.UtilityCustomFunctions - Message:Detail View MuultiCombo Values :  Target Entity @Edit & Save
17:29:25.769 [TestNG-tests-1] INFO  utilities.UtilityCustomFunctions - Actual:Kanchipuram
17:29:25.769 [TestNG-tests-1] INFO  utilities.UtilityCustomFunctions - Expected:Kanchipuram
17:29:25.769 [TestNG-tests-1] INFO  utilities.UtilityCustomFunctions - Message:Detail View City:  Target Entity @Edit & Save
17:29:26.935 [TestNG-tests-1] INFO  utilities.UtilityCustomFunctions - Actual:Tamilnadu
17:29:26.935 [TestNG-tests-1] INFO  utilities.UtilityCustomFunctions - Expected:Tamilnadu
17:29:26.935 [TestNG-tests-1] INFO  utilities.UtilityCustomFunctions - Message:Detail View State:  Target Entity @Edit & Save
17:29:28.095 [TestNG-tests-1] INFO  utilities.UtilityCustomFunctions - Actual:India
17:29:28.095 [TestNG-tests-1] INFO  utilities.UtilityCustomFunctions - Expected:India
17:29:28.095 [TestNG-tests-1] INFO  utilities.UtilityCustomFunctions - Message:Detail View Country:  Target Entity @Edit & Save
17:29:29.278 [TestNG-tests-1] INFO  utilities.UtilityCustomFunctions - Actual:Yes
17:29:29.278 [TestNG-tests-1] INFO  utilities.UtilityCustomFunctions - Expected:Yes
17:29:29.278 [TestNG-tests-1] INFO  utilities.UtilityCustomFunctions - Message:Detail View CheckBox:  Target Entity @Edit & Save
17:29:30.426 [TestNG-tests-1] INFO  utilities.UtilityCustomFunctions - Actual:2024-07-16
17:29:30.426 [TestNG-tests-1] INFO  utilities.UtilityCustomFunctions - Expected:2024-07-16
17:29:30.426 [TestNG-tests-1] INFO  utilities.UtilityCustomFunctions - Message:Detail View Date:  Target Entity @Edit & Save
17:29:31.589 [TestNG-tests-1] INFO  utilities.UtilityCustomFunctions - Actual:02:35:55 PM
17:29:31.589 [TestNG-tests-1] INFO  utilities.UtilityCustomFunctions - Expected:02:35:55 PM
17:29:31.589 [TestNG-tests-1] INFO  utilities.UtilityCustomFunctions - Message:Detail View Time:  Target Entity @Edit & Save
17:29:32.734 [TestNG-tests-1] INFO  utilities.UtilityCustomFunctions - Actual:2024-07-19 05:00:00 PM
17:29:32.734 [TestNG-tests-1] INFO  utilities.UtilityCustomFunctions - Expected:2024-07-19 05:00:00 PM
17:29:32.734 [TestNG-tests-1] INFO  utilities.UtilityCustomFunctions - Message:Detail View Date & Time :  Target Entity @Edit & Save
17:29:33.971 [TestNG-tests-1] INFO  utilities.UtilityCustomFunctions - Actual:annie-spratt
17:29:33.971 [TestNG-tests-1] INFO  utilities.UtilityCustomFunctions - Expected:annie-spratt
17:29:33.971 [TestNG-tests-1] INFO  utilities.UtilityCustomFunctions - Message:Detail View File Upload :  Target Entity @Edit & Save
17:29:35.133 [TestNG-tests-1] INFO  utilities.UtilityCustomFunctions - ActualNameDT:Mrs. StevenExpectedNameDT:Mrs. Steven
17:29:35.133 [TestNG-tests-1] INFO  utilities.UtilityCustomFunctions - Actual:Mrs. Steven
17:29:35.133 [TestNG-tests-1] INFO  utilities.UtilityCustomFunctions - Expected:Mrs. Steven
17:29:35.133 [TestNG-tests-1] INFO  utilities.UtilityCustomFunctions - Message:Detail View Name:  Target Entity @Edit & Save
17:29:36.290 [TestNG-tests-1] INFO  utilities.UtilityCustomFunctions - Actual:11111111111
17:29:36.290 [TestNG-tests-1] INFO  utilities.UtilityCustomFunctions - Expected:11111111111
17:29:36.290 [TestNG-tests-1] INFO  utilities.UtilityCustomFunctions - Message:Detail View Number:  Target Entity @Edit & Save
17:29:37.432 [TestNG-tests-1] INFO  utilities.UtilityCustomFunctions - Actual:10000
17:29:37.433 [TestNG-tests-1] INFO  utilities.UtilityCustomFunctions - Expected:10000
17:29:37.433 [TestNG-tests-1] INFO  utilities.UtilityCustomFunctions - Message:Detail View Currency:  Target Entity @Edit & Save
17:29:38.565 [TestNG-tests-1] INFO  utilities.UtilityCustomFunctions - Actual:http://www.google.com/
17:29:38.565 [TestNG-tests-1] INFO  utilities.UtilityCustomFunctions - Expected:http://www.google.com/
17:29:38.565 [TestNG-tests-1] INFO  utilities.UtilityCustomFunctions - Message:Detail View Url:  Target Entity @Edit & Save
17:29:45.871 [TestNG-tests-1] INFO  utilities.UtilityCustomFunctions - Actual:Dr. Annie
17:29:45.872 [TestNG-tests-1] INFO  utilities.UtilityCustomFunctions - Expected:Dr. Annie
17:29:45.872 [TestNG-tests-1] INFO  utilities.UtilityCustomFunctions - Message:Detail View Enquiry Name:  Target Entity @Edit & Save
17:29:47.026 [TestNG-tests-1] INFO  utilities.UtilityCustomFunctions - Actual:EditEnquiry@gmail.com
17:29:47.026 [TestNG-tests-1] INFO  utilities.UtilityCustomFunctions - Expected:EditEnquiry@gmail.com
17:29:47.026 [TestNG-tests-1] INFO  utilities.UtilityCustomFunctions - Message:Detail View Enquiry Email:  Target Entity @Edit & Save
17:29:48.178 [TestNG-tests-1] INFO  utilities.UtilityCustomFunctions - Actual:Enquiry about Chatbot
17:29:48.178 [TestNG-tests-1] INFO  utilities.UtilityCustomFunctions - Expected:Enquiry about Chatbot
17:29:48.178 [TestNG-tests-1] INFO  utilities.UtilityCustomFunctions - Message:Detail View Enquiry Text:  Target Entity @Edit & Save
17:29:49.344 [TestNG-tests-1] INFO  utilities.UtilityCustomFunctions - Actual:Test Enquiry Text Area
17:29:49.344 [TestNG-tests-1] INFO  utilities.UtilityCustomFunctions - Expected:Test Enquiry Text Area
17:29:49.344 [TestNG-tests-1] INFO  utilities.UtilityCustomFunctions - Message:Detail View Enquiry Text Area:  Target Entity @Edit & Save
17:29:50.508 [TestNG-tests-1] INFO  utilities.UtilityCustomFunctions - Actual:2024-07-16
17:29:50.508 [TestNG-tests-1] INFO  utilities.UtilityCustomFunctions - Expected:2024-07-16
17:29:50.508 [TestNG-tests-1] INFO  utilities.UtilityCustomFunctions - Message:Detail View Enquiry Date:  Target Entity @Edit & Save
17:29:51.665 [TestNG-tests-1] INFO  utilities.UtilityCustomFunctions - Actual:+60 9840017304
17:29:51.665 [TestNG-tests-1] INFO  utilities.UtilityCustomFunctions - Expected:+60 9840017304
17:29:51.665 [TestNG-tests-1] INFO  utilities.UtilityCustomFunctions - Message:Detail View Enquiry Phone Number:  Target Entity @Edit & Save
17:29:52.828 [TestNG-tests-1] INFO  utilities.UtilityCustomFunctions - Actual:Urgent
17:29:52.828 [TestNG-tests-1] INFO  utilities.UtilityCustomFunctions - Expected:Urgent
17:29:52.828 [TestNG-tests-1] INFO  utilities.UtilityCustomFunctions - Message:Detail View Enquiry Category:  Target Entity @Edit & Save
17:30:00.128 [TestNG-tests-1] INFO  utilities.UtilityCustomFunctions - Actual:+91 9840029729
17:30:00.128 [TestNG-tests-1] INFO  utilities.UtilityCustomFunctions - Expected:+91 9840029729
17:30:00.128 [TestNG-tests-1] INFO  utilities.UtilityCustomFunctions - Message:DT Lead Mobile Number:  Target Entity @Edit & Save
17:30:01.260 [TestNG-tests-1] INFO  utilities.UtilityCustomFunctions - Actual:EditLeadLead@gmail.com
17:30:01.260 [TestNG-tests-1] INFO  utilities.UtilityCustomFunctions - Expected:EditLeadLead@gmail.com
17:30:01.260 [TestNG-tests-1] INFO  utilities.UtilityCustomFunctions - Message:DT View Lead Email  Target Entity @Edit & Save
17:30:02.402 [TestNG-tests-1] INFO  utilities.UtilityCustomFunctions - Actual:Lead about Chatbot
17:30:02.402 [TestNG-tests-1] INFO  utilities.UtilityCustomFunctions - Expected:Lead about Chatbot
17:30:02.402 [TestNG-tests-1] INFO  utilities.UtilityCustomFunctions - Message:DT View Lead Text Target Entity @Edit & Save
17:30:03.561 [TestNG-tests-1] INFO  utilities.UtilityCustomFunctions - Actual:+60 9840085637
17:30:03.561 [TestNG-tests-1] INFO  utilities.UtilityCustomFunctions - Expected:+60 9840085637
17:30:03.561 [TestNG-tests-1] INFO  utilities.UtilityCustomFunctions - Message:DT Sales Mobile Number:  Target Entity @Edit & Save
17:30:04.699 [TestNG-tests-1] INFO  utilities.UtilityCustomFunctions - Actual:EditSales@gmail.com
17:30:04.699 [TestNG-tests-1] INFO  utilities.UtilityCustomFunctions - Expected:EditSales@gmail.com
17:30:04.699 [TestNG-tests-1] INFO  utilities.UtilityCustomFunctions - Message:DT View Sales EmailTarget Entity @Edit & Save
17:30:05.818 [TestNG-tests-1] INFO  utilities.UtilityCustomFunctions - Created Entity after @Edit & Save Done
17:30:42.458 [TestNG-tests-1] INFO  utilities.UtilityCustomFunctions - Header Toggle Already ON
17:30:42.478 [TestNG-tests-1] INFO  utilities.UtilityCustomFunctions - Summary View Already OFF
17:30:44.908 [TestNG-tests-1] INFO  utilities.UtilityCustomFunctions - IndividualTextEdited entered in  input
17:31:27.662 [TestNG-tests-1] INFO  utilities.UtilityCustomFunctions - Actual:Total Validation Count:65
17:31:27.662 [TestNG-tests-1] INFO  utilities.UtilityCustomFunctions - Expected:Total Validation Count:65
17:31:27.662 [TestNG-tests-1] INFO  utilities.UtilityCustomFunctions - Message:pass
17:31:28.793 [TestNG-tests-1] INFO  utilities.UtilityCustomFunctions - Actual:Total Validation Count:66
17:31:28.794 [TestNG-tests-1] INFO  utilities.UtilityCustomFunctions - Expected:Total Passed Validations:66
17:31:28.794 [TestNG-tests-1] INFO  utilities.UtilityCustomFunctions - Message:pass
17:31:29.935 [TestNG-tests-1] INFO  utilities.UtilityCustomFunctions - Actual:Total Validation Count:1
17:31:29.935 [TestNG-tests-1] INFO  utilities.UtilityCustomFunctions - Expected:Total Failed Validations:1
17:31:29.935 [TestNG-tests-1] INFO  utilities.UtilityCustomFunctions - Message:fail
17:38:15.465 [TestNG-tests-1] INFO  utilities.UtilityCustomFunctions - Extent Test Creation
17:38:15.471 [TestNG-tests-1] INFO  utilities.UtilityCustomFunctions - Extent Test Created
17:38:16.994 [TestNG-tests-1] INFO  utilities.UtilityCustomFunctions - Extent Test Node Created
17:38:16.994 [TestNG-tests-1] INFO  testCases.TC021_CreateEntity_ETRS_SuccessUpdate - ********** starting TC021_CreateEntity_ETRS_SuccessUpdate ***************
17:38:16.994 [TestNG-tests-1] INFO  testCases.TC021_CreateEntity_ETRS_SuccessUpdate - Test Execution on Browser: chrome
17:38:16.994 [TestNG-tests-1] INFO  utilities.UtilityCustomFunctions - Browser:chrome
17:38:16.996 [TestNG-tests-1] INFO  utilities.UtilityCustomFunctions - Excel file Utility instance created
17:38:17.639 [TestNG-tests-1] INFO  testCases.TC021_CreateEntity_ETRS_SuccessUpdate - Row Count is: 1
17:38:17.714 [TestNG-tests-1] INFO  testCases.TC021_CreateEntity_ETRS_SuccessUpdate - Col Count is: 54
17:38:19.123 [TestNG-tests-1] INFO  testCases.TC021_CreateEntity_ETRS_SuccessUpdate - Extracting DataSheet Values started...
17:38:21.588 [TestNG-tests-1] INFO  utilities.UtilityCustomFunctions - PN1:9840062204
17:38:21.588 [TestNG-tests-1] INFO  utilities.UtilityCustomFunctions - PN2:9840091471
17:38:21.590 [TestNG-tests-1] INFO  utilities.UtilityCustomFunctions - PN3:9840005424
17:38:21.590 [TestNG-tests-1] INFO  utilities.UtilityCustomFunctions - PN4:9840064575
17:38:30.960 [TestNG-tests-1] INFO  utilities.UtilityCustomFunctions - PRIYAN entered in  input
17:38:32.206 [TestNG-tests-1] INFO  utilities.UtilityCustomFunctions - Sudhakar entered in  input
17:38:33.508 [TestNG-tests-1] INFO  utilities.UtilityCustomFunctions - Automation@123 entered in  input
17:38:40.104 [TestNG-tests-1] INFO  testCases.TC021_CreateEntity_ETRS_SuccessUpdate - CRM Login Success with:Sudhakar
17:38:40.104 [TestNG-tests-1] INFO  utilities.UtilityCustomFunctions - Actual:Login Success
17:38:40.105 [TestNG-tests-1] INFO  utilities.UtilityCustomFunctions - Expected:Login Success
17:38:40.105 [TestNG-tests-1] INFO  utilities.UtilityCustomFunctions - Message:User: Sudhakar
17:38:46.586 [TestNG-tests-1] INFO  testCases.TC021_CreateEntity_ETRS_SuccessUpdate - Clicked Avatar
17:38:50.371 [TestNG-tests-1] INFO  testCases.TC021_CreateEntity_ETRS_SuccessUpdate - Clicked Menu CRM Setting
17:38:52.492 [TestNG-tests-1] INFO  testCases.TC021_CreateEntity_ETRS_SuccessUpdate - Clicked Menu Other Setting
17:39:00.132 [TestNG-tests-1] INFO  testCases.TC021_CreateEntity_ETRS_SuccessUpdate - Clicked Menu Item Workflow
17:39:00.347 [TestNG-tests-1] INFO  testCases.TC021_CreateEntity_ETRS_SuccessUpdate - Clicked Workflow from Combox Box List
17:39:02.355 [TestNG-tests-1] INFO  testCases.TC021_CreateEntity_ETRS_SuccessUpdate - Item to be selected:  CreateEntitySource Workflow
17:39:08.130 [TestNG-tests-1] INFO  testCases.TC021_CreateEntity_ETRS_SuccessUpdate - [CreateEntitySource Workflow] is selected in List
17:39:08.130 [TestNG-tests-1] INFO  testCases.TC021_CreateEntity_ETRS_SuccessUpdate - Item selected in combox Box  CreateEntitySource Workflow
17:39:11.158 [TestNG-tests-1] INFO  testCases.TC021_CreateEntity_ETRS_SuccessUpdate - Selected Module to View its Workflows
17:39:11.158 [TestNG-tests-1] INFO  utilities.UtilityCustomFunctions - Exp Module Name:wfCreateEntity_ETRS
17:39:11.158 [TestNG-tests-1] INFO  utilities.UtilityCustomFunctions - Execution Condition:Every time the record is save
17:39:11.257 [TestNG-tests-1] INFO  testCases.TC021_CreateEntity_ETRS_SuccessUpdate - Module,workflow,conditions not matched 
17:39:11.257 [TestNG-tests-1] INFO  testCases.TC021_CreateEntity_ETRS_SuccessUpdate - bCurrentWFStatus: false
17:39:11.330 [TestNG-tests-1] INFO  testCases.TC021_CreateEntity_ETRS_SuccessUpdate - Module,workflow,conditions not matched 
17:39:11.330 [TestNG-tests-1] INFO  testCases.TC021_CreateEntity_ETRS_SuccessUpdate - bCurrentWFStatus: false
17:39:11.397 [TestNG-tests-1] INFO  testCases.TC021_CreateEntity_ETRS_SuccessUpdate - Module,workflow,conditions not matched 
17:39:11.397 [TestNG-tests-1] INFO  testCases.TC021_CreateEntity_ETRS_SuccessUpdate - bCurrentWFStatus: false
17:39:11.460 [TestNG-tests-1] INFO  testCases.TC021_CreateEntity_ETRS_SuccessUpdate - Module,workflow,conditions not matched 
17:39:11.460 [TestNG-tests-1] INFO  testCases.TC021_CreateEntity_ETRS_SuccessUpdate - bCurrentWFStatus: false
17:39:11.526 [TestNG-tests-1] INFO  testCases.TC021_CreateEntity_ETRS_SuccessUpdate - Module,workflow,conditions not matched 
17:39:11.526 [TestNG-tests-1] INFO  testCases.TC021_CreateEntity_ETRS_SuccessUpdate - bCurrentWFStatus: false
17:39:11.590 [TestNG-tests-1] INFO  testCases.TC021_CreateEntity_ETRS_SuccessUpdate - Module,workflow,condition matches
17:39:11.590 [TestNG-tests-1] INFO  testCases.TC021_CreateEntity_ETRS_SuccessUpdate - bCurrentWFStatus: false
17:39:11.662 [TestNG-tests-1] INFO  testCases.TC021_CreateEntity_ETRS_SuccessUpdate - Module,workflow,conditions not matched 
17:39:11.662 [TestNG-tests-1] INFO  testCases.TC021_CreateEntity_ETRS_SuccessUpdate - bCurrentWFStatus: true
17:39:11.699 [TestNG-tests-1] INFO  testCases.TC021_CreateEntity_ETRS_SuccessUpdate - wfCreateEntity_ETRMWorkflow disabled manually
17:39:11.782 [TestNG-tests-1] INFO  testCases.TC021_CreateEntity_ETRS_SuccessUpdate - Module,workflow,conditions not matched 
17:39:11.782 [TestNG-tests-1] INFO  testCases.TC021_CreateEntity_ETRS_SuccessUpdate - bCurrentWFStatus: false
17:39:11.867 [TestNG-tests-1] INFO  utilities.UtilityCustomFunctions - testworkflow or ceuaDisabled Workflow Manually Enabled
17:39:11.867 [TestNG-tests-1] INFO  testCases.TC021_CreateEntity_ETRS_SuccessUpdate - true:6
17:39:11.868 [TestNG-tests-1] INFO  utilities.UtilityCustomFunctions - Current Workflow status:true:6
17:39:19.535 [TestNG-tests-1] INFO  testCases.TC021_CreateEntity_ETRS_SuccessUpdate - Work flow clicked
17:39:26.671 [TestNG-tests-1] INFO  testCases.TC021_CreateEntity_ETRS_SuccessUpdate - Cliked Step 1 Next Button to Condition Page
17:39:32.308 [TestNG-tests-1] INFO  testCases.TC021_CreateEntity_ETRS_SuccessUpdate - Cliked Step 2 Next Button to Task List Page
17:39:33.311 [TestNG-tests-1] INFO  testCases.TC021_CreateEntity_ETRS_SuccessUpdate - Clicked Workflow and Navigated to Task Page
17:39:43.427 [TestNG-tests-1] INFO  testCases.TC021_CreateEntity_ETRS_SuccessUpdate - Number of Tasks Listed for this Workflow: wfCreateEntity_ETRS : 3
17:39:43.594 [TestNG-tests-1] INFO  utilities.UtilityCustomFunctions - Retrieved Action Type:library_add
  Create Entity - CreateEntityTarget
17:39:43.594 [TestNG-tests-1] INFO  utilities.UtilityCustomFunctions - Retrieved Action Title:tskCE_ETRS_NewValues
17:39:43.594 [TestNG-tests-1] INFO  utilities.UtilityCustomFunctions - Retrieved Expected Action Type:Create Entity - CreateEntityTarget
17:39:43.595 [TestNG-tests-1] INFO  utilities.UtilityCustomFunctions - Retrieved Expected Action Title:tskCE_ETRS_SuccessUpdate
17:39:43.689 [TestNG-tests-1] INFO  utilities.UtilityCustomFunctions - Retrieved Action Type:library_add
  Create Entity - CreateEntityTarget
17:39:43.689 [TestNG-tests-1] INFO  utilities.UtilityCustomFunctions - Retrieved Action Title:tskCE_ETRS_DefaultValues
17:39:43.689 [TestNG-tests-1] INFO  utilities.UtilityCustomFunctions - Retrieved Expected Action Type:Create Entity - CreateEntityTarget
17:39:43.690 [TestNG-tests-1] INFO  utilities.UtilityCustomFunctions - Retrieved Expected Action Title:tskCE_ETRS_SuccessUpdate
17:39:49.436 [TestNG-tests-1] INFO  testCases.TC021_CreateEntity_ETRS_SuccessUpdate - Task Deactivated for Action Type:library_add
  Create Entity - CreateEntityTargetand Action Title:tskCE_ETRS_DefaultValues
17:39:49.541 [TestNG-tests-1] INFO  utilities.UtilityCustomFunctions - Retrieved Action Type:library_add
  Create Entity - CreateEntityTarget
17:39:49.541 [TestNG-tests-1] INFO  utilities.UtilityCustomFunctions - Retrieved Action Title:tskCE_ETRS_SuccessUpdate
17:39:49.542 [TestNG-tests-1] INFO  utilities.UtilityCustomFunctions - Retrieved Expected Action Type:Create Entity - CreateEntityTarget
17:39:49.542 [TestNG-tests-1] INFO  utilities.UtilityCustomFunctions - Retrieved Expected Action Title:tskCE_ETRS_SuccessUpdate
17:39:50.551 [TestNG-tests-1] INFO  utilities.UtilityCustomFunctions - Out of for loop:true
17:39:58.961 [TestNG-tests-1] INFO  testCases.TC021_CreateEntity_ETRS_SuccessUpdate - Clicked Workflow and Navigated to Task Page
17:39:58.961 [TestNG-tests-1] INFO  testCases.TC021_CreateEntity_ETRS_SuccessUpdate - Task Active Create Entity - CreateEntityTarget  tskCE_ETRS_SuccessUpdate
17:40:00.107 [TestNG-tests-1] INFO  utilities.UtilityCustomFunctions - Capture Initial Record Id for Source & Target
17:41:01.581 [TestNG-tests-1] INFO  utilities.UtilityCustomFunctions - Header Toggle Already ON
17:41:07.975 [TestNG-tests-1] INFO  utilities.UtilityCustomFunctions - Captured the Target & Source Latest Record Ids
17:41:07.976 [TestNG-tests-1] INFO  utilities.UtilityCustomFunctions - Old Source Id:139381
17:41:07.976 [TestNG-tests-1] INFO  utilities.UtilityCustomFunctions - Old Target Id:139389
17:41:25.560 [TestNG-tests-1] INFO  utilities.UtilityCustomFunctions - Click Source Module:CreateEntitySource
17:41:29.642 [TestNG-tests-1] INFO  utilities.UtilityCustomFunctions - Add New Record clicked:CreateEntitySource
17:41:31.657 [TestNG-tests-1] INFO  testCases.TC021_CreateEntity_ETRS_SuccessUpdate - Excel file Utility instance created
17:41:31.693 [TestNG-tests-1] INFO  testCases.TC021_CreateEntity_ETRS_SuccessUpdate - Row Count is: 1
17:41:31.715 [TestNG-tests-1] INFO  testCases.TC021_CreateEntity_ETRS_SuccessUpdate - Col Count is: 54
17:41:31.716 [TestNG-tests-1] INFO  testCases.TC021_CreateEntity_ETRS_SuccessUpdate - Extracting DataSheet Values started...
17:41:32.415 [TestNG-tests-1] INFO  utilities.UtilityCustomFunctions - ETAAdd New Enquiry Text Area
17:41:33.010 [TestNG-tests-1] INFO  utilities.UtilityCustomFunctions - Before Adding Module data
17:41:36.129 [TestNG-tests-1] INFO  utilities.UtilityCustomFunctions - Assinged To Drop Down clicked
17:41:41.299 [TestNG-tests-1] INFO  testCases.TC021_CreateEntity_ETRS_SuccessUpdate - [Sudhakar VE] is selected in List
17:41:41.300 [TestNG-tests-1] INFO  utilities.UtilityCustomFunctions - Assinged To Value Seleted is::  Sudhakar VE
17:41:44.558 [TestNG-tests-1] INFO  utilities.UtilityCustomFunctions - Add New Text entered in  input
17:41:44.562 [TestNG-tests-1] INFO  utilities.UtilityCustomFunctions - Text Value added is::  Add New Text
17:41:45.643 [TestNG-tests-1] INFO  utilities.UtilityCustomFunctions - Phone NUmber prefix clicked :  
17:41:48.802 [TestNG-tests-1] INFO  testCases.TC021_CreateEntity_ETRS_SuccessUpdate - [+65] is selected in List
17:41:48.803 [TestNG-tests-1] INFO  utilities.UtilityCustomFunctions - Phone NUmber selected is :  9840062204
17:41:50.098 [TestNG-tests-1] INFO  utilities.UtilityCustomFunctions - 9840062204 entered in  input
17:41:52.319 [TestNG-tests-1] INFO  utilities.UtilityCustomFunctions - AddNew@rsoft.in entered in  input
17:41:53.328 [TestNG-tests-1] INFO  utilities.UtilityCustomFunctions - Email Added is: AddNew@rsoft.in
17:41:54.393 [TestNG-tests-1] INFO  utilities.UtilityCustomFunctions - Picklist clicked
17:41:55.496 [TestNG-tests-1] INFO  utilities.UtilityCustomFunctions - Picklist selected: 3
17:42:08.979 [TestNG-tests-1] INFO  utilities.UtilityCustomFunctions - MultiCombo box values: one
17:42:10.044 [TestNG-tests-1] INFO  utilities.UtilityCustomFunctions - City Drop Down clicked
17:42:13.260 [TestNG-tests-1] INFO  testCases.TC021_CreateEntity_ETRS_SuccessUpdate - [Kanchipuram] is selected in List
17:42:13.260 [TestNG-tests-1] INFO  utilities.UtilityCustomFunctions - City Selected: Kanchipuram
17:42:14.334 [TestNG-tests-1] INFO  utilities.UtilityCustomFunctions - State Drop Down clicked
17:42:17.695 [TestNG-tests-1] INFO  testCases.TC021_CreateEntity_ETRS_SuccessUpdate - [Tamilnadu] is selected in List
17:42:17.695 [TestNG-tests-1] INFO  utilities.UtilityCustomFunctions - State Selected: Tamilnadu
17:42:18.765 [TestNG-tests-1] INFO  utilities.UtilityCustomFunctions - Country List clicked
17:42:21.911 [TestNG-tests-1] INFO  testCases.TC021_CreateEntity_ETRS_SuccessUpdate - [India] is selected in List
17:42:21.911 [TestNG-tests-1] INFO  utilities.UtilityCustomFunctions - Country Selected: India
17:42:23.966 [TestNG-tests-1] INFO  utilities.UtilityCustomFunctions - check box value: ON
17:42:24.025 [TestNG-tests-1] INFO  utilities.UtilityCustomFunctions - Checkbox clicked
17:42:24.101 [TestNG-tests-1] INFO  utilities.UtilityCustomFunctions - DateBox clicked
17:42:32.257 [TestNG-tests-1] INFO  utilities.UtilityCustomFunctions - Current Month:Jul
17:42:38.589 [TestNG-tests-1] INFO  utilities.UtilityCustomFunctions - Year to be selected is:2024
17:42:40.427 [TestNG-tests-1] INFO  utilities.UtilityCustomFunctions - Control Type:sDate
17:42:44.450 [TestNG-tests-1] INFO  utilities.UtilityCustomFunctions - (//td[contains(@class,'today')])[1]
17:42:46.577 [TestNG-tests-1] INFO  utilities.UtilityCustomFunctions - Today Date Selected
17:42:47.648 [TestNG-tests-1] INFO  utilities.UtilityCustomFunctions - Time Clicked
17:42:50.660 [TestNG-tests-1] INFO  utilities.UtilityCustomFunctions - Hours://div[@class='popover-content']//div[@class='clockpicker-tick' and text()='2']
17:43:00.862 [TestNG-tests-1] INFO  utilities.UtilityCustomFunctions - Time Selected is: 02:36 PM
17:43:01.954 [TestNG-tests-1] INFO  utilities.UtilityCustomFunctions - Date & Time Clicked
17:43:06.965 [TestNG-tests-1] INFO  utilities.UtilityCustomFunctions - Current Month:Jul
17:43:21.196 [TestNG-tests-1] INFO  utilities.UtilityCustomFunctions - Current Month:Jul
17:43:27.547 [TestNG-tests-1] INFO  utilities.UtilityCustomFunctions - Year to be selected is:2024
17:43:29.295 [TestNG-tests-1] INFO  utilities.UtilityCustomFunctions - Control Type:sDateandTime
17:43:40.875 [TestNG-tests-1] INFO  testCases.TC021_CreateEntity_ETRS_SuccessUpdate - [5] is selected in List
17:43:45.081 [TestNG-tests-1] INFO  testCases.TC021_CreateEntity_ETRS_SuccessUpdate - [00] is selected in List
17:43:49.294 [TestNG-tests-1] INFO  testCases.TC021_CreateEntity_ETRS_SuccessUpdate - [00] is selected in List
17:43:53.536 [TestNG-tests-1] INFO  testCases.TC021_CreateEntity_ETRS_SuccessUpdate - [PM] is selected in List
17:43:56.546 [TestNG-tests-1] INFO  utilities.UtilityCustomFunctions - Clicked Current Date in Date&Time
17:43:56.656 [TestNG-tests-1] INFO  utilities.UtilityCustomFunctions - Date & Time Selected
17:43:56.704 [TestNG-tests-1] INFO  utilities.UtilityCustomFunctions - Formatted Date from sheet:2024-07-16
17:44:11.294 [TestNG-tests-1] INFO  testCases.TC021_CreateEntity_ETRS_SuccessUpdate - [Mrs.] is selected in List
17:44:12.503 [TestNG-tests-1] INFO  utilities.UtilityCustomFunctions - Steven entered in  input
17:44:13.818 [TestNG-tests-1] INFO  utilities.UtilityCustomFunctions - 11111111111 entered in  input
17:44:15.066 [TestNG-tests-1] INFO  utilities.UtilityCustomFunctions - 10000 entered in  input
17:44:16.332 [TestNG-tests-1] INFO  utilities.UtilityCustomFunctions - http://www.google.com/ entered in  input
17:44:19.552 [TestNG-tests-1] INFO  testCases.TC021_CreateEntity_ETRS_SuccessUpdate - [Dr.] is selected in List
17:44:20.818 [TestNG-tests-1] INFO  utilities.UtilityCustomFunctions - Annie entered in  input
17:44:22.098 [TestNG-tests-1] INFO  utilities.UtilityCustomFunctions - AddNewEnquiry@gmail.com entered in  input
17:44:23.394 [TestNG-tests-1] INFO  utilities.UtilityCustomFunctions - Enquiry about Chatbot entered in  input
17:44:23.399 [TestNG-tests-1] INFO  utilities.UtilityCustomFunctions - Enqiry txt area:Add New Enquiry Text Area
17:44:24.651 [TestNG-tests-1] INFO  utilities.UtilityCustomFunctions - Add New Enquiry Text Area entered in  textarea
17:44:32.880 [TestNG-tests-1] INFO  utilities.UtilityCustomFunctions - Current Month:Jul
17:44:39.201 [TestNG-tests-1] INFO  utilities.UtilityCustomFunctions - Year to be selected is:2024
17:44:41.026 [TestNG-tests-1] INFO  utilities.UtilityCustomFunctions - Control Type:sEnquiryDate
17:44:45.035 [TestNG-tests-1] INFO  utilities.UtilityCustomFunctions - (//td[contains(@class,'today')])[2]
17:44:51.498 [TestNG-tests-1] INFO  testCases.TC021_CreateEntity_ETRS_SuccessUpdate - [+60] is selected in List
17:44:53.822 [TestNG-tests-1] INFO  utilities.UtilityCustomFunctions - 9840091471 entered in  input
17:44:56.902 [TestNG-tests-1] INFO  utilities.UtilityCustomFunctions - Enq Cat:Urgent
17:45:00.047 [TestNG-tests-1] INFO  testCases.TC021_CreateEntity_ETRS_SuccessUpdate - [Urgent] is selected in List
17:45:06.334 [TestNG-tests-1] INFO  testCases.TC021_CreateEntity_ETRS_SuccessUpdate - [+91] is selected in List
17:45:08.666 [TestNG-tests-1] INFO  utilities.UtilityCustomFunctions - 9840005424 entered in  input
17:45:09.921 [TestNG-tests-1] INFO  utilities.UtilityCustomFunctions - AddNewLead@gmail.com entered in  input
17:45:11.203 [TestNG-tests-1] INFO  utilities.UtilityCustomFunctions - Lead about Chatbot entered in  input
17:45:15.505 [TestNG-tests-1] INFO  testCases.TC021_CreateEntity_ETRS_SuccessUpdate - [+60] is selected in List
17:45:17.837 [TestNG-tests-1] INFO  utilities.UtilityCustomFunctions - 9840064575 entered in  input
17:45:19.113 [TestNG-tests-1] INFO  utilities.UtilityCustomFunctions - AddNewSales@gmail.com entered in  input
17:46:23.648 [TestNG-tests-1] INFO  utilities.UtilityCustomFunctions - New Record added in: CreateEntitySource
17:47:14.199 [TestNG-tests-1] INFO  utilities.UtilityCustomFunctions - Actual:Total Validation Count:1
17:47:14.200 [TestNG-tests-1] INFO  utilities.UtilityCustomFunctions - Expected:Total Validation Count:1
17:47:14.200 [TestNG-tests-1] INFO  utilities.UtilityCustomFunctions - Message:pass
17:47:46.854 [TestNG-tests-1] INFO  utilities.UtilityCustomFunctions - Extent Test Creation
17:47:46.860 [TestNG-tests-1] INFO  utilities.UtilityCustomFunctions - Extent Test Created
17:47:49.197 [TestNG-tests-1] INFO  utilities.UtilityCustomFunctions - Extent Test Node Created
17:47:49.197 [TestNG-tests-1] INFO  testCases.TC021_CreateEntity_ETRS_SuccessUpdate - ********** starting TC021_CreateEntity_ETRS_SuccessUpdate ***************
17:47:49.197 [TestNG-tests-1] INFO  testCases.TC021_CreateEntity_ETRS_SuccessUpdate - Test Execution on Browser: chrome
17:47:49.198 [TestNG-tests-1] INFO  utilities.UtilityCustomFunctions - Browser:chrome
17:47:49.199 [TestNG-tests-1] INFO  utilities.UtilityCustomFunctions - Excel file Utility instance created
17:47:49.830 [TestNG-tests-1] INFO  testCases.TC021_CreateEntity_ETRS_SuccessUpdate - Row Count is: 1
17:47:49.904 [TestNG-tests-1] INFO  testCases.TC021_CreateEntity_ETRS_SuccessUpdate - Col Count is: 54
17:47:51.328 [TestNG-tests-1] INFO  testCases.TC021_CreateEntity_ETRS_SuccessUpdate - Extracting DataSheet Values started...
17:47:53.824 [TestNG-tests-1] INFO  utilities.UtilityCustomFunctions - PN1:9840057856
17:47:53.825 [TestNG-tests-1] INFO  utilities.UtilityCustomFunctions - PN2:9840044777
17:47:53.825 [TestNG-tests-1] INFO  utilities.UtilityCustomFunctions - PN3:9840087097
17:47:53.825 [TestNG-tests-1] INFO  utilities.UtilityCustomFunctions - PN4:9840038323
17:48:03.701 [TestNG-tests-1] INFO  utilities.UtilityCustomFunctions - PRIYAN entered in  input
17:48:04.962 [TestNG-tests-1] INFO  utilities.UtilityCustomFunctions - Sudhakar entered in  input
17:48:06.218 [TestNG-tests-1] INFO  utilities.UtilityCustomFunctions - Automation@123 entered in  input
17:48:12.339 [TestNG-tests-1] INFO  testCases.TC021_CreateEntity_ETRS_SuccessUpdate - CRM Login Success with:Sudhakar
17:48:12.340 [TestNG-tests-1] INFO  utilities.UtilityCustomFunctions - Actual:Login Success
17:48:12.340 [TestNG-tests-1] INFO  utilities.UtilityCustomFunctions - Expected:Login Success
17:48:12.341 [TestNG-tests-1] INFO  utilities.UtilityCustomFunctions - Message:User: Sudhakar
17:48:18.792 [TestNG-tests-1] INFO  testCases.TC021_CreateEntity_ETRS_SuccessUpdate - Clicked Avatar
17:48:22.552 [TestNG-tests-1] INFO  testCases.TC021_CreateEntity_ETRS_SuccessUpdate - Clicked Menu CRM Setting
17:48:24.650 [TestNG-tests-1] INFO  testCases.TC021_CreateEntity_ETRS_SuccessUpdate - Clicked Menu Other Setting
17:48:32.002 [TestNG-tests-1] INFO  testCases.TC021_CreateEntity_ETRS_SuccessUpdate - Clicked Menu Item Workflow
17:48:32.222 [TestNG-tests-1] INFO  testCases.TC021_CreateEntity_ETRS_SuccessUpdate - Clicked Workflow from Combox Box List
17:48:34.231 [TestNG-tests-1] INFO  testCases.TC021_CreateEntity_ETRS_SuccessUpdate - Item to be selected:  CreateEntitySource Workflow
17:48:40.136 [TestNG-tests-1] INFO  testCases.TC021_CreateEntity_ETRS_SuccessUpdate - [CreateEntitySource Workflow] is selected in List
17:48:40.136 [TestNG-tests-1] INFO  testCases.TC021_CreateEntity_ETRS_SuccessUpdate - Item selected in combox Box  CreateEntitySource Workflow
17:48:43.145 [TestNG-tests-1] INFO  testCases.TC021_CreateEntity_ETRS_SuccessUpdate - Selected Module to View its Workflows
17:48:43.145 [TestNG-tests-1] INFO  utilities.UtilityCustomFunctions - Exp Module Name:wfCreateEntity_ETRS
17:48:43.145 [TestNG-tests-1] INFO  utilities.UtilityCustomFunctions - Execution Condition:Every time the record is save
17:48:43.243 [TestNG-tests-1] INFO  testCases.TC021_CreateEntity_ETRS_SuccessUpdate - Module,workflow,conditions not matched 
17:48:43.243 [TestNG-tests-1] INFO  testCases.TC021_CreateEntity_ETRS_SuccessUpdate - bCurrentWFStatus: false
17:48:43.319 [TestNG-tests-1] INFO  testCases.TC021_CreateEntity_ETRS_SuccessUpdate - Module,workflow,conditions not matched 
17:48:43.319 [TestNG-tests-1] INFO  testCases.TC021_CreateEntity_ETRS_SuccessUpdate - bCurrentWFStatus: false
17:48:43.390 [TestNG-tests-1] INFO  testCases.TC021_CreateEntity_ETRS_SuccessUpdate - Module,workflow,conditions not matched 
17:48:43.390 [TestNG-tests-1] INFO  testCases.TC021_CreateEntity_ETRS_SuccessUpdate - bCurrentWFStatus: false
17:48:43.458 [TestNG-tests-1] INFO  testCases.TC021_CreateEntity_ETRS_SuccessUpdate - Module,workflow,conditions not matched 
17:48:43.458 [TestNG-tests-1] INFO  testCases.TC021_CreateEntity_ETRS_SuccessUpdate - bCurrentWFStatus: false
17:48:43.521 [TestNG-tests-1] INFO  testCases.TC021_CreateEntity_ETRS_SuccessUpdate - Module,workflow,conditions not matched 
17:48:43.521 [TestNG-tests-1] INFO  testCases.TC021_CreateEntity_ETRS_SuccessUpdate - bCurrentWFStatus: false
17:48:43.591 [TestNG-tests-1] INFO  testCases.TC021_CreateEntity_ETRS_SuccessUpdate - Module,workflow,condition matches
17:48:43.591 [TestNG-tests-1] INFO  testCases.TC021_CreateEntity_ETRS_SuccessUpdate - bCurrentWFStatus: true
17:48:43.591 [TestNG-tests-1] INFO  testCases.TC021_CreateEntity_ETRS_SuccessUpdate - wfCreateEntity_ETRSWorkflow enabled
17:48:43.654 [TestNG-tests-1] INFO  testCases.TC021_CreateEntity_ETRS_SuccessUpdate - Module,workflow,conditions not matched 
17:48:43.654 [TestNG-tests-1] INFO  testCases.TC021_CreateEntity_ETRS_SuccessUpdate - bCurrentWFStatus: false
17:48:43.725 [TestNG-tests-1] INFO  testCases.TC021_CreateEntity_ETRS_SuccessUpdate - Module,workflow,conditions not matched 
17:48:43.725 [TestNG-tests-1] INFO  testCases.TC021_CreateEntity_ETRS_SuccessUpdate - bCurrentWFStatus: false
17:48:43.734 [TestNG-tests-1] INFO  utilities.UtilityCustomFunctions - testworkflow or ceuaDisabled Workflow Manually Enabled
17:48:43.734 [TestNG-tests-1] INFO  testCases.TC021_CreateEntity_ETRS_SuccessUpdate - true:6
17:48:43.734 [TestNG-tests-1] INFO  utilities.UtilityCustomFunctions - Current Workflow status:true:6
17:48:51.310 [TestNG-tests-1] INFO  testCases.TC021_CreateEntity_ETRS_SuccessUpdate - Work flow clicked
17:48:58.610 [TestNG-tests-1] INFO  testCases.TC021_CreateEntity_ETRS_SuccessUpdate - Cliked Step 1 Next Button to Condition Page
17:49:04.394 [TestNG-tests-1] INFO  testCases.TC021_CreateEntity_ETRS_SuccessUpdate - Cliked Step 2 Next Button to Task List Page
17:49:05.400 [TestNG-tests-1] INFO  testCases.TC021_CreateEntity_ETRS_SuccessUpdate - Clicked Workflow and Navigated to Task Page
17:49:16.146 [TestNG-tests-1] INFO  testCases.TC021_CreateEntity_ETRS_SuccessUpdate - Number of Tasks Listed for this Workflow: wfCreateEntity_ETRS : 3
17:49:16.259 [TestNG-tests-1] INFO  utilities.UtilityCustomFunctions - Retrieved Action Type:library_add
  Create Entity - CreateEntityTarget
17:49:16.259 [TestNG-tests-1] INFO  utilities.UtilityCustomFunctions - Retrieved Action Title:tskCE_ETRS_NewValues
17:49:16.259 [TestNG-tests-1] INFO  utilities.UtilityCustomFunctions - Retrieved Expected Action Type:Create Entity - CreateEntityTarget
17:49:16.260 [TestNG-tests-1] INFO  utilities.UtilityCustomFunctions - Retrieved Expected Action Title:tskCE_ETRS_SuccessUpdate
17:49:16.361 [TestNG-tests-1] INFO  utilities.UtilityCustomFunctions - Retrieved Action Type:library_add
  Create Entity - CreateEntityTarget
17:49:16.361 [TestNG-tests-1] INFO  utilities.UtilityCustomFunctions - Retrieved Action Title:tskCE_ETRS_DefaultValues
17:49:16.361 [TestNG-tests-1] INFO  utilities.UtilityCustomFunctions - Retrieved Expected Action Type:Create Entity - CreateEntityTarget
17:49:16.361 [TestNG-tests-1] INFO  utilities.UtilityCustomFunctions - Retrieved Expected Action Title:tskCE_ETRS_SuccessUpdate
17:49:16.470 [TestNG-tests-1] INFO  utilities.UtilityCustomFunctions - Retrieved Action Type:library_add
  Create Entity - CreateEntityTarget
17:49:16.470 [TestNG-tests-1] INFO  utilities.UtilityCustomFunctions - Retrieved Action Title:tskCE_ETRS_SuccessUpdate
17:49:16.470 [TestNG-tests-1] INFO  utilities.UtilityCustomFunctions - Retrieved Expected Action Type:Create Entity - CreateEntityTarget
17:49:16.470 [TestNG-tests-1] INFO  utilities.UtilityCustomFunctions - Retrieved Expected Action Title:tskCE_ETRS_SuccessUpdate
17:49:16.470 [TestNG-tests-1] INFO  testCases.TC021_CreateEntity_ETRS_SuccessUpdate - Action Type and Action Tile matches and also Task Button Enabled
17:49:17.479 [TestNG-tests-1] INFO  utilities.UtilityCustomFunctions - Out of for loop:false
17:49:26.009 [TestNG-tests-1] INFO  testCases.TC021_CreateEntity_ETRS_SuccessUpdate - Clicked Workflow and Navigated to Task Page
17:49:26.009 [TestNG-tests-1] INFO  testCases.TC021_CreateEntity_ETRS_SuccessUpdate - Task Active Create Entity - CreateEntityTarget  tskCE_ETRS_SuccessUpdate
17:49:27.162 [TestNG-tests-1] INFO  utilities.UtilityCustomFunctions - Capture Initial Record Id for Source & Target
17:50:28.293 [TestNG-tests-1] INFO  utilities.UtilityCustomFunctions - Header Toggle Already ON
17:50:28.313 [TestNG-tests-1] INFO  utilities.UtilityCustomFunctions - Summary View Already OFF
17:50:32.279 [TestNG-tests-1] INFO  utilities.UtilityCustomFunctions - Captured the Target & Source Latest Record Ids
17:50:32.279 [TestNG-tests-1] INFO  utilities.UtilityCustomFunctions - Old Source Id:139381
17:50:32.279 [TestNG-tests-1] INFO  utilities.UtilityCustomFunctions - Old Target Id:139632
17:50:49.427 [TestNG-tests-1] INFO  utilities.UtilityCustomFunctions - Click Source Module:CreateEntitySource
17:50:53.631 [TestNG-tests-1] INFO  utilities.UtilityCustomFunctions - Add New Record clicked:CreateEntitySource
17:50:55.647 [TestNG-tests-1] INFO  testCases.TC021_CreateEntity_ETRS_SuccessUpdate - Excel file Utility instance created
17:50:55.707 [TestNG-tests-1] INFO  testCases.TC021_CreateEntity_ETRS_SuccessUpdate - Row Count is: 1
17:50:55.730 [TestNG-tests-1] INFO  testCases.TC021_CreateEntity_ETRS_SuccessUpdate - Col Count is: 54
17:50:55.730 [TestNG-tests-1] INFO  testCases.TC021_CreateEntity_ETRS_SuccessUpdate - Extracting DataSheet Values started...
17:50:56.434 [TestNG-tests-1] INFO  utilities.UtilityCustomFunctions - ETAAdd New Enquiry Text Area
17:50:57.011 [TestNG-tests-1] INFO  utilities.UtilityCustomFunctions - Before Adding Module data
17:51:00.114 [TestNG-tests-1] INFO  utilities.UtilityCustomFunctions - Assinged To Drop Down clicked
17:51:05.278 [TestNG-tests-1] INFO  testCases.TC021_CreateEntity_ETRS_SuccessUpdate - [Sudhakar VE] is selected in List
17:51:05.279 [TestNG-tests-1] INFO  utilities.UtilityCustomFunctions - Assinged To Value Seleted is::  Sudhakar VE
17:51:08.532 [TestNG-tests-1] INFO  utilities.UtilityCustomFunctions - Add New Text entered in  input
17:51:08.536 [TestNG-tests-1] INFO  utilities.UtilityCustomFunctions - Text Value added is::  Add New Text
17:51:09.640 [TestNG-tests-1] INFO  utilities.UtilityCustomFunctions - Phone NUmber prefix clicked :  
17:51:12.844 [TestNG-tests-1] INFO  testCases.TC021_CreateEntity_ETRS_SuccessUpdate - [+65] is selected in List
17:51:12.844 [TestNG-tests-1] INFO  utilities.UtilityCustomFunctions - Phone NUmber selected is :  9840057856
17:51:14.133 [TestNG-tests-1] INFO  utilities.UtilityCustomFunctions - 9840057856 entered in  input
17:51:16.378 [TestNG-tests-1] INFO  utilities.UtilityCustomFunctions - AddNew@rsoft.in entered in  input
17:51:17.382 [TestNG-tests-1] INFO  utilities.UtilityCustomFunctions - Email Added is: AddNew@rsoft.in
17:51:18.435 [TestNG-tests-1] INFO  utilities.UtilityCustomFunctions - Picklist clicked
17:51:19.517 [TestNG-tests-1] INFO  utilities.UtilityCustomFunctions - Picklist selected: 3
17:51:33.012 [TestNG-tests-1] INFO  utilities.UtilityCustomFunctions - MultiCombo box values: one
17:51:34.089 [TestNG-tests-1] INFO  utilities.UtilityCustomFunctions - City Drop Down clicked
17:51:37.313 [TestNG-tests-1] INFO  testCases.TC021_CreateEntity_ETRS_SuccessUpdate - [Kanchipuram] is selected in List
17:51:37.313 [TestNG-tests-1] INFO  utilities.UtilityCustomFunctions - City Selected: Kanchipuram
17:51:38.383 [TestNG-tests-1] INFO  utilities.UtilityCustomFunctions - State Drop Down clicked
17:51:41.689 [TestNG-tests-1] INFO  testCases.TC021_CreateEntity_ETRS_SuccessUpdate - [Tamilnadu] is selected in List
17:51:41.690 [TestNG-tests-1] INFO  utilities.UtilityCustomFunctions - State Selected: Tamilnadu
17:51:42.763 [TestNG-tests-1] INFO  utilities.UtilityCustomFunctions - Country List clicked
17:51:45.903 [TestNG-tests-1] INFO  testCases.TC021_CreateEntity_ETRS_SuccessUpdate - [India] is selected in List
17:51:45.903 [TestNG-tests-1] INFO  utilities.UtilityCustomFunctions - Country Selected: India
17:51:47.941 [TestNG-tests-1] INFO  utilities.UtilityCustomFunctions - check box value: ON
17:51:48.006 [TestNG-tests-1] INFO  utilities.UtilityCustomFunctions - Checkbox clicked
17:51:48.077 [TestNG-tests-1] INFO  utilities.UtilityCustomFunctions - DateBox clicked
17:51:56.262 [TestNG-tests-1] INFO  utilities.UtilityCustomFunctions - Current Month:Jul
17:52:02.545 [TestNG-tests-1] INFO  utilities.UtilityCustomFunctions - Year to be selected is:2024
17:52:04.366 [TestNG-tests-1] INFO  utilities.UtilityCustomFunctions - Control Type:sDate
17:52:08.382 [TestNG-tests-1] INFO  utilities.UtilityCustomFunctions - (//td[contains(@class,'today')])[1]
17:52:10.459 [TestNG-tests-1] INFO  utilities.UtilityCustomFunctions - Today Date Selected
17:52:11.527 [TestNG-tests-1] INFO  utilities.UtilityCustomFunctions - Time Clicked
17:52:14.537 [TestNG-tests-1] INFO  utilities.UtilityCustomFunctions - Hours://div[@class='popover-content']//div[@class='clockpicker-tick' and text()='2']
17:52:24.748 [TestNG-tests-1] INFO  utilities.UtilityCustomFunctions - Time Selected is: 02:36 PM
17:52:25.880 [TestNG-tests-1] INFO  utilities.UtilityCustomFunctions - Date & Time Clicked
17:52:30.889 [TestNG-tests-1] INFO  utilities.UtilityCustomFunctions - Current Month:Jul
17:52:45.107 [TestNG-tests-1] INFO  utilities.UtilityCustomFunctions - Current Month:Jul
17:52:51.495 [TestNG-tests-1] INFO  utilities.UtilityCustomFunctions - Year to be selected is:2024
