17:12:34.708 [main] INFO  testCases.WebForms.TC005_WF_RRUserYN_OneConditionYN - Row Count is: 9
17:12:34.850 [main] INFO  testCases.WebForms.TC005_WF_RRUserYN_OneConditionYN - Col Count is: 15
17:12:34.850 [main] INFO  testCases.WebForms.TC005_WF_RRUserYN_OneConditionYN - Extracting DataSheet Values started...
17:12:41.688 [main] INFO  utilities.UtilityCustomFunctions - PRIYAN entered in  input
17:12:43.905 [main] INFO  utilities.UtilityCustomFunctions - rsoft entered in  input
17:12:45.798 [main] INFO  utilities.UtilityCustomFunctions - RSoft!@345 entered in  input
17:12:56.251 [main] INFO  testCases.WebForms.TC005_WF_RRUserYN_OneConditionYN - Clicked Avatar
17:13:00.505 [main] INFO  testCases.WebForms.TC005_WF_RRUserYN_OneConditionYN - Clicked Menu CRM Setting
17:13:02.704 [main] INFO  testCases.WebForms.TC005_WF_RRUserYN_OneConditionYN - Clicked Menu User Access Control
17:13:13.614 [main] INFO  testCases.WebForms.TC005_WF_RRUserYN_OneConditionYN - Clicked Avatar
17:13:17.489 [main] INFO  testCases.WebForms.TC005_WF_RRUserYN_OneConditionYN - Clicked Menu CRM Setting
17:13:19.705 [main] INFO  testCases.WebForms.TC005_WF_RRUserYN_OneConditionYN - Clicked Menu User Access Control
17:13:30.846 [main] INFO  testCases.WebForms.TC005_WF_RRUserYN_OneConditionYN - Clicked Avatar
17:13:34.804 [main] INFO  testCases.WebForms.TC005_WF_RRUserYN_OneConditionYN - Clicked Menu CRM Setting
17:13:37.019 [main] INFO  testCases.WebForms.TC005_WF_RRUserYN_OneConditionYN - Clicked Menu User Access Control
17:13:47.935 [main] INFO  testCases.WebForms.TC005_WF_RRUserYN_OneConditionYN - Clicked Avatar
17:13:51.857 [main] INFO  testCases.WebForms.TC005_WF_RRUserYN_OneConditionYN - Clicked Menu CRM Setting
17:13:54.100 [main] INFO  testCases.WebForms.TC005_WF_RRUserYN_OneConditionYN - Clicked Menu User Access Control
17:14:05.120 [main] INFO  testCases.WebForms.TC005_WF_RRUserYN_OneConditionYN - Clicked Avatar
17:14:08.980 [main] INFO  testCases.WebForms.TC005_WF_RRUserYN_OneConditionYN - Clicked Menu CRM Setting
17:14:11.185 [main] INFO  testCases.WebForms.TC005_WF_RRUserYN_OneConditionYN - Clicked Menu User Access Control
17:14:23.457 [main] INFO  testCases.WebForms.TC005_WF_RRUserYN_OneConditionYN - Clicked Avatar
17:14:27.423 [main] INFO  testCases.WebForms.TC005_WF_RRUserYN_OneConditionYN - Clicked Menu CRM Setting
17:14:29.640 [main] INFO  testCases.WebForms.TC005_WF_RRUserYN_OneConditionYN - Clicked Menu User Access Control
17:14:40.687 [main] INFO  testCases.WebForms.TC005_WF_RRUserYN_OneConditionYN - Clicked Avatar
17:14:44.476 [main] INFO  testCases.WebForms.TC005_WF_RRUserYN_OneConditionYN - Clicked Menu CRM Setting
17:14:46.700 [main] INFO  testCases.WebForms.TC005_WF_RRUserYN_OneConditionYN - Clicked Menu User Access Control
17:14:58.563 [main] INFO  testCases.WebForms.TC005_WF_RRUserYN_OneConditionYN - Clicked Avatar
17:15:02.460 [main] INFO  testCases.WebForms.TC005_WF_RRUserYN_OneConditionYN - Clicked Menu CRM Setting
17:15:02.601 [main] INFO  testCases.WebForms.TC005_WF_RRUserYN_OneConditionYN - Clicked Integration
17:15:14.826 [main] INFO  testCases.WebForms.TC005_WF_RRUserYN_OneConditionYN - [ETNotification Webform] is selected in List
17:15:19.375 [main] INFO  testCases.WebForms.TC005_WF_RRUserYN_OneConditionYN - [ETNotification Webform] is selected in List
17:16:24.881 [main] INFO  testCases.WebForms.TC005_WF_RRUserYN_OneConditionYN - Excel file Utility instance created
17:16:24.912 [main] INFO  testCases.WebForms.TC005_WF_RRUserYN_OneConditionYN - Row Count is: 9
17:16:24.951 [main] INFO  testCases.WebForms.TC005_WF_RRUserYN_OneConditionYN - Col Count is: 15
17:16:24.951 [main] INFO  testCases.WebForms.TC005_WF_RRUserYN_OneConditionYN - Extracting DataSheet Values started...
17:16:39.453 [main] INFO  utilities.UtilityCustomFunctions - Actual:Ghosh Jacob
17:16:39.453 [main] INFO  utilities.UtilityCustomFunctions - Expected:Yakub
17:16:39.453 [main] INFO  utilities.UtilityCustomFunctions - Message:AssignedTo Value
17:16:40.716 [main] INFO  utilities.UtilityCustomFunctions - Actual:+91
17:16:40.716 [main] INFO  utilities.UtilityCustomFunctions - Expected:+91
17:16:40.716 [main] INFO  utilities.UtilityCustomFunctions - Message:Mobile Number Prefix
17:16:41.931 [main] INFO  utilities.UtilityCustomFunctions - Actual:9840065896
17:16:41.931 [main] INFO  utilities.UtilityCustomFunctions - Expected:
17:16:41.931 [main] INFO  utilities.UtilityCustomFunctions - Message:Mobile Number
17:16:41.931 [main] INFO  utilities.UtilityCustomFunctions - Actual:Grace@rsoft.in
17:16:41.931 [main] INFO  utilities.UtilityCustomFunctions - Expected:Julia@rsoft.in
17:16:41.931 [main] INFO  utilities.UtilityCustomFunctions - Message:Email
17:16:43.159 [main] INFO  utilities.UtilityCustomFunctions - Actual:Welcome to Automation...!
17:16:43.159 [main] INFO  utilities.UtilityCustomFunctions - Expected:Welcome to Automation World...!
17:16:43.159 [main] INFO  utilities.UtilityCustomFunctions - Message:Text
17:16:44.349 [main] INFO  utilities.UtilityCustomFunctions - Actual:two
17:16:44.349 [main] INFO  utilities.UtilityCustomFunctions - Expected:one
17:16:44.349 [main] INFO  utilities.UtilityCustomFunctions - Message:MultiSelect
17:16:45.531 [main] INFO  utilities.UtilityCustomFunctions - Actual:Bihar
17:16:45.531 [main] INFO  utilities.UtilityCustomFunctions - Expected:Tamilnadu
17:16:45.531 [main] INFO  utilities.UtilityCustomFunctions - Message:MultiChoice State
17:16:47.069 [main] INFO  testCases.WebForms.TC005_WF_RRUserYN_OneConditionYN - Excel file Utility instance created
17:16:47.132 [main] INFO  testCases.WebForms.TC005_WF_RRUserYN_OneConditionYN - Row Count is: 9
17:16:47.241 [main] INFO  testCases.WebForms.TC005_WF_RRUserYN_OneConditionYN - Col Count is: 15
17:16:47.241 [main] INFO  testCases.WebForms.TC005_WF_RRUserYN_OneConditionYN - Extracting DataSheet Values started...
17:17:08.410 [main] INFO  utilities.UtilityCustomFunctions - Actual:Ghosh Jacob
17:17:08.411 [main] INFO  utilities.UtilityCustomFunctions - Expected:Usman
17:17:08.411 [main] INFO  utilities.UtilityCustomFunctions - Message:AssignedTo Value
17:17:09.592 [main] INFO  utilities.UtilityCustomFunctions - Actual:+91
17:17:09.597 [main] INFO  utilities.UtilityCustomFunctions - Expected:+91
17:17:09.597 [main] INFO  utilities.UtilityCustomFunctions - Message:Mobile Number Prefix
17:17:10.812 [main] INFO  utilities.UtilityCustomFunctions - Actual:9840065896
17:17:10.812 [main] INFO  utilities.UtilityCustomFunctions - Expected:
17:17:10.812 [main] INFO  utilities.UtilityCustomFunctions - Message:Mobile Number
17:17:10.812 [main] INFO  utilities.UtilityCustomFunctions - Actual:Grace@rsoft.in
17:17:10.812 [main] INFO  utilities.UtilityCustomFunctions - Expected:Grace@rsoft.in
17:17:10.812 [main] INFO  utilities.UtilityCustomFunctions - Message:Email
17:17:12.014 [main] INFO  utilities.UtilityCustomFunctions - Actual:Welcome to Automation...!
17:17:12.014 [main] INFO  utilities.UtilityCustomFunctions - Expected:Welcome to Automation World...!
17:17:12.014 [main] INFO  utilities.UtilityCustomFunctions - Message:Text
17:17:13.265 [main] INFO  utilities.UtilityCustomFunctions - Actual:two
17:17:13.265 [main] INFO  utilities.UtilityCustomFunctions - Expected:two
17:17:13.265 [main] INFO  utilities.UtilityCustomFunctions - Message:MultiSelect
17:17:14.501 [main] INFO  utilities.UtilityCustomFunctions - Actual:Bihar
17:17:14.501 [main] INFO  utilities.UtilityCustomFunctions - Expected:Bihar
17:17:14.501 [main] INFO  utilities.UtilityCustomFunctions - Message:MultiChoice State
17:19:09.744 [main] INFO  testCases.WebForms.TC005_WF_RRUserYN_OneConditionYN - Test Execution on Browser: chrome
17:19:09.854 [main] INFO  testCases.WebForms.TC005_WF_RRUserYN_OneConditionYN - Excel file Utility instance created
17:19:11.271 [main] INFO  testCases.WebForms.TC005_WF_RRUserYN_OneConditionYN - Row Count is: 9
17:19:11.367 [main] INFO  testCases.WebForms.TC005_WF_RRUserYN_OneConditionYN - Col Count is: 15
17:19:11.367 [main] INFO  testCases.WebForms.TC005_WF_RRUserYN_OneConditionYN - Extracting DataSheet Values started...
17:19:16.682 [main] INFO  utilities.UtilityCustomFunctions - PRIYAN entered in  input
17:19:18.499 [main] INFO  utilities.UtilityCustomFunctions - rsoft entered in  input
17:19:20.375 [main] INFO  utilities.UtilityCustomFunctions - RSoft!@345 entered in  input
17:19:33.395 [main] INFO  testCases.WebForms.TC005_WF_RRUserYN_OneConditionYN - Clicked Avatar
17:19:37.543 [main] INFO  testCases.WebForms.TC005_WF_RRUserYN_OneConditionYN - Clicked Menu CRM Setting
17:19:39.827 [main] INFO  testCases.WebForms.TC005_WF_RRUserYN_OneConditionYN - Clicked Menu User Access Control
17:19:50.835 [main] INFO  testCases.WebForms.TC005_WF_RRUserYN_OneConditionYN - Clicked Avatar
17:19:54.599 [main] INFO  testCases.WebForms.TC005_WF_RRUserYN_OneConditionYN - Clicked Menu CRM Setting
17:19:56.813 [main] INFO  testCases.WebForms.TC005_WF_RRUserYN_OneConditionYN - Clicked Menu User Access Control
17:20:08.060 [main] INFO  testCases.WebForms.TC005_WF_RRUserYN_OneConditionYN - Clicked Avatar
17:20:11.918 [main] INFO  testCases.WebForms.TC005_WF_RRUserYN_OneConditionYN - Clicked Menu CRM Setting
17:20:14.112 [main] INFO  testCases.WebForms.TC005_WF_RRUserYN_OneConditionYN - Clicked Menu User Access Control
17:20:25.438 [main] INFO  testCases.WebForms.TC005_WF_RRUserYN_OneConditionYN - Clicked Avatar
17:20:29.366 [main] INFO  testCases.WebForms.TC005_WF_RRUserYN_OneConditionYN - Clicked Menu CRM Setting
17:20:31.613 [main] INFO  testCases.WebForms.TC005_WF_RRUserYN_OneConditionYN - Clicked Menu User Access Control
17:20:42.802 [main] INFO  testCases.WebForms.TC005_WF_RRUserYN_OneConditionYN - Clicked Avatar
17:20:46.699 [main] INFO  testCases.WebForms.TC005_WF_RRUserYN_OneConditionYN - Clicked Menu CRM Setting
17:20:49.030 [main] INFO  testCases.WebForms.TC005_WF_RRUserYN_OneConditionYN - Clicked Menu User Access Control
17:21:00.117 [main] INFO  testCases.WebForms.TC005_WF_RRUserYN_OneConditionYN - Clicked Avatar
17:21:03.996 [main] INFO  testCases.WebForms.TC005_WF_RRUserYN_OneConditionYN - Clicked Menu CRM Setting
17:21:06.196 [main] INFO  testCases.WebForms.TC005_WF_RRUserYN_OneConditionYN - Clicked Menu User Access Control
17:21:17.344 [main] INFO  testCases.WebForms.TC005_WF_RRUserYN_OneConditionYN - Clicked Avatar
17:21:21.198 [main] INFO  testCases.WebForms.TC005_WF_RRUserYN_OneConditionYN - Clicked Menu CRM Setting
17:21:23.427 [main] INFO  testCases.WebForms.TC005_WF_RRUserYN_OneConditionYN - Clicked Menu User Access Control
17:21:34.586 [main] INFO  testCases.WebForms.TC005_WF_RRUserYN_OneConditionYN - Clicked Avatar
17:21:38.431 [main] INFO  testCases.WebForms.TC005_WF_RRUserYN_OneConditionYN - Clicked Menu CRM Setting
17:21:38.596 [main] INFO  testCases.WebForms.TC005_WF_RRUserYN_OneConditionYN - Clicked Integration
17:21:50.788 [main] INFO  testCases.WebForms.TC005_WF_RRUserYN_OneConditionYN - [ETNotification Webform] is selected in List
17:21:55.376 [main] INFO  testCases.WebForms.TC005_WF_RRUserYN_OneConditionYN - [ETNotification Webform] is selected in List
17:23:01.523 [main] INFO  testCases.WebForms.TC005_WF_RRUserYN_OneConditionYN - Excel file Utility instance created
17:23:01.560 [main] INFO  testCases.WebForms.TC005_WF_RRUserYN_OneConditionYN - Row Count is: 9
17:23:01.625 [main] INFO  testCases.WebForms.TC005_WF_RRUserYN_OneConditionYN - Col Count is: 15
17:23:01.625 [main] INFO  testCases.WebForms.TC005_WF_RRUserYN_OneConditionYN - Extracting DataSheet Values started...
17:23:17.001 [main] INFO  utilities.UtilityCustomFunctions - Actual:Ghosh Jacob
17:23:17.001 [main] INFO  utilities.UtilityCustomFunctions - Expected:Mary
17:23:17.001 [main] INFO  utilities.UtilityCustomFunctions - Message:AssignedTo Value
17:23:18.259 [main] INFO  utilities.UtilityCustomFunctions - Actual:+91
17:23:18.259 [main] INFO  utilities.UtilityCustomFunctions - Expected:+91
17:23:18.259 [main] INFO  utilities.UtilityCustomFunctions - Message:Mobile Number Prefix
17:23:19.507 [main] INFO  utilities.UtilityCustomFunctions - Actual:9840065896
17:23:19.507 [main] INFO  utilities.UtilityCustomFunctions - Expected:
17:23:19.507 [main] INFO  utilities.UtilityCustomFunctions - Message:Mobile Number
17:23:19.507 [main] INFO  utilities.UtilityCustomFunctions - Actual:Grace@rsoft.in
17:23:19.507 [main] INFO  utilities.UtilityCustomFunctions - Expected:Julia@rsoft.in
17:23:19.507 [main] INFO  utilities.UtilityCustomFunctions - Message:Email
17:23:20.759 [main] INFO  utilities.UtilityCustomFunctions - Actual:Welcome to Automation...!
17:23:20.759 [main] INFO  utilities.UtilityCustomFunctions - Expected:Welcome to Automation World...!
17:23:20.759 [main] INFO  utilities.UtilityCustomFunctions - Message:Text
17:23:21.938 [main] INFO  utilities.UtilityCustomFunctions - Actual:two
17:23:21.938 [main] INFO  utilities.UtilityCustomFunctions - Expected:one
17:23:21.938 [main] INFO  utilities.UtilityCustomFunctions - Message:MultiSelect
17:23:23.189 [main] INFO  utilities.UtilityCustomFunctions - Actual:Bihar
17:23:23.189 [main] INFO  utilities.UtilityCustomFunctions - Expected:Tamilnadu
17:23:23.189 [main] INFO  utilities.UtilityCustomFunctions - Message:MultiChoice State
17:23:24.640 [main] INFO  testCases.WebForms.TC005_WF_RRUserYN_OneConditionYN - Excel file Utility instance created
17:23:24.655 [main] INFO  testCases.WebForms.TC005_WF_RRUserYN_OneConditionYN - Row Count is: 9
17:23:24.710 [main] INFO  testCases.WebForms.TC005_WF_RRUserYN_OneConditionYN - Col Count is: 15
17:23:24.710 [main] INFO  testCases.WebForms.TC005_WF_RRUserYN_OneConditionYN - Extracting DataSheet Values started...
17:23:38.468 [main] INFO  utilities.UtilityCustomFunctions - Actual:Ghosh Jacob
17:23:38.469 [main] INFO  utilities.UtilityCustomFunctions - Expected:White
17:23:38.469 [main] INFO  utilities.UtilityCustomFunctions - Message:AssignedTo Value
17:23:39.656 [main] INFO  utilities.UtilityCustomFunctions - Actual:+91
17:23:39.656 [main] INFO  utilities.UtilityCustomFunctions - Expected:+91
17:23:39.656 [main] INFO  utilities.UtilityCustomFunctions - Message:Mobile Number Prefix
17:23:40.898 [main] INFO  utilities.UtilityCustomFunctions - Actual:9840065896
17:23:40.898 [main] INFO  utilities.UtilityCustomFunctions - Expected:
17:23:40.898 [main] INFO  utilities.UtilityCustomFunctions - Message:Mobile Number
17:23:40.899 [main] INFO  utilities.UtilityCustomFunctions - Actual:Grace@rsoft.in
17:23:40.899 [main] INFO  utilities.UtilityCustomFunctions - Expected:Grace@rsoft.in
17:23:40.899 [main] INFO  utilities.UtilityCustomFunctions - Message:Email
17:23:42.330 [main] INFO  utilities.UtilityCustomFunctions - Actual:Welcome to Automation...!
17:23:42.330 [main] INFO  utilities.UtilityCustomFunctions - Expected:Welcome to Automation World...!
17:23:42.330 [main] INFO  utilities.UtilityCustomFunctions - Message:Text
17:23:43.527 [main] INFO  utilities.UtilityCustomFunctions - Actual:two
17:23:43.527 [main] INFO  utilities.UtilityCustomFunctions - Expected:two
17:23:43.527 [main] INFO  utilities.UtilityCustomFunctions - Message:MultiSelect
17:23:44.728 [main] INFO  utilities.UtilityCustomFunctions - Actual:Bihar
17:23:44.728 [main] INFO  utilities.UtilityCustomFunctions - Expected:Bihar
17:23:44.728 [main] INFO  utilities.UtilityCustomFunctions - Message:MultiChoice State
17:26:55.485 [main] INFO  testCases.WebForms.TC005_WF_RRUserYN_OneConditionYN - Test Execution on Browser: chrome
17:26:55.585 [main] INFO  testCases.WebForms.TC005_WF_RRUserYN_OneConditionYN - Excel file Utility instance created
17:26:57.177 [main] INFO  testCases.WebForms.TC005_WF_RRUserYN_OneConditionYN - Row Count is: 9
17:26:57.293 [main] INFO  testCases.WebForms.TC005_WF_RRUserYN_OneConditionYN - Col Count is: 15
17:26:57.293 [main] INFO  testCases.WebForms.TC005_WF_RRUserYN_OneConditionYN - Extracting DataSheet Values started...
17:27:11.889 [main] INFO  utilities.UtilityCustomFunctions - PRIYAN entered in  input
17:27:13.814 [main] INFO  utilities.UtilityCustomFunctions - rsoft entered in  input
17:27:15.359 [main] INFO  utilities.UtilityCustomFunctions - RSoft!@345 entered in  input
17:27:28.605 [main] INFO  testCases.WebForms.TC005_WF_RRUserYN_OneConditionYN - Clicked Avatar
17:27:32.696 [main] INFO  testCases.WebForms.TC005_WF_RRUserYN_OneConditionYN - Clicked Menu CRM Setting
17:27:34.967 [main] INFO  testCases.WebForms.TC005_WF_RRUserYN_OneConditionYN - Clicked Menu User Access Control
17:27:39.939 [main] INFO  testCases.WebForms.TC005_WF_RRUserYN_OneConditionYN - Clicked Avatar
17:27:43.985 [main] INFO  testCases.WebForms.TC005_WF_RRUserYN_OneConditionYN - Clicked Menu CRM Setting
17:27:44.322 [main] INFO  testCases.WebForms.TC005_WF_RRUserYN_OneConditionYN - Clicked Integration
17:27:56.542 [main] INFO  testCases.WebForms.TC005_WF_RRUserYN_OneConditionYN - [ETNotification Webform] is selected in List
17:28:01.119 [main] INFO  testCases.WebForms.TC005_WF_RRUserYN_OneConditionYN - [ETNotification Webform] is selected in List
17:29:06.804 [main] INFO  testCases.WebForms.TC005_WF_RRUserYN_OneConditionYN - Excel file Utility instance created
17:29:06.819 [main] INFO  testCases.WebForms.TC005_WF_RRUserYN_OneConditionYN - Row Count is: 9
17:29:06.870 [main] INFO  testCases.WebForms.TC005_WF_RRUserYN_OneConditionYN - Col Count is: 15
17:29:06.870 [main] INFO  testCases.WebForms.TC005_WF_RRUserYN_OneConditionYN - Extracting DataSheet Values started...
17:29:21.182 [main] INFO  utilities.UtilityCustomFunctions - Actual:Ghosh Jacob
17:29:21.182 [main] INFO  utilities.UtilityCustomFunctions - Expected:Yakub
17:29:21.182 [main] INFO  utilities.UtilityCustomFunctions - Message:AssignedTo Value
17:29:22.504 [main] INFO  utilities.UtilityCustomFunctions - Actual:+91
17:29:22.504 [main] INFO  utilities.UtilityCustomFunctions - Expected:+91
17:29:22.504 [main] INFO  utilities.UtilityCustomFunctions - Message:Mobile Number Prefix
17:29:23.720 [main] INFO  utilities.UtilityCustomFunctions - Actual:9840065896
17:29:23.720 [main] INFO  utilities.UtilityCustomFunctions - Expected:
17:29:23.720 [main] INFO  utilities.UtilityCustomFunctions - Message:Mobile Number
17:29:23.720 [main] INFO  utilities.UtilityCustomFunctions - Actual:Grace@rsoft.in
17:29:23.720 [main] INFO  utilities.UtilityCustomFunctions - Expected:Julia@rsoft.in
17:29:23.720 [main] INFO  utilities.UtilityCustomFunctions - Message:Email
17:29:24.920 [main] INFO  utilities.UtilityCustomFunctions - Actual:Welcome to Automation...!
17:29:24.920 [main] INFO  utilities.UtilityCustomFunctions - Expected:Welcome to Automation World...!
17:29:24.920 [main] INFO  utilities.UtilityCustomFunctions - Message:Text
17:29:26.133 [main] INFO  utilities.UtilityCustomFunctions - Actual:two
17:29:26.133 [main] INFO  utilities.UtilityCustomFunctions - Expected:one
17:29:26.133 [main] INFO  utilities.UtilityCustomFunctions - Message:MultiSelect
17:29:27.369 [main] INFO  utilities.UtilityCustomFunctions - Actual:Bihar
17:29:27.369 [main] INFO  utilities.UtilityCustomFunctions - Expected:Tamilnadu
17:29:27.369 [main] INFO  utilities.UtilityCustomFunctions - Message:MultiChoice State
17:29:28.768 [main] INFO  testCases.WebForms.TC005_WF_RRUserYN_OneConditionYN - Excel file Utility instance created
17:29:28.792 [main] INFO  testCases.WebForms.TC005_WF_RRUserYN_OneConditionYN - Row Count is: 9
17:29:28.819 [main] INFO  testCases.WebForms.TC005_WF_RRUserYN_OneConditionYN - Col Count is: 15
17:29:28.819 [main] INFO  testCases.WebForms.TC005_WF_RRUserYN_OneConditionYN - Extracting DataSheet Values started...
17:29:42.842 [main] INFO  utilities.UtilityCustomFunctions - Actual:Ghosh Jacob
17:29:42.842 [main] INFO  utilities.UtilityCustomFunctions - Expected:Usman
17:29:42.842 [main] INFO  utilities.UtilityCustomFunctions - Message:AssignedTo Value
17:29:44.084 [main] INFO  utilities.UtilityCustomFunctions - Actual:+91
17:29:44.084 [main] INFO  utilities.UtilityCustomFunctions - Expected:+91
17:29:44.084 [main] INFO  utilities.UtilityCustomFunctions - Message:Mobile Number Prefix
17:29:45.320 [main] INFO  utilities.UtilityCustomFunctions - Actual:9840065896
17:29:45.320 [main] INFO  utilities.UtilityCustomFunctions - Expected:
17:29:45.320 [main] INFO  utilities.UtilityCustomFunctions - Message:Mobile Number
17:29:45.320 [main] INFO  utilities.UtilityCustomFunctions - Actual:Grace@rsoft.in
17:29:45.320 [main] INFO  utilities.UtilityCustomFunctions - Expected:Grace@rsoft.in
17:29:45.320 [main] INFO  utilities.UtilityCustomFunctions - Message:Email
17:29:46.503 [main] INFO  utilities.UtilityCustomFunctions - Actual:Welcome to Automation...!
17:29:46.503 [main] INFO  utilities.UtilityCustomFunctions - Expected:Welcome to Automation World...!
17:29:46.503 [main] INFO  utilities.UtilityCustomFunctions - Message:Text
17:29:47.719 [main] INFO  utilities.UtilityCustomFunctions - Actual:two
17:29:47.719 [main] INFO  utilities.UtilityCustomFunctions - Expected:two
17:29:47.719 [main] INFO  utilities.UtilityCustomFunctions - Message:MultiSelect
17:29:48.953 [main] INFO  utilities.UtilityCustomFunctions - Actual:Bihar
17:29:48.953 [main] INFO  utilities.UtilityCustomFunctions - Expected:Bihar
17:29:48.953 [main] INFO  utilities.UtilityCustomFunctions - Message:MultiChoice State
17:33:59.363 [main] INFO  testCases.WebForms.TC005_WF_RRUserYN_OneConditionYN - Test Execution on Browser: chrome
17:33:59.464 [main] INFO  testCases.WebForms.TC005_WF_RRUserYN_OneConditionYN - Excel file Utility instance created
17:34:00.991 [main] INFO  testCases.WebForms.TC005_WF_RRUserYN_OneConditionYN - Row Count is: 9
17:34:01.107 [main] INFO  testCases.WebForms.TC005_WF_RRUserYN_OneConditionYN - Col Count is: 15
17:34:01.107 [main] INFO  testCases.WebForms.TC005_WF_RRUserYN_OneConditionYN - Extracting DataSheet Values started...
17:34:08.417 [main] INFO  utilities.UtilityCustomFunctions - PRIYAN entered in  input
17:34:10.484 [main] INFO  utilities.UtilityCustomFunctions - rsoft entered in  input
17:34:12.361 [main] INFO  utilities.UtilityCustomFunctions - RSoft!@345 entered in  input
17:34:23.064 [main] INFO  testCases.WebForms.TC005_WF_RRUserYN_OneConditionYN - Clicked Avatar
17:34:27.052 [main] INFO  testCases.WebForms.TC005_WF_RRUserYN_OneConditionYN - Clicked Menu CRM Setting
17:34:29.297 [main] INFO  testCases.WebForms.TC005_WF_RRUserYN_OneConditionYN - Clicked Menu User Access Control
17:34:34.690 [main] INFO  testCases.WebForms.TC005_WF_RRUserYN_OneConditionYN - Clicked Avatar
17:34:39.175 [main] INFO  testCases.WebForms.TC005_WF_RRUserYN_OneConditionYN - Clicked Menu CRM Setting
17:34:39.375 [main] INFO  testCases.WebForms.TC005_WF_RRUserYN_OneConditionYN - Clicked Integration
17:34:51.566 [main] INFO  testCases.WebForms.TC005_WF_RRUserYN_OneConditionYN - [ETNotification Webform] is selected in List
17:34:56.241 [main] INFO  testCases.WebForms.TC005_WF_RRUserYN_OneConditionYN - [ETNotification Webform] is selected in List
17:36:01.773 [main] INFO  testCases.WebForms.TC005_WF_RRUserYN_OneConditionYN - Excel file Utility instance created
17:36:01.807 [main] INFO  testCases.WebForms.TC005_WF_RRUserYN_OneConditionYN - Row Count is: 9
17:36:01.843 [main] INFO  testCases.WebForms.TC005_WF_RRUserYN_OneConditionYN - Col Count is: 15
17:36:01.843 [main] INFO  testCases.WebForms.TC005_WF_RRUserYN_OneConditionYN - Extracting DataSheet Values started...
17:39:43.120 [main] INFO  testCases.WebForms.TC005_WF_RRUserYN_OneConditionYN - Test Execution on Browser: chrome
17:39:43.230 [main] INFO  testCases.WebForms.TC005_WF_RRUserYN_OneConditionYN - Excel file Utility instance created
17:39:44.804 [main] INFO  testCases.WebForms.TC005_WF_RRUserYN_OneConditionYN - Row Count is: 9
17:39:44.940 [main] INFO  testCases.WebForms.TC005_WF_RRUserYN_OneConditionYN - Col Count is: 15
17:39:44.941 [main] INFO  testCases.WebForms.TC005_WF_RRUserYN_OneConditionYN - Extracting DataSheet Values started...
17:39:49.779 [main] INFO  utilities.UtilityCustomFunctions - PRIYAN entered in  input
17:39:51.513 [main] INFO  utilities.UtilityCustomFunctions - rsoft entered in  input
17:39:53.276 [main] INFO  utilities.UtilityCustomFunctions - RSoft!@345 entered in  input
17:40:08.744 [main] INFO  testCases.WebForms.TC005_WF_RRUserYN_OneConditionYN - Clicked Avatar
17:40:12.903 [main] INFO  testCases.WebForms.TC005_WF_RRUserYN_OneConditionYN - Clicked Menu CRM Setting
17:40:15.138 [main] INFO  testCases.WebForms.TC005_WF_RRUserYN_OneConditionYN - Clicked Menu User Access Control
17:40:20.209 [main] INFO  testCases.WebForms.TC005_WF_RRUserYN_OneConditionYN - Clicked Avatar
17:40:24.129 [main] INFO  testCases.WebForms.TC005_WF_RRUserYN_OneConditionYN - Clicked Menu CRM Setting
17:40:24.308 [main] INFO  testCases.WebForms.TC005_WF_RRUserYN_OneConditionYN - Clicked Integration
17:40:36.839 [main] INFO  testCases.WebForms.TC005_WF_RRUserYN_OneConditionYN - [ETNotification Webform] is selected in List
17:40:41.424 [main] INFO  testCases.WebForms.TC005_WF_RRUserYN_OneConditionYN - [ETNotification Webform] is selected in List
17:41:06.825 [main] INFO  testCases.WebForms.TC005_WF_RRUserYN_OneConditionYN - Excel file Utility instance created
17:41:06.859 [main] INFO  testCases.WebForms.TC005_WF_RRUserYN_OneConditionYN - Row Count is: 9
17:41:06.955 [main] INFO  testCases.WebForms.TC005_WF_RRUserYN_OneConditionYN - Col Count is: 15
17:41:06.955 [main] INFO  testCases.WebForms.TC005_WF_RRUserYN_OneConditionYN - Extracting DataSheet Values started...
17:41:20.831 [main] INFO  utilities.UtilityCustomFunctions - Actual:Yakub Dennis
17:41:20.831 [main] INFO  utilities.UtilityCustomFunctions - Expected:Mary
17:41:20.831 [main] INFO  utilities.UtilityCustomFunctions - Message:AssignedTo Value
17:41:22.071 [main] INFO  utilities.UtilityCustomFunctions - Actual:+91
17:41:22.071 [main] INFO  utilities.UtilityCustomFunctions - Expected:+91
17:41:22.071 [main] INFO  utilities.UtilityCustomFunctions - Message:Mobile Number Prefix
17:41:23.274 [main] INFO  utilities.UtilityCustomFunctions - Actual:1234567890
17:41:23.274 [main] INFO  utilities.UtilityCustomFunctions - Expected:
17:41:23.274 [main] INFO  utilities.UtilityCustomFunctions - Message:Mobile Number
17:41:23.274 [main] INFO  utilities.UtilityCustomFunctions - Actual:test@tester.com
17:41:23.274 [main] INFO  utilities.UtilityCustomFunctions - Expected:Julia@rsoft.in
17:41:23.274 [main] INFO  utilities.UtilityCustomFunctions - Message:Email
17:41:24.491 [main] INFO  utilities.UtilityCustomFunctions - Actual:asdfasdf
17:41:24.491 [main] INFO  utilities.UtilityCustomFunctions - Expected:Welcome to Automation World...!
17:41:24.491 [main] INFO  utilities.UtilityCustomFunctions - Message:Text
17:41:25.754 [main] INFO  utilities.UtilityCustomFunctions - Actual:one
17:41:25.754 [main] INFO  utilities.UtilityCustomFunctions - Expected:one
17:41:25.754 [main] INFO  utilities.UtilityCustomFunctions - Message:MultiSelect
17:41:26.989 [main] INFO  utilities.UtilityCustomFunctions - Actual:Goa
17:41:26.989 [main] INFO  utilities.UtilityCustomFunctions - Expected:Tamilnadu
17:41:26.989 [main] INFO  utilities.UtilityCustomFunctions - Message:MultiChoice State
17:41:28.474 [main] INFO  testCases.WebForms.TC005_WF_RRUserYN_OneConditionYN - Excel file Utility instance created
17:41:28.490 [main] INFO  testCases.WebForms.TC005_WF_RRUserYN_OneConditionYN - Row Count is: 9
17:41:28.524 [main] INFO  testCases.WebForms.TC005_WF_RRUserYN_OneConditionYN - Col Count is: 15
17:41:28.524 [main] INFO  testCases.WebForms.TC005_WF_RRUserYN_OneConditionYN - Extracting DataSheet Values started...
17:41:42.916 [main] INFO  utilities.UtilityCustomFunctions - Actual:Yakub Dennis
17:41:42.916 [main] INFO  utilities.UtilityCustomFunctions - Expected:White
17:41:42.916 [main] INFO  utilities.UtilityCustomFunctions - Message:AssignedTo Value
17:41:44.130 [main] INFO  utilities.UtilityCustomFunctions - Actual:+91
17:41:44.130 [main] INFO  utilities.UtilityCustomFunctions - Expected:+91
17:41:44.130 [main] INFO  utilities.UtilityCustomFunctions - Message:Mobile Number Prefix
17:41:45.359 [main] INFO  utilities.UtilityCustomFunctions - Actual:1234567890
17:41:45.359 [main] INFO  utilities.UtilityCustomFunctions - Expected:
17:41:45.359 [main] INFO  utilities.UtilityCustomFunctions - Message:Mobile Number
17:41:45.359 [main] INFO  utilities.UtilityCustomFunctions - Actual:test@tester.com
17:41:45.359 [main] INFO  utilities.UtilityCustomFunctions - Expected:Grace@rsoft.in
17:41:45.359 [main] INFO  utilities.UtilityCustomFunctions - Message:Email
17:41:46.573 [main] INFO  utilities.UtilityCustomFunctions - Actual:asdfasdf
17:41:46.573 [main] INFO  utilities.UtilityCustomFunctions - Expected:Welcome to Automation World...!
17:41:46.573 [main] INFO  utilities.UtilityCustomFunctions - Message:Text
17:41:47.821 [main] INFO  utilities.UtilityCustomFunctions - Actual:one
17:41:47.821 [main] INFO  utilities.UtilityCustomFunctions - Expected:two
17:41:47.821 [main] INFO  utilities.UtilityCustomFunctions - Message:MultiSelect
17:41:49.089 [main] INFO  utilities.UtilityCustomFunctions - Actual:Goa
17:41:49.089 [main] INFO  utilities.UtilityCustomFunctions - Expected:Bihar
17:41:49.089 [main] INFO  utilities.UtilityCustomFunctions - Message:MultiChoice State
17:50:03.752 [main] INFO  testCases.WebForms.TC005_WF_RRUserYN_OneConditionYN - Test Execution on Browser: chrome
17:50:03.865 [main] INFO  testCases.WebForms.TC005_WF_RRUserYN_OneConditionYN - Excel file Utility instance created
17:50:05.364 [main] INFO  testCases.WebForms.TC005_WF_RRUserYN_OneConditionYN - Row Count is: 9
17:50:05.517 [main] INFO  testCases.WebForms.TC005_WF_RRUserYN_OneConditionYN - Col Count is: 15
17:50:05.517 [main] INFO  testCases.WebForms.TC005_WF_RRUserYN_OneConditionYN - Extracting DataSheet Values started...
17:50:12.323 [main] INFO  utilities.UtilityCustomFunctions - PRIYAN entered in  input
17:50:14.451 [main] INFO  utilities.UtilityCustomFunctions - rsoft entered in  input
17:50:16.379 [main] INFO  utilities.UtilityCustomFunctions - RSoft!@345 entered in  input
17:50:27.550 [main] INFO  testCases.WebForms.TC005_WF_RRUserYN_OneConditionYN - Clicked Avatar
17:50:31.673 [main] INFO  testCases.WebForms.TC005_WF_RRUserYN_OneConditionYN - Clicked Menu CRM Setting
17:50:33.967 [main] INFO  testCases.WebForms.TC005_WF_RRUserYN_OneConditionYN - Clicked Menu User Access Control
17:50:38.910 [main] INFO  testCases.WebForms.TC005_WF_RRUserYN_OneConditionYN - Clicked Avatar
17:50:43.236 [main] INFO  testCases.WebForms.TC005_WF_RRUserYN_OneConditionYN - Clicked Menu CRM Setting
17:50:43.424 [main] INFO  testCases.WebForms.TC005_WF_RRUserYN_OneConditionYN - Clicked Integration
17:50:55.817 [main] INFO  testCases.WebForms.TC005_WF_RRUserYN_OneConditionYN - [ETNotification Webform] is selected in List
17:51:00.375 [main] INFO  testCases.WebForms.TC005_WF_RRUserYN_OneConditionYN - [ETNotification Webform] is selected in List
17:51:26.595 [main] INFO  testCases.WebForms.TC005_WF_RRUserYN_OneConditionYN - Excel file Utility instance created
17:51:26.636 [main] INFO  testCases.WebForms.TC005_WF_RRUserYN_OneConditionYN - Row Count is: 9
17:51:26.674 [main] INFO  testCases.WebForms.TC005_WF_RRUserYN_OneConditionYN - Col Count is: 15
17:51:26.674 [main] INFO  testCases.WebForms.TC005_WF_RRUserYN_OneConditionYN - Extracting DataSheet Values started...
17:51:37.832 [main] INFO  testCases.WebForms.TC005_WF_RRUserYN_OneConditionYN - Survey Form Url Launched..
17:51:39.427 [main] INFO  testCases.WebForms.TC005_WF_RRUserYN_OneConditionYN - Build Url Pass
17:51:39.632 [main] INFO  utilities.UtilityCustomFunctions - PN Control Title :  Please type your phone number *
17:51:39.632 [main] INFO  utilities.UtilityCustomFunctions - Actual:Please type your phone number *
17:51:39.632 [main] INFO  utilities.UtilityCustomFunctions - Expected:Please type your phone number *
17:51:39.632 [main] INFO  utilities.UtilityCustomFunctions - Message:Phone Number Control Title
17:51:41.078 [main] INFO  testCases.WebForms.TC005_WF_RRUserYN_OneConditionYN - Validation of PhoneNumber Control Title
17:51:43.462 [main] INFO  testCases.WebForms.TC005_WF_RRUserYN_OneConditionYN - Phone Number Conrol Present
17:51:44.620 [main] INFO  utilities.UtilityCustomFunctions - 9840099162 entered in  input
17:51:46.195 [main] INFO  testCases.WebForms.TC005_WF_RRUserYN_OneConditionYN - Phone Number Entered
17:51:47.488 [main] INFO  testCases.WebForms.TC005_WF_RRUserYN_OneConditionYN - PhoneNumber Next Clicked
17:51:51.898 [main] INFO  testCases.WebForms.TC005_WF_RRUserYN_OneConditionYN - Email Control Present
17:51:51.932 [main] INFO  utilities.UtilityCustomFunctions - Email Control Title :  What is your email address? *
17:51:51.932 [main] INFO  utilities.UtilityCustomFunctions - Actual:What is your email address? *
17:51:51.932 [main] INFO  utilities.UtilityCustomFunctions - Expected:What is your email address? *
17:51:51.932 [main] INFO  utilities.UtilityCustomFunctions - Message:Email Control Title
17:51:53.347 [main] INFO  testCases.WebForms.TC005_WF_RRUserYN_OneConditionYN - Validation of Email Control Title
17:51:53.864 [main] INFO  utilities.UtilityCustomFunctions - Julia@rsoft.in entered in  input
17:51:53.889 [main] INFO  testCases.WebForms.TC005_WF_RRUserYN_OneConditionYN - Email Id Entered
17:51:55.505 [main] INFO  testCases.WebForms.TC005_WF_RRUserYN_OneConditionYN - Email Next Clicked
17:51:58.284 [main] INFO  testCases.WebForms.TC005_WF_RRUserYN_OneConditionYN - Text Question Conrol Present
17:51:58.326 [main] INFO  utilities.UtilityCustomFunctions - Text Question Choice Control Title :  Please type an answer ..! *
17:51:58.326 [main] INFO  utilities.UtilityCustomFunctions - Actual:Please type an answer ..! *
17:51:58.326 [main] INFO  utilities.UtilityCustomFunctions - Expected:Please type an answer ..! *
17:51:58.326 [main] INFO  utilities.UtilityCustomFunctions - Message:TextQuestion Control Title
17:51:59.762 [main] INFO  testCases.WebForms.TC005_WF_RRUserYN_OneConditionYN - Validation of TextQuestion Control Title
17:52:00.444 [main] INFO  utilities.UtilityCustomFunctions - Welcome to Automation World...! entered in  textarea
17:52:00.464 [main] INFO  testCases.WebForms.TC005_WF_RRUserYN_OneConditionYN - Text Entered in TextAnswer Control
17:52:02.052 [main] INFO  testCases.WebForms.TC005_WF_RRUserYN_OneConditionYN - Text Question Next Clicked
17:52:05.281 [main] INFO  utilities.UtilityCustomFunctions - MS Control Title :  Select your choices..! *
17:52:05.281 [main] INFO  utilities.UtilityCustomFunctions -  Select your choices..! *
17:52:05.281 [main] INFO  utilities.UtilityCustomFunctions - Actual:Select your choices..! *
17:52:05.281 [main] INFO  utilities.UtilityCustomFunctions - Expected:Select your choices..! *
17:52:05.281 [main] INFO  utilities.UtilityCustomFunctions - Message:MultiSelect Control Title
17:52:06.744 [main] INFO  testCases.WebForms.TC005_WF_RRUserYN_OneConditionYN - Validation of MultiSelect Control Title
17:52:06.744 [main] INFO  utilities.UtilityCustomFunctions - MultiSelect Value:one
17:52:06.860 [main] INFO  utilities.UtilityCustomFunctions - MultiSelect Drop Down Button Clicked
17:52:06.860 [main] INFO  utilities.UtilityCustomFunctions - Expected MultiSelect Value count: 1
17:52:06.861 [main] INFO  utilities.UtilityCustomFunctions - Items in Multiselect Count: 5
17:52:08.925 [main] INFO  utilities.UtilityCustomFunctions - Item Selected in MultiSelect: one
17:52:14.548 [main] INFO  testCases.WebForms.TC005_WF_RRUserYN_OneConditionYN - MultiSelect Value Selected
17:52:16.166 [main] INFO  testCases.WebForms.TC005_WF_RRUserYN_OneConditionYN - MultiSelect Next Clicked
17:52:19.377 [main] INFO  testCases.WebForms.TC005_WF_RRUserYN_OneConditionYN -  Select an option..! *Actual Title 
17:52:19.377 [main] INFO  utilities.UtilityCustomFunctions - Multi Choice Control Title :  Select an option..! *
17:52:19.377 [main] INFO  utilities.UtilityCustomFunctions - Actual:Select an option..! *
17:52:19.377 [main] INFO  utilities.UtilityCustomFunctions - Expected:Select an option..! *
17:52:19.377 [main] INFO  utilities.UtilityCustomFunctions - Message:MultiChoice Control Title
17:52:24.104 [main] INFO  testCases.WebForms.TC005_WF_RRUserYN_OneConditionYN - [Tamilnadu] is selected in List
17:52:24.104 [main] INFO  testCases.WebForms.TC005_WF_RRUserYN_OneConditionYN - MultiChoice Item Selected
17:52:28.834 [main] INFO  testCases.WebForms.TC005_WF_RRUserYN_OneConditionYN - MultiChoice Next Clicked
17:52:47.185 [main] INFO  utilities.UtilityCustomFunctions - Actual:Mary Tyler
17:52:47.185 [main] INFO  utilities.UtilityCustomFunctions - Expected:Mary Tyler
17:52:47.185 [main] INFO  utilities.UtilityCustomFunctions - Message:AssignedTo Value
17:52:48.418 [main] INFO  utilities.UtilityCustomFunctions - Actual:+91
17:52:48.418 [main] INFO  utilities.UtilityCustomFunctions - Expected:+91
17:52:48.418 [main] INFO  utilities.UtilityCustomFunctions - Message:Mobile Number Prefix
17:52:49.628 [main] INFO  utilities.UtilityCustomFunctions - Actual:9840099162
17:52:49.628 [main] INFO  utilities.UtilityCustomFunctions - Expected:9840099162
17:52:49.628 [main] INFO  utilities.UtilityCustomFunctions - Message:Mobile Number
17:52:50.859 [main] INFO  utilities.UtilityCustomFunctions - Actual:Julia@rsoft.in
17:52:50.859 [main] INFO  utilities.UtilityCustomFunctions - Expected:Julia@rsoft.in
17:52:50.859 [main] INFO  utilities.UtilityCustomFunctions - Message:Email
17:52:52.059 [main] INFO  utilities.UtilityCustomFunctions - Actual:Welcome to Automation World...!
17:52:52.059 [main] INFO  utilities.UtilityCustomFunctions - Expected:Welcome to Automation World...!
17:52:52.059 [main] INFO  utilities.UtilityCustomFunctions - Message:Text
17:52:53.264 [main] INFO  utilities.UtilityCustomFunctions - Actual:one
17:52:53.264 [main] INFO  utilities.UtilityCustomFunctions - Expected:one
17:52:53.264 [main] INFO  utilities.UtilityCustomFunctions - Message:MultiSelect
17:52:54.466 [main] INFO  utilities.UtilityCustomFunctions - Actual:Tamilnadu
17:52:54.466 [main] INFO  utilities.UtilityCustomFunctions - Expected:Tamilnadu
17:52:54.466 [main] INFO  utilities.UtilityCustomFunctions - Message:MultiChoice State
17:53:05.901 [main] INFO  testCases.WebForms.TC005_WF_RRUserYN_OneConditionYN - Excel file Utility instance created
17:53:05.932 [main] INFO  testCases.WebForms.TC005_WF_RRUserYN_OneConditionYN - Row Count is: 9
17:53:05.965 [main] INFO  testCases.WebForms.TC005_WF_RRUserYN_OneConditionYN - Col Count is: 15
17:53:05.965 [main] INFO  testCases.WebForms.TC005_WF_RRUserYN_OneConditionYN - Extracting DataSheet Values started...
17:53:11.080 [main] INFO  testCases.WebForms.TC005_WF_RRUserYN_OneConditionYN - Survey Form Url Launched..
17:53:12.727 [main] INFO  testCases.WebForms.TC005_WF_RRUserYN_OneConditionYN - Build Url Pass
17:53:12.920 [main] INFO  utilities.UtilityCustomFunctions - PN Control Title :  Please type your phone number *
17:53:12.920 [main] INFO  utilities.UtilityCustomFunctions - Actual:Please type your phone number *
17:53:12.920 [main] INFO  utilities.UtilityCustomFunctions - Expected:Please type your phone number *
17:53:12.920 [main] INFO  utilities.UtilityCustomFunctions - Message:Phone Number Control Title
17:53:14.482 [main] INFO  testCases.WebForms.TC005_WF_RRUserYN_OneConditionYN - Validation of PhoneNumber Control Title
17:53:17.030 [main] INFO  testCases.WebForms.TC005_WF_RRUserYN_OneConditionYN - Phone Number Conrol Present
17:53:17.730 [main] INFO  utilities.UtilityCustomFunctions - 9840043988 entered in  input
17:53:19.311 [main] INFO  testCases.WebForms.TC005_WF_RRUserYN_OneConditionYN - Phone Number Entered
17:53:20.532 [main] INFO  testCases.WebForms.TC005_WF_RRUserYN_OneConditionYN - PhoneNumber Next Clicked
17:53:25.095 [main] INFO  testCases.WebForms.TC005_WF_RRUserYN_OneConditionYN - Email Control Present
17:53:25.121 [main] INFO  utilities.UtilityCustomFunctions - Email Control Title :  What is your email address? *
17:53:25.121 [main] INFO  utilities.UtilityCustomFunctions - Actual:What is your email address? *
17:53:25.121 [main] INFO  utilities.UtilityCustomFunctions - Expected:What is your email address? *
17:53:25.121 [main] INFO  utilities.UtilityCustomFunctions - Message:Email Control Title
17:53:26.630 [main] INFO  testCases.WebForms.TC005_WF_RRUserYN_OneConditionYN - Validation of Email Control Title
17:53:27.130 [main] INFO  utilities.UtilityCustomFunctions - Grace@rsoft.in entered in  input
17:53:27.146 [main] INFO  testCases.WebForms.TC005_WF_RRUserYN_OneConditionYN - Email Id Entered
17:53:28.801 [main] INFO  testCases.WebForms.TC005_WF_RRUserYN_OneConditionYN - Email Next Clicked
17:53:31.650 [main] INFO  testCases.WebForms.TC005_WF_RRUserYN_OneConditionYN - Text Question Conrol Present
17:53:31.680 [main] INFO  utilities.UtilityCustomFunctions - Text Question Choice Control Title :  Please type an answer ..! *
17:53:31.680 [main] INFO  utilities.UtilityCustomFunctions - Actual:Please type an answer ..! *
17:53:31.680 [main] INFO  utilities.UtilityCustomFunctions - Expected:Please type an answer ..! *
17:53:31.680 [main] INFO  utilities.UtilityCustomFunctions - Message:TextQuestion Control Title
17:53:33.195 [main] INFO  testCases.WebForms.TC005_WF_RRUserYN_OneConditionYN - Validation of TextQuestion Control Title
17:53:33.880 [main] INFO  utilities.UtilityCustomFunctions - Welcome to Automation World...! entered in  textarea
17:53:33.895 [main] INFO  testCases.WebForms.TC005_WF_RRUserYN_OneConditionYN - Text Entered in TextAnswer Control
17:53:35.599 [main] INFO  testCases.WebForms.TC005_WF_RRUserYN_OneConditionYN - Text Question Next Clicked
17:53:38.780 [main] INFO  utilities.UtilityCustomFunctions - MS Control Title :  Select your choices..! *
17:53:38.780 [main] INFO  utilities.UtilityCustomFunctions -  Select your choices..! *
17:53:38.780 [main] INFO  utilities.UtilityCustomFunctions - Actual:Select your choices..! *
17:53:38.780 [main] INFO  utilities.UtilityCustomFunctions - Expected:Select your choices..! *
17:53:38.780 [main] INFO  utilities.UtilityCustomFunctions - Message:MultiSelect Control Title
17:53:40.362 [main] INFO  testCases.WebForms.TC005_WF_RRUserYN_OneConditionYN - Validation of MultiSelect Control Title
17:53:40.362 [main] INFO  utilities.UtilityCustomFunctions - MultiSelect Value:two
17:53:40.478 [main] INFO  utilities.UtilityCustomFunctions - MultiSelect Drop Down Button Clicked
17:53:40.480 [main] INFO  utilities.UtilityCustomFunctions - Expected MultiSelect Value count: 1
17:53:40.481 [main] INFO  utilities.UtilityCustomFunctions - Items in Multiselect Count: 5
17:53:43.667 [main] INFO  utilities.UtilityCustomFunctions - Item Selected in MultiSelect: two
17:53:48.248 [main] INFO  testCases.WebForms.TC005_WF_RRUserYN_OneConditionYN - MultiSelect Value Selected
17:53:50.051 [main] INFO  testCases.WebForms.TC005_WF_RRUserYN_OneConditionYN - MultiSelect Next Clicked
17:53:53.296 [main] INFO  testCases.WebForms.TC005_WF_RRUserYN_OneConditionYN -  Select an option..! *Actual Title 
17:53:53.296 [main] INFO  utilities.UtilityCustomFunctions - Multi Choice Control Title :  Select an option..! *
17:53:53.296 [main] INFO  utilities.UtilityCustomFunctions - Actual:Select an option..! *
17:53:53.296 [main] INFO  utilities.UtilityCustomFunctions - Expected:Select an option..! *
17:53:53.296 [main] INFO  utilities.UtilityCustomFunctions - Message:MultiChoice Control Title
17:53:58.153 [main] INFO  testCases.WebForms.TC005_WF_RRUserYN_OneConditionYN - [Bihar] is selected in List
17:53:58.153 [main] INFO  testCases.WebForms.TC005_WF_RRUserYN_OneConditionYN - MultiChoice Item Selected
17:54:03.130 [main] INFO  testCases.WebForms.TC005_WF_RRUserYN_OneConditionYN - MultiChoice Next Clicked
17:54:21.264 [main] INFO  utilities.UtilityCustomFunctions - Actual:Usman Patrick
17:54:21.265 [main] INFO  utilities.UtilityCustomFunctions - Expected:Usman Patrick
17:54:21.265 [main] INFO  utilities.UtilityCustomFunctions - Message:AssignedTo Value
17:54:22.466 [main] INFO  utilities.UtilityCustomFunctions - Actual:+91
17:54:22.466 [main] INFO  utilities.UtilityCustomFunctions - Expected:+91
17:54:22.466 [main] INFO  utilities.UtilityCustomFunctions - Message:Mobile Number Prefix
17:54:23.684 [main] INFO  utilities.UtilityCustomFunctions - Actual:9840043988
17:54:23.684 [main] INFO  utilities.UtilityCustomFunctions - Expected:9840043988
17:54:23.684 [main] INFO  utilities.UtilityCustomFunctions - Message:Mobile Number
17:54:24.927 [main] INFO  utilities.UtilityCustomFunctions - Actual:Grace@rsoft.in
17:54:24.927 [main] INFO  utilities.UtilityCustomFunctions - Expected:Grace@rsoft.in
17:54:24.927 [main] INFO  utilities.UtilityCustomFunctions - Message:Email
17:54:26.143 [main] INFO  utilities.UtilityCustomFunctions - Actual:Welcome to Automation World...!
17:54:26.143 [main] INFO  utilities.UtilityCustomFunctions - Expected:Welcome to Automation World...!
17:54:26.143 [main] INFO  utilities.UtilityCustomFunctions - Message:Text
17:54:27.418 [main] INFO  utilities.UtilityCustomFunctions - Actual:two
17:54:27.418 [main] INFO  utilities.UtilityCustomFunctions - Expected:two
17:54:27.418 [main] INFO  utilities.UtilityCustomFunctions - Message:MultiSelect
17:54:28.610 [main] INFO  utilities.UtilityCustomFunctions - Actual:Bihar
17:54:28.610 [main] INFO  utilities.UtilityCustomFunctions - Expected:Bihar
17:54:28.610 [main] INFO  utilities.UtilityCustomFunctions - Message:MultiChoice State
18:02:26.842 [main] INFO  testCases.WebForms.TC004_WF_AllValidUser_ConditionAllYes - Test Execution on Browser: chrome
18:02:26.961 [main] INFO  testCases.WebForms.TC004_WF_AllValidUser_ConditionAllYes - Excel file Utility instance created
18:02:28.466 [main] INFO  testCases.WebForms.TC004_WF_AllValidUser_ConditionAllYes - Row Count is: 9
18:02:28.637 [main] INFO  testCases.WebForms.TC004_WF_AllValidUser_ConditionAllYes - Col Count is: 30
18:02:28.637 [main] INFO  testCases.WebForms.TC004_WF_AllValidUser_ConditionAllYes - Extracting DataSheet Values started...
18:02:35.351 [main] INFO  utilities.UtilityCustomFunctions - PRIYAN entered in  input
18:02:37.656 [main] INFO  utilities.UtilityCustomFunctions - rsoft entered in  input
18:02:40.132 [main] INFO  utilities.UtilityCustomFunctions - RSoft!@345 entered in  input
18:02:50.444 [main] INFO  testCases.WebForms.TC004_WF_AllValidUser_ConditionAllYes - Clicked Avatar
18:02:54.850 [main] INFO  testCases.WebForms.TC004_WF_AllValidUser_ConditionAllYes - Clicked Menu CRM Setting
18:02:58.092 [main] INFO  testCases.WebForms.TC004_WF_AllValidUser_ConditionAllYes - Clicked Menu User Access Control
18:03:13.146 [main] INFO  testCases.WebForms.TC004_WF_AllValidUser_ConditionAllYes - Clicked Avatar
18:03:18.247 [main] INFO  testCases.WebForms.TC004_WF_AllValidUser_ConditionAllYes - Clicked Menu CRM Setting
18:03:20.724 [main] INFO  testCases.WebForms.TC004_WF_AllValidUser_ConditionAllYes - Clicked Menu User Access Control
18:03:35.630 [main] INFO  testCases.WebForms.TC004_WF_AllValidUser_ConditionAllYes - Clicked Avatar
18:03:40.257 [main] INFO  testCases.WebForms.TC004_WF_AllValidUser_ConditionAllYes - Clicked Menu CRM Setting
18:03:42.686 [main] INFO  testCases.WebForms.TC004_WF_AllValidUser_ConditionAllYes - Clicked Menu User Access Control
18:04:00.186 [main] INFO  testCases.WebForms.TC004_WF_AllValidUser_ConditionAllYes - Clicked Avatar
18:04:05.471 [main] INFO  testCases.WebForms.TC004_WF_AllValidUser_ConditionAllYes - Clicked Menu CRM Setting
18:04:08.518 [main] INFO  testCases.WebForms.TC004_WF_AllValidUser_ConditionAllYes - Clicked Menu User Access Control
18:04:24.391 [main] INFO  testCases.WebForms.TC004_WF_AllValidUser_ConditionAllYes - Clicked Avatar
18:04:29.166 [main] INFO  testCases.WebForms.TC004_WF_AllValidUser_ConditionAllYes - Clicked Menu CRM Setting
18:04:31.505 [main] INFO  testCases.WebForms.TC004_WF_AllValidUser_ConditionAllYes - Clicked Menu User Access Control
18:04:42.965 [main] INFO  testCases.WebForms.TC004_WF_AllValidUser_ConditionAllYes - Clicked Avatar
18:04:46.921 [main] INFO  testCases.WebForms.TC004_WF_AllValidUser_ConditionAllYes - Clicked Menu CRM Setting
18:04:49.202 [main] INFO  testCases.WebForms.TC004_WF_AllValidUser_ConditionAllYes - Clicked Menu User Access Control
18:05:00.971 [main] INFO  testCases.WebForms.TC004_WF_AllValidUser_ConditionAllYes - Clicked Avatar
18:05:05.066 [main] INFO  testCases.WebForms.TC004_WF_AllValidUser_ConditionAllYes - Clicked Menu CRM Setting
18:05:05.272 [main] INFO  testCases.WebForms.TC004_WF_AllValidUser_ConditionAllYes - Clicked Integration
18:05:17.389 [main] INFO  testCases.WebForms.TC004_WF_AllValidUser_ConditionAllYes - [ETNotification Webform] is selected in List
18:05:21.945 [main] INFO  testCases.WebForms.TC004_WF_AllValidUser_ConditionAllYes - [ETNotification Webform] is selected in List
18:06:14.458 [main] INFO  testCases.WebForms.TC004_WF_AllValidUser_ConditionAllYes - Excel file Utility instance created
18:06:14.489 [main] INFO  testCases.WebForms.TC004_WF_AllValidUser_ConditionAllYes - Row Count is: 9
18:06:14.518 [main] INFO  testCases.WebForms.TC004_WF_AllValidUser_ConditionAllYes - Col Count is: 30
18:06:14.518 [main] INFO  testCases.WebForms.TC004_WF_AllValidUser_ConditionAllYes - Extracting DataSheet Values started...
18:06:21.027 [main] INFO  testCases.WebForms.TC004_WF_AllValidUser_ConditionAllYes - Survey Form Url Launched..
18:06:22.568 [main] INFO  testCases.WebForms.TC004_WF_AllValidUser_ConditionAllYes - Build Url Pass
18:06:22.754 [main] INFO  utilities.UtilityCustomFunctions - PN Control Title :  Please type your phone number *
