16:24:58.908 [main] INFO  utilities.UtilityCustomFunctions - Actual:Welcome to Automation World...!
16:24:58.908 [main] INFO  utilities.UtilityCustomFunctions - Expected:Welcome to Automation World...!
16:24:58.908 [main] INFO  utilities.UtilityCustomFunctions - Message:Text
16:25:00.145 [main] INFO  utilities.UtilityCustomFunctions - Actual:one
16:25:00.145 [main] INFO  utilities.UtilityCustomFunctions - Expected:one
16:25:00.145 [main] INFO  utilities.UtilityCustomFunctions - Message:MultiSelect
16:25:01.394 [main] INFO  utilities.UtilityCustomFunctions - Actual:Delhi
16:25:01.394 [main] INFO  utilities.UtilityCustomFunctions - Expected:Delhi
16:25:01.394 [main] INFO  utilities.UtilityCustomFunctions - Message:MultiChoice State
16:25:17.554 [main] INFO  utilities.UtilityCustomFunctions - Actual:Sharon Bryan
16:25:17.554 [main] INFO  utilities.UtilityCustomFunctions - Expected:Cynthia
16:25:17.554 [main] INFO  utilities.UtilityCustomFunctions - Message:AssignedTo Value
16:25:18.793 [main] INFO  utilities.UtilityCustomFunctions - Actual:+91
16:25:18.793 [main] INFO  utilities.UtilityCustomFunctions - Expected:+91
16:25:18.793 [main] INFO  utilities.UtilityCustomFunctions - Message:Mobile Number Prefix
16:25:20.010 [main] INFO  utilities.UtilityCustomFunctions - Actual:9840029589
16:25:20.010 [main] INFO  utilities.UtilityCustomFunctions - Expected:9840029589
16:25:20.010 [main] INFO  utilities.UtilityCustomFunctions - Message:Mobile Number
16:25:21.259 [main] INFO  utilities.UtilityCustomFunctions - Actual:Danielle@rsoft.in
16:25:21.259 [main] INFO  utilities.UtilityCustomFunctions - Expected:Danielle@rsoft.in
16:25:21.259 [main] INFO  utilities.UtilityCustomFunctions - Message:Email
16:25:22.527 [main] INFO  utilities.UtilityCustomFunctions - Actual:Welcome to Automation World...!
16:25:22.527 [main] INFO  utilities.UtilityCustomFunctions - Expected:Welcome to Automation World...!
16:25:22.527 [main] INFO  utilities.UtilityCustomFunctions - Message:Text
16:25:23.792 [main] INFO  utilities.UtilityCustomFunctions - Actual:four
16:25:23.792 [main] INFO  utilities.UtilityCustomFunctions - Expected:four
16:25:23.792 [main] INFO  utilities.UtilityCustomFunctions - Message:MultiSelect
16:25:25.027 [main] INFO  utilities.UtilityCustomFunctions - Actual:Tamilnadu
16:25:25.027 [main] INFO  utilities.UtilityCustomFunctions - Expected:Tamilnadu
16:25:25.027 [main] INFO  utilities.UtilityCustomFunctions - Message:MultiChoice State
16:25:41.237 [main] INFO  utilities.UtilityCustomFunctions - Actual:Lisa Noah
16:25:41.237 [main] INFO  utilities.UtilityCustomFunctions - Expected:Lisa Noah
16:25:41.237 [main] INFO  utilities.UtilityCustomFunctions - Message:AssignedTo Value
16:25:42.445 [main] INFO  utilities.UtilityCustomFunctions - Actual:+91
16:25:42.445 [main] INFO  utilities.UtilityCustomFunctions - Expected:+91
16:25:42.445 [main] INFO  utilities.UtilityCustomFunctions - Message:Mobile Number Prefix
16:25:43.693 [main] INFO  utilities.UtilityCustomFunctions - Actual:9840019914
16:25:43.693 [main] INFO  utilities.UtilityCustomFunctions - Expected:9840019914
16:25:43.693 [main] INFO  utilities.UtilityCustomFunctions - Message:Mobile Number
16:25:44.944 [main] INFO  utilities.UtilityCustomFunctions - Actual:Diana@rsoft.in
16:25:44.944 [main] INFO  utilities.UtilityCustomFunctions - Expected:Diana@rsoft.in
16:25:44.944 [main] INFO  utilities.UtilityCustomFunctions - Message:Email
16:25:46.146 [main] INFO  utilities.UtilityCustomFunctions - Actual:Welcome to Automation World...!
16:25:46.146 [main] INFO  utilities.UtilityCustomFunctions - Expected:Welcome to Automation World...!
16:25:46.146 [main] INFO  utilities.UtilityCustomFunctions - Message:Text
16:25:47.361 [main] INFO  utilities.UtilityCustomFunctions - Actual:three
16:25:47.361 [main] INFO  utilities.UtilityCustomFunctions - Expected:three
16:25:47.361 [main] INFO  utilities.UtilityCustomFunctions - Message:MultiSelect
16:25:48.594 [main] INFO  utilities.UtilityCustomFunctions - Actual:Goa
16:25:48.594 [main] INFO  utilities.UtilityCustomFunctions - Expected:Goa
16:25:48.594 [main] INFO  utilities.UtilityCustomFunctions - Message:MultiChoice State
16:26:04.273 [main] INFO  utilities.UtilityCustomFunctions - Actual:Sandra Jeremy
16:26:04.273 [main] INFO  utilities.UtilityCustomFunctions - Expected:Sandra Jeremy
16:26:04.274 [main] INFO  utilities.UtilityCustomFunctions - Message:AssignedTo Value
16:26:05.494 [main] INFO  utilities.UtilityCustomFunctions - Actual:+91
16:26:05.494 [main] INFO  utilities.UtilityCustomFunctions - Expected:+91
16:26:05.494 [main] INFO  utilities.UtilityCustomFunctions - Message:Mobile Number Prefix
16:26:06.752 [main] INFO  utilities.UtilityCustomFunctions - Actual:9840045487
16:26:06.752 [main] INFO  utilities.UtilityCustomFunctions - Expected:9840045487
16:26:06.752 [main] INFO  utilities.UtilityCustomFunctions - Message:Mobile Number
16:26:08.041 [main] INFO  utilities.UtilityCustomFunctions - Actual:Theresa@rsoft.in
16:26:08.041 [main] INFO  utilities.UtilityCustomFunctions - Expected:Theresa@rsoft.in
16:26:08.041 [main] INFO  utilities.UtilityCustomFunctions - Message:Email
16:26:09.261 [main] INFO  utilities.UtilityCustomFunctions - Actual:Welcome to Automation World...!
16:26:09.261 [main] INFO  utilities.UtilityCustomFunctions - Expected:Welcome to Automation World...!
16:26:09.261 [main] INFO  utilities.UtilityCustomFunctions - Message:Text
16:26:10.493 [main] INFO  utilities.UtilityCustomFunctions - Actual:five
16:26:10.493 [main] INFO  utilities.UtilityCustomFunctions - Expected:five
16:26:10.493 [main] INFO  utilities.UtilityCustomFunctions - Message:MultiSelect
16:26:11.727 [main] INFO  utilities.UtilityCustomFunctions - Actual:Delhi
16:26:11.727 [main] INFO  utilities.UtilityCustomFunctions - Expected:Delhi
16:26:11.727 [main] INFO  utilities.UtilityCustomFunctions - Message:MultiChoice State
16:26:27.652 [main] INFO  utilities.UtilityCustomFunctions - Actual:Lisa Noah
16:26:27.652 [main] INFO  utilities.UtilityCustomFunctions - Expected:Lisa Noah
16:26:27.652 [main] INFO  utilities.UtilityCustomFunctions - Message:AssignedTo Value
16:26:28.925 [main] INFO  utilities.UtilityCustomFunctions - Actual:+91
16:26:28.925 [main] INFO  utilities.UtilityCustomFunctions - Expected:+91
16:26:28.925 [main] INFO  utilities.UtilityCustomFunctions - Message:Mobile Number Prefix
16:26:30.160 [main] INFO  utilities.UtilityCustomFunctions - Actual:9840074123
16:26:30.160 [main] INFO  utilities.UtilityCustomFunctions - Expected:9840074123
16:26:30.160 [main] INFO  utilities.UtilityCustomFunctions - Message:Mobile Number
16:26:31.395 [main] INFO  utilities.UtilityCustomFunctions - Actual:Alexis@rsoft.in
16:26:31.395 [main] INFO  utilities.UtilityCustomFunctions - Expected:Alexis@rsoft.in
16:26:31.395 [main] INFO  utilities.UtilityCustomFunctions - Message:Email
16:26:32.594 [main] INFO  utilities.UtilityCustomFunctions - Actual:Welcome to Automation World...!
16:26:32.594 [main] INFO  utilities.UtilityCustomFunctions - Expected:Welcome to Automation World...!
16:26:32.594 [main] INFO  utilities.UtilityCustomFunctions - Message:Text
16:26:33.841 [main] INFO  utilities.UtilityCustomFunctions - Actual:two
16:26:33.841 [main] INFO  utilities.UtilityCustomFunctions - Expected:two
16:26:33.841 [main] INFO  utilities.UtilityCustomFunctions - Message:MultiSelect
16:26:35.076 [main] INFO  utilities.UtilityCustomFunctions - Actual:Goa
16:26:35.076 [main] INFO  utilities.UtilityCustomFunctions - Expected:Goa
16:26:35.076 [main] INFO  utilities.UtilityCustomFunctions - Message:MultiChoice State
16:26:44.310 [main] INFO  utilities.UtilityCustomFunctions - Actual:Total Validation Count63
16:26:44.310 [main] INFO  utilities.UtilityCustomFunctions - Expected:Total Validation Count63
16:26:44.310 [main] INFO  utilities.UtilityCustomFunctions - Message:pass
16:32:22.548 [main] INFO  testCases.WebForms.TC038_WF_RRYN_OneYN_TwoYN - Test Execution on Browser: chrome
16:32:22.662 [main] INFO  testCases.WebForms.TC038_WF_RRYN_OneYN_TwoYN - Excel file Utility instance created
16:32:24.409 [main] INFO  testCases.WebForms.TC038_WF_RRYN_OneYN_TwoYN - Row Count is: 17
16:32:24.554 [main] INFO  testCases.WebForms.TC038_WF_RRYN_OneYN_TwoYN - Col Count is: 15
16:32:31.913 [main] INFO  utilities.UtilityCustomFunctions - PRIYAN entered in  input
16:32:34.194 [main] INFO  utilities.UtilityCustomFunctions - rsoft entered in  input
16:32:36.155 [main] INFO  utilities.UtilityCustomFunctions - RSoft!@345 entered in  input
16:32:46.692 [main] INFO  testCases.WebForms.TC038_WF_RRYN_OneYN_TwoYN - Clicked Avatar
16:32:50.934 [main] INFO  testCases.WebForms.TC038_WF_RRYN_OneYN_TwoYN - Clicked Menu CRM Setting
16:32:53.172 [main] INFO  testCases.WebForms.TC038_WF_RRYN_OneYN_TwoYN - Clicked Menu User Access Control
16:32:56.934 [main] INFO  testCases.WebForms.TC038_WF_RRYN_OneYN_TwoYN - Clicked Avatar
16:33:00.686 [main] INFO  testCases.WebForms.TC038_WF_RRYN_OneYN_TwoYN - Clicked Menu CRM Setting
16:33:00.833 [main] INFO  testCases.WebForms.TC038_WF_RRYN_OneYN_TwoYN - Clicked Integration
16:33:12.514 [main] INFO  testCases.WebForms.TC038_WF_RRYN_OneYN_TwoYN - [ETNotification Webform] is selected in List
16:34:00.428 [main] INFO  utilities.UtilityCustomFunctions - Actual:Sharon Bryan
16:34:00.428 [main] INFO  utilities.UtilityCustomFunctions - Expected:Cynthia
16:34:00.429 [main] INFO  utilities.UtilityCustomFunctions - Message:AssignedTo Value
16:34:01.668 [main] INFO  utilities.UtilityCustomFunctions - Actual:+91
16:34:01.668 [main] INFO  utilities.UtilityCustomFunctions - Expected:+91
16:34:01.668 [main] INFO  utilities.UtilityCustomFunctions - Message:Mobile Number Prefix
16:34:02.869 [main] INFO  utilities.UtilityCustomFunctions - Actual:9840091195
16:34:02.869 [main] INFO  utilities.UtilityCustomFunctions - Expected:9840091195
16:34:02.869 [main] INFO  utilities.UtilityCustomFunctions - Message:Mobile Number
16:34:04.103 [main] INFO  utilities.UtilityCustomFunctions - Actual:Alice@rsoft.in
16:34:04.118 [main] INFO  utilities.UtilityCustomFunctions - Expected:Alice@rsoft.in
16:34:04.118 [main] INFO  utilities.UtilityCustomFunctions - Message:Email
16:34:05.337 [main] INFO  utilities.UtilityCustomFunctions - Actual:Welcome to Automation World...!
16:34:05.337 [main] INFO  utilities.UtilityCustomFunctions - Expected:Welcome to Automation World...!
16:34:05.337 [main] INFO  utilities.UtilityCustomFunctions - Message:Text
16:34:06.600 [main] INFO  utilities.UtilityCustomFunctions - Actual:two
16:34:06.600 [main] INFO  utilities.UtilityCustomFunctions - Expected:two
16:34:06.600 [main] INFO  utilities.UtilityCustomFunctions - Message:MultiSelect
16:34:07.834 [main] INFO  utilities.UtilityCustomFunctions - Actual:Tamilnadu
16:34:07.834 [main] INFO  utilities.UtilityCustomFunctions - Expected:Tamilnadu
16:34:07.834 [main] INFO  utilities.UtilityCustomFunctions - Message:MultiChoice State
16:34:25.100 [main] INFO  utilities.UtilityCustomFunctions - Actual:Sharon Bryan
16:34:25.100 [main] INFO  utilities.UtilityCustomFunctions - Expected:Sharon Bryan
16:34:25.101 [main] INFO  utilities.UtilityCustomFunctions - Message:AssignedTo Value
16:34:26.364 [main] INFO  utilities.UtilityCustomFunctions - Actual:+91
16:34:26.364 [main] INFO  utilities.UtilityCustomFunctions - Expected:+91
16:34:26.364 [main] INFO  utilities.UtilityCustomFunctions - Message:Mobile Number Prefix
16:34:27.623 [main] INFO  utilities.UtilityCustomFunctions - Actual:9840027526
16:34:27.623 [main] INFO  utilities.UtilityCustomFunctions - Expected:9840027526
16:34:27.623 [main] INFO  utilities.UtilityCustomFunctions - Message:Mobile Number
16:34:28.836 [main] INFO  utilities.UtilityCustomFunctions - Actual:Testing@rsoft.in
16:34:28.836 [main] INFO  utilities.UtilityCustomFunctions - Expected:Testing@rsoft.in
16:34:28.836 [main] INFO  utilities.UtilityCustomFunctions - Message:Email
16:34:30.107 [main] INFO  utilities.UtilityCustomFunctions - Actual:Testing
16:34:30.107 [main] INFO  utilities.UtilityCustomFunctions - Expected:Testing
16:34:30.107 [main] INFO  utilities.UtilityCustomFunctions - Message:Text
16:34:31.342 [main] INFO  utilities.UtilityCustomFunctions - Actual:three
16:34:31.342 [main] INFO  utilities.UtilityCustomFunctions - Expected:three
16:34:31.342 [main] INFO  utilities.UtilityCustomFunctions - Message:MultiSelect
16:34:32.568 [main] INFO  utilities.UtilityCustomFunctions - Actual:Tamilnadu
16:34:32.568 [main] INFO  utilities.UtilityCustomFunctions - Expected:Tamilnadu
16:34:32.568 [main] INFO  utilities.UtilityCustomFunctions - Message:MultiChoice State
16:34:48.996 [main] INFO  utilities.UtilityCustomFunctions - Actual:Sharon Bryan
16:34:48.996 [main] INFO  utilities.UtilityCustomFunctions - Expected:Cynthia
16:34:48.996 [main] INFO  utilities.UtilityCustomFunctions - Message:AssignedTo Value
16:34:50.218 [main] INFO  utilities.UtilityCustomFunctions - Actual:+91
16:34:50.218 [main] INFO  utilities.UtilityCustomFunctions - Expected:+91
16:34:50.218 [main] INFO  utilities.UtilityCustomFunctions - Message:Mobile Number Prefix
16:34:51.561 [main] INFO  utilities.UtilityCustomFunctions - Actual:9840053416
16:34:51.561 [main] INFO  utilities.UtilityCustomFunctions - Expected:9840053416
16:34:51.561 [main] INFO  utilities.UtilityCustomFunctions - Message:Mobile Number
16:34:52.785 [main] INFO  utilities.UtilityCustomFunctions - Actual:Danielle@rsoft.in
16:34:52.785 [main] INFO  utilities.UtilityCustomFunctions - Expected:Danielle@rsoft.in
16:34:52.785 [main] INFO  utilities.UtilityCustomFunctions - Message:Email
16:34:53.986 [main] INFO  utilities.UtilityCustomFunctions - Actual:Welcome to Automation World...!
16:34:53.986 [main] INFO  utilities.UtilityCustomFunctions - Expected:Welcome to Automation World...!
16:34:53.986 [main] INFO  utilities.UtilityCustomFunctions - Message:Text
16:34:55.218 [main] INFO  utilities.UtilityCustomFunctions - Actual:four
16:34:55.218 [main] INFO  utilities.UtilityCustomFunctions - Expected:four
16:34:55.218 [main] INFO  utilities.UtilityCustomFunctions - Message:MultiSelect
16:34:56.435 [main] INFO  utilities.UtilityCustomFunctions - Actual:Tamilnadu
16:34:56.435 [main] INFO  utilities.UtilityCustomFunctions - Expected:Tamilnadu
16:34:56.435 [main] INFO  utilities.UtilityCustomFunctions - Message:MultiChoice State
16:35:13.496 [main] INFO  utilities.UtilityCustomFunctions - Actual:Carol Gerald
16:35:13.496 [main] INFO  utilities.UtilityCustomFunctions - Expected:Carol Gerald
16:35:13.496 [main] INFO  utilities.UtilityCustomFunctions - Message:AssignedTo Value
16:35:14.749 [main] INFO  utilities.UtilityCustomFunctions - Actual:+91
16:35:14.749 [main] INFO  utilities.UtilityCustomFunctions - Expected:+91
16:35:14.749 [main] INFO  utilities.UtilityCustomFunctions - Message:Mobile Number Prefix
16:35:15.968 [main] INFO  utilities.UtilityCustomFunctions - Actual:9840067488
16:35:15.968 [main] INFO  utilities.UtilityCustomFunctions - Expected:9840067488
16:35:15.968 [main] INFO  utilities.UtilityCustomFunctions - Message:Mobile Number
16:35:17.201 [main] INFO  utilities.UtilityCustomFunctions - Actual:Brittany@rsoft.in
16:35:17.201 [main] INFO  utilities.UtilityCustomFunctions - Expected:Brittany@rsoft.in
16:35:17.201 [main] INFO  utilities.UtilityCustomFunctions - Message:Email
16:35:18.401 [main] INFO  utilities.UtilityCustomFunctions - Actual:Welcome to Automation World...!
16:35:18.401 [main] INFO  utilities.UtilityCustomFunctions - Expected:Welcome to Automation World...!
16:35:18.401 [main] INFO  utilities.UtilityCustomFunctions - Message:Text
16:35:19.649 [main] INFO  utilities.UtilityCustomFunctions - Actual:one
16:35:19.649 [main] INFO  utilities.UtilityCustomFunctions - Expected:one
16:35:19.649 [main] INFO  utilities.UtilityCustomFunctions - Message:MultiSelect
16:35:20.876 [main] INFO  utilities.UtilityCustomFunctions - Actual:Tamilnadu
16:35:20.876 [main] INFO  utilities.UtilityCustomFunctions - Expected:Tamilnadu
16:35:20.876 [main] INFO  utilities.UtilityCustomFunctions - Message:MultiChoice State
16:35:37.228 [main] INFO  utilities.UtilityCustomFunctions - Actual:Michelle Sean
16:35:37.228 [main] INFO  utilities.UtilityCustomFunctions - Expected:Michelle Sean
16:35:37.228 [main] INFO  utilities.UtilityCustomFunctions - Message:AssignedTo Value
16:35:38.435 [main] INFO  utilities.UtilityCustomFunctions - Actual:+91
16:35:38.435 [main] INFO  utilities.UtilityCustomFunctions - Expected:+91
16:35:38.435 [main] INFO  utilities.UtilityCustomFunctions - Message:Mobile Number Prefix
16:35:39.683 [main] INFO  utilities.UtilityCustomFunctions - Actual:9840042132
16:35:39.683 [main] INFO  utilities.UtilityCustomFunctions - Expected:9840042132
16:35:39.683 [main] INFO  utilities.UtilityCustomFunctions - Message:Mobile Number
16:35:40.899 [main] INFO  utilities.UtilityCustomFunctions - Actual:Kayla@rsoft.in
16:35:40.899 [main] INFO  utilities.UtilityCustomFunctions - Expected:Kayla@rsoft.in
16:35:40.899 [main] INFO  utilities.UtilityCustomFunctions - Message:Email
16:35:42.118 [main] INFO  utilities.UtilityCustomFunctions - Actual:Welcome to Automation World...!
16:35:42.118 [main] INFO  utilities.UtilityCustomFunctions - Expected:Welcome to Automation World...!
16:35:42.118 [main] INFO  utilities.UtilityCustomFunctions - Message:Text
16:35:43.334 [main] INFO  utilities.UtilityCustomFunctions - Actual:one
16:35:43.334 [main] INFO  utilities.UtilityCustomFunctions - Expected:one
16:35:43.334 [main] INFO  utilities.UtilityCustomFunctions - Message:MultiSelect
16:35:44.675 [main] INFO  utilities.UtilityCustomFunctions - Actual:Tamilnadu
16:35:44.675 [main] INFO  utilities.UtilityCustomFunctions - Expected:Tamilnadu
16:35:44.675 [main] INFO  utilities.UtilityCustomFunctions - Message:MultiChoice State
16:35:53.902 [main] INFO  utilities.UtilityCustomFunctions - Actual:Total Validation Count35
16:35:53.903 [main] INFO  utilities.UtilityCustomFunctions - Expected:Total Validation Count35
16:35:53.903 [main] INFO  utilities.UtilityCustomFunctions - Message:pass
16:42:09.991 [main] INFO  testCases.WebForms.TC038_WF_RRYN_OneYN_TwoYN - Test Execution on Browser: chrome
16:42:10.119 [main] INFO  testCases.WebForms.TC038_WF_RRYN_OneYN_TwoYN - Excel file Utility instance created
16:42:11.850 [main] INFO  testCases.WebForms.TC038_WF_RRYN_OneYN_TwoYN - Row Count is: 17
16:42:11.990 [main] INFO  testCases.WebForms.TC038_WF_RRYN_OneYN_TwoYN - Col Count is: 15
16:42:18.988 [main] INFO  utilities.UtilityCustomFunctions - PRIYAN entered in  input
16:42:21.019 [main] INFO  utilities.UtilityCustomFunctions - rsoft entered in  input
16:42:22.876 [main] INFO  utilities.UtilityCustomFunctions - RSoft!@345 entered in  input
16:42:33.585 [main] INFO  testCases.WebForms.TC038_WF_RRYN_OneYN_TwoYN - Clicked Avatar
16:42:37.696 [main] INFO  testCases.WebForms.TC038_WF_RRYN_OneYN_TwoYN - Clicked Menu CRM Setting
16:42:39.931 [main] INFO  testCases.WebForms.TC038_WF_RRYN_OneYN_TwoYN - Clicked Menu User Access Control
16:42:43.691 [main] INFO  testCases.WebForms.TC038_WF_RRYN_OneYN_TwoYN - Clicked Avatar
16:42:47.388 [main] INFO  testCases.WebForms.TC038_WF_RRYN_OneYN_TwoYN - Clicked Menu CRM Setting
16:42:47.512 [main] INFO  testCases.WebForms.TC038_WF_RRYN_OneYN_TwoYN - Clicked Integration
16:42:59.123 [main] INFO  testCases.WebForms.TC038_WF_RRYN_OneYN_TwoYN - [ETNotification Webform] is selected in List
16:43:46.918 [main] INFO  utilities.UtilityCustomFunctions - Actual:Sharon Bryan
16:43:46.918 [main] INFO  utilities.UtilityCustomFunctions - Expected:Cynthia
16:43:46.919 [main] INFO  utilities.UtilityCustomFunctions - Message:AssignedTo Value
16:43:48.222 [main] INFO  utilities.UtilityCustomFunctions - Actual:+91
16:43:48.222 [main] INFO  utilities.UtilityCustomFunctions - Expected:+91
16:43:48.222 [main] INFO  utilities.UtilityCustomFunctions - Message:Mobile Number Prefix
16:43:49.474 [main] INFO  utilities.UtilityCustomFunctions - Actual:9840018220
16:43:49.474 [main] INFO  utilities.UtilityCustomFunctions - Expected:9840018220
16:43:49.474 [main] INFO  utilities.UtilityCustomFunctions - Message:Mobile Number
16:43:50.757 [main] INFO  utilities.UtilityCustomFunctions - Actual:Alice@rsoft.in
16:43:50.757 [main] INFO  utilities.UtilityCustomFunctions - Expected:Alice@rsoft.in
16:43:50.757 [main] INFO  utilities.UtilityCustomFunctions - Message:Email
16:43:51.984 [main] INFO  utilities.UtilityCustomFunctions - Actual:Welcome to Automation World...!
16:43:51.984 [main] INFO  utilities.UtilityCustomFunctions - Expected:Welcome to Automation World...!
16:43:51.984 [main] INFO  utilities.UtilityCustomFunctions - Message:Text
16:43:53.242 [main] INFO  utilities.UtilityCustomFunctions - Actual:two
16:43:53.242 [main] INFO  utilities.UtilityCustomFunctions - Expected:two
16:43:53.242 [main] INFO  utilities.UtilityCustomFunctions - Message:MultiSelect
16:43:54.443 [main] INFO  utilities.UtilityCustomFunctions - Actual:Tamilnadu
16:43:54.443 [main] INFO  utilities.UtilityCustomFunctions - Expected:Tamilnadu
16:43:54.443 [main] INFO  utilities.UtilityCustomFunctions - Message:MultiChoice State
16:44:10.619 [main] INFO  utilities.UtilityCustomFunctions - Actual:Sharon Bryan
16:44:10.619 [main] INFO  utilities.UtilityCustomFunctions - Expected:Sharon Bryan
16:44:10.619 [main] INFO  utilities.UtilityCustomFunctions - Message:AssignedTo Value
16:44:11.826 [main] INFO  utilities.UtilityCustomFunctions - Actual:+91
16:44:11.826 [main] INFO  utilities.UtilityCustomFunctions - Expected:+91
16:44:11.826 [main] INFO  utilities.UtilityCustomFunctions - Message:Mobile Number Prefix
16:44:13.074 [main] INFO  utilities.UtilityCustomFunctions - Actual:9840069667
16:44:13.074 [main] INFO  utilities.UtilityCustomFunctions - Expected:9840069667
16:44:13.074 [main] INFO  utilities.UtilityCustomFunctions - Message:Mobile Number
16:44:14.358 [main] INFO  utilities.UtilityCustomFunctions - Actual:Testing@rsoft.in
16:44:14.358 [main] INFO  utilities.UtilityCustomFunctions - Expected:Testing@rsoft.in
16:44:14.358 [main] INFO  utilities.UtilityCustomFunctions - Message:Email
16:44:15.607 [main] INFO  utilities.UtilityCustomFunctions - Actual:Testing
16:44:15.607 [main] INFO  utilities.UtilityCustomFunctions - Expected:Testing
16:44:15.607 [main] INFO  utilities.UtilityCustomFunctions - Message:Text
16:44:16.857 [main] INFO  utilities.UtilityCustomFunctions - Actual:three
16:44:16.857 [main] INFO  utilities.UtilityCustomFunctions - Expected:three
16:44:16.857 [main] INFO  utilities.UtilityCustomFunctions - Message:MultiSelect
16:44:18.092 [main] INFO  utilities.UtilityCustomFunctions - Actual:Tamilnadu
16:44:18.092 [main] INFO  utilities.UtilityCustomFunctions - Expected:Tamilnadu
16:44:18.092 [main] INFO  utilities.UtilityCustomFunctions - Message:MultiChoice State
16:44:34.251 [main] INFO  utilities.UtilityCustomFunctions - Actual:Sharon Bryan
16:44:34.251 [main] INFO  utilities.UtilityCustomFunctions - Expected:Cynthia
16:44:34.251 [main] INFO  utilities.UtilityCustomFunctions - Message:AssignedTo Value
16:44:35.475 [main] INFO  utilities.UtilityCustomFunctions - Actual:+91
16:44:35.475 [main] INFO  utilities.UtilityCustomFunctions - Expected:+91
16:44:35.475 [main] INFO  utilities.UtilityCustomFunctions - Message:Mobile Number Prefix
16:44:36.756 [main] INFO  utilities.UtilityCustomFunctions - Actual:9840017342
16:44:36.756 [main] INFO  utilities.UtilityCustomFunctions - Expected:9840017342
16:44:36.756 [main] INFO  utilities.UtilityCustomFunctions - Message:Mobile Number
16:44:38.007 [main] INFO  utilities.UtilityCustomFunctions - Actual:Danielle@rsoft.in
16:44:38.007 [main] INFO  utilities.UtilityCustomFunctions - Expected:Danielle@rsoft.in
16:44:38.007 [main] INFO  utilities.UtilityCustomFunctions - Message:Email
16:44:39.243 [main] INFO  utilities.UtilityCustomFunctions - Actual:Welcome to Automation World...!
16:44:39.243 [main] INFO  utilities.UtilityCustomFunctions - Expected:Welcome to Automation World...!
16:44:39.243 [main] INFO  utilities.UtilityCustomFunctions - Message:Text
16:44:40.444 [main] INFO  utilities.UtilityCustomFunctions - Actual:four
16:44:40.444 [main] INFO  utilities.UtilityCustomFunctions - Expected:four
16:44:40.444 [main] INFO  utilities.UtilityCustomFunctions - Message:MultiSelect
16:44:41.660 [main] INFO  utilities.UtilityCustomFunctions - Actual:Tamilnadu
16:44:41.660 [main] INFO  utilities.UtilityCustomFunctions - Expected:Tamilnadu
16:44:41.660 [main] INFO  utilities.UtilityCustomFunctions - Message:MultiChoice State
16:44:51.608 [main] INFO  utilities.UtilityCustomFunctions - Actual:Total Validation Count21
16:44:51.608 [main] INFO  utilities.UtilityCustomFunctions - Expected:Total Validation Count21
16:44:51.608 [main] INFO  utilities.UtilityCustomFunctions - Message:pass
16:50:08.026 [main] INFO  testCases.WebForms.TC038_WF_RRYN_OneYN_TwoYN - Test Execution on Browser: chrome
16:50:08.139 [main] INFO  testCases.WebForms.TC038_WF_RRYN_OneYN_TwoYN - Excel file Utility instance created
16:50:09.754 [main] INFO  testCases.WebForms.TC038_WF_RRYN_OneYN_TwoYN - Row Count is: 17
16:50:09.864 [main] INFO  testCases.WebForms.TC038_WF_RRYN_OneYN_TwoYN - Col Count is: 15
16:50:17.284 [main] INFO  utilities.UtilityCustomFunctions - PRIYAN entered in  input
16:50:19.246 [main] INFO  utilities.UtilityCustomFunctions - rsoft entered in  input
16:50:21.210 [main] INFO  utilities.UtilityCustomFunctions - RSoft!@345 entered in  input
16:50:32.051 [main] INFO  testCases.WebForms.TC038_WF_RRYN_OneYN_TwoYN - Clicked Avatar
16:50:35.939 [main] INFO  testCases.WebForms.TC038_WF_RRYN_OneYN_TwoYN - Clicked Menu CRM Setting
16:50:38.209 [main] INFO  testCases.WebForms.TC038_WF_RRYN_OneYN_TwoYN - Clicked Menu User Access Control
16:50:41.917 [main] INFO  testCases.WebForms.TC038_WF_RRYN_OneYN_TwoYN - Clicked Avatar
16:50:45.554 [main] INFO  testCases.WebForms.TC038_WF_RRYN_OneYN_TwoYN - Clicked Menu CRM Setting
16:50:45.697 [main] INFO  testCases.WebForms.TC038_WF_RRYN_OneYN_TwoYN - Clicked Integration
16:50:57.381 [main] INFO  testCases.WebForms.TC038_WF_RRYN_OneYN_TwoYN - [ETNotification Webform] is selected in List
16:51:44.345 [main] INFO  utilities.UtilityCustomFunctions - Actual:Stephanie Jordan
16:51:44.345 [main] INFO  utilities.UtilityCustomFunctions - Expected:Sharon
16:51:44.345 [main] INFO  utilities.UtilityCustomFunctions - Message:AssignedTo Value
16:51:45.599 [main] INFO  utilities.UtilityCustomFunctions - Actual:+91
16:51:45.599 [main] INFO  utilities.UtilityCustomFunctions - Expected:+91
16:51:45.599 [main] INFO  utilities.UtilityCustomFunctions - Message:Mobile Number Prefix
16:51:46.883 [main] INFO  utilities.UtilityCustomFunctions - Actual:9840028483
16:51:46.883 [main] INFO  utilities.UtilityCustomFunctions - Expected:9840028483
16:51:46.883 [main] INFO  utilities.UtilityCustomFunctions - Message:Mobile Number
16:51:48.165 [main] INFO  utilities.UtilityCustomFunctions - Actual:Alice@rsoft.in
16:51:48.165 [main] INFO  utilities.UtilityCustomFunctions - Expected:Alice@rsoft.in
16:51:48.165 [main] INFO  utilities.UtilityCustomFunctions - Message:Email
16:51:49.432 [main] INFO  utilities.UtilityCustomFunctions - Actual:Welcome to Automation World...!
16:51:49.432 [main] INFO  utilities.UtilityCustomFunctions - Expected:Welcome to Automation World...!
16:51:49.432 [main] INFO  utilities.UtilityCustomFunctions - Message:Text
16:51:50.683 [main] INFO  utilities.UtilityCustomFunctions - Actual:two
16:51:50.683 [main] INFO  utilities.UtilityCustomFunctions - Expected:two
16:51:50.683 [main] INFO  utilities.UtilityCustomFunctions - Message:MultiSelect
16:51:51.886 [main] INFO  utilities.UtilityCustomFunctions - Actual:Tamilnadu
16:51:51.886 [main] INFO  utilities.UtilityCustomFunctions - Expected:Tamilnadu
16:51:51.886 [main] INFO  utilities.UtilityCustomFunctions - Message:MultiChoice State
16:52:08.292 [main] INFO  utilities.UtilityCustomFunctions - Actual:Sharon Bryan
16:52:08.292 [main] INFO  utilities.UtilityCustomFunctions - Expected:Stephanie
16:52:08.292 [main] INFO  utilities.UtilityCustomFunctions - Message:AssignedTo Value
16:52:09.502 [main] INFO  utilities.UtilityCustomFunctions - Actual:+91
16:52:09.502 [main] INFO  utilities.UtilityCustomFunctions - Expected:+91
16:52:09.502 [main] INFO  utilities.UtilityCustomFunctions - Message:Mobile Number Prefix
16:52:10.719 [main] INFO  utilities.UtilityCustomFunctions - Actual:9840015635
16:52:10.719 [main] INFO  utilities.UtilityCustomFunctions - Expected:9840015635
16:52:10.719 [main] INFO  utilities.UtilityCustomFunctions - Message:Mobile Number
16:52:11.983 [main] INFO  utilities.UtilityCustomFunctions - Actual:Testing@rsoft.in
16:52:11.983 [main] INFO  utilities.UtilityCustomFunctions - Expected:Testing@rsoft.in
16:52:11.983 [main] INFO  utilities.UtilityCustomFunctions - Message:Email
16:52:13.234 [main] INFO  utilities.UtilityCustomFunctions - Actual:Testing
16:52:13.234 [main] INFO  utilities.UtilityCustomFunctions - Expected:Testing
16:52:13.234 [main] INFO  utilities.UtilityCustomFunctions - Message:Text
16:52:14.436 [main] INFO  utilities.UtilityCustomFunctions - Actual:three
16:52:14.436 [main] INFO  utilities.UtilityCustomFunctions - Expected:three
16:52:14.436 [main] INFO  utilities.UtilityCustomFunctions - Message:MultiSelect
16:52:15.667 [main] INFO  utilities.UtilityCustomFunctions - Actual:Tamilnadu
16:52:15.667 [main] INFO  utilities.UtilityCustomFunctions - Expected:Tamilnadu
16:52:15.667 [main] INFO  utilities.UtilityCustomFunctions - Message:MultiChoice State
16:52:31.873 [main] INFO  utilities.UtilityCustomFunctions - Actual:Stephanie Jordan
16:52:31.873 [main] INFO  utilities.UtilityCustomFunctions - Expected:Sharon
16:52:31.873 [main] INFO  utilities.UtilityCustomFunctions - Message:AssignedTo Value
16:52:33.131 [main] INFO  utilities.UtilityCustomFunctions - Actual:+91
16:52:33.131 [main] INFO  utilities.UtilityCustomFunctions - Expected:+91
16:52:33.147 [main] INFO  utilities.UtilityCustomFunctions - Message:Mobile Number Prefix
16:52:34.398 [main] INFO  utilities.UtilityCustomFunctions - Actual:9840038373
16:52:34.398 [main] INFO  utilities.UtilityCustomFunctions - Expected:9840038373
16:52:34.398 [main] INFO  utilities.UtilityCustomFunctions - Message:Mobile Number
16:52:35.651 [main] INFO  utilities.UtilityCustomFunctions - Actual:Danielle@rsoft.in
16:52:35.651 [main] INFO  utilities.UtilityCustomFunctions - Expected:Danielle@rsoft.in
16:52:35.651 [main] INFO  utilities.UtilityCustomFunctions - Message:Email
16:52:36.868 [main] INFO  utilities.UtilityCustomFunctions - Actual:Welcome to Automation World...!
16:52:36.868 [main] INFO  utilities.UtilityCustomFunctions - Expected:Welcome to Automation World...!
16:52:36.868 [main] INFO  utilities.UtilityCustomFunctions - Message:Text
16:52:38.068 [main] INFO  utilities.UtilityCustomFunctions - Actual:four
16:52:38.068 [main] INFO  utilities.UtilityCustomFunctions - Expected:four
16:52:38.068 [main] INFO  utilities.UtilityCustomFunctions - Message:MultiSelect
16:52:39.300 [main] INFO  utilities.UtilityCustomFunctions - Actual:Tamilnadu
16:52:39.300 [main] INFO  utilities.UtilityCustomFunctions - Expected:Tamilnadu
16:52:39.300 [main] INFO  utilities.UtilityCustomFunctions - Message:MultiChoice State
16:52:50.459 [main] INFO  utilities.UtilityCustomFunctions - Actual:Total Validation Count21
16:52:50.459 [main] INFO  utilities.UtilityCustomFunctions - Expected:Total Validation Count21
16:52:50.459 [main] INFO  utilities.UtilityCustomFunctions - Message:pass
16:53:56.286 [main] INFO  testCases.WebForms.TC038_WF_RRYN_OneYN_TwoYN - Test Execution on Browser: chrome
16:53:56.419 [main] INFO  testCases.WebForms.TC038_WF_RRYN_OneYN_TwoYN - Excel file Utility instance created
16:53:58.068 [main] INFO  testCases.WebForms.TC038_WF_RRYN_OneYN_TwoYN - Row Count is: 17
16:53:58.212 [main] INFO  testCases.WebForms.TC038_WF_RRYN_OneYN_TwoYN - Col Count is: 15
16:54:06.026 [main] INFO  utilities.UtilityCustomFunctions - PRIYAN entered in  input
16:54:07.900 [main] INFO  utilities.UtilityCustomFunctions - rsoft entered in  input
16:54:09.823 [main] INFO  utilities.UtilityCustomFunctions - RSoft!@345 entered in  input
16:54:21.023 [main] INFO  testCases.WebForms.TC038_WF_RRYN_OneYN_TwoYN - Clicked Avatar
16:54:25.386 [main] INFO  testCases.WebForms.TC038_WF_RRYN_OneYN_TwoYN - Clicked Menu CRM Setting
16:54:27.637 [main] INFO  testCases.WebForms.TC038_WF_RRYN_OneYN_TwoYN - Clicked Menu User Access Control
16:54:31.525 [main] INFO  testCases.WebForms.TC038_WF_RRYN_OneYN_TwoYN - Clicked Avatar
16:54:35.283 [main] INFO  testCases.WebForms.TC038_WF_RRYN_OneYN_TwoYN - Clicked Menu CRM Setting
16:54:35.439 [main] INFO  testCases.WebForms.TC038_WF_RRYN_OneYN_TwoYN - Clicked Integration
16:54:47.344 [main] INFO  testCases.WebForms.TC038_WF_RRYN_OneYN_TwoYN - [ETNotification Webform] is selected in List
16:55:35.357 [main] INFO  utilities.UtilityCustomFunctions - Actual:Sharon Bryan
16:55:35.357 [main] INFO  utilities.UtilityCustomFunctions - Expected:Sharon Bryan
16:55:35.357 [main] INFO  utilities.UtilityCustomFunctions - Message:AssignedTo Value
16:55:36.673 [main] INFO  utilities.UtilityCustomFunctions - Actual:+91
16:55:36.673 [main] INFO  utilities.UtilityCustomFunctions - Expected:+91
16:55:36.673 [main] INFO  utilities.UtilityCustomFunctions - Message:Mobile Number Prefix
16:55:37.930 [main] INFO  utilities.UtilityCustomFunctions - Actual:9840054375
16:55:37.930 [main] INFO  utilities.UtilityCustomFunctions - Expected:9840054375
16:55:37.930 [main] INFO  utilities.UtilityCustomFunctions - Message:Mobile Number
16:55:39.164 [main] INFO  utilities.UtilityCustomFunctions - Actual:Alice@rsoft.in
16:55:39.164 [main] INFO  utilities.UtilityCustomFunctions - Expected:Alice@rsoft.in
16:55:39.164 [main] INFO  utilities.UtilityCustomFunctions - Message:Email
16:55:40.429 [main] INFO  utilities.UtilityCustomFunctions - Actual:Welcome to Automation World...!
16:55:40.429 [main] INFO  utilities.UtilityCustomFunctions - Expected:Welcome to Automation World...!
16:55:40.429 [main] INFO  utilities.UtilityCustomFunctions - Message:Text
16:55:41.663 [main] INFO  utilities.UtilityCustomFunctions - Actual:two
16:55:41.663 [main] INFO  utilities.UtilityCustomFunctions - Expected:two
16:55:41.663 [main] INFO  utilities.UtilityCustomFunctions - Message:MultiSelect
16:55:42.946 [main] INFO  utilities.UtilityCustomFunctions - Actual:Tamilnadu
16:55:42.946 [main] INFO  utilities.UtilityCustomFunctions - Expected:Tamilnadu
16:55:42.946 [main] INFO  utilities.UtilityCustomFunctions - Message:MultiChoice State
16:55:59.507 [main] INFO  utilities.UtilityCustomFunctions - Actual:Stephanie Jordan
16:55:59.507 [main] INFO  utilities.UtilityCustomFunctions - Expected:Stephanie Jordan
16:55:59.507 [main] INFO  utilities.UtilityCustomFunctions - Message:AssignedTo Value
16:56:00.772 [main] INFO  utilities.UtilityCustomFunctions - Actual:+91
16:56:00.772 [main] INFO  utilities.UtilityCustomFunctions - Expected:+91
16:56:00.772 [main] INFO  utilities.UtilityCustomFunctions - Message:Mobile Number Prefix
16:56:02.013 [main] INFO  utilities.UtilityCustomFunctions - Actual:9840083888
16:56:02.013 [main] INFO  utilities.UtilityCustomFunctions - Expected:9840083888
16:56:02.013 [main] INFO  utilities.UtilityCustomFunctions - Message:Mobile Number
16:56:03.294 [main] INFO  utilities.UtilityCustomFunctions - Actual:Testing@rsoft.in
16:56:03.294 [main] INFO  utilities.UtilityCustomFunctions - Expected:Testing@rsoft.in
16:56:03.294 [main] INFO  utilities.UtilityCustomFunctions - Message:Email
16:56:04.530 [main] INFO  utilities.UtilityCustomFunctions - Actual:Testing
16:56:04.530 [main] INFO  utilities.UtilityCustomFunctions - Expected:Testing
16:56:04.530 [main] INFO  utilities.UtilityCustomFunctions - Message:Text
16:56:05.785 [main] INFO  utilities.UtilityCustomFunctions - Actual:three
16:56:05.785 [main] INFO  utilities.UtilityCustomFunctions - Expected:three
16:56:05.785 [main] INFO  utilities.UtilityCustomFunctions - Message:MultiSelect
16:56:07.029 [main] INFO  utilities.UtilityCustomFunctions - Actual:Tamilnadu
16:56:07.029 [main] INFO  utilities.UtilityCustomFunctions - Expected:Tamilnadu
16:56:07.029 [main] INFO  utilities.UtilityCustomFunctions - Message:MultiChoice State
16:56:22.290 [main] INFO  utilities.UtilityCustomFunctions - Actual:Sharon Bryan
16:56:22.290 [main] INFO  utilities.UtilityCustomFunctions - Expected:Sharon Bryan
16:56:22.290 [main] INFO  utilities.UtilityCustomFunctions - Message:AssignedTo Value
16:56:23.544 [main] INFO  utilities.UtilityCustomFunctions - Actual:+91
16:56:23.544 [main] INFO  utilities.UtilityCustomFunctions - Expected:+91
16:56:23.544 [main] INFO  utilities.UtilityCustomFunctions - Message:Mobile Number Prefix
16:56:24.779 [main] INFO  utilities.UtilityCustomFunctions - Actual:9840023276
16:56:24.779 [main] INFO  utilities.UtilityCustomFunctions - Expected:9840023276
16:56:24.779 [main] INFO  utilities.UtilityCustomFunctions - Message:Mobile Number
16:56:26.014 [main] INFO  utilities.UtilityCustomFunctions - Actual:Danielle@rsoft.in
16:56:26.014 [main] INFO  utilities.UtilityCustomFunctions - Expected:Danielle@rsoft.in
16:56:26.014 [main] INFO  utilities.UtilityCustomFunctions - Message:Email
16:56:27.213 [main] INFO  utilities.UtilityCustomFunctions - Actual:Welcome to Automation World...!
16:56:27.213 [main] INFO  utilities.UtilityCustomFunctions - Expected:Welcome to Automation World...!
16:56:27.213 [main] INFO  utilities.UtilityCustomFunctions - Message:Text
16:56:28.430 [main] INFO  utilities.UtilityCustomFunctions - Actual:four
16:56:28.430 [main] INFO  utilities.UtilityCustomFunctions - Expected:four
16:56:28.430 [main] INFO  utilities.UtilityCustomFunctions - Message:MultiSelect
16:56:29.646 [main] INFO  utilities.UtilityCustomFunctions - Actual:Tamilnadu
16:56:29.646 [main] INFO  utilities.UtilityCustomFunctions - Expected:Tamilnadu
16:56:29.646 [main] INFO  utilities.UtilityCustomFunctions - Message:MultiChoice State
16:56:39.545 [main] INFO  utilities.UtilityCustomFunctions - Actual:Total Validation Count21
16:56:39.546 [main] INFO  utilities.UtilityCustomFunctions - Expected:Total Validation Count21
16:56:39.546 [main] INFO  utilities.UtilityCustomFunctions - Message:pass
17:04:41.664 [main] INFO  testCases.WebForms.TC032_WF_RRYN_OneN_TwoYN - Test Execution on Browser: chrome
17:04:41.793 [main] INFO  testCases.WebForms.TC032_WF_RRYN_OneN_TwoYN - Excel file Utility instance created
17:04:43.682 [main] INFO  testCases.WebForms.TC032_WF_RRYN_OneN_TwoYN - Row Count is: 17
17:04:43.898 [main] INFO  testCases.WebForms.TC032_WF_RRYN_OneN_TwoYN - Col Count is: 15
17:04:51.003 [main] INFO  utilities.UtilityCustomFunctions - PRIYAN entered in  input
17:04:53.014 [main] INFO  utilities.UtilityCustomFunctions - rsoft entered in  input
17:04:54.869 [main] INFO  utilities.UtilityCustomFunctions - RSoft!@345 entered in  input
17:05:05.502 [main] INFO  testCases.WebForms.TC032_WF_RRYN_OneN_TwoYN - Clicked Avatar
17:05:09.649 [main] INFO  testCases.WebForms.TC032_WF_RRYN_OneN_TwoYN - Clicked Menu CRM Setting
17:05:11.939 [main] INFO  testCases.WebForms.TC032_WF_RRYN_OneN_TwoYN - Clicked Menu User Access Control
17:05:16.298 [main] INFO  testCases.WebForms.TC032_WF_RRYN_OneN_TwoYN - Clicked Avatar
17:05:20.034 [main] INFO  testCases.WebForms.TC032_WF_RRYN_OneN_TwoYN - Clicked Menu CRM Setting
17:05:20.184 [main] INFO  testCases.WebForms.TC032_WF_RRYN_OneN_TwoYN - Clicked Integration
17:05:32.709 [main] INFO  testCases.WebForms.TC032_WF_RRYN_OneN_TwoYN - [ETNotification Webform] is selected in List
17:06:24.396 [main] INFO  utilities.UtilityCustomFunctions - Actual:Lisa Noah
17:06:24.396 [main] INFO  utilities.UtilityCustomFunctions - Expected:Sandra
17:06:24.396 [main] INFO  utilities.UtilityCustomFunctions - Message:AssignedTo Value
17:06:25.684 [main] INFO  utilities.UtilityCustomFunctions - Actual:+91
17:06:25.684 [main] INFO  utilities.UtilityCustomFunctions - Expected:+91
17:06:25.684 [main] INFO  utilities.UtilityCustomFunctions - Message:Mobile Number Prefix
17:06:26.904 [main] INFO  utilities.UtilityCustomFunctions - Actual:9840085088
17:06:26.904 [main] INFO  utilities.UtilityCustomFunctions - Expected:9840085088
17:06:26.904 [main] INFO  utilities.UtilityCustomFunctions - Message:Mobile Number
17:06:28.136 [main] INFO  utilities.UtilityCustomFunctions - Actual:Grace@rsoft.in
17:06:28.136 [main] INFO  utilities.UtilityCustomFunctions - Expected:Grace@rsoft.in
17:06:28.136 [main] INFO  utilities.UtilityCustomFunctions - Message:Email
17:06:29.366 [main] INFO  utilities.UtilityCustomFunctions - Actual:Welcome to Automation World...!
17:06:29.366 [main] INFO  utilities.UtilityCustomFunctions - Expected:Welcome to Automation World...!
17:06:29.366 [main] INFO  utilities.UtilityCustomFunctions - Message:Text
17:06:30.603 [main] INFO  utilities.UtilityCustomFunctions - Actual:one
17:06:30.603 [main] INFO  utilities.UtilityCustomFunctions - Expected:one
17:06:30.603 [main] INFO  utilities.UtilityCustomFunctions - Message:MultiSelect
17:06:31.900 [main] INFO  utilities.UtilityCustomFunctions - Actual:Bihar
17:06:31.900 [main] INFO  utilities.UtilityCustomFunctions - Expected:Bihar
17:06:31.900 [main] INFO  utilities.UtilityCustomFunctions - Message:MultiChoice State
17:06:49.084 [main] INFO  utilities.UtilityCustomFunctions - Actual:Sandra Jeremy
17:06:49.084 [main] INFO  utilities.UtilityCustomFunctions - Expected:Lisa
17:06:49.084 [main] INFO  utilities.UtilityCustomFunctions - Message:AssignedTo Value
17:06:50.351 [main] INFO  utilities.UtilityCustomFunctions - Actual:+91
17:06:50.351 [main] INFO  utilities.UtilityCustomFunctions - Expected:+91
17:06:50.351 [main] INFO  utilities.UtilityCustomFunctions - Message:Mobile Number Prefix
17:06:51.586 [main] INFO  utilities.UtilityCustomFunctions - Actual:9840006937
17:06:51.586 [main] INFO  utilities.UtilityCustomFunctions - Expected:9840006937
17:06:51.586 [main] INFO  utilities.UtilityCustomFunctions - Message:Mobile Number
17:06:52.819 [main] INFO  utilities.UtilityCustomFunctions - Actual:Frances@rsoft.in
17:06:52.819 [main] INFO  utilities.UtilityCustomFunctions - Expected:Frances@rsoft.in
17:06:52.819 [main] INFO  utilities.UtilityCustomFunctions - Message:Email
17:06:54.085 [main] INFO  utilities.UtilityCustomFunctions - Actual:Welcome to Automation World...!
17:06:54.085 [main] INFO  utilities.UtilityCustomFunctions - Expected:Welcome to Automation World...!
17:06:54.085 [main] INFO  utilities.UtilityCustomFunctions - Message:Text
17:06:55.319 [main] INFO  utilities.UtilityCustomFunctions - Actual:one
17:06:55.319 [main] INFO  utilities.UtilityCustomFunctions - Expected:one
17:06:55.319 [main] INFO  utilities.UtilityCustomFunctions - Message:MultiSelect
17:06:56.757 [main] INFO  utilities.UtilityCustomFunctions - Actual:Delhi
17:06:56.757 [main] INFO  utilities.UtilityCustomFunctions - Expected:Delhi
17:06:56.757 [main] INFO  utilities.UtilityCustomFunctions - Message:MultiChoice State
17:07:13.597 [main] INFO  utilities.UtilityCustomFunctions - Actual:Lisa Noah
17:07:13.597 [main] INFO  utilities.UtilityCustomFunctions - Expected:Sandra
17:07:13.597 [main] INFO  utilities.UtilityCustomFunctions - Message:AssignedTo Value
17:07:14.851 [main] INFO  utilities.UtilityCustomFunctions - Actual:+91
17:07:14.851 [main] INFO  utilities.UtilityCustomFunctions - Expected:+91
17:07:14.851 [main] INFO  utilities.UtilityCustomFunctions - Message:Mobile Number Prefix
17:07:16.143 [main] INFO  utilities.UtilityCustomFunctions - Actual:9840058109
17:07:16.143 [main] INFO  utilities.UtilityCustomFunctions - Expected:9840058109
17:07:16.143 [main] INFO  utilities.UtilityCustomFunctions - Message:Mobile Number
17:07:17.353 [main] INFO  utilities.UtilityCustomFunctions - Actual:Marilyn@rsoft.in
17:07:17.353 [main] INFO  utilities.UtilityCustomFunctions - Expected:Marilyn@rsoft.in
17:07:17.353 [main] INFO  utilities.UtilityCustomFunctions - Message:Email
17:07:18.570 [main] INFO  utilities.UtilityCustomFunctions - Actual:Welcome to Automation World...!
17:07:18.570 [main] INFO  utilities.UtilityCustomFunctions - Expected:Welcome to Automation World...!
17:07:18.570 [main] INFO  utilities.UtilityCustomFunctions - Message:Text
17:07:19.818 [main] INFO  utilities.UtilityCustomFunctions - Actual:one
17:07:19.818 [main] INFO  utilities.UtilityCustomFunctions - Expected:one
17:07:19.818 [main] INFO  utilities.UtilityCustomFunctions - Message:MultiSelect
17:07:21.084 [main] INFO  utilities.UtilityCustomFunctions - Actual:Delhi
17:07:21.084 [main] INFO  utilities.UtilityCustomFunctions - Expected:Delhi
17:07:21.084 [main] INFO  utilities.UtilityCustomFunctions - Message:MultiChoice State
17:07:38.128 [main] INFO  utilities.UtilityCustomFunctions - Actual:Sandra Jeremy
17:07:38.129 [main] INFO  utilities.UtilityCustomFunctions - Expected:Lisa
17:07:38.129 [main] INFO  utilities.UtilityCustomFunctions - Message:AssignedTo Value
17:07:39.385 [main] INFO  utilities.UtilityCustomFunctions - Actual:+91
17:07:39.385 [main] INFO  utilities.UtilityCustomFunctions - Expected:+91
17:07:39.385 [main] INFO  utilities.UtilityCustomFunctions - Message:Mobile Number Prefix
17:07:40.685 [main] INFO  utilities.UtilityCustomFunctions - Actual:9840043673
17:07:40.685 [main] INFO  utilities.UtilityCustomFunctions - Expected:9840043673
17:07:40.685 [main] INFO  utilities.UtilityCustomFunctions - Message:Mobile Number
17:07:41.918 [main] INFO  utilities.UtilityCustomFunctions - Actual:Kayla@rsoft.in
17:07:41.918 [main] INFO  utilities.UtilityCustomFunctions - Expected:Kayla@rsoft.in
17:07:41.918 [main] INFO  utilities.UtilityCustomFunctions - Message:Email
17:07:43.136 [main] INFO  utilities.UtilityCustomFunctions - Actual:Welcome to Automation World...!
17:07:43.136 [main] INFO  utilities.UtilityCustomFunctions - Expected:Welcome to Automation World...!
17:07:43.136 [main] INFO  utilities.UtilityCustomFunctions - Message:Text
17:07:44.369 [main] INFO  utilities.UtilityCustomFunctions - Actual:one
17:07:44.369 [main] INFO  utilities.UtilityCustomFunctions - Expected:one
17:07:44.369 [main] INFO  utilities.UtilityCustomFunctions - Message:MultiSelect
17:07:45.602 [main] INFO  utilities.UtilityCustomFunctions - Actual:Tamilnadu
17:07:45.602 [main] INFO  utilities.UtilityCustomFunctions - Expected:Tamilnadu
17:07:45.602 [main] INFO  utilities.UtilityCustomFunctions - Message:MultiChoice State
17:07:47.086 [main] INFO  utilities.UtilityCustomFunctions - Actual:Total Validation Count28
17:07:47.086 [main] INFO  utilities.UtilityCustomFunctions - Expected:Total Validation Count28
17:07:47.086 [main] INFO  utilities.UtilityCustomFunctions - Message:pass
17:12:02.614 [main] INFO  testCases.WebForms.TC032_WF_RRYN_OneN_TwoYN - Test Execution on Browser: chrome
17:12:02.717 [main] INFO  testCases.WebForms.TC032_WF_RRYN_OneN_TwoYN - Excel file Utility instance created
17:12:04.373 [main] INFO  testCases.WebForms.TC032_WF_RRYN_OneN_TwoYN - Row Count is: 17
17:12:04.484 [main] INFO  testCases.WebForms.TC032_WF_RRYN_OneN_TwoYN - Col Count is: 15
17:12:11.928 [main] INFO  utilities.UtilityCustomFunctions - PRIYAN entered in  input
17:12:13.891 [main] INFO  utilities.UtilityCustomFunctions - rsoft entered in  input
17:12:15.755 [main] INFO  utilities.UtilityCustomFunctions - RSoft!@345 entered in  input
17:12:27.570 [main] INFO  testCases.WebForms.TC032_WF_RRYN_OneN_TwoYN - Clicked Avatar
17:12:31.702 [main] INFO  testCases.WebForms.TC032_WF_RRYN_OneN_TwoYN - Clicked Menu CRM Setting
17:12:33.916 [main] INFO  testCases.WebForms.TC032_WF_RRYN_OneN_TwoYN - Clicked Menu User Access Control
17:12:38.339 [main] INFO  testCases.WebForms.TC032_WF_RRYN_OneN_TwoYN - Clicked Avatar
17:12:42.202 [main] INFO  testCases.WebForms.TC032_WF_RRYN_OneN_TwoYN - Clicked Menu CRM Setting
17:12:42.332 [main] INFO  testCases.WebForms.TC032_WF_RRYN_OneN_TwoYN - Clicked Integration
17:12:54.890 [main] INFO  testCases.WebForms.TC032_WF_RRYN_OneN_TwoYN - [ETNotification Webform] is selected in List
17:13:50.442 [main] INFO  utilities.UtilityCustomFunctions - Actual:Lisa Noah
17:13:50.443 [main] INFO  utilities.UtilityCustomFunctions - Expected:Sandra
17:13:50.443 [main] INFO  utilities.UtilityCustomFunctions - Message:AssignedTo Value
17:13:51.683 [main] INFO  utilities.UtilityCustomFunctions - Actual:+91
17:13:51.683 [main] INFO  utilities.UtilityCustomFunctions - Expected:+91
17:13:51.683 [main] INFO  utilities.UtilityCustomFunctions - Message:Mobile Number Prefix
17:13:52.928 [main] INFO  utilities.UtilityCustomFunctions - Actual:9840060158
17:13:52.928 [main] INFO  utilities.UtilityCustomFunctions - Expected:9840060158
17:13:52.928 [main] INFO  utilities.UtilityCustomFunctions - Message:Mobile Number
17:13:54.130 [main] INFO  utilities.UtilityCustomFunctions - Actual:Grace@rsoft.in
17:13:54.130 [main] INFO  utilities.UtilityCustomFunctions - Expected:Grace@rsoft.in
17:13:54.130 [main] INFO  utilities.UtilityCustomFunctions - Message:Email
17:13:55.363 [main] INFO  utilities.UtilityCustomFunctions - Actual:Welcome to Automation World...!
17:13:55.363 [main] INFO  utilities.UtilityCustomFunctions - Expected:Welcome to Automation World...!
17:13:55.363 [main] INFO  utilities.UtilityCustomFunctions - Message:Text
17:13:56.644 [main] INFO  utilities.UtilityCustomFunctions - Actual:one
17:13:56.644 [main] INFO  utilities.UtilityCustomFunctions - Expected:one
17:13:56.644 [main] INFO  utilities.UtilityCustomFunctions - Message:MultiSelect
