14:23:54.584 [main] INFO  testCases.TC002_WF2_Only_On_First_Save - Extracting DataSheet Values started...
14:24:09.835 [main] INFO  testCases.TC002_WF2_Only_On_First_Save - [Sudhakar VE] is selected in List
14:24:10.441 [main] INFO  testCases.TC002_WF2_Only_On_First_Save - Welcome to automation world entered in  input
14:24:11.961 [main] INFO  testCases.TC002_WF2_Only_On_First_Save - 3333333333 entered in  input
14:24:13.554 [main] INFO  testCases.TC002_WF2_Only_On_First_Save - sudhakar@rsoft.in entered in  input
14:24:17.939 [main] INFO  testCases.TC002_WF2_Only_On_First_Save - [3] is selected in List
14:24:27.766 [main] INFO  testCases.TC002_WF2_Only_On_First_Save -  Item selected in Multi combox Box: [[ChromeDriver: chrome on windows (dc5226b6c92c176352ac92e512c7865c)] -> xpath: //li[@role='treeitem']]
14:24:38.553 [main] INFO  testCases.TC002_WF2_Only_On_First_Save -  Item selected in Multi combox Box: [[ChromeDriver: chrome on windows (dc5226b6c92c176352ac92e512c7865c)] -> xpath: //li[@role='treeitem']]
14:24:46.331 [main] INFO  testCases.TC002_WF2_Only_On_First_Save - [Kanchipuram] is selected in List
14:24:51.718 [main] INFO  testCases.TC002_WF2_Only_On_First_Save - [Tamilnadu] is selected in List
14:24:56.253 [main] INFO  testCases.TC002_WF2_Only_On_First_Save - [India] is selected in List
14:37:41.222 [main] INFO  testCases.TC002_WF2_Only_On_First_Save - ******starting WF2_Only_On_First_Save ****
14:37:41.226 [main] INFO  testCases.TC002_WF2_Only_On_First_Save - Test Execution on Browser: chrome
14:37:41.228 [main] INFO  testCases.TC002_WF2_Only_On_First_Save - Excel file Utility instance created
14:37:42.381 [main] INFO  testCases.TC002_WF2_Only_On_First_Save - Row Count is: 1
14:37:42.478 [main] INFO  testCases.TC002_WF2_Only_On_First_Save - Col Count is: 34
14:37:42.479 [main] INFO  testCases.TC002_WF2_Only_On_First_Save - Extracting DataSheet Values started...
14:37:47.264 [main] INFO  testCases.TC002_WF2_Only_On_First_Save - PRIYAN entered in  input
14:37:47.660 [main] INFO  testCases.TC002_WF2_Only_On_First_Save - rsoft entered in  input
14:37:48.086 [main] INFO  testCases.TC002_WF2_Only_On_First_Save - RSoft!@345 entered in  input
14:38:19.242 [main] INFO  testCases.TC002_WF2_Only_On_First_Save - [CRMModOnlyonFirstSave] is selected in List
14:38:24.932 [main] INFO  testCases.TC002_WF2_Only_On_First_Save - Excel file Utility instance created
14:38:24.958 [main] INFO  testCases.TC002_WF2_Only_On_First_Save - Row Count is: 1
14:38:24.996 [main] INFO  testCases.TC002_WF2_Only_On_First_Save - Col Count is: 34
14:38:24.996 [main] INFO  testCases.TC002_WF2_Only_On_First_Save - Extracting DataSheet Values started...
14:38:40.790 [main] INFO  testCases.TC002_WF2_Only_On_First_Save - [Sudhakar VE] is selected in List
14:38:41.442 [main] INFO  testCases.TC002_WF2_Only_On_First_Save - Welcome to automation world entered in  input
14:38:42.944 [main] INFO  testCases.TC002_WF2_Only_On_First_Save - 3333333333 entered in  input
14:38:44.634 [main] INFO  testCases.TC002_WF2_Only_On_First_Save - sudhakar@rsoft.in entered in  input
14:38:49.128 [main] INFO  testCases.TC002_WF2_Only_On_First_Save - [3] is selected in List
14:38:58.919 [main] INFO  testCases.TC002_WF2_Only_On_First_Save -  Item selected in Multi combox Box: [[ChromeDriver: chrome on windows (809261ff962e2ad4fbc92c2694756fa4)] -> xpath: //li[@role='treeitem']]
14:39:09.733 [main] INFO  testCases.TC002_WF2_Only_On_First_Save -  Item selected in Multi combox Box: [[ChromeDriver: chrome on windows (809261ff962e2ad4fbc92c2694756fa4)] -> xpath: //li[@role='treeitem']]
14:39:17.568 [main] INFO  testCases.TC002_WF2_Only_On_First_Save - [Kanchipuram] is selected in List
14:39:22.896 [main] INFO  testCases.TC002_WF2_Only_On_First_Save - [Tamilnadu] is selected in List
14:39:27.407 [main] INFO  testCases.TC002_WF2_Only_On_First_Save - [India] is selected in List
14:41:38.002 [main] INFO  testCases.TC002_WF2_Only_On_First_Save - ******starting WF2_Only_On_First_Save ****
14:41:38.010 [main] INFO  testCases.TC002_WF2_Only_On_First_Save - Test Execution on Browser: chrome
14:41:38.013 [main] INFO  testCases.TC002_WF2_Only_On_First_Save - Excel file Utility instance created
14:41:39.186 [main] INFO  testCases.TC002_WF2_Only_On_First_Save - Row Count is: 1
14:41:39.299 [main] INFO  testCases.TC002_WF2_Only_On_First_Save - Col Count is: 34
14:41:39.302 [main] INFO  testCases.TC002_WF2_Only_On_First_Save - Extracting DataSheet Values started...
14:41:43.966 [main] INFO  testCases.TC002_WF2_Only_On_First_Save - PRIYAN entered in  input
14:41:44.405 [main] INFO  testCases.TC002_WF2_Only_On_First_Save - rsoft entered in  input
14:41:44.861 [main] INFO  testCases.TC002_WF2_Only_On_First_Save - RSoft!@345 entered in  input
14:42:12.625 [main] INFO  testCases.TC002_WF2_Only_On_First_Save - [CRMModOnlyonFirstSave] is selected in List
14:42:18.038 [main] INFO  testCases.TC002_WF2_Only_On_First_Save - Excel file Utility instance created
14:42:18.088 [main] INFO  testCases.TC002_WF2_Only_On_First_Save - Row Count is: 1
14:42:18.122 [main] INFO  testCases.TC002_WF2_Only_On_First_Save - Col Count is: 34
14:42:18.123 [main] INFO  testCases.TC002_WF2_Only_On_First_Save - Extracting DataSheet Values started...
14:42:33.399 [main] INFO  testCases.TC002_WF2_Only_On_First_Save - [Sudhakar VE] is selected in List
14:42:34.100 [main] INFO  testCases.TC002_WF2_Only_On_First_Save - Welcome to automation world entered in  input
14:42:35.607 [main] INFO  testCases.TC002_WF2_Only_On_First_Save - 3333333333 entered in  input
14:42:37.264 [main] INFO  testCases.TC002_WF2_Only_On_First_Save - sudhakar@rsoft.in entered in  input
14:42:41.713 [main] INFO  testCases.TC002_WF2_Only_On_First_Save - [3] is selected in List
14:42:51.510 [main] INFO  testCases.TC002_WF2_Only_On_First_Save -  Item selected in Multi combox Box: [[ChromeDriver: chrome on windows (36062085bbcd9f2c8257eee810528ad3)] -> xpath: //li[@role='treeitem']]
14:43:02.227 [main] INFO  testCases.TC002_WF2_Only_On_First_Save -  Item selected in Multi combox Box: [[ChromeDriver: chrome on windows (36062085bbcd9f2c8257eee810528ad3)] -> xpath: //li[@role='treeitem']]
14:43:10.155 [main] INFO  testCases.TC002_WF2_Only_On_First_Save - [Kanchipuram] is selected in List
14:43:15.468 [main] INFO  testCases.TC002_WF2_Only_On_First_Save - [Tamilnadu] is selected in List
14:43:20.127 [main] INFO  testCases.TC002_WF2_Only_On_First_Save - [India] is selected in List
14:44:25.770 [main] INFO  testCases.TC002_WF2_Only_On_First_Save - ******starting WF2_Only_On_First_Save ****
14:44:25.779 [main] INFO  testCases.TC002_WF2_Only_On_First_Save - Test Execution on Browser: chrome
14:44:25.781 [main] INFO  testCases.TC002_WF2_Only_On_First_Save - Excel file Utility instance created
14:44:26.966 [main] INFO  testCases.TC002_WF2_Only_On_First_Save - Row Count is: 1
14:44:27.062 [main] INFO  testCases.TC002_WF2_Only_On_First_Save - Col Count is: 34
14:44:27.063 [main] INFO  testCases.TC002_WF2_Only_On_First_Save - Extracting DataSheet Values started...
14:44:31.725 [main] INFO  testCases.TC002_WF2_Only_On_First_Save - PRIYAN entered in  input
14:44:32.183 [main] INFO  testCases.TC002_WF2_Only_On_First_Save - rsoft entered in  input
14:44:32.630 [main] INFO  testCases.TC002_WF2_Only_On_First_Save - RSoft!@345 entered in  input
14:45:00.719 [main] INFO  testCases.TC002_WF2_Only_On_First_Save - [CRMModOnlyonFirstSave] is selected in List
14:45:06.779 [main] INFO  testCases.TC002_WF2_Only_On_First_Save - Excel file Utility instance created
14:45:06.843 [main] INFO  testCases.TC002_WF2_Only_On_First_Save - Row Count is: 1
14:45:06.898 [main] INFO  testCases.TC002_WF2_Only_On_First_Save - Col Count is: 34
14:45:06.898 [main] INFO  testCases.TC002_WF2_Only_On_First_Save - Extracting DataSheet Values started...
14:45:22.194 [main] INFO  testCases.TC002_WF2_Only_On_First_Save - [Sudhakar VE] is selected in List
14:45:22.786 [main] INFO  testCases.TC002_WF2_Only_On_First_Save - Welcome to automation world entered in  input
14:45:24.311 [main] INFO  testCases.TC002_WF2_Only_On_First_Save - 3333333333 entered in  input
14:45:25.923 [main] INFO  testCases.TC002_WF2_Only_On_First_Save - sudhakar@rsoft.in entered in  input
14:45:30.418 [main] INFO  testCases.TC002_WF2_Only_On_First_Save - [3] is selected in List
14:45:40.215 [main] INFO  testCases.TC002_WF2_Only_On_First_Save -  Item selected in Multi combox Box: [[ChromeDriver: chrome on windows (d7bc5209bd521cc035ce7a970d77c2e0)] -> xpath: //li[@role='treeitem']]
14:45:50.929 [main] INFO  testCases.TC002_WF2_Only_On_First_Save -  Item selected in Multi combox Box: [[ChromeDriver: chrome on windows (d7bc5209bd521cc035ce7a970d77c2e0)] -> xpath: //li[@role='treeitem']]
14:45:58.744 [main] INFO  testCases.TC002_WF2_Only_On_First_Save - [Kanchipuram] is selected in List
14:46:04.160 [main] INFO  testCases.TC002_WF2_Only_On_First_Save - [Tamilnadu] is selected in List
14:46:08.710 [main] INFO  testCases.TC002_WF2_Only_On_First_Save - [India] is selected in List
14:56:13.828 [main] INFO  testCases.TC002_WF2_Only_On_First_Save - ******starting WF2_Only_On_First_Save ****
14:56:13.833 [main] INFO  testCases.TC002_WF2_Only_On_First_Save - Test Execution on Browser: chrome
14:56:13.835 [main] INFO  testCases.TC002_WF2_Only_On_First_Save - Excel file Utility instance created
14:56:15.048 [main] INFO  testCases.TC002_WF2_Only_On_First_Save - Row Count is: 1
14:56:15.130 [main] INFO  testCases.TC002_WF2_Only_On_First_Save - Col Count is: 34
14:56:15.130 [main] INFO  testCases.TC002_WF2_Only_On_First_Save - Extracting DataSheet Values started...
14:56:19.838 [main] INFO  testCases.TC002_WF2_Only_On_First_Save - PRIYAN entered in  input
14:56:20.223 [main] INFO  testCases.TC002_WF2_Only_On_First_Save - rsoft entered in  input
14:56:20.646 [main] INFO  testCases.TC002_WF2_Only_On_First_Save - RSoft!@345 entered in  input
14:57:00.086 [main] INFO  testCases.TC002_WF2_Only_On_First_Save - [CRMModOnlyonFirstSave] is selected in List
14:57:09.216 [main] INFO  testCases.TC002_WF2_Only_On_First_Save - Excel file Utility instance created
14:57:09.254 [main] INFO  testCases.TC002_WF2_Only_On_First_Save - Row Count is: 1
14:57:09.287 [main] INFO  testCases.TC002_WF2_Only_On_First_Save - Col Count is: 34
14:57:09.287 [main] INFO  testCases.TC002_WF2_Only_On_First_Save - Extracting DataSheet Values started...
14:59:44.670 [main] INFO  testCases.TC002_WF2_Only_On_First_Save - ******starting WF2_Only_On_First_Save ****
14:59:44.677 [main] INFO  testCases.TC002_WF2_Only_On_First_Save - Test Execution on Browser: chrome
14:59:44.679 [main] INFO  testCases.TC002_WF2_Only_On_First_Save - Excel file Utility instance created
14:59:45.881 [main] INFO  testCases.TC002_WF2_Only_On_First_Save - Row Count is: 1
14:59:45.977 [main] INFO  testCases.TC002_WF2_Only_On_First_Save - Col Count is: 34
14:59:45.978 [main] INFO  testCases.TC002_WF2_Only_On_First_Save - Extracting DataSheet Values started...
14:59:52.521 [main] INFO  testCases.TC002_WF2_Only_On_First_Save - PRIYAN entered in  input
14:59:52.977 [main] INFO  testCases.TC002_WF2_Only_On_First_Save - rsoft entered in  input
14:59:53.484 [main] INFO  testCases.TC002_WF2_Only_On_First_Save - RSoft!@345 entered in  input
15:00:58.992 [main] INFO  testCases.TC002_WF2_Only_On_First_Save - [CRMModOnlyonFirstSave] is selected in List
15:01:12.253 [main] INFO  testCases.TC002_WF2_Only_On_First_Save - Excel file Utility instance created
15:01:12.282 [main] INFO  testCases.TC002_WF2_Only_On_First_Save - Row Count is: 1
15:01:12.321 [main] INFO  testCases.TC002_WF2_Only_On_First_Save - Col Count is: 34
15:01:12.321 [main] INFO  testCases.TC002_WF2_Only_On_First_Save - Extracting DataSheet Values started...
15:02:57.369 [main] INFO  testCases.TC002_WF2_Only_On_First_Save - ******starting WF2_Only_On_First_Save ****
15:02:57.375 [main] INFO  testCases.TC002_WF2_Only_On_First_Save - Test Execution on Browser: chrome
15:02:57.377 [main] INFO  testCases.TC002_WF2_Only_On_First_Save - Excel file Utility instance created
15:02:58.550 [main] INFO  testCases.TC002_WF2_Only_On_First_Save - Row Count is: 1
15:02:58.642 [main] INFO  testCases.TC002_WF2_Only_On_First_Save - Col Count is: 34
15:02:58.643 [main] INFO  testCases.TC002_WF2_Only_On_First_Save - Extracting DataSheet Values started...
15:03:03.207 [main] INFO  testCases.TC002_WF2_Only_On_First_Save - PRIYAN entered in  input
15:03:03.651 [main] INFO  testCases.TC002_WF2_Only_On_First_Save - rsoft entered in  input
15:03:04.081 [main] INFO  testCases.TC002_WF2_Only_On_First_Save - RSoft!@345 entered in  input
15:03:33.223 [main] INFO  testCases.TC002_WF2_Only_On_First_Save - [CRMModOnlyonFirstSave] is selected in List
15:03:38.766 [main] INFO  testCases.TC002_WF2_Only_On_First_Save - Excel file Utility instance created
15:03:38.816 [main] INFO  testCases.TC002_WF2_Only_On_First_Save - Row Count is: 1
15:03:38.858 [main] INFO  testCases.TC002_WF2_Only_On_First_Save - Col Count is: 34
15:03:38.858 [main] INFO  testCases.TC002_WF2_Only_On_First_Save - Extracting DataSheet Values started...
15:03:53.875 [main] INFO  testCases.TC002_WF2_Only_On_First_Save - [Sudhakar VE] is selected in List
15:03:54.466 [main] INFO  testCases.TC002_WF2_Only_On_First_Save - Welcome to automation world entered in  input
15:03:55.932 [main] INFO  testCases.TC002_WF2_Only_On_First_Save - 3333333333 entered in  input
15:03:57.563 [main] INFO  testCases.TC002_WF2_Only_On_First_Save - sudhakar@rsoft.in entered in  input
15:04:02.015 [main] INFO  testCases.TC002_WF2_Only_On_First_Save - [3] is selected in List
15:04:11.799 [main] INFO  testCases.TC002_WF2_Only_On_First_Save -  Item selected in Multi combox Box: [[ChromeDriver: chrome on windows (620fd037d024384accb4df5c915e6544)] -> xpath: //li[@role='treeitem']]
15:04:22.568 [main] INFO  testCases.TC002_WF2_Only_On_First_Save -  Item selected in Multi combox Box: [[ChromeDriver: chrome on windows (620fd037d024384accb4df5c915e6544)] -> xpath: //li[@role='treeitem']]
15:04:30.374 [main] INFO  testCases.TC002_WF2_Only_On_First_Save - [Kanchipuram] is selected in List
15:04:35.767 [main] INFO  testCases.TC002_WF2_Only_On_First_Save - [Tamilnadu] is selected in List
15:04:40.334 [main] INFO  testCases.TC002_WF2_Only_On_First_Save - [India] is selected in List
15:27:28.684 [main] INFO  testCases.TC002_WF2_Only_On_First_Save - ******starting WF2_Only_On_First_Save ****
15:27:28.695 [main] INFO  testCases.TC002_WF2_Only_On_First_Save - Test Execution on Browser: chrome
15:27:28.700 [main] INFO  testCases.TC002_WF2_Only_On_First_Save - Excel file Utility instance created
15:27:29.973 [main] INFO  testCases.TC002_WF2_Only_On_First_Save - Row Count is: 1
15:27:30.082 [main] INFO  testCases.TC002_WF2_Only_On_First_Save - Col Count is: 34
15:27:30.082 [main] INFO  testCases.TC002_WF2_Only_On_First_Save - Extracting DataSheet Values started...
15:27:34.669 [main] INFO  testCases.TC002_WF2_Only_On_First_Save - PRIYAN entered in  input
15:27:35.057 [main] INFO  testCases.TC002_WF2_Only_On_First_Save - rsoft entered in  input
15:27:35.486 [main] INFO  testCases.TC002_WF2_Only_On_First_Save - RSoft!@345 entered in  input
15:28:05.166 [main] INFO  testCases.TC002_WF2_Only_On_First_Save - [CRMModOnlyonFirstSave] is selected in List
15:28:10.754 [main] INFO  testCases.TC002_WF2_Only_On_First_Save - Excel file Utility instance created
15:28:10.806 [main] INFO  testCases.TC002_WF2_Only_On_First_Save - Row Count is: 1
15:28:10.888 [main] INFO  testCases.TC002_WF2_Only_On_First_Save - Col Count is: 34
15:28:10.888 [main] INFO  testCases.TC002_WF2_Only_On_First_Save - Extracting DataSheet Values started...
15:28:26.135 [main] INFO  testCases.TC002_WF2_Only_On_First_Save - [Sudhakar VE] is selected in List
15:28:26.779 [main] INFO  testCases.TC002_WF2_Only_On_First_Save - Welcome to automation world entered in  input
15:28:28.299 [main] INFO  testCases.TC002_WF2_Only_On_First_Save - 3333333333 entered in  input
15:28:29.884 [main] INFO  testCases.TC002_WF2_Only_On_First_Save - sudhakar@rsoft.in entered in  input
15:28:34.353 [main] INFO  testCases.TC002_WF2_Only_On_First_Save - [3] is selected in List
15:28:44.175 [main] INFO  testCases.TC002_WF2_Only_On_First_Save -  Item selected in Multi combox Box: [[ChromeDriver: chrome on windows (198c2dc68d1f9c72820a04e5c07b1c3a)] -> xpath: //li[@role='treeitem']]
15:28:54.939 [main] INFO  testCases.TC002_WF2_Only_On_First_Save -  Item selected in Multi combox Box: [[ChromeDriver: chrome on windows (198c2dc68d1f9c72820a04e5c07b1c3a)] -> xpath: //li[@role='treeitem']]
15:29:02.734 [main] INFO  testCases.TC002_WF2_Only_On_First_Save - [Kanchipuram] is selected in List
15:29:08.149 [main] INFO  testCases.TC002_WF2_Only_On_First_Save - [Tamilnadu] is selected in List
15:29:12.710 [main] INFO  testCases.TC002_WF2_Only_On_First_Save - [India] is selected in List
15:29:31.404 [main] INFO  testCases.TC002_WF2_Only_On_First_Save - CrmEditFieldModule entered in  input
15:44:00.150 [main] INFO  testCases.TC002_WF2_Only_On_First_Save - ******starting WF2_Only_On_First_Save ****
15:44:00.158 [main] INFO  testCases.TC002_WF2_Only_On_First_Save - Test Execution on Browser: chrome
15:44:00.161 [main] INFO  testCases.TC002_WF2_Only_On_First_Save - Excel file Utility instance created
15:44:01.441 [main] INFO  testCases.TC002_WF2_Only_On_First_Save - Row Count is: 1
15:44:01.536 [main] INFO  testCases.TC002_WF2_Only_On_First_Save - Col Count is: 34
15:44:01.537 [main] INFO  testCases.TC002_WF2_Only_On_First_Save - Extracting DataSheet Values started...
15:44:06.262 [main] INFO  testCases.TC002_WF2_Only_On_First_Save - PRIYAN entered in  input
15:44:06.690 [main] INFO  testCases.TC002_WF2_Only_On_First_Save - rsoft entered in  input
15:44:07.137 [main] INFO  testCases.TC002_WF2_Only_On_First_Save - RSoft!@345 entered in  input
15:44:39.765 [main] INFO  testCases.TC002_WF2_Only_On_First_Save - [CRMModOnlyonFirstSave] is selected in List
15:44:45.301 [main] INFO  testCases.TC002_WF2_Only_On_First_Save - Excel file Utility instance created
15:44:45.371 [main] INFO  testCases.TC002_WF2_Only_On_First_Save - Row Count is: 1
15:44:45.403 [main] INFO  testCases.TC002_WF2_Only_On_First_Save - Col Count is: 34
15:44:45.403 [main] INFO  testCases.TC002_WF2_Only_On_First_Save - Extracting DataSheet Values started...
15:45:00.472 [main] INFO  testCases.TC002_WF2_Only_On_First_Save - [Sudhakar VE] is selected in List
15:45:01.064 [main] INFO  testCases.TC002_WF2_Only_On_First_Save - Welcome to automation world entered in  input
15:45:02.546 [main] INFO  testCases.TC002_WF2_Only_On_First_Save - 3333333333 entered in  input
15:45:04.190 [main] INFO  testCases.TC002_WF2_Only_On_First_Save - sudhakar@rsoft.in entered in  input
15:45:08.644 [main] INFO  testCases.TC002_WF2_Only_On_First_Save - [3] is selected in List
15:45:18.460 [main] INFO  testCases.TC002_WF2_Only_On_First_Save -  Item selected in Multi combox Box: [[ChromeDriver: chrome on windows (0bcdb03e45f26310566b4c2e6aab677b)] -> xpath: //li[@role='treeitem']]
15:45:29.219 [main] INFO  testCases.TC002_WF2_Only_On_First_Save -  Item selected in Multi combox Box: [[ChromeDriver: chrome on windows (0bcdb03e45f26310566b4c2e6aab677b)] -> xpath: //li[@role='treeitem']]
15:45:37.071 [main] INFO  testCases.TC002_WF2_Only_On_First_Save - [Kanchipuram] is selected in List
15:45:42.567 [main] INFO  testCases.TC002_WF2_Only_On_First_Save - [Tamilnadu] is selected in List
15:45:47.080 [main] INFO  testCases.TC002_WF2_Only_On_First_Save - [India] is selected in List
15:46:05.598 [main] INFO  testCases.TC002_WF2_Only_On_First_Save - CrmEditFieldModule entered in  input
15:47:03.357 [main] INFO  testCases.TC002_WF2_Only_On_First_Save - ******starting WF2_Only_On_First_Save ****
15:47:03.363 [main] INFO  testCases.TC002_WF2_Only_On_First_Save - Test Execution on Browser: chrome
15:47:03.365 [main] INFO  testCases.TC002_WF2_Only_On_First_Save - Excel file Utility instance created
15:47:04.523 [main] INFO  testCases.TC002_WF2_Only_On_First_Save - Row Count is: 1
15:47:04.639 [main] INFO  testCases.TC002_WF2_Only_On_First_Save - Col Count is: 34
15:47:04.640 [main] INFO  testCases.TC002_WF2_Only_On_First_Save - Extracting DataSheet Values started...
15:47:10.205 [main] INFO  testCases.TC002_WF2_Only_On_First_Save - PRIYAN entered in  input
15:47:10.591 [main] INFO  testCases.TC002_WF2_Only_On_First_Save - rsoft entered in  input
15:47:11.024 [main] INFO  testCases.TC002_WF2_Only_On_First_Save - RSoft!@345 entered in  input
15:47:42.625 [main] INFO  testCases.TC002_WF2_Only_On_First_Save - [CRMModOnlyonFirstSave] is selected in List
15:47:48.530 [main] INFO  testCases.TC002_WF2_Only_On_First_Save - Excel file Utility instance created
15:47:48.580 [main] INFO  testCases.TC002_WF2_Only_On_First_Save - Row Count is: 1
15:47:48.618 [main] INFO  testCases.TC002_WF2_Only_On_First_Save - Col Count is: 34
15:47:48.618 [main] INFO  testCases.TC002_WF2_Only_On_First_Save - Extracting DataSheet Values started...
15:48:03.826 [main] INFO  testCases.TC002_WF2_Only_On_First_Save - [Sudhakar VE] is selected in List
15:48:04.458 [main] INFO  testCases.TC002_WF2_Only_On_First_Save - Welcome to automation world entered in  input
15:48:05.964 [main] INFO  testCases.TC002_WF2_Only_On_First_Save - 3333333333 entered in  input
15:48:07.624 [main] INFO  testCases.TC002_WF2_Only_On_First_Save - sudhakar@rsoft.in entered in  input
15:48:12.058 [main] INFO  testCases.TC002_WF2_Only_On_First_Save - [3] is selected in List
15:48:21.807 [main] INFO  testCases.TC002_WF2_Only_On_First_Save -  Item selected in Multi combox Box: [[ChromeDriver: chrome on windows (390de1bd74dfb974e3c17a1a6731ee03)] -> xpath: //li[@role='treeitem']]
15:48:32.534 [main] INFO  testCases.TC002_WF2_Only_On_First_Save -  Item selected in Multi combox Box: [[ChromeDriver: chrome on windows (390de1bd74dfb974e3c17a1a6731ee03)] -> xpath: //li[@role='treeitem']]
15:48:40.298 [main] INFO  testCases.TC002_WF2_Only_On_First_Save - [Kanchipuram] is selected in List
15:48:45.697 [main] INFO  testCases.TC002_WF2_Only_On_First_Save - [Tamilnadu] is selected in List
15:48:50.191 [main] INFO  testCases.TC002_WF2_Only_On_First_Save - [India] is selected in List
15:49:08.873 [main] INFO  testCases.TC002_WF2_Only_On_First_Save - CrmEditFieldModule entered in  input
15:50:11.094 [main] INFO  testCases.TC002_WF2_Only_On_First_Save - ******starting WF2_Only_On_First_Save ****
15:50:11.102 [main] INFO  testCases.TC002_WF2_Only_On_First_Save - Test Execution on Browser: chrome
15:50:11.104 [main] INFO  testCases.TC002_WF2_Only_On_First_Save - Excel file Utility instance created
15:50:12.312 [main] INFO  testCases.TC002_WF2_Only_On_First_Save - Row Count is: 1
15:50:12.429 [main] INFO  testCases.TC002_WF2_Only_On_First_Save - Col Count is: 34
15:50:12.429 [main] INFO  testCases.TC002_WF2_Only_On_First_Save - Extracting DataSheet Values started...
15:50:18.304 [main] INFO  testCases.TC002_WF2_Only_On_First_Save - PRIYAN entered in  input
15:50:18.667 [main] INFO  testCases.TC002_WF2_Only_On_First_Save - rsoft entered in  input
15:50:19.067 [main] INFO  testCases.TC002_WF2_Only_On_First_Save - RSoft!@345 entered in  input
15:50:50.129 [main] INFO  testCases.TC002_WF2_Only_On_First_Save - [CRMModOnlyonFirstSave] is selected in List
15:50:55.595 [main] INFO  testCases.TC002_WF2_Only_On_First_Save - Excel file Utility instance created
15:50:55.659 [main] INFO  testCases.TC002_WF2_Only_On_First_Save - Row Count is: 1
15:50:55.675 [main] INFO  testCases.TC002_WF2_Only_On_First_Save - Col Count is: 34
15:50:55.675 [main] INFO  testCases.TC002_WF2_Only_On_First_Save - Extracting DataSheet Values started...
15:51:10.806 [main] INFO  testCases.TC002_WF2_Only_On_First_Save - [Sudhakar VE] is selected in List
15:51:11.406 [main] INFO  testCases.TC002_WF2_Only_On_First_Save - Welcome to automation world entered in  input
15:51:12.871 [main] INFO  testCases.TC002_WF2_Only_On_First_Save - 3333333333 entered in  input
15:51:14.462 [main] INFO  testCases.TC002_WF2_Only_On_First_Save - sudhakar@rsoft.in entered in  input
15:51:18.930 [main] INFO  testCases.TC002_WF2_Only_On_First_Save - [3] is selected in List
15:51:28.634 [main] INFO  testCases.TC002_WF2_Only_On_First_Save -  Item selected in Multi combox Box: [[ChromeDriver: chrome on windows (547a31184d96d18d7befc740919aad5c)] -> xpath: //li[@role='treeitem']]
15:51:39.342 [main] INFO  testCases.TC002_WF2_Only_On_First_Save -  Item selected in Multi combox Box: [[ChromeDriver: chrome on windows (547a31184d96d18d7befc740919aad5c)] -> xpath: //li[@role='treeitem']]
15:51:47.189 [main] INFO  testCases.TC002_WF2_Only_On_First_Save - [Kanchipuram] is selected in List
15:51:52.605 [main] INFO  testCases.TC002_WF2_Only_On_First_Save - [Tamilnadu] is selected in List
15:51:57.071 [main] INFO  testCases.TC002_WF2_Only_On_First_Save - [India] is selected in List
15:52:15.625 [main] INFO  testCases.TC002_WF2_Only_On_First_Save - CrmEditFieldModule entered in  input
16:11:02.720 [main] INFO  testCases.TC002_WF2_Only_On_First_Save - ******starting WF2_Only_On_First_Save ****
16:11:02.724 [main] INFO  testCases.TC002_WF2_Only_On_First_Save - Test Execution on Browser: chrome
16:11:02.726 [main] INFO  testCases.TC002_WF2_Only_On_First_Save - Excel file Utility instance created
16:11:03.851 [main] INFO  testCases.TC002_WF2_Only_On_First_Save - Row Count is: 1
16:11:03.953 [main] INFO  testCases.TC002_WF2_Only_On_First_Save - Col Count is: 34
16:11:03.953 [main] INFO  testCases.TC002_WF2_Only_On_First_Save - Extracting DataSheet Values started...
16:11:08.563 [main] INFO  testCases.TC002_WF2_Only_On_First_Save - PRIYAN entered in  input
16:11:08.950 [main] INFO  testCases.TC002_WF2_Only_On_First_Save - rsoft entered in  input
16:11:09.380 [main] INFO  testCases.TC002_WF2_Only_On_First_Save - RSoft!@345 entered in  input
16:11:38.339 [main] INFO  testCases.TC002_WF2_Only_On_First_Save - [CRMModOnlyonFirstSave] is selected in List
16:11:43.876 [main] INFO  testCases.TC002_WF2_Only_On_First_Save - Excel file Utility instance created
16:11:43.943 [main] INFO  testCases.TC002_WF2_Only_On_First_Save - Row Count is: 1
16:11:43.976 [main] INFO  testCases.TC002_WF2_Only_On_First_Save - Col Count is: 34
16:11:43.976 [main] INFO  testCases.TC002_WF2_Only_On_First_Save - Extracting DataSheet Values started...
16:11:59.263 [main] INFO  testCases.TC002_WF2_Only_On_First_Save - [Sudhakar VE] is selected in List
16:11:59.851 [main] INFO  testCases.TC002_WF2_Only_On_First_Save - Welcome to automation world entered in  input
16:12:01.353 [main] INFO  testCases.TC002_WF2_Only_On_First_Save - 3333333333 entered in  input
16:12:02.972 [main] INFO  testCases.TC002_WF2_Only_On_First_Save - sudhakar@rsoft.in entered in  input
16:12:07.454 [main] INFO  testCases.TC002_WF2_Only_On_First_Save - [3] is selected in List
16:12:17.276 [main] INFO  testCases.TC002_WF2_Only_On_First_Save -  Item selected in Multi combox Box: [[ChromeDriver: chrome on windows (6b532ff69fff3b815cdf459e99018833)] -> xpath: //li[@role='treeitem']]
16:12:28.026 [main] INFO  testCases.TC002_WF2_Only_On_First_Save -  Item selected in Multi combox Box: [[ChromeDriver: chrome on windows (6b532ff69fff3b815cdf459e99018833)] -> xpath: //li[@role='treeitem']]
16:12:35.842 [main] INFO  testCases.TC002_WF2_Only_On_First_Save - [Kanchipuram] is selected in List
16:12:41.220 [main] INFO  testCases.TC002_WF2_Only_On_First_Save - [Tamilnadu] is selected in List
16:12:45.759 [main] INFO  testCases.TC002_WF2_Only_On_First_Save - [India] is selected in List
16:13:04.351 [main] INFO  testCases.TC002_WF2_Only_On_First_Save - CrmEditFieldModule entered in  input
16:14:58.697 [main] INFO  testCases.TC002_WF2_Only_On_First_Save - ******starting WF2_Only_On_First_Save ****
16:14:58.703 [main] INFO  testCases.TC002_WF2_Only_On_First_Save - Test Execution on Browser: chrome
16:14:58.706 [main] INFO  testCases.TC002_WF2_Only_On_First_Save - Excel file Utility instance created
16:14:59.878 [main] INFO  testCases.TC002_WF2_Only_On_First_Save - Row Count is: 1
16:14:59.965 [main] INFO  testCases.TC002_WF2_Only_On_First_Save - Col Count is: 34
16:14:59.966 [main] INFO  testCases.TC002_WF2_Only_On_First_Save - Extracting DataSheet Values started...
16:15:04.768 [main] INFO  testCases.TC002_WF2_Only_On_First_Save - PRIYAN entered in  input
16:15:05.238 [main] INFO  testCases.TC002_WF2_Only_On_First_Save - rsoft entered in  input
16:15:05.672 [main] INFO  testCases.TC002_WF2_Only_On_First_Save - RSoft!@345 entered in  input
16:15:35.269 [main] INFO  testCases.TC002_WF2_Only_On_First_Save - [CRMModOnlyonFirstSave] is selected in List
16:15:40.781 [main] INFO  testCases.TC002_WF2_Only_On_First_Save - Excel file Utility instance created
16:15:40.812 [main] INFO  testCases.TC002_WF2_Only_On_First_Save - Row Count is: 1
16:15:40.865 [main] INFO  testCases.TC002_WF2_Only_On_First_Save - Col Count is: 34
16:15:40.865 [main] INFO  testCases.TC002_WF2_Only_On_First_Save - Extracting DataSheet Values started...
16:15:55.498 [main] INFO  testCases.TC002_WF2_Only_On_First_Save - [Sudhakar VE] is selected in List
16:15:56.100 [main] INFO  testCases.TC002_WF2_Only_On_First_Save - Welcome to automation world entered in  input
16:15:57.587 [main] INFO  testCases.TC002_WF2_Only_On_First_Save - 3333333333 entered in  input
16:15:59.220 [main] INFO  testCases.TC002_WF2_Only_On_First_Save - sudhakar@rsoft.in entered in  input
16:16:03.652 [main] INFO  testCases.TC002_WF2_Only_On_First_Save - [3] is selected in List
16:16:13.472 [main] INFO  testCases.TC002_WF2_Only_On_First_Save -  Item selected in Multi combox Box: [[ChromeDriver: chrome on windows (6db5bdd1191242a765173fde5f7741cd)] -> xpath: //li[@role='treeitem']]
16:16:24.190 [main] INFO  testCases.TC002_WF2_Only_On_First_Save -  Item selected in Multi combox Box: [[ChromeDriver: chrome on windows (6db5bdd1191242a765173fde5f7741cd)] -> xpath: //li[@role='treeitem']]
16:16:32.028 [main] INFO  testCases.TC002_WF2_Only_On_First_Save - [Kanchipuram] is selected in List
16:16:37.399 [main] INFO  testCases.TC002_WF2_Only_On_First_Save - [Tamilnadu] is selected in List
16:16:42.004 [main] INFO  testCases.TC002_WF2_Only_On_First_Save - [India] is selected in List
16:17:00.676 [main] INFO  testCases.TC002_WF2_Only_On_First_Save - CrmEditFieldModule entered in  input
16:17:04.498 [main] INFO  testCases.TC002_WF2_Only_On_First_Save - [Mrs.] is selected in List
16:17:04.832 [main] INFO  testCases.TC002_WF2_Only_On_First_Save - Sudhakar entered in  input
16:17:05.272 [main] INFO  testCases.TC002_WF2_Only_On_First_Save - 11111111111 entered in  input
16:17:05.529 [main] INFO  testCases.TC002_WF2_Only_On_First_Save - 5000 entered in  input
16:17:06.084 [main] INFO  testCases.TC002_WF2_Only_On_First_Save - http://www.google.com entered in  input
16:47:02.902 [main] INFO  testCases.TC002_WF2_Only_On_First_Save - ******starting WF2_Only_On_First_Save ****
16:47:02.910 [main] INFO  testCases.TC002_WF2_Only_On_First_Save - Test Execution on Browser: chrome
16:47:02.912 [main] INFO  testCases.TC002_WF2_Only_On_First_Save - Excel file Utility instance created
16:47:04.168 [main] INFO  testCases.TC002_WF2_Only_On_First_Save - Row Count is: 1
16:47:04.249 [main] INFO  testCases.TC002_WF2_Only_On_First_Save - Col Count is: 36
16:47:04.250 [main] INFO  testCases.TC002_WF2_Only_On_First_Save - Extracting DataSheet Values started...
16:47:09.128 [main] INFO  testCases.TC002_WF2_Only_On_First_Save - PRIYAN entered in  input
16:47:09.503 [main] INFO  testCases.TC002_WF2_Only_On_First_Save - rsoft entered in  input
16:47:09.932 [main] INFO  testCases.TC002_WF2_Only_On_First_Save - RSoft!@345 entered in  input
16:47:40.604 [main] INFO  testCases.TC002_WF2_Only_On_First_Save - [CRMModOnlyonFirstSave] is selected in List
16:47:46.116 [main] INFO  testCases.TC002_WF2_Only_On_First_Save - Excel file Utility instance created
16:47:46.169 [main] INFO  testCases.TC002_WF2_Only_On_First_Save - Row Count is: 1
16:47:46.216 [main] INFO  testCases.TC002_WF2_Only_On_First_Save - Col Count is: 36
16:47:46.216 [main] INFO  testCases.TC002_WF2_Only_On_First_Save - Extracting DataSheet Values started...
16:48:01.789 [main] INFO  testCases.TC002_WF2_Only_On_First_Save - [Sudhakar VE] is selected in List
16:48:02.487 [main] INFO  testCases.TC002_WF2_Only_On_First_Save - Welcome to automation world entered in  input
16:48:03.968 [main] INFO  testCases.TC002_WF2_Only_On_First_Save - 3333333333 entered in  input
16:48:05.616 [main] INFO  testCases.TC002_WF2_Only_On_First_Save - sudhakar@rsoft.in entered in  input
16:48:10.028 [main] INFO  testCases.TC002_WF2_Only_On_First_Save - [3] is selected in List
16:48:19.927 [main] INFO  testCases.TC002_WF2_Only_On_First_Save -  Item selected in Multi combox Box: [[ChromeDriver: chrome on windows (9fdc683788923926d29c9ed774287b8d)] -> xpath: //li[@role='treeitem']]
16:48:30.666 [main] INFO  testCases.TC002_WF2_Only_On_First_Save -  Item selected in Multi combox Box: [[ChromeDriver: chrome on windows (9fdc683788923926d29c9ed774287b8d)] -> xpath: //li[@role='treeitem']]
16:48:38.534 [main] INFO  testCases.TC002_WF2_Only_On_First_Save - [Kanchipuram] is selected in List
16:48:43.929 [main] INFO  testCases.TC002_WF2_Only_On_First_Save - [Tamilnadu] is selected in List
16:48:48.503 [main] INFO  testCases.TC002_WF2_Only_On_First_Save - [India] is selected in List
16:49:07.213 [main] INFO  testCases.TC002_WF2_Only_On_First_Save - CrmEditFieldModule entered in  input
16:49:10.909 [main] INFO  testCases.TC002_WF2_Only_On_First_Save - [Mrs.] is selected in List
16:49:11.251 [main] INFO  testCases.TC002_WF2_Only_On_First_Save - Sudhakar entered in  input
16:49:11.713 [main] INFO  testCases.TC002_WF2_Only_On_First_Save - 11111111111 entered in  input
16:49:11.983 [main] INFO  testCases.TC002_WF2_Only_On_First_Save - 5000 entered in  input
16:49:12.453 [main] INFO  testCases.TC002_WF2_Only_On_First_Save - http://www.google.com entered in  input
16:49:16.111 [main] INFO  testCases.TC002_WF2_Only_On_First_Save - [Prof.] is selected in List
16:49:16.494 [main] INFO  testCases.TC002_WF2_Only_On_First_Save - TestName1 entered in  input
16:49:16.914 [main] INFO  testCases.TC002_WF2_Only_On_First_Save - test@test.com entered in  input
16:49:17.479 [main] INFO  testCases.TC002_WF2_Only_On_First_Save - Enquired about real estate entered in  input
16:49:18.592 [main] INFO  testCases.TC002_WF2_Only_On_First_Save - Working on software and getting good salary. Looking for real estate. entered in  textarea
16:49:52.620 [main] INFO  testCases.TC002_WF2_Only_On_First_Save - 7777777777 entered in  input
16:52:43.898 [main] INFO  testCases.TC002_WF2_Only_On_First_Save - ******starting WF2_Only_On_First_Save ****
16:52:43.904 [main] INFO  testCases.TC002_WF2_Only_On_First_Save - Test Execution on Browser: chrome
16:52:43.906 [main] INFO  testCases.TC002_WF2_Only_On_First_Save - Excel file Utility instance created
16:52:45.094 [main] INFO  testCases.TC002_WF2_Only_On_First_Save - Row Count is: 1
16:52:45.176 [main] INFO  testCases.TC002_WF2_Only_On_First_Save - Col Count is: 36
16:52:45.179 [main] INFO  testCases.TC002_WF2_Only_On_First_Save - Extracting DataSheet Values started...
16:52:49.559 [main] INFO  testCases.TC002_WF2_Only_On_First_Save - PRIYAN entered in  input
16:52:49.941 [main] INFO  testCases.TC002_WF2_Only_On_First_Save - rsoft entered in  input
16:52:50.357 [main] INFO  testCases.TC002_WF2_Only_On_First_Save - RSoft!@345 entered in  input
16:53:18.665 [main] INFO  testCases.TC002_WF2_Only_On_First_Save - [CRMModOnlyonFirstSave] is selected in List
16:53:24.217 [main] INFO  testCases.TC002_WF2_Only_On_First_Save - Excel file Utility instance created
16:53:24.264 [main] INFO  testCases.TC002_WF2_Only_On_First_Save - Row Count is: 1
16:53:24.309 [main] INFO  testCases.TC002_WF2_Only_On_First_Save - Col Count is: 36
16:53:24.309 [main] INFO  testCases.TC002_WF2_Only_On_First_Save - Extracting DataSheet Values started...
16:53:39.642 [main] INFO  testCases.TC002_WF2_Only_On_First_Save - [Sudhakar VE] is selected in List
16:53:40.348 [main] INFO  testCases.TC002_WF2_Only_On_First_Save - Welcome to automation world entered in  input
16:53:41.880 [main] INFO  testCases.TC002_WF2_Only_On_First_Save - 3333333333 entered in  input
16:53:43.553 [main] INFO  testCases.TC002_WF2_Only_On_First_Save - sudhakar@rsoft.in entered in  input
16:53:48.011 [main] INFO  testCases.TC002_WF2_Only_On_First_Save - [3] is selected in List
16:53:57.838 [main] INFO  testCases.TC002_WF2_Only_On_First_Save -  Item selected in Multi combox Box: [[ChromeDriver: chrome on windows (956a655da0b0e82c1c0914780d5e0e94)] -> xpath: //li[@role='treeitem']]
16:54:08.629 [main] INFO  testCases.TC002_WF2_Only_On_First_Save -  Item selected in Multi combox Box: [[ChromeDriver: chrome on windows (956a655da0b0e82c1c0914780d5e0e94)] -> xpath: //li[@role='treeitem']]
16:54:16.544 [main] INFO  testCases.TC002_WF2_Only_On_First_Save - [Kanchipuram] is selected in List
16:54:21.973 [main] INFO  testCases.TC002_WF2_Only_On_First_Save - [Tamilnadu] is selected in List
16:54:26.548 [main] INFO  testCases.TC002_WF2_Only_On_First_Save - [India] is selected in List
16:54:45.489 [main] INFO  testCases.TC002_WF2_Only_On_First_Save - CrmEditFieldModule entered in  input
16:54:49.187 [main] INFO  testCases.TC002_WF2_Only_On_First_Save - [Mrs.] is selected in List
16:54:49.578 [main] INFO  testCases.TC002_WF2_Only_On_First_Save - Sudhakar entered in  input
16:54:50.030 [main] INFO  testCases.TC002_WF2_Only_On_First_Save - 11111111111 entered in  input
16:54:50.311 [main] INFO  testCases.TC002_WF2_Only_On_First_Save - 5000 entered in  input
16:54:50.871 [main] INFO  testCases.TC002_WF2_Only_On_First_Save - http://www.google.com entered in  input
16:54:54.427 [main] INFO  testCases.TC002_WF2_Only_On_First_Save - [Prof.] is selected in List
16:54:54.777 [main] INFO  testCases.TC002_WF2_Only_On_First_Save - TestName1 entered in  input
16:54:55.139 [main] INFO  testCases.TC002_WF2_Only_On_First_Save - test@test.com entered in  input
16:54:55.686 [main] INFO  testCases.TC002_WF2_Only_On_First_Save - Enquired about real estate entered in  input
16:54:56.616 [main] INFO  testCases.TC002_WF2_Only_On_First_Save - Working on software and getting good salary. Looking for real estate. entered in  textarea
16:55:30.645 [main] INFO  testCases.TC002_WF2_Only_On_First_Save - 7777777777 entered in  input
17:12:03.314 [main] INFO  testCases.TC002_WF2_Only_On_First_Save - ******starting WF2_Only_On_First_Save ****
17:12:03.319 [main] INFO  testCases.TC002_WF2_Only_On_First_Save - Test Execution on Browser: chrome
17:12:03.323 [main] INFO  testCases.TC002_WF2_Only_On_First_Save - Excel file Utility instance created
17:12:04.522 [main] INFO  testCases.TC002_WF2_Only_On_First_Save - Row Count is: 1
17:12:04.604 [main] INFO  testCases.TC002_WF2_Only_On_First_Save - Col Count is: 36
17:12:04.604 [main] INFO  testCases.TC002_WF2_Only_On_First_Save - Extracting DataSheet Values started...
17:12:09.226 [main] INFO  testCases.TC002_WF2_Only_On_First_Save - PRIYAN entered in  input
17:12:09.667 [main] INFO  testCases.TC002_WF2_Only_On_First_Save - rsoft entered in  input
17:12:10.102 [main] INFO  testCases.TC002_WF2_Only_On_First_Save - RSoft!@345 entered in  input
17:12:38.857 [main] INFO  testCases.TC002_WF2_Only_On_First_Save - [CRMModOnlyonFirstSave] is selected in List
17:12:44.596 [main] INFO  testCases.TC002_WF2_Only_On_First_Save - Excel file Utility instance created
17:12:44.625 [main] INFO  testCases.TC002_WF2_Only_On_First_Save - Row Count is: 1
17:12:44.680 [main] INFO  testCases.TC002_WF2_Only_On_First_Save - Col Count is: 36
17:12:44.681 [main] INFO  testCases.TC002_WF2_Only_On_First_Save - Extracting DataSheet Values started...
17:13:00.046 [main] INFO  testCases.TC002_WF2_Only_On_First_Save - [Sudhakar VE] is selected in List
17:13:00.633 [main] INFO  testCases.TC002_WF2_Only_On_First_Save - Welcome to automation world entered in  input
17:13:02.119 [main] INFO  testCases.TC002_WF2_Only_On_First_Save - 3333333333 entered in  input
17:13:03.727 [main] INFO  testCases.TC002_WF2_Only_On_First_Save - sudhakar@rsoft.in entered in  input
17:13:08.219 [main] INFO  testCases.TC002_WF2_Only_On_First_Save - [3] is selected in List
17:13:17.978 [main] INFO  testCases.TC002_WF2_Only_On_First_Save -  Item selected in Multi combox Box: [[ChromeDriver: chrome on windows (580ec74e6b1cbbd688a98015011171a3)] -> xpath: //li[@role='treeitem']]
17:13:28.763 [main] INFO  testCases.TC002_WF2_Only_On_First_Save -  Item selected in Multi combox Box: [[ChromeDriver: chrome on windows (580ec74e6b1cbbd688a98015011171a3)] -> xpath: //li[@role='treeitem']]
17:13:36.519 [main] INFO  testCases.TC002_WF2_Only_On_First_Save - [Kanchipuram] is selected in List
17:13:41.921 [main] INFO  testCases.TC002_WF2_Only_On_First_Save - [Tamilnadu] is selected in List
17:13:46.455 [main] INFO  testCases.TC002_WF2_Only_On_First_Save - [India] is selected in List
17:14:05.240 [main] INFO  testCases.TC002_WF2_Only_On_First_Save - CrmEditFieldModule entered in  input
17:14:08.956 [main] INFO  testCases.TC002_WF2_Only_On_First_Save - [Mrs.] is selected in List
17:14:09.271 [main] INFO  testCases.TC002_WF2_Only_On_First_Save - Sudhakar entered in  input
17:14:09.748 [main] INFO  testCases.TC002_WF2_Only_On_First_Save - 11111111111 entered in  input
17:14:10.027 [main] INFO  testCases.TC002_WF2_Only_On_First_Save - 5000 entered in  input
17:14:10.538 [main] INFO  testCases.TC002_WF2_Only_On_First_Save - http://www.google.com entered in  input
17:14:14.159 [main] INFO  testCases.TC002_WF2_Only_On_First_Save - [Prof.] is selected in List
17:14:14.519 [main] INFO  testCases.TC002_WF2_Only_On_First_Save - TestName1 entered in  input
17:14:14.951 [main] INFO  testCases.TC002_WF2_Only_On_First_Save - test@test.com entered in  input
17:14:15.540 [main] INFO  testCases.TC002_WF2_Only_On_First_Save - Enquired about real estate entered in  input
17:14:16.622 [main] INFO  testCases.TC002_WF2_Only_On_First_Save - Working on software and getting good salary. Looking for real estate. entered in  textarea
17:15:05.788 [main] INFO  testCases.TC002_WF2_Only_On_First_Save - 7777777777 entered in  input
17:17:22.205 [main] INFO  testCases.TC002_WF2_Only_On_First_Save - ******starting WF2_Only_On_First_Save ****
17:17:22.211 [main] INFO  testCases.TC002_WF2_Only_On_First_Save - Test Execution on Browser: chrome
17:17:22.213 [main] INFO  testCases.TC002_WF2_Only_On_First_Save - Excel file Utility instance created
17:17:23.407 [main] INFO  testCases.TC002_WF2_Only_On_First_Save - Row Count is: 1
17:17:23.485 [main] INFO  testCases.TC002_WF2_Only_On_First_Save - Col Count is: 36
17:17:23.485 [main] INFO  testCases.TC002_WF2_Only_On_First_Save - Extracting DataSheet Values started...
17:17:28.052 [main] INFO  testCases.TC002_WF2_Only_On_First_Save - PRIYAN entered in  input
17:17:28.434 [main] INFO  testCases.TC002_WF2_Only_On_First_Save - rsoft entered in  input
17:17:28.862 [main] INFO  testCases.TC002_WF2_Only_On_First_Save - RSoft!@345 entered in  input
17:17:57.073 [main] INFO  testCases.TC002_WF2_Only_On_First_Save - [CRMModOnlyonFirstSave] is selected in List
17:18:02.521 [main] INFO  testCases.TC002_WF2_Only_On_First_Save - Excel file Utility instance created
17:18:02.584 [main] INFO  testCases.TC002_WF2_Only_On_First_Save - Row Count is: 1
17:18:02.615 [main] INFO  testCases.TC002_WF2_Only_On_First_Save - Col Count is: 36
17:18:02.615 [main] INFO  testCases.TC002_WF2_Only_On_First_Save - Extracting DataSheet Values started...
17:18:17.568 [main] INFO  testCases.TC002_WF2_Only_On_First_Save - [Sudhakar VE] is selected in List
17:18:18.200 [main] INFO  testCases.TC002_WF2_Only_On_First_Save - Welcome to automation world entered in  input
17:18:19.681 [main] INFO  testCases.TC002_WF2_Only_On_First_Save - 3333333333 entered in  input
17:18:21.306 [main] INFO  testCases.TC002_WF2_Only_On_First_Save - sudhakar@rsoft.in entered in  input
17:18:25.815 [main] INFO  testCases.TC002_WF2_Only_On_First_Save - [3] is selected in List
17:18:35.624 [main] INFO  testCases.TC002_WF2_Only_On_First_Save -  Item selected in Multi combox Box: [[ChromeDriver: chrome on windows (1eb9e28ce72a6f10a46aa1a15cc51ec2)] -> xpath: //li[@role='treeitem']]
17:18:46.394 [main] INFO  testCases.TC002_WF2_Only_On_First_Save -  Item selected in Multi combox Box: [[ChromeDriver: chrome on windows (1eb9e28ce72a6f10a46aa1a15cc51ec2)] -> xpath: //li[@role='treeitem']]
17:18:54.203 [main] INFO  testCases.TC002_WF2_Only_On_First_Save - [Kanchipuram] is selected in List
17:18:59.634 [main] INFO  testCases.TC002_WF2_Only_On_First_Save - [Tamilnadu] is selected in List
17:19:04.114 [main] INFO  testCases.TC002_WF2_Only_On_First_Save - [India] is selected in List
17:19:22.817 [main] INFO  testCases.TC002_WF2_Only_On_First_Save - CrmEditFieldModule entered in  input
17:19:26.806 [main] INFO  testCases.TC002_WF2_Only_On_First_Save - [Mrs.] is selected in List
17:19:27.168 [main] INFO  testCases.TC002_WF2_Only_On_First_Save - Sudhakar entered in  input
17:19:27.617 [main] INFO  testCases.TC002_WF2_Only_On_First_Save - 11111111111 entered in  input
17:19:27.901 [main] INFO  testCases.TC002_WF2_Only_On_First_Save - 5000 entered in  input
17:19:28.385 [main] INFO  testCases.TC002_WF2_Only_On_First_Save - http://www.google.com entered in  input
17:19:32.015 [main] INFO  testCases.TC002_WF2_Only_On_First_Save - [Prof.] is selected in List
17:19:32.404 [main] INFO  testCases.TC002_WF2_Only_On_First_Save - TestName1 entered in  input
17:19:32.815 [main] INFO  testCases.TC002_WF2_Only_On_First_Save - test@test.com entered in  input
17:19:33.413 [main] INFO  testCases.TC002_WF2_Only_On_First_Save - Enquired about real estate entered in  input
17:19:34.604 [main] INFO  testCases.TC002_WF2_Only_On_First_Save - Working on software and getting good salary. Looking for real estate. entered in  textarea
17:20:08.766 [main] INFO  testCases.TC002_WF2_Only_On_First_Save - 7777777777 entered in  input
17:20:12.501 [main] INFO  testCases.TC002_WF2_Only_On_First_Save - [Urgent] is selected in List
17:26:12.875 [main] INFO  testCases.TC002_WF2_Only_On_First_Save - ******starting WF2_Only_On_First_Save ****
17:26:12.881 [main] INFO  testCases.TC002_WF2_Only_On_First_Save - Test Execution on Browser: chrome
17:26:12.883 [main] INFO  testCases.TC002_WF2_Only_On_First_Save - Excel file Utility instance created
17:26:14.088 [main] INFO  testCases.TC002_WF2_Only_On_First_Save - Row Count is: 1
17:26:14.170 [main] INFO  testCases.TC002_WF2_Only_On_First_Save - Col Count is: 36
17:26:14.170 [main] INFO  testCases.TC002_WF2_Only_On_First_Save - Extracting DataSheet Values started...
17:26:18.529 [main] INFO  testCases.TC002_WF2_Only_On_First_Save - PRIYAN entered in  input
17:26:18.974 [main] INFO  testCases.TC002_WF2_Only_On_First_Save - rsoft entered in  input
17:26:19.399 [main] INFO  testCases.TC002_WF2_Only_On_First_Save - RSoft!@345 entered in  input
17:26:49.556 [main] INFO  testCases.TC002_WF2_Only_On_First_Save - [CRMModOnlyonFirstSave] is selected in List
17:26:55.045 [main] INFO  testCases.TC002_WF2_Only_On_First_Save - Excel file Utility instance created
17:26:55.099 [main] INFO  testCases.TC002_WF2_Only_On_First_Save - Row Count is: 1
17:26:55.135 [main] INFO  testCases.TC002_WF2_Only_On_First_Save - Col Count is: 36
17:26:55.135 [main] INFO  testCases.TC002_WF2_Only_On_First_Save - Extracting DataSheet Values started...
17:27:10.593 [main] INFO  testCases.TC002_WF2_Only_On_First_Save - [Sudhakar VE] is selected in List
17:27:11.279 [main] INFO  testCases.TC002_WF2_Only_On_First_Save - Welcome to automation world entered in  input
17:27:12.752 [main] INFO  testCases.TC002_WF2_Only_On_First_Save - 3333333333 entered in  input
17:27:14.353 [main] INFO  testCases.TC002_WF2_Only_On_First_Save - sudhakar@rsoft.in entered in  input
17:27:18.864 [main] INFO  testCases.TC002_WF2_Only_On_First_Save - [3] is selected in List
17:27:28.662 [main] INFO  testCases.TC002_WF2_Only_On_First_Save -  Item selected in Multi combox Box: [[ChromeDriver: chrome on windows (df86c2a4303a046334d0fd402e9180c0)] -> xpath: //li[@role='treeitem']]
17:27:39.459 [main] INFO  testCases.TC002_WF2_Only_On_First_Save -  Item selected in Multi combox Box: [[ChromeDriver: chrome on windows (df86c2a4303a046334d0fd402e9180c0)] -> xpath: //li[@role='treeitem']]
17:27:47.257 [main] INFO  testCases.TC002_WF2_Only_On_First_Save - [Kanchipuram] is selected in List
17:27:52.696 [main] INFO  testCases.TC002_WF2_Only_On_First_Save - [Tamilnadu] is selected in List
17:27:57.259 [main] INFO  testCases.TC002_WF2_Only_On_First_Save - [India] is selected in List
17:28:16.089 [main] INFO  testCases.TC002_WF2_Only_On_First_Save - CrmEditFieldModule entered in  input
17:28:19.708 [main] INFO  testCases.TC002_WF2_Only_On_First_Save - [Mrs.] is selected in List
17:28:20.026 [main] INFO  testCases.TC002_WF2_Only_On_First_Save - Sudhakar entered in  input
17:28:20.471 [main] INFO  testCases.TC002_WF2_Only_On_First_Save - 11111111111 entered in  input
17:28:20.755 [main] INFO  testCases.TC002_WF2_Only_On_First_Save - 5000 entered in  input
17:28:21.270 [main] INFO  testCases.TC002_WF2_Only_On_First_Save - http://www.google.com entered in  input
17:28:24.864 [main] INFO  testCases.TC002_WF2_Only_On_First_Save - [Prof.] is selected in List
17:28:25.208 [main] INFO  testCases.TC002_WF2_Only_On_First_Save - TestName1 entered in  input
17:28:25.668 [main] INFO  testCases.TC002_WF2_Only_On_First_Save - test@test.com entered in  input
