18:44:40.754 [main] INFO  utilities.UtilityCustomFunctions - Actual:+60 1234567890Expected:+60 1234567890 DT Sales Mobile Number:  Create Entity Default Values
18:44:40.754 [main] INFO  testCases.TC014_CreateEntity_DefaultValues - DT Sales Mobile Number:  Create Entity Default Values Passed : Actual Value is: +60 1234567890Expected Value is: +60 1234567890
18:44:42.139 [main] INFO  utilities.UtilityCustomFunctions - Actual:DefaultSales@gmail.comExpected:DefaultSales@gmail.com DT View Sales EmailCreate Entity Default Values
18:44:42.139 [main] INFO  testCases.TC014_CreateEntity_DefaultValues - DT View Sales EmailCreate Entity Default Values Passed : Actual Value is: DefaultSales@gmail.comExpected Value is: DefaultSales@gmail.com
18:44:43.404 [main] INFO  utilities.UtilityCustomFunctions - Created Entity after Duplicate is Done
18:44:47.694 [main] INFO  utilities.UtilityCustomFunctions - Actual List Item:1is: Calls
18:44:47.694 [main] INFO  utilities.UtilityCustomFunctions - Expected List Item:CreateEntitySource
18:44:47.755 [main] INFO  utilities.UtilityCustomFunctions - Actual List Item:2is: Leads
18:44:47.755 [main] INFO  utilities.UtilityCustomFunctions - Expected List Item:CreateEntitySource
18:44:47.856 [main] INFO  utilities.UtilityCustomFunctions - Actual List Item:3is: Tickets
18:44:47.856 [main] INFO  utilities.UtilityCustomFunctions - Expected List Item:CreateEntitySource
18:44:47.941 [main] INFO  utilities.UtilityCustomFunctions - Actual List Item:4is: ENQUIRY MODULE
18:44:47.941 [main] INFO  utilities.UtilityCustomFunctions - Expected List Item:CreateEntitySource
18:44:48.006 [main] INFO  utilities.UtilityCustomFunctions - Actual List Item:5is: LEAD MODULE
18:44:48.006 [main] INFO  utilities.UtilityCustomFunctions - Expected List Item:CreateEntitySource
18:44:48.072 [main] INFO  utilities.UtilityCustomFunctions - Actual List Item:6is: OPPORTUNITY MODULE
18:44:48.072 [main] INFO  utilities.UtilityCustomFunctions - Expected List Item:CreateEntitySource
18:44:48.143 [main] INFO  utilities.UtilityCustomFunctions - Actual List Item:7is: PRIYAN TM ONE
18:44:48.143 [main] INFO  utilities.UtilityCustomFunctions - Expected List Item:CreateEntitySource
18:44:48.206 [main] INFO  utilities.UtilityCustomFunctions - Actual List Item:8is: PRIYAN TM TWO
18:44:48.206 [main] INFO  utilities.UtilityCustomFunctions - Expected List Item:CreateEntitySource
18:44:48.273 [main] INFO  utilities.UtilityCustomFunctions - Actual List Item:9is: PICKLIST TEST ONE
18:44:48.273 [main] INFO  utilities.UtilityCustomFunctions - Expected List Item:CreateEntitySource
18:44:48.340 [main] INFO  utilities.UtilityCustomFunctions - Actual List Item:10is: IVR Providers
18:44:48.340 [main] INFO  utilities.UtilityCustomFunctions - Expected List Item:CreateEntitySource
18:44:48.389 [main] INFO  utilities.UtilityCustomFunctions - Actual List Item:11is: PDF Makers
18:44:48.389 [main] INFO  utilities.UtilityCustomFunctions - Expected List Item:CreateEntitySource
18:44:48.474 [main] INFO  utilities.UtilityCustomFunctions - Actual List Item:12is: Chats
18:44:48.474 [main] INFO  utilities.UtilityCustomFunctions - Expected List Item:CreateEntitySource
18:44:48.522 [main] INFO  utilities.UtilityCustomFunctions - Actual List Item:13is: PRODUCTS
18:44:48.522 [main] INFO  utilities.UtilityCustomFunctions - Expected List Item:CreateEntitySource
18:44:48.590 [main] INFO  utilities.UtilityCustomFunctions - Actual List Item:14is: Email Templates
18:44:48.590 [main] INFO  utilities.UtilityCustomFunctions - Expected List Item:CreateEntitySource
18:44:48.666 [main] INFO  utilities.UtilityCustomFunctions - Actual List Item:15is: SMS Templates
18:44:48.666 [main] INFO  utilities.UtilityCustomFunctions - Expected List Item:CreateEntitySource
18:44:48.721 [main] INFO  utilities.UtilityCustomFunctions - Actual List Item:16is: WhatsApp Templates
18:44:48.721 [main] INFO  utilities.UtilityCustomFunctions - Expected List Item:CreateEntitySource
18:44:48.787 [main] INFO  utilities.UtilityCustomFunctions - Actual List Item:17is: Emails
18:44:48.787 [main] INFO  utilities.UtilityCustomFunctions - Expected List Item:CreateEntitySource
18:44:48.843 [main] INFO  utilities.UtilityCustomFunctions - Actual List Item:18is: SMS Notifiers
18:44:48.843 [main] INFO  utilities.UtilityCustomFunctions - Expected List Item:CreateEntitySource
18:44:48.906 [main] INFO  utilities.UtilityCustomFunctions - Actual List Item:19is: Notifications
18:44:48.906 [main] INFO  utilities.UtilityCustomFunctions - Expected List Item:CreateEntitySource
18:44:48.971 [main] INFO  utilities.UtilityCustomFunctions - Actual List Item:20is: Documents
18:44:48.971 [main] INFO  utilities.UtilityCustomFunctions - Expected List Item:CreateEntitySource
18:44:49.022 [main] INFO  utilities.UtilityCustomFunctions - Actual List Item:21is: Mail Manager
18:44:49.022 [main] INFO  utilities.UtilityCustomFunctions - Expected List Item:CreateEntitySource
18:44:49.087 [main] INFO  utilities.UtilityCustomFunctions - Actual List Item:22is: Track Locations
18:44:49.087 [main] INFO  utilities.UtilityCustomFunctions - Expected List Item:CreateEntitySource
18:44:49.155 [main] INFO  utilities.UtilityCustomFunctions - Actual List Item:23is: Attendances
18:44:49.155 [main] INFO  utilities.UtilityCustomFunctions - Expected List Item:CreateEntitySource
18:44:49.221 [main] INFO  utilities.UtilityCustomFunctions - Actual List Item:24is: SourceA
18:44:49.221 [main] INFO  utilities.UtilityCustomFunctions - Expected List Item:CreateEntitySource
18:44:49.288 [main] INFO  utilities.UtilityCustomFunctions - Actual List Item:25is: CreateEntityTarget
18:44:49.288 [main] INFO  utilities.UtilityCustomFunctions - Expected List Item:CreateEntitySource
18:44:49.343 [main] INFO  utilities.UtilityCustomFunctions - Actual List Item:26is: CreateEntitySource
18:44:49.343 [main] INFO  utilities.UtilityCustomFunctions - Expected List Item:CreateEntitySource
18:45:32.489 [main] INFO  utilities.UtilityCustomFunctions - Actual List Item:1is: Calls
18:45:32.489 [main] INFO  utilities.UtilityCustomFunctions - Expected List Item:CreateEntityTarget
18:45:32.555 [main] INFO  utilities.UtilityCustomFunctions - Actual List Item:2is: Leads
18:45:32.555 [main] INFO  utilities.UtilityCustomFunctions - Expected List Item:CreateEntityTarget
18:45:32.621 [main] INFO  utilities.UtilityCustomFunctions - Actual List Item:3is: Tickets
18:45:32.621 [main] INFO  utilities.UtilityCustomFunctions - Expected List Item:CreateEntityTarget
18:45:32.701 [main] INFO  utilities.UtilityCustomFunctions - Actual List Item:4is: ENQUIRY MODULE
18:45:32.701 [main] INFO  utilities.UtilityCustomFunctions - Expected List Item:CreateEntityTarget
18:45:32.805 [main] INFO  utilities.UtilityCustomFunctions - Actual List Item:5is: LEAD MODULE
18:45:32.805 [main] INFO  utilities.UtilityCustomFunctions - Expected List Item:CreateEntityTarget
18:45:32.853 [main] INFO  utilities.UtilityCustomFunctions - Actual List Item:6is: OPPORTUNITY MODULE
18:45:32.853 [main] INFO  utilities.UtilityCustomFunctions - Expected List Item:CreateEntityTarget
18:45:32.919 [main] INFO  utilities.UtilityCustomFunctions - Actual List Item:7is: PRIYAN TM ONE
18:45:32.919 [main] INFO  utilities.UtilityCustomFunctions - Expected List Item:CreateEntityTarget
18:45:32.989 [main] INFO  utilities.UtilityCustomFunctions - Actual List Item:8is: PRIYAN TM TWO
18:45:32.989 [main] INFO  utilities.UtilityCustomFunctions - Expected List Item:CreateEntityTarget
18:45:33.052 [main] INFO  utilities.UtilityCustomFunctions - Actual List Item:9is: PICKLIST TEST ONE
18:45:33.052 [main] INFO  utilities.UtilityCustomFunctions - Expected List Item:CreateEntityTarget
18:45:33.110 [main] INFO  utilities.UtilityCustomFunctions - Actual List Item:10is: IVR Providers
18:45:33.110 [main] INFO  utilities.UtilityCustomFunctions - Expected List Item:CreateEntityTarget
18:45:33.170 [main] INFO  utilities.UtilityCustomFunctions - Actual List Item:11is: PDF Makers
18:45:33.170 [main] INFO  utilities.UtilityCustomFunctions - Expected List Item:CreateEntityTarget
18:45:33.237 [main] INFO  utilities.UtilityCustomFunctions - Actual List Item:12is: Chats
18:45:33.237 [main] INFO  utilities.UtilityCustomFunctions - Expected List Item:CreateEntityTarget
18:45:33.320 [main] INFO  utilities.UtilityCustomFunctions - Actual List Item:13is: PRODUCTS
18:45:33.320 [main] INFO  utilities.UtilityCustomFunctions - Expected List Item:CreateEntityTarget
18:45:33.394 [main] INFO  utilities.UtilityCustomFunctions - Actual List Item:14is: Email Templates
18:45:33.394 [main] INFO  utilities.UtilityCustomFunctions - Expected List Item:CreateEntityTarget
18:45:33.470 [main] INFO  utilities.UtilityCustomFunctions - Actual List Item:15is: SMS Templates
18:45:33.470 [main] INFO  utilities.UtilityCustomFunctions - Expected List Item:CreateEntityTarget
18:45:33.539 [main] INFO  utilities.UtilityCustomFunctions - Actual List Item:16is: WhatsApp Templates
18:45:33.539 [main] INFO  utilities.UtilityCustomFunctions - Expected List Item:CreateEntityTarget
18:45:33.622 [main] INFO  utilities.UtilityCustomFunctions - Actual List Item:17is: Emails
18:45:33.622 [main] INFO  utilities.UtilityCustomFunctions - Expected List Item:CreateEntityTarget
18:45:33.695 [main] INFO  utilities.UtilityCustomFunctions - Actual List Item:18is: SMS Notifiers
18:45:33.695 [main] INFO  utilities.UtilityCustomFunctions - Expected List Item:CreateEntityTarget
18:45:33.771 [main] INFO  utilities.UtilityCustomFunctions - Actual List Item:19is: Notifications
18:45:33.771 [main] INFO  utilities.UtilityCustomFunctions - Expected List Item:CreateEntityTarget
18:45:33.838 [main] INFO  utilities.UtilityCustomFunctions - Actual List Item:20is: Documents
18:45:33.838 [main] INFO  utilities.UtilityCustomFunctions - Expected List Item:CreateEntityTarget
18:45:33.905 [main] INFO  utilities.UtilityCustomFunctions - Actual List Item:21is: Mail Manager
18:45:33.906 [main] INFO  utilities.UtilityCustomFunctions - Expected List Item:CreateEntityTarget
18:45:33.972 [main] INFO  utilities.UtilityCustomFunctions - Actual List Item:22is: Track Locations
18:45:33.972 [main] INFO  utilities.UtilityCustomFunctions - Expected List Item:CreateEntityTarget
18:45:34.038 [main] INFO  utilities.UtilityCustomFunctions - Actual List Item:23is: Attendances
18:45:34.038 [main] INFO  utilities.UtilityCustomFunctions - Expected List Item:CreateEntityTarget
18:45:34.108 [main] INFO  utilities.UtilityCustomFunctions - Actual List Item:24is: SourceA
18:45:34.108 [main] INFO  utilities.UtilityCustomFunctions - Expected List Item:CreateEntityTarget
18:45:34.171 [main] INFO  utilities.UtilityCustomFunctions - Actual List Item:25is: CreateEntityTarget
18:45:34.171 [main] INFO  utilities.UtilityCustomFunctions - Expected List Item:CreateEntityTarget
18:46:00.285 [main] INFO  utilities.UtilityCustomFunctions - Actual List Item:1is: Calls
18:46:00.285 [main] INFO  utilities.UtilityCustomFunctions - Expected List Item:CreateEntitySource
18:46:00.352 [main] INFO  utilities.UtilityCustomFunctions - Actual List Item:2is: Leads
18:46:00.352 [main] INFO  utilities.UtilityCustomFunctions - Expected List Item:CreateEntitySource
18:46:00.419 [main] INFO  utilities.UtilityCustomFunctions - Actual List Item:3is: Tickets
18:46:00.419 [main] INFO  utilities.UtilityCustomFunctions - Expected List Item:CreateEntitySource
18:46:00.487 [main] INFO  utilities.UtilityCustomFunctions - Actual List Item:4is: ENQUIRY MODULE
18:46:00.487 [main] INFO  utilities.UtilityCustomFunctions - Expected List Item:CreateEntitySource
18:46:00.552 [main] INFO  utilities.UtilityCustomFunctions - Actual List Item:5is: LEAD MODULE
18:46:00.552 [main] INFO  utilities.UtilityCustomFunctions - Expected List Item:CreateEntitySource
18:46:00.620 [main] INFO  utilities.UtilityCustomFunctions - Actual List Item:6is: OPPORTUNITY MODULE
18:46:00.620 [main] INFO  utilities.UtilityCustomFunctions - Expected List Item:CreateEntitySource
18:46:00.688 [main] INFO  utilities.UtilityCustomFunctions - Actual List Item:7is: PRIYAN TM ONE
18:46:00.688 [main] INFO  utilities.UtilityCustomFunctions - Expected List Item:CreateEntitySource
18:46:00.753 [main] INFO  utilities.UtilityCustomFunctions - Actual List Item:8is: PRIYAN TM TWO
18:46:00.753 [main] INFO  utilities.UtilityCustomFunctions - Expected List Item:CreateEntitySource
18:46:00.819 [main] INFO  utilities.UtilityCustomFunctions - Actual List Item:9is: PICKLIST TEST ONE
18:46:00.819 [main] INFO  utilities.UtilityCustomFunctions - Expected List Item:CreateEntitySource
18:46:00.888 [main] INFO  utilities.UtilityCustomFunctions - Actual List Item:10is: IVR Providers
18:46:00.888 [main] INFO  utilities.UtilityCustomFunctions - Expected List Item:CreateEntitySource
18:46:00.937 [main] INFO  utilities.UtilityCustomFunctions - Actual List Item:11is: PDF Makers
18:46:00.937 [main] INFO  utilities.UtilityCustomFunctions - Expected List Item:CreateEntitySource
18:46:01.004 [main] INFO  utilities.UtilityCustomFunctions - Actual List Item:12is: Chats
18:46:01.004 [main] INFO  utilities.UtilityCustomFunctions - Expected List Item:CreateEntitySource
18:46:01.086 [main] INFO  utilities.UtilityCustomFunctions - Actual List Item:13is: PRODUCTS
18:46:01.086 [main] INFO  utilities.UtilityCustomFunctions - Expected List Item:CreateEntitySource
18:46:01.136 [main] INFO  utilities.UtilityCustomFunctions - Actual List Item:14is: Email Templates
18:46:01.136 [main] INFO  utilities.UtilityCustomFunctions - Expected List Item:CreateEntitySource
18:46:01.208 [main] INFO  utilities.UtilityCustomFunctions - Actual List Item:15is: SMS Templates
18:46:01.208 [main] INFO  utilities.UtilityCustomFunctions - Expected List Item:CreateEntitySource
18:46:01.339 [main] INFO  utilities.UtilityCustomFunctions - Actual List Item:16is: WhatsApp Templates
18:46:01.339 [main] INFO  utilities.UtilityCustomFunctions - Expected List Item:CreateEntitySource
18:46:01.410 [main] INFO  utilities.UtilityCustomFunctions - Actual List Item:17is: Emails
18:46:01.410 [main] INFO  utilities.UtilityCustomFunctions - Expected List Item:CreateEntitySource
18:46:01.473 [main] INFO  utilities.UtilityCustomFunctions - Actual List Item:18is: SMS Notifiers
18:46:01.473 [main] INFO  utilities.UtilityCustomFunctions - Expected List Item:CreateEntitySource
18:46:01.538 [main] INFO  utilities.UtilityCustomFunctions - Actual List Item:19is: Notifications
18:46:01.538 [main] INFO  utilities.UtilityCustomFunctions - Expected List Item:CreateEntitySource
18:46:01.604 [main] INFO  utilities.UtilityCustomFunctions - Actual List Item:20is: Documents
18:46:01.604 [main] INFO  utilities.UtilityCustomFunctions - Expected List Item:CreateEntitySource
18:46:01.671 [main] INFO  utilities.UtilityCustomFunctions - Actual List Item:21is: Mail Manager
18:46:01.671 [main] INFO  utilities.UtilityCustomFunctions - Expected List Item:CreateEntitySource
18:46:01.737 [main] INFO  utilities.UtilityCustomFunctions - Actual List Item:22is: Track Locations
18:46:01.737 [main] INFO  utilities.UtilityCustomFunctions - Expected List Item:CreateEntitySource
18:46:01.803 [main] INFO  utilities.UtilityCustomFunctions - Actual List Item:23is: Attendances
18:46:01.803 [main] INFO  utilities.UtilityCustomFunctions - Expected List Item:CreateEntitySource
18:46:01.854 [main] INFO  utilities.UtilityCustomFunctions - Actual List Item:24is: SourceA
18:46:01.854 [main] INFO  utilities.UtilityCustomFunctions - Expected List Item:CreateEntitySource
18:46:01.919 [main] INFO  utilities.UtilityCustomFunctions - Actual List Item:25is: CreateEntityTarget
18:46:01.919 [main] INFO  utilities.UtilityCustomFunctions - Expected List Item:CreateEntitySource
18:46:01.987 [main] INFO  utilities.UtilityCustomFunctions - Actual List Item:26is: CreateEntitySource
18:46:01.987 [main] INFO  utilities.UtilityCustomFunctions - Expected List Item:CreateEntitySource
18:46:29.994 [main] INFO  utilities.UtilityCustomFunctions - IndividualTextEdited entered in  input
18:46:41.519 [main] INFO  utilities.UtilityCustomFunctions - Actual List Item:1is: Calls
18:46:41.519 [main] INFO  utilities.UtilityCustomFunctions - Expected List Item:CreateEntityTarget
18:46:41.587 [main] INFO  utilities.UtilityCustomFunctions - Actual List Item:2is: Leads
18:46:41.587 [main] INFO  utilities.UtilityCustomFunctions - Expected List Item:CreateEntityTarget
18:46:41.653 [main] INFO  utilities.UtilityCustomFunctions - Actual List Item:3is: Tickets
18:46:41.653 [main] INFO  utilities.UtilityCustomFunctions - Expected List Item:CreateEntityTarget
18:46:41.719 [main] INFO  utilities.UtilityCustomFunctions - Actual List Item:4is: ENQUIRY MODULE
18:46:41.719 [main] INFO  utilities.UtilityCustomFunctions - Expected List Item:CreateEntityTarget
18:46:41.783 [main] INFO  utilities.UtilityCustomFunctions - Actual List Item:5is: LEAD MODULE
18:46:41.783 [main] INFO  utilities.UtilityCustomFunctions - Expected List Item:CreateEntityTarget
18:46:41.854 [main] INFO  utilities.UtilityCustomFunctions - Actual List Item:6is: OPPORTUNITY MODULE
18:46:41.854 [main] INFO  utilities.UtilityCustomFunctions - Expected List Item:CreateEntityTarget
18:46:41.926 [main] INFO  utilities.UtilityCustomFunctions - Actual List Item:7is: PRIYAN TM ONE
18:46:41.926 [main] INFO  utilities.UtilityCustomFunctions - Expected List Item:CreateEntityTarget
18:46:41.986 [main] INFO  utilities.UtilityCustomFunctions - Actual List Item:8is: PRIYAN TM TWO
18:46:41.986 [main] INFO  utilities.UtilityCustomFunctions - Expected List Item:CreateEntityTarget
18:46:42.053 [main] INFO  utilities.UtilityCustomFunctions - Actual List Item:9is: PICKLIST TEST ONE
18:46:42.053 [main] INFO  utilities.UtilityCustomFunctions - Expected List Item:CreateEntityTarget
18:46:42.126 [main] INFO  utilities.UtilityCustomFunctions - Actual List Item:10is: IVR Providers
18:46:42.126 [main] INFO  utilities.UtilityCustomFunctions - Expected List Item:CreateEntityTarget
18:46:42.190 [main] INFO  utilities.UtilityCustomFunctions - Actual List Item:11is: PDF Makers
18:46:42.190 [main] INFO  utilities.UtilityCustomFunctions - Expected List Item:CreateEntityTarget
18:46:42.253 [main] INFO  utilities.UtilityCustomFunctions - Actual List Item:12is: Chats
18:46:42.253 [main] INFO  utilities.UtilityCustomFunctions - Expected List Item:CreateEntityTarget
18:46:42.337 [main] INFO  utilities.UtilityCustomFunctions - Actual List Item:13is: PRODUCTS
18:46:42.337 [main] INFO  utilities.UtilityCustomFunctions - Expected List Item:CreateEntityTarget
18:46:42.404 [main] INFO  utilities.UtilityCustomFunctions - Actual List Item:14is: Email Templates
18:46:42.404 [main] INFO  utilities.UtilityCustomFunctions - Expected List Item:CreateEntityTarget
18:46:42.470 [main] INFO  utilities.UtilityCustomFunctions - Actual List Item:15is: SMS Templates
18:46:42.470 [main] INFO  utilities.UtilityCustomFunctions - Expected List Item:CreateEntityTarget
18:46:42.572 [main] INFO  utilities.UtilityCustomFunctions - Actual List Item:16is: WhatsApp Templates
18:46:42.572 [main] INFO  utilities.UtilityCustomFunctions - Expected List Item:CreateEntityTarget
18:46:42.626 [main] INFO  utilities.UtilityCustomFunctions - Actual List Item:17is: Emails
18:46:42.626 [main] INFO  utilities.UtilityCustomFunctions - Expected List Item:CreateEntityTarget
18:46:42.687 [main] INFO  utilities.UtilityCustomFunctions - Actual List Item:18is: SMS Notifiers
18:46:42.687 [main] INFO  utilities.UtilityCustomFunctions - Expected List Item:CreateEntityTarget
18:46:42.753 [main] INFO  utilities.UtilityCustomFunctions - Actual List Item:19is: Notifications
18:46:42.753 [main] INFO  utilities.UtilityCustomFunctions - Expected List Item:CreateEntityTarget
18:46:42.827 [main] INFO  utilities.UtilityCustomFunctions - Actual List Item:20is: Documents
18:46:42.827 [main] INFO  utilities.UtilityCustomFunctions - Expected List Item:CreateEntityTarget
18:46:42.887 [main] INFO  utilities.UtilityCustomFunctions - Actual List Item:21is: Mail Manager
18:46:42.887 [main] INFO  utilities.UtilityCustomFunctions - Expected List Item:CreateEntityTarget
18:46:42.954 [main] INFO  utilities.UtilityCustomFunctions - Actual List Item:22is: Track Locations
18:46:42.954 [main] INFO  utilities.UtilityCustomFunctions - Expected List Item:CreateEntityTarget
18:46:43.027 [main] INFO  utilities.UtilityCustomFunctions - Actual List Item:23is: Attendances
18:46:43.027 [main] INFO  utilities.UtilityCustomFunctions - Expected List Item:CreateEntityTarget
18:46:43.087 [main] INFO  utilities.UtilityCustomFunctions - Actual List Item:24is: SourceA
18:46:43.087 [main] INFO  utilities.UtilityCustomFunctions - Expected List Item:CreateEntityTarget
18:46:43.170 [main] INFO  utilities.UtilityCustomFunctions - Actual List Item:25is: CreateEntityTarget
18:46:43.170 [main] INFO  utilities.UtilityCustomFunctions - Expected List Item:CreateEntityTarget
17:27:07.730 [main] INFO  utilities.UtilityCustomFunctions - Extent Test Creation
17:27:07.758 [main] INFO  utilities.UtilityCustomFunctions - Extent Test Created
17:27:13.819 [main] INFO  utilities.UtilityCustomFunctions - Extent Test Node Created
17:27:13.819 [main] INFO  utilities.UtilityCustomFunctions - ******TC015_CreateEntity_OOFS_SuccessUpdate ****
17:27:13.820 [main] INFO  testCases.TC015_CreateEntity_OOFS_SuccessUpdate - Test Execution on Browser: chrome
17:27:13.820 [main] INFO  utilities.UtilityCustomFunctions - Browser:chrome
17:27:13.823 [main] INFO  utilities.UtilityCustomFunctions - Excel file Utility instance created
17:27:15.481 [main] INFO  testCases.TC015_CreateEntity_OOFS_SuccessUpdate - Row Count is: 1
17:27:15.808 [main] INFO  testCases.TC015_CreateEntity_OOFS_SuccessUpdate - Col Count is: 54
17:27:29.094 [main] INFO  utilities.UtilityCustomFunctions - PRIYAN entered in  input
17:27:30.714 [main] INFO  utilities.UtilityCustomFunctions - Sudhakar entered in  input
17:27:32.321 [main] INFO  utilities.UtilityCustomFunctions - Automation@123 entered in  input
17:27:37.343 [main] INFO  testCases.TC015_CreateEntity_OOFS_SuccessUpdate - CRM Login Success with:Sudhakar
17:27:37.343 [main] INFO  utilities.UtilityCustomFunctions - Actual:Login SuccessExpected:Login Success User: Sudhakar
17:27:37.343 [main] INFO  testCases.TC015_CreateEntity_OOFS_SuccessUpdate - User: Sudhakar Passed : Actual Value is: Login SuccessExpected Value is: Login Success
17:27:44.449 [main] INFO  utilities.UtilityCustomFunctions - Navigate Module:CreateEntitySource
17:27:44.449 [main] INFO  testCases.TC015_CreateEntity_OOFS_SuccessUpdate - Clicked Avatar
17:27:47.381 [main] INFO  testCases.TC015_CreateEntity_OOFS_SuccessUpdate - Clicked Menu CRM Setting
17:27:47.757 [main] INFO  testCases.TC015_CreateEntity_OOFS_SuccessUpdate - Clicked Menu Other Setting
17:27:50.777 [main] INFO  testCases.TC015_CreateEntity_OOFS_SuccessUpdate - Clicked Menu Item Workflow
17:27:51.184 [main] INFO  testCases.TC015_CreateEntity_OOFS_SuccessUpdate - Clicked Workflow from Combox Box List
17:27:53.199 [main] INFO  testCases.TC015_CreateEntity_OOFS_SuccessUpdate - Item to be selected:  CreateEntitySource Workflow
17:28:00.721 [main] INFO  testCases.TC015_CreateEntity_OOFS_SuccessUpdate - [CreateEntitySource Workflow] is selected in List
17:28:00.721 [main] INFO  testCases.TC015_CreateEntity_OOFS_SuccessUpdate - Item selected in combox Box  CreateEntitySource Workflow
17:28:01.724 [main] INFO  testCases.TC015_CreateEntity_OOFS_SuccessUpdate - Selected Module to View its Workflows
17:28:01.724 [main] INFO  utilities.UtilityCustomFunctions - Exp Module Name:wfCreateEntity_OOFS_SuccessUpdate
17:28:01.724 [main] INFO  utilities.UtilityCustomFunctions - Execution Condition:Only on the first save
17:28:01.770 [main] INFO  testCases.TC015_CreateEntity_OOFS_SuccessUpdate - Current Workflow Row item: 1
17:28:01.833 [main] INFO  testCases.TC015_CreateEntity_OOFS_SuccessUpdate - Current style of Worflow Status Element captured
17:28:01.833 [main] INFO  testCases.TC015_CreateEntity_OOFS_SuccessUpdate - Workflow status: of row item: 1 true
17:28:01.912 [main] INFO  testCases.TC015_CreateEntity_OOFS_SuccessUpdate - Actual Module Name:  CreateEntitySource
17:28:01.912 [main] INFO  testCases.TC015_CreateEntity_OOFS_SuccessUpdate - Actual Workflow Name:  wfCreateEntity_OOFS_SuccessUpdate
17:28:01.912 [main] INFO  testCases.TC015_CreateEntity_OOFS_SuccessUpdate - Actual Exec Condition Name:  Only on the first save
17:28:01.912 [main] INFO  testCases.TC015_CreateEntity_OOFS_SuccessUpdate - Module,workflow,condition matches
17:28:01.912 [main] INFO  testCases.TC015_CreateEntity_OOFS_SuccessUpdate - bCurrentWFStatus: true
17:28:01.912 [main] INFO  testCases.TC015_CreateEntity_OOFS_SuccessUpdate - wfCreateEntity_OOFS_SuccessUpdateWorkflow enabled
17:28:01.912 [main] INFO  testCases.TC015_CreateEntity_OOFS_SuccessUpdate - Current Workflow Row item: 2
17:28:01.982 [main] INFO  testCases.TC015_CreateEntity_OOFS_SuccessUpdate - Current style of Worflow Status Element captured
17:28:01.982 [main] INFO  testCases.TC015_CreateEntity_OOFS_SuccessUpdate - Workflow status: of row item: 2 false
17:28:02.034 [main] INFO  testCases.TC015_CreateEntity_OOFS_SuccessUpdate - Actual Module Name:  CreateEntitySource
17:28:02.034 [main] INFO  testCases.TC015_CreateEntity_OOFS_SuccessUpdate - Actual Workflow Name:  wfCreateEntity_DefaultValues
17:28:02.034 [main] INFO  testCases.TC015_CreateEntity_OOFS_SuccessUpdate - Actual Exec Condition Name:  Only on the first save
17:28:02.034 [main] INFO  testCases.TC015_CreateEntity_OOFS_SuccessUpdate - Module,workflow,conditions not matched 
17:28:02.034 [main] INFO  testCases.TC015_CreateEntity_OOFS_SuccessUpdate - bCurrentWFStatus: false
17:28:02.034 [main] INFO  testCases.TC015_CreateEntity_OOFS_SuccessUpdate - Current Workflow Row item: 3
17:28:02.114 [main] INFO  testCases.TC015_CreateEntity_OOFS_SuccessUpdate - Current style of Worflow Status Element captured
17:28:02.114 [main] INFO  testCases.TC015_CreateEntity_OOFS_SuccessUpdate - Workflow status: of row item: 3 false
17:28:02.153 [main] INFO  testCases.TC015_CreateEntity_OOFS_SuccessUpdate - Actual Module Name:  CreateEntitySource
17:28:02.153 [main] INFO  testCases.TC015_CreateEntity_OOFS_SuccessUpdate - Actual Workflow Name:  wfCreateEntity_OOFS_NewValues
17:28:02.153 [main] INFO  testCases.TC015_CreateEntity_OOFS_SuccessUpdate - Actual Exec Condition Name:  Only on the first save
17:28:02.168 [main] INFO  testCases.TC015_CreateEntity_OOFS_SuccessUpdate - Module,workflow,conditions not matched 
17:28:02.168 [main] INFO  testCases.TC015_CreateEntity_OOFS_SuccessUpdate - bCurrentWFStatus: false
17:28:02.168 [main] INFO  utilities.UtilityCustomFunctions - wfCreateEntity_OOFS_NewValuesDisabled Workflow Manually Enabled
17:28:02.168 [main] INFO  testCases.TC015_CreateEntity_OOFS_SuccessUpdate - true:1
17:28:02.168 [main] INFO  utilities.UtilityCustomFunctions - Current Workflow status:true:1
17:28:08.408 [main] INFO  testCases.TC015_CreateEntity_OOFS_SuccessUpdate - Work flow clicked
17:28:13.621 [main] INFO  testCases.TC015_CreateEntity_OOFS_SuccessUpdate - Cliked Step 1 Next Button to Condition Page
17:28:17.297 [main] INFO  testCases.TC015_CreateEntity_OOFS_SuccessUpdate - Cliked Step 2 Next Button to Task List Page
17:28:18.298 [main] INFO  testCases.TC015_CreateEntity_OOFS_SuccessUpdate - Clicked Workflow and Navigated to Task Page
17:28:18.343 [main] INFO  testCases.TC015_CreateEntity_OOFS_SuccessUpdate - Number of Tasks Listed for this Workflow: wfCreateEntity_OOFS_SuccessUpdate : 1
17:28:18.396 [main] INFO  utilities.UtilityCustomFunctions - Is Task Active: 1 : true
17:28:18.618 [main] INFO  utilities.UtilityCustomFunctions - Retrieved Action Type:Create Entity - CreateEntityTarget
17:28:18.618 [main] INFO  utilities.UtilityCustomFunctions - Retrieved Action Title:tskCreateEntity_SuccessUpdate
17:28:18.618 [main] INFO  testCases.TC015_CreateEntity_OOFS_SuccessUpdate - Action Type and Action Tile matches and also Task Button Enabled
17:28:19.634 [main] INFO  utilities.UtilityCustomFunctions - Out of for loop:false
17:28:22.928 [main] INFO  testCases.TC015_CreateEntity_OOFS_SuccessUpdate - Clicked Workflow and Navigated to Task Page
17:28:22.929 [main] INFO  testCases.TC015_CreateEntity_OOFS_SuccessUpdate - Task Active Create Entity - CreateEntityTarget  tskCreateEntity_SuccessUpdate
17:28:25.466 [main] INFO  utilities.UtilityCustomFunctions - Actual List Item:1is: Calls
17:28:25.482 [main] INFO  utilities.UtilityCustomFunctions - Expected List Item:CreateEntitySource
17:28:25.548 [main] INFO  utilities.UtilityCustomFunctions - Actual List Item:2is: Leads
17:28:25.548 [main] INFO  utilities.UtilityCustomFunctions - Expected List Item:CreateEntitySource
17:28:25.634 [main] INFO  utilities.UtilityCustomFunctions - Actual List Item:3is: Tickets
17:28:25.634 [main] INFO  utilities.UtilityCustomFunctions - Expected List Item:CreateEntitySource
17:28:25.699 [main] INFO  utilities.UtilityCustomFunctions - Actual List Item:4is: ENQUIRY MODULE
17:28:25.699 [main] INFO  utilities.UtilityCustomFunctions - Expected List Item:CreateEntitySource
17:28:25.851 [main] INFO  utilities.UtilityCustomFunctions - Actual List Item:5is: LEAD MODULE
17:28:25.851 [main] INFO  utilities.UtilityCustomFunctions - Expected List Item:CreateEntitySource
17:28:25.915 [main] INFO  utilities.UtilityCustomFunctions - Actual List Item:6is: OPPORTUNITY MODULE
17:28:25.915 [main] INFO  utilities.UtilityCustomFunctions - Expected List Item:CreateEntitySource
17:28:26.019 [main] INFO  utilities.UtilityCustomFunctions - Actual List Item:7is: PRIYAN TM ONE
17:28:26.019 [main] INFO  utilities.UtilityCustomFunctions - Expected List Item:CreateEntitySource
17:28:26.100 [main] INFO  utilities.UtilityCustomFunctions - Actual List Item:8is: PRIYAN TM TWO
17:28:26.101 [main] INFO  utilities.UtilityCustomFunctions - Expected List Item:CreateEntitySource
17:28:26.168 [main] INFO  utilities.UtilityCustomFunctions - Actual List Item:9is: PICKLIST TEST ONE
17:28:26.168 [main] INFO  utilities.UtilityCustomFunctions - Expected List Item:CreateEntitySource
17:28:26.247 [main] INFO  utilities.UtilityCustomFunctions - Actual List Item:10is: IVR Providers
17:28:26.251 [main] INFO  utilities.UtilityCustomFunctions - Expected List Item:CreateEntitySource
17:28:26.316 [main] INFO  utilities.UtilityCustomFunctions - Actual List Item:11is: PDF Makers
17:28:26.316 [main] INFO  utilities.UtilityCustomFunctions - Expected List Item:CreateEntitySource
17:28:26.398 [main] INFO  utilities.UtilityCustomFunctions - Actual List Item:12is: Chats
17:28:26.398 [main] INFO  utilities.UtilityCustomFunctions - Expected List Item:CreateEntitySource
17:28:26.484 [main] INFO  utilities.UtilityCustomFunctions - Actual List Item:13is: PRODUCTS
17:28:26.484 [main] INFO  utilities.UtilityCustomFunctions - Expected List Item:CreateEntitySource
17:28:26.567 [main] INFO  utilities.UtilityCustomFunctions - Actual List Item:14is: Email Templates
17:28:26.567 [main] INFO  utilities.UtilityCustomFunctions - Expected List Item:CreateEntitySource
17:28:26.637 [main] INFO  utilities.UtilityCustomFunctions - Actual List Item:15is: SMS Templates
17:28:26.637 [main] INFO  utilities.UtilityCustomFunctions - Expected List Item:CreateEntitySource
17:28:26.700 [main] INFO  utilities.UtilityCustomFunctions - Actual List Item:16is: WhatsApp Templates
17:28:26.700 [main] INFO  utilities.UtilityCustomFunctions - Expected List Item:CreateEntitySource
17:28:26.783 [main] INFO  utilities.UtilityCustomFunctions - Actual List Item:17is: Emails
17:28:26.783 [main] INFO  utilities.UtilityCustomFunctions - Expected List Item:CreateEntitySource
17:28:26.849 [main] INFO  utilities.UtilityCustomFunctions - Actual List Item:18is: SMS Notifiers
17:28:26.849 [main] INFO  utilities.UtilityCustomFunctions - Expected List Item:CreateEntitySource
17:28:26.934 [main] INFO  utilities.UtilityCustomFunctions - Actual List Item:19is: Notifications
17:28:26.934 [main] INFO  utilities.UtilityCustomFunctions - Expected List Item:CreateEntitySource
17:28:27.000 [main] INFO  utilities.UtilityCustomFunctions - Actual List Item:20is: Documents
17:28:27.000 [main] INFO  utilities.UtilityCustomFunctions - Expected List Item:CreateEntitySource
17:28:27.068 [main] INFO  utilities.UtilityCustomFunctions - Actual List Item:21is: Mail Manager
17:28:27.068 [main] INFO  utilities.UtilityCustomFunctions - Expected List Item:CreateEntitySource
17:28:27.134 [main] INFO  utilities.UtilityCustomFunctions - Actual List Item:22is: Track Locations
17:28:27.134 [main] INFO  utilities.UtilityCustomFunctions - Expected List Item:CreateEntitySource
17:28:27.204 [main] INFO  utilities.UtilityCustomFunctions - Actual List Item:23is: Attendances
17:28:27.204 [main] INFO  utilities.UtilityCustomFunctions - Expected List Item:CreateEntitySource
17:28:27.264 [main] INFO  utilities.UtilityCustomFunctions - Actual List Item:24is: SourceA
17:28:27.264 [main] INFO  utilities.UtilityCustomFunctions - Expected List Item:CreateEntitySource
17:28:27.332 [main] INFO  utilities.UtilityCustomFunctions - Actual List Item:25is: CreateEntityTarget
17:28:27.332 [main] INFO  utilities.UtilityCustomFunctions - Expected List Item:CreateEntitySource
17:28:27.399 [main] INFO  utilities.UtilityCustomFunctions - Actual List Item:26is: CreateEntitySource
17:28:27.399 [main] INFO  utilities.UtilityCustomFunctions - Expected List Item:CreateEntitySource
17:33:08.447 [main] INFO  utilities.UtilityCustomFunctions - Extent Test Creation
17:33:08.463 [main] INFO  utilities.UtilityCustomFunctions - Extent Test Created
17:33:12.992 [main] INFO  utilities.UtilityCustomFunctions - Extent Test Node Created
17:33:12.992 [main] INFO  utilities.UtilityCustomFunctions - ******TC015_CreateEntity_OOFS_SuccessUpdate ****
17:33:12.993 [main] INFO  testCases.TC015_CreateEntity_OOFS_SuccessUpdate - Test Execution on Browser: chrome
17:33:12.993 [main] INFO  utilities.UtilityCustomFunctions - Browser:chrome
17:33:12.996 [main] INFO  utilities.UtilityCustomFunctions - Excel file Utility instance created
17:33:14.490 [main] INFO  testCases.TC015_CreateEntity_OOFS_SuccessUpdate - Row Count is: 1
17:33:14.860 [main] INFO  testCases.TC015_CreateEntity_OOFS_SuccessUpdate - Col Count is: 54
17:33:30.327 [main] INFO  utilities.UtilityCustomFunctions - PRIYAN entered in  input
17:33:32.003 [main] INFO  utilities.UtilityCustomFunctions - Sudhakar entered in  input
17:33:33.595 [main] INFO  utilities.UtilityCustomFunctions - Automation@123 entered in  input
17:33:39.207 [main] INFO  testCases.TC015_CreateEntity_OOFS_SuccessUpdate - CRM Login Success with:Sudhakar
17:33:39.207 [main] INFO  utilities.UtilityCustomFunctions - Actual:Login SuccessExpected:Login Success User: Sudhakar
17:33:39.207 [main] INFO  testCases.TC015_CreateEntity_OOFS_SuccessUpdate - User: Sudhakar Passed : Actual Value is: Login SuccessExpected Value is: Login Success
17:33:46.243 [main] INFO  utilities.UtilityCustomFunctions - Navigate Module:CreateEntitySource
17:33:46.243 [main] INFO  testCases.TC015_CreateEntity_OOFS_SuccessUpdate - Clicked Avatar
17:33:49.120 [main] INFO  testCases.TC015_CreateEntity_OOFS_SuccessUpdate - Clicked Menu CRM Setting
17:33:49.470 [main] INFO  testCases.TC015_CreateEntity_OOFS_SuccessUpdate - Clicked Menu Other Setting
17:33:52.844 [main] INFO  testCases.TC015_CreateEntity_OOFS_SuccessUpdate - Clicked Menu Item Workflow
17:33:53.273 [main] INFO  testCases.TC015_CreateEntity_OOFS_SuccessUpdate - Clicked Workflow from Combox Box List
17:33:55.277 [main] INFO  testCases.TC015_CreateEntity_OOFS_SuccessUpdate - Item to be selected:  CreateEntitySource Workflow
17:34:02.608 [main] INFO  testCases.TC015_CreateEntity_OOFS_SuccessUpdate - [CreateEntitySource Workflow] is selected in List
17:34:02.608 [main] INFO  testCases.TC015_CreateEntity_OOFS_SuccessUpdate - Item selected in combox Box  CreateEntitySource Workflow
17:34:03.625 [main] INFO  testCases.TC015_CreateEntity_OOFS_SuccessUpdate - Selected Module to View its Workflows
17:34:03.625 [main] INFO  utilities.UtilityCustomFunctions - Exp Module Name:wfCreateEntity_OOFS_SuccessUpdate
17:34:03.625 [main] INFO  utilities.UtilityCustomFunctions - Execution Condition:Only on the first save
17:34:03.680 [main] INFO  testCases.TC015_CreateEntity_OOFS_SuccessUpdate - Current Workflow Row item: 1
17:34:03.744 [main] INFO  testCases.TC015_CreateEntity_OOFS_SuccessUpdate - Current style of Worflow Status Element captured
17:34:03.744 [main] INFO  testCases.TC015_CreateEntity_OOFS_SuccessUpdate - Workflow status: of row item: 1 true
17:34:03.810 [main] INFO  testCases.TC015_CreateEntity_OOFS_SuccessUpdate - Actual Module Name:  CreateEntitySource
17:34:03.810 [main] INFO  testCases.TC015_CreateEntity_OOFS_SuccessUpdate - Actual Workflow Name:  wfCreateEntity_OOFS_SuccessUpdate
17:34:03.810 [main] INFO  testCases.TC015_CreateEntity_OOFS_SuccessUpdate - Actual Exec Condition Name:  Only on the first save
17:34:03.810 [main] INFO  testCases.TC015_CreateEntity_OOFS_SuccessUpdate - Module,workflow,condition matches
17:34:03.810 [main] INFO  testCases.TC015_CreateEntity_OOFS_SuccessUpdate - bCurrentWFStatus: true
17:34:03.810 [main] INFO  testCases.TC015_CreateEntity_OOFS_SuccessUpdate - wfCreateEntity_OOFS_SuccessUpdateWorkflow enabled
17:34:03.810 [main] INFO  testCases.TC015_CreateEntity_OOFS_SuccessUpdate - Current Workflow Row item: 2
17:34:03.893 [main] INFO  testCases.TC015_CreateEntity_OOFS_SuccessUpdate - Current style of Worflow Status Element captured
17:34:03.893 [main] INFO  testCases.TC015_CreateEntity_OOFS_SuccessUpdate - Workflow status: of row item: 2 false
17:34:03.944 [main] INFO  testCases.TC015_CreateEntity_OOFS_SuccessUpdate - Actual Module Name:  CreateEntitySource
17:34:03.944 [main] INFO  testCases.TC015_CreateEntity_OOFS_SuccessUpdate - Actual Workflow Name:  wfCreateEntity_DefaultValues
17:34:03.944 [main] INFO  testCases.TC015_CreateEntity_OOFS_SuccessUpdate - Actual Exec Condition Name:  Only on the first save
17:34:03.944 [main] INFO  testCases.TC015_CreateEntity_OOFS_SuccessUpdate - Module,workflow,conditions not matched 
17:34:03.944 [main] INFO  testCases.TC015_CreateEntity_OOFS_SuccessUpdate - bCurrentWFStatus: false
17:34:03.944 [main] INFO  testCases.TC015_CreateEntity_OOFS_SuccessUpdate - Current Workflow Row item: 3
17:34:04.011 [main] INFO  testCases.TC015_CreateEntity_OOFS_SuccessUpdate - Current style of Worflow Status Element captured
17:34:04.011 [main] INFO  testCases.TC015_CreateEntity_OOFS_SuccessUpdate - Workflow status: of row item: 3 false
17:34:04.045 [main] INFO  testCases.TC015_CreateEntity_OOFS_SuccessUpdate - Actual Module Name:  CreateEntitySource
17:34:04.045 [main] INFO  testCases.TC015_CreateEntity_OOFS_SuccessUpdate - Actual Workflow Name:  wfCreateEntity_OOFS_NewValues
17:34:04.045 [main] INFO  testCases.TC015_CreateEntity_OOFS_SuccessUpdate - Actual Exec Condition Name:  Only on the first save
17:34:04.045 [main] INFO  testCases.TC015_CreateEntity_OOFS_SuccessUpdate - Module,workflow,conditions not matched 
17:34:04.045 [main] INFO  testCases.TC015_CreateEntity_OOFS_SuccessUpdate - bCurrentWFStatus: false
17:34:04.045 [main] INFO  utilities.UtilityCustomFunctions - wfCreateEntity_OOFS_NewValuesDisabled Workflow Manually Enabled
17:34:04.045 [main] INFO  testCases.TC015_CreateEntity_OOFS_SuccessUpdate - true:1
17:34:04.045 [main] INFO  utilities.UtilityCustomFunctions - Current Workflow status:true:1
17:34:10.447 [main] INFO  testCases.TC015_CreateEntity_OOFS_SuccessUpdate - Work flow clicked
17:34:15.915 [main] INFO  testCases.TC015_CreateEntity_OOFS_SuccessUpdate - Cliked Step 1 Next Button to Condition Page
17:34:19.620 [main] INFO  testCases.TC015_CreateEntity_OOFS_SuccessUpdate - Cliked Step 2 Next Button to Task List Page
17:34:20.622 [main] INFO  testCases.TC015_CreateEntity_OOFS_SuccessUpdate - Clicked Workflow and Navigated to Task Page
17:34:20.645 [main] INFO  testCases.TC015_CreateEntity_OOFS_SuccessUpdate - Number of Tasks Listed for this Workflow: wfCreateEntity_OOFS_SuccessUpdate : 1
17:34:20.687 [main] INFO  utilities.UtilityCustomFunctions - Is Task Active: 1 : true
17:34:20.900 [main] INFO  utilities.UtilityCustomFunctions - Retrieved Action Type:Create Entity - CreateEntityTarget
17:34:20.901 [main] INFO  utilities.UtilityCustomFunctions - Retrieved Action Title:tskCreateEntity_SuccessUpdate
17:34:20.901 [main] INFO  testCases.TC015_CreateEntity_OOFS_SuccessUpdate - Action Type and Action Tile matches and also Task Button Enabled
17:34:21.912 [main] INFO  utilities.UtilityCustomFunctions - Out of for loop:false
17:34:25.103 [main] INFO  testCases.TC015_CreateEntity_OOFS_SuccessUpdate - Clicked Workflow and Navigated to Task Page
17:34:25.103 [main] INFO  testCases.TC015_CreateEntity_OOFS_SuccessUpdate - Task Active Create Entity - CreateEntityTarget  tskCreateEntity_SuccessUpdate
17:34:27.658 [main] INFO  utilities.UtilityCustomFunctions - Actual List Item:1is: Calls
17:34:27.658 [main] INFO  utilities.UtilityCustomFunctions - Expected List Item:CreateEntitySource
17:34:27.746 [main] INFO  utilities.UtilityCustomFunctions - Actual List Item:2is: Leads
17:34:27.746 [main] INFO  utilities.UtilityCustomFunctions - Expected List Item:CreateEntitySource
17:34:27.826 [main] INFO  utilities.UtilityCustomFunctions - Actual List Item:3is: Tickets
17:34:27.826 [main] INFO  utilities.UtilityCustomFunctions - Expected List Item:CreateEntitySource
17:34:27.940 [main] INFO  utilities.UtilityCustomFunctions - Actual List Item:4is: ENQUIRY MODULE
17:34:27.940 [main] INFO  utilities.UtilityCustomFunctions - Expected List Item:CreateEntitySource
17:34:28.010 [main] INFO  utilities.UtilityCustomFunctions - Actual List Item:5is: LEAD MODULE
17:34:28.010 [main] INFO  utilities.UtilityCustomFunctions - Expected List Item:CreateEntitySource
17:34:28.094 [main] INFO  utilities.UtilityCustomFunctions - Actual List Item:6is: OPPORTUNITY MODULE
17:34:28.094 [main] INFO  utilities.UtilityCustomFunctions - Expected List Item:CreateEntitySource
17:34:28.169 [main] INFO  utilities.UtilityCustomFunctions - Actual List Item:7is: PRIYAN TM ONE
17:34:28.169 [main] INFO  utilities.UtilityCustomFunctions - Expected List Item:CreateEntitySource
17:34:28.245 [main] INFO  utilities.UtilityCustomFunctions - Actual List Item:8is: PRIYAN TM TWO
17:34:28.245 [main] INFO  utilities.UtilityCustomFunctions - Expected List Item:CreateEntitySource
17:34:28.310 [main] INFO  utilities.UtilityCustomFunctions - Actual List Item:9is: PICKLIST TEST ONE
17:34:28.310 [main] INFO  utilities.UtilityCustomFunctions - Expected List Item:CreateEntitySource
17:34:28.376 [main] INFO  utilities.UtilityCustomFunctions - Actual List Item:10is: IVR Providers
17:34:28.376 [main] INFO  utilities.UtilityCustomFunctions - Expected List Item:CreateEntitySource
17:34:28.461 [main] INFO  utilities.UtilityCustomFunctions - Actual List Item:11is: PDF Makers
17:34:28.461 [main] INFO  utilities.UtilityCustomFunctions - Expected List Item:CreateEntitySource
17:34:28.527 [main] INFO  utilities.UtilityCustomFunctions - Actual List Item:12is: Chats
17:34:28.527 [main] INFO  utilities.UtilityCustomFunctions - Expected List Item:CreateEntitySource
17:34:28.595 [main] INFO  utilities.UtilityCustomFunctions - Actual List Item:13is: PRODUCTS
17:34:28.595 [main] INFO  utilities.UtilityCustomFunctions - Expected List Item:CreateEntitySource
17:34:28.660 [main] INFO  utilities.UtilityCustomFunctions - Actual List Item:14is: Email Templates
17:34:28.660 [main] INFO  utilities.UtilityCustomFunctions - Expected List Item:CreateEntitySource
17:34:28.730 [main] INFO  utilities.UtilityCustomFunctions - Actual List Item:15is: SMS Templates
17:34:28.730 [main] INFO  utilities.UtilityCustomFunctions - Expected List Item:CreateEntitySource
17:34:28.793 [main] INFO  utilities.UtilityCustomFunctions - Actual List Item:16is: WhatsApp Templates
17:34:28.793 [main] INFO  utilities.UtilityCustomFunctions - Expected List Item:CreateEntitySource
17:34:28.859 [main] INFO  utilities.UtilityCustomFunctions - Actual List Item:17is: Emails
17:34:28.859 [main] INFO  utilities.UtilityCustomFunctions - Expected List Item:CreateEntitySource
17:34:28.927 [main] INFO  utilities.UtilityCustomFunctions - Actual List Item:18is: SMS Notifiers
17:34:28.927 [main] INFO  utilities.UtilityCustomFunctions - Expected List Item:CreateEntitySource
17:34:28.995 [main] INFO  utilities.UtilityCustomFunctions - Actual List Item:19is: Notifications
17:34:28.995 [main] INFO  utilities.UtilityCustomFunctions - Expected List Item:CreateEntitySource
17:34:29.062 [main] INFO  utilities.UtilityCustomFunctions - Actual List Item:20is: Documents
17:34:29.062 [main] INFO  utilities.UtilityCustomFunctions - Expected List Item:CreateEntitySource
17:34:29.125 [main] INFO  utilities.UtilityCustomFunctions - Actual List Item:21is: Mail Manager
17:34:29.125 [main] INFO  utilities.UtilityCustomFunctions - Expected List Item:CreateEntitySource
17:34:29.197 [main] INFO  utilities.UtilityCustomFunctions - Actual List Item:22is: Track Locations
17:34:29.197 [main] INFO  utilities.UtilityCustomFunctions - Expected List Item:CreateEntitySource
17:34:29.260 [main] INFO  utilities.UtilityCustomFunctions - Actual List Item:23is: Attendances
17:34:29.260 [main] INFO  utilities.UtilityCustomFunctions - Expected List Item:CreateEntitySource
17:34:29.327 [main] INFO  utilities.UtilityCustomFunctions - Actual List Item:24is: SourceA
17:34:29.327 [main] INFO  utilities.UtilityCustomFunctions - Expected List Item:CreateEntitySource
17:34:29.395 [main] INFO  utilities.UtilityCustomFunctions - Actual List Item:25is: CreateEntityTarget
17:34:29.395 [main] INFO  utilities.UtilityCustomFunctions - Expected List Item:CreateEntitySource
17:34:29.460 [main] INFO  utilities.UtilityCustomFunctions - Actual List Item:26is: CreateEntitySource
17:34:29.460 [main] INFO  utilities.UtilityCustomFunctions - Expected List Item:CreateEntitySource
17:34:43.059 [main] INFO  utilities.UtilityCustomFunctions - Actual List Item:1is: Calls
17:34:43.059 [main] INFO  utilities.UtilityCustomFunctions - Expected List Item:CreateEntityTarget
17:34:43.127 [main] INFO  utilities.UtilityCustomFunctions - Actual List Item:2is: Leads
17:34:43.127 [main] INFO  utilities.UtilityCustomFunctions - Expected List Item:CreateEntityTarget
17:34:43.197 [main] INFO  utilities.UtilityCustomFunctions - Actual List Item:3is: Tickets
17:34:43.197 [main] INFO  utilities.UtilityCustomFunctions - Expected List Item:CreateEntityTarget
17:34:43.275 [main] INFO  utilities.UtilityCustomFunctions - Actual List Item:4is: ENQUIRY MODULE
17:34:43.275 [main] INFO  utilities.UtilityCustomFunctions - Expected List Item:CreateEntityTarget
17:34:43.409 [main] INFO  utilities.UtilityCustomFunctions - Actual List Item:5is: LEAD MODULE
17:34:43.409 [main] INFO  utilities.UtilityCustomFunctions - Expected List Item:CreateEntityTarget
17:34:43.494 [main] INFO  utilities.UtilityCustomFunctions - Actual List Item:6is: OPPORTUNITY MODULE
17:34:43.494 [main] INFO  utilities.UtilityCustomFunctions - Expected List Item:CreateEntityTarget
17:34:43.561 [main] INFO  utilities.UtilityCustomFunctions - Actual List Item:7is: PRIYAN TM ONE
17:34:43.561 [main] INFO  utilities.UtilityCustomFunctions - Expected List Item:CreateEntityTarget
17:34:43.627 [main] INFO  utilities.UtilityCustomFunctions - Actual List Item:8is: PRIYAN TM TWO
17:34:43.627 [main] INFO  utilities.UtilityCustomFunctions - Expected List Item:CreateEntityTarget
17:34:43.695 [main] INFO  utilities.UtilityCustomFunctions - Actual List Item:9is: PICKLIST TEST ONE
17:34:43.695 [main] INFO  utilities.UtilityCustomFunctions - Expected List Item:CreateEntityTarget
17:34:43.762 [main] INFO  utilities.UtilityCustomFunctions - Actual List Item:10is: IVR Providers
17:34:43.762 [main] INFO  utilities.UtilityCustomFunctions - Expected List Item:CreateEntityTarget
17:34:43.844 [main] INFO  utilities.UtilityCustomFunctions - Actual List Item:11is: PDF Makers
17:34:43.844 [main] INFO  utilities.UtilityCustomFunctions - Expected List Item:CreateEntityTarget
17:34:43.929 [main] INFO  utilities.UtilityCustomFunctions - Actual List Item:12is: Chats
17:34:43.929 [main] INFO  utilities.UtilityCustomFunctions - Expected List Item:CreateEntityTarget
17:34:44.011 [main] INFO  utilities.UtilityCustomFunctions - Actual List Item:13is: PRODUCTS
17:34:44.011 [main] INFO  utilities.UtilityCustomFunctions - Expected List Item:CreateEntityTarget
17:34:44.098 [main] INFO  utilities.UtilityCustomFunctions - Actual List Item:14is: Email Templates
17:34:44.098 [main] INFO  utilities.UtilityCustomFunctions - Expected List Item:CreateEntityTarget
17:34:44.183 [main] INFO  utilities.UtilityCustomFunctions - Actual List Item:15is: SMS Templates
17:34:44.183 [main] INFO  utilities.UtilityCustomFunctions - Expected List Item:CreateEntityTarget
17:34:44.261 [main] INFO  utilities.UtilityCustomFunctions - Actual List Item:16is: WhatsApp Templates
17:34:44.261 [main] INFO  utilities.UtilityCustomFunctions - Expected List Item:CreateEntityTarget
17:34:44.342 [main] INFO  utilities.UtilityCustomFunctions - Actual List Item:17is: Emails
17:34:44.342 [main] INFO  utilities.UtilityCustomFunctions - Expected List Item:CreateEntityTarget
17:34:44.410 [main] INFO  utilities.UtilityCustomFunctions - Actual List Item:18is: SMS Notifiers
17:34:44.410 [main] INFO  utilities.UtilityCustomFunctions - Expected List Item:CreateEntityTarget
17:34:44.494 [main] INFO  utilities.UtilityCustomFunctions - Actual List Item:19is: Notifications
