17:56:05.051 [main] INFO  utilities.UtilityCustomFunctions - Hours://div[@class='popover-content']//div[@class='clockpicker-tick' and text()='5']
17:56:16.724 [main] INFO  utilities.UtilityCustomFunctions - Actual Date Selected :02-06-2024
17:56:20.381 [main] INFO  testCases.ExecuteTask.Notification.TC044_NT_ET_ETRM_DateBeforeDays - [Mr.] is selected in List
17:56:21.957 [main] INFO  utilities.UtilityCustomFunctions - DuplicateAddName entered in  input
17:56:23.470 [main] INFO  utilities.UtilityCustomFunctions - 2323232323 entered in  input
17:56:24.921 [main] INFO  utilities.UtilityCustomFunctions - 1,000 entered in  input
17:56:26.605 [main] INFO  utilities.UtilityCustomFunctions - http://www.mvnrepository.com/ entered in  input
17:56:27.725 [main] INFO  utilities.UtilityCustomFunctions - City Drop Down clicked
17:56:31.047 [main] INFO  testCases.ExecuteTask.Notification.TC044_NT_ET_ETRM_DateBeforeDays - [Chennai] is selected in List
17:56:31.047 [main] INFO  utilities.UtilityCustomFunctions - City Selected: Chennai
17:56:32.167 [main] INFO  utilities.UtilityCustomFunctions - State Drop Down clicked
17:56:35.763 [main] INFO  testCases.ExecuteTask.Notification.TC044_NT_ET_ETRM_DateBeforeDays - [Tamilnadu] is selected in List
17:56:35.763 [main] INFO  utilities.UtilityCustomFunctions - State Selected: Tamilnadu
17:56:36.903 [main] INFO  utilities.UtilityCustomFunctions - Country List clicked
17:56:40.185 [main] INFO  testCases.ExecuteTask.Notification.TC044_NT_ET_ETRM_DateBeforeDays - [India] is selected in List
17:56:40.185 [main] INFO  utilities.UtilityCustomFunctions - Country Selected: India
17:56:57.142 [main] INFO  utilities.UtilityCustomFunctions - RelatedModuleText entered in  input
17:56:57.160 [main] INFO  utilities.UtilityCustomFunctions - Search Button clicked in Related Module Window
17:57:01.088 [main] INFO  utilities.UtilityCustomFunctions - Button Search
17:57:04.168 [main] INFO  utilities.UtilityCustomFunctions - table row Count:1
17:57:12.853 [main] INFO  utilities.UtilityCustomFunctions - Related Module Value Selected
17:57:23.431 [main] INFO  utilities.UtilityCustomFunctions - Header Toggle Already ON
17:57:32.734 [main] INFO  utilities.UtilityCustomFunctions - New Record added in: ETNotification
17:57:32.739 [main] INFO  utilities.UtilityCustomFunctions - Excel file Utility instance created
17:57:32.771 [main] INFO  utilities.UtilityCustomFunctions - Row Count to Add Values: 1
17:57:32.792 [main] INFO  utilities.UtilityCustomFunctions - Col Count is: 36
17:57:32.792 [main] INFO  utilities.UtilityCustomFunctions - Extracting DataSheet Values started...
17:57:33.314 [main] INFO  utilities.UtilityCustomFunctions - Before Verify Detail Summary Module data
17:57:39.351 [main] INFO  utilities.UtilityCustomFunctions - Header Toggle Already ON
17:57:39.384 [main] INFO  utilities.UtilityCustomFunctions - Summary View Already OFF
17:57:39.775 [main] INFO  utilities.UtilityCustomFunctions - Actual:ETNotification
17:57:39.776 [main] INFO  utilities.UtilityCustomFunctions - Expected:ETNotification
17:57:39.776 [main] INFO  utilities.UtilityCustomFunctions - Message:Module Name in SummaryDetail View Page
17:57:46.451 [main] INFO  utilities.UtilityCustomFunctions - sAssign1:RsoftsAssign2:IT
17:57:46.451 [main] INFO  utilities.UtilityCustomFunctions - Get Text:
17:57:46.767 [main] INFO  utilities.UtilityCustomFunctions - Actual:Rsoft IT
17:57:46.767 [main] INFO  utilities.UtilityCustomFunctions - Expected:Rsoft IT
17:57:46.767 [main] INFO  utilities.UtilityCustomFunctions - Message:Assigned To-Summary Title
17:57:47.982 [main] INFO  utilities.UtilityCustomFunctions - Actual:+91 1234567890
17:57:47.982 [main] INFO  utilities.UtilityCustomFunctions - Expected:+91 1234567890
17:57:47.982 [main] INFO  utilities.UtilityCustomFunctions - Message:Phone Number - Summary Title
17:57:49.182 [main] INFO  utilities.UtilityCustomFunctions - Actual:DuplicateAdd@gmail.com
17:57:49.182 [main] INFO  utilities.UtilityCustomFunctions - Expected:DuplicateAdd@gmail.com
17:57:49.182 [main] INFO  utilities.UtilityCustomFunctions - Message:Email - Summary Title
17:57:50.533 [main] INFO  utilities.UtilityCustomFunctions - Actual:Rsoft IT
17:57:50.533 [main] INFO  utilities.UtilityCustomFunctions - Expected:Rsoft IT
17:57:50.533 [main] INFO  utilities.UtilityCustomFunctions - Message:Assigned To - Summary View Page : 
17:57:51.892 [main] INFO  utilities.UtilityCustomFunctions - Actual:+91 1234567890
17:57:51.892 [main] INFO  utilities.UtilityCustomFunctions - Expected:+91 1234567890
17:57:51.892 [main] INFO  utilities.UtilityCustomFunctions - Message:Mobile Number - Summary View Page : @Duplicate Record
17:57:53.186 [main] INFO  utilities.UtilityCustomFunctions - Actual:DuplicateAdd@gmail.com
17:57:53.186 [main] INFO  utilities.UtilityCustomFunctions - Expected:DuplicateAdd@gmail.com
17:57:53.186 [main] INFO  utilities.UtilityCustomFunctions - Message:Email - Summary View Page: @Duplicate Record
17:57:54.553 [main] INFO  utilities.UtilityCustomFunctions - Actual:DuplicateAddText
17:57:54.553 [main] INFO  utilities.UtilityCustomFunctions - Expected:DuplicateAddText
17:57:54.553 [main] INFO  utilities.UtilityCustomFunctions - Message:Text - Summary View Page:@Duplicate Record
17:57:55.886 [main] INFO  utilities.UtilityCustomFunctions - Actual:four,five
17:57:55.886 [main] INFO  utilities.UtilityCustomFunctions - Expected:four,five
17:57:55.886 [main] INFO  utilities.UtilityCustomFunctions - Message:MultiComboValues - Summary View Page:  @Duplicate Record
17:57:57.202 [main] INFO  utilities.UtilityCustomFunctions - Actual:DuplicateAddTextArea
17:57:57.202 [main] INFO  utilities.UtilityCustomFunctions - Expected:DuplicateAddTextArea
17:57:57.202 [main] INFO  utilities.UtilityCustomFunctions - Message:Text Area - Summary View Page:  @Duplicate Record
17:57:58.519 [main] INFO  utilities.UtilityCustomFunctions - Actual:Yes
17:57:58.519 [main] INFO  utilities.UtilityCustomFunctions - Expected:Yes
17:57:58.519 [main] INFO  utilities.UtilityCustomFunctions - Message:CheckBox - Summary View Page:   @Duplicate Record
17:57:59.852 [main] INFO  utilities.UtilityCustomFunctions - Actual:02-06-2024
17:57:59.852 [main] INFO  utilities.UtilityCustomFunctions - Expected:02-06-2024
17:57:59.852 [main] INFO  utilities.UtilityCustomFunctions - Message:Date - Summary View Page:  @Duplicate Record
17:58:01.170 [main] INFO  utilities.UtilityCustomFunctions - Actual:1
17:58:01.170 [main] INFO  utilities.UtilityCustomFunctions - Expected:1
17:58:01.170 [main] INFO  utilities.UtilityCustomFunctions - Message:PickList - Summary View Page:  @Duplicate Record
17:58:02.651 [main] INFO  utilities.UtilityCustomFunctions - Actual:annie-spratt
17:58:02.651 [main] INFO  utilities.UtilityCustomFunctions - Expected:annie-spratt
17:58:02.651 [main] INFO  utilities.UtilityCustomFunctions - Message:File Upload - Summary View Page: @Duplicate Record
17:58:03.984 [main] INFO  utilities.UtilityCustomFunctions - Actual:30-05-2024 05:48:31 PM
17:58:03.984 [main] INFO  utilities.UtilityCustomFunctions - Expected:30-05-2024 05:48:31 PM
17:58:03.984 [main] INFO  utilities.UtilityCustomFunctions - Message:Date & Time - Summary View Page:   @Duplicate Record
17:58:05.316 [main] INFO  utilities.UtilityCustomFunctions - Actual:05:00:00 PM
17:58:05.316 [main] INFO  utilities.UtilityCustomFunctions - Expected:05:00:00 PM
17:58:05.316 [main] INFO  utilities.UtilityCustomFunctions - Message:Time - Summary View Page:   @Duplicate Record
17:58:06.667 [main] INFO  utilities.UtilityCustomFunctions - Actual:
17:58:06.667 [main] INFO  utilities.UtilityCustomFunctions - Expected:Mr. DuplicateAddName
17:58:06.667 [main] INFO  utilities.UtilityCustomFunctions - Message:Name - Summary View Page:   @Duplicate Record
17:58:06.767 [main] INFO  utilities.UtilityCustomFunctions - Actual:2323232323
17:58:06.767 [main] INFO  utilities.UtilityCustomFunctions - Expected:2323232323
17:58:06.767 [main] INFO  utilities.UtilityCustomFunctions - Message:Number - Summary View Page:   @Duplicate Record
17:58:08.068 [main] INFO  utilities.UtilityCustomFunctions - Actual:1,000
17:58:08.068 [main] INFO  utilities.UtilityCustomFunctions - Expected:1,000
17:58:08.068 [main] INFO  utilities.UtilityCustomFunctions - Message:Currency - Summary View Page:   @Duplicate Record
17:58:09.331 [main] INFO  utilities.UtilityCustomFunctions - Actual:http://www.mvnrepository.com/
17:58:09.331 [main] INFO  utilities.UtilityCustomFunctions - Expected:http://www.mvnrepository.com/
17:58:09.331 [main] INFO  utilities.UtilityCustomFunctions - Message:URL - Summary View Page:  @Duplicate Record
17:58:10.632 [main] INFO  utilities.UtilityCustomFunctions - Actual:
17:58:10.632 [main] INFO  utilities.UtilityCustomFunctions - Expected:Chennai
17:58:10.632 [main] INFO  utilities.UtilityCustomFunctions - Message:City - Summary View Page: @Duplicate Record
17:58:10.734 [main] INFO  utilities.UtilityCustomFunctions - Actual:Tamilnadu
17:58:10.734 [main] INFO  utilities.UtilityCustomFunctions - Expected:Tamilnadu
17:58:10.734 [main] INFO  utilities.UtilityCustomFunctions - Message:State - Summary View Page:@Duplicate Record
17:58:12.051 [main] INFO  utilities.UtilityCustomFunctions - Actual:India
17:58:12.051 [main] INFO  utilities.UtilityCustomFunctions - Expected:India
17:58:12.051 [main] INFO  utilities.UtilityCustomFunctions - Message:Country - Summary View Page:  @Duplicate Record
17:58:13.433 [main] INFO  utilities.UtilityCustomFunctions - Actual:RelatedModuleText
17:58:13.433 [main] INFO  utilities.UtilityCustomFunctions - Expected:RelatedModuleText
17:58:13.433 [main] INFO  utilities.UtilityCustomFunctions - Message:Related Module Text - Summary View Page:  @Duplicate Record
17:58:15.317 [main] INFO  utilities.UtilityCustomFunctions - Summary View Set ON
17:58:24.627 [main] INFO  utilities.UtilityCustomFunctions - Actual:Rsoft IT
17:58:24.627 [main] INFO  utilities.UtilityCustomFunctions - Expected:Rsoft IT
17:58:24.627 [main] INFO  utilities.UtilityCustomFunctions - Message:AssignedTo - Detail View Page:   @Duplicate Record
17:58:25.951 [main] INFO  utilities.UtilityCustomFunctions - sActDTMobileNumber +91
  1234567890
17:58:25.951 [main] INFO  utilities.UtilityCustomFunctions - Actual:+91 1234567890
17:58:25.951 [main] INFO  utilities.UtilityCustomFunctions - Expected:+91 1234567890
17:58:25.951 [main] INFO  utilities.UtilityCustomFunctions - Message:Mobile Number - Detail View Page:   @Duplicate Record
17:58:27.235 [main] INFO  utilities.UtilityCustomFunctions - Actual:DuplicateAdd@gmail.com
17:58:27.235 [main] INFO  utilities.UtilityCustomFunctions - Expected:DuplicateAdd@gmail.com
17:58:27.235 [main] INFO  utilities.UtilityCustomFunctions - Message:Email - Detail View Page: @Duplicate Record
17:58:28.553 [main] INFO  utilities.UtilityCustomFunctions - Actual:DuplicateAddText
17:58:28.553 [main] INFO  utilities.UtilityCustomFunctions - Expected:DuplicateAddText
17:58:28.553 [main] INFO  utilities.UtilityCustomFunctions - Message:Text - Detail View Page:  @Duplicate Record
17:58:29.883 [main] INFO  utilities.UtilityCustomFunctions - Actual:four,five
17:58:29.884 [main] INFO  utilities.UtilityCustomFunctions - Expected:four,five
17:58:29.884 [main] INFO  utilities.UtilityCustomFunctions - Message:MultiCombo - Detail View Page:   @Duplicate Record
17:58:31.169 [main] INFO  utilities.UtilityCustomFunctions - Actual:DuplicateAddTextArea
17:58:31.169 [main] INFO  utilities.UtilityCustomFunctions - Expected:DuplicateAddTextArea
17:58:31.169 [main] INFO  utilities.UtilityCustomFunctions - Message:TextArea - Detail View Page:  @Duplicate Record
17:58:32.456 [main] INFO  utilities.UtilityCustomFunctions - Actual:Yes
17:58:32.456 [main] INFO  utilities.UtilityCustomFunctions - Expected:Yes
17:58:32.456 [main] INFO  utilities.UtilityCustomFunctions - Message:CheckBox - Detail View Page: @Duplicate Record
17:58:33.805 [main] INFO  utilities.UtilityCustomFunctions - Actual:02-06-2024
17:58:33.805 [main] INFO  utilities.UtilityCustomFunctions - Expected:02-06-2024
17:58:33.805 [main] INFO  utilities.UtilityCustomFunctions - Message:Date - Detail View Page: @Duplicate Record
17:58:35.102 [main] INFO  utilities.UtilityCustomFunctions - Actual:1
17:58:35.102 [main] INFO  utilities.UtilityCustomFunctions - Expected:1
17:58:35.102 [main] INFO  utilities.UtilityCustomFunctions - Message:PickList - Detail View Page:   @Duplicate Record
17:58:36.584 [main] INFO  utilities.UtilityCustomFunctions - Actual:annie-spratt
17:58:36.584 [main] INFO  utilities.UtilityCustomFunctions - Expected:annie-spratt
17:58:36.584 [main] INFO  utilities.UtilityCustomFunctions - Message:File Upload - Detail View Page:   @Duplicate Record
17:58:37.931 [main] INFO  utilities.UtilityCustomFunctions - Actual:30-05-2024 05:48:31 PM
17:58:37.931 [main] INFO  utilities.UtilityCustomFunctions - Expected:30-05-2024 05:48:31 PM
17:58:37.931 [main] INFO  utilities.UtilityCustomFunctions - Message:Date & Time - Detail View Page: @Duplicate Record
17:58:39.232 [main] INFO  utilities.UtilityCustomFunctions - Actual:05:00:00 PM
17:58:39.232 [main] INFO  utilities.UtilityCustomFunctions - Expected:05:00:00 PM
17:58:39.232 [main] INFO  utilities.UtilityCustomFunctions - Message:Time - Detail View Page:    @Duplicate Record
17:58:40.533 [main] INFO  utilities.UtilityCustomFunctions - ActualNameDT: Mr. DuplicateAddName ExpectedNameDT: Mr. DuplicateAddName
17:58:40.533 [main] INFO  utilities.UtilityCustomFunctions - Actual:Mr. DuplicateAddName
17:58:40.533 [main] INFO  utilities.UtilityCustomFunctions - Expected:Mr. DuplicateAddName
17:58:40.533 [main] INFO  utilities.UtilityCustomFunctions - Message:Name - Detail View Page:  @Duplicate Record
17:58:41.851 [main] INFO  utilities.UtilityCustomFunctions - Actual:2323232323
17:58:41.851 [main] INFO  utilities.UtilityCustomFunctions - Expected:2323232323
17:58:41.851 [main] INFO  utilities.UtilityCustomFunctions - Message:Number - Detail View Page:  @Duplicate Record
17:58:43.150 [main] INFO  utilities.UtilityCustomFunctions - Actual:1,000
17:58:43.150 [main] INFO  utilities.UtilityCustomFunctions - Expected:1,000
17:58:43.150 [main] INFO  utilities.UtilityCustomFunctions - Message:Currency - Detail View Page:  @Duplicate Record
17:58:44.383 [main] INFO  utilities.UtilityCustomFunctions - Actual:http://www.mvnrepository.com/
17:58:44.383 [main] INFO  utilities.UtilityCustomFunctions - Expected:http://www.mvnrepository.com/
17:58:44.383 [main] INFO  utilities.UtilityCustomFunctions - Message:URL - Detail View Page:  @Duplicate Record
17:58:48.782 [main] INFO  utilities.UtilityCustomFunctions - Actual:Chennai
17:58:48.782 [main] INFO  utilities.UtilityCustomFunctions - Expected:Chennai
17:58:48.782 [main] INFO  utilities.UtilityCustomFunctions - Message:City - Detail View Page:   @Duplicate Record
17:58:50.082 [main] INFO  utilities.UtilityCustomFunctions - Actual:Tamilnadu
17:58:50.082 [main] INFO  utilities.UtilityCustomFunctions - Expected:Tamilnadu
17:58:50.082 [main] INFO  utilities.UtilityCustomFunctions - Message:State - Detail View Page:   @Duplicate Record
17:58:51.400 [main] INFO  utilities.UtilityCustomFunctions - Actual:India
17:58:51.400 [main] INFO  utilities.UtilityCustomFunctions - Expected:India
17:58:51.400 [main] INFO  utilities.UtilityCustomFunctions - Message:Country - Detail View Page:  @Duplicate Record
17:58:52.749 [main] INFO  utilities.UtilityCustomFunctions - Actual:RelatedModuleText
17:58:52.749 [main] INFO  utilities.UtilityCustomFunctions - Expected:RelatedModuleText
17:58:52.749 [main] INFO  utilities.UtilityCustomFunctions - Message:Related Module Text - Detail View Page:  @Duplicate Record
17:59:05.668 [main] INFO  utilities.UtilityCustomFunctions - testing entered in  input
17:59:06.086 [main] INFO  utilities.UtilityCustomFunctions - dCr2KGiHBrC2!@ entered in  input
17:59:34.690 [main] INFO  testCases.ExecuteTask.Notification.TC044_NT_ET_ETRM_DateBeforeDays - [PRIMARY (DESC)] is selected in List
17:59:39.703 [main] INFO  utilities.UtilityCustomFunctions - Entity Id Searched: 126346
17:59:44.129 [main] INFO  utilities.UtilityCustomFunctions - Entity Id Searched: 126346
17:59:45.476 [main] INFO  utilities.UtilityCustomFunctions - Passed: Actual EntityId: 126346 Not Created in DB for Every Time Record Modifies condition for DateBeforeDays Task @Duplicate Record
17:59:54.028 [main] INFO  utilities.UtilityCustomFunctions - PRIYAN entered in  input
17:59:55.619 [main] INFO  utilities.UtilityCustomFunctions - rsoft entered in  input
17:59:57.128 [main] INFO  utilities.UtilityCustomFunctions - RSoft!@345 entered in  input
18:00:26.314 [main] INFO  utilities.UtilityCustomFunctions - Excel file Utility instance created
18:05:45.625 [main] INFO  utilities.UtilityCustomFunctions - ******starting TC044_NT_ET_ETRM_DateBeforeDays ****
18:05:45.632 [main] INFO  utilities.UtilityCustomFunctions - Browser Execution on: chrome
18:05:45.636 [main] INFO  utilities.UtilityCustomFunctions - Excel file Utility instance created
18:05:46.863 [main] INFO  utilities.UtilityCustomFunctions - Total rows: 1
18:05:47.008 [main] INFO  utilities.UtilityCustomFunctions - Cols Count: 37
18:05:47.008 [main] INFO  utilities.UtilityCustomFunctions - Extracting DataSheet Values started...
18:05:53.084 [main] INFO  utilities.UtilityCustomFunctions - PRIYAN entered in  input
18:05:54.779 [main] INFO  utilities.UtilityCustomFunctions - rsoft entered in  input
18:05:56.911 [main] INFO  utilities.UtilityCustomFunctions - RSoft!@345 entered in  input
18:06:05.640 [main] INFO  testCases.ExecuteTask.Notification.TC044_NT_ET_ETRM_DateBeforeDays - Clicked Avatar
18:06:09.649 [main] INFO  testCases.ExecuteTask.Notification.TC044_NT_ET_ETRM_DateBeforeDays - Clicked Menu CRM Setting
18:06:11.910 [main] INFO  testCases.ExecuteTask.Notification.TC044_NT_ET_ETRM_DateBeforeDays - Clicked Menu Other Setting
18:06:16.355 [main] INFO  testCases.ExecuteTask.Notification.TC044_NT_ET_ETRM_DateBeforeDays - Clicked Menu Item Workflow
18:06:16.678 [main] INFO  testCases.ExecuteTask.Notification.TC044_NT_ET_ETRM_DateBeforeDays - Clicked Workflow from Combox Box List
18:06:18.689 [main] INFO  testCases.ExecuteTask.Notification.TC044_NT_ET_ETRM_DateBeforeDays - Item to be selected:  ETNotification Workflow
18:06:24.864 [main] INFO  testCases.ExecuteTask.Notification.TC044_NT_ET_ETRM_DateBeforeDays - [ETNotification Workflow] is selected in List
18:06:24.865 [main] INFO  testCases.ExecuteTask.Notification.TC044_NT_ET_ETRM_DateBeforeDays - Item selected in combox Box  ETNotification Workflow
18:06:27.874 [main] INFO  testCases.ExecuteTask.Notification.TC044_NT_ET_ETRM_DateBeforeDays - Selected Module to View its Workflows
18:06:28.102 [main] INFO  testCases.ExecuteTask.Notification.TC044_NT_ET_ETRM_DateBeforeDays - Module,workflow,conditions not matched 
18:06:28.103 [main] INFO  testCases.ExecuteTask.Notification.TC044_NT_ET_ETRM_DateBeforeDays - bCurrentWFStatus: false
18:06:28.226 [main] INFO  testCases.ExecuteTask.Notification.TC044_NT_ET_ETRM_DateBeforeDays - Module,workflow,conditions not matched 
18:06:28.226 [main] INFO  testCases.ExecuteTask.Notification.TC044_NT_ET_ETRM_DateBeforeDays - bCurrentWFStatus: false
18:06:28.342 [main] INFO  testCases.ExecuteTask.Notification.TC044_NT_ET_ETRM_DateBeforeDays - Module,workflow,condition matches
18:06:28.342 [main] INFO  testCases.ExecuteTask.Notification.TC044_NT_ET_ETRM_DateBeforeDays - bCurrentWFStatus: true
18:06:28.342 [main] INFO  testCases.ExecuteTask.Notification.TC044_NT_ET_ETRM_DateBeforeDays - wf_ET_ETRM_NotificationsWorkflow enabled
18:06:28.357 [main] INFO  utilities.UtilityCustomFunctions - wf_ET_ETRM_NotificationsDisabled Workflow Manually Enabled
18:06:28.357 [main] INFO  testCases.ExecuteTask.Notification.TC044_NT_ET_ETRM_DateBeforeDays - true:3
18:06:35.443 [main] INFO  testCases.ExecuteTask.Notification.TC044_NT_ET_ETRM_DateBeforeDays - Work flow clicked
18:06:42.216 [main] INFO  testCases.ExecuteTask.Notification.TC044_NT_ET_ETRM_DateBeforeDays - Cliked Step 1 Next Button to Condition Page
18:06:47.495 [main] INFO  testCases.ExecuteTask.Notification.TC044_NT_ET_ETRM_DateBeforeDays - Cliked Step 2 Next Button to Task List Page
18:06:48.508 [main] INFO  testCases.ExecuteTask.Notification.TC044_NT_ET_ETRM_DateBeforeDays - Clicked Workflow and Navigated to Task Page
18:06:48.555 [main] INFO  testCases.ExecuteTask.Notification.TC044_NT_ET_ETRM_DateBeforeDays - Number of Tasks Listed for this Workflow: wf_ET_ETRM_Notifications : 18
18:06:48.824 [main] INFO  utilities.UtilityCustomFunctions - Retrieved Action Type:notifications
  Send notification
18:06:48.824 [main] INFO  utilities.UtilityCustomFunctions - Retrieved Action Title:tskNT_ExecuteTask_TimeAfterMinutes
18:06:48.824 [main] INFO  utilities.UtilityCustomFunctions - Retrieved Expected Action Type:Send notification
18:06:48.824 [main] INFO  utilities.UtilityCustomFunctions - Retrieved Expected Action Title:tskNT_ExecuteTask_DateBeforeDays
18:06:49.024 [main] INFO  utilities.UtilityCustomFunctions - Retrieved Action Type:notifications
  Send notification
18:06:49.024 [main] INFO  utilities.UtilityCustomFunctions - Retrieved Action Title:tskNT_ExecuteTask_DTBeforeDays
18:06:49.024 [main] INFO  utilities.UtilityCustomFunctions - Retrieved Expected Action Type:Send notification
18:06:49.024 [main] INFO  utilities.UtilityCustomFunctions - Retrieved Expected Action Title:tskNT_ExecuteTask_DateBeforeDays
18:06:49.292 [main] INFO  utilities.UtilityCustomFunctions - Retrieved Action Type:notifications
  Send notification
18:06:49.292 [main] INFO  utilities.UtilityCustomFunctions - Retrieved Action Title:tskNT_ExecuteTask_DTBeforeHours
18:06:49.292 [main] INFO  utilities.UtilityCustomFunctions - Retrieved Expected Action Type:Send notification
18:06:49.292 [main] INFO  utilities.UtilityCustomFunctions - Retrieved Expected Action Title:tskNT_ExecuteTask_DateBeforeDays
18:06:49.525 [main] INFO  utilities.UtilityCustomFunctions - Retrieved Action Type:notifications
  Send notification
18:06:49.525 [main] INFO  utilities.UtilityCustomFunctions - Retrieved Action Title:tskNT_ExecuteTask_DTBeforeMinutes
18:06:49.525 [main] INFO  utilities.UtilityCustomFunctions - Retrieved Expected Action Type:Send notification
18:06:49.525 [main] INFO  utilities.UtilityCustomFunctions - Retrieved Expected Action Title:tskNT_ExecuteTask_DateBeforeDays
18:06:49.724 [main] INFO  utilities.UtilityCustomFunctions - Retrieved Action Type:notifications
  Send notification
18:06:49.724 [main] INFO  utilities.UtilityCustomFunctions - Retrieved Action Title:tskNT_ExecuteTask_DTAfterDays
18:06:49.724 [main] INFO  utilities.UtilityCustomFunctions - Retrieved Expected Action Type:Send notification
18:06:49.724 [main] INFO  utilities.UtilityCustomFunctions - Retrieved Expected Action Title:tskNT_ExecuteTask_DateBeforeDays
18:06:49.941 [main] INFO  utilities.UtilityCustomFunctions - Retrieved Action Type:notifications
  Send notification
18:06:49.941 [main] INFO  utilities.UtilityCustomFunctions - Retrieved Action Title:tskNT_ExecuteTask_DTAfterMinutes
18:06:49.941 [main] INFO  utilities.UtilityCustomFunctions - Retrieved Expected Action Type:Send notification
18:06:49.941 [main] INFO  utilities.UtilityCustomFunctions - Retrieved Expected Action Title:tskNT_ExecuteTask_DateBeforeDays
18:06:50.141 [main] INFO  utilities.UtilityCustomFunctions - Retrieved Action Type:notifications
  Send notification
18:06:50.141 [main] INFO  utilities.UtilityCustomFunctions - Retrieved Action Title:tskNT_ExecuteTask_DTAfterHours
18:06:50.141 [main] INFO  utilities.UtilityCustomFunctions - Retrieved Expected Action Type:Send notification
18:06:50.141 [main] INFO  utilities.UtilityCustomFunctions - Retrieved Expected Action Title:tskNT_ExecuteTask_DateBeforeDays
18:06:50.356 [main] INFO  utilities.UtilityCustomFunctions - Retrieved Action Type:notifications
  Send notification
18:06:50.356 [main] INFO  utilities.UtilityCustomFunctions - Retrieved Action Title:tskNT_ExecuteTask_TimeBeforeMinutes
18:06:50.356 [main] INFO  utilities.UtilityCustomFunctions - Retrieved Expected Action Type:Send notification
18:06:50.356 [main] INFO  utilities.UtilityCustomFunctions - Retrieved Expected Action Title:tskNT_ExecuteTask_DateBeforeDays
18:06:50.575 [main] INFO  utilities.UtilityCustomFunctions - Retrieved Action Type:notifications
  Send notification
18:06:50.575 [main] INFO  utilities.UtilityCustomFunctions - Retrieved Action Title:tskNT_ExecuteTask_TimeBeforeHours
18:06:50.575 [main] INFO  utilities.UtilityCustomFunctions - Retrieved Expected Action Type:Send notification
18:06:50.575 [main] INFO  utilities.UtilityCustomFunctions - Retrieved Expected Action Title:tskNT_ExecuteTask_DateBeforeDays
18:06:50.816 [main] INFO  utilities.UtilityCustomFunctions - Retrieved Action Type:notifications
  Send notification
18:06:50.816 [main] INFO  utilities.UtilityCustomFunctions - Retrieved Action Title:tskNT_ExecuteTask_CTAfterMinutes
18:06:50.816 [main] INFO  utilities.UtilityCustomFunctions - Retrieved Expected Action Type:Send notification
18:06:50.816 [main] INFO  utilities.UtilityCustomFunctions - Retrieved Expected Action Title:tskNT_ExecuteTask_DateBeforeDays
18:06:51.075 [main] INFO  utilities.UtilityCustomFunctions - Retrieved Action Type:notifications
  Send notification
18:06:51.075 [main] INFO  utilities.UtilityCustomFunctions - Retrieved Action Title:tskNT_ExecuteTask_TimeAfterHours
18:06:51.075 [main] INFO  utilities.UtilityCustomFunctions - Retrieved Expected Action Type:Send notification
18:06:51.075 [main] INFO  utilities.UtilityCustomFunctions - Retrieved Expected Action Title:tskNT_ExecuteTask_DateBeforeDays
18:06:51.291 [main] INFO  utilities.UtilityCustomFunctions - Retrieved Action Type:notifications
  Send notification
18:06:51.291 [main] INFO  utilities.UtilityCustomFunctions - Retrieved Action Title:tskNT_ExecuteTask_DateBeforeDays
18:06:51.291 [main] INFO  utilities.UtilityCustomFunctions - Retrieved Expected Action Type:Send notification
18:06:51.291 [main] INFO  utilities.UtilityCustomFunctions - Retrieved Expected Action Title:tskNT_ExecuteTask_DateBeforeDays
18:06:51.291 [main] INFO  testCases.ExecuteTask.Notification.TC044_NT_ET_ETRM_DateBeforeDays - Action Type and Action Tile matches and also Task Button Enabled
18:06:51.491 [main] INFO  utilities.UtilityCustomFunctions - Retrieved Action Type:notifications
  Send notification
18:06:51.491 [main] INFO  utilities.UtilityCustomFunctions - Retrieved Action Title:tskNT_ExecuteTask_DateAfterDays
18:06:51.491 [main] INFO  utilities.UtilityCustomFunctions - Retrieved Expected Action Type:Send notification
18:06:51.491 [main] INFO  utilities.UtilityCustomFunctions - Retrieved Expected Action Title:tskNT_ExecuteTask_DateBeforeDays
18:06:51.691 [main] INFO  utilities.UtilityCustomFunctions - Retrieved Action Type:notifications
  Send notification
18:06:51.691 [main] INFO  utilities.UtilityCustomFunctions - Retrieved Action Title:tskNT_ExecuteTask_MTAfterDays
18:06:51.691 [main] INFO  utilities.UtilityCustomFunctions - Retrieved Expected Action Type:Send notification
18:06:51.691 [main] INFO  utilities.UtilityCustomFunctions - Retrieved Expected Action Title:tskNT_ExecuteTask_DateBeforeDays
18:06:51.917 [main] INFO  utilities.UtilityCustomFunctions - Retrieved Action Type:notifications
  Send notification
18:06:51.917 [main] INFO  utilities.UtilityCustomFunctions - Retrieved Action Title:tskNT_ExecuteTask_MTAfterHours
18:06:51.917 [main] INFO  utilities.UtilityCustomFunctions - Retrieved Expected Action Type:Send notification
18:06:51.917 [main] INFO  utilities.UtilityCustomFunctions - Retrieved Expected Action Title:tskNT_ExecuteTask_DateBeforeDays
18:06:52.123 [main] INFO  utilities.UtilityCustomFunctions - Retrieved Action Type:notifications
  Send notification
18:06:52.123 [main] INFO  utilities.UtilityCustomFunctions - Retrieved Action Title:tskNT_ExecuteTask_MTAfterMinutes
18:06:52.123 [main] INFO  utilities.UtilityCustomFunctions - Retrieved Expected Action Type:Send notification
18:06:52.123 [main] INFO  utilities.UtilityCustomFunctions - Retrieved Expected Action Title:tskNT_ExecuteTask_DateBeforeDays
18:06:52.358 [main] INFO  utilities.UtilityCustomFunctions - Retrieved Action Type:notifications
  Send notification
18:06:52.358 [main] INFO  utilities.UtilityCustomFunctions - Retrieved Action Title:tskNT_ExecuteTask_CTAfterDays
18:06:52.358 [main] INFO  utilities.UtilityCustomFunctions - Retrieved Expected Action Type:Send notification
18:06:52.358 [main] INFO  utilities.UtilityCustomFunctions - Retrieved Expected Action Title:tskNT_ExecuteTask_DateBeforeDays
18:06:52.574 [main] INFO  utilities.UtilityCustomFunctions - Retrieved Action Type:notifications
  Send notification
18:06:52.574 [main] INFO  utilities.UtilityCustomFunctions - Retrieved Action Title:tskNT_ExecuteTask_CTAfterHours
18:06:52.574 [main] INFO  utilities.UtilityCustomFunctions - Retrieved Expected Action Type:Send notification
18:06:52.574 [main] INFO  utilities.UtilityCustomFunctions - Retrieved Expected Action Title:tskNT_ExecuteTask_DateBeforeDays
18:06:53.589 [main] INFO  utilities.UtilityCustomFunctions - Out of for loop:false
18:06:56.314 [main] INFO  testCases.ExecuteTask.Notification.TC044_NT_ET_ETRM_DateBeforeDays - Clicked Workflow and Navigated to Task Page
18:06:56.314 [main] INFO  testCases.ExecuteTask.Notification.TC044_NT_ET_ETRM_DateBeforeDays - Task Active Send notification  tskNT_ExecuteTask_DateBeforeDays
18:07:06.986 [main] INFO  utilities.UtilityCustomFunctions - Click Source Module:ETNotification
18:07:10.120 [main] INFO  utilities.UtilityCustomFunctions - Add New Record clicked:ETNotification
18:07:12.126 [main] INFO  utilities.UtilityCustomFunctions - Excel file Utility instance created
18:07:12.274 [main] INFO  utilities.UtilityCustomFunctions - Row Count to Add Values: 1
18:07:12.391 [main] INFO  utilities.UtilityCustomFunctions - Col Count is: 37
18:07:12.391 [main] INFO  utilities.UtilityCustomFunctions - Extracting DataSheet Values started...
18:07:13.654 [main] INFO  utilities.UtilityCustomFunctions - Before Adding Module data
18:07:14.890 [main] INFO  utilities.UtilityCustomFunctions - Assinged To Drop Down clicked
18:07:20.219 [main] INFO  testCases.ExecuteTask.Notification.TC044_NT_ET_ETRM_DateBeforeDays - [Rsoft IT] is selected in List
18:07:20.359 [main] INFO  utilities.UtilityCustomFunctions - Phone NUmber prefix clicked :  
18:07:23.674 [main] INFO  testCases.ExecuteTask.Notification.TC044_NT_ET_ETRM_DateBeforeDays - [+91] is selected in List
18:07:23.675 [main] INFO  utilities.UtilityCustomFunctions - Phone NUmber selected is :  9087654321
18:07:25.308 [main] INFO  utilities.UtilityCustomFunctions - 9087654321 entered in  input
18:07:28.950 [main] INFO  utilities.UtilityCustomFunctions - NewAdd@gmail.com entered in  input
18:07:29.972 [main] INFO  utilities.UtilityCustomFunctions - Email Added is: NewAdd@gmail.com
18:07:31.371 [main] INFO  utilities.UtilityCustomFunctions - NewAddText entered in  input
18:07:31.378 [main] INFO  utilities.UtilityCustomFunctions - Text Value added is::  NewAddText
18:07:53.799 [main] INFO  utilities.UtilityCustomFunctions - MultiCombo box values: one,two
18:07:56.394 [main] INFO  utilities.UtilityCustomFunctions - NewAddTextArea entered in  textarea
18:07:58.490 [main] INFO  utilities.UtilityCustomFunctions - check box value: ON
18:07:58.644 [main] INFO  utilities.UtilityCustomFunctions - Checkbox clicked
18:07:58.799 [main] INFO  utilities.UtilityCustomFunctions - DateBox clicked
18:08:05.524 [main] INFO  utilities.UtilityCustomFunctions - Picklist clicked
18:08:06.667 [main] INFO  utilities.UtilityCustomFunctions - Picklist selected: 1
18:08:14.032 [main] INFO  utilities.UtilityCustomFunctions - Date & Time Clicked
18:08:24.272 [main] INFO  utilities.UtilityCustomFunctions - Current Month:May
18:08:30.822 [main] INFO  utilities.UtilityCustomFunctions - Year to be selected is:2024
18:08:33.380 [main] INFO  utilities.UtilityCustomFunctions - Control Type:sDateandTime
18:08:39.991 [main] INFO  utilities.UtilityCustomFunctions - Clicked Current Date in Date&Time
18:08:40.156 [main] INFO  utilities.UtilityCustomFunctions - Date & Time Selected
18:08:41.311 [main] INFO  utilities.UtilityCustomFunctions - Time Clicked
18:08:44.326 [main] INFO  utilities.UtilityCustomFunctions - Hours://div[@class='popover-content']//div[@class='clockpicker-tick' and text()='5']
18:08:56.025 [main] INFO  utilities.UtilityCustomFunctions - Actual Date Selected :02-06-2024
18:09:00.113 [main] INFO  testCases.ExecuteTask.Notification.TC044_NT_ET_ETRM_DateBeforeDays - [Mr.] is selected in List
18:09:01.567 [main] INFO  utilities.UtilityCustomFunctions - NewAddName entered in  input
18:09:03.070 [main] INFO  utilities.UtilityCustomFunctions - 1111111111 entered in  input
18:09:04.466 [main] INFO  utilities.UtilityCustomFunctions - 1,000 entered in  input
18:09:06.074 [main] INFO  utilities.UtilityCustomFunctions - http://www.google.com/ entered in  input
18:09:07.265 [main] INFO  utilities.UtilityCustomFunctions - City Drop Down clicked
18:09:10.592 [main] INFO  testCases.ExecuteTask.Notification.TC044_NT_ET_ETRM_DateBeforeDays - [Ariyalur] is selected in List
18:09:10.592 [main] INFO  utilities.UtilityCustomFunctions - City Selected: Ariyalur
18:09:11.742 [main] INFO  utilities.UtilityCustomFunctions - State Drop Down clicked
18:09:15.406 [main] INFO  testCases.ExecuteTask.Notification.TC044_NT_ET_ETRM_DateBeforeDays - [Tamilnadu] is selected in List
18:09:15.407 [main] INFO  utilities.UtilityCustomFunctions - State Selected: Tamilnadu
18:09:16.513 [main] INFO  utilities.UtilityCustomFunctions - Country List clicked
18:09:19.827 [main] INFO  testCases.ExecuteTask.Notification.TC044_NT_ET_ETRM_DateBeforeDays - [India] is selected in List
18:09:19.827 [main] INFO  utilities.UtilityCustomFunctions - Country Selected: India
18:09:36.779 [main] INFO  utilities.UtilityCustomFunctions - RelatedModuleText entered in  input
18:09:36.800 [main] INFO  utilities.UtilityCustomFunctions - Search Button clicked in Related Module Window
18:09:40.693 [main] INFO  utilities.UtilityCustomFunctions - Button Search
18:09:43.738 [main] INFO  utilities.UtilityCustomFunctions - table row Count:1
18:09:52.524 [main] INFO  utilities.UtilityCustomFunctions - Related Module Value Selected
18:10:03.170 [main] INFO  utilities.UtilityCustomFunctions - New Record added in: ETNotification
18:10:05.178 [main] INFO  utilities.UtilityCustomFunctions - Excel file Utility instance created
18:10:05.275 [main] INFO  utilities.UtilityCustomFunctions - Row Count to Add Values: 1
18:10:05.304 [main] INFO  utilities.UtilityCustomFunctions - Col Count is: 37
18:10:05.304 [main] INFO  utilities.UtilityCustomFunctions - Extracting DataSheet Values started...
18:10:06.054 [main] INFO  utilities.UtilityCustomFunctions - Before Verify Detail Summary Module data
18:10:12.187 [main] INFO  utilities.UtilityCustomFunctions - Header Toggle Already ON
18:10:13.292 [main] INFO  utilities.UtilityCustomFunctions - Actual:ETNotification
18:10:13.292 [main] INFO  utilities.UtilityCustomFunctions - Expected:ETNotification
18:10:13.292 [main] INFO  utilities.UtilityCustomFunctions - Message:Module Name in SummaryDetail View Page
18:10:19.941 [main] INFO  utilities.UtilityCustomFunctions - sAssign1:RsoftsAssign2:IT
18:10:19.941 [main] INFO  utilities.UtilityCustomFunctions - Get Text:
18:10:20.254 [main] INFO  utilities.UtilityCustomFunctions - Actual:Rsoft IT
18:10:20.254 [main] INFO  utilities.UtilityCustomFunctions - Expected:Rsoft IT
18:10:20.254 [main] INFO  utilities.UtilityCustomFunctions - Message:Assigned To-Summary Title
18:10:21.519 [main] INFO  utilities.UtilityCustomFunctions - Actual:+91 9087654321
18:10:21.519 [main] INFO  utilities.UtilityCustomFunctions - Expected:+91 9087654321
18:10:21.519 [main] INFO  utilities.UtilityCustomFunctions - Message:Phone Number - Summary Title
18:10:22.719 [main] INFO  utilities.UtilityCustomFunctions - Actual:NewAdd@gmail.com
18:10:22.719 [main] INFO  utilities.UtilityCustomFunctions - Expected:NewAdd@gmail.com
18:10:22.719 [main] INFO  utilities.UtilityCustomFunctions - Message:Email - Summary Title
18:10:24.103 [main] INFO  utilities.UtilityCustomFunctions - Actual:Rsoft IT
18:10:24.103 [main] INFO  utilities.UtilityCustomFunctions - Expected:Rsoft IT
18:10:24.103 [main] INFO  utilities.UtilityCustomFunctions - Message:Assigned To - Summary View Page : 
18:10:25.458 [main] INFO  utilities.UtilityCustomFunctions - Actual:+91 9087654321
18:10:25.458 [main] INFO  utilities.UtilityCustomFunctions - Expected:+91 9087654321
18:10:25.458 [main] INFO  utilities.UtilityCustomFunctions - Message:Mobile Number - Summary View Page : @Add New
18:10:26.775 [main] INFO  utilities.UtilityCustomFunctions - Actual:NewAdd@gmail.com
18:10:26.775 [main] INFO  utilities.UtilityCustomFunctions - Expected:NewAdd@gmail.com
18:10:26.775 [main] INFO  utilities.UtilityCustomFunctions - Message:Email - Summary View Page: @Add New
18:10:28.076 [main] INFO  utilities.UtilityCustomFunctions - Actual:NewAddText
18:10:28.076 [main] INFO  utilities.UtilityCustomFunctions - Expected:NewAddText
18:10:28.076 [main] INFO  utilities.UtilityCustomFunctions - Message:Text - Summary View Page:@Add New
18:10:29.391 [main] INFO  utilities.UtilityCustomFunctions - Actual:one,two
18:10:29.391 [main] INFO  utilities.UtilityCustomFunctions - Expected:one,two
18:10:29.391 [main] INFO  utilities.UtilityCustomFunctions - Message:MultiComboValues - Summary View Page:  @Add New
18:10:30.687 [main] INFO  utilities.UtilityCustomFunctions - Actual:NewAddTextArea
18:10:30.687 [main] INFO  utilities.UtilityCustomFunctions - Expected:NewAddTextArea
18:10:30.687 [main] INFO  utilities.UtilityCustomFunctions - Message:Text Area - Summary View Page:  @Add New
18:10:32.006 [main] INFO  utilities.UtilityCustomFunctions - Actual:Yes
18:10:32.006 [main] INFO  utilities.UtilityCustomFunctions - Expected:Yes
18:10:32.006 [main] INFO  utilities.UtilityCustomFunctions - Message:CheckBox - Summary View Page:   @Add New
18:10:33.356 [main] INFO  utilities.UtilityCustomFunctions - Actual:02-06-2024
18:10:33.356 [main] INFO  utilities.UtilityCustomFunctions - Expected:02-06-2024
18:10:33.356 [main] INFO  utilities.UtilityCustomFunctions - Message:Date - Summary View Page:  @Add New
18:10:34.706 [main] INFO  utilities.UtilityCustomFunctions - Actual:1
18:10:34.706 [main] INFO  utilities.UtilityCustomFunctions - Expected:1
18:10:34.706 [main] INFO  utilities.UtilityCustomFunctions - Message:PickList - Summary View Page:  @Add New
18:10:36.252 [main] INFO  utilities.UtilityCustomFunctions - Actual:annie-spratt
18:10:36.252 [main] INFO  utilities.UtilityCustomFunctions - Expected:annie-spratt
18:10:36.252 [main] INFO  utilities.UtilityCustomFunctions - Message:File Upload - Summary View Page: @Add New
18:10:37.554 [main] INFO  utilities.UtilityCustomFunctions - Actual:30-05-2024 06:07:11 PM
18:10:37.554 [main] INFO  utilities.UtilityCustomFunctions - Expected:30-05-2024 06:07:11 PM
18:10:37.554 [main] INFO  utilities.UtilityCustomFunctions - Message:Date & Time - Summary View Page:   @Add New
18:10:38.871 [main] INFO  utilities.UtilityCustomFunctions - Actual:05:00:00 PM
18:10:38.871 [main] INFO  utilities.UtilityCustomFunctions - Expected:05:00:00 PM
18:10:38.871 [main] INFO  utilities.UtilityCustomFunctions - Message:Time - Summary View Page:   @Add New
18:10:40.253 [main] INFO  utilities.UtilityCustomFunctions - Actual:
18:10:40.253 [main] INFO  utilities.UtilityCustomFunctions - Expected:Mr. NewAddName
18:10:40.253 [main] INFO  utilities.UtilityCustomFunctions - Message:Name - Summary View Page:   @Add New
18:10:40.352 [main] INFO  utilities.UtilityCustomFunctions - Actual:1111111111
18:10:40.352 [main] INFO  utilities.UtilityCustomFunctions - Expected:1111111111
18:10:40.352 [main] INFO  utilities.UtilityCustomFunctions - Message:Number - Summary View Page:   @Add New
18:10:41.654 [main] INFO  utilities.UtilityCustomFunctions - Actual:1,000
18:10:41.670 [main] INFO  utilities.UtilityCustomFunctions - Expected:1,000
18:10:41.670 [main] INFO  utilities.UtilityCustomFunctions - Message:Currency - Summary View Page:   @Add New
18:10:42.934 [main] INFO  utilities.UtilityCustomFunctions - Actual:http://www.google.com/
18:10:42.934 [main] INFO  utilities.UtilityCustomFunctions - Expected:http://www.google.com/
18:10:42.934 [main] INFO  utilities.UtilityCustomFunctions - Message:URL - Summary View Page:  @Add New
18:10:44.236 [main] INFO  utilities.UtilityCustomFunctions - Actual:
18:10:44.236 [main] INFO  utilities.UtilityCustomFunctions - Expected:Ariyalur
18:10:44.236 [main] INFO  utilities.UtilityCustomFunctions - Message:City - Summary View Page: @Add New
18:10:44.321 [main] INFO  utilities.UtilityCustomFunctions - Actual:Tamilnadu
18:10:44.321 [main] INFO  utilities.UtilityCustomFunctions - Expected:Tamilnadu
18:10:44.321 [main] INFO  utilities.UtilityCustomFunctions - Message:State - Summary View Page:@Add New
18:10:45.702 [main] INFO  utilities.UtilityCustomFunctions - Actual:India
18:10:45.702 [main] INFO  utilities.UtilityCustomFunctions - Expected:India
18:10:45.702 [main] INFO  utilities.UtilityCustomFunctions - Message:Country - Summary View Page:  @Add New
18:10:47.036 [main] INFO  utilities.UtilityCustomFunctions - Actual:RelatedModuleText
18:10:47.036 [main] INFO  utilities.UtilityCustomFunctions - Expected:RelatedModuleText
18:10:47.036 [main] INFO  utilities.UtilityCustomFunctions - Message:Related Module Text - Summary View Page:  @Add New
18:10:48.962 [main] INFO  utilities.UtilityCustomFunctions - Summary View Set ON
18:10:58.735 [main] INFO  utilities.UtilityCustomFunctions - Actual:Rsoft IT
18:10:58.735 [main] INFO  utilities.UtilityCustomFunctions - Expected:Rsoft IT
18:10:58.735 [main] INFO  utilities.UtilityCustomFunctions - Message:AssignedTo - Detail View Page:   @Add New
18:11:00.121 [main] INFO  utilities.UtilityCustomFunctions - sActDTMobileNumber +91
  9087654321
18:11:00.121 [main] INFO  utilities.UtilityCustomFunctions - Actual:+91 9087654321
18:11:00.121 [main] INFO  utilities.UtilityCustomFunctions - Expected:+91 9087654321
18:11:00.121 [main] INFO  utilities.UtilityCustomFunctions - Message:Mobile Number - Detail View Page:   @Add New
18:11:01.424 [main] INFO  utilities.UtilityCustomFunctions - Actual:NewAdd@gmail.com
18:11:01.424 [main] INFO  utilities.UtilityCustomFunctions - Expected:NewAdd@gmail.com
18:11:01.424 [main] INFO  utilities.UtilityCustomFunctions - Message:Email - Detail View Page: @Add New
18:11:02.755 [main] INFO  utilities.UtilityCustomFunctions - Actual:NewAddText
18:11:02.755 [main] INFO  utilities.UtilityCustomFunctions - Expected:NewAddText
18:11:02.755 [main] INFO  utilities.UtilityCustomFunctions - Message:Text - Detail View Page:  @Add New
18:11:04.057 [main] INFO  utilities.UtilityCustomFunctions - Actual:one,two
18:11:04.057 [main] INFO  utilities.UtilityCustomFunctions - Expected:one,two
18:11:04.057 [main] INFO  utilities.UtilityCustomFunctions - Message:MultiCombo - Detail View Page:   @Add New
18:11:05.403 [main] INFO  utilities.UtilityCustomFunctions - Actual:NewAddTextArea
18:11:05.403 [main] INFO  utilities.UtilityCustomFunctions - Expected:NewAddTextArea
18:11:05.404 [main] INFO  utilities.UtilityCustomFunctions - Message:TextArea - Detail View Page:  @Add New
18:11:06.722 [main] INFO  utilities.UtilityCustomFunctions - Actual:Yes
18:11:06.722 [main] INFO  utilities.UtilityCustomFunctions - Expected:Yes
18:11:06.722 [main] INFO  utilities.UtilityCustomFunctions - Message:CheckBox - Detail View Page: @Add New
18:11:08.039 [main] INFO  utilities.UtilityCustomFunctions - Actual:02-06-2024
18:11:08.039 [main] INFO  utilities.UtilityCustomFunctions - Expected:02-06-2024
18:11:08.039 [main] INFO  utilities.UtilityCustomFunctions - Message:Date - Detail View Page: @Add New
18:11:09.372 [main] INFO  utilities.UtilityCustomFunctions - Actual:1
18:11:09.372 [main] INFO  utilities.UtilityCustomFunctions - Expected:1
18:11:09.372 [main] INFO  utilities.UtilityCustomFunctions - Message:PickList - Detail View Page:   @Add New
18:11:10.902 [main] INFO  utilities.UtilityCustomFunctions - Actual:annie-spratt
18:11:10.902 [main] INFO  utilities.UtilityCustomFunctions - Expected:annie-spratt
18:11:10.902 [main] INFO  utilities.UtilityCustomFunctions - Message:File Upload - Detail View Page:   @Add New
18:11:12.202 [main] INFO  utilities.UtilityCustomFunctions - Actual:30-05-2024 06:07:11 PM
18:11:12.202 [main] INFO  utilities.UtilityCustomFunctions - Expected:30-05-2024 06:07:11 PM
18:11:12.202 [main] INFO  utilities.UtilityCustomFunctions - Message:Date & Time - Detail View Page: @Add New
18:11:13.535 [main] INFO  utilities.UtilityCustomFunctions - Actual:05:00:00 PM
18:11:13.535 [main] INFO  utilities.UtilityCustomFunctions - Expected:05:00:00 PM
18:11:13.535 [main] INFO  utilities.UtilityCustomFunctions - Message:Time - Detail View Page:    @Add New
18:11:14.885 [main] INFO  utilities.UtilityCustomFunctions - ActualNameDT: Mr. NewAddName ExpectedNameDT: Mr. NewAddName
18:11:14.885 [main] INFO  utilities.UtilityCustomFunctions - Actual:Mr. NewAddName
18:11:14.885 [main] INFO  utilities.UtilityCustomFunctions - Expected:Mr. NewAddName
18:11:14.885 [main] INFO  utilities.UtilityCustomFunctions - Message:Name - Detail View Page:  @Add New
18:11:16.168 [main] INFO  utilities.UtilityCustomFunctions - Actual:1111111111
18:11:16.168 [main] INFO  utilities.UtilityCustomFunctions - Expected:1111111111
18:11:16.168 [main] INFO  utilities.UtilityCustomFunctions - Message:Number - Detail View Page:  @Add New
18:11:17.520 [main] INFO  utilities.UtilityCustomFunctions - Actual:1,000
18:11:17.520 [main] INFO  utilities.UtilityCustomFunctions - Expected:1,000
18:11:17.520 [main] INFO  utilities.UtilityCustomFunctions - Message:Currency - Detail View Page:  @Add New
18:11:18.804 [main] INFO  utilities.UtilityCustomFunctions - Actual:http://www.google.com/
18:11:18.804 [main] INFO  utilities.UtilityCustomFunctions - Expected:http://www.google.com/
18:11:18.804 [main] INFO  utilities.UtilityCustomFunctions - Message:URL - Detail View Page:  @Add New
18:11:23.303 [main] INFO  utilities.UtilityCustomFunctions - Actual:Ariyalur
18:11:23.303 [main] INFO  utilities.UtilityCustomFunctions - Expected:Ariyalur
18:11:23.303 [main] INFO  utilities.UtilityCustomFunctions - Message:City - Detail View Page:   @Add New
18:11:24.685 [main] INFO  utilities.UtilityCustomFunctions - Actual:Tamilnadu
18:11:24.685 [main] INFO  utilities.UtilityCustomFunctions - Expected:Tamilnadu
18:11:24.685 [main] INFO  utilities.UtilityCustomFunctions - Message:State - Detail View Page:   @Add New
18:11:26.029 [main] INFO  utilities.UtilityCustomFunctions - Actual:India
18:11:26.029 [main] INFO  utilities.UtilityCustomFunctions - Expected:India
18:11:26.029 [main] INFO  utilities.UtilityCustomFunctions - Message:Country - Detail View Page:  @Add New
18:11:27.352 [main] INFO  utilities.UtilityCustomFunctions - Actual:RelatedModuleText
18:11:27.352 [main] INFO  utilities.UtilityCustomFunctions - Expected:RelatedModuleText
18:11:27.352 [main] INFO  utilities.UtilityCustomFunctions - Message:Related Module Text - Detail View Page:  @Add New
18:11:37.690 [main] INFO  utilities.UtilityCustomFunctions - testing entered in  input
18:11:38.136 [main] INFO  utilities.UtilityCustomFunctions - dCr2KGiHBrC2!@ entered in  input
18:12:07.013 [main] INFO  testCases.ExecuteTask.Notification.TC044_NT_ET_ETRM_DateBeforeDays - [PRIMARY (DESC)] is selected in List
18:12:12.021 [main] INFO  utilities.UtilityCustomFunctions - Entity Id Searched: 126356
18:12:16.479 [main] INFO  utilities.UtilityCustomFunctions - Entity Id Searched: 126356
18:12:17.809 [main] INFO  utilities.UtilityCustomFunctions - Passed: Actual EntityId: 126356 Not Created in DB for Every Time Record Modifies condition for DateBeforeDays Task @Add New
18:12:23.310 [main] INFO  utilities.UtilityCustomFunctions - PRIYAN entered in  input
18:12:24.856 [main] INFO  utilities.UtilityCustomFunctions - rsoft entered in  input
18:12:26.405 [main] INFO  utilities.UtilityCustomFunctions - RSoft!@345 entered in  input
18:12:54.466 [main] INFO  utilities.UtilityCustomFunctions - Excel file Utility instance created
18:12:54.536 [main] INFO  utilities.UtilityCustomFunctions - Row Count to Add Values: 1
18:12:54.599 [main] INFO  utilities.UtilityCustomFunctions - Col Count is: 36
18:12:54.599 [main] INFO  utilities.UtilityCustomFunctions - Extracting DataSheet Values started...
18:12:55.289 [main] INFO  utilities.UtilityCustomFunctions - Before Adding Module data
18:12:56.417 [main] INFO  utilities.UtilityCustomFunctions - Assinged To Drop Down clicked
18:13:01.889 [main] INFO  testCases.ExecuteTask.Notification.TC044_NT_ET_ETRM_DateBeforeDays - [Rsoft IT] is selected in List
18:13:02.042 [main] INFO  utilities.UtilityCustomFunctions - Phone NUmber prefix clicked :  
18:13:05.383 [main] INFO  testCases.ExecuteTask.Notification.TC044_NT_ET_ETRM_DateBeforeDays - [+91] is selected in List
18:13:05.383 [main] INFO  utilities.UtilityCustomFunctions - Phone NUmber selected is :  1234567890
18:13:06.968 [main] INFO  utilities.UtilityCustomFunctions - 1234567890 entered in  input
18:13:10.687 [main] INFO  utilities.UtilityCustomFunctions - SummaryAdd@gmail.com entered in  input
18:13:11.718 [main] INFO  utilities.UtilityCustomFunctions - Email Added is: SummaryAdd@gmail.com
