13:15:44.321 [main] INFO  utilities.UtilityCustomFunctions - Actual:GeneralDefault@gmail.com
13:15:44.327 [main] INFO  utilities.UtilityCustomFunctions - Expected:GeneralDefault@gmail.com
13:15:44.328 [main] INFO  utilities.UtilityCustomFunctions - Message:Email Title: Target Entity @Single Line Edit
13:15:49.004 [main] INFO  utilities.UtilityCustomFunctions - Actual:Sudhakar VE
13:15:49.004 [main] INFO  utilities.UtilityCustomFunctions - Expected:Sudhakar VE
13:15:49.005 [main] INFO  utilities.UtilityCustomFunctions - Message:Summary AssignedTo:  Target Entity @Single Line Edit
13:15:50.366 [main] INFO  utilities.UtilityCustomFunctions - Actual:Default Text
13:15:50.366 [main] INFO  utilities.UtilityCustomFunctions - Expected:Default Text
13:15:50.367 [main] INFO  utilities.UtilityCustomFunctions - Message:Summary Text:  Target Entity @Single Line Edit
13:15:51.726 [main] INFO  utilities.UtilityCustomFunctions - Actual:+91 1234567890
13:15:51.727 [main] INFO  utilities.UtilityCustomFunctions - Expected:+91 1234567890
13:15:51.727 [main] INFO  utilities.UtilityCustomFunctions - Message:Summary Mobile Number:  Target Entity @Single Line Edit
13:15:53.060 [main] INFO  utilities.UtilityCustomFunctions - Actual:GeneralDefault@gmail.com
13:15:53.060 [main] INFO  utilities.UtilityCustomFunctions - Expected:GeneralDefault@gmail.com
13:15:53.060 [main] INFO  utilities.UtilityCustomFunctions - Message:Summary Email :  Target Entity @Single Line Edit
13:15:54.365 [main] INFO  utilities.UtilityCustomFunctions - Actual:3
13:15:54.365 [main] INFO  utilities.UtilityCustomFunctions - Expected:3
13:15:54.366 [main] INFO  utilities.UtilityCustomFunctions - Message:Summary PicListValue :  Target Entity @Single Line Edit
13:15:55.698 [main] INFO  utilities.UtilityCustomFunctions - Actual:one
13:15:55.698 [main] INFO  utilities.UtilityCustomFunctions - Expected:one
13:15:55.698 [main] INFO  utilities.UtilityCustomFunctions - Message:Summary MuultiCombo Values :  Target Entity @Single Line Edit
13:15:57.050 [main] INFO  utilities.UtilityCustomFunctions - Actual:Chengalpattu
13:15:57.051 [main] INFO  utilities.UtilityCustomFunctions - Expected:Chengalpattu
13:15:57.051 [main] INFO  utilities.UtilityCustomFunctions - Message:Summary City:  Target Entity @Single Line Edit
13:15:58.384 [main] INFO  utilities.UtilityCustomFunctions - Actual:Tamilnadu
13:15:58.384 [main] INFO  utilities.UtilityCustomFunctions - Expected:Tamilnadu
13:15:58.384 [main] INFO  utilities.UtilityCustomFunctions - Message:Summary State:  Target Entity @Single Line Edit
13:15:59.799 [main] INFO  utilities.UtilityCustomFunctions - Actual:India
13:15:59.799 [main] INFO  utilities.UtilityCustomFunctions - Expected:India
13:15:59.799 [main] INFO  utilities.UtilityCustomFunctions - Message:Summary Country:  Target Entity @Single Line Edit
13:16:01.114 [main] INFO  utilities.UtilityCustomFunctions - Actual:Yes
13:16:01.115 [main] INFO  utilities.UtilityCustomFunctions - Expected:Yes
13:16:01.115 [main] INFO  utilities.UtilityCustomFunctions - Message:Summary CheckBox:  Target Entity @Single Line Edit
13:16:02.466 [main] INFO  utilities.UtilityCustomFunctions - Expected Date from sheet:2024-06-05
13:16:02.467 [main] INFO  utilities.UtilityCustomFunctions - Actual:2024-06-05
13:16:02.467 [main] INFO  utilities.UtilityCustomFunctions - Expected:2024-06-05
13:16:02.467 [main] INFO  utilities.UtilityCustomFunctions - Message:Summary Date:  Target Entity @Single Line Edit
13:16:03.683 [main] INFO  utilities.UtilityCustomFunctions - Expected Time from sheet:12:00:00 pm
13:16:03.782 [main] INFO  utilities.UtilityCustomFunctions - Formatted Time from sheet:12:00:00 pm
13:16:03.782 [main] INFO  utilities.UtilityCustomFunctions - Actual:12:00:00 PM
13:16:03.782 [main] INFO  utilities.UtilityCustomFunctions - Expected:12:00:00 pm
13:16:03.783 [main] INFO  utilities.UtilityCustomFunctions - Message:Summary Time:  Target Entity @Single Line Edit
13:16:05.042 [main] INFO  utilities.UtilityCustomFunctions - Expected Date Time from sheet:2024-06-05 06:30:15 PM
13:16:05.142 [main] INFO  utilities.UtilityCustomFunctions - Formatted date & Time from sheet:2024-06-05 06:30:15 PM
13:16:05.143 [main] INFO  utilities.UtilityCustomFunctions - Actual:2024-06-05 06:30:15 PM
13:16:05.143 [main] INFO  utilities.UtilityCustomFunctions - Expected:2024-06-05 06:30:15 PM
13:16:05.143 [main] INFO  utilities.UtilityCustomFunctions - Message:Summary Date & Time :  Target Entity @Single Line Edit
13:16:06.671 [main] INFO  utilities.UtilityCustomFunctions - Actual:annie-spratt
13:16:06.671 [main] INFO  utilities.UtilityCustomFunctions - Expected:annie-spratt
13:16:06.671 [main] INFO  utilities.UtilityCustomFunctions - Message:Summary File Upload :  Target Entity @Single Line Edit
13:16:08.006 [main] INFO  utilities.UtilityCustomFunctions - ActualName:Mr. StevenExpectedName:Mr. Steven
13:16:08.006 [main] INFO  utilities.UtilityCustomFunctions - Actual:Mr. Steven
13:16:08.006 [main] INFO  utilities.UtilityCustomFunctions - Expected:Mr. Steven
13:16:08.006 [main] INFO  utilities.UtilityCustomFunctions - Message:Summary Name:  Target Entity @Single Line Edit
13:16:09.356 [main] INFO  utilities.UtilityCustomFunctions - Actual:12345678987
13:16:09.356 [main] INFO  utilities.UtilityCustomFunctions - Expected:12345678987
13:16:09.356 [main] INFO  utilities.UtilityCustomFunctions - Message:Summary Number:  Target Entity @Single Line Edit
13:16:10.693 [main] INFO  utilities.UtilityCustomFunctions - Actual:10000
13:16:10.693 [main] INFO  utilities.UtilityCustomFunctions - Expected:10000
13:16:10.693 [main] INFO  utilities.UtilityCustomFunctions - Message:Summary Currency:  Target Entity @Single Line Edit
13:16:11.956 [main] INFO  utilities.UtilityCustomFunctions - Actual:http://www.google.com/
13:16:11.956 [main] INFO  utilities.UtilityCustomFunctions - Expected:http://www.google.com/
13:16:11.956 [main] INFO  utilities.UtilityCustomFunctions - Message:Summary Url:  Target Entity @Single Line Edit
13:16:13.319 [main] INFO  utilities.UtilityCustomFunctions - Actual:Dr. Annie
13:16:13.319 [main] INFO  utilities.UtilityCustomFunctions - Expected:Dr. Annie
13:16:13.319 [main] INFO  utilities.UtilityCustomFunctions - Message:Summary Enquiry Name:  Target Entity @Single Line Edit
13:16:14.657 [main] INFO  utilities.UtilityCustomFunctions - Actual:DefaultEnquiry@gmail.com
13:16:14.657 [main] INFO  utilities.UtilityCustomFunctions - Expected:DefaultEnquiry@gmail.com
13:16:14.657 [main] INFO  utilities.UtilityCustomFunctions - Message:Summary Enquiry Email:  Target Entity @Single Line Edit
13:16:16.009 [main] INFO  utilities.UtilityCustomFunctions - Actual:Enquiry About Chatbot
13:16:16.009 [main] INFO  utilities.UtilityCustomFunctions - Expected:Enquiry About Chatbot
13:16:16.009 [main] INFO  utilities.UtilityCustomFunctions - Message:Summary Enquiry Text:  Target Entity @Single Line Edit
13:16:17.357 [main] INFO  utilities.UtilityCustomFunctions - Actual:Enquiry Text Area Text
13:16:17.357 [main] INFO  utilities.UtilityCustomFunctions - Expected:Enquiry Text Area Text
13:16:17.357 [main] INFO  utilities.UtilityCustomFunctions - Message:Summary Enquiry Text Area:  Target Entity @Single Line Edit
13:16:18.586 [main] INFO  utilities.UtilityCustomFunctions - Expected enq Date:2024-06-05
13:16:18.680 [main] INFO  utilities.UtilityCustomFunctions - Formatted Enquiry Date from sheet:2024-06-05
13:16:18.681 [main] INFO  utilities.UtilityCustomFunctions - Actual:2024-06-05
13:16:18.681 [main] INFO  utilities.UtilityCustomFunctions - Expected:2024-06-05
13:16:18.681 [main] INFO  utilities.UtilityCustomFunctions - Message:Summary Enquiry Date:  Target Entity @Single Line Edit
13:16:20.005 [main] INFO  utilities.UtilityCustomFunctions - Actual:+60 1234567890
13:16:20.005 [main] INFO  utilities.UtilityCustomFunctions - Expected:+60 1234567890
13:16:20.005 [main] INFO  utilities.UtilityCustomFunctions - Message:Summary Enquiry Phone Number:  Target Entity @Single Line Edit
13:16:21.344 [main] INFO  utilities.UtilityCustomFunctions - Actual:Urgent
13:16:21.344 [main] INFO  utilities.UtilityCustomFunctions - Expected:Urgent
13:16:21.344 [main] INFO  utilities.UtilityCustomFunctions - Message:Summary Enquiry Category:  Target Entity @Single Line Edit
13:16:22.667 [main] INFO  utilities.UtilityCustomFunctions - Actual:+91 1234567890
13:16:22.667 [main] INFO  utilities.UtilityCustomFunctions - Expected:+91 1234567890
13:16:22.668 [main] INFO  utilities.UtilityCustomFunctions - Message:Summary Lead PhoneNumber:  Target Entity @Single Line Edit
13:16:23.988 [main] INFO  utilities.UtilityCustomFunctions - Actual:DefaultLead@gmail.com
13:16:23.988 [main] INFO  utilities.UtilityCustomFunctions - Expected:DefaultLead@gmail.com
13:16:23.988 [main] INFO  utilities.UtilityCustomFunctions - Message:Summary Lead Email:  Target Entity @Single Line Edit
13:16:25.286 [main] INFO  utilities.UtilityCustomFunctions - Actual:Lead about Chatbot
13:16:25.286 [main] INFO  utilities.UtilityCustomFunctions - Expected:Lead about Chatbot
13:16:25.286 [main] INFO  utilities.UtilityCustomFunctions - Message:Summary Lead Text:  Target Entity @Single Line Edit
13:16:26.589 [main] INFO  utilities.UtilityCustomFunctions - Actual:+60 1234567890
13:16:26.589 [main] INFO  utilities.UtilityCustomFunctions - Expected:+60 1234567890
13:16:26.589 [main] INFO  utilities.UtilityCustomFunctions - Message:Summary Sales PhoneNumber:  Target Entity @Single Line Edit
13:16:27.869 [main] INFO  utilities.UtilityCustomFunctions - Actual:DefaultSales@gmail.com
13:16:27.869 [main] INFO  utilities.UtilityCustomFunctions - Expected:DefaultSales@gmail.com
13:16:27.869 [main] INFO  utilities.UtilityCustomFunctions - Message:Summary Sales Email:  Target Entity @Single Line Edit
13:16:29.937 [main] INFO  utilities.UtilityCustomFunctions - Summary View Set ON
13:16:40.268 [main] INFO  utilities.UtilityCustomFunctions - Actual:Sudhakar VE
13:16:40.268 [main] INFO  utilities.UtilityCustomFunctions - Expected:Sudhakar VE
13:16:40.268 [main] INFO  utilities.UtilityCustomFunctions - Message:Detail View AssignedTo:  Target Entity @Single Line Edit
13:16:41.593 [main] INFO  utilities.UtilityCustomFunctions - Actual:Default Text
13:16:41.593 [main] INFO  utilities.UtilityCustomFunctions - Expected:Default Text
13:16:41.593 [main] INFO  utilities.UtilityCustomFunctions - Message:Detail View Text:  Target Entity @Single Line Edit
13:16:42.948 [main] INFO  utilities.UtilityCustomFunctions - sActDTMobileNumber +91
  1234567890
13:16:42.948 [main] INFO  utilities.UtilityCustomFunctions - Actual:+91 1234567890
13:16:42.948 [main] INFO  utilities.UtilityCustomFunctions - Expected:+91 1234567890
13:16:42.948 [main] INFO  utilities.UtilityCustomFunctions - Message:Detail View Mobile Number:  Target Entity @Single Line Edit
13:16:44.274 [main] INFO  utilities.UtilityCustomFunctions - Actual:GeneralDefault@gmail.com
13:16:44.274 [main] INFO  utilities.UtilityCustomFunctions - Expected:GeneralDefault@gmail.com
13:16:44.274 [main] INFO  utilities.UtilityCustomFunctions - Message:Detail View Email :  Target Entity @Single Line Edit
13:16:45.629 [main] INFO  utilities.UtilityCustomFunctions - Actual:3
13:16:45.630 [main] INFO  utilities.UtilityCustomFunctions - Expected:3
13:16:45.630 [main] INFO  utilities.UtilityCustomFunctions - Message:Detail View PicListValue :  Target Entity @Single Line Edit
13:16:46.998 [main] INFO  utilities.UtilityCustomFunctions - Actual:one
13:16:46.998 [main] INFO  utilities.UtilityCustomFunctions - Expected:one
13:16:46.998 [main] INFO  utilities.UtilityCustomFunctions - Message:Detail View MuultiCombo Values :  Target Entity @Single Line Edit
13:16:48.374 [main] INFO  utilities.UtilityCustomFunctions - Actual:Chengalpattu
13:16:48.374 [main] INFO  utilities.UtilityCustomFunctions - Expected:Chengalpattu
13:16:48.374 [main] INFO  utilities.UtilityCustomFunctions - Message:Detail View City:  Target Entity @Single Line Edit
13:16:49.726 [main] INFO  utilities.UtilityCustomFunctions - Actual:Tamilnadu
13:16:49.726 [main] INFO  utilities.UtilityCustomFunctions - Expected:Tamilnadu
13:16:49.726 [main] INFO  utilities.UtilityCustomFunctions - Message:Detail View State:  Target Entity @Single Line Edit
13:16:51.036 [main] INFO  utilities.UtilityCustomFunctions - Actual:India
13:16:51.036 [main] INFO  utilities.UtilityCustomFunctions - Expected:India
13:16:51.036 [main] INFO  utilities.UtilityCustomFunctions - Message:Detail View Country:  Target Entity @Single Line Edit
13:16:52.390 [main] INFO  utilities.UtilityCustomFunctions - Actual:Yes
13:16:52.390 [main] INFO  utilities.UtilityCustomFunctions - Expected:Yes
13:16:52.390 [main] INFO  utilities.UtilityCustomFunctions - Message:Detail View CheckBox:  Target Entity @Single Line Edit
13:16:53.725 [main] INFO  utilities.UtilityCustomFunctions - Actual:2024-06-05
13:16:53.725 [main] INFO  utilities.UtilityCustomFunctions - Expected:2024-06-05
13:16:53.725 [main] INFO  utilities.UtilityCustomFunctions - Message:Detail View Date:  Target Entity @Single Line Edit
13:16:55.045 [main] INFO  utilities.UtilityCustomFunctions - Actual:12:00:00 PM
13:16:55.045 [main] INFO  utilities.UtilityCustomFunctions - Expected:12:00:00 pm
13:16:55.045 [main] INFO  utilities.UtilityCustomFunctions - Message:Detail View Time:  Target Entity @Single Line Edit
13:16:56.381 [main] INFO  utilities.UtilityCustomFunctions - Actual:2024-06-05 06:30:15 PM
13:16:56.381 [main] INFO  utilities.UtilityCustomFunctions - Expected:2024-06-05 06:30:15 PM
13:16:56.381 [main] INFO  utilities.UtilityCustomFunctions - Message:Detail View Date & Time :  Target Entity @Single Line Edit
13:16:57.885 [main] INFO  utilities.UtilityCustomFunctions - Actual:annie-spratt
13:16:57.885 [main] INFO  utilities.UtilityCustomFunctions - Expected:annie-spratt
13:16:57.885 [main] INFO  utilities.UtilityCustomFunctions - Message:Detail View File Upload :  Target Entity @Single Line Edit
13:16:59.214 [main] INFO  utilities.UtilityCustomFunctions - ActualNameDT:Mr. StevenExpectedNameDT:Mr. Steven
13:16:59.214 [main] INFO  utilities.UtilityCustomFunctions - Actual:Mr. Steven
13:16:59.214 [main] INFO  utilities.UtilityCustomFunctions - Expected:Mr. Steven
13:16:59.214 [main] INFO  utilities.UtilityCustomFunctions - Message:Detail View Name:  Target Entity @Single Line Edit
13:17:00.512 [main] INFO  utilities.UtilityCustomFunctions - Actual:12345678987
13:17:00.513 [main] INFO  utilities.UtilityCustomFunctions - Expected:12345678987
13:17:00.513 [main] INFO  utilities.UtilityCustomFunctions - Message:Detail View Number:  Target Entity @Single Line Edit
13:17:01.807 [main] INFO  utilities.UtilityCustomFunctions - Actual:10000
13:17:01.807 [main] INFO  utilities.UtilityCustomFunctions - Expected:10000
13:17:01.807 [main] INFO  utilities.UtilityCustomFunctions - Message:Detail View Currency:  Target Entity @Single Line Edit
13:17:03.046 [main] INFO  utilities.UtilityCustomFunctions - Actual:http://www.google.com/
13:17:03.046 [main] INFO  utilities.UtilityCustomFunctions - Expected:http://www.google.com/
13:17:03.046 [main] INFO  utilities.UtilityCustomFunctions - Message:Detail View Url:  Target Entity @Single Line Edit
13:17:10.688 [main] INFO  utilities.UtilityCustomFunctions - Actual:Dr. Annie
13:17:10.688 [main] INFO  utilities.UtilityCustomFunctions - Expected:Dr. Annie
13:17:10.688 [main] INFO  utilities.UtilityCustomFunctions - Message:Detail View Enquiry Name:  Target Entity @Single Line Edit
13:17:12.005 [main] INFO  utilities.UtilityCustomFunctions - Actual:DefaultEnquiry@gmail.com
13:17:12.005 [main] INFO  utilities.UtilityCustomFunctions - Expected:DefaultEnquiry@gmail.com
13:17:12.005 [main] INFO  utilities.UtilityCustomFunctions - Message:Detail View Enquiry Email:  Target Entity @Single Line Edit
13:17:13.332 [main] INFO  utilities.UtilityCustomFunctions - Actual:Enquiry About Chatbot
13:17:13.333 [main] INFO  utilities.UtilityCustomFunctions - Expected:Enquiry About Chatbot
13:17:13.333 [main] INFO  utilities.UtilityCustomFunctions - Message:Detail View Enquiry Text:  Target Entity @Single Line Edit
13:17:14.634 [main] INFO  utilities.UtilityCustomFunctions - Actual:Enquiry Text Area Text
13:17:14.634 [main] INFO  utilities.UtilityCustomFunctions - Expected:Enquiry Text Area Text
13:17:14.634 [main] INFO  utilities.UtilityCustomFunctions - Message:Detail View Enquiry Text Area:  Target Entity @Single Line Edit
13:17:15.969 [main] INFO  utilities.UtilityCustomFunctions - Actual:2024-06-05
13:17:15.969 [main] INFO  utilities.UtilityCustomFunctions - Expected:2024-06-05
13:17:15.969 [main] INFO  utilities.UtilityCustomFunctions - Message:Detail View Enquiry Date:  Target Entity @Single Line Edit
13:17:17.314 [main] INFO  utilities.UtilityCustomFunctions - Actual:+60 1234567890
13:17:17.314 [main] INFO  utilities.UtilityCustomFunctions - Expected:+60 1234567890
13:17:17.314 [main] INFO  utilities.UtilityCustomFunctions - Message:Detail View Enquiry Phone Number:  Target Entity @Single Line Edit
13:17:18.642 [main] INFO  utilities.UtilityCustomFunctions - Actual:Urgent
13:17:18.642 [main] INFO  utilities.UtilityCustomFunctions - Expected:Urgent
13:17:18.642 [main] INFO  utilities.UtilityCustomFunctions - Message:Detail View Enquiry Category:  Target Entity @Single Line Edit
13:17:26.245 [main] INFO  utilities.UtilityCustomFunctions - Actual:+91 1234567890
13:17:26.245 [main] INFO  utilities.UtilityCustomFunctions - Expected:+91 1234567890
13:17:26.245 [main] INFO  utilities.UtilityCustomFunctions - Message:DT Lead Mobile Number:  Target Entity @Single Line Edit
13:17:27.585 [main] INFO  utilities.UtilityCustomFunctions - Actual:DefaultLead@gmail.com
13:17:27.585 [main] INFO  utilities.UtilityCustomFunctions - Expected:DefaultLead@gmail.com
13:17:27.585 [main] INFO  utilities.UtilityCustomFunctions - Message:DT View Lead Email  Target Entity @Single Line Edit
13:17:28.906 [main] INFO  utilities.UtilityCustomFunctions - Actual:Lead about Chatbot
13:17:28.906 [main] INFO  utilities.UtilityCustomFunctions - Expected:Lead about Chatbot
13:17:28.906 [main] INFO  utilities.UtilityCustomFunctions - Message:DT View Lead Text Target Entity @Single Line Edit
13:17:30.259 [main] INFO  utilities.UtilityCustomFunctions - Actual:+60 1234567890
13:17:30.259 [main] INFO  utilities.UtilityCustomFunctions - Expected:+60 1234567890
13:17:30.259 [main] INFO  utilities.UtilityCustomFunctions - Message:DT Sales Mobile Number:  Target Entity @Single Line Edit
13:17:31.561 [main] INFO  utilities.UtilityCustomFunctions - Actual:DefaultSales@gmail.com
13:17:31.561 [main] INFO  utilities.UtilityCustomFunctions - Expected:DefaultSales@gmail.com
13:17:31.561 [main] INFO  utilities.UtilityCustomFunctions - Message:DT View Sales EmailTarget Entity @Single Line Edit
14:57:05.994 [main] INFO  utilities.UtilityCustomFunctions - Extent Test Creation
14:57:06.006 [main] INFO  utilities.UtilityCustomFunctions - Extent Test Created
14:59:36.605 [main] INFO  utilities.UtilityCustomFunctions - Extent Test Creation
14:59:36.624 [main] INFO  utilities.UtilityCustomFunctions - Extent Test Created
15:00:58.563 [main] INFO  utilities.UtilityCustomFunctions - Extent Test Creation
15:00:58.577 [main] INFO  utilities.UtilityCustomFunctions - Extent Test Created
15:06:53.272 [main] INFO  utilities.UtilityCustomFunctions - Extent Test Creation
15:06:53.290 [main] INFO  utilities.UtilityCustomFunctions - Extent Test Created
15:06:58.296 [main] INFO  utilities.UtilityCustomFunctions - Extent Test Node Created
15:06:58.296 [main] INFO  testCases.TC022_CreateEntity_ETRM_NewValues - ******starting TC021_CreateEntity_ETRM_DefaultValues ****
15:06:58.296 [main] INFO  testCases.TC022_CreateEntity_ETRM_NewValues - Test Execution on Browser: chrome
15:06:58.297 [main] INFO  utilities.UtilityCustomFunctions - Browser:chrome
15:06:58.300 [main] INFO  utilities.UtilityCustomFunctions - Excel file Utility instance created
15:06:59.843 [main] INFO  testCases.TC022_CreateEntity_ETRM_NewValues - Row Count is: 1
15:07:00.174 [main] INFO  testCases.TC022_CreateEntity_ETRM_NewValues - Col Count is: 54
15:07:03.250 [main] INFO  testCases.TC022_CreateEntity_ETRM_NewValues - Extracting DataSheet Values started...
15:07:07.394 [main] INFO  utilities.UtilityCustomFunctions - PN1:8202969891
15:07:07.396 [main] INFO  utilities.UtilityCustomFunctions - PN2:7222190279
15:07:07.396 [main] INFO  utilities.UtilityCustomFunctions - PN3:3514183004
15:07:07.396 [main] INFO  utilities.UtilityCustomFunctions - PN4:5502578118
15:07:15.030 [main] INFO  utilities.UtilityCustomFunctions - PRIYAN entered in  input
15:07:16.761 [main] INFO  utilities.UtilityCustomFunctions - Sudhakar entered in  input
15:07:18.436 [main] INFO  utilities.UtilityCustomFunctions - Automation@123 entered in  input
15:07:23.246 [main] INFO  testCases.TC022_CreateEntity_ETRM_NewValues - CRM Login Success with:Sudhakar
15:07:23.247 [main] INFO  utilities.UtilityCustomFunctions - Actual:Login Success
15:07:23.247 [main] INFO  utilities.UtilityCustomFunctions - Expected:Login Success
15:07:23.247 [main] INFO  utilities.UtilityCustomFunctions - Message:User: Sudhakar
15:07:30.336 [main] INFO  testCases.TC022_CreateEntity_ETRM_NewValues - Clicked Avatar
15:07:34.737 [main] INFO  testCases.TC022_CreateEntity_ETRM_NewValues - Clicked Menu CRM Setting
15:07:37.008 [main] INFO  testCases.TC022_CreateEntity_ETRM_NewValues - Clicked Menu Other Setting
15:07:45.342 [main] INFO  testCases.TC022_CreateEntity_ETRM_NewValues - Clicked Menu Item Workflow
15:07:45.785 [main] INFO  testCases.TC022_CreateEntity_ETRM_NewValues - Clicked Workflow from Combox Box List
15:07:47.798 [main] INFO  testCases.TC022_CreateEntity_ETRM_NewValues - Item to be selected:  CreateEntitySource Workflow
15:07:54.553 [main] INFO  testCases.TC022_CreateEntity_ETRM_NewValues - [CreateEntitySource Workflow] is selected in List
15:07:54.553 [main] INFO  testCases.TC022_CreateEntity_ETRM_NewValues - Item selected in combox Box  CreateEntitySource Workflow
15:07:57.564 [main] INFO  testCases.TC022_CreateEntity_ETRM_NewValues - Selected Module to View its Workflows
15:07:57.564 [main] INFO  utilities.UtilityCustomFunctions - Exp Module Name:wfCreateEntity_ETRM
15:07:57.564 [main] INFO  utilities.UtilityCustomFunctions - Execution Condition:Every time the record is modified
15:07:57.754 [main] INFO  testCases.TC022_CreateEntity_ETRM_NewValues - Module,workflow,conditions not matched 
15:07:57.754 [main] INFO  testCases.TC022_CreateEntity_ETRM_NewValues - bCurrentWFStatus: false
15:07:57.911 [main] INFO  testCases.TC022_CreateEntity_ETRM_NewValues - Module,workflow,conditions not matched 
15:07:57.912 [main] INFO  testCases.TC022_CreateEntity_ETRM_NewValues - bCurrentWFStatus: false
15:07:58.052 [main] INFO  testCases.TC022_CreateEntity_ETRM_NewValues - Module,workflow,conditions not matched 
15:07:58.052 [main] INFO  testCases.TC022_CreateEntity_ETRM_NewValues - bCurrentWFStatus: false
15:07:58.173 [main] INFO  testCases.TC022_CreateEntity_ETRM_NewValues - Module,workflow,conditions not matched 
15:07:58.173 [main] INFO  testCases.TC022_CreateEntity_ETRM_NewValues - bCurrentWFStatus: false
15:07:58.298 [main] INFO  testCases.TC022_CreateEntity_ETRM_NewValues - Module,workflow,conditions not matched 
15:07:58.298 [main] INFO  testCases.TC022_CreateEntity_ETRM_NewValues - bCurrentWFStatus: false
15:07:58.421 [main] INFO  testCases.TC022_CreateEntity_ETRM_NewValues - Module,workflow,conditions not matched 
15:07:58.421 [main] INFO  testCases.TC022_CreateEntity_ETRM_NewValues - bCurrentWFStatus: false
15:07:58.545 [main] INFO  testCases.TC022_CreateEntity_ETRM_NewValues - Module,workflow,condition matches
15:07:58.546 [main] INFO  testCases.TC022_CreateEntity_ETRM_NewValues - bCurrentWFStatus: true
15:07:58.546 [main] INFO  testCases.TC022_CreateEntity_ETRM_NewValues - wfCreateEntity_ETRMWorkflow enabled
15:07:58.562 [main] INFO  utilities.UtilityCustomFunctions - wfCreateEntity_ETRMDisabled Workflow Manually Enabled
15:07:58.562 [main] INFO  testCases.TC022_CreateEntity_ETRM_NewValues - true:7
15:07:58.562 [main] INFO  utilities.UtilityCustomFunctions - Current Workflow status:true:7
15:08:05.833 [main] INFO  testCases.TC022_CreateEntity_ETRM_NewValues - Work flow clicked
15:08:12.747 [main] INFO  testCases.TC022_CreateEntity_ETRM_NewValues - Cliked Step 1 Next Button to Condition Page
15:08:18.278 [main] INFO  testCases.TC022_CreateEntity_ETRM_NewValues - Cliked Step 2 Next Button to Task List Page
15:08:19.294 [main] INFO  testCases.TC022_CreateEntity_ETRM_NewValues - Clicked Workflow and Navigated to Task Page
15:08:28.290 [main] INFO  testCases.TC022_CreateEntity_ETRM_NewValues - Number of Tasks Listed for this Workflow: wfCreateEntity_ETRM : 2
15:08:28.513 [main] INFO  utilities.UtilityCustomFunctions - Retrieved Action Type:library_add
  Create Entity - CreateEntityTarget
15:08:28.514 [main] INFO  utilities.UtilityCustomFunctions - Retrieved Action Title:tskCE_NT_ETRM_DefaultValues
15:08:28.514 [main] INFO  utilities.UtilityCustomFunctions - Retrieved Expected Action Type:Create Entity - CreateEntityTarget
15:08:28.514 [main] INFO  utilities.UtilityCustomFunctions - Retrieved Expected Action Title:tskCE_NT_ETRM_NewValues
15:08:34.341 [main] INFO  testCases.TC022_CreateEntity_ETRM_NewValues - Task Deactivated for Action Type:library_add
  Create Entity - CreateEntityTargetand Action Title:tskCE_NT_ETRM_DefaultValue
15:08:34.582 [main] INFO  utilities.UtilityCustomFunctions - Retrieved Action Type:library_add
  Create Entity - CreateEntityTarget
15:08:34.582 [main] INFO  utilities.UtilityCustomFunctions - Retrieved Action Title:tskCE_NT_ETRM_NewValues
15:08:34.582 [main] INFO  utilities.UtilityCustomFunctions - Retrieved Expected Action Type:Create Entity - CreateEntityTarget
15:08:34.582 [main] INFO  utilities.UtilityCustomFunctions - Retrieved Expected Action Title:tskCE_NT_ETRM_NewValues
15:08:35.586 [main] INFO  utilities.UtilityCustomFunctions - Out of for loop:true
15:08:44.187 [main] INFO  testCases.TC022_CreateEntity_ETRM_NewValues - Clicked Workflow and Navigated to Task Page
15:08:44.187 [main] INFO  testCases.TC022_CreateEntity_ETRM_NewValues - Task Active Create Entity - CreateEntityTarget  tskCE_NT_ETRM_NewValues
15:27:00.935 [main] INFO  utilities.UtilityCustomFunctions - Extent Test Creation
15:27:00.966 [main] INFO  utilities.UtilityCustomFunctions - Extent Test Created
15:27:05.376 [main] INFO  utilities.UtilityCustomFunctions - Extent Test Node Created
15:27:05.376 [main] INFO  testCases.TC022_CreateEntity_ETRM_NewValues - ******starting TC021_CreateEntity_ETRM_DefaultValues ****
15:27:05.376 [main] INFO  testCases.TC022_CreateEntity_ETRM_NewValues - Test Execution on Browser: chrome
15:27:05.377 [main] INFO  utilities.UtilityCustomFunctions - Browser:chrome
15:27:05.380 [main] INFO  utilities.UtilityCustomFunctions - Excel file Utility instance created
15:27:07.037 [main] INFO  testCases.TC022_CreateEntity_ETRM_NewValues - Row Count is: 1
15:27:07.362 [main] INFO  testCases.TC022_CreateEntity_ETRM_NewValues - Col Count is: 54
15:27:10.329 [main] INFO  testCases.TC022_CreateEntity_ETRM_NewValues - Extracting DataSheet Values started...
15:27:14.551 [main] INFO  utilities.UtilityCustomFunctions - PN1:2369756885
15:27:14.552 [main] INFO  utilities.UtilityCustomFunctions - PN2:5506142584
15:27:14.553 [main] INFO  utilities.UtilityCustomFunctions - PN3:4023011892
15:27:14.553 [main] INFO  utilities.UtilityCustomFunctions - PN4:2691883735
15:27:24.593 [main] INFO  utilities.UtilityCustomFunctions - PRIYAN entered in  input
15:27:26.230 [main] INFO  utilities.UtilityCustomFunctions - Sudhakar entered in  input
15:27:27.828 [main] INFO  utilities.UtilityCustomFunctions - Automation@123 entered in  input
15:27:32.584 [main] INFO  testCases.TC022_CreateEntity_ETRM_NewValues - CRM Login Success with:Sudhakar
15:27:32.585 [main] INFO  utilities.UtilityCustomFunctions - Actual:Login Success
15:27:32.585 [main] INFO  utilities.UtilityCustomFunctions - Expected:Login Success
15:27:32.585 [main] INFO  utilities.UtilityCustomFunctions - Message:User: Sudhakar
15:27:39.559 [main] INFO  testCases.TC022_CreateEntity_ETRM_NewValues - Clicked Avatar
15:27:43.892 [main] INFO  testCases.TC022_CreateEntity_ETRM_NewValues - Clicked Menu CRM Setting
15:27:46.157 [main] INFO  testCases.TC022_CreateEntity_ETRM_NewValues - Clicked Menu Other Setting
15:27:54.610 [main] INFO  testCases.TC022_CreateEntity_ETRM_NewValues - Clicked Menu Item Workflow
15:27:55.090 [main] INFO  testCases.TC022_CreateEntity_ETRM_NewValues - Clicked Workflow from Combox Box List
15:27:57.105 [main] INFO  testCases.TC022_CreateEntity_ETRM_NewValues - Item to be selected:  CreateEntitySource Workflow
15:28:03.556 [main] INFO  testCases.TC022_CreateEntity_ETRM_NewValues - [CreateEntitySource Workflow] is selected in List
15:28:03.556 [main] INFO  testCases.TC022_CreateEntity_ETRM_NewValues - Item selected in combox Box  CreateEntitySource Workflow
15:28:06.567 [main] INFO  testCases.TC022_CreateEntity_ETRM_NewValues - Selected Module to View its Workflows
15:28:06.567 [main] INFO  utilities.UtilityCustomFunctions - Exp Module Name:wfCreateEntity_ETRM
15:28:06.567 [main] INFO  utilities.UtilityCustomFunctions - Execution Condition:Every time the record is modified
15:28:06.758 [main] INFO  testCases.TC022_CreateEntity_ETRM_NewValues - Module,workflow,conditions not matched 
15:28:06.758 [main] INFO  testCases.TC022_CreateEntity_ETRM_NewValues - bCurrentWFStatus: false
15:28:06.893 [main] INFO  testCases.TC022_CreateEntity_ETRM_NewValues - Module,workflow,conditions not matched 
15:28:06.894 [main] INFO  testCases.TC022_CreateEntity_ETRM_NewValues - bCurrentWFStatus: false
15:28:07.015 [main] INFO  testCases.TC022_CreateEntity_ETRM_NewValues - Module,workflow,conditions not matched 
15:28:07.015 [main] INFO  testCases.TC022_CreateEntity_ETRM_NewValues - bCurrentWFStatus: false
15:28:07.182 [main] INFO  testCases.TC022_CreateEntity_ETRM_NewValues - Module,workflow,conditions not matched 
15:28:07.182 [main] INFO  testCases.TC022_CreateEntity_ETRM_NewValues - bCurrentWFStatus: false
15:28:07.317 [main] INFO  testCases.TC022_CreateEntity_ETRM_NewValues - Module,workflow,conditions not matched 
15:28:07.318 [main] INFO  testCases.TC022_CreateEntity_ETRM_NewValues - bCurrentWFStatus: false
15:28:07.438 [main] INFO  testCases.TC022_CreateEntity_ETRM_NewValues - Module,workflow,conditions not matched 
15:28:07.438 [main] INFO  testCases.TC022_CreateEntity_ETRM_NewValues - bCurrentWFStatus: false
15:28:07.562 [main] INFO  testCases.TC022_CreateEntity_ETRM_NewValues - Module,workflow,condition matches
15:28:07.562 [main] INFO  testCases.TC022_CreateEntity_ETRM_NewValues - bCurrentWFStatus: true
15:28:07.562 [main] INFO  testCases.TC022_CreateEntity_ETRM_NewValues - wfCreateEntity_ETRMWorkflow enabled
15:28:07.579 [main] INFO  utilities.UtilityCustomFunctions - wfCreateEntity_ETRMDisabled Workflow Manually Enabled
15:28:07.579 [main] INFO  testCases.TC022_CreateEntity_ETRM_NewValues - true:7
15:28:07.579 [main] INFO  utilities.UtilityCustomFunctions - Current Workflow status:true:7
15:28:14.908 [main] INFO  testCases.TC022_CreateEntity_ETRM_NewValues - Work flow clicked
15:28:22.416 [main] INFO  testCases.TC022_CreateEntity_ETRM_NewValues - Cliked Step 1 Next Button to Condition Page
15:28:27.742 [main] INFO  testCases.TC022_CreateEntity_ETRM_NewValues - Cliked Step 2 Next Button to Task List Page
15:28:28.749 [main] INFO  testCases.TC022_CreateEntity_ETRM_NewValues - Clicked Workflow and Navigated to Task Page
15:28:38.253 [main] INFO  testCases.TC022_CreateEntity_ETRM_NewValues - Number of Tasks Listed for this Workflow: wfCreateEntity_ETRM : 2
15:28:38.465 [main] INFO  utilities.UtilityCustomFunctions - Retrieved Action Type:library_add
  Create Entity - CreateEntityTarget
15:28:38.465 [main] INFO  utilities.UtilityCustomFunctions - Retrieved Action Title:tskCE_NT_ETRM_DefaultValues
15:28:38.465 [main] INFO  utilities.UtilityCustomFunctions - Retrieved Expected Action Type:Create Entity - CreateEntityTarget
15:28:38.465 [main] INFO  utilities.UtilityCustomFunctions - Retrieved Expected Action Title:tskCE_NT_ETRM_NewValues
15:28:38.668 [main] INFO  utilities.UtilityCustomFunctions - Retrieved Action Type:library_add
  Create Entity - CreateEntityTarget
15:28:38.668 [main] INFO  utilities.UtilityCustomFunctions - Retrieved Action Title:tskCE_NT_ETRM_NewValues
15:28:38.668 [main] INFO  utilities.UtilityCustomFunctions - Retrieved Expected Action Type:Create Entity - CreateEntityTarget
15:28:38.669 [main] INFO  utilities.UtilityCustomFunctions - Retrieved Expected Action Title:tskCE_NT_ETRM_NewValues
15:28:38.669 [main] INFO  testCases.TC022_CreateEntity_ETRM_NewValues - Action Type and Action Tile matches and also Task Button Enabled
15:28:39.686 [main] INFO  utilities.UtilityCustomFunctions - Out of for loop:false
15:28:46.022 [main] INFO  testCases.TC022_CreateEntity_ETRM_NewValues - Clicked Workflow and Navigated to Task Page
15:28:46.022 [main] INFO  testCases.TC022_CreateEntity_ETRM_NewValues - Task Active Create Entity - CreateEntityTarget  tskCE_NT_ETRM_NewValues
15:28:47.300 [main] INFO  utilities.UtilityCustomFunctions - Capture Initial Record Id for Source & Target Started
15:29:33.971 [main] INFO  utilities.UtilityCustomFunctions - Header Toggle Already ON
15:29:50.263 [main] INFO  utilities.UtilityCustomFunctions - Click Source Module:CreateEntitySource
15:29:54.606 [main] INFO  utilities.UtilityCustomFunctions - Add New Record clicked:CreateEntitySource
15:29:58.627 [main] INFO  testCases.TC022_CreateEntity_ETRM_NewValues - Excel file Utility instance created
15:29:58.679 [main] INFO  testCases.TC022_CreateEntity_ETRM_NewValues - Row Count is: 1
15:29:58.712 [main] INFO  testCases.TC022_CreateEntity_ETRM_NewValues - Col Count is: 54
15:29:58.712 [main] INFO  testCases.TC022_CreateEntity_ETRM_NewValues - Extracting DataSheet Values started...
15:29:59.889 [main] INFO  utilities.UtilityCustomFunctions - ETATest Enquiry Text Area
15:30:00.898 [main] INFO  utilities.UtilityCustomFunctions - Before Adding Module data
15:30:04.160 [main] INFO  utilities.UtilityCustomFunctions - Assinged To Drop Down clicked
15:30:09.482 [main] INFO  testCases.TC022_CreateEntity_ETRM_NewValues - [Sudhakar VE] is selected in List
15:30:09.482 [main] INFO  utilities.UtilityCustomFunctions - Assinged To Value Seleted is::  Sudhakar VE
15:30:13.066 [main] INFO  utilities.UtilityCustomFunctions - Add New Text entered in  input
15:30:13.084 [main] INFO  utilities.UtilityCustomFunctions - Text Value added is::  Add New Text
15:30:14.260 [main] INFO  utilities.UtilityCustomFunctions - Phone NUmber prefix clicked :  
15:30:17.573 [main] INFO  testCases.TC022_CreateEntity_ETRM_NewValues - [+65] is selected in List
15:30:17.573 [main] INFO  utilities.UtilityCustomFunctions - Phone NUmber selected is :  2369756885
15:30:19.151 [main] INFO  utilities.UtilityCustomFunctions - 2369756885 entered in  input
15:30:21.765 [main] INFO  utilities.UtilityCustomFunctions - AddNew@rsoft.in entered in  input
15:30:22.797 [main] INFO  utilities.UtilityCustomFunctions - Email Added is: AddNew@rsoft.in
15:30:23.932 [main] INFO  utilities.UtilityCustomFunctions - Picklist clicked
15:30:25.134 [main] INFO  utilities.UtilityCustomFunctions - Picklist selected: 3
15:30:38.949 [main] INFO  utilities.UtilityCustomFunctions - MultiCombo box values: one
15:30:40.072 [main] INFO  utilities.UtilityCustomFunctions - City Drop Down clicked
15:30:43.489 [main] INFO  testCases.TC022_CreateEntity_ETRM_NewValues - [Kanchipuram] is selected in List
15:30:43.490 [main] INFO  utilities.UtilityCustomFunctions - City Selected: Kanchipuram
15:30:44.661 [main] INFO  utilities.UtilityCustomFunctions - State Drop Down clicked
15:30:48.337 [main] INFO  testCases.TC022_CreateEntity_ETRM_NewValues - [Tamilnadu] is selected in List
15:30:48.338 [main] INFO  utilities.UtilityCustomFunctions - State Selected: Tamilnadu
15:30:49.482 [main] INFO  utilities.UtilityCustomFunctions - Country List clicked
15:30:52.802 [main] INFO  testCases.TC022_CreateEntity_ETRM_NewValues - [India] is selected in List
15:30:52.802 [main] INFO  utilities.UtilityCustomFunctions - Country Selected: India
15:30:54.879 [main] INFO  utilities.UtilityCustomFunctions - check box value: ON
15:30:55.010 [main] INFO  utilities.UtilityCustomFunctions - Checkbox clicked
15:30:55.145 [main] INFO  utilities.UtilityCustomFunctions - DateBox clicked
15:31:03.396 [main] INFO  utilities.UtilityCustomFunctions - Current Month:Jun
15:31:09.986 [main] INFO  utilities.UtilityCustomFunctions - Year to be selected is:2024
15:31:12.694 [main] INFO  utilities.UtilityCustomFunctions - Control Type:sDate
15:31:16.715 [main] INFO  utilities.UtilityCustomFunctions - (//td[contains(@class,'today')])[1]
15:31:18.878 [main] INFO  utilities.UtilityCustomFunctions - Today Date Selected
15:31:20.000 [main] INFO  utilities.UtilityCustomFunctions - Time Clicked
15:31:23.015 [main] INFO  utilities.UtilityCustomFunctions - Hours://div[@class='popover-content']//div[@class='clockpicker-tick' and text()='2']
15:31:33.574 [main] INFO  utilities.UtilityCustomFunctions - Time Selected is: 02:36 PM
15:31:34.810 [main] INFO  utilities.UtilityCustomFunctions - Date & Time Clicked
15:31:39.818 [main] INFO  utilities.UtilityCustomFunctions - Current Month:Jun
15:31:55.196 [main] INFO  utilities.UtilityCustomFunctions - Current Month:Jun
15:32:01.739 [main] INFO  utilities.UtilityCustomFunctions - Year to be selected is:2024
15:32:04.261 [main] INFO  utilities.UtilityCustomFunctions - Control Type:sDateandTime
15:32:16.328 [main] INFO  testCases.TC022_CreateEntity_ETRM_NewValues - [5] is selected in List
15:32:20.763 [main] INFO  testCases.TC022_CreateEntity_ETRM_NewValues - [00] is selected in List
15:32:25.294 [main] INFO  testCases.TC022_CreateEntity_ETRM_NewValues - [00] is selected in List
15:32:29.777 [main] INFO  testCases.TC022_CreateEntity_ETRM_NewValues - [PM] is selected in List
15:32:32.783 [main] INFO  utilities.UtilityCustomFunctions - Clicked Current Date in Date&Time
15:32:33.051 [main] INFO  utilities.UtilityCustomFunctions - Date & Time Selected
15:32:33.147 [main] INFO  utilities.UtilityCustomFunctions - Formatted Date from sheet:2024-06-06
15:32:48.135 [main] INFO  testCases.TC022_CreateEntity_ETRM_NewValues - [Mrs.] is selected in List
15:32:49.645 [main] INFO  utilities.UtilityCustomFunctions - Steven entered in  input
15:32:51.158 [main] INFO  utilities.UtilityCustomFunctions - 11111111111 entered in  input
15:32:52.513 [main] INFO  utilities.UtilityCustomFunctions - 10000 entered in  input
15:32:54.077 [main] INFO  utilities.UtilityCustomFunctions - http://www.google.com/ entered in  input
15:32:57.569 [main] INFO  testCases.TC022_CreateEntity_ETRM_NewValues - [Dr.] is selected in List
15:32:59.007 [main] INFO  utilities.UtilityCustomFunctions - Annie entered in  input
15:33:00.594 [main] INFO  utilities.UtilityCustomFunctions - AddNewEnquiry@gmail.com entered in  input
15:33:02.178 [main] INFO  utilities.UtilityCustomFunctions - Enquiry about Chatbot entered in  input
15:33:02.191 [main] INFO  utilities.UtilityCustomFunctions - Enqiry txt area:Test Enquiry Text Area
15:33:03.702 [main] INFO  utilities.UtilityCustomFunctions - Test Enquiry Text Area entered in  textarea
15:33:12.098 [main] INFO  utilities.UtilityCustomFunctions - Current Month:Jun
15:33:18.681 [main] INFO  utilities.UtilityCustomFunctions - Year to be selected is:2024
15:33:21.429 [main] INFO  utilities.UtilityCustomFunctions - Control Type:sEnquiryDate
15:33:25.434 [main] INFO  utilities.UtilityCustomFunctions - (//td[contains(@class,'today')])[2]
15:33:32.381 [main] INFO  testCases.TC022_CreateEntity_ETRM_NewValues - [+60] is selected in List
15:33:34.984 [main] INFO  utilities.UtilityCustomFunctions - 5506142584 entered in  input
15:33:38.131 [main] INFO  utilities.UtilityCustomFunctions - Enq Cat:Urgent
15:33:41.470 [main] INFO  testCases.TC022_CreateEntity_ETRM_NewValues - [Urgent] is selected in List
15:33:47.988 [main] INFO  testCases.TC022_CreateEntity_ETRM_NewValues - [+91] is selected in List
15:33:50.681 [main] INFO  utilities.UtilityCustomFunctions - 4023011892 entered in  input
15:33:52.230 [main] INFO  utilities.UtilityCustomFunctions - AddNewLead@gmail.com entered in  input
15:33:53.685 [main] INFO  utilities.UtilityCustomFunctions - Lead about Chatbot entered in  input
15:33:58.278 [main] INFO  testCases.TC022_CreateEntity_ETRM_NewValues - [+60] is selected in List
15:34:01.002 [main] INFO  utilities.UtilityCustomFunctions - 2691883735 entered in  input
15:34:02.561 [main] INFO  utilities.UtilityCustomFunctions - AddNewSales@gmail.com entered in  input
15:34:19.104 [main] INFO  utilities.UtilityCustomFunctions - New Record added in: CreateEntitySource
15:34:28.572 [main] INFO  utilities.UtilityCustomFunctions - All Menu Items Clicked
15:34:35.992 [main] INFO  utilities.UtilityCustomFunctions - Target Module Opened:CreateEntityTarget
15:34:45.755 [main] INFO  utilities.UtilityCustomFunctions - Record Id comparison started after new Record Added
15:34:46.995 [main] INFO  utilities.UtilityCustomFunctions - Navigate to Source Summary Page
15:35:11.088 [main] INFO  utilities.UtilityCustomFunctions - Summary Add Entity Started
15:35:14.103 [main] INFO  testCases.TC022_CreateEntity_ETRM_NewValues - Excel file Utility instance created
15:35:14.199 [main] INFO  testCases.TC022_CreateEntity_ETRM_NewValues - Row Count is: 1
15:35:14.232 [main] INFO  testCases.TC022_CreateEntity_ETRM_NewValues - Col Count is: 54
15:35:14.232 [main] INFO  testCases.TC022_CreateEntity_ETRM_NewValues - Extracting DataSheet Values started...
15:35:14.894 [main] INFO  utilities.UtilityCustomFunctions - ETATest Enquiry Text Area
15:35:15.402 [main] INFO  utilities.UtilityCustomFunctions - Before Adding Module data
15:35:18.672 [main] INFO  utilities.UtilityCustomFunctions - Assinged To Drop Down clicked
15:35:23.997 [main] INFO  testCases.TC022_CreateEntity_ETRM_NewValues - [Sudhakar VE] is selected in List
15:35:23.997 [main] INFO  utilities.UtilityCustomFunctions - Assinged To Value Seleted is::  Sudhakar VE
15:35:27.611 [main] INFO  utilities.UtilityCustomFunctions - Summary Add Text entered in  input
15:35:27.622 [main] INFO  utilities.UtilityCustomFunctions - Text Value added is::  Summary Add Text
15:35:28.799 [main] INFO  utilities.UtilityCustomFunctions - Phone NUmber prefix clicked :  
15:35:32.074 [main] INFO  testCases.TC022_CreateEntity_ETRM_NewValues - [+65] is selected in List
15:35:32.074 [main] INFO  utilities.UtilityCustomFunctions - Phone NUmber selected is :  2369756885
15:35:33.650 [main] INFO  utilities.UtilityCustomFunctions - 2369756885 entered in  input
15:35:36.221 [main] INFO  utilities.UtilityCustomFunctions - SummaryAddNew@rsoft.in entered in  input
15:35:37.246 [main] INFO  utilities.UtilityCustomFunctions - Email Added is: SummaryAddNew@rsoft.in
15:35:38.366 [main] INFO  utilities.UtilityCustomFunctions - Picklist clicked
15:35:39.567 [main] INFO  utilities.UtilityCustomFunctions - Picklist selected: 3
15:35:53.471 [main] INFO  utilities.UtilityCustomFunctions - MultiCombo box values: one
15:35:54.657 [main] INFO  utilities.UtilityCustomFunctions - City Drop Down clicked
15:35:58.024 [main] INFO  testCases.TC022_CreateEntity_ETRM_NewValues - [Kanchipuram] is selected in List
15:35:58.024 [main] INFO  utilities.UtilityCustomFunctions - City Selected: Kanchipuram
15:35:59.222 [main] INFO  utilities.UtilityCustomFunctions - State Drop Down clicked
15:36:02.876 [main] INFO  testCases.TC022_CreateEntity_ETRM_NewValues - [Tamilnadu] is selected in List
15:36:02.877 [main] INFO  utilities.UtilityCustomFunctions - State Selected: Tamilnadu
15:36:04.076 [main] INFO  utilities.UtilityCustomFunctions - Country List clicked
15:36:07.396 [main] INFO  testCases.TC022_CreateEntity_ETRM_NewValues - [India] is selected in List
15:36:07.396 [main] INFO  utilities.UtilityCustomFunctions - Country Selected: India
15:36:09.466 [main] INFO  utilities.UtilityCustomFunctions - check box value: ON
15:36:09.623 [main] INFO  utilities.UtilityCustomFunctions - Checkbox clicked
15:36:09.751 [main] INFO  utilities.UtilityCustomFunctions - DateBox clicked
15:36:18.006 [main] INFO  utilities.UtilityCustomFunctions - Current Month:Jun
15:36:24.597 [main] INFO  utilities.UtilityCustomFunctions - Year to be selected is:2024
15:36:27.264 [main] INFO  utilities.UtilityCustomFunctions - Control Type:sDate
15:36:31.276 [main] INFO  utilities.UtilityCustomFunctions - (//td[contains(@class,'today')])[1]
15:36:33.519 [main] INFO  utilities.UtilityCustomFunctions - Today Date Selected
15:36:34.667 [main] INFO  utilities.UtilityCustomFunctions - Time Clicked
15:36:37.683 [main] INFO  utilities.UtilityCustomFunctions - Hours://div[@class='popover-content']//div[@class='clockpicker-tick' and text()='2']
15:36:48.219 [main] INFO  utilities.UtilityCustomFunctions - Time Selected is: 02:36 PM
15:36:49.426 [main] INFO  utilities.UtilityCustomFunctions - Date & Time Clicked
15:36:54.432 [main] INFO  utilities.UtilityCustomFunctions - Current Month:Jun
15:37:09.839 [main] INFO  utilities.UtilityCustomFunctions - Current Month:Jun
15:37:16.417 [main] INFO  utilities.UtilityCustomFunctions - Year to be selected is:2024
15:37:19.001 [main] INFO  utilities.UtilityCustomFunctions - Control Type:sDateandTime
15:37:31.056 [main] INFO  testCases.TC022_CreateEntity_ETRM_NewValues - [5] is selected in List
15:37:35.568 [main] INFO  testCases.TC022_CreateEntity_ETRM_NewValues - [00] is selected in List
15:37:40.029 [main] INFO  testCases.TC022_CreateEntity_ETRM_NewValues - [00] is selected in List
15:37:44.538 [main] INFO  testCases.TC022_CreateEntity_ETRM_NewValues - [PM] is selected in List
15:37:47.547 [main] INFO  utilities.UtilityCustomFunctions - Clicked Current Date in Date&Time
15:37:47.769 [main] INFO  utilities.UtilityCustomFunctions - Date & Time Selected
15:37:47.859 [main] INFO  utilities.UtilityCustomFunctions - Formatted Date from sheet:2024-06-06
15:38:02.860 [main] INFO  testCases.TC022_CreateEntity_ETRM_NewValues - [Mrs.] is selected in List
15:38:04.339 [main] INFO  utilities.UtilityCustomFunctions - Steven entered in  input
15:38:05.887 [main] INFO  utilities.UtilityCustomFunctions - 11111111111 entered in  input
15:38:07.281 [main] INFO  utilities.UtilityCustomFunctions - 10000 entered in  input
15:38:08.825 [main] INFO  utilities.UtilityCustomFunctions - http://www.google.com/ entered in  input
15:38:12.284 [main] INFO  testCases.TC022_CreateEntity_ETRM_NewValues - [Dr.] is selected in List
15:38:13.794 [main] INFO  utilities.UtilityCustomFunctions - Annie entered in  input
15:38:15.399 [main] INFO  utilities.UtilityCustomFunctions - AddNewEnquiry@gmail.com entered in  input
15:38:16.950 [main] INFO  utilities.UtilityCustomFunctions - Enquiry about Chatbot entered in  input
15:38:16.965 [main] INFO  utilities.UtilityCustomFunctions - Enqiry txt area:Test Enquiry Text Area
15:38:18.524 [main] INFO  utilities.UtilityCustomFunctions - Test Enquiry Text Area entered in  textarea
15:38:26.925 [main] INFO  utilities.UtilityCustomFunctions - Current Month:Jun
15:38:33.494 [main] INFO  utilities.UtilityCustomFunctions - Year to be selected is:2024
15:38:36.133 [main] INFO  utilities.UtilityCustomFunctions - Control Type:sEnquiryDate
15:38:40.140 [main] INFO  utilities.UtilityCustomFunctions - (//td[contains(@class,'today')])[2]
15:38:46.972 [main] INFO  testCases.TC022_CreateEntity_ETRM_NewValues - [+60] is selected in List
15:38:49.679 [main] INFO  utilities.UtilityCustomFunctions - 5506142584 entered in  input
15:38:52.845 [main] INFO  utilities.UtilityCustomFunctions - Enq Cat:Urgent
15:38:56.194 [main] INFO  testCases.TC022_CreateEntity_ETRM_NewValues - [Urgent] is selected in List
15:39:02.785 [main] INFO  testCases.TC022_CreateEntity_ETRM_NewValues - [+91] is selected in List
15:39:05.419 [main] INFO  utilities.UtilityCustomFunctions - 4023011892 entered in  input
15:39:07.069 [main] INFO  utilities.UtilityCustomFunctions - SummaryAddNewLead@gmail.com entered in  input
15:39:08.601 [main] INFO  utilities.UtilityCustomFunctions - Lead about Chatbot entered in  input
15:39:13.134 [main] INFO  testCases.TC022_CreateEntity_ETRM_NewValues - [+60] is selected in List
15:39:15.897 [main] INFO  utilities.UtilityCustomFunctions - 2691883735 entered in  input
15:39:17.528 [main] INFO  utilities.UtilityCustomFunctions - SummaryAddNewSales@gmail.com entered in  input
15:39:33.834 [main] INFO  utilities.UtilityCustomFunctions - New Record added in: CreateEntitySource
15:40:25.298 [main] INFO  testCases.TC022_CreateEntity_ETRM_NewValues - Excel file Utility instance created
15:40:25.392 [main] INFO  testCases.TC022_CreateEntity_ETRM_NewValues - Row Count is: 1
15:40:25.535 [main] INFO  testCases.TC022_CreateEntity_ETRM_NewValues - Col Count is: 54
15:40:25.535 [main] INFO  testCases.TC022_CreateEntity_ETRM_NewValues - Extracting DataSheet Values started...
15:40:26.337 [main] INFO  utilities.UtilityCustomFunctions - ETATest Enquiry Text Area
15:40:26.921 [main] INFO  utilities.UtilityCustomFunctions - Before Adding Module data
15:40:30.094 [main] INFO  utilities.UtilityCustomFunctions - Assinged To Drop Down clicked
15:40:35.434 [main] INFO  testCases.TC022_CreateEntity_ETRM_NewValues - [Sudhakar VE] is selected in List
15:40:35.434 [main] INFO  utilities.UtilityCustomFunctions - Assinged To Value Seleted is::  Sudhakar VE
