18:06:15.783 [main] INFO  utilities.UtilityCustomFunctions - Actual:Sudhakar VE
18:06:15.787 [main] INFO  utilities.UtilityCustomFunctions - Expected:Sudhakar VE
18:06:15.787 [main] INFO  utilities.UtilityCustomFunctions - Message:Assigned To Title: Create Entity in Target
18:06:17.008 [main] INFO  utilities.UtilityCustomFunctions - Actual:+65 7492752968
18:06:17.009 [main] INFO  utilities.UtilityCustomFunctions - Expected:+65 7492752968
18:06:17.009 [main] INFO  utilities.UtilityCustomFunctions - Message:Mobile Number Title : Create Entity in Target
18:06:18.230 [main] INFO  utilities.UtilityCustomFunctions - Actual:AddNew@rsoft.in
18:06:18.231 [main] INFO  utilities.UtilityCustomFunctions - Expected:AddNew@rsoft.in
18:06:18.231 [main] INFO  utilities.UtilityCustomFunctions - Message:Email Title: Create Entity in Target
18:06:22.836 [main] INFO  utilities.UtilityCustomFunctions - Actual:Sudhakar VE
18:06:22.836 [main] INFO  utilities.UtilityCustomFunctions - Expected:Sudhakar VE
18:06:22.836 [main] INFO  utilities.UtilityCustomFunctions - Message:Summary AssignedTo:  Create Entity in Target
18:06:24.100 [main] INFO  utilities.UtilityCustomFunctions - Actual:Add New Text
18:06:24.100 [main] INFO  utilities.UtilityCustomFunctions - Expected:Add New Text
18:06:24.101 [main] INFO  utilities.UtilityCustomFunctions - Message:Summary Text:  Create Entity in Target
18:06:25.429 [main] INFO  utilities.UtilityCustomFunctions - Actual:+65 7492752968
18:06:25.429 [main] INFO  utilities.UtilityCustomFunctions - Expected:+65 7492752968
18:06:25.429 [main] INFO  utilities.UtilityCustomFunctions - Message:Summary Mobile Number:  Create Entity in Target
18:06:26.755 [main] INFO  utilities.UtilityCustomFunctions - Actual:AddNew@rsoft.in
18:06:26.755 [main] INFO  utilities.UtilityCustomFunctions - Expected:AddNew@rsoft.in
18:06:26.755 [main] INFO  utilities.UtilityCustomFunctions - Message:Summary Email :  Create Entity in Target
18:06:28.068 [main] INFO  utilities.UtilityCustomFunctions - Actual:3
18:06:28.069 [main] INFO  utilities.UtilityCustomFunctions - Expected:3
18:06:28.069 [main] INFO  utilities.UtilityCustomFunctions - Message:Summary PicListValue :  Create Entity in Target
18:06:29.370 [main] INFO  utilities.UtilityCustomFunctions - Actual:one
18:06:29.370 [main] INFO  utilities.UtilityCustomFunctions - Expected:one
18:06:29.370 [main] INFO  utilities.UtilityCustomFunctions - Message:Summary MuultiCombo Values :  Create Entity in Target
18:06:30.708 [main] INFO  utilities.UtilityCustomFunctions - Actual:Kanchipuram
18:06:30.708 [main] INFO  utilities.UtilityCustomFunctions - Expected:Kanchipuram
18:06:30.708 [main] INFO  utilities.UtilityCustomFunctions - Message:Summary City:  Create Entity in Target
18:06:32.060 [main] INFO  utilities.UtilityCustomFunctions - Actual:Tamilnadu
18:06:32.060 [main] INFO  utilities.UtilityCustomFunctions - Expected:Tamilnadu
18:06:32.060 [main] INFO  utilities.UtilityCustomFunctions - Message:Summary State:  Create Entity in Target
18:06:33.406 [main] INFO  utilities.UtilityCustomFunctions - Actual:India
18:06:33.406 [main] INFO  utilities.UtilityCustomFunctions - Expected:India
18:06:33.406 [main] INFO  utilities.UtilityCustomFunctions - Message:Summary Country:  Create Entity in Target
18:06:34.733 [main] INFO  utilities.UtilityCustomFunctions - Actual:Yes
18:06:34.733 [main] INFO  utilities.UtilityCustomFunctions - Expected:Yes
18:06:34.733 [main] INFO  utilities.UtilityCustomFunctions - Message:Summary CheckBox:  Create Entity in Target
18:06:36.078 [main] INFO  utilities.UtilityCustomFunctions - Expected Date from sheet:2024-06-04
18:06:36.078 [main] INFO  utilities.UtilityCustomFunctions - Actual:2024-06-04
18:06:36.078 [main] INFO  utilities.UtilityCustomFunctions - Expected:2024-06-04
18:06:36.078 [main] INFO  utilities.UtilityCustomFunctions - Message:Summary Date:  Create Entity in Target
18:06:37.280 [main] INFO  utilities.UtilityCustomFunctions - Expected Time from sheet:02:35:55 PM
18:06:37.377 [main] INFO  utilities.UtilityCustomFunctions - Formatted Time from sheet:02:35:55 PM
18:06:37.378 [main] INFO  utilities.UtilityCustomFunctions - Actual:02:35:55 PM
18:06:37.378 [main] INFO  utilities.UtilityCustomFunctions - Expected:02:35:55 PM
18:06:37.378 [main] INFO  utilities.UtilityCustomFunctions - Message:Summary Time:  Create Entity in Target
18:06:38.619 [main] INFO  utilities.UtilityCustomFunctions - Expected Date Time from sheet:2024-06-07 05:00:00 PM
18:06:38.727 [main] INFO  utilities.UtilityCustomFunctions - Formatted date & Time from sheet:2024-06-07 05:00:00 PM
18:06:38.728 [main] INFO  utilities.UtilityCustomFunctions - Actual:2024-06-07 05:00:00 PM
18:06:38.728 [main] INFO  utilities.UtilityCustomFunctions - Expected:2024-06-07 05:00:00 PM
18:06:38.728 [main] INFO  utilities.UtilityCustomFunctions - Message:Summary Date & Time :  Create Entity in Target
18:06:40.254 [main] INFO  utilities.UtilityCustomFunctions - Actual:annie-spratt
18:06:40.254 [main] INFO  utilities.UtilityCustomFunctions - Expected:annie-spratt
18:06:40.254 [main] INFO  utilities.UtilityCustomFunctions - Message:Summary File Upload :  Create Entity in Target
18:06:41.591 [main] INFO  utilities.UtilityCustomFunctions - ActualName:Mrs. StevenExpectedName:Mrs. Steven
18:06:41.591 [main] INFO  utilities.UtilityCustomFunctions - Actual:Mrs. Steven
18:06:41.591 [main] INFO  utilities.UtilityCustomFunctions - Expected:Mrs. Steven
18:06:41.592 [main] INFO  utilities.UtilityCustomFunctions - Message:Summary Name:  Create Entity in Target
18:06:42.913 [main] INFO  utilities.UtilityCustomFunctions - Actual:11111111111
18:06:42.913 [main] INFO  utilities.UtilityCustomFunctions - Expected:11111111111
18:06:42.913 [main] INFO  utilities.UtilityCustomFunctions - Message:Summary Number:  Create Entity in Target
18:06:44.239 [main] INFO  utilities.UtilityCustomFunctions - Actual:10000
18:06:44.239 [main] INFO  utilities.UtilityCustomFunctions - Expected:10000
18:06:44.239 [main] INFO  utilities.UtilityCustomFunctions - Message:Summary Currency:  Create Entity in Target
18:06:45.516 [main] INFO  utilities.UtilityCustomFunctions - Actual:http://www.google.com/
18:06:45.516 [main] INFO  utilities.UtilityCustomFunctions - Expected:http://www.google.com/
18:06:45.516 [main] INFO  utilities.UtilityCustomFunctions - Message:Summary Url:  Create Entity in Target
18:06:46.963 [main] INFO  utilities.UtilityCustomFunctions - Actual:Dr. Annie
18:06:46.964 [main] INFO  utilities.UtilityCustomFunctions - Expected:Dr. Annie
18:06:46.966 [main] INFO  utilities.UtilityCustomFunctions - Message:Summary Enquiry Name:  Create Entity in Target
18:06:48.236 [main] INFO  utilities.UtilityCustomFunctions - Actual:AddNewEnquiry@gmail.com
18:06:48.236 [main] INFO  utilities.UtilityCustomFunctions - Expected:AddNewEnquiry@gmail.com
18:06:48.236 [main] INFO  utilities.UtilityCustomFunctions - Message:Summary Enquiry Email:  Create Entity in Target
18:06:49.593 [main] INFO  utilities.UtilityCustomFunctions - Actual:Enquiry about Chatbot
18:06:49.593 [main] INFO  utilities.UtilityCustomFunctions - Expected:Enquiry about Chatbot
18:06:49.593 [main] INFO  utilities.UtilityCustomFunctions - Message:Summary Enquiry Text:  Create Entity in Target
18:06:50.925 [main] INFO  utilities.UtilityCustomFunctions - Actual:Test Enquiry Text Area
18:06:50.925 [main] INFO  utilities.UtilityCustomFunctions - Expected:Test Enquiry Text Area
18:06:50.926 [main] INFO  utilities.UtilityCustomFunctions - Message:Summary Enquiry Text Area:  Create Entity in Target
18:06:52.126 [main] INFO  utilities.UtilityCustomFunctions - Expected enq Date:2024-06-04
18:06:52.226 [main] INFO  utilities.UtilityCustomFunctions - Formatted Enquiry Date from sheet:2024-06-04
18:06:52.226 [main] INFO  utilities.UtilityCustomFunctions - Actual:2024-06-04
18:06:52.226 [main] INFO  utilities.UtilityCustomFunctions - Expected:2024-06-04
18:06:52.226 [main] INFO  utilities.UtilityCustomFunctions - Message:Summary Enquiry Date:  Create Entity in Target
18:06:53.582 [main] INFO  utilities.UtilityCustomFunctions - Actual:+60 8522014894
18:06:53.583 [main] INFO  utilities.UtilityCustomFunctions - Expected:+60 8522014894
18:06:53.583 [main] INFO  utilities.UtilityCustomFunctions - Message:Summary Enquiry Phone Number:  Create Entity in Target
18:06:55.720 [main] INFO  utilities.UtilityCustomFunctions - Actual:Urgent
18:06:55.721 [main] INFO  utilities.UtilityCustomFunctions - Expected:Urgent
18:06:55.721 [main] INFO  utilities.UtilityCustomFunctions - Message:Summary Enquiry Category:  Create Entity in Target
18:06:57.263 [main] INFO  utilities.UtilityCustomFunctions - Actual:+91 5560544707
18:06:57.263 [main] INFO  utilities.UtilityCustomFunctions - Expected:+91 5560544707
18:06:57.264 [main] INFO  utilities.UtilityCustomFunctions - Message:Summary Lead PhoneNumber:  Create Entity in Target
18:06:58.734 [main] INFO  utilities.UtilityCustomFunctions - Actual:AddNewLead@gmail.com
18:06:58.736 [main] INFO  utilities.UtilityCustomFunctions - Expected:AddNewLead@gmail.com
18:06:58.736 [main] INFO  utilities.UtilityCustomFunctions - Message:Summary Lead Email:  Create Entity in Target
18:07:00.151 [main] INFO  utilities.UtilityCustomFunctions - Actual:Lead about Chatbot
18:07:00.152 [main] INFO  utilities.UtilityCustomFunctions - Expected:Lead about Chatbot
18:07:00.152 [main] INFO  utilities.UtilityCustomFunctions - Message:Summary Lead Text:  Create Entity in Target
18:07:01.476 [main] INFO  utilities.UtilityCustomFunctions - Actual:+60 2467261143
18:07:01.476 [main] INFO  utilities.UtilityCustomFunctions - Expected:+60 2467261143
18:07:01.476 [main] INFO  utilities.UtilityCustomFunctions - Message:Summary Sales PhoneNumber:  Create Entity in Target
18:07:02.785 [main] INFO  utilities.UtilityCustomFunctions - Actual:AddNewSales@gmail.com
18:07:02.785 [main] INFO  utilities.UtilityCustomFunctions - Expected:AddNewSales@gmail.com
18:07:02.785 [main] INFO  utilities.UtilityCustomFunctions - Message:Summary Sales Email:  Create Entity in Target
18:07:04.687 [main] INFO  utilities.UtilityCustomFunctions - Summary View Set ON
18:07:15.070 [main] INFO  utilities.UtilityCustomFunctions - Actual:Sudhakar VE
18:07:15.071 [main] INFO  utilities.UtilityCustomFunctions - Expected:Sudhakar VE
18:07:15.071 [main] INFO  utilities.UtilityCustomFunctions - Message:Detail View AssignedTo:  Create Entity in Target
18:07:16.383 [main] INFO  utilities.UtilityCustomFunctions - Actual:Add New Text
18:07:16.384 [main] INFO  utilities.UtilityCustomFunctions - Expected:Add New Text
18:07:16.384 [main] INFO  utilities.UtilityCustomFunctions - Message:Detail View Text:  Create Entity in Target
18:07:17.704 [main] INFO  utilities.UtilityCustomFunctions - sActDTMobileNumber +65
  7492752968
18:07:17.705 [main] INFO  utilities.UtilityCustomFunctions - Actual:+65 7492752968
18:07:17.705 [main] INFO  utilities.UtilityCustomFunctions - Expected:+65 7492752968
18:07:17.705 [main] INFO  utilities.UtilityCustomFunctions - Message:Detail View Mobile Number:  Create Entity in Target
18:07:19.070 [main] INFO  utilities.UtilityCustomFunctions - Actual:AddNew@rsoft.in
18:07:19.070 [main] INFO  utilities.UtilityCustomFunctions - Expected:AddNew@rsoft.in
18:07:19.070 [main] INFO  utilities.UtilityCustomFunctions - Message:Detail View Email :  Create Entity in Target
18:07:20.370 [main] INFO  utilities.UtilityCustomFunctions - Actual:3
18:07:20.370 [main] INFO  utilities.UtilityCustomFunctions - Expected:3
18:07:20.370 [main] INFO  utilities.UtilityCustomFunctions - Message:Detail View PicListValue :  Create Entity in Target
18:07:21.694 [main] INFO  utilities.UtilityCustomFunctions - Actual:one
18:07:21.694 [main] INFO  utilities.UtilityCustomFunctions - Expected:one
18:07:21.694 [main] INFO  utilities.UtilityCustomFunctions - Message:Detail View MuultiCombo Values :  Create Entity in Target
18:07:23.017 [main] INFO  utilities.UtilityCustomFunctions - Actual:Kanchipuram
18:07:23.017 [main] INFO  utilities.UtilityCustomFunctions - Expected:Kanchipuram
18:07:23.018 [main] INFO  utilities.UtilityCustomFunctions - Message:Detail View City:  Create Entity in Target
18:07:24.334 [main] INFO  utilities.UtilityCustomFunctions - Actual:Tamilnadu
18:07:24.334 [main] INFO  utilities.UtilityCustomFunctions - Expected:Tamilnadu
18:07:24.334 [main] INFO  utilities.UtilityCustomFunctions - Message:Detail View State:  Create Entity in Target
18:07:25.659 [main] INFO  utilities.UtilityCustomFunctions - Actual:India
18:07:25.659 [main] INFO  utilities.UtilityCustomFunctions - Expected:India
18:07:25.659 [main] INFO  utilities.UtilityCustomFunctions - Message:Detail View Country:  Create Entity in Target
18:07:26.995 [main] INFO  utilities.UtilityCustomFunctions - Actual:Yes
18:07:26.995 [main] INFO  utilities.UtilityCustomFunctions - Expected:Yes
18:07:26.995 [main] INFO  utilities.UtilityCustomFunctions - Message:Detail View CheckBox:  Create Entity in Target
18:07:28.357 [main] INFO  utilities.UtilityCustomFunctions - Actual:2024-06-04
18:07:28.357 [main] INFO  utilities.UtilityCustomFunctions - Expected:2024-06-04
18:07:28.357 [main] INFO  utilities.UtilityCustomFunctions - Message:Detail View Date:  Create Entity in Target
18:07:29.654 [main] INFO  utilities.UtilityCustomFunctions - Actual:02:35:55 PM
18:07:29.655 [main] INFO  utilities.UtilityCustomFunctions - Expected:02:35:55 PM
18:07:29.655 [main] INFO  utilities.UtilityCustomFunctions - Message:Detail View Time:  Create Entity in Target
18:07:31.037 [main] INFO  utilities.UtilityCustomFunctions - Actual:2024-06-07 05:00:00 PM
18:07:31.037 [main] INFO  utilities.UtilityCustomFunctions - Expected:2024-06-07 05:00:00 PM
18:07:31.037 [main] INFO  utilities.UtilityCustomFunctions - Message:Detail View Date & Time :  Create Entity in Target
18:07:32.575 [main] INFO  utilities.UtilityCustomFunctions - Actual:annie-spratt
18:07:32.575 [main] INFO  utilities.UtilityCustomFunctions - Expected:annie-spratt
18:07:32.575 [main] INFO  utilities.UtilityCustomFunctions - Message:Detail View File Upload :  Create Entity in Target
18:07:33.874 [main] INFO  utilities.UtilityCustomFunctions - ActualNameDT:Mrs. StevenExpectedNameDT:Mrs. Steven
18:07:33.874 [main] INFO  utilities.UtilityCustomFunctions - Actual:Mrs. Steven
18:07:33.874 [main] INFO  utilities.UtilityCustomFunctions - Expected:Mrs. Steven
18:07:33.875 [main] INFO  utilities.UtilityCustomFunctions - Message:Detail View Name:  Create Entity in Target
18:07:35.235 [main] INFO  utilities.UtilityCustomFunctions - Actual:11111111111
18:07:35.236 [main] INFO  utilities.UtilityCustomFunctions - Expected:11111111111
18:07:35.236 [main] INFO  utilities.UtilityCustomFunctions - Message:Detail View Number:  Create Entity in Target
18:07:36.558 [main] INFO  utilities.UtilityCustomFunctions - Actual:10000
18:07:36.558 [main] INFO  utilities.UtilityCustomFunctions - Expected:10000
18:07:36.558 [main] INFO  utilities.UtilityCustomFunctions - Message:Detail View Currency:  Create Entity in Target
18:07:37.783 [main] INFO  utilities.UtilityCustomFunctions - Actual:http://www.google.com/
18:07:37.783 [main] INFO  utilities.UtilityCustomFunctions - Expected:http://www.google.com/
18:07:37.783 [main] INFO  utilities.UtilityCustomFunctions - Message:Detail View Url:  Create Entity in Target
18:07:45.397 [main] INFO  utilities.UtilityCustomFunctions - Actual:Dr. Annie
18:07:45.397 [main] INFO  utilities.UtilityCustomFunctions - Expected:Dr. Annie
18:07:45.397 [main] INFO  utilities.UtilityCustomFunctions - Message:Detail View Enquiry Name:  Create Entity in Target
18:07:46.731 [main] INFO  utilities.UtilityCustomFunctions - Actual:AddNewEnquiry@gmail.com
18:07:46.731 [main] INFO  utilities.UtilityCustomFunctions - Expected:AddNewEnquiry@gmail.com
18:07:46.731 [main] INFO  utilities.UtilityCustomFunctions - Message:Detail View Enquiry Email:  Create Entity in Target
18:07:48.030 [main] INFO  utilities.UtilityCustomFunctions - Actual:Enquiry about Chatbot
18:07:48.030 [main] INFO  utilities.UtilityCustomFunctions - Expected:Enquiry about Chatbot
18:07:48.030 [main] INFO  utilities.UtilityCustomFunctions - Message:Detail View Enquiry Text:  Create Entity in Target
18:07:49.352 [main] INFO  utilities.UtilityCustomFunctions - Actual:Test Enquiry Text Area
18:07:49.352 [main] INFO  utilities.UtilityCustomFunctions - Expected:Test Enquiry Text Area
18:07:49.352 [main] INFO  utilities.UtilityCustomFunctions - Message:Detail View Enquiry Text Area:  Create Entity in Target
18:07:50.679 [main] INFO  utilities.UtilityCustomFunctions - Actual:2024-06-04
18:07:50.679 [main] INFO  utilities.UtilityCustomFunctions - Expected:2024-06-04
18:07:50.679 [main] INFO  utilities.UtilityCustomFunctions - Message:Detail View Enquiry Date:  Create Entity in Target
18:07:51.997 [main] INFO  utilities.UtilityCustomFunctions - Actual:+60 8522014894
18:07:51.997 [main] INFO  utilities.UtilityCustomFunctions - Expected:+60 8522014894
18:07:51.997 [main] INFO  utilities.UtilityCustomFunctions - Message:Detail View Enquiry Phone Number:  Create Entity in Target
18:07:53.330 [main] INFO  utilities.UtilityCustomFunctions - Actual:Urgent
18:07:53.330 [main] INFO  utilities.UtilityCustomFunctions - Expected:Urgent
18:07:53.330 [main] INFO  utilities.UtilityCustomFunctions - Message:Detail View Enquiry Category:  Create Entity in Target
18:08:00.946 [main] INFO  utilities.UtilityCustomFunctions - Actual:+91 5560544707
18:08:00.946 [main] INFO  utilities.UtilityCustomFunctions - Expected:+91 5560544707
18:08:00.946 [main] INFO  utilities.UtilityCustomFunctions - Message:DT Lead Mobile Number:  Create Entity in Target
18:08:02.313 [main] INFO  utilities.UtilityCustomFunctions - Actual:AddNewLead@gmail.com
18:08:02.313 [main] INFO  utilities.UtilityCustomFunctions - Expected:AddNewLead@gmail.com
18:08:02.313 [main] INFO  utilities.UtilityCustomFunctions - Message:DT View Lead Email  Create Entity in Target
18:08:03.630 [main] INFO  utilities.UtilityCustomFunctions - Actual:Lead about Chatbot
18:08:03.630 [main] INFO  utilities.UtilityCustomFunctions - Expected:Lead about Chatbot
18:08:03.630 [main] INFO  utilities.UtilityCustomFunctions - Message:DT View Lead Text Create Entity in Target
18:08:04.983 [main] INFO  utilities.UtilityCustomFunctions - Actual:+60 2467261143
18:08:04.983 [main] INFO  utilities.UtilityCustomFunctions - Expected:+60 2467261143
18:08:04.983 [main] INFO  utilities.UtilityCustomFunctions - Message:DT Sales Mobile Number:  Create Entity in Target
18:08:06.348 [main] INFO  utilities.UtilityCustomFunctions - Actual:AddNewSales@gmail.com
18:08:06.348 [main] INFO  utilities.UtilityCustomFunctions - Expected:AddNewSales@gmail.com
18:08:06.348 [main] INFO  utilities.UtilityCustomFunctions - Message:DT View Sales EmailCreate Entity in Target
18:08:07.589 [main] INFO  utilities.UtilityCustomFunctions - Navigate to Source Summary Page
18:08:30.903 [main] INFO  utilities.UtilityCustomFunctions - Summary Add Entity Started
18:08:33.918 [main] INFO  testCases.TC019_CreateEntity_ETRS_NewValues - Excel file Utility instance created
18:08:33.964 [main] INFO  testCases.TC019_CreateEntity_ETRS_NewValues - Row Count is: 1
18:08:33.982 [main] INFO  testCases.TC019_CreateEntity_ETRS_NewValues - Col Count is: 54
18:08:33.982 [main] INFO  testCases.TC019_CreateEntity_ETRS_NewValues - Extracting DataSheet Values started...
18:08:34.595 [main] INFO  utilities.UtilityCustomFunctions - ETATest Enquiry Text Area
18:08:35.031 [main] INFO  utilities.UtilityCustomFunctions - Before Adding Module data
18:08:38.293 [main] INFO  utilities.UtilityCustomFunctions - Assinged To Drop Down clicked
18:08:43.764 [main] INFO  testCases.TC019_CreateEntity_ETRS_NewValues - [Sudhakar VE] is selected in List
18:08:43.764 [main] INFO  utilities.UtilityCustomFunctions - Assinged To Value Seleted is::  Sudhakar VE
18:08:45.383 [main] INFO  utilities.UtilityCustomFunctions - Summary Add Text entered in  input
18:08:45.400 [main] INFO  utilities.UtilityCustomFunctions - Text Value added is::  Summary Add Text
18:08:46.561 [main] INFO  utilities.UtilityCustomFunctions - Phone NUmber prefix clicked :  
18:08:49.887 [main] INFO  testCases.TC019_CreateEntity_ETRS_NewValues - [+65] is selected in List
18:08:49.887 [main] INFO  utilities.UtilityCustomFunctions - Phone NUmber selected is :  7492752968
18:08:51.514 [main] INFO  utilities.UtilityCustomFunctions - 7492752968 entered in  input
18:08:54.238 [main] INFO  utilities.UtilityCustomFunctions - SummaryAddNew@rsoft.in entered in  input
18:08:55.263 [main] INFO  utilities.UtilityCustomFunctions - Email Added is: SummaryAddNew@rsoft.in
18:08:56.395 [main] INFO  utilities.UtilityCustomFunctions - Picklist clicked
18:08:57.570 [main] INFO  utilities.UtilityCustomFunctions - Picklist selected: 3
18:09:11.480 [main] INFO  utilities.UtilityCustomFunctions - MultiCombo box values: one
18:09:12.708 [main] INFO  utilities.UtilityCustomFunctions - City Drop Down clicked
18:09:16.183 [main] INFO  testCases.TC019_CreateEntity_ETRS_NewValues - [Kanchipuram] is selected in List
18:09:16.184 [main] INFO  utilities.UtilityCustomFunctions - City Selected: Kanchipuram
18:09:17.363 [main] INFO  utilities.UtilityCustomFunctions - State Drop Down clicked
18:09:21.017 [main] INFO  testCases.TC019_CreateEntity_ETRS_NewValues - [Tamilnadu] is selected in List
18:09:21.017 [main] INFO  utilities.UtilityCustomFunctions - State Selected: Tamilnadu
18:09:22.240 [main] INFO  utilities.UtilityCustomFunctions - Country List clicked
18:09:25.579 [main] INFO  testCases.TC019_CreateEntity_ETRS_NewValues - [India] is selected in List
18:09:25.579 [main] INFO  utilities.UtilityCustomFunctions - Country Selected: India
18:09:27.644 [main] INFO  utilities.UtilityCustomFunctions - check box value: ON
18:09:27.788 [main] INFO  utilities.UtilityCustomFunctions - Checkbox clicked
18:09:27.925 [main] INFO  utilities.UtilityCustomFunctions - DateBox clicked
18:09:36.164 [main] INFO  utilities.UtilityCustomFunctions - Current Month:Jun
18:09:42.844 [main] INFO  utilities.UtilityCustomFunctions - Year to be selected is:2024
18:09:45.351 [main] INFO  utilities.UtilityCustomFunctions - Control Type:sDate
18:09:49.377 [main] INFO  utilities.UtilityCustomFunctions - (//td[contains(@class,'today')])[1]
18:09:51.547 [main] INFO  utilities.UtilityCustomFunctions - Today Date Selected
18:09:52.662 [main] INFO  utilities.UtilityCustomFunctions - Time Clicked
18:09:55.678 [main] INFO  utilities.UtilityCustomFunctions - Hours://div[@class='popover-content']//div[@class='clockpicker-tick' and text()='2']
18:10:06.162 [main] INFO  utilities.UtilityCustomFunctions - Time Selected is: 02:36 PM
18:10:07.383 [main] INFO  utilities.UtilityCustomFunctions - Date & Time Clicked
18:10:12.395 [main] INFO  utilities.UtilityCustomFunctions - Current Month:Jun
18:10:27.781 [main] INFO  utilities.UtilityCustomFunctions - Current Month:Jun
18:10:34.296 [main] INFO  utilities.UtilityCustomFunctions - Year to be selected is:2024
18:10:36.883 [main] INFO  utilities.UtilityCustomFunctions - Control Type:sDateandTime
18:10:48.798 [main] INFO  testCases.TC019_CreateEntity_ETRS_NewValues - [5] is selected in List
18:10:53.214 [main] INFO  testCases.TC019_CreateEntity_ETRS_NewValues - [00] is selected in List
18:10:57.666 [main] INFO  testCases.TC019_CreateEntity_ETRS_NewValues - [00] is selected in List
18:11:02.147 [main] INFO  testCases.TC019_CreateEntity_ETRS_NewValues - [PM] is selected in List
18:11:05.176 [main] INFO  utilities.UtilityCustomFunctions - Clicked Current Date in Date&Time
18:11:05.425 [main] INFO  utilities.UtilityCustomFunctions - Date & Time Selected
18:11:05.534 [main] INFO  utilities.UtilityCustomFunctions - Formatted Date from sheet:2024-06-04
18:11:20.433 [main] INFO  testCases.TC019_CreateEntity_ETRS_NewValues - [Mrs.] is selected in List
18:11:21.911 [main] INFO  utilities.UtilityCustomFunctions - Steven entered in  input
18:11:23.496 [main] INFO  utilities.UtilityCustomFunctions - 11111111111 entered in  input
18:11:24.880 [main] INFO  utilities.UtilityCustomFunctions - 10000 entered in  input
18:11:26.480 [main] INFO  utilities.UtilityCustomFunctions - http://www.google.com/ entered in  input
18:11:29.965 [main] INFO  testCases.TC019_CreateEntity_ETRS_NewValues - [Dr.] is selected in List
18:11:31.428 [main] INFO  utilities.UtilityCustomFunctions - Annie entered in  input
18:11:33.210 [main] INFO  utilities.UtilityCustomFunctions - AddNewEnquiry@gmail.com entered in  input
18:11:34.897 [main] INFO  utilities.UtilityCustomFunctions - Enquiry about Chatbot entered in  input
18:11:34.928 [main] INFO  utilities.UtilityCustomFunctions - Enqiry txt area:Test Enquiry Text Area
18:11:36.727 [main] INFO  utilities.UtilityCustomFunctions - Test Enquiry Text Area entered in  textarea
18:11:45.122 [main] INFO  utilities.UtilityCustomFunctions - Current Month:Jun
18:11:51.670 [main] INFO  utilities.UtilityCustomFunctions - Year to be selected is:2024
18:11:54.282 [main] INFO  utilities.UtilityCustomFunctions - Control Type:sEnquiryDate
18:11:58.295 [main] INFO  utilities.UtilityCustomFunctions - (//td[contains(@class,'today')])[2]
18:12:05.117 [main] INFO  testCases.TC019_CreateEntity_ETRS_NewValues - [+60] is selected in List
18:12:07.861 [main] INFO  utilities.UtilityCustomFunctions - 8522014894 entered in  input
18:12:11.025 [main] INFO  utilities.UtilityCustomFunctions - Enq Cat:Urgent
18:12:14.378 [main] INFO  testCases.TC019_CreateEntity_ETRS_NewValues - [Urgent] is selected in List
18:12:20.865 [main] INFO  testCases.TC019_CreateEntity_ETRS_NewValues - [+91] is selected in List
18:12:23.507 [main] INFO  utilities.UtilityCustomFunctions - 5560544707 entered in  input
18:12:25.231 [main] INFO  utilities.UtilityCustomFunctions - SummaryAddNewLead@gmail.com entered in  input
18:12:26.845 [main] INFO  utilities.UtilityCustomFunctions - Lead about Chatbot entered in  input
18:12:31.379 [main] INFO  testCases.TC019_CreateEntity_ETRS_NewValues - [+60] is selected in List
18:12:34.013 [main] INFO  utilities.UtilityCustomFunctions - 2467261143 entered in  input
18:12:35.763 [main] INFO  utilities.UtilityCustomFunctions - SummaryAddNewSales@gmail.com entered in  input
18:12:52.929 [main] INFO  utilities.UtilityCustomFunctions - New Record added in: CreateEntitySource
18:13:19.307 [main] INFO  testCases.TC019_CreateEntity_ETRS_NewValues - Excel file Utility instance created
18:13:19.323 [main] INFO  testCases.TC019_CreateEntity_ETRS_NewValues - Row Count is: 1
18:13:19.339 [main] INFO  testCases.TC019_CreateEntity_ETRS_NewValues - Col Count is: 54
18:13:19.339 [main] INFO  testCases.TC019_CreateEntity_ETRS_NewValues - Extracting DataSheet Values started...
18:13:20.560 [main] INFO  utilities.UtilityCustomFunctions - Before clicking last record to Validate
18:13:26.642 [main] INFO  utilities.UtilityCustomFunctions - Header Toggle Already ON
18:13:37.286 [main] INFO  utilities.UtilityCustomFunctions - Entity Module Name: CreateEntityTarget
18:13:37.286 [main] INFO  utilities.UtilityCustomFunctions - Actual:CreateEntityTarget
18:13:37.286 [main] INFO  utilities.UtilityCustomFunctions - Expected:CreateEntityTarget
18:13:37.286 [main] INFO  utilities.UtilityCustomFunctions - Message:Module Name : @Summary Add New Create Entity
18:13:38.876 [main] INFO  utilities.UtilityCustomFunctions - Actual:Sudhakar VE
18:13:38.876 [main] INFO  utilities.UtilityCustomFunctions - Expected:Sudhakar VE
18:13:38.876 [main] INFO  utilities.UtilityCustomFunctions - Message:Assigned To Title: @Summary Add New Create Entity
18:13:40.088 [main] INFO  utilities.UtilityCustomFunctions - Actual:+65 7492752968
18:13:40.088 [main] INFO  utilities.UtilityCustomFunctions - Expected:+65 7492752968
18:13:40.088 [main] INFO  utilities.UtilityCustomFunctions - Message:Mobile Number Title : @Summary Add New Create Entity
18:13:41.288 [main] INFO  utilities.UtilityCustomFunctions - Actual:SummaryAddNew@rsoft.in
18:13:41.288 [main] INFO  utilities.UtilityCustomFunctions - Expected:SummaryAddNew@rsoft.in
18:13:41.288 [main] INFO  utilities.UtilityCustomFunctions - Message:Email Title: @Summary Add New Create Entity
18:13:45.927 [main] INFO  utilities.UtilityCustomFunctions - Actual:Sudhakar VE
18:13:45.927 [main] INFO  utilities.UtilityCustomFunctions - Expected:Sudhakar VE
18:13:45.927 [main] INFO  utilities.UtilityCustomFunctions - Message:Summary AssignedTo:  @Summary Add New Create Entity
18:13:47.210 [main] INFO  utilities.UtilityCustomFunctions - Actual:Summary Add Text
18:13:47.210 [main] INFO  utilities.UtilityCustomFunctions - Expected:Summary Add Text
18:13:47.210 [main] INFO  utilities.UtilityCustomFunctions - Message:Summary Text:  @Summary Add New Create Entity
18:13:48.582 [main] INFO  utilities.UtilityCustomFunctions - Actual:+65 7492752968
18:13:48.582 [main] INFO  utilities.UtilityCustomFunctions - Expected:+65 7492752968
18:13:48.582 [main] INFO  utilities.UtilityCustomFunctions - Message:Summary Mobile Number:  @Summary Add New Create Entity
18:13:49.911 [main] INFO  utilities.UtilityCustomFunctions - Actual:SummaryAddNew@rsoft.in
18:13:49.911 [main] INFO  utilities.UtilityCustomFunctions - Expected:SummaryAddNew@rsoft.in
18:13:49.911 [main] INFO  utilities.UtilityCustomFunctions - Message:Summary Email :  @Summary Add New Create Entity
18:13:51.248 [main] INFO  utilities.UtilityCustomFunctions - Actual:3
18:13:51.248 [main] INFO  utilities.UtilityCustomFunctions - Expected:3
18:13:51.248 [main] INFO  utilities.UtilityCustomFunctions - Message:Summary PicListValue :  @Summary Add New Create Entity
18:13:52.561 [main] INFO  utilities.UtilityCustomFunctions - Actual:one
18:13:52.561 [main] INFO  utilities.UtilityCustomFunctions - Expected:one
18:13:52.561 [main] INFO  utilities.UtilityCustomFunctions - Message:Summary MuultiCombo Values :  @Summary Add New Create Entity
18:13:53.859 [main] INFO  utilities.UtilityCustomFunctions - Actual:Kanchipuram
18:13:53.859 [main] INFO  utilities.UtilityCustomFunctions - Expected:Kanchipuram
18:13:53.875 [main] INFO  utilities.UtilityCustomFunctions - Message:Summary City:  @Summary Add New Create Entity
18:13:55.195 [main] INFO  utilities.UtilityCustomFunctions - Actual:Tamilnadu
18:13:55.195 [main] INFO  utilities.UtilityCustomFunctions - Expected:Tamilnadu
18:13:55.195 [main] INFO  utilities.UtilityCustomFunctions - Message:Summary State:  @Summary Add New Create Entity
18:13:56.548 [main] INFO  utilities.UtilityCustomFunctions - Actual:India
18:13:56.548 [main] INFO  utilities.UtilityCustomFunctions - Expected:India
18:13:56.548 [main] INFO  utilities.UtilityCustomFunctions - Message:Summary Country:  @Summary Add New Create Entity
18:13:57.864 [main] INFO  utilities.UtilityCustomFunctions - Actual:Yes
18:13:57.864 [main] INFO  utilities.UtilityCustomFunctions - Expected:Yes
18:13:57.864 [main] INFO  utilities.UtilityCustomFunctions - Message:Summary CheckBox:  @Summary Add New Create Entity
18:13:59.194 [main] INFO  utilities.UtilityCustomFunctions - Expected Date from sheet:2024-06-04
18:13:59.194 [main] INFO  utilities.UtilityCustomFunctions - Actual:2024-06-04
18:13:59.194 [main] INFO  utilities.UtilityCustomFunctions - Expected:2024-06-04
18:13:59.194 [main] INFO  utilities.UtilityCustomFunctions - Message:Summary Date:  @Summary Add New Create Entity
18:14:00.389 [main] INFO  utilities.UtilityCustomFunctions - Expected Time from sheet:02:35:55 PM
18:14:00.498 [main] INFO  utilities.UtilityCustomFunctions - Formatted Time from sheet:02:35:55 PM
18:14:00.498 [main] INFO  utilities.UtilityCustomFunctions - Actual:02:35:55 PM
18:14:00.498 [main] INFO  utilities.UtilityCustomFunctions - Expected:02:35:55 PM
18:14:00.498 [main] INFO  utilities.UtilityCustomFunctions - Message:Summary Time:  @Summary Add New Create Entity
18:14:01.722 [main] INFO  utilities.UtilityCustomFunctions - Expected Date Time from sheet:2024-06-07 05:00:00 PM
18:14:01.828 [main] INFO  utilities.UtilityCustomFunctions - Formatted date & Time from sheet:2024-06-07 05:00:00 PM
18:14:01.828 [main] INFO  utilities.UtilityCustomFunctions - Actual:2024-06-07 05:00:00 PM
18:14:01.828 [main] INFO  utilities.UtilityCustomFunctions - Expected:2024-06-07 05:00:00 PM
18:14:01.828 [main] INFO  utilities.UtilityCustomFunctions - Message:Summary Date & Time :  @Summary Add New Create Entity
18:14:03.308 [main] INFO  utilities.UtilityCustomFunctions - Actual:annie-spratt
18:14:03.308 [main] INFO  utilities.UtilityCustomFunctions - Expected:annie-spratt
18:14:03.308 [main] INFO  utilities.UtilityCustomFunctions - Message:Summary File Upload :  @Summary Add New Create Entity
18:14:04.666 [main] INFO  utilities.UtilityCustomFunctions - ActualName:Mrs. StevenExpectedName:Mrs. Steven
18:14:04.666 [main] INFO  utilities.UtilityCustomFunctions - Actual:Mrs. Steven
18:14:04.666 [main] INFO  utilities.UtilityCustomFunctions - Expected:Mrs. Steven
18:14:04.666 [main] INFO  utilities.UtilityCustomFunctions - Message:Summary Name:  @Summary Add New Create Entity
18:14:05.961 [main] INFO  utilities.UtilityCustomFunctions - Actual:11111111111
18:14:05.961 [main] INFO  utilities.UtilityCustomFunctions - Expected:11111111111
18:14:05.961 [main] INFO  utilities.UtilityCustomFunctions - Message:Summary Number:  @Summary Add New Create Entity
18:14:07.243 [main] INFO  utilities.UtilityCustomFunctions - Actual:10000
18:14:07.243 [main] INFO  utilities.UtilityCustomFunctions - Expected:10000
18:14:07.243 [main] INFO  utilities.UtilityCustomFunctions - Message:Summary Currency:  @Summary Add New Create Entity
18:14:08.511 [main] INFO  utilities.UtilityCustomFunctions - Actual:http://www.google.com/
18:14:08.511 [main] INFO  utilities.UtilityCustomFunctions - Expected:http://www.google.com/
18:14:08.511 [main] INFO  utilities.UtilityCustomFunctions - Message:Summary Url:  @Summary Add New Create Entity
18:14:09.888 [main] INFO  utilities.UtilityCustomFunctions - Actual:Dr. Annie
18:14:09.888 [main] INFO  utilities.UtilityCustomFunctions - Expected:Dr. Annie
18:14:09.888 [main] INFO  utilities.UtilityCustomFunctions - Message:Summary Enquiry Name:  @Summary Add New Create Entity
18:14:11.226 [main] INFO  utilities.UtilityCustomFunctions - Actual:AddNewEnquiry@gmail.com
18:14:11.226 [main] INFO  utilities.UtilityCustomFunctions - Expected:AddNewEnquiry@gmail.com
18:14:11.226 [main] INFO  utilities.UtilityCustomFunctions - Message:Summary Enquiry Email:  @Summary Add New Create Entity
18:14:12.540 [main] INFO  utilities.UtilityCustomFunctions - Actual:Enquiry about Chatbot
18:14:12.540 [main] INFO  utilities.UtilityCustomFunctions - Expected:Enquiry about Chatbot
18:14:12.540 [main] INFO  utilities.UtilityCustomFunctions - Message:Summary Enquiry Text:  @Summary Add New Create Entity
18:14:13.840 [main] INFO  utilities.UtilityCustomFunctions - Actual:Test Enquiry Text Area
18:14:13.840 [main] INFO  utilities.UtilityCustomFunctions - Expected:Test Enquiry Text Area
18:14:13.840 [main] INFO  utilities.UtilityCustomFunctions - Message:Summary Enquiry Text Area:  @Summary Add New Create Entity
18:14:15.039 [main] INFO  utilities.UtilityCustomFunctions - Expected enq Date:2024-06-04
18:14:15.141 [main] INFO  utilities.UtilityCustomFunctions - Formatted Enquiry Date from sheet:2024-06-04
18:14:15.141 [main] INFO  utilities.UtilityCustomFunctions - Actual:2024-06-04
18:14:15.141 [main] INFO  utilities.UtilityCustomFunctions - Expected:2024-06-04
18:14:15.141 [main] INFO  utilities.UtilityCustomFunctions - Message:Summary Enquiry Date:  @Summary Add New Create Entity
18:14:16.475 [main] INFO  utilities.UtilityCustomFunctions - Actual:+60 8522014894
18:14:16.475 [main] INFO  utilities.UtilityCustomFunctions - Expected:+60 8522014894
18:14:16.475 [main] INFO  utilities.UtilityCustomFunctions - Message:Summary Enquiry Phone Number:  @Summary Add New Create Entity
18:14:17.757 [main] INFO  utilities.UtilityCustomFunctions - Actual:Urgent
18:14:17.757 [main] INFO  utilities.UtilityCustomFunctions - Expected:Urgent
18:14:17.757 [main] INFO  utilities.UtilityCustomFunctions - Message:Summary Enquiry Category:  @Summary Add New Create Entity
18:14:19.062 [main] INFO  utilities.UtilityCustomFunctions - Actual:+91 5560544707
18:14:19.062 [main] INFO  utilities.UtilityCustomFunctions - Expected:+91 5560544707
18:14:19.062 [main] INFO  utilities.UtilityCustomFunctions - Message:Summary Lead PhoneNumber:  @Summary Add New Create Entity
18:14:20.358 [main] INFO  utilities.UtilityCustomFunctions - Actual:SummaryAddNewLead@gmail.com
18:14:20.358 [main] INFO  utilities.UtilityCustomFunctions - Expected:SummaryAddNewLead@gmail.com
18:14:20.358 [main] INFO  utilities.UtilityCustomFunctions - Message:Summary Lead Email:  @Summary Add New Create Entity
18:14:21.656 [main] INFO  utilities.UtilityCustomFunctions - Actual:Lead about Chatbot
18:14:21.656 [main] INFO  utilities.UtilityCustomFunctions - Expected:Lead about Chatbot
18:14:21.656 [main] INFO  utilities.UtilityCustomFunctions - Message:Summary Lead Text:  @Summary Add New Create Entity
18:14:22.973 [main] INFO  utilities.UtilityCustomFunctions - Actual:+60 2467261143
18:14:22.973 [main] INFO  utilities.UtilityCustomFunctions - Expected:+60 2467261143
18:14:22.973 [main] INFO  utilities.UtilityCustomFunctions - Message:Summary Sales PhoneNumber:  @Summary Add New Create Entity
18:14:24.290 [main] INFO  utilities.UtilityCustomFunctions - Actual:SummaryAddNewSales@gmail.com
18:14:24.290 [main] INFO  utilities.UtilityCustomFunctions - Expected:SummaryAddNewSales@gmail.com
18:14:24.290 [main] INFO  utilities.UtilityCustomFunctions - Message:Summary Sales Email:  @Summary Add New Create Entity
18:14:26.216 [main] INFO  utilities.UtilityCustomFunctions - Summary View Set ON
18:14:36.128 [main] INFO  utilities.UtilityCustomFunctions - Actual:Sudhakar VE
18:14:36.128 [main] INFO  utilities.UtilityCustomFunctions - Expected:Sudhakar VE
18:14:36.128 [main] INFO  utilities.UtilityCustomFunctions - Message:Detail View AssignedTo:  @Summary Add New Create Entity
18:14:37.446 [main] INFO  utilities.UtilityCustomFunctions - Actual:Summary Add Text
18:14:37.446 [main] INFO  utilities.UtilityCustomFunctions - Expected:Summary Add Text
18:14:37.446 [main] INFO  utilities.UtilityCustomFunctions - Message:Detail View Text:  @Summary Add New Create Entity
18:14:38.777 [main] INFO  utilities.UtilityCustomFunctions - sActDTMobileNumber +65
  7492752968
18:14:38.777 [main] INFO  utilities.UtilityCustomFunctions - Actual:+65 7492752968
18:14:38.777 [main] INFO  utilities.UtilityCustomFunctions - Expected:+65 7492752968
18:14:38.777 [main] INFO  utilities.UtilityCustomFunctions - Message:Detail View Mobile Number:  @Summary Add New Create Entity
18:14:40.093 [main] INFO  utilities.UtilityCustomFunctions - Actual:SummaryAddNew@rsoft.in
18:14:40.093 [main] INFO  utilities.UtilityCustomFunctions - Expected:SummaryAddNew@rsoft.in
18:14:40.093 [main] INFO  utilities.UtilityCustomFunctions - Message:Detail View Email :  @Summary Add New Create Entity
18:14:41.413 [main] INFO  utilities.UtilityCustomFunctions - Actual:3
18:14:41.413 [main] INFO  utilities.UtilityCustomFunctions - Expected:3
18:14:41.413 [main] INFO  utilities.UtilityCustomFunctions - Message:Detail View PicListValue :  @Summary Add New Create Entity
18:14:42.727 [main] INFO  utilities.UtilityCustomFunctions - Actual:one
18:14:42.727 [main] INFO  utilities.UtilityCustomFunctions - Expected:one
18:14:42.727 [main] INFO  utilities.UtilityCustomFunctions - Message:Detail View MuultiCombo Values :  @Summary Add New Create Entity
18:14:44.043 [main] INFO  utilities.UtilityCustomFunctions - Actual:Kanchipuram
18:14:44.043 [main] INFO  utilities.UtilityCustomFunctions - Expected:Kanchipuram
18:14:44.044 [main] INFO  utilities.UtilityCustomFunctions - Message:Detail View City:  @Summary Add New Create Entity
18:14:45.377 [main] INFO  utilities.UtilityCustomFunctions - Actual:Tamilnadu
18:14:45.377 [main] INFO  utilities.UtilityCustomFunctions - Expected:Tamilnadu
18:14:45.377 [main] INFO  utilities.UtilityCustomFunctions - Message:Detail View State:  @Summary Add New Create Entity
18:14:46.676 [main] INFO  utilities.UtilityCustomFunctions - Actual:India
18:14:46.676 [main] INFO  utilities.UtilityCustomFunctions - Expected:India
18:14:46.676 [main] INFO  utilities.UtilityCustomFunctions - Message:Detail View Country:  @Summary Add New Create Entity
18:14:48.026 [main] INFO  utilities.UtilityCustomFunctions - Actual:Yes
18:14:48.027 [main] INFO  utilities.UtilityCustomFunctions - Expected:Yes
18:14:48.027 [main] INFO  utilities.UtilityCustomFunctions - Message:Detail View CheckBox:  @Summary Add New Create Entity
18:14:49.360 [main] INFO  utilities.UtilityCustomFunctions - Actual:2024-06-04
18:14:49.360 [main] INFO  utilities.UtilityCustomFunctions - Expected:2024-06-04
18:14:49.360 [main] INFO  utilities.UtilityCustomFunctions - Message:Detail View Date:  @Summary Add New Create Entity
18:14:50.696 [main] INFO  utilities.UtilityCustomFunctions - Actual:02:35:55 PM
18:14:50.696 [main] INFO  utilities.UtilityCustomFunctions - Expected:02:35:55 PM
18:14:50.696 [main] INFO  utilities.UtilityCustomFunctions - Message:Detail View Time:  @Summary Add New Create Entity
18:14:52.024 [main] INFO  utilities.UtilityCustomFunctions - Actual:2024-06-07 05:00:00 PM
18:14:52.024 [main] INFO  utilities.UtilityCustomFunctions - Expected:2024-06-07 05:00:00 PM
18:14:52.024 [main] INFO  utilities.UtilityCustomFunctions - Message:Detail View Date & Time :  @Summary Add New Create Entity
18:14:53.555 [main] INFO  utilities.UtilityCustomFunctions - Actual:annie-spratt
18:14:53.555 [main] INFO  utilities.UtilityCustomFunctions - Expected:annie-spratt
18:14:53.555 [main] INFO  utilities.UtilityCustomFunctions - Message:Detail View File Upload :  @Summary Add New Create Entity
18:14:54.824 [main] INFO  utilities.UtilityCustomFunctions - ActualNameDT:Mrs. StevenExpectedNameDT:Mrs. Steven
18:14:54.824 [main] INFO  utilities.UtilityCustomFunctions - Actual:Mrs. Steven
18:14:54.824 [main] INFO  utilities.UtilityCustomFunctions - Expected:Mrs. Steven
18:14:54.824 [main] INFO  utilities.UtilityCustomFunctions - Message:Detail View Name:  @Summary Add New Create Entity
18:14:56.139 [main] INFO  utilities.UtilityCustomFunctions - Actual:11111111111
18:14:56.139 [main] INFO  utilities.UtilityCustomFunctions - Expected:11111111111
18:14:56.139 [main] INFO  utilities.UtilityCustomFunctions - Message:Detail View Number:  @Summary Add New Create Entity
18:14:57.441 [main] INFO  utilities.UtilityCustomFunctions - Actual:10000
18:14:57.441 [main] INFO  utilities.UtilityCustomFunctions - Expected:10000
18:14:57.441 [main] INFO  utilities.UtilityCustomFunctions - Message:Detail View Currency:  @Summary Add New Create Entity
18:14:58.677 [main] INFO  utilities.UtilityCustomFunctions - Actual:http://www.google.com/
18:14:58.677 [main] INFO  utilities.UtilityCustomFunctions - Expected:http://www.google.com/
18:14:58.677 [main] INFO  utilities.UtilityCustomFunctions - Message:Detail View Url:  @Summary Add New Create Entity
18:15:06.343 [main] INFO  utilities.UtilityCustomFunctions - Actual:Dr. Annie
18:15:06.343 [main] INFO  utilities.UtilityCustomFunctions - Expected:Dr. Annie
18:15:06.343 [main] INFO  utilities.UtilityCustomFunctions - Message:Detail View Enquiry Name:  @Summary Add New Create Entity
18:15:07.676 [main] INFO  utilities.UtilityCustomFunctions - Actual:AddNewEnquiry@gmail.com
18:15:07.676 [main] INFO  utilities.UtilityCustomFunctions - Expected:AddNewEnquiry@gmail.com
18:15:07.676 [main] INFO  utilities.UtilityCustomFunctions - Message:Detail View Enquiry Email:  @Summary Add New Create Entity
18:15:08.957 [main] INFO  utilities.UtilityCustomFunctions - Actual:Enquiry about Chatbot
18:15:08.957 [main] INFO  utilities.UtilityCustomFunctions - Expected:Enquiry about Chatbot
18:15:08.957 [main] INFO  utilities.UtilityCustomFunctions - Message:Detail View Enquiry Text:  @Summary Add New Create Entity
18:15:10.306 [main] INFO  utilities.UtilityCustomFunctions - Actual:Test Enquiry Text Area
18:15:10.306 [main] INFO  utilities.UtilityCustomFunctions - Expected:Test Enquiry Text Area
18:15:10.306 [main] INFO  utilities.UtilityCustomFunctions - Message:Detail View Enquiry Text Area:  @Summary Add New Create Entity
18:15:11.640 [main] INFO  utilities.UtilityCustomFunctions - Actual:2024-06-04
18:15:11.640 [main] INFO  utilities.UtilityCustomFunctions - Expected:2024-06-04
18:15:11.640 [main] INFO  utilities.UtilityCustomFunctions - Message:Detail View Enquiry Date:  @Summary Add New Create Entity
18:15:12.990 [main] INFO  utilities.UtilityCustomFunctions - Actual:+60 8522014894
18:15:12.990 [main] INFO  utilities.UtilityCustomFunctions - Expected:+60 8522014894
18:15:12.990 [main] INFO  utilities.UtilityCustomFunctions - Message:Detail View Enquiry Phone Number:  @Summary Add New Create Entity
18:15:14.340 [main] INFO  utilities.UtilityCustomFunctions - Actual:Urgent
18:15:14.340 [main] INFO  utilities.UtilityCustomFunctions - Expected:Urgent
18:15:14.340 [main] INFO  utilities.UtilityCustomFunctions - Message:Detail View Enquiry Category:  @Summary Add New Create Entity
18:15:22.007 [main] INFO  utilities.UtilityCustomFunctions - Actual:+91 5560544707
18:15:22.007 [main] INFO  utilities.UtilityCustomFunctions - Expected:+91 5560544707
18:15:22.007 [main] INFO  utilities.UtilityCustomFunctions - Message:DT Lead Mobile Number:  @Summary Add New Create Entity
18:15:23.355 [main] INFO  utilities.UtilityCustomFunctions - Actual:SummaryAddNewLead@gmail.com
18:15:23.355 [main] INFO  utilities.UtilityCustomFunctions - Expected:SummaryAddNewLead@gmail.com
18:15:23.355 [main] INFO  utilities.UtilityCustomFunctions - Message:DT View Lead Email  @Summary Add New Create Entity
18:15:24.727 [main] INFO  utilities.UtilityCustomFunctions - Actual:Lead about Chatbot
18:15:24.727 [main] INFO  utilities.UtilityCustomFunctions - Expected:Lead about Chatbot
18:15:24.727 [main] INFO  utilities.UtilityCustomFunctions - Message:DT View Lead Text @Summary Add New Create Entity
18:15:26.093 [main] INFO  utilities.UtilityCustomFunctions - Actual:+60 2467261143
18:15:26.093 [main] INFO  utilities.UtilityCustomFunctions - Expected:+60 2467261143
18:15:26.093 [main] INFO  utilities.UtilityCustomFunctions - Message:DT Sales Mobile Number:  @Summary Add New Create Entity
18:15:27.457 [main] INFO  utilities.UtilityCustomFunctions - Actual:SummaryAddNewSales@gmail.com
18:15:27.457 [main] INFO  utilities.UtilityCustomFunctions - Expected:SummaryAddNewSales@gmail.com
18:15:27.457 [main] INFO  utilities.UtilityCustomFunctions - Message:DT View Sales Email@Summary Add New Create Entity
18:15:28.689 [main] INFO  utilities.UtilityCustomFunctions - Created Entity after Summary Add is Done
18:15:52.476 [main] INFO  testCases.TC019_CreateEntity_ETRS_NewValues - Excel file Utility instance created
18:15:52.507 [main] INFO  testCases.TC019_CreateEntity_ETRS_NewValues - Row Count is: 1
18:15:52.552 [main] INFO  testCases.TC019_CreateEntity_ETRS_NewValues - Col Count is: 53
18:15:52.552 [main] INFO  testCases.TC019_CreateEntity_ETRS_NewValues - Extracting DataSheet Values started...
18:15:53.375 [main] INFO  utilities.UtilityCustomFunctions - ETATest Enquiry Text Area
18:15:53.942 [main] INFO  utilities.UtilityCustomFunctions - Before Adding Module data
18:15:57.164 [main] INFO  utilities.UtilityCustomFunctions - Assinged To Drop Down clicked
18:16:02.478 [main] INFO  testCases.TC019_CreateEntity_ETRS_NewValues - [Sudhakar VE] is selected in List
18:16:02.478 [main] INFO  utilities.UtilityCustomFunctions - Assinged To Value Seleted is::  Sudhakar VE
18:25:09.912 [main] INFO  utilities.UtilityCustomFunctions - Extent Test Creation
18:25:09.925 [main] INFO  utilities.UtilityCustomFunctions - Extent Test Created
18:32:22.793 [main] INFO  utilities.UtilityCustomFunctions - Extent Test Creation
18:32:22.806 [main] INFO  utilities.UtilityCustomFunctions - Extent Test Created
18:32:27.547 [main] INFO  utilities.UtilityCustomFunctions - Extent Test Node Created
18:32:27.548 [main] INFO  testCases.TC019_CreateEntity_ETRS_NewValues - ******starting TC019_CreateEntity_ETRS_NewValues ****
18:32:27.548 [main] INFO  testCases.TC019_CreateEntity_ETRS_NewValues - Test Execution on Browser: chrome
18:32:27.548 [main] INFO  utilities.UtilityCustomFunctions - Browser:chrome
18:32:27.551 [main] INFO  utilities.UtilityCustomFunctions - Excel file Utility instance created
18:32:28.977 [main] INFO  testCases.TC019_CreateEntity_ETRS_NewValues - Row Count is: 1
18:32:29.408 [main] INFO  testCases.TC019_CreateEntity_ETRS_NewValues - Col Count is: 54
18:32:33.282 [main] INFO  testCases.TC019_CreateEntity_ETRS_NewValues - Extracting DataSheet Values started...
18:32:37.723 [main] INFO  utilities.UtilityCustomFunctions - PN1:8377144146
18:32:37.724 [main] INFO  utilities.UtilityCustomFunctions - PN2:1412241514
18:32:37.724 [main] INFO  utilities.UtilityCustomFunctions - PN3:6146855104
18:32:37.724 [main] INFO  utilities.UtilityCustomFunctions - PN4:6562006250
18:32:47.037 [main] INFO  utilities.UtilityCustomFunctions - PRIYAN entered in  input
18:32:48.645 [main] INFO  utilities.UtilityCustomFunctions - Sudhakar entered in  input
18:32:50.211 [main] INFO  utilities.UtilityCustomFunctions - Automation@123 entered in  input
18:32:54.748 [main] INFO  testCases.TC019_CreateEntity_ETRS_NewValues - CRM Login Success with:Sudhakar
18:32:54.749 [main] INFO  utilities.UtilityCustomFunctions - Actual:Login Success
