18:15:03.469 [TestNG-tests-1] INFO  utilities.UtilityCustomFunctions - Actual:one
18:15:03.470 [TestNG-tests-1] INFO  utilities.UtilityCustomFunctions - Expected:one
18:15:03.470 [TestNG-tests-1] INFO  utilities.UtilityCustomFunctions - Message:MultiSelect
18:15:04.611 [TestNG-tests-1] INFO  utilities.UtilityCustomFunctions - Actual:Bihar
18:15:04.611 [TestNG-tests-1] INFO  utilities.UtilityCustomFunctions - Expected:Bihar
18:15:04.611 [TestNG-tests-1] INFO  utilities.UtilityCustomFunctions - Message:MultiChoice State
18:15:27.252 [TestNG-tests-1] INFO  utilities.UtilityCustomFunctions - Actual:Sandra Jeremy
18:15:27.252 [TestNG-tests-1] INFO  utilities.UtilityCustomFunctions - Expected:Sandra Jeremy
18:15:27.252 [TestNG-tests-1] INFO  utilities.UtilityCustomFunctions - Message:AssignedTo Value
18:15:28.484 [TestNG-tests-1] INFO  utilities.UtilityCustomFunctions - Actual:+91
18:15:28.484 [TestNG-tests-1] INFO  utilities.UtilityCustomFunctions - Expected:+91
18:15:28.484 [TestNG-tests-1] INFO  utilities.UtilityCustomFunctions - Message:Mobile Number Prefix
18:15:29.651 [TestNG-tests-1] INFO  utilities.UtilityCustomFunctions - Actual:9840083184
18:15:29.651 [TestNG-tests-1] INFO  utilities.UtilityCustomFunctions - Expected:9840083184
18:15:29.651 [TestNG-tests-1] INFO  utilities.UtilityCustomFunctions - Message:Mobile Number
18:15:30.806 [TestNG-tests-1] INFO  utilities.UtilityCustomFunctions - Actual:Testing@rsoft.in
18:15:30.806 [TestNG-tests-1] INFO  utilities.UtilityCustomFunctions - Expected:Testing@rsoft.in
18:15:30.806 [TestNG-tests-1] INFO  utilities.UtilityCustomFunctions - Message:Email
18:15:31.964 [TestNG-tests-1] INFO  utilities.UtilityCustomFunctions - Actual:Testing
18:15:31.964 [TestNG-tests-1] INFO  utilities.UtilityCustomFunctions - Expected:Testing
18:15:31.964 [TestNG-tests-1] INFO  utilities.UtilityCustomFunctions - Message:Text
18:15:33.118 [TestNG-tests-1] INFO  utilities.UtilityCustomFunctions - Actual:three
18:15:33.118 [TestNG-tests-1] INFO  utilities.UtilityCustomFunctions - Expected:three
18:15:33.118 [TestNG-tests-1] INFO  utilities.UtilityCustomFunctions - Message:MultiSelect
18:15:34.280 [TestNG-tests-1] INFO  utilities.UtilityCustomFunctions - Actual:Tamilnadu
18:15:34.280 [TestNG-tests-1] INFO  utilities.UtilityCustomFunctions - Expected:Tamilnadu
18:15:34.280 [TestNG-tests-1] INFO  utilities.UtilityCustomFunctions - Message:MultiChoice State
18:15:42.442 [TestNG-tests-1] INFO  utilities.UtilityCustomFunctions - Actual:Total Validation Count:339
18:15:42.442 [TestNG-tests-1] INFO  utilities.UtilityCustomFunctions - Expected:Total Validation Count:339
18:15:42.442 [TestNG-tests-1] INFO  utilities.UtilityCustomFunctions - Message:pass
18:15:44.993 [TestNG-tests-1] INFO  testCases.WebForms.TC026_WF_RRY_OneY_TwoYN - Test Execution on Browser: chrome
18:15:45.006 [TestNG-tests-1] INFO  testCases.WebForms.TC026_WF_RRY_OneY_TwoYN - Excel file Utility instance created
18:15:45.066 [TestNG-tests-1] INFO  testCases.WebForms.TC026_WF_RRY_OneY_TwoYN - Row Count is: 9
18:15:45.072 [TestNG-tests-1] INFO  testCases.WebForms.TC026_WF_RRY_OneY_TwoYN - Col Count is: 15
18:15:48.769 [TestNG-tests-1] INFO  utilities.UtilityCustomFunctions - PRIYAN entered in  input
18:15:50.006 [TestNG-tests-1] INFO  utilities.UtilityCustomFunctions - rsoft entered in  input
18:15:51.278 [TestNG-tests-1] INFO  utilities.UtilityCustomFunctions - RSoft!@345 entered in  input
18:16:08.161 [TestNG-tests-1] INFO  testCases.WebForms.TC026_WF_RRY_OneY_TwoYN - Clicked Avatar
18:16:11.392 [TestNG-tests-1] INFO  testCases.WebForms.TC026_WF_RRY_OneY_TwoYN - Clicked Menu CRM Setting
18:16:13.500 [TestNG-tests-1] INFO  testCases.WebForms.TC026_WF_RRY_OneY_TwoYN - Clicked Menu User Access Control
18:16:16.962 [TestNG-tests-1] INFO  testCases.WebForms.TC026_WF_RRY_OneY_TwoYN - Clicked Avatar
18:16:21.119 [TestNG-tests-1] INFO  testCases.WebForms.TC026_WF_RRY_OneY_TwoYN - Clicked Menu CRM Setting
18:16:21.221 [TestNG-tests-1] INFO  testCases.WebForms.TC026_WF_RRY_OneY_TwoYN - Clicked Integration
18:16:31.792 [TestNG-tests-1] INFO  testCases.WebForms.TC026_WF_RRY_OneY_TwoYN - [ETNotification Webform] is selected in List
18:17:18.390 [TestNG-tests-1] INFO  utilities.UtilityCustomFunctions - Actual:Michelle Sean
18:17:18.390 [TestNG-tests-1] INFO  utilities.UtilityCustomFunctions - Expected:Michelle Sean
18:17:18.390 [TestNG-tests-1] INFO  utilities.UtilityCustomFunctions - Message:AssignedTo Value
18:17:19.576 [TestNG-tests-1] INFO  utilities.UtilityCustomFunctions - Actual:+91
18:17:19.576 [TestNG-tests-1] INFO  utilities.UtilityCustomFunctions - Expected:+91
18:17:19.576 [TestNG-tests-1] INFO  utilities.UtilityCustomFunctions - Message:Mobile Number Prefix
18:17:20.736 [TestNG-tests-1] INFO  utilities.UtilityCustomFunctions - Actual:9840080832
18:17:20.736 [TestNG-tests-1] INFO  utilities.UtilityCustomFunctions - Expected:9840080832
18:17:20.736 [TestNG-tests-1] INFO  utilities.UtilityCustomFunctions - Message:Mobile Number
18:17:21.880 [TestNG-tests-1] INFO  utilities.UtilityCustomFunctions - Actual:Grace@rsoft.in
18:17:21.880 [TestNG-tests-1] INFO  utilities.UtilityCustomFunctions - Expected:Grace@rsoft.in
18:17:21.881 [TestNG-tests-1] INFO  utilities.UtilityCustomFunctions - Message:Email
18:17:23.031 [TestNG-tests-1] INFO  utilities.UtilityCustomFunctions - Actual:Welcome to Automation World...!
18:17:23.031 [TestNG-tests-1] INFO  utilities.UtilityCustomFunctions - Expected:Welcome to Automation World...!
18:17:23.031 [TestNG-tests-1] INFO  utilities.UtilityCustomFunctions - Message:Text
18:17:24.198 [TestNG-tests-1] INFO  utilities.UtilityCustomFunctions - Actual:one
18:17:24.198 [TestNG-tests-1] INFO  utilities.UtilityCustomFunctions - Expected:one
18:17:24.198 [TestNG-tests-1] INFO  utilities.UtilityCustomFunctions - Message:MultiSelect
18:17:25.362 [TestNG-tests-1] INFO  utilities.UtilityCustomFunctions - Actual:Bihar
18:17:25.362 [TestNG-tests-1] INFO  utilities.UtilityCustomFunctions - Expected:Bihar
18:17:25.362 [TestNG-tests-1] INFO  utilities.UtilityCustomFunctions - Message:MultiChoice State
18:17:47.772 [TestNG-tests-1] INFO  utilities.UtilityCustomFunctions - Actual:Jessica Douglas
18:17:47.772 [TestNG-tests-1] INFO  utilities.UtilityCustomFunctions - Expected:Jessica Douglas
18:17:47.772 [TestNG-tests-1] INFO  utilities.UtilityCustomFunctions - Message:AssignedTo Value
18:17:48.939 [TestNG-tests-1] INFO  utilities.UtilityCustomFunctions - Actual:+91
18:17:48.939 [TestNG-tests-1] INFO  utilities.UtilityCustomFunctions - Expected:+91
18:17:48.939 [TestNG-tests-1] INFO  utilities.UtilityCustomFunctions - Message:Mobile Number Prefix
18:17:50.104 [TestNG-tests-1] INFO  utilities.UtilityCustomFunctions - Actual:9840087237
18:17:50.104 [TestNG-tests-1] INFO  utilities.UtilityCustomFunctions - Expected:9840087237
18:17:50.104 [TestNG-tests-1] INFO  utilities.UtilityCustomFunctions - Message:Mobile Number
18:17:51.274 [TestNG-tests-1] INFO  utilities.UtilityCustomFunctions - Actual:Testing@rsoft.in
18:17:51.274 [TestNG-tests-1] INFO  utilities.UtilityCustomFunctions - Expected:Testing@rsoft.in
18:17:51.274 [TestNG-tests-1] INFO  utilities.UtilityCustomFunctions - Message:Email
18:17:52.435 [TestNG-tests-1] INFO  utilities.UtilityCustomFunctions - Actual:Testing
18:17:52.435 [TestNG-tests-1] INFO  utilities.UtilityCustomFunctions - Expected:Testing
18:17:52.435 [TestNG-tests-1] INFO  utilities.UtilityCustomFunctions - Message:Text
18:17:53.594 [TestNG-tests-1] INFO  utilities.UtilityCustomFunctions - Actual:three
18:17:53.594 [TestNG-tests-1] INFO  utilities.UtilityCustomFunctions - Expected:three
18:17:53.594 [TestNG-tests-1] INFO  utilities.UtilityCustomFunctions - Message:MultiSelect
18:17:54.756 [TestNG-tests-1] INFO  utilities.UtilityCustomFunctions - Actual:Tamilnadu
18:17:54.756 [TestNG-tests-1] INFO  utilities.UtilityCustomFunctions - Expected:Tamilnadu
18:17:54.756 [TestNG-tests-1] INFO  utilities.UtilityCustomFunctions - Message:MultiChoice State
18:18:02.805 [TestNG-tests-1] INFO  utilities.UtilityCustomFunctions - Actual:Total Validation Count:354
18:18:02.805 [TestNG-tests-1] INFO  utilities.UtilityCustomFunctions - Expected:Total Validation Count:354
18:18:02.805 [TestNG-tests-1] INFO  utilities.UtilityCustomFunctions - Message:pass
18:18:05.353 [TestNG-tests-1] INFO  testCases.WebForms.TC027_WF_RRY_OneY_TwoY - Test Execution on Browser: chrome
18:18:05.367 [TestNG-tests-1] INFO  testCases.WebForms.TC027_WF_RRY_OneY_TwoY - Excel file Utility instance created
18:18:05.423 [TestNG-tests-1] INFO  testCases.WebForms.TC027_WF_RRY_OneY_TwoY - Row Count is: 9
18:18:05.429 [TestNG-tests-1] INFO  testCases.WebForms.TC027_WF_RRY_OneY_TwoY - Col Count is: 15
18:18:10.124 [TestNG-tests-1] INFO  utilities.UtilityCustomFunctions - PRIYAN entered in  input
18:18:11.339 [TestNG-tests-1] INFO  utilities.UtilityCustomFunctions - rsoft entered in  input
18:18:12.578 [TestNG-tests-1] INFO  utilities.UtilityCustomFunctions - RSoft!@345 entered in  input
18:18:33.514 [TestNG-tests-1] INFO  testCases.WebForms.TC027_WF_RRY_OneY_TwoY - Clicked Avatar
18:18:36.741 [TestNG-tests-1] INFO  testCases.WebForms.TC027_WF_RRY_OneY_TwoY - Clicked Menu CRM Setting
18:18:38.837 [TestNG-tests-1] INFO  testCases.WebForms.TC027_WF_RRY_OneY_TwoY - Clicked Menu User Access Control
18:18:42.254 [TestNG-tests-1] INFO  testCases.WebForms.TC027_WF_RRY_OneY_TwoY - Clicked Avatar
18:18:45.319 [TestNG-tests-1] INFO  testCases.WebForms.TC027_WF_RRY_OneY_TwoY - Clicked Menu CRM Setting
18:18:45.405 [TestNG-tests-1] INFO  testCases.WebForms.TC027_WF_RRY_OneY_TwoY - Clicked Integration
18:18:56.225 [TestNG-tests-1] INFO  testCases.WebForms.TC027_WF_RRY_OneY_TwoY - [ETNotification Webform] is selected in List
18:19:49.428 [TestNG-tests-1] INFO  utilities.UtilityCustomFunctions - Actual:Stephanie Jordan
18:19:49.428 [TestNG-tests-1] INFO  utilities.UtilityCustomFunctions - Expected:Stephanie Jordan
18:19:49.428 [TestNG-tests-1] INFO  utilities.UtilityCustomFunctions - Message:AssignedTo Value
18:19:50.603 [TestNG-tests-1] INFO  utilities.UtilityCustomFunctions - Actual:+91
18:19:50.603 [TestNG-tests-1] INFO  utilities.UtilityCustomFunctions - Expected:+91
18:19:50.603 [TestNG-tests-1] INFO  utilities.UtilityCustomFunctions - Message:Mobile Number Prefix
18:19:51.768 [TestNG-tests-1] INFO  utilities.UtilityCustomFunctions - Actual:9840062766
18:19:51.768 [TestNG-tests-1] INFO  utilities.UtilityCustomFunctions - Expected:9840062766
18:19:51.768 [TestNG-tests-1] INFO  utilities.UtilityCustomFunctions - Message:Mobile Number
18:19:52.942 [TestNG-tests-1] INFO  utilities.UtilityCustomFunctions - Actual:Grace@rsoft.in
18:19:52.942 [TestNG-tests-1] INFO  utilities.UtilityCustomFunctions - Expected:Grace@rsoft.in
18:19:52.942 [TestNG-tests-1] INFO  utilities.UtilityCustomFunctions - Message:Email
18:19:54.145 [TestNG-tests-1] INFO  utilities.UtilityCustomFunctions - Actual:Welcome to Automation World...!
18:19:54.145 [TestNG-tests-1] INFO  utilities.UtilityCustomFunctions - Expected:Welcome to Automation World...!
18:19:54.145 [TestNG-tests-1] INFO  utilities.UtilityCustomFunctions - Message:Text
18:19:55.312 [TestNG-tests-1] INFO  utilities.UtilityCustomFunctions - Actual:one
18:19:55.312 [TestNG-tests-1] INFO  utilities.UtilityCustomFunctions - Expected:one
18:19:55.312 [TestNG-tests-1] INFO  utilities.UtilityCustomFunctions - Message:MultiSelect
18:19:56.470 [TestNG-tests-1] INFO  utilities.UtilityCustomFunctions - Actual:Bihar
18:19:56.470 [TestNG-tests-1] INFO  utilities.UtilityCustomFunctions - Expected:Bihar
18:19:56.470 [TestNG-tests-1] INFO  utilities.UtilityCustomFunctions - Message:MultiChoice State
18:20:20.005 [TestNG-tests-1] INFO  utilities.UtilityCustomFunctions - Actual:Carol Gerald
18:20:20.005 [TestNG-tests-1] INFO  utilities.UtilityCustomFunctions - Expected:Cynthia
18:20:20.005 [TestNG-tests-1] INFO  utilities.UtilityCustomFunctions - Message:AssignedTo Value
18:20:21.170 [TestNG-tests-1] INFO  utilities.UtilityCustomFunctions - Actual:+91
18:20:21.170 [TestNG-tests-1] INFO  utilities.UtilityCustomFunctions - Expected:+91
18:20:21.170 [TestNG-tests-1] INFO  utilities.UtilityCustomFunctions - Message:Mobile Number Prefix
18:20:22.346 [TestNG-tests-1] INFO  utilities.UtilityCustomFunctions - Actual:9840024438
18:20:22.346 [TestNG-tests-1] INFO  utilities.UtilityCustomFunctions - Expected:9840024438
18:20:22.346 [TestNG-tests-1] INFO  utilities.UtilityCustomFunctions - Message:Mobile Number
18:20:23.516 [TestNG-tests-1] INFO  utilities.UtilityCustomFunctions - Actual:Testing@rsoft.in
18:20:23.516 [TestNG-tests-1] INFO  utilities.UtilityCustomFunctions - Expected:Testing@rsoft.in
18:20:23.516 [TestNG-tests-1] INFO  utilities.UtilityCustomFunctions - Message:Email
18:20:24.674 [TestNG-tests-1] INFO  utilities.UtilityCustomFunctions - Actual:Testing
18:20:24.674 [TestNG-tests-1] INFO  utilities.UtilityCustomFunctions - Expected:Testing
18:20:24.674 [TestNG-tests-1] INFO  utilities.UtilityCustomFunctions - Message:Text
18:20:25.829 [TestNG-tests-1] INFO  utilities.UtilityCustomFunctions - Actual:three
18:20:25.829 [TestNG-tests-1] INFO  utilities.UtilityCustomFunctions - Expected:three
18:20:25.829 [TestNG-tests-1] INFO  utilities.UtilityCustomFunctions - Message:MultiSelect
18:20:26.997 [TestNG-tests-1] INFO  utilities.UtilityCustomFunctions - Actual:Tamilnadu
18:20:26.997 [TestNG-tests-1] INFO  utilities.UtilityCustomFunctions - Expected:Tamilnadu
18:20:26.997 [TestNG-tests-1] INFO  utilities.UtilityCustomFunctions - Message:MultiChoice State
18:20:34.758 [TestNG-tests-1] INFO  utilities.UtilityCustomFunctions - Actual:Total Validation Count:369
18:20:34.758 [TestNG-tests-1] INFO  utilities.UtilityCustomFunctions - Expected:Total Validation Count:369
18:20:34.758 [TestNG-tests-1] INFO  utilities.UtilityCustomFunctions - Message:pass
18:20:37.228 [TestNG-tests-1] INFO  testCases.WebForms.TC028_WF_RRY_OneYN_TwoN - Test Execution on Browser: chrome
18:20:37.242 [TestNG-tests-1] INFO  testCases.WebForms.TC028_WF_RRY_OneYN_TwoN - Excel file Utility instance created
18:20:37.283 [TestNG-tests-1] INFO  testCases.WebForms.TC028_WF_RRY_OneYN_TwoN - Row Count is: 9
18:20:37.289 [TestNG-tests-1] INFO  testCases.WebForms.TC028_WF_RRY_OneYN_TwoN - Col Count is: 15
18:20:42.409 [TestNG-tests-1] INFO  utilities.UtilityCustomFunctions - PRIYAN entered in  input
18:20:43.651 [TestNG-tests-1] INFO  utilities.UtilityCustomFunctions - rsoft entered in  input
18:20:44.856 [TestNG-tests-1] INFO  utilities.UtilityCustomFunctions - RSoft!@345 entered in  input
18:21:11.232 [TestNG-tests-1] INFO  testCases.WebForms.TC028_WF_RRY_OneYN_TwoN - Clicked Avatar
18:21:14.444 [TestNG-tests-1] INFO  testCases.WebForms.TC028_WF_RRY_OneYN_TwoN - Clicked Menu CRM Setting
18:21:16.561 [TestNG-tests-1] INFO  testCases.WebForms.TC028_WF_RRY_OneYN_TwoN - Clicked Menu User Access Control
18:21:20.060 [TestNG-tests-1] INFO  testCases.WebForms.TC028_WF_RRY_OneYN_TwoN - Clicked Avatar
18:21:23.155 [TestNG-tests-1] INFO  testCases.WebForms.TC028_WF_RRY_OneYN_TwoN - Clicked Menu CRM Setting
18:21:23.257 [TestNG-tests-1] INFO  testCases.WebForms.TC028_WF_RRY_OneYN_TwoN - Clicked Integration
18:21:34.089 [TestNG-tests-1] INFO  testCases.WebForms.TC028_WF_RRY_OneYN_TwoN - [ETNotification Webform] is selected in List
18:22:21.186 [TestNG-tests-1] INFO  utilities.UtilityCustomFunctions - Actual:Kimberly Austin
18:22:21.186 [TestNG-tests-1] INFO  utilities.UtilityCustomFunctions - Expected:Kimberly Austin
18:22:21.186 [TestNG-tests-1] INFO  utilities.UtilityCustomFunctions - Message:AssignedTo Value
18:22:22.363 [TestNG-tests-1] INFO  utilities.UtilityCustomFunctions - Actual:+91
18:22:22.363 [TestNG-tests-1] INFO  utilities.UtilityCustomFunctions - Expected:+91
18:22:22.363 [TestNG-tests-1] INFO  utilities.UtilityCustomFunctions - Message:Mobile Number Prefix
18:22:23.538 [TestNG-tests-1] INFO  utilities.UtilityCustomFunctions - Actual:9840010059
18:22:23.538 [TestNG-tests-1] INFO  utilities.UtilityCustomFunctions - Expected:9840010059
18:22:23.538 [TestNG-tests-1] INFO  utilities.UtilityCustomFunctions - Message:Mobile Number
18:22:24.714 [TestNG-tests-1] INFO  utilities.UtilityCustomFunctions - Actual:Grace@rsoft.in
18:22:24.714 [TestNG-tests-1] INFO  utilities.UtilityCustomFunctions - Expected:Grace@rsoft.in
18:22:24.714 [TestNG-tests-1] INFO  utilities.UtilityCustomFunctions - Message:Email
18:22:25.865 [TestNG-tests-1] INFO  utilities.UtilityCustomFunctions - Actual:Welcome to Automation World...!
18:22:25.866 [TestNG-tests-1] INFO  utilities.UtilityCustomFunctions - Expected:Welcome to Automation World...!
18:22:25.866 [TestNG-tests-1] INFO  utilities.UtilityCustomFunctions - Message:Text
18:22:27.045 [TestNG-tests-1] INFO  utilities.UtilityCustomFunctions - Actual:one
18:22:27.045 [TestNG-tests-1] INFO  utilities.UtilityCustomFunctions - Expected:one
18:22:27.045 [TestNG-tests-1] INFO  utilities.UtilityCustomFunctions - Message:MultiSelect
18:22:28.204 [TestNG-tests-1] INFO  utilities.UtilityCustomFunctions - Actual:Bihar
18:22:28.204 [TestNG-tests-1] INFO  utilities.UtilityCustomFunctions - Expected:Bihar
18:22:28.204 [TestNG-tests-1] INFO  utilities.UtilityCustomFunctions - Message:MultiChoice State
18:22:52.623 [TestNG-tests-1] INFO  utilities.UtilityCustomFunctions - Actual:Sarah Kyle
18:22:52.623 [TestNG-tests-1] INFO  utilities.UtilityCustomFunctions - Expected:Sarah Kyle
18:22:52.623 [TestNG-tests-1] INFO  utilities.UtilityCustomFunctions - Message:AssignedTo Value
18:22:53.786 [TestNG-tests-1] INFO  utilities.UtilityCustomFunctions - Actual:+91
18:22:53.786 [TestNG-tests-1] INFO  utilities.UtilityCustomFunctions - Expected:+91
18:22:53.786 [TestNG-tests-1] INFO  utilities.UtilityCustomFunctions - Message:Mobile Number Prefix
18:22:54.950 [TestNG-tests-1] INFO  utilities.UtilityCustomFunctions - Actual:9840075212
18:22:54.950 [TestNG-tests-1] INFO  utilities.UtilityCustomFunctions - Expected:9840075212
18:22:54.950 [TestNG-tests-1] INFO  utilities.UtilityCustomFunctions - Message:Mobile Number
18:22:56.115 [TestNG-tests-1] INFO  utilities.UtilityCustomFunctions - Actual:Testing@rsoft.in
18:22:56.115 [TestNG-tests-1] INFO  utilities.UtilityCustomFunctions - Expected:Testing@rsoft.in
18:22:56.115 [TestNG-tests-1] INFO  utilities.UtilityCustomFunctions - Message:Email
18:22:57.257 [TestNG-tests-1] INFO  utilities.UtilityCustomFunctions - Actual:Testing
18:22:57.257 [TestNG-tests-1] INFO  utilities.UtilityCustomFunctions - Expected:Testing
18:22:57.257 [TestNG-tests-1] INFO  utilities.UtilityCustomFunctions - Message:Text
18:22:58.408 [TestNG-tests-1] INFO  utilities.UtilityCustomFunctions - Actual:three
18:22:58.408 [TestNG-tests-1] INFO  utilities.UtilityCustomFunctions - Expected:three
18:22:58.408 [TestNG-tests-1] INFO  utilities.UtilityCustomFunctions - Message:MultiSelect
18:22:59.570 [TestNG-tests-1] INFO  utilities.UtilityCustomFunctions - Actual:Tamilnadu
18:22:59.570 [TestNG-tests-1] INFO  utilities.UtilityCustomFunctions - Expected:Tamilnadu
18:22:59.570 [TestNG-tests-1] INFO  utilities.UtilityCustomFunctions - Message:MultiChoice State
18:23:07.308 [TestNG-tests-1] INFO  utilities.UtilityCustomFunctions - Actual:Total Validation Count:384
18:23:07.308 [TestNG-tests-1] INFO  utilities.UtilityCustomFunctions - Expected:Total Validation Count:384
18:23:07.308 [TestNG-tests-1] INFO  utilities.UtilityCustomFunctions - Message:pass
18:23:09.693 [TestNG-tests-1] INFO  testCases.WebForms.TC029_WF_RRY_OneYN_TwoYN - Test Execution on Browser: chrome
18:23:09.717 [TestNG-tests-1] INFO  testCases.WebForms.TC029_WF_RRY_OneYN_TwoYN - Excel file Utility instance created
18:23:09.761 [TestNG-tests-1] INFO  testCases.WebForms.TC029_WF_RRY_OneYN_TwoYN - Row Count is: 9
18:23:09.768 [TestNG-tests-1] INFO  testCases.WebForms.TC029_WF_RRY_OneYN_TwoYN - Col Count is: 15
18:23:13.534 [TestNG-tests-1] INFO  utilities.UtilityCustomFunctions - PRIYAN entered in  input
18:23:14.767 [TestNG-tests-1] INFO  utilities.UtilityCustomFunctions - rsoft entered in  input
18:23:15.975 [TestNG-tests-1] INFO  utilities.UtilityCustomFunctions - RSoft!@345 entered in  input
18:23:31.521 [TestNG-tests-1] INFO  testCases.WebForms.TC029_WF_RRY_OneYN_TwoYN - Clicked Avatar
18:23:35.943 [TestNG-tests-1] INFO  testCases.WebForms.TC029_WF_RRY_OneYN_TwoYN - Clicked Menu CRM Setting
18:23:38.059 [TestNG-tests-1] INFO  testCases.WebForms.TC029_WF_RRY_OneYN_TwoYN - Clicked Menu User Access Control
18:23:41.514 [TestNG-tests-1] INFO  testCases.WebForms.TC029_WF_RRY_OneYN_TwoYN - Clicked Avatar
18:23:45.819 [TestNG-tests-1] INFO  testCases.WebForms.TC029_WF_RRY_OneYN_TwoYN - Clicked Menu CRM Setting
18:23:45.916 [TestNG-tests-1] INFO  testCases.WebForms.TC029_WF_RRY_OneYN_TwoYN - Clicked Integration
18:23:57.724 [TestNG-tests-1] INFO  testCases.WebForms.TC029_WF_RRY_OneYN_TwoYN - [ETNotification Webform] is selected in List
18:24:45.620 [TestNG-tests-1] INFO  utilities.UtilityCustomFunctions - Actual:Michelle Sean
18:24:45.620 [TestNG-tests-1] INFO  utilities.UtilityCustomFunctions - Expected:Michelle Sean
18:24:45.620 [TestNG-tests-1] INFO  utilities.UtilityCustomFunctions - Message:AssignedTo Value
18:24:46.766 [TestNG-tests-1] INFO  utilities.UtilityCustomFunctions - Actual:+91
18:24:46.766 [TestNG-tests-1] INFO  utilities.UtilityCustomFunctions - Expected:+91
18:24:46.766 [TestNG-tests-1] INFO  utilities.UtilityCustomFunctions - Message:Mobile Number Prefix
18:24:47.919 [TestNG-tests-1] INFO  utilities.UtilityCustomFunctions - Actual:9840016817
18:24:47.919 [TestNG-tests-1] INFO  utilities.UtilityCustomFunctions - Expected:9840016817
18:24:47.919 [TestNG-tests-1] INFO  utilities.UtilityCustomFunctions - Message:Mobile Number
18:24:49.077 [TestNG-tests-1] INFO  utilities.UtilityCustomFunctions - Actual:Grace@rsoft.in
18:24:49.077 [TestNG-tests-1] INFO  utilities.UtilityCustomFunctions - Expected:Grace@rsoft.in
18:24:49.077 [TestNG-tests-1] INFO  utilities.UtilityCustomFunctions - Message:Email
18:24:50.228 [TestNG-tests-1] INFO  utilities.UtilityCustomFunctions - Actual:Welcome to Automation World...!
18:24:50.228 [TestNG-tests-1] INFO  utilities.UtilityCustomFunctions - Expected:Welcome to Automation World...!
18:24:50.228 [TestNG-tests-1] INFO  utilities.UtilityCustomFunctions - Message:Text
18:24:51.384 [TestNG-tests-1] INFO  utilities.UtilityCustomFunctions - Actual:one
18:24:51.384 [TestNG-tests-1] INFO  utilities.UtilityCustomFunctions - Expected:one
18:24:51.384 [TestNG-tests-1] INFO  utilities.UtilityCustomFunctions - Message:MultiSelect
18:24:52.534 [TestNG-tests-1] INFO  utilities.UtilityCustomFunctions - Actual:Bihar
18:24:52.534 [TestNG-tests-1] INFO  utilities.UtilityCustomFunctions - Expected:Bihar
18:24:52.534 [TestNG-tests-1] INFO  utilities.UtilityCustomFunctions - Message:MultiChoice State
18:25:15.350 [TestNG-tests-1] INFO  utilities.UtilityCustomFunctions - Actual:Susan Zachary
18:25:15.351 [TestNG-tests-1] INFO  utilities.UtilityCustomFunctions - Expected:White
18:25:15.351 [TestNG-tests-1] INFO  utilities.UtilityCustomFunctions - Message:AssignedTo Value
18:25:16.519 [TestNG-tests-1] INFO  utilities.UtilityCustomFunctions - Actual:+91
18:25:16.519 [TestNG-tests-1] INFO  utilities.UtilityCustomFunctions - Expected:+91
18:25:16.519 [TestNG-tests-1] INFO  utilities.UtilityCustomFunctions - Message:Mobile Number Prefix
18:25:17.692 [TestNG-tests-1] INFO  utilities.UtilityCustomFunctions - Actual:9840030291
18:25:17.692 [TestNG-tests-1] INFO  utilities.UtilityCustomFunctions - Expected:9840030291
18:25:17.692 [TestNG-tests-1] INFO  utilities.UtilityCustomFunctions - Message:Mobile Number
18:25:18.864 [TestNG-tests-1] INFO  utilities.UtilityCustomFunctions - Actual:Testing@rsoft.in
18:25:18.864 [TestNG-tests-1] INFO  utilities.UtilityCustomFunctions - Expected:Testing@rsoft.in
18:25:18.864 [TestNG-tests-1] INFO  utilities.UtilityCustomFunctions - Message:Email
18:25:20.006 [TestNG-tests-1] INFO  utilities.UtilityCustomFunctions - Actual:Testing
18:25:20.006 [TestNG-tests-1] INFO  utilities.UtilityCustomFunctions - Expected:Testing
18:25:20.006 [TestNG-tests-1] INFO  utilities.UtilityCustomFunctions - Message:Text
18:25:21.167 [TestNG-tests-1] INFO  utilities.UtilityCustomFunctions - Actual:three
18:25:21.167 [TestNG-tests-1] INFO  utilities.UtilityCustomFunctions - Expected:three
18:25:21.167 [TestNG-tests-1] INFO  utilities.UtilityCustomFunctions - Message:MultiSelect
18:25:22.305 [TestNG-tests-1] INFO  utilities.UtilityCustomFunctions - Actual:Tamilnadu
18:25:22.305 [TestNG-tests-1] INFO  utilities.UtilityCustomFunctions - Expected:Tamilnadu
18:25:22.305 [TestNG-tests-1] INFO  utilities.UtilityCustomFunctions - Message:MultiChoice State
18:25:30.073 [TestNG-tests-1] INFO  utilities.UtilityCustomFunctions - Actual:Total Validation Count:399
18:25:30.073 [TestNG-tests-1] INFO  utilities.UtilityCustomFunctions - Expected:Total Validation Count:399
18:25:30.073 [TestNG-tests-1] INFO  utilities.UtilityCustomFunctions - Message:pass
18:25:32.538 [TestNG-tests-1] INFO  testCases.WebForms.TC030_WF_RRY_OneYN_TwoY - Test Execution on Browser: chrome
18:25:32.552 [TestNG-tests-1] INFO  testCases.WebForms.TC030_WF_RRY_OneYN_TwoY - Excel file Utility instance created
18:25:32.571 [TestNG-tests-1] INFO  testCases.WebForms.TC030_WF_RRY_OneYN_TwoY - Row Count is: 9
18:25:32.576 [TestNG-tests-1] INFO  testCases.WebForms.TC030_WF_RRY_OneYN_TwoY - Col Count is: 15
18:25:36.321 [TestNG-tests-1] INFO  utilities.UtilityCustomFunctions - PRIYAN entered in  input
18:25:37.534 [TestNG-tests-1] INFO  utilities.UtilityCustomFunctions - rsoft entered in  input
18:25:38.774 [TestNG-tests-1] INFO  utilities.UtilityCustomFunctions - RSoft!@345 entered in  input
18:25:54.560 [TestNG-tests-1] INFO  testCases.WebForms.TC030_WF_RRY_OneYN_TwoY - Clicked Avatar
18:25:57.806 [TestNG-tests-1] INFO  testCases.WebForms.TC030_WF_RRY_OneYN_TwoY - Clicked Menu CRM Setting
18:25:59.893 [TestNG-tests-1] INFO  testCases.WebForms.TC030_WF_RRY_OneYN_TwoY - Clicked Menu User Access Control
18:26:03.346 [TestNG-tests-1] INFO  testCases.WebForms.TC030_WF_RRY_OneYN_TwoY - Clicked Avatar
18:26:06.388 [TestNG-tests-1] INFO  testCases.WebForms.TC030_WF_RRY_OneYN_TwoY - Clicked Menu CRM Setting
18:26:06.472 [TestNG-tests-1] INFO  testCases.WebForms.TC030_WF_RRY_OneYN_TwoY - Clicked Integration
18:26:17.146 [TestNG-tests-1] INFO  testCases.WebForms.TC030_WF_RRY_OneYN_TwoY - [ETNotification Webform] is selected in List
18:27:03.659 [TestNG-tests-1] INFO  utilities.UtilityCustomFunctions - Actual:Michelle Sean
18:27:03.659 [TestNG-tests-1] INFO  utilities.UtilityCustomFunctions - Expected:Michelle Sean
18:27:03.659 [TestNG-tests-1] INFO  utilities.UtilityCustomFunctions - Message:AssignedTo Value
18:27:04.829 [TestNG-tests-1] INFO  utilities.UtilityCustomFunctions - Actual:+91
18:27:04.829 [TestNG-tests-1] INFO  utilities.UtilityCustomFunctions - Expected:+91
18:27:04.829 [TestNG-tests-1] INFO  utilities.UtilityCustomFunctions - Message:Mobile Number Prefix
18:27:05.987 [TestNG-tests-1] INFO  utilities.UtilityCustomFunctions - Actual:9840094401
18:27:05.987 [TestNG-tests-1] INFO  utilities.UtilityCustomFunctions - Expected:9840094401
18:27:05.987 [TestNG-tests-1] INFO  utilities.UtilityCustomFunctions - Message:Mobile Number
18:27:07.144 [TestNG-tests-1] INFO  utilities.UtilityCustomFunctions - Actual:Grace@rsoft.in
18:27:07.144 [TestNG-tests-1] INFO  utilities.UtilityCustomFunctions - Expected:Grace@rsoft.in
18:27:07.144 [TestNG-tests-1] INFO  utilities.UtilityCustomFunctions - Message:Email
18:27:08.296 [TestNG-tests-1] INFO  utilities.UtilityCustomFunctions - Actual:Welcome to Automation World...!
18:27:08.296 [TestNG-tests-1] INFO  utilities.UtilityCustomFunctions - Expected:Welcome to Automation World...!
18:27:08.296 [TestNG-tests-1] INFO  utilities.UtilityCustomFunctions - Message:Text
18:27:09.455 [TestNG-tests-1] INFO  utilities.UtilityCustomFunctions - Actual:one
18:27:09.455 [TestNG-tests-1] INFO  utilities.UtilityCustomFunctions - Expected:one
18:27:09.455 [TestNG-tests-1] INFO  utilities.UtilityCustomFunctions - Message:MultiSelect
18:27:10.604 [TestNG-tests-1] INFO  utilities.UtilityCustomFunctions - Actual:Bihar
18:27:10.604 [TestNG-tests-1] INFO  utilities.UtilityCustomFunctions - Expected:Bihar
18:27:10.604 [TestNG-tests-1] INFO  utilities.UtilityCustomFunctions - Message:MultiChoice State
18:27:33.568 [TestNG-tests-1] INFO  utilities.UtilityCustomFunctions - Actual:Susan Zachary
18:27:33.568 [TestNG-tests-1] INFO  utilities.UtilityCustomFunctions - Expected:White
18:27:33.568 [TestNG-tests-1] INFO  utilities.UtilityCustomFunctions - Message:AssignedTo Value
18:27:34.738 [TestNG-tests-1] INFO  utilities.UtilityCustomFunctions - Actual:+91
18:27:34.739 [TestNG-tests-1] INFO  utilities.UtilityCustomFunctions - Expected:+91
18:27:34.739 [TestNG-tests-1] INFO  utilities.UtilityCustomFunctions - Message:Mobile Number Prefix
18:27:35.906 [TestNG-tests-1] INFO  utilities.UtilityCustomFunctions - Actual:9840066706
18:27:35.906 [TestNG-tests-1] INFO  utilities.UtilityCustomFunctions - Expected:9840066706
18:27:35.906 [TestNG-tests-1] INFO  utilities.UtilityCustomFunctions - Message:Mobile Number
18:27:37.070 [TestNG-tests-1] INFO  utilities.UtilityCustomFunctions - Actual:Testing@rsoft.in
18:27:37.070 [TestNG-tests-1] INFO  utilities.UtilityCustomFunctions - Expected:Testing@rsoft.in
18:27:37.070 [TestNG-tests-1] INFO  utilities.UtilityCustomFunctions - Message:Email
18:27:38.224 [TestNG-tests-1] INFO  utilities.UtilityCustomFunctions - Actual:Testing
18:27:38.224 [TestNG-tests-1] INFO  utilities.UtilityCustomFunctions - Expected:Testing
18:27:38.224 [TestNG-tests-1] INFO  utilities.UtilityCustomFunctions - Message:Text
18:27:39.376 [TestNG-tests-1] INFO  utilities.UtilityCustomFunctions - Actual:three
18:27:39.376 [TestNG-tests-1] INFO  utilities.UtilityCustomFunctions - Expected:three
18:27:39.376 [TestNG-tests-1] INFO  utilities.UtilityCustomFunctions - Message:MultiSelect
18:27:40.534 [TestNG-tests-1] INFO  utilities.UtilityCustomFunctions - Actual:Tamilnadu
18:27:40.534 [TestNG-tests-1] INFO  utilities.UtilityCustomFunctions - Expected:Tamilnadu
18:27:40.534 [TestNG-tests-1] INFO  utilities.UtilityCustomFunctions - Message:MultiChoice State
18:27:48.308 [TestNG-tests-1] INFO  utilities.UtilityCustomFunctions - Actual:Total Validation Count:414
18:27:48.308 [TestNG-tests-1] INFO  utilities.UtilityCustomFunctions - Expected:Total Validation Count:414
18:27:48.308 [TestNG-tests-1] INFO  utilities.UtilityCustomFunctions - Message:pass
18:27:50.839 [TestNG-tests-1] INFO  testCases.WebForms.TC031_WF_RRYN_OneN_TwoN - Test Execution on Browser: chrome
18:27:50.852 [TestNG-tests-1] INFO  testCases.WebForms.TC031_WF_RRYN_OneN_TwoN - Excel file Utility instance created
18:27:50.873 [TestNG-tests-1] INFO  testCases.WebForms.TC031_WF_RRYN_OneN_TwoN - Row Count is: 17
18:27:50.881 [TestNG-tests-1] INFO  testCases.WebForms.TC031_WF_RRYN_OneN_TwoN - Col Count is: 15
18:27:54.917 [TestNG-tests-1] INFO  utilities.UtilityCustomFunctions - PRIYAN entered in  input
18:27:56.129 [TestNG-tests-1] INFO  utilities.UtilityCustomFunctions - rsoft entered in  input
18:27:57.351 [TestNG-tests-1] INFO  utilities.UtilityCustomFunctions - RSoft!@345 entered in  input
18:28:15.968 [TestNG-tests-1] INFO  testCases.WebForms.TC031_WF_RRYN_OneN_TwoN - Clicked Avatar
18:28:19.206 [TestNG-tests-1] INFO  testCases.WebForms.TC031_WF_RRYN_OneN_TwoN - Clicked Menu CRM Setting
18:28:21.299 [TestNG-tests-1] INFO  testCases.WebForms.TC031_WF_RRYN_OneN_TwoN - Clicked Menu User Access Control
18:28:24.866 [TestNG-tests-1] INFO  testCases.WebForms.TC031_WF_RRYN_OneN_TwoN - Clicked Avatar
18:28:27.938 [TestNG-tests-1] INFO  testCases.WebForms.TC031_WF_RRYN_OneN_TwoN - Clicked Menu CRM Setting
18:28:28.034 [TestNG-tests-1] INFO  testCases.WebForms.TC031_WF_RRYN_OneN_TwoN - Clicked Integration
18:28:38.690 [TestNG-tests-1] INFO  testCases.WebForms.TC031_WF_RRYN_OneN_TwoN - [ETNotification Webform] is selected in List
18:30:17.228 [TestNG-tests-1] INFO  utilities.UtilityCustomFunctions - Actual:Sandra Jeremy
18:30:17.228 [TestNG-tests-1] INFO  utilities.UtilityCustomFunctions - Expected:Sandra Jeremy
18:30:17.228 [TestNG-tests-1] INFO  utilities.UtilityCustomFunctions - Message:AssignedTo Value
18:30:18.389 [TestNG-tests-1] INFO  utilities.UtilityCustomFunctions - Actual:+91
18:30:18.389 [TestNG-tests-1] INFO  utilities.UtilityCustomFunctions - Expected:+91
18:30:18.389 [TestNG-tests-1] INFO  utilities.UtilityCustomFunctions - Message:Mobile Number Prefix
18:30:19.579 [TestNG-tests-1] INFO  utilities.UtilityCustomFunctions - Actual:9840096987
18:30:19.579 [TestNG-tests-1] INFO  utilities.UtilityCustomFunctions - Expected:9840096987
18:30:19.579 [TestNG-tests-1] INFO  utilities.UtilityCustomFunctions - Message:Mobile Number
18:30:20.748 [TestNG-tests-1] INFO  utilities.UtilityCustomFunctions - Actual:Grace@rsoft.in
18:30:20.748 [TestNG-tests-1] INFO  utilities.UtilityCustomFunctions - Expected:Grace@rsoft.in
18:30:20.748 [TestNG-tests-1] INFO  utilities.UtilityCustomFunctions - Message:Email
18:30:21.897 [TestNG-tests-1] INFO  utilities.UtilityCustomFunctions - Actual:Welcome to Automation World...!
18:30:21.897 [TestNG-tests-1] INFO  utilities.UtilityCustomFunctions - Expected:Welcome to Automation World...!
18:30:21.897 [TestNG-tests-1] INFO  utilities.UtilityCustomFunctions - Message:Text
18:30:23.050 [TestNG-tests-1] INFO  utilities.UtilityCustomFunctions - Actual:one
18:30:23.050 [TestNG-tests-1] INFO  utilities.UtilityCustomFunctions - Expected:one
18:30:23.050 [TestNG-tests-1] INFO  utilities.UtilityCustomFunctions - Message:MultiSelect
18:30:24.226 [TestNG-tests-1] INFO  utilities.UtilityCustomFunctions - Actual:Bihar
18:30:24.226 [TestNG-tests-1] INFO  utilities.UtilityCustomFunctions - Expected:Bihar
18:30:24.226 [TestNG-tests-1] INFO  utilities.UtilityCustomFunctions - Message:MultiChoice State
18:30:52.771 [TestNG-tests-1] INFO  utilities.UtilityCustomFunctions - Actual:Lisa Noah
18:30:52.771 [TestNG-tests-1] INFO  utilities.UtilityCustomFunctions - Expected:Lisa Noah
18:30:52.771 [TestNG-tests-1] INFO  utilities.UtilityCustomFunctions - Message:AssignedTo Value
18:30:53.932 [TestNG-tests-1] INFO  utilities.UtilityCustomFunctions - Actual:+91
18:30:53.932 [TestNG-tests-1] INFO  utilities.UtilityCustomFunctions - Expected:+91
18:30:53.932 [TestNG-tests-1] INFO  utilities.UtilityCustomFunctions - Message:Mobile Number Prefix
18:30:55.102 [TestNG-tests-1] INFO  utilities.UtilityCustomFunctions - Actual:9840088731
18:30:55.102 [TestNG-tests-1] INFO  utilities.UtilityCustomFunctions - Expected:9840088731
18:30:55.102 [TestNG-tests-1] INFO  utilities.UtilityCustomFunctions - Message:Mobile Number
18:30:56.267 [TestNG-tests-1] INFO  utilities.UtilityCustomFunctions - Actual:Testing@rsoft.in
18:30:56.267 [TestNG-tests-1] INFO  utilities.UtilityCustomFunctions - Expected:Testing@rsoft.in
18:30:56.267 [TestNG-tests-1] INFO  utilities.UtilityCustomFunctions - Message:Email
18:30:57.432 [TestNG-tests-1] INFO  utilities.UtilityCustomFunctions - Actual:Testing
18:30:57.432 [TestNG-tests-1] INFO  utilities.UtilityCustomFunctions - Expected:Testing
18:30:57.432 [TestNG-tests-1] INFO  utilities.UtilityCustomFunctions - Message:Text
18:30:58.584 [TestNG-tests-1] INFO  utilities.UtilityCustomFunctions - Actual:three
18:30:58.584 [TestNG-tests-1] INFO  utilities.UtilityCustomFunctions - Expected:three
18:30:58.584 [TestNG-tests-1] INFO  utilities.UtilityCustomFunctions - Message:MultiSelect
18:30:59.749 [TestNG-tests-1] INFO  utilities.UtilityCustomFunctions - Actual:Tamilnadu
18:30:59.749 [TestNG-tests-1] INFO  utilities.UtilityCustomFunctions - Expected:Tamilnadu
18:30:59.749 [TestNG-tests-1] INFO  utilities.UtilityCustomFunctions - Message:MultiChoice State
18:31:07.906 [TestNG-tests-1] INFO  utilities.UtilityCustomFunctions - Actual:Total Validation Count:429
18:31:07.906 [TestNG-tests-1] INFO  utilities.UtilityCustomFunctions - Expected:Total Validation Count:429
18:31:07.906 [TestNG-tests-1] INFO  utilities.UtilityCustomFunctions - Message:pass
18:31:10.377 [TestNG-tests-1] INFO  testCases.WebForms.TC032_WF_RRYN_OneN_TwoYN - Test Execution on Browser: chrome
18:31:10.390 [TestNG-tests-1] INFO  testCases.WebForms.TC032_WF_RRYN_OneN_TwoYN - Excel file Utility instance created
18:31:10.428 [TestNG-tests-1] INFO  testCases.WebForms.TC032_WF_RRYN_OneN_TwoYN - Row Count is: 17
18:31:10.434 [TestNG-tests-1] INFO  testCases.WebForms.TC032_WF_RRYN_OneN_TwoYN - Col Count is: 15
18:31:14.688 [TestNG-tests-1] INFO  utilities.UtilityCustomFunctions - PRIYAN entered in  input
18:31:15.897 [TestNG-tests-1] INFO  utilities.UtilityCustomFunctions - rsoft entered in  input
18:31:17.131 [TestNG-tests-1] INFO  utilities.UtilityCustomFunctions - RSoft!@345 entered in  input
18:31:33.833 [TestNG-tests-1] INFO  testCases.WebForms.TC032_WF_RRYN_OneN_TwoYN - Clicked Avatar
18:31:37.037 [TestNG-tests-1] INFO  testCases.WebForms.TC032_WF_RRYN_OneN_TwoYN - Clicked Menu CRM Setting
18:31:39.147 [TestNG-tests-1] INFO  testCases.WebForms.TC032_WF_RRYN_OneN_TwoYN - Clicked Menu User Access Control
18:31:42.558 [TestNG-tests-1] INFO  testCases.WebForms.TC032_WF_RRYN_OneN_TwoYN - Clicked Avatar
18:31:45.608 [TestNG-tests-1] INFO  testCases.WebForms.TC032_WF_RRYN_OneN_TwoYN - Clicked Menu CRM Setting
18:31:45.701 [TestNG-tests-1] INFO  testCases.WebForms.TC032_WF_RRYN_OneN_TwoYN - Clicked Integration
18:31:56.339 [TestNG-tests-1] INFO  testCases.WebForms.TC032_WF_RRYN_OneN_TwoYN - [ETNotification Webform] is selected in List
18:32:51.826 [TestNG-tests-1] INFO  utilities.UtilityCustomFunctions - Actual:Lisa Noah
18:32:51.826 [TestNG-tests-1] INFO  utilities.UtilityCustomFunctions - Expected:Lisa Noah
18:32:51.826 [TestNG-tests-1] INFO  utilities.UtilityCustomFunctions - Message:AssignedTo Value
18:32:52.983 [TestNG-tests-1] INFO  utilities.UtilityCustomFunctions - Actual:+91
18:32:52.983 [TestNG-tests-1] INFO  utilities.UtilityCustomFunctions - Expected:+91
18:32:52.983 [TestNG-tests-1] INFO  utilities.UtilityCustomFunctions - Message:Mobile Number Prefix
18:32:54.133 [TestNG-tests-1] INFO  utilities.UtilityCustomFunctions - Actual:9840063821
18:32:54.133 [TestNG-tests-1] INFO  utilities.UtilityCustomFunctions - Expected:9840063821
18:32:54.133 [TestNG-tests-1] INFO  utilities.UtilityCustomFunctions - Message:Mobile Number
18:32:55.290 [TestNG-tests-1] INFO  utilities.UtilityCustomFunctions - Actual:Grace@rsoft.in
18:32:55.290 [TestNG-tests-1] INFO  utilities.UtilityCustomFunctions - Expected:Grace@rsoft.in
18:32:55.290 [TestNG-tests-1] INFO  utilities.UtilityCustomFunctions - Message:Email
18:32:56.484 [TestNG-tests-1] INFO  utilities.UtilityCustomFunctions - Actual:Welcome to Automation World...!
18:32:56.485 [TestNG-tests-1] INFO  utilities.UtilityCustomFunctions - Expected:Welcome to Automation World...!
18:32:56.485 [TestNG-tests-1] INFO  utilities.UtilityCustomFunctions - Message:Text
18:32:57.648 [TestNG-tests-1] INFO  utilities.UtilityCustomFunctions - Actual:one
18:32:57.648 [TestNG-tests-1] INFO  utilities.UtilityCustomFunctions - Expected:one
18:32:57.648 [TestNG-tests-1] INFO  utilities.UtilityCustomFunctions - Message:MultiSelect
18:32:58.806 [TestNG-tests-1] INFO  utilities.UtilityCustomFunctions - Actual:Bihar
18:32:58.806 [TestNG-tests-1] INFO  utilities.UtilityCustomFunctions - Expected:Bihar
18:32:58.806 [TestNG-tests-1] INFO  utilities.UtilityCustomFunctions - Message:MultiChoice State
18:33:22.802 [TestNG-tests-1] INFO  utilities.UtilityCustomFunctions - Actual:Carol Gerald
18:33:22.802 [TestNG-tests-1] INFO  utilities.UtilityCustomFunctions - Expected:Carol Gerald
18:33:22.802 [TestNG-tests-1] INFO  utilities.UtilityCustomFunctions - Message:AssignedTo Value
18:33:23.951 [TestNG-tests-1] INFO  utilities.UtilityCustomFunctions - Actual:+91
18:33:23.951 [TestNG-tests-1] INFO  utilities.UtilityCustomFunctions - Expected:+91
18:33:23.951 [TestNG-tests-1] INFO  utilities.UtilityCustomFunctions - Message:Mobile Number Prefix
18:33:25.119 [TestNG-tests-1] INFO  utilities.UtilityCustomFunctions - Actual:9840008229
18:33:25.119 [TestNG-tests-1] INFO  utilities.UtilityCustomFunctions - Expected:9840008229
18:33:25.119 [TestNG-tests-1] INFO  utilities.UtilityCustomFunctions - Message:Mobile Number
18:33:26.277 [TestNG-tests-1] INFO  utilities.UtilityCustomFunctions - Actual:Danielle@rsoft.in
18:33:26.277 [TestNG-tests-1] INFO  utilities.UtilityCustomFunctions - Expected:Danielle@rsoft.in
18:33:26.277 [TestNG-tests-1] INFO  utilities.UtilityCustomFunctions - Message:Email
18:33:27.437 [TestNG-tests-1] INFO  utilities.UtilityCustomFunctions - Actual:Welcome to Automation World...!
18:33:27.437 [TestNG-tests-1] INFO  utilities.UtilityCustomFunctions - Expected:Welcome to Automation World...!
18:33:27.437 [TestNG-tests-1] INFO  utilities.UtilityCustomFunctions - Message:Text
18:33:28.598 [TestNG-tests-1] INFO  utilities.UtilityCustomFunctions - Actual:four
18:33:28.598 [TestNG-tests-1] INFO  utilities.UtilityCustomFunctions - Expected:four
18:33:28.598 [TestNG-tests-1] INFO  utilities.UtilityCustomFunctions - Message:MultiSelect
18:33:29.775 [TestNG-tests-1] INFO  utilities.UtilityCustomFunctions - Actual:Tamilnadu
18:33:29.775 [TestNG-tests-1] INFO  utilities.UtilityCustomFunctions - Expected:Tamilnadu
18:33:29.775 [TestNG-tests-1] INFO  utilities.UtilityCustomFunctions - Message:MultiChoice State
18:33:37.672 [TestNG-tests-1] INFO  utilities.UtilityCustomFunctions - Actual:Total Validation Count:444
18:33:37.672 [TestNG-tests-1] INFO  utilities.UtilityCustomFunctions - Expected:Total Validation Count:444
18:33:37.672 [TestNG-tests-1] INFO  utilities.UtilityCustomFunctions - Message:pass
18:33:40.160 [TestNG-tests-1] INFO  testCases.WebForms.TC033_WF_RRYN_OneN_TwoY - Test Execution on Browser: chrome
18:33:40.172 [TestNG-tests-1] INFO  testCases.WebForms.TC033_WF_RRYN_OneN_TwoY - Excel file Utility instance created
18:33:40.188 [TestNG-tests-1] INFO  testCases.WebForms.TC033_WF_RRYN_OneN_TwoY - Row Count is: 17
18:33:40.194 [TestNG-tests-1] INFO  testCases.WebForms.TC033_WF_RRYN_OneN_TwoY - Col Count is: 15
18:33:43.921 [TestNG-tests-1] INFO  utilities.UtilityCustomFunctions - PRIYAN entered in  input
18:33:45.135 [TestNG-tests-1] INFO  utilities.UtilityCustomFunctions - rsoft entered in  input
18:33:46.373 [TestNG-tests-1] INFO  utilities.UtilityCustomFunctions - RSoft!@345 entered in  input
18:34:02.943 [TestNG-tests-1] INFO  testCases.WebForms.TC033_WF_RRYN_OneN_TwoY - Clicked Avatar
18:34:06.173 [TestNG-tests-1] INFO  testCases.WebForms.TC033_WF_RRYN_OneN_TwoY - Clicked Menu CRM Setting
18:34:08.263 [TestNG-tests-1] INFO  testCases.WebForms.TC033_WF_RRYN_OneN_TwoY - Clicked Menu User Access Control
18:34:11.673 [TestNG-tests-1] INFO  testCases.WebForms.TC033_WF_RRYN_OneN_TwoY - Clicked Avatar
18:34:14.925 [TestNG-tests-1] INFO  testCases.WebForms.TC033_WF_RRYN_OneN_TwoY - Clicked Menu CRM Setting
18:34:15.023 [TestNG-tests-1] INFO  testCases.WebForms.TC033_WF_RRYN_OneN_TwoY - Clicked Integration
18:34:25.571 [TestNG-tests-1] INFO  testCases.WebForms.TC033_WF_RRYN_OneN_TwoY - [ETNotification Webform] is selected in List
18:35:15.497 [TestNG-tests-1] INFO  utilities.UtilityCustomFunctions - Actual:Sandra Jeremy
18:35:15.497 [TestNG-tests-1] INFO  utilities.UtilityCustomFunctions - Expected:Sandra Jeremy
18:35:15.497 [TestNG-tests-1] INFO  utilities.UtilityCustomFunctions - Message:AssignedTo Value
18:35:16.650 [TestNG-tests-1] INFO  utilities.UtilityCustomFunctions - Actual:+91
18:35:16.650 [TestNG-tests-1] INFO  utilities.UtilityCustomFunctions - Expected:+91
18:35:16.650 [TestNG-tests-1] INFO  utilities.UtilityCustomFunctions - Message:Mobile Number Prefix
18:35:17.821 [TestNG-tests-1] INFO  utilities.UtilityCustomFunctions - Actual:9840093966
18:35:17.821 [TestNG-tests-1] INFO  utilities.UtilityCustomFunctions - Expected:9840093966
18:35:17.821 [TestNG-tests-1] INFO  utilities.UtilityCustomFunctions - Message:Mobile Number
18:35:18.981 [TestNG-tests-1] INFO  utilities.UtilityCustomFunctions - Actual:Grace@rsoft.in
18:35:18.981 [TestNG-tests-1] INFO  utilities.UtilityCustomFunctions - Expected:Grace@rsoft.in
18:35:18.981 [TestNG-tests-1] INFO  utilities.UtilityCustomFunctions - Message:Email
18:35:20.148 [TestNG-tests-1] INFO  utilities.UtilityCustomFunctions - Actual:Welcome to Automation World...!
18:35:20.148 [TestNG-tests-1] INFO  utilities.UtilityCustomFunctions - Expected:Welcome to Automation World...!
18:35:20.148 [TestNG-tests-1] INFO  utilities.UtilityCustomFunctions - Message:Text
18:35:21.302 [TestNG-tests-1] INFO  utilities.UtilityCustomFunctions - Actual:one
18:35:21.302 [TestNG-tests-1] INFO  utilities.UtilityCustomFunctions - Expected:one
18:35:21.302 [TestNG-tests-1] INFO  utilities.UtilityCustomFunctions - Message:MultiSelect
18:35:22.451 [TestNG-tests-1] INFO  utilities.UtilityCustomFunctions - Actual:Bihar
18:35:22.451 [TestNG-tests-1] INFO  utilities.UtilityCustomFunctions - Expected:Bihar
18:35:22.451 [TestNG-tests-1] INFO  utilities.UtilityCustomFunctions - Message:MultiChoice State
18:35:46.188 [TestNG-tests-1] INFO  utilities.UtilityCustomFunctions - Actual:Carol Gerald
18:35:46.188 [TestNG-tests-1] INFO  utilities.UtilityCustomFunctions - Expected:Michelle
18:35:46.188 [TestNG-tests-1] INFO  utilities.UtilityCustomFunctions - Message:AssignedTo Value
18:35:47.350 [TestNG-tests-1] INFO  utilities.UtilityCustomFunctions - Actual:+91
18:35:47.350 [TestNG-tests-1] INFO  utilities.UtilityCustomFunctions - Expected:+91
18:35:47.350 [TestNG-tests-1] INFO  utilities.UtilityCustomFunctions - Message:Mobile Number Prefix
18:35:48.520 [TestNG-tests-1] INFO  utilities.UtilityCustomFunctions - Actual:9840083059
18:35:48.520 [TestNG-tests-1] INFO  utilities.UtilityCustomFunctions - Expected:9840083059
18:35:48.520 [TestNG-tests-1] INFO  utilities.UtilityCustomFunctions - Message:Mobile Number
18:35:49.681 [TestNG-tests-1] INFO  utilities.UtilityCustomFunctions - Actual:Danielle@rsoft.in
18:35:49.682 [TestNG-tests-1] INFO  utilities.UtilityCustomFunctions - Expected:Danielle@rsoft.in
18:35:49.682 [TestNG-tests-1] INFO  utilities.UtilityCustomFunctions - Message:Email
18:35:50.837 [TestNG-tests-1] INFO  utilities.UtilityCustomFunctions - Actual:Welcome to Automation World...!
18:35:50.837 [TestNG-tests-1] INFO  utilities.UtilityCustomFunctions - Expected:Welcome to Automation World...!
18:35:50.837 [TestNG-tests-1] INFO  utilities.UtilityCustomFunctions - Message:Text
18:35:51.992 [TestNG-tests-1] INFO  utilities.UtilityCustomFunctions - Actual:four
18:35:51.992 [TestNG-tests-1] INFO  utilities.UtilityCustomFunctions - Expected:four
18:35:51.992 [TestNG-tests-1] INFO  utilities.UtilityCustomFunctions - Message:MultiSelect
18:35:53.151 [TestNG-tests-1] INFO  utilities.UtilityCustomFunctions - Actual:Tamilnadu
18:35:53.151 [TestNG-tests-1] INFO  utilities.UtilityCustomFunctions - Expected:Tamilnadu
18:35:53.151 [TestNG-tests-1] INFO  utilities.UtilityCustomFunctions - Message:MultiChoice State
18:36:01.078 [TestNG-tests-1] INFO  utilities.UtilityCustomFunctions - Actual:Total Validation Count:459
18:36:01.079 [TestNG-tests-1] INFO  utilities.UtilityCustomFunctions - Expected:Total Validation Count:459
18:36:01.079 [TestNG-tests-1] INFO  utilities.UtilityCustomFunctions - Message:pass
18:36:03.566 [TestNG-tests-1] INFO  testCases.WebForms.TC034_WF_RRYN_OneY_TwoN - Test Execution on Browser: chrome
18:36:03.580 [TestNG-tests-1] INFO  testCases.WebForms.TC034_WF_RRYN_OneY_TwoN - Excel file Utility instance created
18:36:03.604 [TestNG-tests-1] INFO  testCases.WebForms.TC034_WF_RRYN_OneY_TwoN - Row Count is: 17
18:36:03.610 [TestNG-tests-1] INFO  testCases.WebForms.TC034_WF_RRYN_OneY_TwoN - Col Count is: 15
18:36:07.316 [TestNG-tests-1] INFO  utilities.UtilityCustomFunctions - PRIYAN entered in  input
18:36:08.528 [TestNG-tests-1] INFO  utilities.UtilityCustomFunctions - rsoft entered in  input
18:36:09.745 [TestNG-tests-1] INFO  utilities.UtilityCustomFunctions - RSoft!@345 entered in  input
18:36:25.713 [TestNG-tests-1] INFO  testCases.WebForms.TC034_WF_RRYN_OneY_TwoN - Clicked Avatar
18:36:28.926 [TestNG-tests-1] INFO  testCases.WebForms.TC034_WF_RRYN_OneY_TwoN - Clicked Menu CRM Setting
18:36:31.028 [TestNG-tests-1] INFO  testCases.WebForms.TC034_WF_RRYN_OneY_TwoN - Clicked Menu User Access Control
18:36:35.502 [TestNG-tests-1] INFO  testCases.WebForms.TC034_WF_RRYN_OneY_TwoN - Clicked Avatar
18:36:38.642 [TestNG-tests-1] INFO  testCases.WebForms.TC034_WF_RRYN_OneY_TwoN - Clicked Menu CRM Setting
18:36:38.739 [TestNG-tests-1] INFO  testCases.WebForms.TC034_WF_RRYN_OneY_TwoN - Clicked Integration
18:36:49.395 [TestNG-tests-1] INFO  testCases.WebForms.TC034_WF_RRYN_OneY_TwoN - [ETNotification Webform] is selected in List
18:38:37.648 [TestNG-tests-1] INFO  utilities.UtilityCustomFunctions - Actual:Lisa Noah
18:38:37.648 [TestNG-tests-1] INFO  utilities.UtilityCustomFunctions - Expected:Lisa Noah
18:38:37.648 [TestNG-tests-1] INFO  utilities.UtilityCustomFunctions - Message:AssignedTo Value
18:38:38.821 [TestNG-tests-1] INFO  utilities.UtilityCustomFunctions - Actual:+91
18:38:38.821 [TestNG-tests-1] INFO  utilities.UtilityCustomFunctions - Expected:+91
18:38:38.821 [TestNG-tests-1] INFO  utilities.UtilityCustomFunctions - Message:Mobile Number Prefix
18:38:39.988 [TestNG-tests-1] INFO  utilities.UtilityCustomFunctions - Actual:9840012314
18:38:39.988 [TestNG-tests-1] INFO  utilities.UtilityCustomFunctions - Expected:9840012314
