17:34:38.370 [main] INFO  utilities.UtilityCustomFunctions - Message:CheckBox - Summary View Page:   @Add New
17:34:39.740 [main] INFO  utilities.UtilityCustomFunctions - Actual:05-21-2024
17:34:39.740 [main] INFO  utilities.UtilityCustomFunctions - Expected:05-21-2024
17:34:39.740 [main] INFO  utilities.UtilityCustomFunctions - Message:Date - Summary View Page:  @Add New
17:34:41.123 [main] INFO  utilities.UtilityCustomFunctions - Actual:1
17:34:41.124 [main] INFO  utilities.UtilityCustomFunctions - Expected:1
17:34:41.124 [main] INFO  utilities.UtilityCustomFunctions - Message:PickList - Summary View Page:  @Add New
17:34:42.666 [main] INFO  utilities.UtilityCustomFunctions - Actual:annie-spratt
17:34:42.666 [main] INFO  utilities.UtilityCustomFunctions - Expected:annie-spratt
17:34:42.666 [main] INFO  utilities.UtilityCustomFunctions - Message:File Upload - Summary View Page: @Add New
17:34:44.052 [main] INFO  utilities.UtilityCustomFunctions - Actual:05-24-2024 05:00:00 PM
17:34:44.052 [main] INFO  utilities.UtilityCustomFunctions - Expected:05-24-2024 05:00:00 PM
17:34:44.052 [main] INFO  utilities.UtilityCustomFunctions - Message:Date & Time - Summary View Page:   @Add New
17:34:45.417 [main] INFO  utilities.UtilityCustomFunctions - Actual:02:35:55 PM
17:34:45.417 [main] INFO  utilities.UtilityCustomFunctions - Expected:02:35:55 PM
17:34:45.417 [main] INFO  utilities.UtilityCustomFunctions - Message:Time - Summary View Page:   @Add New
17:34:46.757 [main] INFO  utilities.UtilityCustomFunctions - Actual:
17:34:46.757 [main] INFO  utilities.UtilityCustomFunctions - Expected:Mr. NewAddName
17:34:46.757 [main] INFO  utilities.UtilityCustomFunctions - Message:Name - Summary View Page:   @Add New
17:34:46.850 [main] INFO  utilities.UtilityCustomFunctions - Actual:1111111111
17:34:46.850 [main] INFO  utilities.UtilityCustomFunctions - Expected:1111111111
17:34:46.850 [main] INFO  utilities.UtilityCustomFunctions - Message:Number - Summary View Page:   @Add New
17:34:48.183 [main] INFO  utilities.UtilityCustomFunctions - Actual:1,000
17:34:48.183 [main] INFO  utilities.UtilityCustomFunctions - Expected:1,000
17:34:48.183 [main] INFO  utilities.UtilityCustomFunctions - Message:Currency - Summary View Page:   @Add New
17:34:49.498 [main] INFO  utilities.UtilityCustomFunctions - Actual:http://www.google.com/
17:34:49.498 [main] INFO  utilities.UtilityCustomFunctions - Expected:http://www.google.com/
17:34:49.498 [main] INFO  utilities.UtilityCustomFunctions - Message:URL - Summary View Page:  @Add New
17:34:50.806 [main] INFO  utilities.UtilityCustomFunctions - Actual:
17:34:50.806 [main] INFO  utilities.UtilityCustomFunctions - Expected:Ariyalur
17:34:50.806 [main] INFO  utilities.UtilityCustomFunctions - Message:City - Summary View Page: @Add New
17:34:50.903 [main] INFO  utilities.UtilityCustomFunctions - Actual:Tamilnadu
17:34:50.903 [main] INFO  utilities.UtilityCustomFunctions - Expected:Tamilnadu
17:34:50.903 [main] INFO  utilities.UtilityCustomFunctions - Message:State - Summary View Page:@Add New
17:34:52.250 [main] INFO  utilities.UtilityCustomFunctions - Actual:India
17:34:52.250 [main] INFO  utilities.UtilityCustomFunctions - Expected:India
17:34:52.250 [main] INFO  utilities.UtilityCustomFunctions - Message:Country - Summary View Page:  @Add New
17:34:53.584 [main] INFO  utilities.UtilityCustomFunctions - Actual:RelatedModuleText
17:34:53.584 [main] INFO  utilities.UtilityCustomFunctions - Expected:RelatedModuleText
17:34:53.584 [main] INFO  utilities.UtilityCustomFunctions - Message:Related Module Text - Summary View Page:  @Add New
17:34:55.643 [main] INFO  utilities.UtilityCustomFunctions - Summary View Set ON
17:35:05.097 [main] INFO  utilities.UtilityCustomFunctions - Actual:Rsoft IT
17:35:05.097 [main] INFO  utilities.UtilityCustomFunctions - Expected:Rsoft IT
17:35:05.097 [main] INFO  utilities.UtilityCustomFunctions - Message:AssignedTo - Detail View Page:   @Add New
17:35:06.438 [main] INFO  utilities.UtilityCustomFunctions - sActDTMobileNumber +91
  9087654321
17:35:06.438 [main] INFO  utilities.UtilityCustomFunctions - Actual:+91 9087654321
17:35:06.438 [main] INFO  utilities.UtilityCustomFunctions - Expected:+91 9087654321
17:35:06.438 [main] INFO  utilities.UtilityCustomFunctions - Message:Mobile Number - Detail View Page:   @Add New
17:35:07.789 [main] INFO  utilities.UtilityCustomFunctions - Actual:NewAdd@gmail.com
17:35:07.789 [main] INFO  utilities.UtilityCustomFunctions - Expected:NewAdd@gmail.com
17:35:07.789 [main] INFO  utilities.UtilityCustomFunctions - Message:Email - Detail View Page: @Add New
17:35:09.142 [main] INFO  utilities.UtilityCustomFunctions - Actual:NewAddText
17:35:09.142 [main] INFO  utilities.UtilityCustomFunctions - Expected:NewAddText
17:35:09.142 [main] INFO  utilities.UtilityCustomFunctions - Message:Text - Detail View Page:  @Add New
17:35:10.504 [main] INFO  utilities.UtilityCustomFunctions - Actual:one,two
17:35:10.504 [main] INFO  utilities.UtilityCustomFunctions - Expected:one,two
17:35:10.504 [main] INFO  utilities.UtilityCustomFunctions - Message:MultiCombo - Detail View Page:   @Add New
17:35:11.857 [main] INFO  utilities.UtilityCustomFunctions - Actual:NewAddTextArea
17:35:11.857 [main] INFO  utilities.UtilityCustomFunctions - Expected:NewAddTextArea
17:35:11.857 [main] INFO  utilities.UtilityCustomFunctions - Message:TextArea - Detail View Page:  @Add New
17:35:13.204 [main] INFO  utilities.UtilityCustomFunctions - Actual:Yes
17:35:13.204 [main] INFO  utilities.UtilityCustomFunctions - Expected:Yes
17:35:13.204 [main] INFO  utilities.UtilityCustomFunctions - Message:CheckBox - Detail View Page: @Add New
17:35:14.572 [main] INFO  utilities.UtilityCustomFunctions - Actual:05-21-2024
17:35:14.572 [main] INFO  utilities.UtilityCustomFunctions - Expected:05-21-2024
17:35:14.572 [main] INFO  utilities.UtilityCustomFunctions - Message:Date - Detail View Page: @Add New
17:35:15.957 [main] INFO  utilities.UtilityCustomFunctions - Actual:1
17:35:15.957 [main] INFO  utilities.UtilityCustomFunctions - Expected:1
17:35:15.957 [main] INFO  utilities.UtilityCustomFunctions - Message:PickList - Detail View Page:   @Add New
17:35:17.507 [main] INFO  utilities.UtilityCustomFunctions - Actual:annie-spratt
17:35:17.507 [main] INFO  utilities.UtilityCustomFunctions - Expected:annie-spratt
17:35:17.507 [main] INFO  utilities.UtilityCustomFunctions - Message:File Upload - Detail View Page:   @Add New
17:35:18.867 [main] INFO  utilities.UtilityCustomFunctions - Actual:05-24-2024 05:00:00 PM
17:35:18.867 [main] INFO  utilities.UtilityCustomFunctions - Expected:05-24-2024 05:00:00 PM
17:35:18.867 [main] INFO  utilities.UtilityCustomFunctions - Message:Date & Time - Detail View Page: @Add New
17:35:20.200 [main] INFO  utilities.UtilityCustomFunctions - Actual:02:35:55 PM
17:35:20.200 [main] INFO  utilities.UtilityCustomFunctions - Expected:02:35:55 PM
17:35:20.200 [main] INFO  utilities.UtilityCustomFunctions - Message:Time - Detail View Page:    @Add New
17:35:21.534 [main] INFO  utilities.UtilityCustomFunctions - ActualNameDT: Mr. NewAddName ExpectedNameDT: Mr. NewAddName
17:35:21.534 [main] INFO  utilities.UtilityCustomFunctions - Actual:Mr. NewAddName
17:35:21.534 [main] INFO  utilities.UtilityCustomFunctions - Expected:Mr. NewAddName
17:35:21.534 [main] INFO  utilities.UtilityCustomFunctions - Message:Name - Detail View Page:  @Add New
17:35:22.933 [main] INFO  utilities.UtilityCustomFunctions - Actual:1111111111
17:35:22.933 [main] INFO  utilities.UtilityCustomFunctions - Expected:1111111111
17:35:22.933 [main] INFO  utilities.UtilityCustomFunctions - Message:Number - Detail View Page:  @Add New
17:35:24.266 [main] INFO  utilities.UtilityCustomFunctions - Actual:1,000
17:35:24.266 [main] INFO  utilities.UtilityCustomFunctions - Expected:1,000
17:35:24.266 [main] INFO  utilities.UtilityCustomFunctions - Message:Currency - Detail View Page:  @Add New
17:35:25.548 [main] INFO  utilities.UtilityCustomFunctions - Actual:http://www.google.com/
17:35:25.548 [main] INFO  utilities.UtilityCustomFunctions - Expected:http://www.google.com/
17:35:25.548 [main] INFO  utilities.UtilityCustomFunctions - Message:URL - Detail View Page:  @Add New
17:35:29.916 [main] INFO  utilities.UtilityCustomFunctions - Actual:Ariyalur
17:35:29.916 [main] INFO  utilities.UtilityCustomFunctions - Expected:Ariyalur
17:35:29.916 [main] INFO  utilities.UtilityCustomFunctions - Message:City - Detail View Page:   @Add New
17:35:31.316 [main] INFO  utilities.UtilityCustomFunctions - Actual:Tamilnadu
17:35:31.316 [main] INFO  utilities.UtilityCustomFunctions - Expected:Tamilnadu
17:35:31.316 [main] INFO  utilities.UtilityCustomFunctions - Message:State - Detail View Page:   @Add New
17:35:32.667 [main] INFO  utilities.UtilityCustomFunctions - Actual:India
17:35:32.667 [main] INFO  utilities.UtilityCustomFunctions - Expected:India
17:35:32.667 [main] INFO  utilities.UtilityCustomFunctions - Message:Country - Detail View Page:  @Add New
17:35:33.984 [main] INFO  utilities.UtilityCustomFunctions - Actual:RelatedModuleText
17:35:33.984 [main] INFO  utilities.UtilityCustomFunctions - Expected:RelatedModuleText
17:35:33.984 [main] INFO  utilities.UtilityCustomFunctions - Message:Related Module Text - Detail View Page:  @Add New
17:35:45.420 [main] INFO  utilities.UtilityCustomFunctions - testing entered in  input
17:35:45.937 [main] INFO  utilities.UtilityCustomFunctions - dCr2KGiHBrC2!@ entered in  input
17:36:23.298 [main] INFO  utilities.UtilityCustomFunctions - No EndPage Link
17:36:28.757 [main] INFO  testCases.ExecuteTask.Notification.TC024_NT_ET_ETRS_MTAfterDays - [PRIMARY (DESC)] is selected in List
17:36:33.773 [main] INFO  utilities.UtilityCustomFunctions - Entity Id Searched: 125152
17:36:38.159 [main] INFO  utilities.UtilityCustomFunctions - Entity Id Searched: 125152
17:36:39.568 [main] INFO  utilities.UtilityCustomFunctions -  Actual EntityId: 125152 not created in DB @Add New Record
17:36:45.263 [main] INFO  utilities.UtilityCustomFunctions - PRIYAN entered in  input
17:36:46.844 [main] INFO  utilities.UtilityCustomFunctions - rsoft entered in  input
17:36:48.326 [main] INFO  utilities.UtilityCustomFunctions - RSoft!@345 entered in  input
17:37:17.167 [main] INFO  utilities.UtilityCustomFunctions - Excel file Utility instance created
17:37:17.244 [main] INFO  utilities.UtilityCustomFunctions - Row Count to Add Values: 1
17:37:17.266 [main] INFO  utilities.UtilityCustomFunctions - Col Count is: 33
17:37:17.266 [main] INFO  utilities.UtilityCustomFunctions - Extracting DataSheet Values started...
17:37:17.914 [main] INFO  utilities.UtilityCustomFunctions - Before Adding Module data
17:37:21.085 [main] INFO  utilities.UtilityCustomFunctions - Assinged To Drop Down clicked
17:37:26.452 [main] INFO  testCases.ExecuteTask.Notification.TC024_NT_ET_ETRS_MTAfterDays - [Rsoft IT] is selected in List
17:37:26.602 [main] INFO  utilities.UtilityCustomFunctions - Phone NUmber prefix clicked :  
17:37:29.941 [main] INFO  testCases.ExecuteTask.Notification.TC024_NT_ET_ETRS_MTAfterDays - [+91] is selected in List
17:37:29.941 [main] INFO  utilities.UtilityCustomFunctions - Phone NUmber selected is :  1234567890
17:37:31.551 [main] INFO  utilities.UtilityCustomFunctions - 1234567890 entered in  input
17:37:35.241 [main] INFO  utilities.UtilityCustomFunctions - SummaryAdd@gmail.com entered in  input
17:37:36.265 [main] INFO  utilities.UtilityCustomFunctions - Email Added is: SummaryAdd@gmail.com
17:37:37.736 [main] INFO  utilities.UtilityCustomFunctions - SummaryAddText entered in  input
17:37:37.736 [main] INFO  utilities.UtilityCustomFunctions - Text Value added is::  SummaryAddText
17:38:00.153 [main] INFO  utilities.UtilityCustomFunctions - MultiCombo box values: three,four
17:38:02.753 [main] INFO  utilities.UtilityCustomFunctions - SummaryAddTextArea entered in  textarea
17:38:04.832 [main] INFO  utilities.UtilityCustomFunctions - check box value: ON
17:38:04.948 [main] INFO  utilities.UtilityCustomFunctions - Checkbox clicked
17:38:05.074 [main] INFO  utilities.UtilityCustomFunctions - DateBox clicked
17:38:08.100 [main] INFO  utilities.UtilityCustomFunctions - Current Month:May
17:38:12.281 [main] INFO  utilities.UtilityCustomFunctions - Current Month:May
17:38:20.848 [main] INFO  utilities.UtilityCustomFunctions - Year to be selected is:2024
17:38:26.465 [main] INFO  utilities.UtilityCustomFunctions - (//td[contains(@class,'today')])[1]
17:38:29.648 [main] INFO  utilities.UtilityCustomFunctions - Today Date Selected
17:38:31.832 [main] INFO  utilities.UtilityCustomFunctions - Picklist clicked
17:38:33.023 [main] INFO  utilities.UtilityCustomFunctions - Picklist selected: 1
17:38:40.325 [main] INFO  utilities.UtilityCustomFunctions - Date & Time Clicked
17:38:45.400 [main] INFO  utilities.UtilityCustomFunctions - Current Month:May
17:38:49.580 [main] INFO  utilities.UtilityCustomFunctions - Current Month:May
17:38:58.230 [main] INFO  utilities.UtilityCustomFunctions - Year to be selected is:2024
17:39:08.046 [main] INFO  testCases.ExecuteTask.Notification.TC024_NT_ET_ETRS_MTAfterDays - [5] is selected in List
17:39:11.496 [main] INFO  testCases.ExecuteTask.Notification.TC024_NT_ET_ETRS_MTAfterDays - [00] is selected in List
17:39:14.933 [main] INFO  testCases.ExecuteTask.Notification.TC024_NT_ET_ETRS_MTAfterDays - [00] is selected in List
17:39:18.264 [main] INFO  testCases.ExecuteTask.Notification.TC024_NT_ET_ETRS_MTAfterDays - [PM] is selected in List
17:39:20.267 [main] INFO  utilities.UtilityCustomFunctions - Clicked Current Date in Date&Time
17:39:20.452 [main] INFO  utilities.UtilityCustomFunctions - Date & Time Selected
17:39:21.594 [main] INFO  utilities.UtilityCustomFunctions - Time Clicked
17:39:24.596 [main] INFO  utilities.UtilityCustomFunctions - Hours://div[@class='popover-content']//div[@class='clockpicker-tick' and text()='2']
17:39:35.048 [main] INFO  utilities.UtilityCustomFunctions - Time Selected is: 02:35 PM
17:39:36.233 [main] INFO  utilities.UtilityCustomFunctions - Actual Date Selected :05-21-2024
17:39:40.123 [main] INFO  testCases.ExecuteTask.Notification.TC024_NT_ET_ETRS_MTAfterDays - [Mr.] is selected in List
17:39:41.686 [main] INFO  utilities.UtilityCustomFunctions - SummaryAddName entered in  input
17:39:43.132 [main] INFO  utilities.UtilityCustomFunctions - 2323232323 entered in  input
17:39:44.483 [main] INFO  utilities.UtilityCustomFunctions - 1,000 entered in  input
17:39:46.099 [main] INFO  utilities.UtilityCustomFunctions - http://www.mvnrepository.com/ entered in  input
17:39:47.232 [main] INFO  utilities.UtilityCustomFunctions - City Drop Down clicked
17:39:50.571 [main] INFO  testCases.ExecuteTask.Notification.TC024_NT_ET_ETRS_MTAfterDays - [Chennai] is selected in List
17:39:50.571 [main] INFO  utilities.UtilityCustomFunctions - City Selected: Chennai
17:39:51.694 [main] INFO  utilities.UtilityCustomFunctions - State Drop Down clicked
17:39:55.297 [main] INFO  testCases.ExecuteTask.Notification.TC024_NT_ET_ETRS_MTAfterDays - [Tamilnadu] is selected in List
17:39:55.297 [main] INFO  utilities.UtilityCustomFunctions - State Selected: Tamilnadu
17:39:56.450 [main] INFO  utilities.UtilityCustomFunctions - Country List clicked
17:39:59.706 [main] INFO  testCases.ExecuteTask.Notification.TC024_NT_ET_ETRS_MTAfterDays - [India] is selected in List
17:39:59.706 [main] INFO  utilities.UtilityCustomFunctions - Country Selected: India
17:40:16.690 [main] INFO  utilities.UtilityCustomFunctions - RelatedModuleText entered in  input
17:40:16.711 [main] INFO  utilities.UtilityCustomFunctions - Search Button clicked in Related Module Window
17:40:20.726 [main] INFO  utilities.UtilityCustomFunctions - Button Search
17:40:23.780 [main] INFO  utilities.UtilityCustomFunctions - table row Count:1
17:40:32.464 [main] INFO  utilities.UtilityCustomFunctions - Related Module Value Selected
17:40:45.213 [main] INFO  utilities.UtilityCustomFunctions - Header Toggle Already ON
17:41:03.933 [main] INFO  utilities.UtilityCustomFunctions - testing entered in  input
17:41:04.382 [main] INFO  utilities.UtilityCustomFunctions - dCr2KGiHBrC2!@ entered in  input
17:41:41.385 [main] INFO  utilities.UtilityCustomFunctions - No EndPage Link
17:41:46.814 [main] INFO  testCases.ExecuteTask.Notification.TC024_NT_ET_ETRS_MTAfterDays - [PRIMARY (DESC)] is selected in List
17:41:51.829 [main] INFO  utilities.UtilityCustomFunctions - Entity Id Searched: 125154
17:41:56.271 [main] INFO  utilities.UtilityCustomFunctions - Entity Id Searched: 125154
17:41:57.697 [main] INFO  utilities.UtilityCustomFunctions -  Actual EntityId: 125154 not created in DB @Summary add Record
17:42:06.426 [main] INFO  utilities.UtilityCustomFunctions - PRIYAN entered in  input
17:42:07.948 [main] INFO  utilities.UtilityCustomFunctions - rsoft entered in  input
17:42:09.454 [main] INFO  utilities.UtilityCustomFunctions - RSoft!@345 entered in  input
17:42:34.865 [main] INFO  utilities.UtilityCustomFunctions - Excel file Utility instance created
17:42:34.962 [main] INFO  utilities.UtilityCustomFunctions - Row Count to Add Values: 1
17:42:35.102 [main] INFO  utilities.UtilityCustomFunctions - Col Count is: 33
17:42:35.102 [main] INFO  utilities.UtilityCustomFunctions - Extracting DataSheet Values started...
17:42:35.862 [main] INFO  utilities.UtilityCustomFunctions - Before Adding Module data
17:42:39.058 [main] INFO  utilities.UtilityCustomFunctions - Assinged To Drop Down clicked
17:42:44.345 [main] INFO  testCases.ExecuteTask.Notification.TC024_NT_ET_ETRS_MTAfterDays - [Rsoft IT] is selected in List
17:42:44.495 [main] INFO  utilities.UtilityCustomFunctions - Phone NUmber prefix clicked :  
17:42:47.783 [main] INFO  testCases.ExecuteTask.Notification.TC024_NT_ET_ETRS_MTAfterDays - [+91] is selected in List
17:42:47.783 [main] INFO  utilities.UtilityCustomFunctions - Phone NUmber selected is :  1234567890
17:42:49.379 [main] INFO  utilities.UtilityCustomFunctions - 1234567890 entered in  input
17:42:53.083 [main] INFO  utilities.UtilityCustomFunctions - DuplicateAdd@gmail.com entered in  input
17:42:54.094 [main] INFO  utilities.UtilityCustomFunctions - Email Added is: DuplicateAdd@gmail.com
17:42:55.665 [main] INFO  utilities.UtilityCustomFunctions - DuplicateAddText entered in  input
17:42:55.681 [main] INFO  utilities.UtilityCustomFunctions - Text Value added is::  DuplicateAddText
17:43:26.569 [main] INFO  utilities.UtilityCustomFunctions - MultiCombo box values: four,five
17:43:29.162 [main] INFO  utilities.UtilityCustomFunctions - DuplicateAddTextArea entered in  textarea
17:43:31.242 [main] INFO  utilities.UtilityCustomFunctions - check box value: ON
17:43:31.267 [main] INFO  utilities.UtilityCustomFunctions - Checkbox clicked
17:43:31.413 [main] INFO  utilities.UtilityCustomFunctions - DateBox clicked
17:43:34.476 [main] INFO  utilities.UtilityCustomFunctions - Current Month:May
17:43:38.674 [main] INFO  utilities.UtilityCustomFunctions - Current Month:May
17:43:47.205 [main] INFO  utilities.UtilityCustomFunctions - Year to be selected is:2024
17:43:52.839 [main] INFO  utilities.UtilityCustomFunctions - (//td[contains(@class,'today')])[1]
17:43:56.043 [main] INFO  utilities.UtilityCustomFunctions - Today Date Selected
17:43:58.276 [main] INFO  utilities.UtilityCustomFunctions - Picklist clicked
17:43:59.439 [main] INFO  utilities.UtilityCustomFunctions - Picklist selected: 1
17:44:02.827 [main] INFO  utilities.UtilityCustomFunctions - Date & Time Clicked
17:44:07.875 [main] INFO  utilities.UtilityCustomFunctions - Current Month:May
17:44:12.090 [main] INFO  utilities.UtilityCustomFunctions - Current Month:May
17:44:20.707 [main] INFO  utilities.UtilityCustomFunctions - Year to be selected is:2024
17:44:30.475 [main] INFO  testCases.ExecuteTask.Notification.TC024_NT_ET_ETRS_MTAfterDays - [5] is selected in List
17:44:33.791 [main] INFO  testCases.ExecuteTask.Notification.TC024_NT_ET_ETRS_MTAfterDays - [00] is selected in List
17:44:37.158 [main] INFO  testCases.ExecuteTask.Notification.TC024_NT_ET_ETRS_MTAfterDays - [00] is selected in List
17:44:40.559 [main] INFO  testCases.ExecuteTask.Notification.TC024_NT_ET_ETRS_MTAfterDays - [PM] is selected in List
17:44:42.574 [main] INFO  utilities.UtilityCustomFunctions - Clicked Current Date in Date&Time
17:44:42.742 [main] INFO  utilities.UtilityCustomFunctions - Date & Time Selected
17:44:43.958 [main] INFO  utilities.UtilityCustomFunctions - Time Clicked
17:44:46.974 [main] INFO  utilities.UtilityCustomFunctions - Hours://div[@class='popover-content']//div[@class='clockpicker-tick' and text()='2']
17:44:57.473 [main] INFO  utilities.UtilityCustomFunctions - Time Selected is: 02:35 PM
17:44:58.676 [main] INFO  utilities.UtilityCustomFunctions - Actual Date Selected :05-21-2024
17:45:02.473 [main] INFO  testCases.ExecuteTask.Notification.TC024_NT_ET_ETRS_MTAfterDays - [Mr.] is selected in List
17:45:04.078 [main] INFO  utilities.UtilityCustomFunctions - DuplicateAddName entered in  input
17:45:05.578 [main] INFO  utilities.UtilityCustomFunctions - 2323232323 entered in  input
17:45:06.995 [main] INFO  utilities.UtilityCustomFunctions - 1,000 entered in  input
17:45:08.728 [main] INFO  utilities.UtilityCustomFunctions - http://www.mvnrepository.com/ entered in  input
17:45:09.865 [main] INFO  utilities.UtilityCustomFunctions - City Drop Down clicked
17:45:13.247 [main] INFO  testCases.ExecuteTask.Notification.TC024_NT_ET_ETRS_MTAfterDays - [Chennai] is selected in List
17:45:13.247 [main] INFO  utilities.UtilityCustomFunctions - City Selected: Chennai
17:45:14.413 [main] INFO  utilities.UtilityCustomFunctions - State Drop Down clicked
17:45:17.991 [main] INFO  testCases.ExecuteTask.Notification.TC024_NT_ET_ETRS_MTAfterDays - [Tamilnadu] is selected in List
17:45:17.992 [main] INFO  utilities.UtilityCustomFunctions - State Selected: Tamilnadu
17:45:19.134 [main] INFO  utilities.UtilityCustomFunctions - Country List clicked
17:45:22.367 [main] INFO  testCases.ExecuteTask.Notification.TC024_NT_ET_ETRS_MTAfterDays - [India] is selected in List
17:45:22.367 [main] INFO  utilities.UtilityCustomFunctions - Country Selected: India
17:45:39.324 [main] INFO  utilities.UtilityCustomFunctions - RelatedModuleText entered in  input
17:45:39.344 [main] INFO  utilities.UtilityCustomFunctions - Search Button clicked in Related Module Window
17:45:43.248 [main] INFO  utilities.UtilityCustomFunctions - Button Search
17:45:46.341 [main] INFO  utilities.UtilityCustomFunctions - table row Count:1
17:45:55.025 [main] INFO  utilities.UtilityCustomFunctions - Related Module Value Selected
17:46:08.345 [main] INFO  utilities.UtilityCustomFunctions - Header Toggle Already ON
17:46:08.375 [main] INFO  utilities.UtilityCustomFunctions - Summary View Already OFF
17:46:25.140 [main] INFO  utilities.UtilityCustomFunctions - testing entered in  input
17:46:25.593 [main] INFO  utilities.UtilityCustomFunctions - dCr2KGiHBrC2!@ entered in  input
17:47:02.543 [main] INFO  utilities.UtilityCustomFunctions - No EndPage Link
17:47:07.994 [main] INFO  testCases.ExecuteTask.Notification.TC024_NT_ET_ETRS_MTAfterDays - [PRIMARY (DESC)] is selected in List
17:47:13.011 [main] INFO  utilities.UtilityCustomFunctions - Entity Id Searched: 125156
17:47:17.432 [main] INFO  utilities.UtilityCustomFunctions - Entity Id Searched: 125156
17:47:18.779 [main] INFO  utilities.UtilityCustomFunctions -  Actual EntityId: 125156 not created in DB @Duplicate Record
17:55:00.770 [main] INFO  utilities.UtilityCustomFunctions - ******starting TC024_NT_ET_ETRS_MTAfterDays ****
17:55:00.786 [main] INFO  utilities.UtilityCustomFunctions - Browser Execution on: chrome
17:55:00.803 [main] INFO  utilities.UtilityCustomFunctions - Excel file Utility instance created
17:55:02.105 [main] INFO  utilities.UtilityCustomFunctions - Total rows: 1
17:55:02.325 [main] INFO  utilities.UtilityCustomFunctions - Cols Count: 37
17:55:02.325 [main] INFO  utilities.UtilityCustomFunctions - Extracting DataSheet Values started...
17:55:18.165 [main] INFO  utilities.UtilityCustomFunctions - PRIYAN entered in  input
17:55:19.705 [main] INFO  utilities.UtilityCustomFunctions - rsoft entered in  input
17:55:21.214 [main] INFO  utilities.UtilityCustomFunctions - RSoft!@345 entered in  input
17:55:29.885 [main] INFO  testCases.ExecuteTask.Notification.TC024_NT_ET_ETRS_MTAfterDays - Clicked Avatar
17:55:34.030 [main] INFO  testCases.ExecuteTask.Notification.TC024_NT_ET_ETRS_MTAfterDays - Clicked Menu CRM Setting
17:55:36.214 [main] INFO  testCases.ExecuteTask.Notification.TC024_NT_ET_ETRS_MTAfterDays - Clicked Menu Other Setting
17:55:40.911 [main] INFO  testCases.ExecuteTask.Notification.TC024_NT_ET_ETRS_MTAfterDays - Clicked Menu Item Workflow
17:55:41.177 [main] INFO  testCases.ExecuteTask.Notification.TC024_NT_ET_ETRS_MTAfterDays - Clicked Workflow from Combox Box List
17:55:43.205 [main] INFO  testCases.ExecuteTask.Notification.TC024_NT_ET_ETRS_MTAfterDays - Item to be selected:  ETNotification Workflow
17:55:49.489 [main] INFO  testCases.ExecuteTask.Notification.TC024_NT_ET_ETRS_MTAfterDays - [ETNotification Workflow] is selected in List
17:55:49.489 [main] INFO  testCases.ExecuteTask.Notification.TC024_NT_ET_ETRS_MTAfterDays - Item selected in combox Box  ETNotification Workflow
17:55:52.522 [main] INFO  testCases.ExecuteTask.Notification.TC024_NT_ET_ETRS_MTAfterDays - Selected Module to View its Workflows
17:55:52.537 [main] INFO  testCases.ExecuteTask.Notification.TC024_NT_ET_ETRS_MTAfterDays - Current Workflow Row item: 1
17:55:52.632 [main] INFO  testCases.ExecuteTask.Notification.TC024_NT_ET_ETRS_MTAfterDays - Current style of Worflow Status Element captured
17:55:52.632 [main] INFO  testCases.ExecuteTask.Notification.TC024_NT_ET_ETRS_MTAfterDays - Workflow status: of row item: 1 true
17:55:52.694 [main] INFO  testCases.ExecuteTask.Notification.TC024_NT_ET_ETRS_MTAfterDays - Actual Module Name:  ETNotification
17:55:52.694 [main] INFO  testCases.ExecuteTask.Notification.TC024_NT_ET_ETRS_MTAfterDays - Actual Workflow Name:  wf_ET_ETRS_Notifications
17:55:52.694 [main] INFO  testCases.ExecuteTask.Notification.TC024_NT_ET_ETRS_MTAfterDays - Actual Exec Condition Name:  Every time the record is save
17:55:52.694 [main] INFO  testCases.ExecuteTask.Notification.TC024_NT_ET_ETRS_MTAfterDays - Module,workflow,condition matches
17:55:52.694 [main] INFO  testCases.ExecuteTask.Notification.TC024_NT_ET_ETRS_MTAfterDays - bCurrentWFStatus: true
17:55:52.694 [main] INFO  testCases.ExecuteTask.Notification.TC024_NT_ET_ETRS_MTAfterDays - wf_ET_ETRS_NotificationsWorkflow enabled
17:55:52.694 [main] INFO  testCases.ExecuteTask.Notification.TC024_NT_ET_ETRS_MTAfterDays - Current Workflow Row item: 2
17:55:52.773 [main] INFO  testCases.ExecuteTask.Notification.TC024_NT_ET_ETRS_MTAfterDays - Current style of Worflow Status Element captured
17:55:52.773 [main] INFO  testCases.ExecuteTask.Notification.TC024_NT_ET_ETRS_MTAfterDays - Workflow status: of row item: 2 false
17:55:52.804 [main] INFO  testCases.ExecuteTask.Notification.TC024_NT_ET_ETRS_MTAfterDays - Actual Module Name:  ETNotification
17:55:52.804 [main] INFO  testCases.ExecuteTask.Notification.TC024_NT_ET_ETRS_MTAfterDays - Actual Workflow Name:  wf_ET_OOFS_Notifications
17:55:52.804 [main] INFO  testCases.ExecuteTask.Notification.TC024_NT_ET_ETRS_MTAfterDays - Actual Exec Condition Name:  Only on the first save
17:55:52.804 [main] INFO  testCases.ExecuteTask.Notification.TC024_NT_ET_ETRS_MTAfterDays - Module,workflow,conditions not matched 
17:55:52.804 [main] INFO  testCases.ExecuteTask.Notification.TC024_NT_ET_ETRS_MTAfterDays - bCurrentWFStatus: false
17:55:52.804 [main] INFO  utilities.UtilityCustomFunctions - wf_ET_OOFS_NotificationsDisabled Workflow Manually Enabled
17:55:52.804 [main] INFO  testCases.ExecuteTask.Notification.TC024_NT_ET_ETRS_MTAfterDays - true:1
17:56:01.146 [main] INFO  testCases.ExecuteTask.Notification.TC024_NT_ET_ETRS_MTAfterDays - Work flow clicked
17:56:07.977 [main] INFO  testCases.ExecuteTask.Notification.TC024_NT_ET_ETRS_MTAfterDays - Cliked Step 1 Next Button to Condition Page
17:56:13.395 [main] INFO  testCases.ExecuteTask.Notification.TC024_NT_ET_ETRS_MTAfterDays - Cliked Step 2 Next Button to Task List Page
17:56:14.417 [main] INFO  testCases.ExecuteTask.Notification.TC024_NT_ET_ETRS_MTAfterDays - Clicked Workflow and Navigated to Task Page
17:56:14.465 [main] INFO  testCases.ExecuteTask.Notification.TC024_NT_ET_ETRS_MTAfterDays - Number of Tasks Listed for this Workflow: wf_ET_ETRS_Notifications : 18
17:56:14.511 [main] INFO  utilities.UtilityCustomFunctions - Is Task Active: 1 : false
17:56:14.715 [main] INFO  utilities.UtilityCustomFunctions - Retrieved Action Type:Send notification
17:56:14.715 [main] INFO  utilities.UtilityCustomFunctions - Retrieved Action Title:tskNT_ExecuteTask_CTAfterMinutes
17:56:14.715 [main] INFO  utilities.UtilityCustomFunctions - Retrieved Expected Action Type:Send notification
17:56:14.715 [main] INFO  utilities.UtilityCustomFunctions - Retrieved Expected Action Title:tskNT_ExecuteTask_MTAfterDays
17:56:14.747 [main] INFO  utilities.UtilityCustomFunctions - Is Task Active: 2 : false
17:56:14.919 [main] INFO  utilities.UtilityCustomFunctions - Retrieved Action Type:Send notification
17:56:14.919 [main] INFO  utilities.UtilityCustomFunctions - Retrieved Action Title:tskNT_ExecuteTask_CTAfterHours
17:56:14.919 [main] INFO  utilities.UtilityCustomFunctions - Retrieved Expected Action Type:Send notification
17:56:14.919 [main] INFO  utilities.UtilityCustomFunctions - Retrieved Expected Action Title:tskNT_ExecuteTask_MTAfterDays
17:56:14.951 [main] INFO  utilities.UtilityCustomFunctions - Is Task Active: 3 : false
17:56:15.123 [main] INFO  utilities.UtilityCustomFunctions - Retrieved Action Type:Send notification
17:56:15.123 [main] INFO  utilities.UtilityCustomFunctions - Retrieved Action Title:tskNT_ExecuteTask_CTAfterDays
17:56:15.123 [main] INFO  utilities.UtilityCustomFunctions - Retrieved Expected Action Type:Send notification
17:56:15.123 [main] INFO  utilities.UtilityCustomFunctions - Retrieved Expected Action Title:tskNT_ExecuteTask_MTAfterDays
17:56:15.155 [main] INFO  utilities.UtilityCustomFunctions - Is Task Active: 4 : false
17:56:15.327 [main] INFO  utilities.UtilityCustomFunctions - Retrieved Action Type:Send notification
17:56:15.327 [main] INFO  utilities.UtilityCustomFunctions - Retrieved Action Title:tskNT_ExecuteTask_MTAfterMinutes
17:56:15.327 [main] INFO  utilities.UtilityCustomFunctions - Retrieved Expected Action Type:Send notification
17:56:15.327 [main] INFO  utilities.UtilityCustomFunctions - Retrieved Expected Action Title:tskNT_ExecuteTask_MTAfterDays
17:56:15.359 [main] INFO  utilities.UtilityCustomFunctions - Is Task Active: 5 : false
17:56:15.547 [main] INFO  utilities.UtilityCustomFunctions - Retrieved Action Type:Send notification
17:56:15.547 [main] INFO  utilities.UtilityCustomFunctions - Retrieved Action Title:tskNT_ExecuteTask_MTAfterHours
17:56:15.547 [main] INFO  utilities.UtilityCustomFunctions - Retrieved Expected Action Type:Send notification
17:56:15.547 [main] INFO  utilities.UtilityCustomFunctions - Retrieved Expected Action Title:tskNT_ExecuteTask_MTAfterDays
17:56:15.579 [main] INFO  utilities.UtilityCustomFunctions - Is Task Active: 6 : true
17:56:15.742 [main] INFO  utilities.UtilityCustomFunctions - Retrieved Action Type:Send notification
17:56:15.742 [main] INFO  utilities.UtilityCustomFunctions - Retrieved Action Title:tskNT_ExecuteTask_MTAfterDays
17:56:15.742 [main] INFO  utilities.UtilityCustomFunctions - Retrieved Expected Action Type:Send notification
17:56:15.742 [main] INFO  utilities.UtilityCustomFunctions - Retrieved Expected Action Title:tskNT_ExecuteTask_MTAfterDays
17:56:15.751 [main] INFO  testCases.ExecuteTask.Notification.TC024_NT_ET_ETRS_MTAfterDays - Action Type and Action Tile matches and also Task Button Enabled
17:56:16.757 [main] INFO  utilities.UtilityCustomFunctions - Out of for loop:false
17:56:19.693 [main] INFO  testCases.ExecuteTask.Notification.TC024_NT_ET_ETRS_MTAfterDays - Clicked Workflow and Navigated to Task Page
17:56:19.693 [main] INFO  testCases.ExecuteTask.Notification.TC024_NT_ET_ETRS_MTAfterDays - Task Active Send notification  tskNT_ExecuteTask_MTAfterDays
17:56:30.357 [main] INFO  utilities.UtilityCustomFunctions - Click Source Module:ETNotification
17:56:34.080 [main] INFO  utilities.UtilityCustomFunctions - Add New Record clicked:ETNotification
17:56:36.091 [main] INFO  utilities.UtilityCustomFunctions - Excel file Utility instance created
17:56:36.154 [main] INFO  utilities.UtilityCustomFunctions - Row Count to Add Values: 1
17:56:36.201 [main] INFO  utilities.UtilityCustomFunctions - Col Count is: 37
17:56:36.201 [main] INFO  utilities.UtilityCustomFunctions - Extracting DataSheet Values started...
17:56:37.079 [main] INFO  utilities.UtilityCustomFunctions - Before Adding Module data
17:56:40.222 [main] INFO  utilities.UtilityCustomFunctions - Assinged To Drop Down clicked
17:56:45.523 [main] INFO  testCases.ExecuteTask.Notification.TC024_NT_ET_ETRS_MTAfterDays - [Rsoft IT] is selected in List
17:56:45.675 [main] INFO  utilities.UtilityCustomFunctions - Phone NUmber prefix clicked :  
17:56:48.988 [main] INFO  testCases.ExecuteTask.Notification.TC024_NT_ET_ETRS_MTAfterDays - [+91] is selected in List
17:56:48.988 [main] INFO  utilities.UtilityCustomFunctions - Phone NUmber selected is :  9087654321
17:56:50.590 [main] INFO  utilities.UtilityCustomFunctions - 9087654321 entered in  input
17:56:54.157 [main] INFO  utilities.UtilityCustomFunctions - NewAdd@gmail.com entered in  input
17:56:55.195 [main] INFO  utilities.UtilityCustomFunctions - Email Added is: NewAdd@gmail.com
17:56:56.562 [main] INFO  utilities.UtilityCustomFunctions - NewAddText entered in  input
17:56:56.578 [main] INFO  utilities.UtilityCustomFunctions - Text Value added is::  NewAddText
17:57:18.882 [main] INFO  utilities.UtilityCustomFunctions - MultiCombo box values: one,two
17:57:21.334 [main] INFO  utilities.UtilityCustomFunctions - NewAddTextArea entered in  textarea
17:57:23.439 [main] INFO  utilities.UtilityCustomFunctions - check box value: ON
17:57:23.564 [main] INFO  utilities.UtilityCustomFunctions - Checkbox clicked
17:57:23.705 [main] INFO  utilities.UtilityCustomFunctions - DateBox clicked
17:57:26.772 [main] INFO  utilities.UtilityCustomFunctions - Current Month:May
17:57:30.970 [main] INFO  utilities.UtilityCustomFunctions - Current Month:May
17:57:39.555 [main] INFO  utilities.UtilityCustomFunctions - Year to be selected is:2024
17:57:45.165 [main] INFO  utilities.UtilityCustomFunctions - (//td[contains(@class,'today')])[1]
17:57:48.347 [main] INFO  utilities.UtilityCustomFunctions - Today Date Selected
17:57:50.497 [main] INFO  utilities.UtilityCustomFunctions - Picklist clicked
17:57:51.629 [main] INFO  utilities.UtilityCustomFunctions - Picklist selected: 1
17:57:59.080 [main] INFO  utilities.UtilityCustomFunctions - Date & Time Clicked
17:58:04.128 [main] INFO  utilities.UtilityCustomFunctions - Current Month:May
17:58:08.313 [main] INFO  utilities.UtilityCustomFunctions - Current Month:May
17:58:16.859 [main] INFO  utilities.UtilityCustomFunctions - Year to be selected is:2024
17:58:26.527 [main] INFO  testCases.ExecuteTask.Notification.TC024_NT_ET_ETRS_MTAfterDays - [5] is selected in List
17:58:29.953 [main] INFO  testCases.ExecuteTask.Notification.TC024_NT_ET_ETRS_MTAfterDays - [00] is selected in List
17:58:33.348 [main] INFO  testCases.ExecuteTask.Notification.TC024_NT_ET_ETRS_MTAfterDays - [00] is selected in List
17:58:36.703 [main] INFO  testCases.ExecuteTask.Notification.TC024_NT_ET_ETRS_MTAfterDays - [PM] is selected in List
17:58:38.710 [main] INFO  utilities.UtilityCustomFunctions - Clicked Current Date in Date&Time
17:58:38.877 [main] INFO  utilities.UtilityCustomFunctions - Date & Time Selected
17:58:40.044 [main] INFO  utilities.UtilityCustomFunctions - Time Clicked
17:58:43.047 [main] INFO  utilities.UtilityCustomFunctions - Hours://div[@class='popover-content']//div[@class='clockpicker-tick' and text()='2']
17:58:53.547 [main] INFO  utilities.UtilityCustomFunctions - Time Selected is: 02:35 PM
17:58:54.730 [main] INFO  utilities.UtilityCustomFunctions - Actual Date Selected :05-21-2024
17:58:58.700 [main] INFO  testCases.ExecuteTask.Notification.TC024_NT_ET_ETRS_MTAfterDays - [Mr.] is selected in List
17:59:00.162 [main] INFO  utilities.UtilityCustomFunctions - NewAddName entered in  input
17:59:01.612 [main] INFO  utilities.UtilityCustomFunctions - 1111111111 entered in  input
17:59:02.960 [main] INFO  utilities.UtilityCustomFunctions - 1,000 entered in  input
17:59:04.530 [main] INFO  utilities.UtilityCustomFunctions - http://www.google.com/ entered in  input
17:59:05.728 [main] INFO  utilities.UtilityCustomFunctions - City Drop Down clicked
17:59:09.051 [main] INFO  testCases.ExecuteTask.Notification.TC024_NT_ET_ETRS_MTAfterDays - [Ariyalur] is selected in List
17:59:09.051 [main] INFO  utilities.UtilityCustomFunctions - City Selected: Ariyalur
17:59:10.166 [main] INFO  utilities.UtilityCustomFunctions - State Drop Down clicked
17:59:13.813 [main] INFO  testCases.ExecuteTask.Notification.TC024_NT_ET_ETRS_MTAfterDays - [Tamilnadu] is selected in List
17:59:13.813 [main] INFO  utilities.UtilityCustomFunctions - State Selected: Tamilnadu
17:59:14.937 [main] INFO  utilities.UtilityCustomFunctions - Country List clicked
17:59:18.225 [main] INFO  testCases.ExecuteTask.Notification.TC024_NT_ET_ETRS_MTAfterDays - [India] is selected in List
17:59:18.225 [main] INFO  utilities.UtilityCustomFunctions - Country Selected: India
17:59:35.094 [main] INFO  utilities.UtilityCustomFunctions - RelatedModuleText entered in  input
17:59:35.112 [main] INFO  utilities.UtilityCustomFunctions - Search Button clicked in Related Module Window
17:59:39.058 [main] INFO  utilities.UtilityCustomFunctions - Button Search
17:59:42.111 [main] INFO  utilities.UtilityCustomFunctions - table row Count:1
17:59:50.877 [main] INFO  utilities.UtilityCustomFunctions - Related Module Value Selected
18:00:05.379 [main] INFO  utilities.UtilityCustomFunctions - New Record added in: ETNotification
18:00:07.393 [main] INFO  utilities.UtilityCustomFunctions - Excel file Utility instance created
18:00:07.474 [main] INFO  utilities.UtilityCustomFunctions - Row Count to Add Values: 1
18:00:07.523 [main] INFO  utilities.UtilityCustomFunctions - Col Count is: 37
18:00:07.523 [main] INFO  utilities.UtilityCustomFunctions - Extracting DataSheet Values started...
18:00:08.412 [main] INFO  utilities.UtilityCustomFunctions - Before Verify Detail Summary Module data
18:00:14.495 [main] INFO  utilities.UtilityCustomFunctions - Header Toggle Already ON
18:00:14.561 [main] INFO  utilities.UtilityCustomFunctions - Summary View Already OFF
18:00:14.965 [main] INFO  utilities.UtilityCustomFunctions - Actual:ETNotification
18:00:14.966 [main] INFO  utilities.UtilityCustomFunctions - Expected:ETNotification
18:00:14.966 [main] INFO  utilities.UtilityCustomFunctions - Message:Module Name in SummaryDetail View Page
18:00:21.625 [main] INFO  utilities.UtilityCustomFunctions - sAssign1:RsoftsAssign2:IT
18:00:21.625 [main] INFO  utilities.UtilityCustomFunctions - Get Text:
18:00:21.924 [main] INFO  utilities.UtilityCustomFunctions - Actual:Rsoft IT
18:00:21.924 [main] INFO  utilities.UtilityCustomFunctions - Expected:Rsoft IT
18:00:21.924 [main] INFO  utilities.UtilityCustomFunctions - Message:Assigned To-Summary Title
18:00:23.158 [main] INFO  utilities.UtilityCustomFunctions - Actual:+91 9087654321
18:00:23.158 [main] INFO  utilities.UtilityCustomFunctions - Expected:+91 9087654321
18:00:23.158 [main] INFO  utilities.UtilityCustomFunctions - Message:Phone Number - Summary Title
18:00:24.425 [main] INFO  utilities.UtilityCustomFunctions - Actual:NewAdd@gmail.com
18:00:24.425 [main] INFO  utilities.UtilityCustomFunctions - Expected:NewAdd@gmail.com
18:00:24.425 [main] INFO  utilities.UtilityCustomFunctions - Message:Email - Summary Title
18:00:25.792 [main] INFO  utilities.UtilityCustomFunctions - Actual:Rsoft IT
18:00:25.792 [main] INFO  utilities.UtilityCustomFunctions - Expected:Rsoft IT
18:00:25.792 [main] INFO  utilities.UtilityCustomFunctions - Message:Assigned To - Summary View Page : 
18:00:27.172 [main] INFO  utilities.UtilityCustomFunctions - Actual:+91 9087654321
18:00:27.172 [main] INFO  utilities.UtilityCustomFunctions - Expected:+91 9087654321
18:00:27.172 [main] INFO  utilities.UtilityCustomFunctions - Message:Mobile Number - Summary View Page : @Add New
18:00:28.460 [main] INFO  utilities.UtilityCustomFunctions - Actual:NewAdd@gmail.com
18:00:28.460 [main] INFO  utilities.UtilityCustomFunctions - Expected:NewAdd@gmail.com
18:00:28.460 [main] INFO  utilities.UtilityCustomFunctions - Message:Email - Summary View Page: @Add New
18:00:29.831 [main] INFO  utilities.UtilityCustomFunctions - Actual:NewAddText
18:00:29.831 [main] INFO  utilities.UtilityCustomFunctions - Expected:NewAddText
18:00:29.831 [main] INFO  utilities.UtilityCustomFunctions - Message:Text - Summary View Page:@Add New
18:00:31.182 [main] INFO  utilities.UtilityCustomFunctions - Actual:one,two
18:00:31.182 [main] INFO  utilities.UtilityCustomFunctions - Expected:one,two
18:00:31.182 [main] INFO  utilities.UtilityCustomFunctions - Message:MultiComboValues - Summary View Page:  @Add New
18:00:32.494 [main] INFO  utilities.UtilityCustomFunctions - Actual:NewAddTextArea
18:00:32.494 [main] INFO  utilities.UtilityCustomFunctions - Expected:NewAddTextArea
18:00:32.494 [main] INFO  utilities.UtilityCustomFunctions - Message:Text Area - Summary View Page:  @Add New
18:00:33.849 [main] INFO  utilities.UtilityCustomFunctions - Actual:Yes
18:00:33.849 [main] INFO  utilities.UtilityCustomFunctions - Expected:Yes
18:00:33.849 [main] INFO  utilities.UtilityCustomFunctions - Message:CheckBox - Summary View Page:   @Add New
18:00:35.192 [main] INFO  utilities.UtilityCustomFunctions - Actual:05-21-2024
18:00:35.192 [main] INFO  utilities.UtilityCustomFunctions - Expected:05-21-2024
18:00:35.193 [main] INFO  utilities.UtilityCustomFunctions - Message:Date - Summary View Page:  @Add New
18:00:36.514 [main] INFO  utilities.UtilityCustomFunctions - Actual:1
18:00:36.514 [main] INFO  utilities.UtilityCustomFunctions - Expected:1
18:00:36.514 [main] INFO  utilities.UtilityCustomFunctions - Message:PickList - Summary View Page:  @Add New
18:00:38.061 [main] INFO  utilities.UtilityCustomFunctions - Actual:annie-spratt
18:00:38.061 [main] INFO  utilities.UtilityCustomFunctions - Expected:annie-spratt
18:00:38.061 [main] INFO  utilities.UtilityCustomFunctions - Message:File Upload - Summary View Page: @Add New
18:00:39.376 [main] INFO  utilities.UtilityCustomFunctions - Actual:05-24-2024 05:00:00 PM
18:00:39.376 [main] INFO  utilities.UtilityCustomFunctions - Expected:05-24-2024 05:00:00 PM
18:00:39.376 [main] INFO  utilities.UtilityCustomFunctions - Message:Date & Time - Summary View Page:   @Add New
18:00:40.676 [main] INFO  utilities.UtilityCustomFunctions - Actual:02:35:55 PM
18:00:40.676 [main] INFO  utilities.UtilityCustomFunctions - Expected:02:35:55 PM
18:00:40.676 [main] INFO  utilities.UtilityCustomFunctions - Message:Time - Summary View Page:   @Add New
18:00:42.041 [main] INFO  utilities.UtilityCustomFunctions - Actual:
18:00:42.041 [main] INFO  utilities.UtilityCustomFunctions - Expected:Mr. NewAddName
18:00:42.041 [main] INFO  utilities.UtilityCustomFunctions - Message:Name - Summary View Page:   @Add New
18:00:42.140 [main] INFO  utilities.UtilityCustomFunctions - Actual:1111111111
18:00:42.140 [main] INFO  utilities.UtilityCustomFunctions - Expected:1111111111
18:00:42.140 [main] INFO  utilities.UtilityCustomFunctions - Message:Number - Summary View Page:   @Add New
18:00:43.474 [main] INFO  utilities.UtilityCustomFunctions - Actual:1,000
18:00:43.474 [main] INFO  utilities.UtilityCustomFunctions - Expected:1,000
18:00:43.474 [main] INFO  utilities.UtilityCustomFunctions - Message:Currency - Summary View Page:   @Add New
18:00:44.776 [main] INFO  utilities.UtilityCustomFunctions - Actual:http://www.google.com/
18:00:44.776 [main] INFO  utilities.UtilityCustomFunctions - Expected:http://www.google.com/
18:00:44.776 [main] INFO  utilities.UtilityCustomFunctions - Message:URL - Summary View Page:  @Add New
18:00:46.108 [main] INFO  utilities.UtilityCustomFunctions - Actual:
18:00:46.108 [main] INFO  utilities.UtilityCustomFunctions - Expected:Ariyalur
18:00:46.108 [main] INFO  utilities.UtilityCustomFunctions - Message:City - Summary View Page: @Add New
18:00:46.192 [main] INFO  utilities.UtilityCustomFunctions - Actual:Tamilnadu
18:00:46.192 [main] INFO  utilities.UtilityCustomFunctions - Expected:Tamilnadu
18:00:46.192 [main] INFO  utilities.UtilityCustomFunctions - Message:State - Summary View Page:@Add New
18:00:47.542 [main] INFO  utilities.UtilityCustomFunctions - Actual:India
18:00:47.542 [main] INFO  utilities.UtilityCustomFunctions - Expected:India
18:00:47.542 [main] INFO  utilities.UtilityCustomFunctions - Message:Country - Summary View Page:  @Add New
18:00:48.858 [main] INFO  utilities.UtilityCustomFunctions - Actual:RelatedModuleText
18:00:48.858 [main] INFO  utilities.UtilityCustomFunctions - Expected:RelatedModuleText
18:00:48.858 [main] INFO  utilities.UtilityCustomFunctions - Message:Related Module Text - Summary View Page:  @Add New
18:00:50.923 [main] INFO  utilities.UtilityCustomFunctions - Summary View Set ON
18:01:00.579 [main] INFO  utilities.UtilityCustomFunctions - Actual:Rsoft IT
18:01:00.579 [main] INFO  utilities.UtilityCustomFunctions - Expected:Rsoft IT
18:01:00.579 [main] INFO  utilities.UtilityCustomFunctions - Message:AssignedTo - Detail View Page:   @Add New
18:01:01.909 [main] INFO  utilities.UtilityCustomFunctions - sActDTMobileNumber +91
  9087654321
18:01:01.909 [main] INFO  utilities.UtilityCustomFunctions - Actual:+91 9087654321
18:01:01.909 [main] INFO  utilities.UtilityCustomFunctions - Expected:+91 9087654321
18:01:01.909 [main] INFO  utilities.UtilityCustomFunctions - Message:Mobile Number - Detail View Page:   @Add New
18:01:03.214 [main] INFO  utilities.UtilityCustomFunctions - Actual:NewAdd@gmail.com
18:01:03.214 [main] INFO  utilities.UtilityCustomFunctions - Expected:NewAdd@gmail.com
18:01:03.214 [main] INFO  utilities.UtilityCustomFunctions - Message:Email - Detail View Page: @Add New
18:01:04.562 [main] INFO  utilities.UtilityCustomFunctions - Actual:NewAddText
18:01:04.562 [main] INFO  utilities.UtilityCustomFunctions - Expected:NewAddText
18:01:04.563 [main] INFO  utilities.UtilityCustomFunctions - Message:Text - Detail View Page:  @Add New
18:01:05.911 [main] INFO  utilities.UtilityCustomFunctions - Actual:one,two
18:01:05.911 [main] INFO  utilities.UtilityCustomFunctions - Expected:one,two
18:01:05.911 [main] INFO  utilities.UtilityCustomFunctions - Message:MultiCombo - Detail View Page:   @Add New
18:01:07.228 [main] INFO  utilities.UtilityCustomFunctions - Actual:NewAddTextArea
18:01:07.228 [main] INFO  utilities.UtilityCustomFunctions - Expected:NewAddTextArea
18:01:07.228 [main] INFO  utilities.UtilityCustomFunctions - Message:TextArea - Detail View Page:  @Add New
18:01:08.565 [main] INFO  utilities.UtilityCustomFunctions - Actual:Yes
18:01:08.565 [main] INFO  utilities.UtilityCustomFunctions - Expected:Yes
18:01:08.565 [main] INFO  utilities.UtilityCustomFunctions - Message:CheckBox - Detail View Page: @Add New
18:01:09.929 [main] INFO  utilities.UtilityCustomFunctions - Actual:05-21-2024
18:01:09.929 [main] INFO  utilities.UtilityCustomFunctions - Expected:05-21-2024
18:01:09.929 [main] INFO  utilities.UtilityCustomFunctions - Message:Date - Detail View Page: @Add New
18:01:11.277 [main] INFO  utilities.UtilityCustomFunctions - Actual:1
18:01:11.277 [main] INFO  utilities.UtilityCustomFunctions - Expected:1
18:01:11.277 [main] INFO  utilities.UtilityCustomFunctions - Message:PickList - Detail View Page:   @Add New
18:01:12.776 [main] INFO  utilities.UtilityCustomFunctions - Actual:annie-spratt
18:01:12.776 [main] INFO  utilities.UtilityCustomFunctions - Expected:annie-spratt
18:01:12.776 [main] INFO  utilities.UtilityCustomFunctions - Message:File Upload - Detail View Page:   @Add New
18:01:14.125 [main] INFO  utilities.UtilityCustomFunctions - Actual:05-24-2024 05:00:00 PM
18:01:14.125 [main] INFO  utilities.UtilityCustomFunctions - Expected:05-24-2024 05:00:00 PM
18:01:14.125 [main] INFO  utilities.UtilityCustomFunctions - Message:Date & Time - Detail View Page: @Add New
18:01:15.524 [main] INFO  utilities.UtilityCustomFunctions - Actual:02:35:55 PM
18:01:15.524 [main] INFO  utilities.UtilityCustomFunctions - Expected:02:35:55 PM
18:01:15.524 [main] INFO  utilities.UtilityCustomFunctions - Message:Time - Detail View Page:    @Add New
18:01:16.891 [main] INFO  utilities.UtilityCustomFunctions - ActualNameDT: Mr. NewAddName ExpectedNameDT: Mr. NewAddName
18:01:16.891 [main] INFO  utilities.UtilityCustomFunctions - Actual:Mr. NewAddName
18:01:16.891 [main] INFO  utilities.UtilityCustomFunctions - Expected:Mr. NewAddName
18:01:16.891 [main] INFO  utilities.UtilityCustomFunctions - Message:Name - Detail View Page:  @Add New
18:01:18.241 [main] INFO  utilities.UtilityCustomFunctions - Actual:1111111111
18:01:18.241 [main] INFO  utilities.UtilityCustomFunctions - Expected:1111111111
18:01:18.241 [main] INFO  utilities.UtilityCustomFunctions - Message:Number - Detail View Page:  @Add New
