15:49:35.608 [main] INFO  testCases.TC010_WF4_SN_SpecificDate - Country Selected: India
15:49:36.844 [main] INFO  testCases.TC010_WF4_SN_SpecificDate - Checkbox clicked
15:49:37.040 [main] INFO  testCases.TC010_WF4_SN_SpecificDate - DateBox clicked
15:49:40.053 [main] INFO  testCases.TC010_WF4_SN_SpecificDate - (//td[contains(@class,'today')])[1]
15:49:41.263 [main] INFO  testCases.TC010_WF4_SN_SpecificDate - Today Date Selected
15:49:42.427 [main] INFO  testCases.TC010_WF4_SN_SpecificDate - Time Clicked
15:49:49.087 [main] INFO  testCases.TC010_WF4_SN_SpecificDate - Time Selected is: 02:36 PM
15:49:50.327 [main] INFO  testCases.TC010_WF4_SN_SpecificDate - Date & Time Clicked
15:49:55.336 [main] INFO  testCases.TC010_WF4_SN_SpecificDate - (//td[contains(@class,'today')])[2]
15:49:58.584 [main] INFO  testCases.TC010_WF4_SN_SpecificDate - Clicked Current Date in Date&Time
15:49:58.815 [main] INFO  testCases.TC010_WF4_SN_SpecificDate - Date & Time Selected
15:50:01.389 [main] INFO  testCases.TC010_WF4_SN_SpecificDate - 444444444 entered in  input
15:50:56.153 [main] INFO  testCases.TC010_WF4_SN_SpecificDate - [Mrs.] is selected in List
15:50:57.661 [main] INFO  testCases.TC010_WF4_SN_SpecificDate - Steven entered in  input
15:50:59.237 [main] INFO  testCases.TC010_WF4_SN_SpecificDate - 11111111111 entered in  input
15:51:00.737 [main] INFO  testCases.TC010_WF4_SN_SpecificDate - 10,000 entered in  input
15:51:02.451 [main] INFO  testCases.TC010_WF4_SN_SpecificDate - http://www.google.com/ entered in  input
15:51:06.021 [main] INFO  testCases.TC010_WF4_SN_SpecificDate - [Dr.] is selected in List
15:51:07.543 [main] INFO  testCases.TC010_WF4_SN_SpecificDate - Annie entered in  input
15:51:09.355 [main] INFO  testCases.TC010_WF4_SN_SpecificDate - AddNewEnquiry@gmail.com entered in  input
15:51:11.042 [main] INFO  testCases.TC010_WF4_SN_SpecificDate - Enquiry about Chatbot entered in  input
15:51:18.800 [main] INFO  testCases.TC010_WF4_SN_SpecificDate - RSoft World-Class CRM Software (Customer Relationship Management) solution has been helping all kinds of small and medium businesses to organise, automate and improve their business. Our 15+ years of experience in Sales and Marketing. RSoft makes your business run transparently and intelligently which projects your brand image and win your customers satisfaction. RSoft is way ahead of other CRM's with its new generation features. entered in  textarea
15:51:21.969 [main] INFO  testCases.TC010_WF4_SN_SpecificDate - (//td[contains(@class,'today')])[2]
15:51:28.034 [main] INFO  testCases.TC010_WF4_SN_SpecificDate - [+60] is selected in List
15:51:30.802 [main] INFO  testCases.TC010_WF4_SN_SpecificDate - 2735621118 entered in  input
15:52:30.906 [main] INFO  testCases.TC010_WF4_SN_SpecificDate - [+91] is selected in List
15:52:33.719 [main] INFO  testCases.TC010_WF4_SN_SpecificDate - 6005539403 entered in  input
15:52:35.398 [main] INFO  testCases.TC010_WF4_SN_SpecificDate - AddNewLead@gmail.com entered in  input
15:52:37.053 [main] INFO  testCases.TC010_WF4_SN_SpecificDate - Lead about Chatbot entered in  input
15:52:41.621 [main] INFO  testCases.TC010_WF4_SN_SpecificDate - [+60] is selected in List
15:52:44.410 [main] INFO  testCases.TC010_WF4_SN_SpecificDate - 7185939750 entered in  input
15:52:46.206 [main] INFO  testCases.TC010_WF4_SN_SpecificDate - AddNewSales@gmail.com entered in  input
15:53:12.558 [main] INFO  testCases.TC010_WF4_SN_SpecificDate - testing entered in  input
15:53:12.967 [main] INFO  testCases.TC010_WF4_SN_SpecificDate - dCr2KGiHBrC2!@ entered in  input
16:03:36.004 [main] INFO  testCases.TC012_WF6_SN_Yearly - ******starting WF Schedule Yearly****
16:03:36.013 [main] INFO  testCases.TC012_WF6_SN_Yearly - Test Execution on Browser: chrome
16:03:36.016 [main] INFO  testCases.TC012_WF6_SN_Yearly - Excel file Utility instance created
16:03:37.443 [main] INFO  testCases.TC012_WF6_SN_Yearly - Row Count is: 1
16:03:37.821 [main] INFO  testCases.TC012_WF6_SN_Yearly - Col Count is: 52
16:03:37.822 [main] INFO  testCases.TC012_WF6_SN_Yearly - Extracting DataSheet Values started...
16:03:44.676 [main] INFO  testCases.TC012_WF6_SN_Yearly - PN1:5220377745
16:03:44.676 [main] INFO  testCases.TC012_WF6_SN_Yearly - PN2:3717278154
16:03:44.676 [main] INFO  testCases.TC012_WF6_SN_Yearly - PN3:6763249536
16:03:44.676 [main] INFO  testCases.TC012_WF6_SN_Yearly - PN4:7895673310
16:03:54.455 [main] INFO  testCases.TC012_WF6_SN_Yearly - PRIYAN entered in  input
16:03:56.072 [main] INFO  testCases.TC012_WF6_SN_Yearly - Sudhakar entered in  input
16:03:57.721 [main] INFO  testCases.TC012_WF6_SN_Yearly - Automation@123 entered in  input
16:04:02.634 [main] INFO  testCases.TC012_WF6_SN_Yearly - CRM Login Success with:Sudhakar
16:04:02.634 [main] INFO  testCases.TC012_WF6_SN_Yearly - User: Sudhakar Passed : Actual Value is: Login SuccessExpected Value is: Login Success
16:04:09.620 [main] INFO  testCases.TC012_WF6_SN_Yearly - Clicked Avatar
16:04:11.658 [main] INFO  testCases.TC012_WF6_SN_Yearly - Clicked Menu CRM Setting
16:04:11.881 [main] INFO  testCases.TC012_WF6_SN_Yearly - Clicked Menu Other Setting
16:04:14.143 [main] INFO  testCases.TC012_WF6_SN_Yearly - Clicked Menu Item Workflow
16:04:14.604 [main] INFO  testCases.TC012_WF6_SN_Yearly - Clicked Workflow from Combox Box List
16:04:16.606 [main] INFO  testCases.TC012_WF6_SN_Yearly - Item to be selected:  CRMScheduleNotification Workflow
16:04:23.103 [main] INFO  testCases.TC012_WF6_SN_Yearly - [CRMScheduleNotification Workflow] is selected in List
16:04:23.103 [main] INFO  testCases.TC012_WF6_SN_Yearly - Item selected in combox Box  CRMScheduleNotification Workflow
16:04:24.106 [main] INFO  testCases.TC012_WF6_SN_Yearly - Selected Module to View its Workflows
16:04:24.130 [main] INFO  testCases.TC012_WF6_SN_Yearly - Current Workflow Row item: 1
16:04:24.220 [main] INFO  testCases.TC012_WF6_SN_Yearly - Current style of Worflow Status Element captured
16:04:24.220 [main] INFO  testCases.TC012_WF6_SN_Yearly - Workflow status: of row item: 1 false
16:04:24.319 [main] INFO  testCases.TC012_WF6_SN_Yearly - Actual Module Name:  CRMScheduleNotification
16:04:24.319 [main] INFO  testCases.TC012_WF6_SN_Yearly - Actual Workflow Name:  WF6_ScheduleNotify_Yearly
16:04:24.319 [main] INFO  testCases.TC012_WF6_SN_Yearly - Actual Exec Condition Name:  schedule
16:04:24.319 [main] INFO  testCases.TC012_WF6_SN_Yearly - Module,workflow,condition matches
16:04:24.319 [main] INFO  testCases.TC012_WF6_SN_Yearly - bCurrentWFStatus: false
16:04:24.320 [main] INFO  testCases.TC012_WF6_SN_Yearly - Current Workflow Row item: 2
16:04:24.375 [main] INFO  testCases.TC012_WF6_SN_Yearly - Current style of Worflow Status Element captured
16:04:24.375 [main] INFO  testCases.TC012_WF6_SN_Yearly - Workflow status: of row item: 2 false
16:04:24.421 [main] INFO  testCases.TC012_WF6_SN_Yearly - Actual Module Name:  CRMScheduleNotification
16:04:24.421 [main] INFO  testCases.TC012_WF6_SN_Yearly - Actual Workflow Name:  WF5_ScheduleNotify_MonthByDate
16:04:24.421 [main] INFO  testCases.TC012_WF6_SN_Yearly - Actual Exec Condition Name:  schedule
16:04:24.421 [main] INFO  testCases.TC012_WF6_SN_Yearly - Module,workflow,conditions not matched 
16:04:24.421 [main] INFO  testCases.TC012_WF6_SN_Yearly - bCurrentWFStatus: false
16:04:24.421 [main] INFO  testCases.TC012_WF6_SN_Yearly - Current Workflow Row item: 3
16:04:24.504 [main] INFO  testCases.TC012_WF6_SN_Yearly - Current style of Worflow Status Element captured
16:04:24.504 [main] INFO  testCases.TC012_WF6_SN_Yearly - Workflow status: of row item: 3 true
16:04:24.539 [main] INFO  testCases.TC012_WF6_SN_Yearly - Actual Module Name:  CRMScheduleNotification
16:04:24.539 [main] INFO  testCases.TC012_WF6_SN_Yearly - Actual Workflow Name:  WF4_ScheduleNotify_SpecificDate
16:04:24.539 [main] INFO  testCases.TC012_WF6_SN_Yearly - Actual Exec Condition Name:  schedule
16:04:24.555 [main] INFO  testCases.TC012_WF6_SN_Yearly - Module,workflow,conditions not matched 
16:04:24.555 [main] INFO  testCases.TC012_WF6_SN_Yearly - bCurrentWFStatus: true
16:04:24.605 [main] INFO  testCases.TC012_WF6_SN_Yearly - WF4_ScheduleNotify_SpecificDateWorkflow disabled manually
16:04:24.605 [main] INFO  testCases.TC012_WF6_SN_Yearly - Current Workflow Row item: 4
16:04:24.705 [main] INFO  testCases.TC012_WF6_SN_Yearly - Current style of Worflow Status Element captured
16:04:24.706 [main] INFO  testCases.TC012_WF6_SN_Yearly - Workflow status: of row item: 4 false
16:04:24.758 [main] INFO  testCases.TC012_WF6_SN_Yearly - Actual Module Name:  CRMScheduleNotification
16:04:24.758 [main] INFO  testCases.TC012_WF6_SN_Yearly - Actual Workflow Name:  WF3_ScheduleNotify_Weekly
16:04:24.758 [main] INFO  testCases.TC012_WF6_SN_Yearly - Actual Exec Condition Name:  schedule
16:04:24.758 [main] INFO  testCases.TC012_WF6_SN_Yearly - Module,workflow,conditions not matched 
16:04:24.758 [main] INFO  testCases.TC012_WF6_SN_Yearly - bCurrentWFStatus: false
16:04:24.758 [main] INFO  testCases.TC012_WF6_SN_Yearly - Current Workflow Row item: 5
16:04:24.842 [main] INFO  testCases.TC012_WF6_SN_Yearly - Current style of Worflow Status Element captured
16:04:24.842 [main] INFO  testCases.TC012_WF6_SN_Yearly - Workflow status: of row item: 5 false
16:04:24.891 [main] INFO  testCases.TC012_WF6_SN_Yearly - Actual Module Name:  CRMScheduleNotification
16:04:24.891 [main] INFO  testCases.TC012_WF6_SN_Yearly - Actual Workflow Name:  WF2_ScheduleNotify_Daily
16:04:24.891 [main] INFO  testCases.TC012_WF6_SN_Yearly - Actual Exec Condition Name:  schedule
16:04:24.891 [main] INFO  testCases.TC012_WF6_SN_Yearly - Module,workflow,conditions not matched 
16:04:24.891 [main] INFO  testCases.TC012_WF6_SN_Yearly - bCurrentWFStatus: false
16:04:24.891 [main] INFO  testCases.TC012_WF6_SN_Yearly - Current Workflow Row item: 6
16:04:24.957 [main] INFO  testCases.TC012_WF6_SN_Yearly - Current style of Worflow Status Element captured
16:04:24.957 [main] INFO  testCases.TC012_WF6_SN_Yearly - Workflow status: of row item: 6 false
16:04:25.008 [main] INFO  testCases.TC012_WF6_SN_Yearly - Actual Module Name:  CRMScheduleNotification
16:04:25.008 [main] INFO  testCases.TC012_WF6_SN_Yearly - Actual Workflow Name:  WF1_ScheduleNotify_Hourly
16:04:25.008 [main] INFO  testCases.TC012_WF6_SN_Yearly - Actual Exec Condition Name:  schedule
16:04:25.008 [main] INFO  testCases.TC012_WF6_SN_Yearly - Module,workflow,conditions not matched 
16:04:25.008 [main] INFO  testCases.TC012_WF6_SN_Yearly - bCurrentWFStatus: false
16:04:25.104 [main] INFO  testCases.TC012_WF6_SN_Yearly - WF1_ScheduleNotify_HourlyDisabled Workflow Manually Enabled
16:04:25.104 [main] INFO  testCases.TC012_WF6_SN_Yearly - true:1
16:04:30.174 [main] INFO  testCases.TC012_WF6_SN_Yearly - Work flow clicked
16:04:34.300 [main] INFO  testCases.TC012_WF6_SN_Yearly - Cliked Step 1 Next Button to Condition Page
16:04:37.410 [main] INFO  testCases.TC012_WF6_SN_Yearly - Cliked Step 2 Next Button to Task List Page
16:04:38.419 [main] INFO  testCases.TC012_WF6_SN_Yearly - Clicked Workflow and Navigated to Task Page
16:04:38.439 [main] INFO  testCases.TC012_WF6_SN_Yearly - Number of Tasks Listed for this Workflow: WF6_ScheduleNotify_Yearly : 1
16:04:38.470 [main] INFO  testCases.TC012_WF6_SN_Yearly - Is Task Active: 1 : true
16:04:38.670 [main] INFO  testCases.TC012_WF6_SN_Yearly - Retrieved Action Type:Send notification
16:04:38.670 [main] INFO  testCases.TC012_WF6_SN_Yearly - Retrieved Action Title:TriggerYearlyNotify
16:04:38.670 [main] INFO  testCases.TC012_WF6_SN_Yearly - Action Type and Action Tile matches and also Task Button Enabled
16:04:41.113 [main] INFO  testCases.TC012_WF6_SN_Yearly - Clicked Workflow and Navigated to Task Page
16:04:41.113 [main] INFO  testCases.TC012_WF6_SN_Yearly - Task Active Send notification  TriggerYearlyNotify
16:04:48.668 [main] INFO  testCases.TC012_WF6_SN_Yearly - //*[@id='vertical_header_list']/li[6]/ul
16:04:55.147 [main] INFO  testCases.TC012_WF6_SN_Yearly - [CRMScheduleNotification] is selected in List
16:04:59.918 [main] INFO  testCases.TC012_WF6_SN_Yearly - Excel file Utility instance created
16:05:00.202 [main] INFO  testCases.TC012_WF6_SN_Yearly - Row Count is: 1
16:05:00.257 [main] INFO  testCases.TC012_WF6_SN_Yearly - Col Count is: 52
16:05:00.257 [main] INFO  testCases.TC012_WF6_SN_Yearly - Extracting DataSheet Values started...
16:05:02.705 [main] INFO  testCases.TC012_WF6_SN_Yearly - Before Adding Module data
16:05:05.913 [main] INFO  testCases.TC012_WF6_SN_Yearly - Assinged To Drop Down clicked
16:05:11.200 [main] INFO  testCases.TC012_WF6_SN_Yearly - [Sudhakar VE] is selected in List
16:05:11.200 [main] INFO  testCases.TC012_WF6_SN_Yearly - Assinged To Value Seleted is::  Sudhakar VE
16:05:12.775 [main] INFO  testCases.TC012_WF6_SN_Yearly - Add New Text entered in  input
16:05:12.791 [main] INFO  testCases.TC012_WF6_SN_Yearly - Text Value added is::  Add New Text
16:05:13.976 [main] INFO  testCases.TC012_WF6_SN_Yearly - Phone NUmber prefix clicked :  
16:05:17.371 [main] INFO  testCases.TC012_WF6_SN_Yearly - [+65] is selected in List
16:05:17.371 [main] INFO  testCases.TC012_WF6_SN_Yearly - Phone NUmber selected is :  5220377745
16:05:19.075 [main] INFO  testCases.TC012_WF6_SN_Yearly - 5220377745 entered in  input
16:05:21.742 [main] INFO  testCases.TC012_WF6_SN_Yearly - AddNew@rsoft.in entered in  input
16:05:22.753 [main] INFO  testCases.TC012_WF6_SN_Yearly - Email Added is: AddNew@rsoft.in
16:05:23.937 [main] INFO  testCases.TC012_WF6_SN_Yearly - Picklist clicked
16:05:25.072 [main] INFO  testCases.TC012_WF6_SN_Yearly - Picklist selected: 1
16:06:33.031 [main] INFO  testCases.TC012_WF6_SN_Yearly - MultiCombo box values: two
16:06:34.236 [main] INFO  testCases.TC012_WF6_SN_Yearly - City Drop Down clicked
16:06:37.911 [main] INFO  testCases.TC012_WF6_SN_Yearly - [Kanchipuram] is selected in List
16:06:37.911 [main] INFO  testCases.TC012_WF6_SN_Yearly - City Selected: Kanchipuram
16:06:39.128 [main] INFO  testCases.TC012_WF6_SN_Yearly - State Drop Down clicked
16:06:43.308 [main] INFO  testCases.TC012_WF6_SN_Yearly - [Tamilnadu] is selected in List
16:06:43.308 [main] INFO  testCases.TC012_WF6_SN_Yearly - State Selected: Tamilnadu
16:06:44.506 [main] INFO  testCases.TC012_WF6_SN_Yearly - Country List clicked
16:06:47.867 [main] INFO  testCases.TC012_WF6_SN_Yearly - [India] is selected in List
16:06:47.867 [main] INFO  testCases.TC012_WF6_SN_Yearly - Country Selected: India
16:06:49.088 [main] INFO  testCases.TC012_WF6_SN_Yearly - Checkbox clicked
16:06:49.277 [main] INFO  testCases.TC012_WF6_SN_Yearly - DateBox clicked
16:06:52.288 [main] INFO  testCases.TC012_WF6_SN_Yearly - (//td[contains(@class,'today')])[1]
16:06:53.493 [main] INFO  testCases.TC012_WF6_SN_Yearly - Today Date Selected
16:06:54.641 [main] INFO  testCases.TC012_WF6_SN_Yearly - Time Clicked
16:07:01.367 [main] INFO  testCases.TC012_WF6_SN_Yearly - Time Selected is: 02:36 PM
16:07:02.623 [main] INFO  testCases.TC012_WF6_SN_Yearly - Date & Time Clicked
16:07:07.624 [main] INFO  testCases.TC012_WF6_SN_Yearly - (//td[contains(@class,'today')])[2]
16:07:10.853 [main] INFO  testCases.TC012_WF6_SN_Yearly - Clicked Current Date in Date&Time
16:07:11.034 [main] INFO  testCases.TC012_WF6_SN_Yearly - Date & Time Selected
16:07:13.311 [main] INFO  testCases.TC012_WF6_SN_Yearly - 444444444 entered in  input
16:08:08.088 [main] INFO  testCases.TC012_WF6_SN_Yearly - [Mrs.] is selected in List
16:08:09.591 [main] INFO  testCases.TC012_WF6_SN_Yearly - Steven entered in  input
16:08:11.155 [main] INFO  testCases.TC012_WF6_SN_Yearly - 11111111111 entered in  input
16:08:12.634 [main] INFO  testCases.TC012_WF6_SN_Yearly - 10,000 entered in  input
16:08:14.306 [main] INFO  testCases.TC012_WF6_SN_Yearly - http://www.google.com/ entered in  input
16:08:17.901 [main] INFO  testCases.TC012_WF6_SN_Yearly - [Dr.] is selected in List
16:08:19.424 [main] INFO  testCases.TC012_WF6_SN_Yearly - Annie entered in  input
16:08:21.289 [main] INFO  testCases.TC012_WF6_SN_Yearly - AddNewEnquiry@gmail.com entered in  input
16:08:22.967 [main] INFO  testCases.TC012_WF6_SN_Yearly - Enquiry about Chatbot entered in  input
16:08:29.875 [main] INFO  testCases.TC012_WF6_SN_Yearly - RSoft World-Class CRM Software (Customer Relationship Management) solution has been helping all kinds of small and medium businesses to organise, automate and improve their business. Our 15+ years of experience in Sales and Marketing. RSoft makes your business run transparently and intelligently which projects your brand image and win your customers satisfaction. RSoft is way ahead of other CRM's with its new generation features. entered in  textarea
16:08:33.036 [main] INFO  testCases.TC012_WF6_SN_Yearly - (//td[contains(@class,'today')])[2]
16:08:39.208 [main] INFO  testCases.TC012_WF6_SN_Yearly - [+60] is selected in List
16:08:41.903 [main] INFO  testCases.TC012_WF6_SN_Yearly - 3717278154 entered in  input
16:09:41.884 [main] INFO  testCases.TC012_WF6_SN_Yearly - [+91] is selected in List
16:09:44.670 [main] INFO  testCases.TC012_WF6_SN_Yearly - 6763249536 entered in  input
16:09:46.387 [main] INFO  testCases.TC012_WF6_SN_Yearly - AddNewLead@gmail.com entered in  input
16:09:48.056 [main] INFO  testCases.TC012_WF6_SN_Yearly - Lead about Chatbot entered in  input
16:09:52.668 [main] INFO  testCases.TC012_WF6_SN_Yearly - [+60] is selected in List
16:09:55.442 [main] INFO  testCases.TC012_WF6_SN_Yearly - 7895673310 entered in  input
16:09:57.153 [main] INFO  testCases.TC012_WF6_SN_Yearly - AddNewSales@gmail.com entered in  input
16:10:25.303 [main] INFO  testCases.TC012_WF6_SN_Yearly - testing entered in  input
16:10:25.722 [main] INFO  testCases.TC012_WF6_SN_Yearly - dCr2KGiHBrC2!@ entered in  input
17:23:55.618 [main] INFO  testCases.TC007_WF1_SN_Hourly - ******starting WF Schedule Notify Hourly****
17:23:55.624 [main] INFO  testCases.TC007_WF1_SN_Hourly - Test Execution on Browser: chrome
17:23:55.627 [main] INFO  testCases.TC007_WF1_SN_Hourly - Excel file Utility instance created
17:23:57.261 [main] INFO  testCases.TC007_WF1_SN_Hourly - Row Count is: 1
17:23:57.464 [main] INFO  testCases.TC007_WF1_SN_Hourly - Col Count is: 52
17:23:57.464 [main] INFO  testCases.TC007_WF1_SN_Hourly - Extracting DataSheet Values started...
17:24:04.361 [main] INFO  testCases.TC007_WF1_SN_Hourly - PN1:5304032030
17:24:04.361 [main] INFO  testCases.TC007_WF1_SN_Hourly - PN2:9608861963
17:24:04.361 [main] INFO  testCases.TC007_WF1_SN_Hourly - PN3:3268590957
17:24:04.361 [main] INFO  testCases.TC007_WF1_SN_Hourly - PN4:5623802432
17:24:13.209 [main] INFO  testCases.TC007_WF1_SN_Hourly - PRIYAN entered in  input
17:24:14.795 [main] INFO  testCases.TC007_WF1_SN_Hourly - Sudhakar entered in  input
17:24:16.429 [main] INFO  testCases.TC007_WF1_SN_Hourly - Automation@123 entered in  input
17:24:21.156 [main] INFO  testCases.TC007_WF1_SN_Hourly - CRM Login Success with:Sudhakar
17:24:21.156 [main] INFO  testCases.TC007_WF1_SN_Hourly - User: Sudhakar Passed : Actual Value is: Login SuccessExpected Value is: Login Success
17:24:28.293 [main] INFO  testCases.TC007_WF1_SN_Hourly - Clicked Avatar
17:24:30.247 [main] INFO  testCases.TC007_WF1_SN_Hourly - Clicked Menu CRM Setting
17:24:30.461 [main] INFO  testCases.TC007_WF1_SN_Hourly - Clicked Menu Other Setting
17:24:32.996 [main] INFO  testCases.TC007_WF1_SN_Hourly - Clicked Menu Item Workflow
17:24:33.494 [main] INFO  testCases.TC007_WF1_SN_Hourly - Clicked Workflow from Combox Box List
17:24:35.496 [main] INFO  testCases.TC007_WF1_SN_Hourly - Item to be selected:  CRMScheduleNotification Workflow
17:24:41.966 [main] INFO  testCases.TC007_WF1_SN_Hourly - [CRMScheduleNotification Workflow] is selected in List
17:24:41.966 [main] INFO  testCases.TC007_WF1_SN_Hourly - Item selected in combox Box  CRMScheduleNotification Workflow
17:24:42.974 [main] INFO  testCases.TC007_WF1_SN_Hourly - Selected Module to View its Workflows
17:24:43.023 [main] INFO  testCases.TC007_WF1_SN_Hourly - Current Workflow Row item: 1
17:24:43.122 [main] INFO  testCases.TC007_WF1_SN_Hourly - Current style of Worflow Status Element captured
17:24:43.122 [main] INFO  testCases.TC007_WF1_SN_Hourly - Workflow status: of row item: 1 true
17:24:43.171 [main] INFO  testCases.TC007_WF1_SN_Hourly - Actual Module Name:  CRMScheduleNotification
17:24:43.171 [main] INFO  testCases.TC007_WF1_SN_Hourly - Actual Workflow Name:  WF6_ScheduleNotify_Yearly
17:24:43.172 [main] INFO  testCases.TC007_WF1_SN_Hourly - Actual Exec Condition Name:  schedule
17:24:43.172 [main] INFO  testCases.TC007_WF1_SN_Hourly - Module,workflow,conditions not matched 
17:24:43.172 [main] INFO  testCases.TC007_WF1_SN_Hourly - bCurrentWFStatus: true
17:24:43.233 [main] INFO  testCases.TC007_WF1_SN_Hourly - WF6_ScheduleNotify_YearlyWorkflow disabled manually
17:24:43.233 [main] INFO  testCases.TC007_WF1_SN_Hourly - Current Workflow Row item: 2
17:24:43.312 [main] INFO  testCases.TC007_WF1_SN_Hourly - Current style of Worflow Status Element captured
17:24:43.312 [main] INFO  testCases.TC007_WF1_SN_Hourly - Workflow status: of row item: 2 false
17:24:43.365 [main] INFO  testCases.TC007_WF1_SN_Hourly - Actual Module Name:  CRMScheduleNotification
17:24:43.365 [main] INFO  testCases.TC007_WF1_SN_Hourly - Actual Workflow Name:  WF5_ScheduleNotify_MonthByDate
17:24:43.375 [main] INFO  testCases.TC007_WF1_SN_Hourly - Actual Exec Condition Name:  schedule
17:24:43.375 [main] INFO  testCases.TC007_WF1_SN_Hourly - Module,workflow,conditions not matched 
17:24:43.375 [main] INFO  testCases.TC007_WF1_SN_Hourly - bCurrentWFStatus: false
17:24:43.376 [main] INFO  testCases.TC007_WF1_SN_Hourly - Current Workflow Row item: 3
17:24:43.445 [main] INFO  testCases.TC007_WF1_SN_Hourly - Current style of Worflow Status Element captured
17:24:43.445 [main] INFO  testCases.TC007_WF1_SN_Hourly - Workflow status: of row item: 3 false
17:24:43.495 [main] INFO  testCases.TC007_WF1_SN_Hourly - Actual Module Name:  CRMScheduleNotification
17:24:43.495 [main] INFO  testCases.TC007_WF1_SN_Hourly - Actual Workflow Name:  WF4_ScheduleNotify_SpecificDate
17:24:43.495 [main] INFO  testCases.TC007_WF1_SN_Hourly - Actual Exec Condition Name:  schedule
17:24:43.495 [main] INFO  testCases.TC007_WF1_SN_Hourly - Module,workflow,conditions not matched 
17:24:43.495 [main] INFO  testCases.TC007_WF1_SN_Hourly - bCurrentWFStatus: false
17:24:43.495 [main] INFO  testCases.TC007_WF1_SN_Hourly - Current Workflow Row item: 4
17:24:43.579 [main] INFO  testCases.TC007_WF1_SN_Hourly - Current style of Worflow Status Element captured
17:24:43.579 [main] INFO  testCases.TC007_WF1_SN_Hourly - Workflow status: of row item: 4 false
17:24:43.628 [main] INFO  testCases.TC007_WF1_SN_Hourly - Actual Module Name:  CRMScheduleNotification
17:24:43.628 [main] INFO  testCases.TC007_WF1_SN_Hourly - Actual Workflow Name:  WF3_ScheduleNotify_Weekly
17:24:43.628 [main] INFO  testCases.TC007_WF1_SN_Hourly - Actual Exec Condition Name:  schedule
17:24:43.628 [main] INFO  testCases.TC007_WF1_SN_Hourly - Module,workflow,conditions not matched 
17:24:43.628 [main] INFO  testCases.TC007_WF1_SN_Hourly - bCurrentWFStatus: false
17:24:43.628 [main] INFO  testCases.TC007_WF1_SN_Hourly - Current Workflow Row item: 5
17:24:43.722 [main] INFO  testCases.TC007_WF1_SN_Hourly - Current style of Worflow Status Element captured
17:24:43.723 [main] INFO  testCases.TC007_WF1_SN_Hourly - Workflow status: of row item: 5 false
17:24:43.778 [main] INFO  testCases.TC007_WF1_SN_Hourly - Actual Module Name:  CRMScheduleNotification
17:24:43.778 [main] INFO  testCases.TC007_WF1_SN_Hourly - Actual Workflow Name:  WF2_ScheduleNotify_Daily
17:24:43.778 [main] INFO  testCases.TC007_WF1_SN_Hourly - Actual Exec Condition Name:  schedule
17:24:43.778 [main] INFO  testCases.TC007_WF1_SN_Hourly - Module,workflow,conditions not matched 
17:24:43.778 [main] INFO  testCases.TC007_WF1_SN_Hourly - bCurrentWFStatus: false
17:24:43.778 [main] INFO  testCases.TC007_WF1_SN_Hourly - Current Workflow Row item: 6
17:24:43.894 [main] INFO  testCases.TC007_WF1_SN_Hourly - Current style of Worflow Status Element captured
17:24:43.894 [main] INFO  testCases.TC007_WF1_SN_Hourly - Workflow status: of row item: 6 false
17:24:43.944 [main] INFO  testCases.TC007_WF1_SN_Hourly - Actual Module Name:  CRMScheduleNotification
17:24:43.944 [main] INFO  testCases.TC007_WF1_SN_Hourly - Actual Workflow Name:  WF1_ScheduleNotify_Hourly
17:24:43.944 [main] INFO  testCases.TC007_WF1_SN_Hourly - Actual Exec Condition Name:  schedule
17:24:43.944 [main] INFO  testCases.TC007_WF1_SN_Hourly - Module,workflow,condition matches
17:24:43.944 [main] INFO  testCases.TC007_WF1_SN_Hourly - bCurrentWFStatus: false
17:24:44.034 [main] INFO  testCases.TC007_WF1_SN_Hourly - WF1_ScheduleNotify_HourlyDisabled Workflow Manually Enabled
17:24:44.034 [main] INFO  testCases.TC007_WF1_SN_Hourly - true:6
17:24:49.084 [main] INFO  testCases.TC007_WF1_SN_Hourly - Work flow clicked
17:24:53.739 [main] INFO  testCases.TC007_WF1_SN_Hourly - Cliked Step 1 Next Button to Condition Page
17:24:56.849 [main] INFO  testCases.TC007_WF1_SN_Hourly - Cliked Step 2 Next Button to Task List Page
17:24:57.858 [main] INFO  testCases.TC007_WF1_SN_Hourly - Clicked Workflow and Navigated to Task Page
17:24:57.893 [main] INFO  testCases.TC007_WF1_SN_Hourly - Number of Tasks Listed for this Workflow: WF1_ScheduleNotify_Hourly : 1
17:24:57.940 [main] INFO  testCases.TC007_WF1_SN_Hourly - Is Task Active: 1 : true
17:24:58.142 [main] INFO  testCases.TC007_WF1_SN_Hourly - Retrieved Action Type:Send notification
17:24:58.142 [main] INFO  testCases.TC007_WF1_SN_Hourly - Retrieved Action Title:ScheduleNotificationHourly
17:24:58.142 [main] INFO  testCases.TC007_WF1_SN_Hourly - Action Type and Action Tile matches and also Task Button Enabled
17:25:00.813 [main] INFO  testCases.TC007_WF1_SN_Hourly - Clicked Workflow and Navigated to Task Page
17:25:00.813 [main] INFO  testCases.TC007_WF1_SN_Hourly - Task Active Send notification  ScheduleNotificationHourly
17:25:08.423 [main] INFO  testCases.TC007_WF1_SN_Hourly - //*[@id='vertical_header_list']/li[6]/ul
17:25:14.582 [main] INFO  testCases.TC007_WF1_SN_Hourly - [CRMScheduleNotification] is selected in List
17:25:19.371 [main] INFO  testCases.TC007_WF1_SN_Hourly - Excel file Utility instance created
17:25:19.502 [main] INFO  testCases.TC007_WF1_SN_Hourly - Row Count is: 1
17:25:19.645 [main] INFO  testCases.TC007_WF1_SN_Hourly - Col Count is: 52
17:25:19.645 [main] INFO  testCases.TC007_WF1_SN_Hourly - Extracting DataSheet Values started...
17:25:21.792 [main] INFO  testCases.TC007_WF1_SN_Hourly - Before Adding Module data
17:25:24.984 [main] INFO  testCases.TC007_WF1_SN_Hourly - Assinged To Drop Down clicked
17:25:30.348 [main] INFO  testCases.TC007_WF1_SN_Hourly - [Sudhakar VE] is selected in List
17:25:30.348 [main] INFO  testCases.TC007_WF1_SN_Hourly - Assinged To Value Seleted is::  Sudhakar VE
17:25:31.913 [main] INFO  testCases.TC007_WF1_SN_Hourly - Add New Text entered in  input
17:25:31.931 [main] INFO  testCases.TC007_WF1_SN_Hourly - Text Value added is::  Add New Text
17:25:33.118 [main] INFO  testCases.TC007_WF1_SN_Hourly - Phone NUmber prefix clicked :  
17:25:36.458 [main] INFO  testCases.TC007_WF1_SN_Hourly - [+65] is selected in List
17:25:36.458 [main] INFO  testCases.TC007_WF1_SN_Hourly - Phone NUmber selected is :  5304032030
17:25:38.162 [main] INFO  testCases.TC007_WF1_SN_Hourly - 5304032030 entered in  input
17:25:40.842 [main] INFO  testCases.TC007_WF1_SN_Hourly - AddNew@rsoft.in entered in  input
17:25:41.872 [main] INFO  testCases.TC007_WF1_SN_Hourly - Email Added is: AddNew@rsoft.in
17:25:43.009 [main] INFO  testCases.TC007_WF1_SN_Hourly - Picklist clicked
17:25:44.177 [main] INFO  testCases.TC007_WF1_SN_Hourly - Picklist selected: 1
17:26:52.025 [main] INFO  testCases.TC007_WF1_SN_Hourly - MultiCombo box values: two
17:26:53.224 [main] INFO  testCases.TC007_WF1_SN_Hourly - City Drop Down clicked
17:26:56.925 [main] INFO  testCases.TC007_WF1_SN_Hourly - [Kanchipuram] is selected in List
17:26:56.925 [main] INFO  testCases.TC007_WF1_SN_Hourly - City Selected: Kanchipuram
17:26:58.108 [main] INFO  testCases.TC007_WF1_SN_Hourly - State Drop Down clicked
17:27:02.313 [main] INFO  testCases.TC007_WF1_SN_Hourly - [Tamilnadu] is selected in List
17:27:02.313 [main] INFO  testCases.TC007_WF1_SN_Hourly - State Selected: Tamilnadu
17:27:03.486 [main] INFO  testCases.TC007_WF1_SN_Hourly - Country List clicked
17:27:06.861 [main] INFO  testCases.TC007_WF1_SN_Hourly - [India] is selected in List
17:27:06.861 [main] INFO  testCases.TC007_WF1_SN_Hourly - Country Selected: India
17:27:08.076 [main] INFO  testCases.TC007_WF1_SN_Hourly - Checkbox clicked
17:27:08.229 [main] INFO  testCases.TC007_WF1_SN_Hourly - DateBox clicked
17:27:11.240 [main] INFO  testCases.TC007_WF1_SN_Hourly - (//td[contains(@class,'today')])[1]
17:27:12.459 [main] INFO  testCases.TC007_WF1_SN_Hourly - Today Date Selected
17:27:13.655 [main] INFO  testCases.TC007_WF1_SN_Hourly - Time Clicked
17:27:20.274 [main] INFO  testCases.TC007_WF1_SN_Hourly - Time Selected is: 02:36 PM
17:27:21.474 [main] INFO  testCases.TC007_WF1_SN_Hourly - Date & Time Clicked
17:27:26.475 [main] INFO  testCases.TC007_WF1_SN_Hourly - (//td[contains(@class,'today')])[2]
17:27:29.726 [main] INFO  testCases.TC007_WF1_SN_Hourly - Clicked Current Date in Date&Time
17:27:29.945 [main] INFO  testCases.TC007_WF1_SN_Hourly - Date & Time Selected
17:27:32.128 [main] INFO  testCases.TC007_WF1_SN_Hourly - 444444444 entered in  input
17:28:26.945 [main] INFO  testCases.TC007_WF1_SN_Hourly - [Mrs.] is selected in List
17:28:28.415 [main] INFO  testCases.TC007_WF1_SN_Hourly - Steven entered in  input
17:28:29.992 [main] INFO  testCases.TC007_WF1_SN_Hourly - 11111111111 entered in  input
17:28:31.476 [main] INFO  testCases.TC007_WF1_SN_Hourly - 10,000 entered in  input
17:28:33.242 [main] INFO  testCases.TC007_WF1_SN_Hourly - http://www.google.com/ entered in  input
17:28:36.853 [main] INFO  testCases.TC007_WF1_SN_Hourly - [Dr.] is selected in List
17:28:38.373 [main] INFO  testCases.TC007_WF1_SN_Hourly - Annie entered in  input
17:28:40.306 [main] INFO  testCases.TC007_WF1_SN_Hourly - AddNewEnquiry@gmail.com entered in  input
17:28:42.093 [main] INFO  testCases.TC007_WF1_SN_Hourly - Enquiry about Chatbot entered in  input
17:28:49.671 [main] INFO  testCases.TC007_WF1_SN_Hourly - RSoft World-Class CRM Software (Customer Relationship Management) solution has been helping all kinds of small and medium businesses to organise, automate and improve their business. Our 15+ years of experience in Sales and Marketing. RSoft makes your business run transparently and intelligently which projects your brand image and win your customers satisfaction. RSoft is way ahead of other CRM's with its new generation features. entered in  textarea
17:28:52.854 [main] INFO  testCases.TC007_WF1_SN_Hourly - (//td[contains(@class,'today')])[2]
17:28:58.905 [main] INFO  testCases.TC007_WF1_SN_Hourly - [+60] is selected in List
17:29:01.706 [main] INFO  testCases.TC007_WF1_SN_Hourly - 9608861963 entered in  input
17:30:01.712 [main] INFO  testCases.TC007_WF1_SN_Hourly - [+91] is selected in List
17:30:04.424 [main] INFO  testCases.TC007_WF1_SN_Hourly - 3268590957 entered in  input
17:30:06.208 [main] INFO  testCases.TC007_WF1_SN_Hourly - AddNewLead@gmail.com entered in  input
17:30:07.803 [main] INFO  testCases.TC007_WF1_SN_Hourly - Lead about Chatbot entered in  input
17:30:12.406 [main] INFO  testCases.TC007_WF1_SN_Hourly - [+60] is selected in List
17:30:15.207 [main] INFO  testCases.TC007_WF1_SN_Hourly - 5623802432 entered in  input
17:30:16.874 [main] INFO  testCases.TC007_WF1_SN_Hourly - AddNewSales@gmail.com entered in  input
17:30:41.321 [main] INFO  testCases.TC007_WF1_SN_Hourly - testing entered in  input
17:30:41.789 [main] INFO  testCases.TC007_WF1_SN_Hourly - dCr2KGiHBrC2!@ entered in  input
17:31:05.808 [main] INFO  testCases.TC007_WF1_SN_Hourly - Exp EntityId:94462 Actual Entity Id:94272
17:31:05.839 [main] INFO  testCases.TC007_WF1_SN_Hourly - Exp EntityId:94462 Actual Entity Id:94273
17:31:05.871 [main] INFO  testCases.TC007_WF1_SN_Hourly - Exp EntityId:94462 Actual Entity Id:94289
17:31:05.902 [main] INFO  testCases.TC007_WF1_SN_Hourly - Exp EntityId:94462 Actual Entity Id:94290
17:31:05.934 [main] INFO  testCases.TC007_WF1_SN_Hourly - Exp EntityId:94462 Actual Entity Id:94305
17:31:05.965 [main] INFO  testCases.TC007_WF1_SN_Hourly - Exp EntityId:94462 Actual Entity Id:94365
17:31:05.997 [main] INFO  testCases.TC007_WF1_SN_Hourly - Exp EntityId:94462 Actual Entity Id:94394
17:31:06.028 [main] INFO  testCases.TC007_WF1_SN_Hourly - Exp EntityId:94462 Actual Entity Id:94417
17:31:06.059 [main] INFO  testCases.TC007_WF1_SN_Hourly - Exp EntityId:94462 Actual Entity Id:94417
17:31:06.091 [main] INFO  testCases.TC007_WF1_SN_Hourly - Exp EntityId:94462 Actual Entity Id:94417
17:31:06.122 [main] INFO  testCases.TC007_WF1_SN_Hourly - Exp EntityId:94462 Actual Entity Id:94419
17:31:06.159 [main] INFO  testCases.TC007_WF1_SN_Hourly - Exp EntityId:94462 Actual Entity Id:94419
17:31:06.201 [main] INFO  testCases.TC007_WF1_SN_Hourly - Exp EntityId:94462 Actual Entity Id:94419
17:31:06.232 [main] INFO  testCases.TC007_WF1_SN_Hourly - Exp EntityId:94462 Actual Entity Id:94420
17:31:06.263 [main] INFO  testCases.TC007_WF1_SN_Hourly - Exp EntityId:94462 Actual Entity Id:94422
17:31:06.295 [main] INFO  testCases.TC007_WF1_SN_Hourly - Exp EntityId:94462 Actual Entity Id:94422
17:31:06.326 [main] INFO  testCases.TC007_WF1_SN_Hourly - Exp EntityId:94462 Actual Entity Id:94422
17:31:06.359 [main] INFO  testCases.TC007_WF1_SN_Hourly - Exp EntityId:94462 Actual Entity Id:94424
17:31:06.389 [main] INFO  testCases.TC007_WF1_SN_Hourly - Exp EntityId:94462 Actual Entity Id:94424
17:31:06.420 [main] INFO  testCases.TC007_WF1_SN_Hourly - Exp EntityId:94462 Actual Entity Id:94424
17:31:06.436 [main] INFO  testCases.TC007_WF1_SN_Hourly - Exp EntityId:94462 Actual Entity Id:94425
17:31:06.467 [main] INFO  testCases.TC007_WF1_SN_Hourly - Exp EntityId:94462 Actual Entity Id:94430
17:31:06.499 [main] INFO  testCases.TC007_WF1_SN_Hourly - Exp EntityId:94462 Actual Entity Id:94431
17:31:06.530 [main] INFO  testCases.TC007_WF1_SN_Hourly - Exp EntityId:94462 Actual Entity Id:94434
17:31:06.562 [main] INFO  testCases.TC007_WF1_SN_Hourly - Exp EntityId:94462 Actual Entity Id:94441
17:37:53.548 [main] INFO  testCases.TC007_WF1_SN_Hourly - ******starting WF Schedule Notify Hourly****
17:37:53.556 [main] INFO  testCases.TC007_WF1_SN_Hourly - Test Execution on Browser: chrome
17:37:53.558 [main] INFO  testCases.TC007_WF1_SN_Hourly - Excel file Utility instance created
17:37:55.141 [main] INFO  testCases.TC007_WF1_SN_Hourly - Row Count is: 1
17:37:55.388 [main] INFO  testCases.TC007_WF1_SN_Hourly - Col Count is: 52
17:37:55.389 [main] INFO  testCases.TC007_WF1_SN_Hourly - Extracting DataSheet Values started...
17:38:02.172 [main] INFO  testCases.TC007_WF1_SN_Hourly - PN1:1194995717
17:38:02.172 [main] INFO  testCases.TC007_WF1_SN_Hourly - PN2:8582253236
17:38:02.172 [main] INFO  testCases.TC007_WF1_SN_Hourly - PN3:6326494223
17:38:02.172 [main] INFO  testCases.TC007_WF1_SN_Hourly - PN4:7441636102
17:38:10.396 [main] INFO  testCases.TC007_WF1_SN_Hourly - PRIYAN entered in  input
17:38:12.183 [main] INFO  testCases.TC007_WF1_SN_Hourly - Sudhakar entered in  input
17:38:13.805 [main] INFO  testCases.TC007_WF1_SN_Hourly - Automation@123 entered in  input
17:38:18.644 [main] INFO  testCases.TC007_WF1_SN_Hourly - CRM Login Success with:Sudhakar
17:38:18.646 [main] INFO  testCases.TC007_WF1_SN_Hourly - User: Sudhakar Passed : Actual Value is: Login SuccessExpected Value is: Login Success
17:38:25.811 [main] INFO  testCases.TC007_WF1_SN_Hourly - Clicked Avatar
17:38:27.699 [main] INFO  testCases.TC007_WF1_SN_Hourly - Clicked Menu CRM Setting
17:38:27.975 [main] INFO  testCases.TC007_WF1_SN_Hourly - Clicked Menu Other Setting
17:38:30.365 [main] INFO  testCases.TC007_WF1_SN_Hourly - Clicked Menu Item Workflow
17:38:30.814 [main] INFO  testCases.TC007_WF1_SN_Hourly - Clicked Workflow from Combox Box List
17:38:32.828 [main] INFO  testCases.TC007_WF1_SN_Hourly - Item to be selected:  CRMScheduleNotification Workflow
17:38:39.472 [main] INFO  testCases.TC007_WF1_SN_Hourly - [CRMScheduleNotification Workflow] is selected in List
17:38:39.472 [main] INFO  testCases.TC007_WF1_SN_Hourly - Item selected in combox Box  CRMScheduleNotification Workflow
17:38:40.495 [main] INFO  testCases.TC007_WF1_SN_Hourly - Selected Module to View its Workflows
17:38:40.511 [main] INFO  testCases.TC007_WF1_SN_Hourly - Current Workflow Row item: 1
17:38:40.597 [main] INFO  testCases.TC007_WF1_SN_Hourly - Current style of Worflow Status Element captured
17:38:40.597 [main] INFO  testCases.TC007_WF1_SN_Hourly - Workflow status: of row item: 1 false
17:38:40.657 [main] INFO  testCases.TC007_WF1_SN_Hourly - Actual Module Name:  CRMScheduleNotification
17:38:40.657 [main] INFO  testCases.TC007_WF1_SN_Hourly - Actual Workflow Name:  WF6_ScheduleNotify_Yearly
17:38:40.657 [main] INFO  testCases.TC007_WF1_SN_Hourly - Actual Exec Condition Name:  schedule
17:38:40.657 [main] INFO  testCases.TC007_WF1_SN_Hourly - Module,workflow,conditions not matched 
17:38:40.657 [main] INFO  testCases.TC007_WF1_SN_Hourly - bCurrentWFStatus: false
17:38:40.657 [main] INFO  testCases.TC007_WF1_SN_Hourly - Current Workflow Row item: 2
17:38:40.731 [main] INFO  testCases.TC007_WF1_SN_Hourly - Current style of Worflow Status Element captured
17:38:40.731 [main] INFO  testCases.TC007_WF1_SN_Hourly - Workflow status: of row item: 2 false
17:38:40.779 [main] INFO  testCases.TC007_WF1_SN_Hourly - Actual Module Name:  CRMScheduleNotification
17:38:40.779 [main] INFO  testCases.TC007_WF1_SN_Hourly - Actual Workflow Name:  WF5_ScheduleNotify_MonthByDate
17:38:40.779 [main] INFO  testCases.TC007_WF1_SN_Hourly - Actual Exec Condition Name:  schedule
17:38:40.779 [main] INFO  testCases.TC007_WF1_SN_Hourly - Module,workflow,conditions not matched 
17:38:40.779 [main] INFO  testCases.TC007_WF1_SN_Hourly - bCurrentWFStatus: false
17:38:40.779 [main] INFO  testCases.TC007_WF1_SN_Hourly - Current Workflow Row item: 3
17:38:40.841 [main] INFO  testCases.TC007_WF1_SN_Hourly - Current style of Worflow Status Element captured
17:38:40.841 [main] INFO  testCases.TC007_WF1_SN_Hourly - Workflow status: of row item: 3 false
17:38:40.897 [main] INFO  testCases.TC007_WF1_SN_Hourly - Actual Module Name:  CRMScheduleNotification
17:38:40.897 [main] INFO  testCases.TC007_WF1_SN_Hourly - Actual Workflow Name:  WF4_ScheduleNotify_SpecificDate
17:38:40.897 [main] INFO  testCases.TC007_WF1_SN_Hourly - Actual Exec Condition Name:  schedule
17:38:40.897 [main] INFO  testCases.TC007_WF1_SN_Hourly - Module,workflow,conditions not matched 
17:38:40.897 [main] INFO  testCases.TC007_WF1_SN_Hourly - bCurrentWFStatus: false
17:38:40.897 [main] INFO  testCases.TC007_WF1_SN_Hourly - Current Workflow Row item: 4
17:38:40.978 [main] INFO  testCases.TC007_WF1_SN_Hourly - Current style of Worflow Status Element captured
17:38:40.978 [main] INFO  testCases.TC007_WF1_SN_Hourly - Workflow status: of row item: 4 false
17:38:41.031 [main] INFO  testCases.TC007_WF1_SN_Hourly - Actual Module Name:  CRMScheduleNotification
17:38:41.031 [main] INFO  testCases.TC007_WF1_SN_Hourly - Actual Workflow Name:  WF3_ScheduleNotify_Weekly
17:38:41.031 [main] INFO  testCases.TC007_WF1_SN_Hourly - Actual Exec Condition Name:  schedule
17:38:41.031 [main] INFO  testCases.TC007_WF1_SN_Hourly - Module,workflow,conditions not matched 
17:38:41.031 [main] INFO  testCases.TC007_WF1_SN_Hourly - bCurrentWFStatus: false
17:38:41.031 [main] INFO  testCases.TC007_WF1_SN_Hourly - Current Workflow Row item: 5
17:38:41.096 [main] INFO  testCases.TC007_WF1_SN_Hourly - Current style of Worflow Status Element captured
17:38:41.096 [main] INFO  testCases.TC007_WF1_SN_Hourly - Workflow status: of row item: 5 false
17:38:41.162 [main] INFO  testCases.TC007_WF1_SN_Hourly - Actual Module Name:  CRMScheduleNotification
17:38:41.162 [main] INFO  testCases.TC007_WF1_SN_Hourly - Actual Workflow Name:  WF2_ScheduleNotify_Daily
17:38:41.162 [main] INFO  testCases.TC007_WF1_SN_Hourly - Actual Exec Condition Name:  schedule
17:38:41.162 [main] INFO  testCases.TC007_WF1_SN_Hourly - Module,workflow,conditions not matched 
17:38:41.162 [main] INFO  testCases.TC007_WF1_SN_Hourly - bCurrentWFStatus: false
17:38:41.162 [main] INFO  testCases.TC007_WF1_SN_Hourly - Current Workflow Row item: 6
17:38:41.231 [main] INFO  testCases.TC007_WF1_SN_Hourly - Current style of Worflow Status Element captured
17:38:41.231 [main] INFO  testCases.TC007_WF1_SN_Hourly - Workflow status: of row item: 6 true
17:38:41.279 [main] INFO  testCases.TC007_WF1_SN_Hourly - Actual Module Name:  CRMScheduleNotification
17:38:41.279 [main] INFO  testCases.TC007_WF1_SN_Hourly - Actual Workflow Name:  WF1_ScheduleNotify_Hourly
17:38:41.279 [main] INFO  testCases.TC007_WF1_SN_Hourly - Actual Exec Condition Name:  schedule
17:38:41.279 [main] INFO  testCases.TC007_WF1_SN_Hourly - Module,workflow,condition matches
17:38:41.279 [main] INFO  testCases.TC007_WF1_SN_Hourly - bCurrentWFStatus: true
17:38:41.279 [main] INFO  testCases.TC007_WF1_SN_Hourly - WF1_ScheduleNotify_HourlyWorkflow enabled
17:38:41.279 [main] INFO  testCases.TC007_WF1_SN_Hourly - WF1_ScheduleNotify_HourlyDisabled Workflow Manually Enabled
17:38:41.279 [main] INFO  testCases.TC007_WF1_SN_Hourly - true:6
17:38:46.345 [main] INFO  testCases.TC007_WF1_SN_Hourly - Work flow clicked
17:38:50.922 [main] INFO  testCases.TC007_WF1_SN_Hourly - Cliked Step 1 Next Button to Condition Page
17:38:54.119 [main] INFO  testCases.TC007_WF1_SN_Hourly - Cliked Step 2 Next Button to Task List Page
17:38:55.132 [main] INFO  testCases.TC007_WF1_SN_Hourly - Clicked Workflow and Navigated to Task Page
17:38:55.163 [main] INFO  testCases.TC007_WF1_SN_Hourly - Number of Tasks Listed for this Workflow: WF1_ScheduleNotify_Hourly : 1
17:38:55.195 [main] INFO  testCases.TC007_WF1_SN_Hourly - Is Task Active: 1 : true
17:38:55.411 [main] INFO  testCases.TC007_WF1_SN_Hourly - Retrieved Action Type:Send notification
17:38:55.411 [main] INFO  testCases.TC007_WF1_SN_Hourly - Retrieved Action Title:ScheduleNotificationHourly
17:38:55.411 [main] INFO  testCases.TC007_WF1_SN_Hourly - Action Type and Action Tile matches and also Task Button Enabled
17:38:57.915 [main] INFO  testCases.TC007_WF1_SN_Hourly - Clicked Workflow and Navigated to Task Page
17:38:57.915 [main] INFO  testCases.TC007_WF1_SN_Hourly - Task Active Send notification  ScheduleNotificationHourly
17:39:05.545 [main] INFO  testCases.TC007_WF1_SN_Hourly - //*[@id='vertical_header_list']/li[6]/ul
17:39:11.839 [main] INFO  testCases.TC007_WF1_SN_Hourly - [CRMScheduleNotification] is selected in List
17:39:16.566 [main] INFO  testCases.TC007_WF1_SN_Hourly - Excel file Utility instance created
17:39:16.790 [main] INFO  testCases.TC007_WF1_SN_Hourly - Row Count is: 1
17:39:16.965 [main] INFO  testCases.TC007_WF1_SN_Hourly - Col Count is: 52
17:39:16.965 [main] INFO  testCases.TC007_WF1_SN_Hourly - Extracting DataSheet Values started...
17:39:19.061 [main] INFO  testCases.TC007_WF1_SN_Hourly - Before Adding Module data
17:39:22.211 [main] INFO  testCases.TC007_WF1_SN_Hourly - Assinged To Drop Down clicked
17:39:27.599 [main] INFO  testCases.TC007_WF1_SN_Hourly - [Sudhakar VE] is selected in List
17:39:27.599 [main] INFO  testCases.TC007_WF1_SN_Hourly - Assinged To Value Seleted is::  Sudhakar VE
17:39:29.198 [main] INFO  testCases.TC007_WF1_SN_Hourly - Add New Text entered in  input
17:39:29.198 [main] INFO  testCases.TC007_WF1_SN_Hourly - Text Value added is::  Add New Text
17:39:30.396 [main] INFO  testCases.TC007_WF1_SN_Hourly - Phone NUmber prefix clicked :  
17:39:33.798 [main] INFO  testCases.TC007_WF1_SN_Hourly - [+65] is selected in List
17:39:33.798 [main] INFO  testCases.TC007_WF1_SN_Hourly - Phone NUmber selected is :  1194995717
17:39:35.562 [main] INFO  testCases.TC007_WF1_SN_Hourly - 1194995717 entered in  input
17:39:38.176 [main] INFO  testCases.TC007_WF1_SN_Hourly - AddNew@rsoft.in entered in  input
17:39:39.211 [main] INFO  testCases.TC007_WF1_SN_Hourly - Email Added is: AddNew@rsoft.in
17:39:40.361 [main] INFO  testCases.TC007_WF1_SN_Hourly - Picklist clicked
17:39:41.515 [main] INFO  testCases.TC007_WF1_SN_Hourly - Picklist selected: 1
17:40:49.465 [main] INFO  testCases.TC007_WF1_SN_Hourly - MultiCombo box values: two
17:40:50.693 [main] INFO  testCases.TC007_WF1_SN_Hourly - City Drop Down clicked
17:40:54.353 [main] INFO  testCases.TC007_WF1_SN_Hourly - [Kanchipuram] is selected in List
17:40:54.354 [main] INFO  testCases.TC007_WF1_SN_Hourly - City Selected: Kanchipuram
17:40:55.482 [main] INFO  testCases.TC007_WF1_SN_Hourly - State Drop Down clicked
17:40:59.651 [main] INFO  testCases.TC007_WF1_SN_Hourly - [Tamilnadu] is selected in List
17:40:59.651 [main] INFO  testCases.TC007_WF1_SN_Hourly - State Selected: Tamilnadu
17:41:00.846 [main] INFO  testCases.TC007_WF1_SN_Hourly - Country List clicked
17:41:04.215 [main] INFO  testCases.TC007_WF1_SN_Hourly - [India] is selected in List
17:41:04.216 [main] INFO  testCases.TC007_WF1_SN_Hourly - Country Selected: India
17:41:05.369 [main] INFO  testCases.TC007_WF1_SN_Hourly - Checkbox clicked
17:41:05.515 [main] INFO  testCases.TC007_WF1_SN_Hourly - DateBox clicked
17:41:08.525 [main] INFO  testCases.TC007_WF1_SN_Hourly - (//td[contains(@class,'today')])[1]
17:41:09.796 [main] INFO  testCases.TC007_WF1_SN_Hourly - Today Date Selected
17:41:10.998 [main] INFO  testCases.TC007_WF1_SN_Hourly - Time Clicked
17:41:17.642 [main] INFO  testCases.TC007_WF1_SN_Hourly - Time Selected is: 02:36 PM
17:41:18.882 [main] INFO  testCases.TC007_WF1_SN_Hourly - Date & Time Clicked
17:41:23.895 [main] INFO  testCases.TC007_WF1_SN_Hourly - (//td[contains(@class,'today')])[2]
17:41:27.060 [main] INFO  testCases.TC007_WF1_SN_Hourly - Clicked Current Date in Date&Time
17:41:27.359 [main] INFO  testCases.TC007_WF1_SN_Hourly - Date & Time Selected
17:41:29.635 [main] INFO  testCases.TC007_WF1_SN_Hourly - 444444444 entered in  input
17:42:24.498 [main] INFO  testCases.TC007_WF1_SN_Hourly - [Mrs.] is selected in List
17:42:25.978 [main] INFO  testCases.TC007_WF1_SN_Hourly - Steven entered in  input
17:42:27.615 [main] INFO  testCases.TC007_WF1_SN_Hourly - 11111111111 entered in  input
17:42:29.028 [main] INFO  testCases.TC007_WF1_SN_Hourly - 10,000 entered in  input
17:42:30.727 [main] INFO  testCases.TC007_WF1_SN_Hourly - http://www.google.com/ entered in  input
17:42:34.378 [main] INFO  testCases.TC007_WF1_SN_Hourly - [Dr.] is selected in List
17:42:35.929 [main] INFO  testCases.TC007_WF1_SN_Hourly - Annie entered in  input
17:42:37.713 [main] INFO  testCases.TC007_WF1_SN_Hourly - AddNewEnquiry@gmail.com entered in  input
17:42:39.411 [main] INFO  testCases.TC007_WF1_SN_Hourly - Enquiry about Chatbot entered in  input
17:42:46.971 [main] INFO  testCases.TC007_WF1_SN_Hourly - RSoft World-Class CRM Software (Customer Relationship Management) solution has been helping all kinds of small and medium businesses to organise, automate and improve their business. Our 15+ years of experience in Sales and Marketing. RSoft makes your business run transparently and intelligently which projects your brand image and win your customers satisfaction. RSoft is way ahead of other CRM's with its new generation features. entered in  textarea
17:42:50.124 [main] INFO  testCases.TC007_WF1_SN_Hourly - (//td[contains(@class,'today')])[2]
17:42:56.584 [main] INFO  testCases.TC007_WF1_SN_Hourly - [+60] is selected in List
17:42:59.313 [main] INFO  testCases.TC007_WF1_SN_Hourly - 8582253236 entered in  input
17:43:59.314 [main] INFO  testCases.TC007_WF1_SN_Hourly - [+91] is selected in List
17:44:02.059 [main] INFO  testCases.TC007_WF1_SN_Hourly - 6326494223 entered in  input
17:44:03.743 [main] INFO  testCases.TC007_WF1_SN_Hourly - AddNewLead@gmail.com entered in  input
17:44:05.342 [main] INFO  testCases.TC007_WF1_SN_Hourly - Lead about Chatbot entered in  input
17:44:10.028 [main] INFO  testCases.TC007_WF1_SN_Hourly - [+60] is selected in List
17:44:12.696 [main] INFO  testCases.TC007_WF1_SN_Hourly - 7441636102 entered in  input
17:44:14.478 [main] INFO  testCases.TC007_WF1_SN_Hourly - AddNewSales@gmail.com entered in  input
17:44:39.740 [main] INFO  testCases.TC007_WF1_SN_Hourly - testing entered in  input
17:44:40.174 [main] INFO  testCases.TC007_WF1_SN_Hourly - dCr2KGiHBrC2!@ entered in  input
17:45:04.294 [main] INFO  testCases.TC007_WF1_SN_Hourly - Exp EntityId:94476 Actual Entity Id:94443
17:45:04.326 [main] INFO  testCases.TC007_WF1_SN_Hourly - Exp EntityId:94476 Actual Entity Id:94444
17:45:04.373 [main] INFO  testCases.TC007_WF1_SN_Hourly - Exp EntityId:94476 Actual Entity Id:94446
17:45:04.404 [main] INFO  testCases.TC007_WF1_SN_Hourly - Exp EntityId:94476 Actual Entity Id:94447
17:45:04.435 [main] INFO  testCases.TC007_WF1_SN_Hourly - Exp EntityId:94476 Actual Entity Id:94448
17:45:04.451 [main] INFO  testCases.TC007_WF1_SN_Hourly - Exp EntityId:94476 Actual Entity Id:94462
17:45:04.482 [main] INFO  testCases.TC007_WF1_SN_Hourly - Exp EntityId:94476 Actual Entity Id:94462
17:45:04.514 [main] INFO  testCases.TC007_WF1_SN_Hourly - Exp EntityId:94476 Actual Entity Id:94462
17:45:04.545 [main] INFO  testCases.TC007_WF1_SN_Hourly - Exp EntityId:94476 Actual Entity Id:94463
