18:20:15.460 [main] INFO  testCases.TC001_WF1_Send_Notify_ETR_S - Actual Exec Condition Name:  Only on the first save
18:20:15.463 [main] INFO  testCases.TC001_WF1_Send_Notify_ETR_S - Module,workflow,conditions not matched 
18:20:15.463 [main] INFO  testCases.TC001_WF1_Send_Notify_ETR_S - bCurrentWFStatus: false
18:20:15.463 [main] INFO  testCases.TC001_WF1_Send_Notify_ETR_S - Current Workflow Row item: 2
18:20:15.502 [main] INFO  testCases.TC001_WF1_Send_Notify_ETR_S - Current style of Worflow Status Element captured
18:20:15.502 [main] INFO  testCases.TC001_WF1_Send_Notify_ETR_S - Workflow status: of row item: 2 false
18:20:15.538 [main] INFO  testCases.TC001_WF1_Send_Notify_ETR_S - Actual Module Name:  CRMEditFieldModule
18:20:15.540 [main] INFO  testCases.TC001_WF1_Send_Notify_ETR_S - Actual Workflow Name:  wf2
18:20:15.540 [main] INFO  testCases.TC001_WF1_Send_Notify_ETR_S - Actual Exec Condition Name:  Only on the first save
18:20:15.540 [main] INFO  testCases.TC001_WF1_Send_Notify_ETR_S - Module,workflow,conditions not matched 
18:20:15.540 [main] INFO  testCases.TC001_WF1_Send_Notify_ETR_S - bCurrentWFStatus: false
18:20:15.540 [main] INFO  testCases.TC001_WF1_Send_Notify_ETR_S - Current Workflow Row item: 3
18:20:15.575 [main] INFO  testCases.TC001_WF1_Send_Notify_ETR_S - Current style of Worflow Status Element captured
18:20:15.575 [main] INFO  testCases.TC001_WF1_Send_Notify_ETR_S - Workflow status: of row item: 3 false
18:20:15.600 [main] INFO  testCases.TC001_WF1_Send_Notify_ETR_S - Actual Module Name:  CRMEditFieldModule
18:20:15.601 [main] INFO  testCases.TC001_WF1_Send_Notify_ETR_S - Actual Workflow Name:  wfUpdateEntity
18:20:15.601 [main] INFO  testCases.TC001_WF1_Send_Notify_ETR_S - Actual Exec Condition Name:  Only on the first save
18:20:15.601 [main] INFO  testCases.TC001_WF1_Send_Notify_ETR_S - Module,workflow,conditions not matched 
18:20:15.601 [main] INFO  testCases.TC001_WF1_Send_Notify_ETR_S - bCurrentWFStatus: false
18:20:15.601 [main] INFO  testCases.TC001_WF1_Send_Notify_ETR_S - Current Workflow Row item: 4
18:20:15.639 [main] INFO  testCases.TC001_WF1_Send_Notify_ETR_S - Current style of Worflow Status Element captured
18:20:15.639 [main] INFO  testCases.TC001_WF1_Send_Notify_ETR_S - Workflow status: of row item: 4 false
18:20:15.666 [main] INFO  testCases.TC001_WF1_Send_Notify_ETR_S - Actual Module Name:  CRMEditFieldModule
18:20:15.666 [main] INFO  testCases.TC001_WF1_Send_Notify_ETR_S - Actual Workflow Name:  WF3CRMEditField
18:20:15.667 [main] INFO  testCases.TC001_WF1_Send_Notify_ETR_S - Actual Exec Condition Name:  Every time the record is modified
18:20:15.667 [main] INFO  testCases.TC001_WF1_Send_Notify_ETR_S - Module,workflow,conditions not matched 
18:20:15.667 [main] INFO  testCases.TC001_WF1_Send_Notify_ETR_S - bCurrentWFStatus: false
18:20:15.667 [main] INFO  testCases.TC001_WF1_Send_Notify_ETR_S - Current Workflow Row item: 5
18:20:15.700 [main] INFO  testCases.TC001_WF1_Send_Notify_ETR_S - Current style of Worflow Status Element captured
18:20:15.700 [main] INFO  testCases.TC001_WF1_Send_Notify_ETR_S - Workflow status: of row item: 5 false
18:20:15.723 [main] INFO  testCases.TC001_WF1_Send_Notify_ETR_S - Actual Module Name:  CRMEditFieldModule
18:20:15.723 [main] INFO  testCases.TC001_WF1_Send_Notify_ETR_S - Actual Workflow Name:  WF2CRMEditField
18:20:15.723 [main] INFO  testCases.TC001_WF1_Send_Notify_ETR_S - Actual Exec Condition Name:  Only on the first save
18:20:15.723 [main] INFO  testCases.TC001_WF1_Send_Notify_ETR_S - Module,workflow,conditions not matched 
18:20:15.723 [main] INFO  testCases.TC001_WF1_Send_Notify_ETR_S - bCurrentWFStatus: false
18:20:15.723 [main] INFO  testCases.TC001_WF1_Send_Notify_ETR_S - Current Workflow Row item: 6
18:20:15.755 [main] INFO  testCases.TC001_WF1_Send_Notify_ETR_S - Current style of Worflow Status Element captured
18:20:15.755 [main] INFO  testCases.TC001_WF1_Send_Notify_ETR_S - Workflow status: of row item: 6 true
18:20:15.778 [main] INFO  testCases.TC001_WF1_Send_Notify_ETR_S - Actual Module Name:  CRMEditFieldModule
18:20:15.778 [main] INFO  testCases.TC001_WF1_Send_Notify_ETR_S - Actual Workflow Name:  WF1CRMEditField
18:20:15.778 [main] INFO  testCases.TC001_WF1_Send_Notify_ETR_S - Actual Exec Condition Name:  Every time the record is save
18:20:15.778 [main] INFO  testCases.TC001_WF1_Send_Notify_ETR_S - Module,workflow,condition matches
18:20:15.778 [main] INFO  testCases.TC001_WF1_Send_Notify_ETR_S - bCurrentWFStatus: true
18:20:15.778 [main] INFO  testCases.TC001_WF1_Send_Notify_ETR_S - WF1CRMEditFieldWorkflow enabled
18:20:15.778 [main] INFO  utilities.UtilityCustomFunctions - WF1CRMEditFieldDisabled Workflow Manually Enabled
18:20:15.779 [main] INFO  testCases.TC001_WF1_Send_Notify_ETR_S - true:6
18:20:21.408 [main] INFO  testCases.TC001_WF1_Send_Notify_ETR_S - Work flow clicked
18:20:26.131 [main] INFO  testCases.TC001_WF1_Send_Notify_ETR_S - Cliked Step 1 Next Button to Condition Page
18:20:29.151 [main] INFO  testCases.TC001_WF1_Send_Notify_ETR_S - Cliked Step 2 Next Button to Task List Page
18:20:30.160 [main] INFO  testCases.TC001_WF1_Send_Notify_ETR_S - Clicked Workflow and Navigated to Task Page
18:20:30.206 [main] INFO  testCases.TC001_WF1_Send_Notify_ETR_S - Number of Tasks Listed for this Workflow: WF1CRMEditField : 2
18:20:30.247 [main] INFO  utilities.UtilityCustomFunctions - Is Task Active: 1 : true
18:20:30.366 [main] INFO  utilities.UtilityCustomFunctions - Retrieved Action Type:Send notification
18:20:30.366 [main] INFO  utilities.UtilityCustomFunctions - Retrieved Action Title:NewTriggerNotification
18:20:30.366 [main] INFO  utilities.UtilityCustomFunctions - Retrieved Expected Action Type:Send notification
18:20:30.367 [main] INFO  utilities.UtilityCustomFunctions - Retrieved Expected Action Title:NewTriggerNotification
18:20:30.367 [main] INFO  testCases.TC001_WF1_Send_Notify_ETR_S - Action Type and Action Tile matches and also Task Button Enabled
18:20:31.382 [main] INFO  utilities.UtilityCustomFunctions - Out of for loop:false
18:20:34.418 [main] INFO  testCases.TC001_WF1_Send_Notify_ETR_S - Clicked Workflow and Navigated to Task Page
18:20:34.418 [main] INFO  testCases.TC001_WF1_Send_Notify_ETR_S - Task Active Send notification  NewTriggerNotification
18:20:35.689 [main] INFO  utilities.UtilityCustomFunctions - User1NotifyCount:7
18:20:51.203 [main] INFO  utilities.UtilityCustomFunctions - current ulr:https://rdot.in/public/login
18:20:51.203 [main] INFO  utilities.UtilityCustomFunctions - app ulr:https://rdot.in/public/login
18:20:53.473 [main] INFO  utilities.UtilityCustomFunctions - PRIYAN entered in  input
18:20:54.770 [main] INFO  utilities.UtilityCustomFunctions - Jones entered in  input
18:20:56.115 [main] INFO  utilities.UtilityCustomFunctions - Automation@123 entered in  input
18:21:20.613 [main] INFO  utilities.UtilityCustomFunctions - PRIYAN entered in  input
18:21:21.900 [main] INFO  utilities.UtilityCustomFunctions - Madhan entered in  input
18:21:23.187 [main] INFO  utilities.UtilityCustomFunctions - Automation@123 entered in  input
18:21:48.044 [main] INFO  utilities.UtilityCustomFunctions - PRIYAN entered in  input
18:21:49.322 [main] INFO  utilities.UtilityCustomFunctions - rsoft entered in  input
18:21:50.562 [main] INFO  utilities.UtilityCustomFunctions - RSoft!@345 entered in  input
18:22:08.425 [main] INFO  testCases.TC001_WF1_Send_Notify_ETR_S - Excel file Utility instance created
18:22:08.462 [main] INFO  testCases.TC001_WF1_Send_Notify_ETR_S - Row Count is: 1
18:22:08.495 [main] INFO  testCases.TC001_WF1_Send_Notify_ETR_S - Col Count is: 52
18:22:08.495 [main] INFO  testCases.TC001_WF1_Send_Notify_ETR_S - Extracting DataSheet Values started...
18:22:10.640 [main] INFO  utilities.UtilityCustomFunctions - 9087654321 entered in  input
18:22:11.908 [main] INFO  utilities.UtilityCustomFunctions - 44444444444 entered in  input
18:22:14.279 [main] INFO  utilities.UtilityCustomFunctions - checker@afasdf.com entered in  input
18:22:15.519 [main] INFO  utilities.UtilityCustomFunctions - 4444444444 entered in  input
18:22:22.870 [main] INFO  testCases.TC001_WF1_Send_Notify_ETR_S - [Bad] is selected in List
18:22:39.833 [main] INFO  testCases.TC001_WF1_Send_Notify_ETR_S - Excel file Utility instance created
18:22:39.859 [main] INFO  testCases.TC001_WF1_Send_Notify_ETR_S - Row Count is: 1
18:22:39.881 [main] INFO  testCases.TC001_WF1_Send_Notify_ETR_S - Col Count is: 52
18:22:39.881 [main] INFO  testCases.TC001_WF1_Send_Notify_ETR_S - Extracting DataSheet Values started...
18:22:40.169 [main] INFO  utilities.UtilityCustomFunctions - Actual:CRMEditFieldModule
18:22:40.169 [main] INFO  utilities.UtilityCustomFunctions - Expected:CRMEditFieldModule
18:22:40.169 [main] INFO  utilities.UtilityCustomFunctions - Message:Module Name
18:22:41.552 [main] INFO  utilities.UtilityCustomFunctions - Actual:CRMEditFieldModule
18:22:41.552 [main] INFO  utilities.UtilityCustomFunctions - Expected:CRMEditFieldModule
18:22:41.552 [main] INFO  utilities.UtilityCustomFunctions - Message:Module Name
18:22:42.681 [main] INFO  utilities.UtilityCustomFunctions - Actual:+91 9087654321
18:22:42.681 [main] INFO  utilities.UtilityCustomFunctions - Expected:+91 9087654321
18:22:42.681 [main] INFO  utilities.UtilityCustomFunctions - Message:Phone Number
18:22:43.819 [main] INFO  utilities.UtilityCustomFunctions - Actual:checker@afasdf.com
18:22:43.819 [main] INFO  utilities.UtilityCustomFunctions - Expected:checker@afasdf.com
18:22:43.820 [main] INFO  utilities.UtilityCustomFunctions - Message:Email
18:22:44.926 [main] INFO  utilities.UtilityCustomFunctions - Actual:Bad
18:22:44.926 [main] INFO  utilities.UtilityCustomFunctions - Expected:Bad
18:22:44.926 [main] INFO  utilities.UtilityCustomFunctions - Message:Piclist Value
18:22:52.129 [main] INFO  utilities.UtilityCustomFunctions - Header Toggle Already ON
18:22:58.554 [main] INFO  utilities.UtilityCustomFunctions - Actual:+91 9087654321
18:22:58.554 [main] INFO  utilities.UtilityCustomFunctions - Expected:+91 9087654321
18:22:58.555 [main] INFO  utilities.UtilityCustomFunctions - Message:Summary Phone Number
18:22:59.709 [main] INFO  utilities.UtilityCustomFunctions - Actual:44444444444
18:22:59.710 [main] INFO  utilities.UtilityCustomFunctions - Expected:44444444444
18:22:59.710 [main] INFO  utilities.UtilityCustomFunctions - Message:Summary Number Field
18:23:00.839 [main] INFO  utilities.UtilityCustomFunctions - Actual:checker@afasdf.com
18:23:00.840 [main] INFO  utilities.UtilityCustomFunctions - Expected:checker@afasdf.com
18:23:00.840 [main] INFO  utilities.UtilityCustomFunctions - Message:Summary Email
18:23:01.969 [main] INFO  utilities.UtilityCustomFunctions - Actual:Bad
18:23:01.969 [main] INFO  utilities.UtilityCustomFunctions - Expected:Bad
18:23:01.969 [main] INFO  utilities.UtilityCustomFunctions - Message:Summary Picklist Item
18:23:03.106 [main] INFO  utilities.UtilityCustomFunctions - Actual:4444444444
18:23:03.107 [main] INFO  utilities.UtilityCustomFunctions - Expected:4444444444
18:23:03.107 [main] INFO  utilities.UtilityCustomFunctions - Message:Summary Enter Your Number
18:23:05.017 [main] INFO  utilities.UtilityCustomFunctions - Summary View Set ON
18:23:22.604 [main] INFO  utilities.UtilityCustomFunctions - Actual:Rsoft IT
18:23:22.604 [main] INFO  utilities.UtilityCustomFunctions - Expected:Rsoft IT
18:23:22.604 [main] INFO  utilities.UtilityCustomFunctions - Message:Detail View Assigned To
18:23:23.716 [main] INFO  utilities.UtilityCustomFunctions - Actual:+91 9087654321
18:23:23.716 [main] INFO  utilities.UtilityCustomFunctions - Expected:+91 9087654321
18:23:23.716 [main] INFO  utilities.UtilityCustomFunctions - Message:Detail View Phone Numer
18:23:24.843 [main] INFO  utilities.UtilityCustomFunctions - Actual:44444444444
18:23:24.843 [main] INFO  utilities.UtilityCustomFunctions - Expected:44444444444
18:23:24.844 [main] INFO  utilities.UtilityCustomFunctions - Message:Detail View Number Field
18:23:25.984 [main] INFO  utilities.UtilityCustomFunctions - Actual:checker@afasdf.com
18:23:25.984 [main] INFO  utilities.UtilityCustomFunctions - Expected:checker@afasdf.com
18:23:25.985 [main] INFO  utilities.UtilityCustomFunctions - Message:Detail View Email
18:23:27.120 [main] INFO  utilities.UtilityCustomFunctions - Actual:Bad
18:23:27.120 [main] INFO  utilities.UtilityCustomFunctions - Expected:Bad
18:23:27.120 [main] INFO  utilities.UtilityCustomFunctions - Message:Detail View Menu Item
18:23:28.266 [main] INFO  utilities.UtilityCustomFunctions - Actual:4444444444
18:23:28.266 [main] INFO  utilities.UtilityCustomFunctions - Expected:4444444444
18:23:28.266 [main] INFO  utilities.UtilityCustomFunctions - Message:Detail View Enter Your Number
18:23:34.811 [main] INFO  utilities.UtilityCustomFunctions - Actual:CRMEditFieldModule
18:23:34.811 [main] INFO  utilities.UtilityCustomFunctions - Expected:CRMEditFieldModule
18:23:34.811 [main] INFO  utilities.UtilityCustomFunctions - Message:Module Name Title
18:23:35.952 [main] INFO  utilities.UtilityCustomFunctions - Actual:+91 9087654321
18:23:35.952 [main] INFO  utilities.UtilityCustomFunctions - Expected:+91 9087654321
18:23:35.953 [main] INFO  utilities.UtilityCustomFunctions - Message:Phone Number Title
18:23:37.090 [main] INFO  utilities.UtilityCustomFunctions - Actual:checker@afasdf.com
18:23:37.090 [main] INFO  utilities.UtilityCustomFunctions - Expected:checker@afasdf.com
18:23:37.090 [main] INFO  utilities.UtilityCustomFunctions - Message:Email Title
18:23:38.202 [main] INFO  utilities.UtilityCustomFunctions - Actual:Bad
18:23:38.202 [main] INFO  utilities.UtilityCustomFunctions - Expected:Bad
18:23:38.202 [main] INFO  utilities.UtilityCustomFunctions - Message:Piclist Value Title
18:23:39.493 [main] INFO  testCases.TC001_WF1_Send_Notify_ETR_S - Notification Link Clicked
18:23:44.590 [main] INFO  testCases.TC001_WF1_Send_Notify_ETR_S - Notification detail view opened
18:23:55.659 [main] INFO  utilities.UtilityCustomFunctions - Header Toggle Already ON
18:25:29.390 [main] INFO  utilities.UtilityCustomFunctions - Actual:Rsoft IT
18:25:29.391 [main] INFO  utilities.UtilityCustomFunctions - Expected:null
18:25:29.391 [main] INFO  utilities.UtilityCustomFunctions - Message:Summary View Assigned To
18:25:29.391 [main] INFO  utilities.UtilityCustomFunctions - Actual:0
18:25:29.391 [main] INFO  utilities.UtilityCustomFunctions - Expected:+91
  9087654321
18:25:29.391 [main] INFO  utilities.UtilityCustomFunctions - Message:Summary View Status
18:25:32.300 [main] INFO  utilities.UtilityCustomFunctions - Actual:44444444444
18:25:32.300 [main] INFO  utilities.UtilityCustomFunctions - Expected:Welcome to Notification test automation for ETRS.
18:25:32.300 [main] INFO  utilities.UtilityCustomFunctions - Message:Summary View User
18:25:33.440 [main] INFO  utilities.UtilityCustomFunctions - Actual:checker@afasdf.com
18:25:33.441 [main] INFO  utilities.UtilityCustomFunctions - Expected:NewTriggerNotification
18:25:33.441 [main] INFO  utilities.UtilityCustomFunctions - Message:Summary View Action Title
18:34:02.689 [main] INFO  testCases.TC001_WF1_Send_Notify_ETR_S - ******starting WF1_EveryTime_Rec_Save ****
18:34:02.692 [main] INFO  testCases.TC001_WF1_Send_Notify_ETR_S - Test Execution on Browser: chrome
18:34:02.693 [main] INFO  testCases.TC001_WF1_Send_Notify_ETR_S - Excel file Utility instance created
18:34:03.224 [main] INFO  testCases.TC001_WF1_Send_Notify_ETR_S - Row Count is: 1
18:34:03.276 [main] INFO  testCases.TC001_WF1_Send_Notify_ETR_S - Col Count is: 52
18:34:03.276 [main] INFO  testCases.TC001_WF1_Send_Notify_ETR_S - Extracting DataSheet Values started...
18:34:11.843 [main] INFO  utilities.UtilityCustomFunctions - PRIYAN entered in  input
18:34:13.208 [main] INFO  utilities.UtilityCustomFunctions - rsoft entered in  input
18:34:14.519 [main] INFO  utilities.UtilityCustomFunctions - RSoft!@345 entered in  input
18:34:27.407 [main] INFO  testCases.TC001_WF1_Send_Notify_ETR_S - Clicked Avatar
18:34:30.283 [main] INFO  testCases.TC001_WF1_Send_Notify_ETR_S - Clicked Menu CRM Setting
18:34:30.463 [main] INFO  testCases.TC001_WF1_Send_Notify_ETR_S - Clicked Menu Other Setting
18:34:32.943 [main] INFO  testCases.TC001_WF1_Send_Notify_ETR_S - Clicked Menu Item Workflow
18:34:33.166 [main] INFO  testCases.TC001_WF1_Send_Notify_ETR_S - Clicked Workflow from Combox Box List
18:34:35.180 [main] INFO  testCases.TC001_WF1_Send_Notify_ETR_S - Item to be selected:  CRMEditFieldModule Workflow
18:34:41.054 [main] INFO  testCases.TC001_WF1_Send_Notify_ETR_S - [CRMEditFieldModule Workflow] is selected in List
18:34:41.055 [main] INFO  testCases.TC001_WF1_Send_Notify_ETR_S - Item selected in combox Box  CRMEditFieldModule Workflow
18:34:42.065 [main] INFO  testCases.TC001_WF1_Send_Notify_ETR_S - Selected Module to View its Workflows
18:34:42.111 [main] INFO  testCases.TC001_WF1_Send_Notify_ETR_S - Current Workflow Row item: 1
18:34:42.165 [main] INFO  testCases.TC001_WF1_Send_Notify_ETR_S - Current style of Worflow Status Element captured
18:34:42.165 [main] INFO  testCases.TC001_WF1_Send_Notify_ETR_S - Workflow status: of row item: 1 false
18:34:42.197 [main] INFO  testCases.TC001_WF1_Send_Notify_ETR_S - Actual Module Name:  CRMEditFieldModule
18:34:42.197 [main] INFO  testCases.TC001_WF1_Send_Notify_ETR_S - Actual Workflow Name:  wfcreateentity
18:34:42.197 [main] INFO  testCases.TC001_WF1_Send_Notify_ETR_S - Actual Exec Condition Name:  Only on the first save
18:34:42.197 [main] INFO  testCases.TC001_WF1_Send_Notify_ETR_S - Module,workflow,conditions not matched 
18:34:42.197 [main] INFO  testCases.TC001_WF1_Send_Notify_ETR_S - bCurrentWFStatus: false
18:34:42.198 [main] INFO  testCases.TC001_WF1_Send_Notify_ETR_S - Current Workflow Row item: 2
18:34:42.254 [main] INFO  testCases.TC001_WF1_Send_Notify_ETR_S - Current style of Worflow Status Element captured
18:34:42.254 [main] INFO  testCases.TC001_WF1_Send_Notify_ETR_S - Workflow status: of row item: 2 false
18:34:42.283 [main] INFO  testCases.TC001_WF1_Send_Notify_ETR_S - Actual Module Name:  CRMEditFieldModule
18:34:42.283 [main] INFO  testCases.TC001_WF1_Send_Notify_ETR_S - Actual Workflow Name:  wf2
18:34:42.283 [main] INFO  testCases.TC001_WF1_Send_Notify_ETR_S - Actual Exec Condition Name:  Only on the first save
18:34:42.283 [main] INFO  testCases.TC001_WF1_Send_Notify_ETR_S - Module,workflow,conditions not matched 
18:34:42.283 [main] INFO  testCases.TC001_WF1_Send_Notify_ETR_S - bCurrentWFStatus: false
18:34:42.283 [main] INFO  testCases.TC001_WF1_Send_Notify_ETR_S - Current Workflow Row item: 3
18:34:42.322 [main] INFO  testCases.TC001_WF1_Send_Notify_ETR_S - Current style of Worflow Status Element captured
18:34:42.322 [main] INFO  testCases.TC001_WF1_Send_Notify_ETR_S - Workflow status: of row item: 3 false
18:34:42.351 [main] INFO  testCases.TC001_WF1_Send_Notify_ETR_S - Actual Module Name:  CRMEditFieldModule
18:34:42.351 [main] INFO  testCases.TC001_WF1_Send_Notify_ETR_S - Actual Workflow Name:  wfUpdateEntity
18:34:42.351 [main] INFO  testCases.TC001_WF1_Send_Notify_ETR_S - Actual Exec Condition Name:  Only on the first save
18:34:42.352 [main] INFO  testCases.TC001_WF1_Send_Notify_ETR_S - Module,workflow,conditions not matched 
18:34:42.352 [main] INFO  testCases.TC001_WF1_Send_Notify_ETR_S - bCurrentWFStatus: false
18:34:42.352 [main] INFO  testCases.TC001_WF1_Send_Notify_ETR_S - Current Workflow Row item: 4
18:34:42.392 [main] INFO  testCases.TC001_WF1_Send_Notify_ETR_S - Current style of Worflow Status Element captured
18:34:42.392 [main] INFO  testCases.TC001_WF1_Send_Notify_ETR_S - Workflow status: of row item: 4 false
18:34:42.422 [main] INFO  testCases.TC001_WF1_Send_Notify_ETR_S - Actual Module Name:  CRMEditFieldModule
18:34:42.422 [main] INFO  testCases.TC001_WF1_Send_Notify_ETR_S - Actual Workflow Name:  WF3CRMEditField
18:34:42.422 [main] INFO  testCases.TC001_WF1_Send_Notify_ETR_S - Actual Exec Condition Name:  Every time the record is modified
18:34:42.422 [main] INFO  testCases.TC001_WF1_Send_Notify_ETR_S - Module,workflow,conditions not matched 
18:34:42.422 [main] INFO  testCases.TC001_WF1_Send_Notify_ETR_S - bCurrentWFStatus: false
18:34:42.422 [main] INFO  testCases.TC001_WF1_Send_Notify_ETR_S - Current Workflow Row item: 5
18:34:42.470 [main] INFO  testCases.TC001_WF1_Send_Notify_ETR_S - Current style of Worflow Status Element captured
18:34:42.470 [main] INFO  testCases.TC001_WF1_Send_Notify_ETR_S - Workflow status: of row item: 5 false
18:34:42.499 [main] INFO  testCases.TC001_WF1_Send_Notify_ETR_S - Actual Module Name:  CRMEditFieldModule
18:34:42.499 [main] INFO  testCases.TC001_WF1_Send_Notify_ETR_S - Actual Workflow Name:  WF2CRMEditField
18:34:42.499 [main] INFO  testCases.TC001_WF1_Send_Notify_ETR_S - Actual Exec Condition Name:  Only on the first save
18:34:42.499 [main] INFO  testCases.TC001_WF1_Send_Notify_ETR_S - Module,workflow,conditions not matched 
18:34:42.500 [main] INFO  testCases.TC001_WF1_Send_Notify_ETR_S - bCurrentWFStatus: false
18:34:42.500 [main] INFO  testCases.TC001_WF1_Send_Notify_ETR_S - Current Workflow Row item: 6
18:34:42.534 [main] INFO  testCases.TC001_WF1_Send_Notify_ETR_S - Current style of Worflow Status Element captured
18:34:42.534 [main] INFO  testCases.TC001_WF1_Send_Notify_ETR_S - Workflow status: of row item: 6 true
18:34:42.558 [main] INFO  testCases.TC001_WF1_Send_Notify_ETR_S - Actual Module Name:  CRMEditFieldModule
18:34:42.558 [main] INFO  testCases.TC001_WF1_Send_Notify_ETR_S - Actual Workflow Name:  WF1CRMEditField
18:34:42.558 [main] INFO  testCases.TC001_WF1_Send_Notify_ETR_S - Actual Exec Condition Name:  Every time the record is save
18:34:42.558 [main] INFO  testCases.TC001_WF1_Send_Notify_ETR_S - Module,workflow,condition matches
18:34:42.558 [main] INFO  testCases.TC001_WF1_Send_Notify_ETR_S - bCurrentWFStatus: true
18:34:42.558 [main] INFO  testCases.TC001_WF1_Send_Notify_ETR_S - WF1CRMEditFieldWorkflow enabled
18:34:42.558 [main] INFO  utilities.UtilityCustomFunctions - WF1CRMEditFieldDisabled Workflow Manually Enabled
18:34:42.558 [main] INFO  testCases.TC001_WF1_Send_Notify_ETR_S - true:6
18:34:47.787 [main] INFO  testCases.TC001_WF1_Send_Notify_ETR_S - Work flow clicked
18:34:52.249 [main] INFO  testCases.TC001_WF1_Send_Notify_ETR_S - Cliked Step 1 Next Button to Condition Page
18:34:55.001 [main] INFO  testCases.TC001_WF1_Send_Notify_ETR_S - Cliked Step 2 Next Button to Task List Page
18:34:56.011 [main] INFO  testCases.TC001_WF1_Send_Notify_ETR_S - Clicked Workflow and Navigated to Task Page
18:34:56.028 [main] INFO  testCases.TC001_WF1_Send_Notify_ETR_S - Number of Tasks Listed for this Workflow: WF1CRMEditField : 2
18:34:56.054 [main] INFO  utilities.UtilityCustomFunctions - Is Task Active: 1 : true
18:34:56.153 [main] INFO  utilities.UtilityCustomFunctions - Retrieved Action Type:Send notification
18:34:56.153 [main] INFO  utilities.UtilityCustomFunctions - Retrieved Action Title:NewTriggerNotification
18:34:56.153 [main] INFO  utilities.UtilityCustomFunctions - Retrieved Expected Action Type:Send notification
18:34:56.153 [main] INFO  utilities.UtilityCustomFunctions - Retrieved Expected Action Title:NewTriggerNotification
18:34:56.153 [main] INFO  testCases.TC001_WF1_Send_Notify_ETR_S - Action Type and Action Tile matches and also Task Button Enabled
18:34:57.160 [main] INFO  utilities.UtilityCustomFunctions - Out of for loop:false
18:35:00.114 [main] INFO  testCases.TC001_WF1_Send_Notify_ETR_S - Clicked Workflow and Navigated to Task Page
18:35:00.115 [main] INFO  testCases.TC001_WF1_Send_Notify_ETR_S - Task Active Send notification  NewTriggerNotification
18:35:01.381 [main] INFO  utilities.UtilityCustomFunctions - User1NotifyCount:8
18:35:16.874 [main] INFO  utilities.UtilityCustomFunctions - current ulr:https://rdot.in/public/login
18:35:16.874 [main] INFO  utilities.UtilityCustomFunctions - app ulr:https://rdot.in/public/login
18:35:19.095 [main] INFO  utilities.UtilityCustomFunctions - PRIYAN entered in  input
18:35:20.412 [main] INFO  utilities.UtilityCustomFunctions - Jones entered in  input
18:35:21.693 [main] INFO  utilities.UtilityCustomFunctions - Automation@123 entered in  input
18:35:46.101 [main] INFO  utilities.UtilityCustomFunctions - PRIYAN entered in  input
18:35:47.351 [main] INFO  utilities.UtilityCustomFunctions - Madhan entered in  input
18:35:48.605 [main] INFO  utilities.UtilityCustomFunctions - Automation@123 entered in  input
18:36:12.751 [main] INFO  utilities.UtilityCustomFunctions - PRIYAN entered in  input
18:36:14.037 [main] INFO  utilities.UtilityCustomFunctions - rsoft entered in  input
18:36:15.268 [main] INFO  utilities.UtilityCustomFunctions - RSoft!@345 entered in  input
18:36:32.295 [main] INFO  testCases.TC001_WF1_Send_Notify_ETR_S - Excel file Utility instance created
18:36:32.329 [main] INFO  testCases.TC001_WF1_Send_Notify_ETR_S - Row Count is: 1
18:36:32.361 [main] INFO  testCases.TC001_WF1_Send_Notify_ETR_S - Col Count is: 52
18:36:32.362 [main] INFO  testCases.TC001_WF1_Send_Notify_ETR_S - Extracting DataSheet Values started...
18:36:34.353 [main] INFO  utilities.UtilityCustomFunctions - 9087654321 entered in  input
18:36:35.681 [main] INFO  utilities.UtilityCustomFunctions - 44444444444 entered in  input
18:36:38.092 [main] INFO  utilities.UtilityCustomFunctions - checker@afasdf.com entered in  input
18:36:39.326 [main] INFO  utilities.UtilityCustomFunctions - 4444444444 entered in  input
18:36:46.716 [main] INFO  testCases.TC001_WF1_Send_Notify_ETR_S - [Bad] is selected in List
18:37:05.823 [main] INFO  testCases.TC001_WF1_Send_Notify_ETR_S - Excel file Utility instance created
18:37:05.840 [main] INFO  testCases.TC001_WF1_Send_Notify_ETR_S - Row Count is: 1
18:37:05.857 [main] INFO  testCases.TC001_WF1_Send_Notify_ETR_S - Col Count is: 52
18:37:05.857 [main] INFO  testCases.TC001_WF1_Send_Notify_ETR_S - Extracting DataSheet Values started...
18:37:06.220 [main] INFO  utilities.UtilityCustomFunctions - Actual:CRMEditFieldModule
18:37:06.220 [main] INFO  utilities.UtilityCustomFunctions - Expected:CRMEditFieldModule
18:37:06.220 [main] INFO  utilities.UtilityCustomFunctions - Message:Module Name
18:37:07.541 [main] INFO  utilities.UtilityCustomFunctions - Actual:CRMEditFieldModule
18:37:07.541 [main] INFO  utilities.UtilityCustomFunctions - Expected:CRMEditFieldModule
18:37:07.541 [main] INFO  utilities.UtilityCustomFunctions - Message:Module Name
18:37:08.668 [main] INFO  utilities.UtilityCustomFunctions - Actual:+91 9087654321
18:37:08.668 [main] INFO  utilities.UtilityCustomFunctions - Expected:+91 9087654321
18:37:08.668 [main] INFO  utilities.UtilityCustomFunctions - Message:Phone Number
18:37:09.777 [main] INFO  utilities.UtilityCustomFunctions - Actual:checker@afasdf.com
18:37:09.777 [main] INFO  utilities.UtilityCustomFunctions - Expected:checker@afasdf.com
18:37:09.777 [main] INFO  utilities.UtilityCustomFunctions - Message:Email
18:37:10.889 [main] INFO  utilities.UtilityCustomFunctions - Actual:Bad
18:37:10.889 [main] INFO  utilities.UtilityCustomFunctions - Expected:Bad
18:37:10.889 [main] INFO  utilities.UtilityCustomFunctions - Message:Piclist Value
18:37:18.035 [main] INFO  utilities.UtilityCustomFunctions - Header Toggle Already ON
18:37:18.054 [main] INFO  utilities.UtilityCustomFunctions - Summary View Already OFF
18:37:22.608 [main] INFO  utilities.UtilityCustomFunctions - Actual:+91 9087654321
18:37:22.608 [main] INFO  utilities.UtilityCustomFunctions - Expected:+91 9087654321
18:37:22.608 [main] INFO  utilities.UtilityCustomFunctions - Message:Summary Phone Number
18:37:23.732 [main] INFO  utilities.UtilityCustomFunctions - Actual:44444444444
18:37:23.732 [main] INFO  utilities.UtilityCustomFunctions - Expected:44444444444
18:37:23.732 [main] INFO  utilities.UtilityCustomFunctions - Message:Summary Number Field
18:37:24.889 [main] INFO  utilities.UtilityCustomFunctions - Actual:checker@afasdf.com
18:37:24.889 [main] INFO  utilities.UtilityCustomFunctions - Expected:checker@afasdf.com
18:37:24.890 [main] INFO  utilities.UtilityCustomFunctions - Message:Summary Email
18:37:26.003 [main] INFO  utilities.UtilityCustomFunctions - Actual:Bad
18:37:26.003 [main] INFO  utilities.UtilityCustomFunctions - Expected:Bad
18:37:26.003 [main] INFO  utilities.UtilityCustomFunctions - Message:Summary Picklist Item
18:37:27.110 [main] INFO  utilities.UtilityCustomFunctions - Actual:4444444444
18:37:27.110 [main] INFO  utilities.UtilityCustomFunctions - Expected:4444444444
18:37:27.110 [main] INFO  utilities.UtilityCustomFunctions - Message:Summary Enter Your Number
18:37:28.971 [main] INFO  utilities.UtilityCustomFunctions - Summary View Set ON
18:37:46.547 [main] INFO  utilities.UtilityCustomFunctions - Actual:Rsoft IT
18:37:46.547 [main] INFO  utilities.UtilityCustomFunctions - Expected:Rsoft IT
18:37:46.547 [main] INFO  utilities.UtilityCustomFunctions - Message:Detail View Assigned To
18:37:47.672 [main] INFO  utilities.UtilityCustomFunctions - Actual:+91 9087654321
18:37:47.672 [main] INFO  utilities.UtilityCustomFunctions - Expected:+91 9087654321
18:37:47.672 [main] INFO  utilities.UtilityCustomFunctions - Message:Detail View Phone Numer
18:37:48.788 [main] INFO  utilities.UtilityCustomFunctions - Actual:44444444444
18:37:48.788 [main] INFO  utilities.UtilityCustomFunctions - Expected:44444444444
18:37:48.789 [main] INFO  utilities.UtilityCustomFunctions - Message:Detail View Number Field
18:37:49.913 [main] INFO  utilities.UtilityCustomFunctions - Actual:checker@afasdf.com
18:37:49.913 [main] INFO  utilities.UtilityCustomFunctions - Expected:checker@afasdf.com
18:37:49.913 [main] INFO  utilities.UtilityCustomFunctions - Message:Detail View Email
18:37:51.037 [main] INFO  utilities.UtilityCustomFunctions - Actual:Bad
18:37:51.037 [main] INFO  utilities.UtilityCustomFunctions - Expected:Bad
18:37:51.037 [main] INFO  utilities.UtilityCustomFunctions - Message:Detail View Menu Item
18:37:52.156 [main] INFO  utilities.UtilityCustomFunctions - Actual:4444444444
18:37:52.156 [main] INFO  utilities.UtilityCustomFunctions - Expected:4444444444
18:37:52.156 [main] INFO  utilities.UtilityCustomFunctions - Message:Detail View Enter Your Number
18:37:58.682 [main] INFO  utilities.UtilityCustomFunctions - Actual:CRMEditFieldModule
18:37:58.682 [main] INFO  utilities.UtilityCustomFunctions - Expected:CRMEditFieldModule
18:37:58.682 [main] INFO  utilities.UtilityCustomFunctions - Message:Module Name Title
18:37:59.812 [main] INFO  utilities.UtilityCustomFunctions - Actual:+91 9087654321
18:37:59.812 [main] INFO  utilities.UtilityCustomFunctions - Expected:+91 9087654321
18:37:59.812 [main] INFO  utilities.UtilityCustomFunctions - Message:Phone Number Title
18:38:00.932 [main] INFO  utilities.UtilityCustomFunctions - Actual:checker@afasdf.com
18:38:00.932 [main] INFO  utilities.UtilityCustomFunctions - Expected:checker@afasdf.com
18:38:00.932 [main] INFO  utilities.UtilityCustomFunctions - Message:Email Title
18:38:02.055 [main] INFO  utilities.UtilityCustomFunctions - Actual:Bad
18:38:02.055 [main] INFO  utilities.UtilityCustomFunctions - Expected:Bad
18:38:02.055 [main] INFO  utilities.UtilityCustomFunctions - Message:Piclist Value Title
18:38:08.275 [main] INFO  testCases.TC001_WF1_Send_Notify_ETR_S - Notification detail view opened
18:38:19.322 [main] INFO  utilities.UtilityCustomFunctions - Header Toggle Already ON
18:58:15.908 [main] INFO  testCases.TC001_WF1_Send_Notify_ETR_S - ******starting WF1_EveryTime_Rec_Save ****
18:58:15.912 [main] INFO  testCases.TC001_WF1_Send_Notify_ETR_S - Test Execution on Browser: chrome
18:58:15.914 [main] INFO  testCases.TC001_WF1_Send_Notify_ETR_S - Excel file Utility instance created
18:58:16.440 [main] INFO  testCases.TC001_WF1_Send_Notify_ETR_S - Row Count is: 1
18:58:16.499 [main] INFO  testCases.TC001_WF1_Send_Notify_ETR_S - Col Count is: 52
18:58:16.499 [main] INFO  testCases.TC001_WF1_Send_Notify_ETR_S - Extracting DataSheet Values started...
18:58:25.357 [main] INFO  utilities.UtilityCustomFunctions - PRIYAN entered in  input
18:58:26.649 [main] INFO  utilities.UtilityCustomFunctions - rsoft entered in  input
18:58:27.914 [main] INFO  utilities.UtilityCustomFunctions - RSoft!@345 entered in  input
18:58:37.527 [main] INFO  testCases.TC001_WF1_Send_Notify_ETR_S - Clicked Avatar
18:58:39.692 [main] INFO  testCases.TC001_WF1_Send_Notify_ETR_S - Clicked Menu CRM Setting
18:58:39.877 [main] INFO  testCases.TC001_WF1_Send_Notify_ETR_S - Clicked Menu Other Setting
18:58:42.204 [main] INFO  testCases.TC001_WF1_Send_Notify_ETR_S - Clicked Menu Item Workflow
18:58:42.415 [main] INFO  testCases.TC001_WF1_Send_Notify_ETR_S - Clicked Workflow from Combox Box List
18:58:44.429 [main] INFO  testCases.TC001_WF1_Send_Notify_ETR_S - Item to be selected:  CRMEditFieldModule Workflow
18:58:50.140 [main] INFO  testCases.TC001_WF1_Send_Notify_ETR_S - [CRMEditFieldModule Workflow] is selected in List
18:58:50.140 [main] INFO  testCases.TC001_WF1_Send_Notify_ETR_S - Item selected in combox Box  CRMEditFieldModule Workflow
18:58:51.142 [main] INFO  testCases.TC001_WF1_Send_Notify_ETR_S - Selected Module to View its Workflows
18:58:51.185 [main] INFO  testCases.TC001_WF1_Send_Notify_ETR_S - Current Workflow Row item: 1
18:58:51.236 [main] INFO  testCases.TC001_WF1_Send_Notify_ETR_S - Current style of Worflow Status Element captured
18:58:51.236 [main] INFO  testCases.TC001_WF1_Send_Notify_ETR_S - Workflow status: of row item: 1 false
18:58:51.266 [main] INFO  testCases.TC001_WF1_Send_Notify_ETR_S - Actual Module Name:  CRMEditFieldModule
18:58:51.266 [main] INFO  testCases.TC001_WF1_Send_Notify_ETR_S - Actual Workflow Name:  wfcreateentity
18:58:51.266 [main] INFO  testCases.TC001_WF1_Send_Notify_ETR_S - Actual Exec Condition Name:  Only on the first save
18:58:51.267 [main] INFO  testCases.TC001_WF1_Send_Notify_ETR_S - Module,workflow,conditions not matched 
18:58:51.267 [main] INFO  testCases.TC001_WF1_Send_Notify_ETR_S - bCurrentWFStatus: false
18:58:51.267 [main] INFO  testCases.TC001_WF1_Send_Notify_ETR_S - Current Workflow Row item: 2
18:58:51.310 [main] INFO  testCases.TC001_WF1_Send_Notify_ETR_S - Current style of Worflow Status Element captured
18:58:51.311 [main] INFO  testCases.TC001_WF1_Send_Notify_ETR_S - Workflow status: of row item: 2 false
18:58:51.356 [main] INFO  testCases.TC001_WF1_Send_Notify_ETR_S - Actual Module Name:  CRMEditFieldModule
18:58:51.356 [main] INFO  testCases.TC001_WF1_Send_Notify_ETR_S - Actual Workflow Name:  wf2
18:58:51.356 [main] INFO  testCases.TC001_WF1_Send_Notify_ETR_S - Actual Exec Condition Name:  Only on the first save
18:58:51.356 [main] INFO  testCases.TC001_WF1_Send_Notify_ETR_S - Module,workflow,conditions not matched 
18:58:51.356 [main] INFO  testCases.TC001_WF1_Send_Notify_ETR_S - bCurrentWFStatus: false
18:58:51.357 [main] INFO  testCases.TC001_WF1_Send_Notify_ETR_S - Current Workflow Row item: 3
18:58:51.396 [main] INFO  testCases.TC001_WF1_Send_Notify_ETR_S - Current style of Worflow Status Element captured
18:58:51.396 [main] INFO  testCases.TC001_WF1_Send_Notify_ETR_S - Workflow status: of row item: 3 false
18:58:51.425 [main] INFO  testCases.TC001_WF1_Send_Notify_ETR_S - Actual Module Name:  CRMEditFieldModule
18:58:51.425 [main] INFO  testCases.TC001_WF1_Send_Notify_ETR_S - Actual Workflow Name:  wfUpdateEntity
18:58:51.425 [main] INFO  testCases.TC001_WF1_Send_Notify_ETR_S - Actual Exec Condition Name:  Only on the first save
18:58:51.425 [main] INFO  testCases.TC001_WF1_Send_Notify_ETR_S - Module,workflow,conditions not matched 
18:58:51.425 [main] INFO  testCases.TC001_WF1_Send_Notify_ETR_S - bCurrentWFStatus: false
18:58:51.425 [main] INFO  testCases.TC001_WF1_Send_Notify_ETR_S - Current Workflow Row item: 4
18:58:51.462 [main] INFO  testCases.TC001_WF1_Send_Notify_ETR_S - Current style of Worflow Status Element captured
18:58:51.462 [main] INFO  testCases.TC001_WF1_Send_Notify_ETR_S - Workflow status: of row item: 4 false
18:58:51.490 [main] INFO  testCases.TC001_WF1_Send_Notify_ETR_S - Actual Module Name:  CRMEditFieldModule
18:58:51.490 [main] INFO  testCases.TC001_WF1_Send_Notify_ETR_S - Actual Workflow Name:  WF3CRMEditField
18:58:51.490 [main] INFO  testCases.TC001_WF1_Send_Notify_ETR_S - Actual Exec Condition Name:  Every time the record is modified
18:58:51.490 [main] INFO  testCases.TC001_WF1_Send_Notify_ETR_S - Module,workflow,conditions not matched 
18:58:51.490 [main] INFO  testCases.TC001_WF1_Send_Notify_ETR_S - bCurrentWFStatus: false
18:58:51.490 [main] INFO  testCases.TC001_WF1_Send_Notify_ETR_S - Current Workflow Row item: 5
18:58:51.526 [main] INFO  testCases.TC001_WF1_Send_Notify_ETR_S - Current style of Worflow Status Element captured
18:58:51.526 [main] INFO  testCases.TC001_WF1_Send_Notify_ETR_S - Workflow status: of row item: 5 false
18:58:51.550 [main] INFO  testCases.TC001_WF1_Send_Notify_ETR_S - Actual Module Name:  CRMEditFieldModule
18:58:51.550 [main] INFO  testCases.TC001_WF1_Send_Notify_ETR_S - Actual Workflow Name:  WF2CRMEditField
18:58:51.551 [main] INFO  testCases.TC001_WF1_Send_Notify_ETR_S - Actual Exec Condition Name:  Only on the first save
18:58:51.551 [main] INFO  testCases.TC001_WF1_Send_Notify_ETR_S - Module,workflow,conditions not matched 
18:58:51.551 [main] INFO  testCases.TC001_WF1_Send_Notify_ETR_S - bCurrentWFStatus: false
18:58:51.551 [main] INFO  testCases.TC001_WF1_Send_Notify_ETR_S - Current Workflow Row item: 6
18:58:51.589 [main] INFO  testCases.TC001_WF1_Send_Notify_ETR_S - Current style of Worflow Status Element captured
18:58:51.589 [main] INFO  testCases.TC001_WF1_Send_Notify_ETR_S - Workflow status: of row item: 6 true
18:58:51.617 [main] INFO  testCases.TC001_WF1_Send_Notify_ETR_S - Actual Module Name:  CRMEditFieldModule
18:58:51.618 [main] INFO  testCases.TC001_WF1_Send_Notify_ETR_S - Actual Workflow Name:  WF1CRMEditField
18:58:51.618 [main] INFO  testCases.TC001_WF1_Send_Notify_ETR_S - Actual Exec Condition Name:  Every time the record is save
18:58:51.618 [main] INFO  testCases.TC001_WF1_Send_Notify_ETR_S - Module,workflow,condition matches
18:58:51.618 [main] INFO  testCases.TC001_WF1_Send_Notify_ETR_S - bCurrentWFStatus: true
18:58:51.618 [main] INFO  testCases.TC001_WF1_Send_Notify_ETR_S - WF1CRMEditFieldWorkflow enabled
18:58:51.618 [main] INFO  utilities.UtilityCustomFunctions - WF1CRMEditFieldDisabled Workflow Manually Enabled
18:58:51.618 [main] INFO  testCases.TC001_WF1_Send_Notify_ETR_S - true:6
18:58:56.766 [main] INFO  testCases.TC001_WF1_Send_Notify_ETR_S - Work flow clicked
18:59:01.006 [main] INFO  testCases.TC001_WF1_Send_Notify_ETR_S - Cliked Step 1 Next Button to Condition Page
18:59:03.748 [main] INFO  testCases.TC001_WF1_Send_Notify_ETR_S - Cliked Step 2 Next Button to Task List Page
18:59:04.751 [main] INFO  testCases.TC001_WF1_Send_Notify_ETR_S - Clicked Workflow and Navigated to Task Page
18:59:04.764 [main] INFO  testCases.TC001_WF1_Send_Notify_ETR_S - Number of Tasks Listed for this Workflow: WF1CRMEditField : 2
18:59:04.785 [main] INFO  utilities.UtilityCustomFunctions - Is Task Active: 1 : true
18:59:04.884 [main] INFO  utilities.UtilityCustomFunctions - Retrieved Action Type:Send notification
18:59:04.884 [main] INFO  utilities.UtilityCustomFunctions - Retrieved Action Title:NewTriggerNotification
18:59:04.884 [main] INFO  utilities.UtilityCustomFunctions - Retrieved Expected Action Type:Send notification
18:59:04.884 [main] INFO  utilities.UtilityCustomFunctions - Retrieved Expected Action Title:NewTriggerNotification
18:59:04.884 [main] INFO  testCases.TC001_WF1_Send_Notify_ETR_S - Action Type and Action Tile matches and also Task Button Enabled
18:59:05.894 [main] INFO  utilities.UtilityCustomFunctions - Out of for loop:false
18:59:08.538 [main] INFO  testCases.TC001_WF1_Send_Notify_ETR_S - Clicked Workflow and Navigated to Task Page
18:59:08.538 [main] INFO  testCases.TC001_WF1_Send_Notify_ETR_S - Task Active Send notification  NewTriggerNotification
18:59:09.850 [main] INFO  utilities.UtilityCustomFunctions - User1NotifyCount:4
18:59:25.271 [main] INFO  utilities.UtilityCustomFunctions - current ulr:https://rdot.in/public/login
18:59:25.271 [main] INFO  utilities.UtilityCustomFunctions - app ulr:https://rdot.in/public/login
18:59:27.512 [main] INFO  utilities.UtilityCustomFunctions - PRIYAN entered in  input
18:59:28.767 [main] INFO  utilities.UtilityCustomFunctions - Jones entered in  input
18:59:30.050 [main] INFO  utilities.UtilityCustomFunctions - Automation@123 entered in  input
18:59:54.103 [main] INFO  utilities.UtilityCustomFunctions - PRIYAN entered in  input
18:59:55.342 [main] INFO  utilities.UtilityCustomFunctions - Madhan entered in  input
18:59:56.603 [main] INFO  utilities.UtilityCustomFunctions - Automation@123 entered in  input
19:00:21.216 [main] INFO  utilities.UtilityCustomFunctions - PRIYAN entered in  input
19:00:22.514 [main] INFO  utilities.UtilityCustomFunctions - rsoft entered in  input
19:00:23.767 [main] INFO  utilities.UtilityCustomFunctions - RSoft!@345 entered in  input
19:00:40.898 [main] INFO  testCases.TC001_WF1_Send_Notify_ETR_S - Excel file Utility instance created
19:00:40.933 [main] INFO  testCases.TC001_WF1_Send_Notify_ETR_S - Row Count is: 1
19:00:40.959 [main] INFO  testCases.TC001_WF1_Send_Notify_ETR_S - Col Count is: 52
19:00:40.959 [main] INFO  testCases.TC001_WF1_Send_Notify_ETR_S - Extracting DataSheet Values started...
19:00:42.992 [main] INFO  utilities.UtilityCustomFunctions - 9087654321 entered in  input
19:00:44.299 [main] INFO  utilities.UtilityCustomFunctions - 44444444444 entered in  input
19:00:46.673 [main] INFO  utilities.UtilityCustomFunctions - checker@afasdf.com entered in  input
19:00:47.928 [main] INFO  utilities.UtilityCustomFunctions - 4444444444 entered in  input
19:00:55.282 [main] INFO  testCases.TC001_WF1_Send_Notify_ETR_S - [Bad] is selected in List
19:01:15.016 [main] INFO  testCases.TC001_WF1_Send_Notify_ETR_S - Excel file Utility instance created
19:01:15.031 [main] INFO  testCases.TC001_WF1_Send_Notify_ETR_S - Row Count is: 1
19:01:15.047 [main] INFO  testCases.TC001_WF1_Send_Notify_ETR_S - Col Count is: 52
19:01:15.047 [main] INFO  testCases.TC001_WF1_Send_Notify_ETR_S - Extracting DataSheet Values started...
19:01:15.452 [main] INFO  utilities.UtilityCustomFunctions - Actual:CRMEditFieldModule
19:01:15.452 [main] INFO  utilities.UtilityCustomFunctions - Expected:CRMEditFieldModule
19:01:15.453 [main] INFO  utilities.UtilityCustomFunctions - Message:Module Name
19:01:16.813 [main] INFO  utilities.UtilityCustomFunctions - Actual:CRMEditFieldModule
19:01:16.813 [main] INFO  utilities.UtilityCustomFunctions - Expected:CRMEditFieldModule
19:01:16.813 [main] INFO  utilities.UtilityCustomFunctions - Message:Module Name
19:01:17.941 [main] INFO  utilities.UtilityCustomFunctions - Actual:+91 9087654321
19:01:17.941 [main] INFO  utilities.UtilityCustomFunctions - Expected:+91 9087654321
19:01:17.941 [main] INFO  utilities.UtilityCustomFunctions - Message:Phone Number
19:01:19.061 [main] INFO  utilities.UtilityCustomFunctions - Actual:checker@afasdf.com
19:01:19.062 [main] INFO  utilities.UtilityCustomFunctions - Expected:checker@afasdf.com
19:01:19.062 [main] INFO  utilities.UtilityCustomFunctions - Message:Email
19:01:20.188 [main] INFO  utilities.UtilityCustomFunctions - Actual:Bad
19:01:20.188 [main] INFO  utilities.UtilityCustomFunctions - Expected:Bad
19:01:20.188 [main] INFO  utilities.UtilityCustomFunctions - Message:Piclist Value
19:01:27.355 [main] INFO  utilities.UtilityCustomFunctions - Header Toggle Already ON
19:01:33.688 [main] INFO  utilities.UtilityCustomFunctions - Actual:+91 9087654321
19:01:33.688 [main] INFO  utilities.UtilityCustomFunctions - Expected:+91 9087654321
19:01:33.688 [main] INFO  utilities.UtilityCustomFunctions - Message:Summary Phone Number
19:01:34.814 [main] INFO  utilities.UtilityCustomFunctions - Actual:44444444444
19:01:34.814 [main] INFO  utilities.UtilityCustomFunctions - Expected:44444444444
19:01:34.814 [main] INFO  utilities.UtilityCustomFunctions - Message:Summary Number Field
19:01:35.942 [main] INFO  utilities.UtilityCustomFunctions - Actual:checker@afasdf.com
19:01:35.942 [main] INFO  utilities.UtilityCustomFunctions - Expected:checker@afasdf.com
19:01:35.942 [main] INFO  utilities.UtilityCustomFunctions - Message:Summary Email
19:01:37.065 [main] INFO  utilities.UtilityCustomFunctions - Actual:Bad
19:01:37.065 [main] INFO  utilities.UtilityCustomFunctions - Expected:Bad
19:01:37.065 [main] INFO  utilities.UtilityCustomFunctions - Message:Summary Picklist Item
19:01:38.186 [main] INFO  utilities.UtilityCustomFunctions - Actual:4444444444
19:01:38.186 [main] INFO  utilities.UtilityCustomFunctions - Expected:4444444444
19:01:38.186 [main] INFO  utilities.UtilityCustomFunctions - Message:Summary Enter Your Number
19:01:40.004 [main] INFO  utilities.UtilityCustomFunctions - Summary View Set ON
19:01:57.227 [main] INFO  utilities.UtilityCustomFunctions - Actual:Rsoft IT
19:01:57.228 [main] INFO  utilities.UtilityCustomFunctions - Expected:Rsoft IT
19:01:57.228 [main] INFO  utilities.UtilityCustomFunctions - Message:Detail View Assigned To
19:01:58.350 [main] INFO  utilities.UtilityCustomFunctions - Actual:+91 9087654321
19:01:58.350 [main] INFO  utilities.UtilityCustomFunctions - Expected:+91 9087654321
19:01:58.351 [main] INFO  utilities.UtilityCustomFunctions - Message:Detail View Phone Numer
19:01:59.480 [main] INFO  utilities.UtilityCustomFunctions - Actual:44444444444
19:01:59.480 [main] INFO  utilities.UtilityCustomFunctions - Expected:44444444444
19:01:59.480 [main] INFO  utilities.UtilityCustomFunctions - Message:Detail View Number Field
19:02:00.609 [main] INFO  utilities.UtilityCustomFunctions - Actual:checker@afasdf.com
19:02:00.610 [main] INFO  utilities.UtilityCustomFunctions - Expected:checker@afasdf.com
19:02:00.610 [main] INFO  utilities.UtilityCustomFunctions - Message:Detail View Email
19:02:01.712 [main] INFO  utilities.UtilityCustomFunctions - Actual:Bad
19:02:01.712 [main] INFO  utilities.UtilityCustomFunctions - Expected:Bad
19:02:01.712 [main] INFO  utilities.UtilityCustomFunctions - Message:Detail View Menu Item
19:02:02.830 [main] INFO  utilities.UtilityCustomFunctions - Actual:4444444444
19:02:02.831 [main] INFO  utilities.UtilityCustomFunctions - Expected:4444444444
19:02:02.831 [main] INFO  utilities.UtilityCustomFunctions - Message:Detail View Enter Your Number
19:02:09.366 [main] INFO  utilities.UtilityCustomFunctions - Actual:CRMEditFieldModule
19:02:09.366 [main] INFO  utilities.UtilityCustomFunctions - Expected:CRMEditFieldModule
19:02:09.366 [main] INFO  utilities.UtilityCustomFunctions - Message:Module Name Title
19:02:10.485 [main] INFO  utilities.UtilityCustomFunctions - Actual:+91 9087654321
19:02:10.485 [main] INFO  utilities.UtilityCustomFunctions - Expected:+91 9087654321
19:02:10.485 [main] INFO  utilities.UtilityCustomFunctions - Message:Phone Number Title
19:02:11.605 [main] INFO  utilities.UtilityCustomFunctions - Actual:checker@afasdf.com
19:02:11.605 [main] INFO  utilities.UtilityCustomFunctions - Expected:checker@afasdf.com
19:02:11.605 [main] INFO  utilities.UtilityCustomFunctions - Message:Email Title
19:02:12.733 [main] INFO  utilities.UtilityCustomFunctions - Actual:Bad
19:02:12.733 [main] INFO  utilities.UtilityCustomFunctions - Expected:Bad
19:02:12.733 [main] INFO  utilities.UtilityCustomFunctions - Message:Piclist Value Title
19:02:18.958 [main] INFO  testCases.TC001_WF1_Send_Notify_ETR_S - Notification detail view opened
19:02:25.403 [main] INFO  testCases.TC001_WF1_Send_Notify_ETR_S - Switched to New Window
19:02:31.473 [main] INFO  utilities.UtilityCustomFunctions - Header Toggle Already ON
19:02:34.527 [main] INFO  utilities.UtilityCustomFunctions - Actual:Rsoft IT
19:02:34.527 [main] INFO  utilities.UtilityCustomFunctions - Expected:Rsoft IT
19:02:34.527 [main] INFO  utilities.UtilityCustomFunctions - Message:Summary View Assigned To
19:02:35.647 [main] INFO  utilities.UtilityCustomFunctions - Actual:0
19:02:35.647 [main] INFO  utilities.UtilityCustomFunctions - Expected:0
19:02:35.647 [main] INFO  utilities.UtilityCustomFunctions - Message:Summary View Status
19:02:36.779 [main] INFO  utilities.UtilityCustomFunctions - Actual: Welcome to Notification test automation for ETRS. 
19:02:36.779 [main] INFO  utilities.UtilityCustomFunctions - Expected:Welcome to Notification test automation for ETRS.
19:02:36.779 [main] INFO  utilities.UtilityCustomFunctions - Message:Summary View User
19:02:37.906 [main] INFO  utilities.UtilityCustomFunctions - Actual:       NewTriggerNotification       
19:02:37.906 [main] INFO  utilities.UtilityCustomFunctions - Expected:NewTriggerNotification
19:02:37.906 [main] INFO  utilities.UtilityCustomFunctions - Message:Summary View Action Title
19:02:39.693 [main] INFO  utilities.UtilityCustomFunctions - Summary View Set ON
19:02:47.736 [main] INFO  utilities.UtilityCustomFunctions - Actual:Rsoft IT
19:02:47.736 [main] INFO  utilities.UtilityCustomFunctions - Expected:Rsoft IT
19:02:47.736 [main] INFO  utilities.UtilityCustomFunctions - Message:Detail View Assigned To
19:02:48.862 [main] INFO  utilities.UtilityCustomFunctions - Actual:0
19:02:48.862 [main] INFO  utilities.UtilityCustomFunctions - Expected:0
19:02:48.863 [main] INFO  utilities.UtilityCustomFunctions - Message:Detail View Status
19:02:49.979 [main] INFO  utilities.UtilityCustomFunctions - Actual: Welcome to Notification test automation for ETRS. 
