14:28:46.090 [main] INFO  testCases.TC017_CreateEntity_OOFS_MultiSuccessCase - Extracting DataSheet Values started...
14:28:46.739 [main] INFO  utilities.UtilityCustomFunctions - Before clicking last record to Validate
14:28:52.778 [main] INFO  utilities.UtilityCustomFunctions - Header Toggle Already ON
14:28:53.560 [main] INFO  utilities.UtilityCustomFunctions - Entity Module Name: CreateEntityTarget
14:28:53.560 [main] INFO  utilities.UtilityCustomFunctions - Actual: CreateEntityTarget Expected: CreateEntityTarget Module Name : CE Target Validation Summary Add
14:28:55.052 [main] INFO  utilities.UtilityCustomFunctions - Actual: Sudhakar VE Expected: Sudhakar VE Assigned To Title: CE Target Validation Summary Add
14:28:56.180 [main] INFO  utilities.UtilityCustomFunctions - Actual: +65 0231907562 Expected: +65 0231907562 Mobile Number Title : CE Target Validation Summary Add
14:28:57.298 [main] INFO  utilities.UtilityCustomFunctions - Actual: SummaryAddNew@rsoft.in Expected: SummaryAddNew@rsoft.in Email Title: CE Target Validation Summary Add
14:29:01.657 [main] INFO  utilities.UtilityCustomFunctions - Actual: Sudhakar VE Expected: Sudhakar VE Summary AssignedTo:  CE Target Validation Summary Add
14:29:02.817 [main] INFO  utilities.UtilityCustomFunctions - Actual: Summary Add Text Expected: Summary Add Text Summary Text:  CE Target Validation Summary Add
14:29:03.995 [main] INFO  utilities.UtilityCustomFunctions - Actual: +65 0231907562 Expected: +65 0231907562 Summary Mobile Number:  CE Target Validation Summary Add
14:29:05.159 [main] INFO  utilities.UtilityCustomFunctions - Actual: SummaryAddNew@rsoft.in Expected: SummaryAddNew@rsoft.in Summary Email :  CE Target Validation Summary Add
14:29:06.328 [main] INFO  utilities.UtilityCustomFunctions - Actual: 3 Expected: 3 Summary PicListValue :  CE Target Validation Summary Add
14:29:07.509 [main] INFO  utilities.UtilityCustomFunctions - Actual: one Expected: one Summary MuultiCombo Values :  CE Target Validation Summary Add
14:29:08.715 [main] INFO  utilities.UtilityCustomFunctions - Actual: Kanchipuram Expected: Kanchipuram Summary City:  CE Target Validation Summary Add
14:29:09.878 [main] INFO  utilities.UtilityCustomFunctions - Actual: Tamilnadu Expected: Tamilnadu Summary State:  CE Target Validation Summary Add
14:29:11.045 [main] INFO  utilities.UtilityCustomFunctions - Actual: India Expected: India Summary Country:  CE Target Validation Summary Add
14:29:12.200 [main] INFO  utilities.UtilityCustomFunctions - Actual: Yes Expected: Yes Summary CheckBox:  CE Target Validation Summary Add
14:29:13.374 [main] INFO  utilities.UtilityCustomFunctions - Expected Date from sheet:2024-04-04
14:29:13.374 [main] INFO  utilities.UtilityCustomFunctions - Actual: 2024-04-04 Expected: 2024-04-04 Summary Date:  CE Target Validation Summary Add
14:29:14.488 [main] INFO  utilities.UtilityCustomFunctions - Expected Time from sheet:02:35:55 PM
14:29:14.538 [main] INFO  utilities.UtilityCustomFunctions - Formatted Time from sheet:02:35:55 PM
14:29:14.538 [main] INFO  utilities.UtilityCustomFunctions - Actual: 02:35:55 PM Expected: 02:35:55 PM Summary Time:  CE Target Validation Summary Add
14:29:15.662 [main] INFO  utilities.UtilityCustomFunctions - Expected Date Time from sheet:2024-04-04 02:22:54 PM
14:29:15.710 [main] INFO  utilities.UtilityCustomFunctions - Formatted date & Time from sheet:2024-04-04 02:22:54 PM
14:29:15.710 [main] INFO  utilities.UtilityCustomFunctions - Actual: 2024-04-04 02:22:54 PM Expected: 2024-04-04 02:22:54 PM Summary Date & Time :  CE Target Validation Summary Add
14:29:16.981 [main] INFO  utilities.UtilityCustomFunctions - Actual: annie-spratt Expected: annie-spratt Summary File Upload :  CE Target Validation Summary Add
14:29:18.140 [main] INFO  utilities.UtilityCustomFunctions - Actual: Mrs. Steven Expected: Mrs. Steven Summary Name:  CE Target Validation Summary Add
14:29:19.305 [main] INFO  utilities.UtilityCustomFunctions - Actual: 11111111111 Expected: 11111111111 Summary Number:  CE Target Validation Summary Add
14:29:20.481 [main] INFO  utilities.UtilityCustomFunctions - Actual: 10000 Expected: 10000 Summary Currency:  CE Target Validation Summary Add
14:29:21.623 [main] INFO  utilities.UtilityCustomFunctions - Actual: http://www.google.com/ Expected: http://www.google.com/ Summary Url:  CE Target Validation Summary Add
14:29:22.817 [main] INFO  utilities.UtilityCustomFunctions - Actual: Dr. Annie Expected: Dr. Annie Summary Enquiry Name:  CE Target Validation Summary Add
14:29:23.994 [main] INFO  utilities.UtilityCustomFunctions - Actual: AddNewEnquiry@gmail.com Expected: AddNewEnquiry@gmail.com Summary Enquiry Email:  CE Target Validation Summary Add
14:29:25.166 [main] INFO  utilities.UtilityCustomFunctions - Actual: Summary Add Text
Enquiry about Chatbot Expected: Enquiry about Chatbot Summary Enquiry Text:  CE Target Validation Summary Add
14:29:26.333 [main] INFO  utilities.UtilityCustomFunctions - Actual: Summary Add Text
Enquiry about Chatbot
India's First Lead Management System with
"Auto Lead Call Distribution With Call Recording" Expected: India's First Lead Management System with
"Auto Lead Call Distribution With Call Recording" Summary Enquiry Text Area:  CE Target Validation Summary Add
14:29:27.459 [main] INFO  utilities.UtilityCustomFunctions - Expected enq Date:2024-04-04
14:29:27.506 [main] INFO  utilities.UtilityCustomFunctions - Formatted Enquiry Date from sheet:2024-04-04
14:29:27.506 [main] INFO  utilities.UtilityCustomFunctions - Actual: 2024-04-04 Expected: 2024-04-04 Summary Enquiry Date:  CE Target Validation Summary Add
14:29:28.683 [main] INFO  utilities.UtilityCustomFunctions - Actual: +60 9596754413 Expected: +60 9596754413 Summary Enquiry Phone Number:  CE Target Validation Summary Add
14:29:29.854 [main] INFO  utilities.UtilityCustomFunctions - Actual: Urgent Expected: Urgent Summary Enquiry Category:  CE Target Validation Summary Add
14:29:31.039 [main] INFO  utilities.UtilityCustomFunctions - Actual: +91 9501926441 Expected: +91 9501926441 Summary Lead PhoneNumber:  CE Target Validation Summary Add
14:29:32.204 [main] INFO  utilities.UtilityCustomFunctions - Actual: SummaryAddNewLead@gmail.com Expected: SummaryAddNewLead@gmail.com Summary Lead Email:  CE Target Validation Summary Add
14:29:33.377 [main] INFO  utilities.UtilityCustomFunctions - Actual: Summary Add Text
Enquiry about Chatbot
India's First Lead Management System with
"Auto Lead Call Distribution With Call Recording"
Lead about Chatbot Expected: Lead about Chatbot Summary Lead Text:  CE Target Validation Summary Add
14:29:34.555 [main] INFO  utilities.UtilityCustomFunctions - Actual: +60 0472103025 Expected: +60 0472103025 Summary Sales PhoneNumber:  CE Target Validation Summary Add
14:29:35.715 [main] INFO  utilities.UtilityCustomFunctions - Actual: SummaryAddNewSales@gmail.com Expected: SummaryAddNewSales@gmail.com Summary Sales Email:  CE Target Validation Summary Add
14:29:37.501 [main] INFO  utilities.UtilityCustomFunctions - Summary View Set ON
14:29:40.566 [main] INFO  utilities.UtilityCustomFunctions - Actual: Sudhakar VE Expected: Sudhakar VE Detail View AssignedTo:  CE Target Validation Summary Add
14:29:41.735 [main] INFO  utilities.UtilityCustomFunctions - Actual: Summary Add Text Expected: Summary Add Text Detail View Text:  CE Target Validation Summary Add
14:29:42.895 [main] INFO  utilities.UtilityCustomFunctions - sActDTMobileNumber +65
  0231907562
14:29:42.895 [main] INFO  utilities.UtilityCustomFunctions - Actual: +65 0231907562 Expected: +65 0231907562 Detail View Mobile Number:  CE Target Validation Summary Add
14:29:44.056 [main] INFO  utilities.UtilityCustomFunctions - Actual: SummaryAddNew@rsoft.in Expected: SummaryAddNew@rsoft.in Detail View Email :  CE Target Validation Summary Add
14:29:45.218 [main] INFO  utilities.UtilityCustomFunctions - Actual: 3 Expected: 3 Detail View PicListValue :  CE Target Validation Summary Add
14:29:46.384 [main] INFO  utilities.UtilityCustomFunctions - Actual: one Expected: one Detail View MuultiCombo Values :  CE Target Validation Summary Add
14:29:47.543 [main] INFO  utilities.UtilityCustomFunctions - Actual: Kanchipuram Expected: Kanchipuram Detail View City:  CE Target Validation Summary Add
14:29:48.713 [main] INFO  utilities.UtilityCustomFunctions - Actual: Tamilnadu Expected: Tamilnadu Detail View Stat:  CE Target Validation Summary Add
14:29:49.890 [main] INFO  utilities.UtilityCustomFunctions - Actual: India Expected: India Detail View Country:  CE Target Validation Summary Add
14:29:51.056 [main] INFO  utilities.UtilityCustomFunctions - Actual: Yes Expected: Yes Detail View CheckBox:  CE Target Validation Summary Add
14:29:52.223 [main] INFO  utilities.UtilityCustomFunctions - Actual: 2024-04-04 Expected: 2024-04-04 Detail View Date:  CE Target Validation Summary Add
14:29:53.389 [main] INFO  utilities.UtilityCustomFunctions - Actual: 02:35:55 PM Expected: 02:35:55 PM Detail View Time:  CE Target Validation Summary Add
14:29:54.550 [main] INFO  utilities.UtilityCustomFunctions - Actual: 2024-04-04 02:22:54 PM Expected: 2024-04-04 02:22:54 PM Detail View Date & Time :  CE Target Validation Summary Add
14:29:55.871 [main] INFO  utilities.UtilityCustomFunctions - Actual: annie-spratt Expected: annie-spratt Detail View File Upload :  CE Target Validation Summary Add
14:29:57.044 [main] INFO  utilities.UtilityCustomFunctions - Actual: Mrs. Steven Expected: Mrs. Steven Detail View Name:  CE Target Validation Summary Add
14:29:58.208 [main] INFO  utilities.UtilityCustomFunctions - Actual: 11111111111 Expected: 11111111111 Detail View Number:  CE Target Validation Summary Add
14:29:59.384 [main] INFO  utilities.UtilityCustomFunctions - Actual: 10000 Expected: 10000 Detail View Currency:  CE Target Validation Summary Add
14:30:00.504 [main] INFO  utilities.UtilityCustomFunctions - Actual: http://www.google.com/ Expected: http://www.google.com/ Detail View Url:  CE Target Validation Summary Add
14:30:07.783 [main] INFO  utilities.UtilityCustomFunctions - Actual: Dr. Annie Expected: Dr. Annie Detail View Enquiry Name:  CE Target Validation Summary Add
14:30:08.943 [main] INFO  utilities.UtilityCustomFunctions - Actual: AddNewEnquiry@gmail.com Expected: AddNewEnquiry@gmail.com Detail View Enquiry Email:  CE Target Validation Summary Add
14:30:10.105 [main] INFO  utilities.UtilityCustomFunctions - Actual: Summary Add Text
Enquiry about Chatbot Expected: Enquiry about Chatbot Detail View Enquiry Text:  CE Target Validation Summary Add
14:30:11.262 [main] INFO  utilities.UtilityCustomFunctions - Actual: Summary Add Text
Enquiry about Chatbot
India's First Lead Management System with
"Auto Lead Call Distribution With Call Recording" Expected: India's First Lead Management System with
"Auto Lead Call Distribution With Call Recording" Detail View Enquiry Text Area:  CE Target Validation Summary Add
14:30:12.424 [main] INFO  utilities.UtilityCustomFunctions - Actual: 2024-04-04 Expected: 2024-04-04 Detail View Enquiry Date:  CE Target Validation Summary Add
14:30:13.598 [main] INFO  utilities.UtilityCustomFunctions - Actual: +60 9596754413 Expected: +60 9596754413 Detail View Enquiry Phone Number:  CE Target Validation Summary Add
14:30:14.757 [main] INFO  utilities.UtilityCustomFunctions - Actual: Urgent Expected: Urgent Detail View Enquiry Category:  CE Target Validation Summary Add
14:30:22.065 [main] INFO  utilities.UtilityCustomFunctions - Actual: +91 9501926441 Expected: +91 9501926441 DT Lead Mobile Number:  CE Target Validation Summary Add
14:30:23.233 [main] INFO  utilities.UtilityCustomFunctions - Actual: SummaryAddNewLead@gmail.com Expected: SummaryAddNewLead@gmail.com DT View Lead Email  CE Target Validation Summary Add
14:30:24.402 [main] INFO  utilities.UtilityCustomFunctions - Actual: Summary Add Text
Enquiry about Chatbot
India's First Lead Management System with
"Auto Lead Call Distribution With Call Recording"
Lead about Chatbot Expected: Lead about Chatbot DT View Lead Text CE Target Validation Summary Add
14:30:25.578 [main] INFO  utilities.UtilityCustomFunctions - Actual: +60 0472103025 Expected: +60 0472103025 DT Sales Mobile Number:  CE Target Validation Summary Add
14:30:26.742 [main] INFO  utilities.UtilityCustomFunctions - Actual: SummaryAddNewSales@gmail.com Expected: SummaryAddNewSales@gmail.com DT View Sales EmailCE Target Validation Summary Add
14:30:50.535 [main] INFO  utilities.UtilityCustomFunctions - Header Toggle Already ON
14:30:55.448 [main] INFO  utilities.UtilityCustomFunctions - Actual: LeadMultiSuccess@gmail.com Expected: LeadMultiSuccess@gmail.com Lead_RelatedModule_SummPage@SummaryAdd-Multiple Success Case
14:30:57.110 [main] INFO  utilities.UtilityCustomFunctions - Summary View Set ON
14:31:00.171 [main] INFO  utilities.UtilityCustomFunctions - Actual: LeadMultiSuccess@gmail.com Expected: LeadMultiSuccess@gmail.com Lead_RelatedModule_DetailViewPage@SummaryAdd-Multiple Success Case
14:31:26.127 [main] INFO  utilities.UtilityCustomFunctions - Header Toggle Already ON
14:31:30.935 [main] INFO  utilities.UtilityCustomFunctions - Actual: Mr.
  EnquriyCheckName Expected: Mr. Mr.  Enquiry_RelatedModule_SummPage@SummaryAdd-Multiple Success Case
14:31:32.647 [main] INFO  utilities.UtilityCustomFunctions - Summary View Set ON
14:31:35.711 [main] INFO  utilities.UtilityCustomFunctions - Actual: Mr.
  EnquriyCheckName Expected: Mr. Mr.  Enquiry_RelatedModule_DetailViewPage@SummaryAdd-Multiple Success Case
14:31:55.651 [main] INFO  utilities.UtilityCustomFunctions - Header Toggle Already ON
14:32:00.433 [main] INFO  utilities.UtilityCustomFunctions - Actual: +91 7708674417 Expected: +91 7708674417 Opportunity_RelatedModule_SummPage@SummaryAdd-Multiple Success Case
14:32:02.132 [main] INFO  utilities.UtilityCustomFunctions - Summary View Set ON
14:32:05.178 [main] INFO  utilities.UtilityCustomFunctions - Actual: +91 7708674417 Expected: +91 7708674417 Opportunity_RelatedModule_DetailViewPage@SummaryAdd-Multiple Success Case
14:32:35.298 [main] INFO  utilities.UtilityCustomFunctions - Header Toggle Already ON
14:32:41.129 [main] INFO  testCases.TC017_CreateEntity_OOFS_MultiSuccessCase - Excel file Utility instance created
14:32:41.147 [main] INFO  testCases.TC017_CreateEntity_OOFS_MultiSuccessCase - Row Count is: 1
14:32:41.158 [main] INFO  testCases.TC017_CreateEntity_OOFS_MultiSuccessCase - Col Count is: 54
14:32:41.158 [main] INFO  testCases.TC017_CreateEntity_OOFS_MultiSuccessCase - Extracting DataSheet Values started...
14:32:41.715 [main] INFO  utilities.UtilityCustomFunctions - Before clicking last record to Validate
14:32:47.769 [main] INFO  utilities.UtilityCustomFunctions - Header Toggle Already ON
14:32:47.804 [main] INFO  utilities.UtilityCustomFunctions - Summary View Already OFF
14:32:47.885 [main] INFO  utilities.UtilityCustomFunctions - Entity Module Name: CreateEntityTarget
14:32:47.885 [main] INFO  utilities.UtilityCustomFunctions - Actual: CreateEntitySource Expected: CreateEntityTarget Module Name : CE Source @DuplicateRecord
14:32:49.182 [main] INFO  utilities.UtilityCustomFunctions - Actual: Sudhakar VE Expected: Sudhakar VE Assigned To Title: CE Source @DuplicateRecord
14:32:50.300 [main] INFO  utilities.UtilityCustomFunctions - Actual: +65 0231907562 Expected: +65 0231907562 Mobile Number Title : CE Source @DuplicateRecord
14:32:51.399 [main] INFO  utilities.UtilityCustomFunctions - Actual: SummaryAddNew@rsoft.in Expected: SummaryAddNew@rsoft.in Email Title: CE Source @DuplicateRecord
14:32:55.753 [main] INFO  utilities.UtilityCustomFunctions - Actual: Sudhakar VE Expected: Sudhakar VE Summary AssignedTo:  CE Source @DuplicateRecord
14:32:56.922 [main] INFO  utilities.UtilityCustomFunctions - Actual: Summary Add Text Expected: Summary Add Text Summary Text:  CE Source @DuplicateRecord
14:32:58.130 [main] INFO  utilities.UtilityCustomFunctions - Actual: +65 0231907562 Expected: +65 0231907562 Summary Mobile Number:  CE Source @DuplicateRecord
14:32:59.300 [main] INFO  utilities.UtilityCustomFunctions - Actual: SummaryAddNew@rsoft.in Expected: SummaryAddNew@rsoft.in Summary Email :  CE Source @DuplicateRecord
14:33:00.479 [main] INFO  utilities.UtilityCustomFunctions - Actual: 3 Expected: 3 Summary PicListValue :  CE Source @DuplicateRecord
14:33:01.648 [main] INFO  utilities.UtilityCustomFunctions - Actual: one Expected: one Summary MuultiCombo Values :  CE Source @DuplicateRecord
14:33:02.834 [main] INFO  utilities.UtilityCustomFunctions - Actual: Kanchipuram Expected: Kanchipuram Summary City:  CE Source @DuplicateRecord
14:33:04.001 [main] INFO  utilities.UtilityCustomFunctions - Actual: Tamilnadu Expected: Tamilnadu Summary State:  CE Source @DuplicateRecord
14:33:05.191 [main] INFO  utilities.UtilityCustomFunctions - Actual: India Expected: India Summary Country:  CE Source @DuplicateRecord
14:33:06.354 [main] INFO  utilities.UtilityCustomFunctions - Actual: Yes Expected: Yes Summary CheckBox:  CE Source @DuplicateRecord
14:33:07.528 [main] INFO  utilities.UtilityCustomFunctions - Expected Date from sheet:2024-04-04
14:33:07.529 [main] INFO  utilities.UtilityCustomFunctions - Actual: 2024-04-04 Expected: 2024-04-04 Summary Date:  CE Source @DuplicateRecord
14:33:08.636 [main] INFO  utilities.UtilityCustomFunctions - Expected Time from sheet:02:35:55 PM
14:33:08.684 [main] INFO  utilities.UtilityCustomFunctions - Formatted Time from sheet:02:35:55 PM
14:33:08.684 [main] INFO  utilities.UtilityCustomFunctions - Actual: 02:35:55 PM Expected: 02:35:55 PM Summary Time:  CE Source @DuplicateRecord
14:33:09.802 [main] INFO  utilities.UtilityCustomFunctions - Expected Date Time from sheet:2024-04-04 02:22:54 PM
14:33:09.850 [main] INFO  utilities.UtilityCustomFunctions - Formatted date & Time from sheet:2024-04-04 02:22:54 PM
14:33:09.850 [main] INFO  utilities.UtilityCustomFunctions - Actual: 2024-04-04 02:22:54 PM Expected: 2024-04-04 02:22:54 PM Summary Date & Time :  CE Source @DuplicateRecord
14:33:11.129 [main] INFO  utilities.UtilityCustomFunctions - Actual: annie-spratt Expected: annie-spratt Summary File Upload :  CE Source @DuplicateRecord
14:33:12.294 [main] INFO  utilities.UtilityCustomFunctions - Actual: Mrs. Steven Expected: Mrs. Steven Summary Name:  CE Source @DuplicateRecord
14:33:13.512 [main] INFO  utilities.UtilityCustomFunctions - Actual: 11111111111 Expected: 11111111111 Summary Number:  CE Source @DuplicateRecord
14:33:14.687 [main] INFO  utilities.UtilityCustomFunctions - Actual: 10000 Expected: 10000 Summary Currency:  CE Source @DuplicateRecord
14:33:15.831 [main] INFO  utilities.UtilityCustomFunctions - Actual: http://www.google.com/ Expected: http://www.google.com/ Summary Url:  CE Source @DuplicateRecord
14:33:16.998 [main] INFO  utilities.UtilityCustomFunctions - Actual: Dr. Annie Expected: Dr. Annie Summary Enquiry Name:  CE Source @DuplicateRecord
14:33:18.163 [main] INFO  utilities.UtilityCustomFunctions - Actual: AddNewEnquiry@gmail.com Expected: AddNewEnquiry@gmail.com Summary Enquiry Email:  CE Source @DuplicateRecord
14:33:19.325 [main] INFO  utilities.UtilityCustomFunctions - Actual: Enquiry about Chatbot Expected: Enquiry about Chatbot Summary Enquiry Text:  CE Source @DuplicateRecord
14:33:20.489 [main] INFO  utilities.UtilityCustomFunctions - Actual: India's First Lead Management System with
"Auto Lead Call Distribution With Call Recording" Expected: India's First Lead Management System with
"Auto Lead Call Distribution With Call Recording" Summary Enquiry Text Area:  CE Source @DuplicateRecord
14:33:21.615 [main] INFO  utilities.UtilityCustomFunctions - Expected enq Date:2024-04-04
14:33:21.665 [main] INFO  utilities.UtilityCustomFunctions - Formatted Enquiry Date from sheet:2024-04-04
14:33:21.665 [main] INFO  utilities.UtilityCustomFunctions - Actual: 2024-04-04 Expected: 2024-04-04 Summary Enquiry Date:  CE Source @DuplicateRecord
14:33:22.861 [main] INFO  utilities.UtilityCustomFunctions - Actual: +60 9596754413 Expected: +60 9596754413 Summary Enquiry Phone Number:  CE Source @DuplicateRecord
14:33:24.022 [main] INFO  utilities.UtilityCustomFunctions - Actual: Urgent Expected: Urgent Summary Enquiry Category:  CE Source @DuplicateRecord
14:33:25.193 [main] INFO  utilities.UtilityCustomFunctions - Actual: +91 9501926441 Expected: +91 9501926441 Summary Lead PhoneNumber:  CE Source @DuplicateRecord
14:33:26.380 [main] INFO  utilities.UtilityCustomFunctions - Actual: SummaryAddNewLead@gmail.com Expected: SummaryAddNewLead@gmail.com Summary Lead Email:  CE Source @DuplicateRecord
14:33:27.543 [main] INFO  utilities.UtilityCustomFunctions - Actual: Lead about Chatbot Expected: Lead about Chatbot Summary Lead Text:  CE Source @DuplicateRecord
14:33:28.722 [main] INFO  utilities.UtilityCustomFunctions - Actual: +60 0472103025 Expected: +60 0472103025 Summary Sales PhoneNumber:  CE Source @DuplicateRecord
14:33:29.888 [main] INFO  utilities.UtilityCustomFunctions - Actual: SummaryAddNewSales@gmail.com Expected: SummaryAddNewSales@gmail.com Summary Sales Email:  CE Source @DuplicateRecord
14:33:31.692 [main] INFO  utilities.UtilityCustomFunctions - Summary View Set ON
14:33:34.764 [main] INFO  utilities.UtilityCustomFunctions - Actual: Sudhakar VE Expected: Sudhakar VE Detail View AssignedTo:  CE Source @DuplicateRecord
14:33:35.930 [main] INFO  utilities.UtilityCustomFunctions - Actual: Summary Add Text Expected: Summary Add Text Detail View Text:  CE Source @DuplicateRecord
14:33:37.098 [main] INFO  utilities.UtilityCustomFunctions - sActDTMobileNumber +65
  0231907562
14:33:37.098 [main] INFO  utilities.UtilityCustomFunctions - Actual: +65 0231907562 Expected: +65 0231907562 Detail View Mobile Number:  CE Source @DuplicateRecord
14:33:38.265 [main] INFO  utilities.UtilityCustomFunctions - Actual: SummaryAddNew@rsoft.in Expected: SummaryAddNew@rsoft.in Detail View Email :  CE Source @DuplicateRecord
14:33:39.439 [main] INFO  utilities.UtilityCustomFunctions - Actual: 3 Expected: 3 Detail View PicListValue :  CE Source @DuplicateRecord
14:33:40.606 [main] INFO  utilities.UtilityCustomFunctions - Actual: one Expected: one Detail View MuultiCombo Values :  CE Source @DuplicateRecord
14:33:41.800 [main] INFO  utilities.UtilityCustomFunctions - Actual: Kanchipuram Expected: Kanchipuram Detail View City:  CE Source @DuplicateRecord
14:33:42.971 [main] INFO  utilities.UtilityCustomFunctions - Actual: Tamilnadu Expected: Tamilnadu Detail View Stat:  CE Source @DuplicateRecord
14:33:44.147 [main] INFO  utilities.UtilityCustomFunctions - Actual: India Expected: India Detail View Country:  CE Source @DuplicateRecord
14:33:45.322 [main] INFO  utilities.UtilityCustomFunctions - Actual: Yes Expected: Yes Detail View CheckBox:  CE Source @DuplicateRecord
14:33:46.492 [main] INFO  utilities.UtilityCustomFunctions - Actual: 2024-04-04 Expected: 2024-04-04 Detail View Date:  CE Source @DuplicateRecord
14:33:47.652 [main] INFO  utilities.UtilityCustomFunctions - Actual: 02:35:55 PM Expected: 02:35:55 PM Detail View Time:  CE Source @DuplicateRecord
14:33:48.828 [main] INFO  utilities.UtilityCustomFunctions - Actual: 2024-04-04 02:22:54 PM Expected: 2024-04-04 02:22:54 PM Detail View Date & Time :  CE Source @DuplicateRecord
14:33:50.087 [main] INFO  utilities.UtilityCustomFunctions - Actual: annie-spratt Expected: annie-spratt Detail View File Upload :  CE Source @DuplicateRecord
14:33:51.240 [main] INFO  utilities.UtilityCustomFunctions - Actual: Mrs. Steven Expected: Mrs. Steven Detail View Name:  CE Source @DuplicateRecord
14:33:52.403 [main] INFO  utilities.UtilityCustomFunctions - Actual: 11111111111 Expected: 11111111111 Detail View Number:  CE Source @DuplicateRecord
14:33:53.570 [main] INFO  utilities.UtilityCustomFunctions - Actual: 10000 Expected: 10000 Detail View Currency:  CE Source @DuplicateRecord
14:33:54.710 [main] INFO  utilities.UtilityCustomFunctions - Actual: http://www.google.com/ Expected: http://www.google.com/ Detail View Url:  CE Source @DuplicateRecord
14:34:01.983 [main] INFO  utilities.UtilityCustomFunctions - Actual: Dr. Annie Expected: Dr. Annie Detail View Enquiry Name:  CE Source @DuplicateRecord
14:34:03.133 [main] INFO  utilities.UtilityCustomFunctions - Actual: AddNewEnquiry@gmail.com Expected: AddNewEnquiry@gmail.com Detail View Enquiry Email:  CE Source @DuplicateRecord
14:34:04.337 [main] INFO  utilities.UtilityCustomFunctions - Actual: Enquiry about Chatbot Expected: Enquiry about Chatbot Detail View Enquiry Text:  CE Source @DuplicateRecord
14:34:05.492 [main] INFO  utilities.UtilityCustomFunctions - Actual: India's First Lead Management System with
"Auto Lead Call Distribution With Call Recording" Expected: India's First Lead Management System with
"Auto Lead Call Distribution With Call Recording" Detail View Enquiry Text Area:  CE Source @DuplicateRecord
14:34:06.654 [main] INFO  utilities.UtilityCustomFunctions - Actual: 2024-04-04 Expected: 2024-04-04 Detail View Enquiry Date:  CE Source @DuplicateRecord
14:34:07.797 [main] INFO  utilities.UtilityCustomFunctions - Actual: +60 9596754413 Expected: +60 9596754413 Detail View Enquiry Phone Number:  CE Source @DuplicateRecord
14:34:08.956 [main] INFO  utilities.UtilityCustomFunctions - Actual: Urgent Expected: Urgent Detail View Enquiry Category:  CE Source @DuplicateRecord
14:34:16.232 [main] INFO  utilities.UtilityCustomFunctions - Actual: +91 9501926441 Expected: +91 9501926441 DT Lead Mobile Number:  CE Source @DuplicateRecord
14:34:17.407 [main] INFO  utilities.UtilityCustomFunctions - Actual: SummaryAddNewLead@gmail.com Expected: SummaryAddNewLead@gmail.com DT View Lead Email  CE Source @DuplicateRecord
14:34:18.587 [main] INFO  utilities.UtilityCustomFunctions - Actual: Lead about Chatbot Expected: Lead about Chatbot DT View Lead Text CE Source @DuplicateRecord
14:34:19.764 [main] INFO  utilities.UtilityCustomFunctions - Actual: +60 0472103025 Expected: +60 0472103025 DT Sales Mobile Number:  CE Source @DuplicateRecord
14:34:20.938 [main] INFO  utilities.UtilityCustomFunctions - Actual: SummaryAddNewSales@gmail.com Expected: SummaryAddNewSales@gmail.com DT View Sales EmailCE Source @DuplicateRecord
14:34:38.712 [main] INFO  utilities.UtilityCustomFunctions - Curr Target Id @duplicate record:121429
14:34:39.826 [main] INFO  testCases.TC017_CreateEntity_OOFS_MultiSuccessCase - Excel file Utility instance created
14:34:39.844 [main] INFO  testCases.TC017_CreateEntity_OOFS_MultiSuccessCase - Row Count is: 1
14:34:39.854 [main] INFO  testCases.TC017_CreateEntity_OOFS_MultiSuccessCase - Col Count is: 54
14:34:39.854 [main] INFO  testCases.TC017_CreateEntity_OOFS_MultiSuccessCase - Extracting DataSheet Values started...
14:34:40.433 [main] INFO  utilities.UtilityCustomFunctions - Before clicking last record to Validate
14:34:46.483 [main] INFO  utilities.UtilityCustomFunctions - Header Toggle Already ON
14:34:47.257 [main] INFO  utilities.UtilityCustomFunctions - Entity Module Name: CreateEntityTarget
14:34:47.257 [main] INFO  utilities.UtilityCustomFunctions - Actual: CreateEntityTarget Expected: CreateEntityTarget Module Name : CE Target @DuplicateRecord
14:34:48.621 [main] INFO  utilities.UtilityCustomFunctions - Actual: Sudhakar VE Expected: Sudhakar VE Assigned To Title: CE Target @DuplicateRecord
14:34:49.738 [main] INFO  utilities.UtilityCustomFunctions - Actual: +65 0231907562 Expected: +65 0231907562 Mobile Number Title : CE Target @DuplicateRecord
14:34:50.871 [main] INFO  utilities.UtilityCustomFunctions - Actual: SummaryAddNew@rsoft.in Expected: SummaryAddNew@rsoft.in Email Title: CE Target @DuplicateRecord
14:34:55.270 [main] INFO  utilities.UtilityCustomFunctions - Actual: Sudhakar VE Expected: Sudhakar VE Summary AssignedTo:  CE Target @DuplicateRecord
14:34:56.440 [main] INFO  utilities.UtilityCustomFunctions - Actual: Summary Add Text Expected: Summary Add Text Summary Text:  CE Target @DuplicateRecord
14:34:57.614 [main] INFO  utilities.UtilityCustomFunctions - Actual: +65 0231907562 Expected: +65 0231907562 Summary Mobile Number:  CE Target @DuplicateRecord
14:34:58.791 [main] INFO  utilities.UtilityCustomFunctions - Actual: SummaryAddNew@rsoft.in Expected: SummaryAddNew@rsoft.in Summary Email :  CE Target @DuplicateRecord
14:34:59.957 [main] INFO  utilities.UtilityCustomFunctions - Actual: 3 Expected: 3 Summary PicListValue :  CE Target @DuplicateRecord
14:35:01.102 [main] INFO  utilities.UtilityCustomFunctions - Actual: one Expected: one Summary MuultiCombo Values :  CE Target @DuplicateRecord
14:35:02.273 [main] INFO  utilities.UtilityCustomFunctions - Actual: Kanchipuram Expected: Kanchipuram Summary City:  CE Target @DuplicateRecord
14:35:03.456 [main] INFO  utilities.UtilityCustomFunctions - Actual: Tamilnadu Expected: Tamilnadu Summary State:  CE Target @DuplicateRecord
14:35:04.622 [main] INFO  utilities.UtilityCustomFunctions - Actual: India Expected: India Summary Country:  CE Target @DuplicateRecord
14:35:05.790 [main] INFO  utilities.UtilityCustomFunctions - Actual: Yes Expected: Yes Summary CheckBox:  CE Target @DuplicateRecord
14:35:06.952 [main] INFO  utilities.UtilityCustomFunctions - Expected Date from sheet:2024-04-04
14:35:06.952 [main] INFO  utilities.UtilityCustomFunctions - Actual: 2024-04-04 Expected: 2024-04-04 Summary Date:  CE Target @DuplicateRecord
14:35:08.073 [main] INFO  utilities.UtilityCustomFunctions - Expected Time from sheet:02:35:55 PM
14:35:08.121 [main] INFO  utilities.UtilityCustomFunctions - Formatted Time from sheet:02:35:55 PM
14:35:08.121 [main] INFO  utilities.UtilityCustomFunctions - Actual: 02:35:55 PM Expected: 02:35:55 PM Summary Time:  CE Target @DuplicateRecord
14:35:09.242 [main] INFO  utilities.UtilityCustomFunctions - Expected Date Time from sheet:2024-04-04 02:22:54 PM
14:35:09.287 [main] INFO  utilities.UtilityCustomFunctions - Formatted date & Time from sheet:2024-04-04 02:22:54 PM
14:35:09.287 [main] INFO  utilities.UtilityCustomFunctions - Actual: 2024-04-04 02:22:54 PM Expected: 2024-04-04 02:22:54 PM Summary Date & Time :  CE Target @DuplicateRecord
14:35:10.561 [main] INFO  utilities.UtilityCustomFunctions - Actual: annie-spratt Expected: annie-spratt Summary File Upload :  CE Target @DuplicateRecord
14:35:11.731 [main] INFO  utilities.UtilityCustomFunctions - Actual: Mrs. Steven Expected: Mrs. Steven Summary Name:  CE Target @DuplicateRecord
14:35:12.898 [main] INFO  utilities.UtilityCustomFunctions - Actual: 11111111111 Expected: 11111111111 Summary Number:  CE Target @DuplicateRecord
14:35:14.081 [main] INFO  utilities.UtilityCustomFunctions - Actual: 10000 Expected: 10000 Summary Currency:  CE Target @DuplicateRecord
14:35:15.225 [main] INFO  utilities.UtilityCustomFunctions - Actual: http://www.google.com/ Expected: http://www.google.com/ Summary Url:  CE Target @DuplicateRecord
14:35:16.402 [main] INFO  utilities.UtilityCustomFunctions - Actual: Dr. Annie Expected: Dr. Annie Summary Enquiry Name:  CE Target @DuplicateRecord
14:35:17.578 [main] INFO  utilities.UtilityCustomFunctions - Actual: AddNewEnquiry@gmail.com Expected: AddNewEnquiry@gmail.com Summary Enquiry Email:  CE Target @DuplicateRecord
14:35:18.739 [main] INFO  utilities.UtilityCustomFunctions - Actual: Summary Add Text
Enquiry about Chatbot Expected: Enquiry about Chatbot Summary Enquiry Text:  CE Target @DuplicateRecord
14:35:19.952 [main] INFO  utilities.UtilityCustomFunctions - Actual: Summary Add Text
Enquiry about Chatbot
India's First Lead Management System with
"Auto Lead Call Distribution With Call Recording" Expected: India's First Lead Management System with
"Auto Lead Call Distribution With Call Recording" Summary Enquiry Text Area:  CE Target @DuplicateRecord
14:35:21.090 [main] INFO  utilities.UtilityCustomFunctions - Expected enq Date:2024-04-04
14:35:21.139 [main] INFO  utilities.UtilityCustomFunctions - Formatted Enquiry Date from sheet:2024-04-04
14:35:21.139 [main] INFO  utilities.UtilityCustomFunctions - Actual: 2024-04-04 Expected: 2024-04-04 Summary Enquiry Date:  CE Target @DuplicateRecord
14:35:22.326 [main] INFO  utilities.UtilityCustomFunctions - Actual: +60 9596754413 Expected: +60 9596754413 Summary Enquiry Phone Number:  CE Target @DuplicateRecord
14:35:23.488 [main] INFO  utilities.UtilityCustomFunctions - Actual: Urgent Expected: Urgent Summary Enquiry Category:  CE Target @DuplicateRecord
14:35:24.648 [main] INFO  utilities.UtilityCustomFunctions - Actual: +91 9501926441 Expected: +91 9501926441 Summary Lead PhoneNumber:  CE Target @DuplicateRecord
14:35:25.813 [main] INFO  utilities.UtilityCustomFunctions - Actual: SummaryAddNewLead@gmail.com Expected: SummaryAddNewLead@gmail.com Summary Lead Email:  CE Target @DuplicateRecord
14:35:26.964 [main] INFO  utilities.UtilityCustomFunctions - Actual: Summary Add Text
Enquiry about Chatbot
India's First Lead Management System with
"Auto Lead Call Distribution With Call Recording"
Lead about Chatbot Expected: Lead about Chatbot Summary Lead Text:  CE Target @DuplicateRecord
14:35:28.148 [main] INFO  utilities.UtilityCustomFunctions - Actual: +60 0472103025 Expected: +60 0472103025 Summary Sales PhoneNumber:  CE Target @DuplicateRecord
14:35:29.296 [main] INFO  utilities.UtilityCustomFunctions - Actual: SummaryAddNewSales@gmail.com Expected: SummaryAddNewSales@gmail.com Summary Sales Email:  CE Target @DuplicateRecord
14:35:31.282 [main] INFO  utilities.UtilityCustomFunctions - Summary View Set ON
14:35:34.356 [main] INFO  utilities.UtilityCustomFunctions - Actual: Sudhakar VE Expected: Sudhakar VE Detail View AssignedTo:  CE Target @DuplicateRecord
14:35:35.527 [main] INFO  utilities.UtilityCustomFunctions - Actual: Summary Add Text Expected: Summary Add Text Detail View Text:  CE Target @DuplicateRecord
14:35:36.702 [main] INFO  utilities.UtilityCustomFunctions - sActDTMobileNumber +65
  0231907562
14:35:36.702 [main] INFO  utilities.UtilityCustomFunctions - Actual: +65 0231907562 Expected: +65 0231907562 Detail View Mobile Number:  CE Target @DuplicateRecord
14:35:37.870 [main] INFO  utilities.UtilityCustomFunctions - Actual: SummaryAddNew@rsoft.in Expected: SummaryAddNew@rsoft.in Detail View Email :  CE Target @DuplicateRecord
14:35:39.041 [main] INFO  utilities.UtilityCustomFunctions - Actual: 3 Expected: 3 Detail View PicListValue :  CE Target @DuplicateRecord
14:35:40.215 [main] INFO  utilities.UtilityCustomFunctions - Actual: one Expected: one Detail View MuultiCombo Values :  CE Target @DuplicateRecord
14:35:41.384 [main] INFO  utilities.UtilityCustomFunctions - Actual: Kanchipuram Expected: Kanchipuram Detail View City:  CE Target @DuplicateRecord
14:35:42.553 [main] INFO  utilities.UtilityCustomFunctions - Actual: Tamilnadu Expected: Tamilnadu Detail View Stat:  CE Target @DuplicateRecord
14:35:43.722 [main] INFO  utilities.UtilityCustomFunctions - Actual: India Expected: India Detail View Country:  CE Target @DuplicateRecord
14:35:44.898 [main] INFO  utilities.UtilityCustomFunctions - Actual: Yes Expected: Yes Detail View CheckBox:  CE Target @DuplicateRecord
14:35:46.056 [main] INFO  utilities.UtilityCustomFunctions - Actual: 2024-04-04 Expected: 2024-04-04 Detail View Date:  CE Target @DuplicateRecord
14:35:47.219 [main] INFO  utilities.UtilityCustomFunctions - Actual: 02:35:55 PM Expected: 02:35:55 PM Detail View Time:  CE Target @DuplicateRecord
14:35:48.386 [main] INFO  utilities.UtilityCustomFunctions - Actual: 2024-04-04 02:22:54 PM Expected: 2024-04-04 02:22:54 PM Detail View Date & Time :  CE Target @DuplicateRecord
14:35:49.658 [main] INFO  utilities.UtilityCustomFunctions - Actual: annie-spratt Expected: annie-spratt Detail View File Upload :  CE Target @DuplicateRecord
14:35:50.835 [main] INFO  utilities.UtilityCustomFunctions - Actual: Mrs. Steven Expected: Mrs. Steven Detail View Name:  CE Target @DuplicateRecord
14:35:51.998 [main] INFO  utilities.UtilityCustomFunctions - Actual: 11111111111 Expected: 11111111111 Detail View Number:  CE Target @DuplicateRecord
14:35:53.192 [main] INFO  utilities.UtilityCustomFunctions - Actual: 10000 Expected: 10000 Detail View Currency:  CE Target @DuplicateRecord
14:35:54.331 [main] INFO  utilities.UtilityCustomFunctions - Actual: http://www.google.com/ Expected: http://www.google.com/ Detail View Url:  CE Target @DuplicateRecord
14:36:01.619 [main] INFO  utilities.UtilityCustomFunctions - Actual: Dr. Annie Expected: Dr. Annie Detail View Enquiry Name:  CE Target @DuplicateRecord
14:36:02.792 [main] INFO  utilities.UtilityCustomFunctions - Actual: AddNewEnquiry@gmail.com Expected: AddNewEnquiry@gmail.com Detail View Enquiry Email:  CE Target @DuplicateRecord
14:36:03.951 [main] INFO  utilities.UtilityCustomFunctions - Actual: Summary Add Text
Enquiry about Chatbot Expected: Enquiry about Chatbot Detail View Enquiry Text:  CE Target @DuplicateRecord
14:36:05.117 [main] INFO  utilities.UtilityCustomFunctions - Actual: Summary Add Text
Enquiry about Chatbot
India's First Lead Management System with
"Auto Lead Call Distribution With Call Recording" Expected: India's First Lead Management System with
"Auto Lead Call Distribution With Call Recording" Detail View Enquiry Text Area:  CE Target @DuplicateRecord
14:36:06.258 [main] INFO  utilities.UtilityCustomFunctions - Actual: 2024-04-04 Expected: 2024-04-04 Detail View Enquiry Date:  CE Target @DuplicateRecord
14:36:07.421 [main] INFO  utilities.UtilityCustomFunctions - Actual: +60 9596754413 Expected: +60 9596754413 Detail View Enquiry Phone Number:  CE Target @DuplicateRecord
14:36:08.576 [main] INFO  utilities.UtilityCustomFunctions - Actual: Urgent Expected: Urgent Detail View Enquiry Category:  CE Target @DuplicateRecord
14:36:15.827 [main] INFO  utilities.UtilityCustomFunctions - Actual: +91 9501926441 Expected: +91 9501926441 DT Lead Mobile Number:  CE Target @DuplicateRecord
14:36:16.994 [main] INFO  utilities.UtilityCustomFunctions - Actual: SummaryAddNewLead@gmail.com Expected: SummaryAddNewLead@gmail.com DT View Lead Email  CE Target @DuplicateRecord
14:36:18.162 [main] INFO  utilities.UtilityCustomFunctions - Actual: Summary Add Text
Enquiry about Chatbot
India's First Lead Management System with
"Auto Lead Call Distribution With Call Recording"
Lead about Chatbot Expected: Lead about Chatbot DT View Lead Text CE Target @DuplicateRecord
14:36:19.333 [main] INFO  utilities.UtilityCustomFunctions - Actual: +60 0472103025 Expected: +60 0472103025 DT Sales Mobile Number:  CE Target @DuplicateRecord
14:36:20.474 [main] INFO  utilities.UtilityCustomFunctions - Actual: SummaryAddNewSales@gmail.com Expected: SummaryAddNewSales@gmail.com DT View Sales EmailCE Target @DuplicateRecord
14:36:44.321 [main] INFO  utilities.UtilityCustomFunctions - Header Toggle Already ON
14:36:49.220 [main] INFO  utilities.UtilityCustomFunctions - Actual: LeadMultiSuccess@gmail.com Expected: LeadMultiSuccess@gmail.com Lead_RelatedModule_SummPage@DuplicateRecord-Multiple Success Case
14:36:50.953 [main] INFO  utilities.UtilityCustomFunctions - Summary View Set ON
14:36:54.020 [main] INFO  utilities.UtilityCustomFunctions - Actual: LeadMultiSuccess@gmail.com Expected: LeadMultiSuccess@gmail.com Lead_RelatedModule_DetailViewPage@DuplicateRecord-Multiple Success Case
14:37:20.161 [main] INFO  utilities.UtilityCustomFunctions - Header Toggle Already ON
14:37:24.998 [main] INFO  utilities.UtilityCustomFunctions - Actual: Mr.
  EnquriyCheckName Expected: Mr. Mr. Mr.  Enquiry_RelatedModule_SummPage@Duplicate Record-Multiple Success Case
14:37:26.640 [main] INFO  utilities.UtilityCustomFunctions - Summary View Set ON
14:37:29.714 [main] INFO  utilities.UtilityCustomFunctions - Actual: Mr.
  EnquriyCheckName Expected: Mr. Mr. Mr.  Enquiry_RelatedModule_DetailViewPage@Duplicate Record-Multiple Success Case
14:37:49.898 [main] INFO  utilities.UtilityCustomFunctions - Header Toggle Already ON
14:37:54.703 [main] INFO  utilities.UtilityCustomFunctions - Actual: +91 7708674417 Expected: +91 7708674417 Opportunity_RelatedModule_SummPage@DuplicateRecord-Multiple Success Case
14:37:56.404 [main] INFO  utilities.UtilityCustomFunctions - Summary View Set ON
14:37:59.473 [main] INFO  utilities.UtilityCustomFunctions - Actual: +91 7708674417 Expected: +91 7708674417 Opportunity_RelatedModule_DetailViewPage@DuplicateRecord-Multiple Success Case
14:38:38.657 [main] INFO  utilities.UtilityCustomFunctions - Header Toggle Already ON
14:38:44.433 [main] INFO  testCases.TC017_CreateEntity_OOFS_MultiSuccessCase - Excel file Utility instance created
14:38:44.451 [main] INFO  testCases.TC017_CreateEntity_OOFS_MultiSuccessCase - Row Count is: 1
14:38:44.460 [main] INFO  testCases.TC017_CreateEntity_OOFS_MultiSuccessCase - Col Count is: 54
14:38:44.460 [main] INFO  testCases.TC017_CreateEntity_OOFS_MultiSuccessCase - Extracting DataSheet Values started...
14:38:45.009 [main] INFO  utilities.UtilityCustomFunctions - Before clicking last record to Validate
14:38:51.045 [main] INFO  utilities.UtilityCustomFunctions - Header Toggle Already ON
14:38:51.058 [main] INFO  utilities.UtilityCustomFunctions - Summary View Already OFF
14:38:51.145 [main] INFO  utilities.UtilityCustomFunctions - Entity Module Name: CreateEntityTarget
14:38:51.145 [main] INFO  utilities.UtilityCustomFunctions - Actual: CreateEntitySource Expected: CreateEntityTarget Module Name : CE Source @Edit & Save
14:38:52.461 [main] INFO  utilities.UtilityCustomFunctions - Actual: Sudhakar VE Expected: Sudhakar VE Assigned To Title: CE Source @Edit & Save
14:38:53.580 [main] INFO  utilities.UtilityCustomFunctions - Actual: +65 0231907562 Expected: +65 0231907562 Mobile Number Title : CE Source @Edit & Save
14:38:54.695 [main] INFO  utilities.UtilityCustomFunctions - Actual: SummaryAddNew@rsoft.in Expected: SummaryAddNew@rsoft.in Email Title: CE Source @Edit & Save
14:38:59.030 [main] INFO  utilities.UtilityCustomFunctions - Actual: Sudhakar VE Expected: Sudhakar VE Summary AssignedTo:  CE Source @Edit & Save
14:39:00.199 [main] INFO  utilities.UtilityCustomFunctions - Actual: Summary Add Text Expected: Summary Add Text Summary Text:  CE Source @Edit & Save
14:39:01.407 [main] INFO  utilities.UtilityCustomFunctions - Actual: +65 0231907562 Expected: +65 0231907562 Summary Mobile Number:  CE Source @Edit & Save
14:39:02.575 [main] INFO  utilities.UtilityCustomFunctions - Actual: SummaryAddNew@rsoft.in Expected: SummaryAddNew@rsoft.in Summary Email :  CE Source @Edit & Save
14:39:03.754 [main] INFO  utilities.UtilityCustomFunctions - Actual: 3 Expected: 3 Summary PicListValue :  CE Source @Edit & Save
14:39:04.916 [main] INFO  utilities.UtilityCustomFunctions - Actual: one Expected: one Summary MuultiCombo Values :  CE Source @Edit & Save
14:39:06.086 [main] INFO  utilities.UtilityCustomFunctions - Actual: Kanchipuram Expected: Kanchipuram Summary City:  CE Source @Edit & Save
14:39:07.251 [main] INFO  utilities.UtilityCustomFunctions - Actual: Tamilnadu Expected: Tamilnadu Summary State:  CE Source @Edit & Save
14:39:08.410 [main] INFO  utilities.UtilityCustomFunctions - Actual: India Expected: India Summary Country:  CE Source @Edit & Save
14:39:09.578 [main] INFO  utilities.UtilityCustomFunctions - Actual: Yes Expected: Yes Summary CheckBox:  CE Source @Edit & Save
14:39:10.750 [main] INFO  utilities.UtilityCustomFunctions - Expected Date from sheet:2024-04-04
14:39:10.750 [main] INFO  utilities.UtilityCustomFunctions - Actual: 2024-04-04 Expected: 2024-04-04 Summary Date:  CE Source @Edit & Save
14:39:11.868 [main] INFO  utilities.UtilityCustomFunctions - Expected Time from sheet:02:35:55 PM
14:39:11.917 [main] INFO  utilities.UtilityCustomFunctions - Formatted Time from sheet:02:35:55 PM
14:39:11.918 [main] INFO  utilities.UtilityCustomFunctions - Actual: 02:35:55 PM Expected: 02:35:55 PM Summary Time:  CE Source @Edit & Save
14:39:13.045 [main] INFO  utilities.UtilityCustomFunctions - Expected Date Time from sheet:2024-04-04 02:22:54 PM
14:39:13.096 [main] INFO  utilities.UtilityCustomFunctions - Formatted date & Time from sheet:2024-04-04 02:22:54 PM
14:39:13.096 [main] INFO  utilities.UtilityCustomFunctions - Actual: 2024-04-04 02:22:54 PM Expected: 2024-04-04 02:22:54 PM Summary Date & Time :  CE Source @Edit & Save
14:39:14.366 [main] INFO  utilities.UtilityCustomFunctions - Actual: annie-spratt Expected: annie-spratt Summary File Upload :  CE Source @Edit & Save
14:39:15.536 [main] INFO  utilities.UtilityCustomFunctions - Actual: Mrs. Steven Expected: Mrs. Steven Summary Name:  CE Source @Edit & Save
14:39:16.687 [main] INFO  utilities.UtilityCustomFunctions - Actual: 11111111111 Expected: 11111111111 Summary Number:  CE Source @Edit & Save
14:39:17.861 [main] INFO  utilities.UtilityCustomFunctions - Actual: 10000 Expected: 10000 Summary Currency:  CE Source @Edit & Save
14:39:19.044 [main] INFO  utilities.UtilityCustomFunctions - Actual: http://www.google.com/ Expected: http://www.google.com/ Summary Url:  CE Source @Edit & Save
14:39:20.208 [main] INFO  utilities.UtilityCustomFunctions - Actual: Dr. Annie Expected: Dr. Annie Summary Enquiry Name:  CE Source @Edit & Save
14:39:21.374 [main] INFO  utilities.UtilityCustomFunctions - Actual: AddNewEnquiry@gmail.com Expected: AddNewEnquiry@gmail.com Summary Enquiry Email:  CE Source @Edit & Save
14:39:22.535 [main] INFO  utilities.UtilityCustomFunctions - Actual: Enquiry about Chatbot Expected: Enquiry about Chatbot Summary Enquiry Text:  CE Source @Edit & Save
14:39:23.704 [main] INFO  utilities.UtilityCustomFunctions - Actual: India's First Lead Management System with
"Auto Lead Call Distribution With Call Recording" Expected: India's First Lead Management System with
"Auto Lead Call Distribution With Call Recording" Summary Enquiry Text Area:  CE Source @Edit & Save
14:39:24.817 [main] INFO  utilities.UtilityCustomFunctions - Expected enq Date:2024-04-04
14:39:24.863 [main] INFO  utilities.UtilityCustomFunctions - Formatted Enquiry Date from sheet:2024-04-04
14:39:24.863 [main] INFO  utilities.UtilityCustomFunctions - Actual: 2024-04-04 Expected: 2024-04-04 Summary Enquiry Date:  CE Source @Edit & Save
14:39:26.032 [main] INFO  utilities.UtilityCustomFunctions - Actual: +60 9596754413 Expected: +60 9596754413 Summary Enquiry Phone Number:  CE Source @Edit & Save
14:39:27.207 [main] INFO  utilities.UtilityCustomFunctions - Actual: Urgent Expected: Urgent Summary Enquiry Category:  CE Source @Edit & Save
14:39:28.390 [main] INFO  utilities.UtilityCustomFunctions - Actual: +91 9501926441 Expected: +91 9501926441 Summary Lead PhoneNumber:  CE Source @Edit & Save
14:39:29.536 [main] INFO  utilities.UtilityCustomFunctions - Actual: SummaryAddNewLead@gmail.com Expected: SummaryAddNewLead@gmail.com Summary Lead Email:  CE Source @Edit & Save
14:39:30.705 [main] INFO  utilities.UtilityCustomFunctions - Actual: Lead about Chatbot Expected: Lead about Chatbot Summary Lead Text:  CE Source @Edit & Save
14:39:31.884 [main] INFO  utilities.UtilityCustomFunctions - Actual: +60 0472103025 Expected: +60 0472103025 Summary Sales PhoneNumber:  CE Source @Edit & Save
14:39:33.050 [main] INFO  utilities.UtilityCustomFunctions - Actual: SummaryAddNewSales@gmail.com Expected: SummaryAddNewSales@gmail.com Summary Sales Email:  CE Source @Edit & Save
14:39:34.830 [main] INFO  utilities.UtilityCustomFunctions - Summary View Set ON
14:39:37.911 [main] INFO  utilities.UtilityCustomFunctions - Actual: Sudhakar VE Expected: Sudhakar VE Detail View AssignedTo:  CE Source @Edit & Save
14:39:39.104 [main] INFO  utilities.UtilityCustomFunctions - Actual: Summary Add Text Expected: Summary Add Text Detail View Text:  CE Source @Edit & Save
14:39:40.296 [main] INFO  utilities.UtilityCustomFunctions - sActDTMobileNumber +65
  0231907562
14:39:40.297 [main] INFO  utilities.UtilityCustomFunctions - Actual: +65 0231907562 Expected: +65 0231907562 Detail View Mobile Number:  CE Source @Edit & Save
14:39:41.475 [main] INFO  utilities.UtilityCustomFunctions - Actual: SummaryAddNew@rsoft.in Expected: SummaryAddNew@rsoft.in Detail View Email :  CE Source @Edit & Save
14:39:42.645 [main] INFO  utilities.UtilityCustomFunctions - Actual: 3 Expected: 3 Detail View PicListValue :  CE Source @Edit & Save
14:39:43.802 [main] INFO  utilities.UtilityCustomFunctions - Actual: one Expected: one Detail View MuultiCombo Values :  CE Source @Edit & Save
14:39:44.969 [main] INFO  utilities.UtilityCustomFunctions - Actual: Kanchipuram Expected: Kanchipuram Detail View City:  CE Source @Edit & Save
14:39:46.119 [main] INFO  utilities.UtilityCustomFunctions - Actual: Tamilnadu Expected: Tamilnadu Detail View Stat:  CE Source @Edit & Save
14:39:47.293 [main] INFO  utilities.UtilityCustomFunctions - Actual: India Expected: India Detail View Country:  CE Source @Edit & Save
14:39:48.452 [main] INFO  utilities.UtilityCustomFunctions - Actual: Yes Expected: Yes Detail View CheckBox:  CE Source @Edit & Save
14:39:49.619 [main] INFO  utilities.UtilityCustomFunctions - Actual: 2024-04-04 Expected: 2024-04-04 Detail View Date:  CE Source @Edit & Save
14:39:50.790 [main] INFO  utilities.UtilityCustomFunctions - Actual: 02:35:55 PM Expected: 02:35:55 PM Detail View Time:  CE Source @Edit & Save
14:39:51.963 [main] INFO  utilities.UtilityCustomFunctions - Actual: 2024-04-04 02:22:54 PM Expected: 2024-04-04 02:22:54 PM Detail View Date & Time :  CE Source @Edit & Save
14:39:53.211 [main] INFO  utilities.UtilityCustomFunctions - Actual: annie-spratt Expected: annie-spratt Detail View File Upload :  CE Source @Edit & Save
14:39:54.372 [main] INFO  utilities.UtilityCustomFunctions - Actual: Mrs. Steven Expected: Mrs. Steven Detail View Name:  CE Source @Edit & Save
14:39:55.575 [main] INFO  utilities.UtilityCustomFunctions - Actual: 11111111111 Expected: 11111111111 Detail View Number:  CE Source @Edit & Save
