13:00:06.207 [main] INFO  testCases.AddNewUser - Test Execution on Browser: chrome
13:00:06.321 [main] INFO  testCases.AddNewUser - Excel file Utility instance created
13:00:07.629 [main] INFO  testCases.AddNewUser - Row Count is: 3
13:00:07.720 [main] INFO  testCases.AddNewUser - Col Count is: 10
13:00:13.199 [main] INFO  utilities.UtilityCustomFunctions - PRIYAN entered in  input
13:00:15.015 [main] INFO  utilities.UtilityCustomFunctions - rsoft entered in  input
13:00:16.963 [main] INFO  utilities.UtilityCustomFunctions - RSoft!@345 entered in  input
13:00:28.145 [main] INFO  testCases.AddNewUser - Clicked Avatar
13:00:32.376 [main] INFO  testCases.AddNewUser - Clicked Menu CRM Setting
13:00:34.612 [main] INFO  testCases.AddNewUser - Clicked Menu User Access Control
13:00:42.598 [main] INFO  testCases.AddNewUser - Extracting DataSheet Values started...
13:00:47.780 [main] INFO  utilities.UtilityCustomFunctions - Smith entered in  input
13:00:49.380 [main] INFO  utilities.UtilityCustomFunctions - sudhakar@rsoft.in entered in  input
13:00:51.020 [main] INFO  utilities.UtilityCustomFunctions - Automation@123 entered in  input
13:00:52.629 [main] INFO  utilities.UtilityCustomFunctions - Automation@123 entered in  input
13:00:55.132 [main] INFO  utilities.UtilityCustomFunctions - Smith entered in  input
13:00:57.613 [main] INFO  utilities.UtilityCustomFunctions - Gregory entered in  input
13:01:03.196 [main] INFO  testCases.AddNewUser - [Admin] is selected in List
13:01:08.752 [main] INFO  testCases.AddNewUser - [Both] is selected in List
13:01:34.829 [main] INFO  testCases.AddNewUser - Extracting DataSheet Values started...
13:06:11.399 [main] INFO  testCases.AddNewUser - Test Execution on Browser: chrome
13:06:11.500 [main] INFO  testCases.AddNewUser - Excel file Utility instance created
13:06:12.899 [main] INFO  testCases.AddNewUser - Row Count is: 3
13:06:13.035 [main] INFO  testCases.AddNewUser - Col Count is: 10
13:06:17.993 [main] INFO  utilities.UtilityCustomFunctions - PRIYAN entered in  input
13:06:19.676 [main] INFO  utilities.UtilityCustomFunctions - rsoft entered in  input
13:06:21.876 [main] INFO  utilities.UtilityCustomFunctions - RSoft!@345 entered in  input
13:06:33.409 [main] INFO  testCases.AddNewUser - Clicked Avatar
13:06:37.458 [main] INFO  testCases.AddNewUser - Clicked Menu CRM Setting
13:06:39.657 [main] INFO  testCases.AddNewUser - Clicked Menu User Access Control
13:06:48.124 [main] INFO  testCases.AddNewUser - Extracting DataSheet Values started...
13:06:52.907 [main] INFO  utilities.UtilityCustomFunctions - Smith entered in  input
13:06:54.491 [main] INFO  utilities.UtilityCustomFunctions - sudhakar@rsoft.in entered in  input
13:06:56.106 [main] INFO  utilities.UtilityCustomFunctions - Automation@123 entered in  input
13:06:57.657 [main] INFO  utilities.UtilityCustomFunctions - Automation@123 entered in  input
13:07:00.223 [main] INFO  utilities.UtilityCustomFunctions - Smith entered in  input
13:07:02.740 [main] INFO  utilities.UtilityCustomFunctions - Gregory entered in  input
13:07:08.343 [main] INFO  testCases.AddNewUser - [Admin] is selected in List
13:07:13.879 [main] INFO  testCases.AddNewUser - [Both] is selected in List
13:07:24.476 [main] INFO  testCases.AddNewUser - Clicked Avatar
13:07:28.482 [main] INFO  testCases.AddNewUser - Clicked Menu CRM Setting
13:07:30.724 [main] INFO  testCases.AddNewUser - Clicked Menu User Access Control
13:07:35.556 [main] INFO  testCases.AddNewUser - Extracting DataSheet Values started...
13:07:40.455 [main] INFO  utilities.UtilityCustomFunctions - Trott entered in  input
13:07:42.104 [main] INFO  utilities.UtilityCustomFunctions - sudhakar@rsoft.in entered in  input
13:07:43.703 [main] INFO  utilities.UtilityCustomFunctions - Automation@123 entered in  input
13:07:45.286 [main] INFO  utilities.UtilityCustomFunctions - Automation@123 entered in  input
13:07:47.875 [main] INFO  utilities.UtilityCustomFunctions - Trott entered in  input
13:07:50.488 [main] INFO  utilities.UtilityCustomFunctions - Alexander entered in  input
13:07:56.093 [main] INFO  testCases.AddNewUser - [Admin] is selected in List
13:08:01.687 [main] INFO  testCases.AddNewUser - [Both] is selected in List
13:12:02.835 [main] INFO  testCases.AddNewUser - Test Execution on Browser: chrome
13:12:02.942 [main] INFO  testCases.AddNewUser - Excel file Utility instance created
13:12:04.392 [main] INFO  testCases.AddNewUser - Row Count is: 3
13:12:04.469 [main] INFO  testCases.AddNewUser - Col Count is: 10
13:12:09.269 [main] INFO  utilities.UtilityCustomFunctions - PRIYAN entered in  input
13:12:10.936 [main] INFO  utilities.UtilityCustomFunctions - rsoft entered in  input
13:12:12.720 [main] INFO  utilities.UtilityCustomFunctions - RSoft!@345 entered in  input
13:12:25.167 [main] INFO  testCases.AddNewUser - Clicked Avatar
13:12:29.644 [main] INFO  testCases.AddNewUser - Clicked Menu CRM Setting
13:12:32.015 [main] INFO  testCases.AddNewUser - Clicked Menu User Access Control
13:12:41.976 [main] INFO  testCases.AddNewUser - Extracting DataSheet Values started...
13:12:47.067 [main] INFO  utilities.UtilityCustomFunctions - Smith entered in  input
13:12:48.620 [main] INFO  utilities.UtilityCustomFunctions - sudhakar@rsoft.in entered in  input
13:12:50.183 [main] INFO  utilities.UtilityCustomFunctions - Automation@123 entered in  input
13:12:51.850 [main] INFO  utilities.UtilityCustomFunctions - Automation@123 entered in  input
13:12:54.337 [main] INFO  utilities.UtilityCustomFunctions - Smith entered in  input
13:12:56.820 [main] INFO  utilities.UtilityCustomFunctions - Gregory entered in  input
13:13:02.418 [main] INFO  testCases.AddNewUser - [Admin] is selected in List
13:13:07.920 [main] INFO  testCases.AddNewUser - [Both] is selected in List
13:13:18.414 [main] INFO  testCases.AddNewUser - Clicked Avatar
13:13:22.474 [main] INFO  testCases.AddNewUser - Clicked Menu CRM Setting
13:13:24.719 [main] INFO  testCases.AddNewUser - Clicked Menu User Access Control
13:13:29.776 [main] INFO  testCases.AddNewUser - Extracting DataSheet Values started...
13:13:34.669 [main] INFO  utilities.UtilityCustomFunctions - Trott entered in  input
13:13:36.246 [main] INFO  utilities.UtilityCustomFunctions - sudhakar@rsoft.in entered in  input
13:13:37.949 [main] INFO  utilities.UtilityCustomFunctions - Automation@123 entered in  input
13:13:39.530 [main] INFO  utilities.UtilityCustomFunctions - Automation@123 entered in  input
13:13:42.119 [main] INFO  utilities.UtilityCustomFunctions - Trott entered in  input
13:13:44.616 [main] INFO  utilities.UtilityCustomFunctions - Alexander entered in  input
13:13:50.202 [main] INFO  testCases.AddNewUser - [Admin] is selected in List
13:13:55.716 [main] INFO  testCases.AddNewUser - [Both] is selected in List
13:14:05.884 [main] INFO  testCases.AddNewUser - Clicked Avatar
13:14:09.919 [main] INFO  testCases.AddNewUser - Clicked Menu CRM Setting
13:14:12.149 [main] INFO  testCases.AddNewUser - Clicked Menu User Access Control
13:14:17.130 [main] INFO  testCases.AddNewUser - Extracting DataSheet Values started...
15:39:20.972 [main] INFO  testCases.WebForms.TC004_WF_AllValidUser_ConditionAllYes - Test Execution on Browser: chrome
15:39:21.109 [main] INFO  testCases.WebForms.TC004_WF_AllValidUser_ConditionAllYes - Excel file Utility instance created
15:39:22.798 [main] INFO  testCases.WebForms.TC004_WF_AllValidUser_ConditionAllYes - Row Count is: 9
15:39:23.210 [main] INFO  testCases.WebForms.TC004_WF_AllValidUser_ConditionAllYes - Col Count is: 13
15:39:23.210 [main] INFO  testCases.WebForms.TC004_WF_AllValidUser_ConditionAllYes - Extracting DataSheet Values started...
15:39:30.250 [main] INFO  utilities.UtilityCustomFunctions - PRIYAN entered in  input
15:39:32.068 [main] INFO  utilities.UtilityCustomFunctions - rsoft entered in  input
15:39:33.879 [main] INFO  utilities.UtilityCustomFunctions - RSoft!@345 entered in  input
15:39:44.481 [main] INFO  testCases.WebForms.TC004_WF_AllValidUser_ConditionAllYes - Clicked Avatar
15:39:48.629 [main] INFO  testCases.WebForms.TC004_WF_AllValidUser_ConditionAllYes - Clicked Menu CRM Setting
15:39:50.867 [main] INFO  testCases.WebForms.TC004_WF_AllValidUser_ConditionAllYes - Clicked Menu User Access Control
15:45:43.917 [main] INFO  testCases.WebForms.TC004_WF_AllValidUser_ConditionAllYes - Test Execution on Browser: chrome
15:45:44.054 [main] INFO  testCases.WebForms.TC004_WF_AllValidUser_ConditionAllYes - Excel file Utility instance created
15:45:45.646 [main] INFO  testCases.WebForms.TC004_WF_AllValidUser_ConditionAllYes - Row Count is: 9
15:45:45.777 [main] INFO  testCases.WebForms.TC004_WF_AllValidUser_ConditionAllYes - Col Count is: 13
15:45:45.777 [main] INFO  testCases.WebForms.TC004_WF_AllValidUser_ConditionAllYes - Extracting DataSheet Values started...
15:45:52.926 [main] INFO  utilities.UtilityCustomFunctions - PRIYAN entered in  input
15:45:54.826 [main] INFO  utilities.UtilityCustomFunctions - rsoft entered in  input
15:45:56.608 [main] INFO  utilities.UtilityCustomFunctions - RSoft!@345 entered in  input
15:46:08.499 [main] INFO  testCases.WebForms.TC004_WF_AllValidUser_ConditionAllYes - Clicked Avatar
15:46:13.143 [main] INFO  testCases.WebForms.TC004_WF_AllValidUser_ConditionAllYes - Clicked Menu CRM Setting
15:46:15.374 [main] INFO  testCases.WebForms.TC004_WF_AllValidUser_ConditionAllYes - Clicked Menu User Access Control
15:46:27.035 [main] INFO  testCases.WebForms.TC004_WF_AllValidUser_ConditionAllYes - Clicked Avatar
15:46:31.012 [main] INFO  testCases.WebForms.TC004_WF_AllValidUser_ConditionAllYes - Clicked Menu CRM Setting
15:46:33.235 [main] INFO  testCases.WebForms.TC004_WF_AllValidUser_ConditionAllYes - Clicked Menu User Access Control
15:46:44.322 [main] INFO  testCases.WebForms.TC004_WF_AllValidUser_ConditionAllYes - Clicked Avatar
15:46:48.298 [main] INFO  testCases.WebForms.TC004_WF_AllValidUser_ConditionAllYes - Clicked Menu CRM Setting
15:46:50.571 [main] INFO  testCases.WebForms.TC004_WF_AllValidUser_ConditionAllYes - Clicked Menu User Access Control
15:47:01.987 [main] INFO  testCases.WebForms.TC004_WF_AllValidUser_ConditionAllYes - Clicked Avatar
15:47:05.827 [main] INFO  testCases.WebForms.TC004_WF_AllValidUser_ConditionAllYes - Clicked Menu CRM Setting
15:47:08.045 [main] INFO  testCases.WebForms.TC004_WF_AllValidUser_ConditionAllYes - Clicked Menu User Access Control
15:47:19.344 [main] INFO  testCases.WebForms.TC004_WF_AllValidUser_ConditionAllYes - Clicked Avatar
15:47:23.332 [main] INFO  testCases.WebForms.TC004_WF_AllValidUser_ConditionAllYes - Clicked Menu CRM Setting
15:47:25.537 [main] INFO  testCases.WebForms.TC004_WF_AllValidUser_ConditionAllYes - Clicked Menu User Access Control
15:47:36.436 [main] INFO  testCases.WebForms.TC004_WF_AllValidUser_ConditionAllYes - Clicked Avatar
15:47:40.433 [main] INFO  testCases.WebForms.TC004_WF_AllValidUser_ConditionAllYes - Clicked Menu CRM Setting
15:47:42.657 [main] INFO  testCases.WebForms.TC004_WF_AllValidUser_ConditionAllYes - Clicked Menu User Access Control
15:47:53.728 [main] INFO  testCases.WebForms.TC004_WF_AllValidUser_ConditionAllYes - Clicked Avatar
15:47:57.801 [main] INFO  testCases.WebForms.TC004_WF_AllValidUser_ConditionAllYes - Clicked Menu CRM Setting
15:47:57.955 [main] INFO  testCases.WebForms.TC004_WF_AllValidUser_ConditionAllYes - Clicked Integration
15:48:10.070 [main] INFO  testCases.WebForms.TC004_WF_AllValidUser_ConditionAllYes - [ETNotification Webform] is selected in List
15:48:14.601 [main] INFO  testCases.WebForms.TC004_WF_AllValidUser_ConditionAllYes - [ETNotification Webform] is selected in List
15:49:34.896 [main] INFO  testCases.WebForms.TC004_WF_AllValidUser_ConditionAllYes - Test Execution on Browser: chrome
15:49:35.017 [main] INFO  testCases.WebForms.TC004_WF_AllValidUser_ConditionAllYes - Excel file Utility instance created
15:49:36.558 [main] INFO  testCases.WebForms.TC004_WF_AllValidUser_ConditionAllYes - Row Count is: 9
15:49:36.692 [main] INFO  testCases.WebForms.TC004_WF_AllValidUser_ConditionAllYes - Col Count is: 13
15:49:36.692 [main] INFO  testCases.WebForms.TC004_WF_AllValidUser_ConditionAllYes - Extracting DataSheet Values started...
15:50:47.896 [main] INFO  testCases.WebForms.TC004_WF_AllValidUser_ConditionAllYes - Test Execution on Browser: chrome
15:50:48.053 [main] INFO  testCases.WebForms.TC004_WF_AllValidUser_ConditionAllYes - Excel file Utility instance created
15:50:49.712 [main] INFO  testCases.WebForms.TC004_WF_AllValidUser_ConditionAllYes - Row Count is: 9
15:50:49.843 [main] INFO  testCases.WebForms.TC004_WF_AllValidUser_ConditionAllYes - Col Count is: 13
15:50:49.844 [main] INFO  testCases.WebForms.TC004_WF_AllValidUser_ConditionAllYes - Extracting DataSheet Values started...
16:02:13.841 [main] INFO  testCases.WebForms.TC004_WF_AllValidUser_ConditionAllYes - Test Execution on Browser: chrome
16:02:13.955 [main] INFO  testCases.WebForms.TC004_WF_AllValidUser_ConditionAllYes - Excel file Utility instance created
16:02:15.507 [main] INFO  testCases.WebForms.TC004_WF_AllValidUser_ConditionAllYes - Row Count is: 9
16:02:15.665 [main] INFO  testCases.WebForms.TC004_WF_AllValidUser_ConditionAllYes - Col Count is: 13
16:02:15.666 [main] INFO  testCases.WebForms.TC004_WF_AllValidUser_ConditionAllYes - Extracting DataSheet Values started...
16:02:22.834 [main] INFO  utilities.UtilityCustomFunctions - PRIYAN entered in  input
16:02:24.915 [main] INFO  utilities.UtilityCustomFunctions - rsoft entered in  input
16:02:27.128 [main] INFO  utilities.UtilityCustomFunctions - RSoft!@345 entered in  input
16:02:38.651 [main] INFO  testCases.WebForms.TC004_WF_AllValidUser_ConditionAllYes - Clicked Avatar
16:02:43.195 [main] INFO  testCases.WebForms.TC004_WF_AllValidUser_ConditionAllYes - Clicked Menu CRM Setting
16:02:45.480 [main] INFO  testCases.WebForms.TC004_WF_AllValidUser_ConditionAllYes - Clicked Menu User Access Control
16:02:57.185 [main] INFO  testCases.WebForms.TC004_WF_AllValidUser_ConditionAllYes - Clicked Avatar
16:03:01.193 [main] INFO  testCases.WebForms.TC004_WF_AllValidUser_ConditionAllYes - Clicked Menu CRM Setting
16:03:03.460 [main] INFO  testCases.WebForms.TC004_WF_AllValidUser_ConditionAllYes - Clicked Menu User Access Control
16:03:14.684 [main] INFO  testCases.WebForms.TC004_WF_AllValidUser_ConditionAllYes - Clicked Avatar
16:03:18.660 [main] INFO  testCases.WebForms.TC004_WF_AllValidUser_ConditionAllYes - Clicked Menu CRM Setting
16:03:20.866 [main] INFO  testCases.WebForms.TC004_WF_AllValidUser_ConditionAllYes - Clicked Menu User Access Control
16:03:31.835 [main] INFO  testCases.WebForms.TC004_WF_AllValidUser_ConditionAllYes - Clicked Avatar
16:03:35.760 [main] INFO  testCases.WebForms.TC004_WF_AllValidUser_ConditionAllYes - Clicked Menu CRM Setting
16:03:37.992 [main] INFO  testCases.WebForms.TC004_WF_AllValidUser_ConditionAllYes - Clicked Menu User Access Control
16:03:50.236 [main] INFO  testCases.WebForms.TC004_WF_AllValidUser_ConditionAllYes - Clicked Avatar
16:03:54.758 [main] INFO  testCases.WebForms.TC004_WF_AllValidUser_ConditionAllYes - Clicked Menu CRM Setting
16:03:57.175 [main] INFO  testCases.WebForms.TC004_WF_AllValidUser_ConditionAllYes - Clicked Menu User Access Control
16:04:08.301 [main] INFO  testCases.WebForms.TC004_WF_AllValidUser_ConditionAllYes - Clicked Avatar
16:04:12.430 [main] INFO  testCases.WebForms.TC004_WF_AllValidUser_ConditionAllYes - Clicked Menu CRM Setting
16:04:14.750 [main] INFO  testCases.WebForms.TC004_WF_AllValidUser_ConditionAllYes - Clicked Menu User Access Control
16:04:26.469 [main] INFO  testCases.WebForms.TC004_WF_AllValidUser_ConditionAllYes - Clicked Avatar
16:04:30.525 [main] INFO  testCases.WebForms.TC004_WF_AllValidUser_ConditionAllYes - Clicked Menu CRM Setting
16:04:30.706 [main] INFO  testCases.WebForms.TC004_WF_AllValidUser_ConditionAllYes - Clicked Integration
16:04:43.078 [main] INFO  testCases.WebForms.TC004_WF_AllValidUser_ConditionAllYes - [ETNotification Webform] is selected in List
16:04:47.626 [main] INFO  testCases.WebForms.TC004_WF_AllValidUser_ConditionAllYes - [ETNotification Webform] is selected in List
16:06:36.839 [main] INFO  testCases.WebForms.TC004_WF_AllValidUser_ConditionAllYes - Test Execution on Browser: chrome
16:06:37.005 [main] INFO  testCases.WebForms.TC004_WF_AllValidUser_ConditionAllYes - Excel file Utility instance created
16:06:39.150 [main] INFO  testCases.WebForms.TC004_WF_AllValidUser_ConditionAllYes - Row Count is: 9
16:06:39.319 [main] INFO  testCases.WebForms.TC004_WF_AllValidUser_ConditionAllYes - Col Count is: 13
16:06:39.320 [main] INFO  testCases.WebForms.TC004_WF_AllValidUser_ConditionAllYes - Extracting DataSheet Values started...
16:06:45.959 [main] INFO  utilities.UtilityCustomFunctions - PRIYAN entered in  input
16:06:47.492 [main] INFO  utilities.UtilityCustomFunctions - rsoft entered in  input
16:06:49.202 [main] INFO  utilities.UtilityCustomFunctions - RSoft!@345 entered in  input
16:06:59.508 [main] INFO  testCases.WebForms.TC004_WF_AllValidUser_ConditionAllYes - Clicked Avatar
16:07:03.541 [main] INFO  testCases.WebForms.TC004_WF_AllValidUser_ConditionAllYes - Clicked Menu CRM Setting
16:07:05.722 [main] INFO  testCases.WebForms.TC004_WF_AllValidUser_ConditionAllYes - Clicked Menu User Access Control
16:07:10.653 [main] INFO  testCases.WebForms.TC004_WF_AllValidUser_ConditionAllYes - Clicked Avatar
16:07:14.523 [main] INFO  testCases.WebForms.TC004_WF_AllValidUser_ConditionAllYes - Clicked Menu CRM Setting
16:07:14.641 [main] INFO  testCases.WebForms.TC004_WF_AllValidUser_ConditionAllYes - Clicked Integration
16:07:26.657 [main] INFO  testCases.WebForms.TC004_WF_AllValidUser_ConditionAllYes - [ETNotification Webform] is selected in List
16:07:31.157 [main] INFO  testCases.WebForms.TC004_WF_AllValidUser_ConditionAllYes - [ETNotification Webform] is selected in List
16:09:14.251 [main] INFO  testCases.WebForms.TC004_WF_AllValidUser_ConditionAllYes - Test Execution on Browser: chrome
16:09:14.364 [main] INFO  testCases.WebForms.TC004_WF_AllValidUser_ConditionAllYes - Excel file Utility instance created
16:09:15.915 [main] INFO  testCases.WebForms.TC004_WF_AllValidUser_ConditionAllYes - Row Count is: 9
16:09:16.073 [main] INFO  testCases.WebForms.TC004_WF_AllValidUser_ConditionAllYes - Col Count is: 13
16:09:16.073 [main] INFO  testCases.WebForms.TC004_WF_AllValidUser_ConditionAllYes - Extracting DataSheet Values started...
16:09:22.628 [main] INFO  utilities.UtilityCustomFunctions - PRIYAN entered in  input
16:09:25.218 [main] INFO  utilities.UtilityCustomFunctions - rsoft entered in  input
16:09:27.314 [main] INFO  utilities.UtilityCustomFunctions - RSoft!@345 entered in  input
16:09:39.426 [main] INFO  testCases.WebForms.TC004_WF_AllValidUser_ConditionAllYes - Clicked Avatar
16:09:43.954 [main] INFO  testCases.WebForms.TC004_WF_AllValidUser_ConditionAllYes - Clicked Menu CRM Setting
16:09:46.275 [main] INFO  testCases.WebForms.TC004_WF_AllValidUser_ConditionAllYes - Clicked Menu User Access Control
16:09:51.150 [main] INFO  testCases.WebForms.TC004_WF_AllValidUser_ConditionAllYes - Clicked Avatar
16:09:55.135 [main] INFO  testCases.WebForms.TC004_WF_AllValidUser_ConditionAllYes - Clicked Menu CRM Setting
16:09:55.305 [main] INFO  testCases.WebForms.TC004_WF_AllValidUser_ConditionAllYes - Clicked Integration
16:10:07.223 [main] INFO  testCases.WebForms.TC004_WF_AllValidUser_ConditionAllYes - [ETNotification Webform] is selected in List
16:10:11.749 [main] INFO  testCases.WebForms.TC004_WF_AllValidUser_ConditionAllYes - [ETNotification Webform] is selected in List
16:25:25.745 [main] INFO  testCases.WebForms.TC004_WF_AllValidUser_ConditionAllYes - Test Execution on Browser: chrome
16:25:25.853 [main] INFO  testCases.WebForms.TC004_WF_AllValidUser_ConditionAllYes - Excel file Utility instance created
16:25:27.296 [main] INFO  testCases.WebForms.TC004_WF_AllValidUser_ConditionAllYes - Row Count is: 9
16:25:27.381 [main] INFO  testCases.WebForms.TC004_WF_AllValidUser_ConditionAllYes - Col Count is: 13
16:25:27.381 [main] INFO  testCases.WebForms.TC004_WF_AllValidUser_ConditionAllYes - Extracting DataSheet Values started...
16:25:33.546 [main] INFO  utilities.UtilityCustomFunctions - PRIYAN entered in  input
16:25:35.398 [main] INFO  utilities.UtilityCustomFunctions - rsoft entered in  input
16:25:37.543 [main] INFO  utilities.UtilityCustomFunctions - RSoft!@345 entered in  input
16:25:50.495 [main] INFO  testCases.WebForms.TC004_WF_AllValidUser_ConditionAllYes - Clicked Avatar
16:25:54.744 [main] INFO  testCases.WebForms.TC004_WF_AllValidUser_ConditionAllYes - Clicked Menu CRM Setting
16:25:57.011 [main] INFO  testCases.WebForms.TC004_WF_AllValidUser_ConditionAllYes - Clicked Menu User Access Control
16:26:01.894 [main] INFO  testCases.WebForms.TC004_WF_AllValidUser_ConditionAllYes - Clicked Avatar
16:26:05.643 [main] INFO  testCases.WebForms.TC004_WF_AllValidUser_ConditionAllYes - Clicked Menu CRM Setting
16:26:05.812 [main] INFO  testCases.WebForms.TC004_WF_AllValidUser_ConditionAllYes - Clicked Integration
16:26:17.878 [main] INFO  testCases.WebForms.TC004_WF_AllValidUser_ConditionAllYes - [ETNotification Webform] is selected in List
16:26:22.519 [main] INFO  testCases.WebForms.TC004_WF_AllValidUser_ConditionAllYes - [ETNotification Webform] is selected in List
16:29:36.929 [main] INFO  testCases.WebForms.TC004_WF_AllValidUser_ConditionAllYes - Test Execution on Browser: chrome
16:29:37.023 [main] INFO  testCases.WebForms.TC004_WF_AllValidUser_ConditionAllYes - Excel file Utility instance created
16:29:38.617 [main] INFO  testCases.WebForms.TC004_WF_AllValidUser_ConditionAllYes - Row Count is: 9
16:29:38.724 [main] INFO  testCases.WebForms.TC004_WF_AllValidUser_ConditionAllYes - Col Count is: 13
16:29:38.725 [main] INFO  testCases.WebForms.TC004_WF_AllValidUser_ConditionAllYes - Extracting DataSheet Values started...
16:29:45.178 [main] INFO  utilities.UtilityCustomFunctions - PRIYAN entered in  input
16:29:46.926 [main] INFO  utilities.UtilityCustomFunctions - rsoft entered in  input
16:29:48.642 [main] INFO  utilities.UtilityCustomFunctions - RSoft!@345 entered in  input
16:29:59.640 [main] INFO  testCases.WebForms.TC004_WF_AllValidUser_ConditionAllYes - Clicked Avatar
16:30:03.861 [main] INFO  testCases.WebForms.TC004_WF_AllValidUser_ConditionAllYes - Clicked Menu CRM Setting
16:30:06.107 [main] INFO  testCases.WebForms.TC004_WF_AllValidUser_ConditionAllYes - Clicked Menu User Access Control
16:30:11.055 [main] INFO  testCases.WebForms.TC004_WF_AllValidUser_ConditionAllYes - Clicked Avatar
16:30:14.930 [main] INFO  testCases.WebForms.TC004_WF_AllValidUser_ConditionAllYes - Clicked Menu CRM Setting
16:30:15.076 [main] INFO  testCases.WebForms.TC004_WF_AllValidUser_ConditionAllYes - Clicked Integration
16:30:27.381 [main] INFO  testCases.WebForms.TC004_WF_AllValidUser_ConditionAllYes - [ETNotification Webform] is selected in List
16:30:31.973 [main] INFO  testCases.WebForms.TC004_WF_AllValidUser_ConditionAllYes - [ETNotification Webform] is selected in List
16:33:04.057 [main] INFO  testCases.WebForms.TC004_WF_AllValidUser_ConditionAllYes - Test Execution on Browser: chrome
16:33:04.167 [main] INFO  testCases.WebForms.TC004_WF_AllValidUser_ConditionAllYes - Excel file Utility instance created
16:33:05.531 [main] INFO  testCases.WebForms.TC004_WF_AllValidUser_ConditionAllYes - Row Count is: 9
16:33:05.706 [main] INFO  testCases.WebForms.TC004_WF_AllValidUser_ConditionAllYes - Col Count is: 13
16:33:05.707 [main] INFO  testCases.WebForms.TC004_WF_AllValidUser_ConditionAllYes - Extracting DataSheet Values started...
16:33:12.466 [main] INFO  utilities.UtilityCustomFunctions - PRIYAN entered in  input
16:33:14.275 [main] INFO  utilities.UtilityCustomFunctions - rsoft entered in  input
16:33:15.960 [main] INFO  utilities.UtilityCustomFunctions - RSoft!@345 entered in  input
16:33:27.160 [main] INFO  testCases.WebForms.TC004_WF_AllValidUser_ConditionAllYes - Clicked Avatar
16:33:31.146 [main] INFO  testCases.WebForms.TC004_WF_AllValidUser_ConditionAllYes - Clicked Menu CRM Setting
16:33:33.342 [main] INFO  testCases.WebForms.TC004_WF_AllValidUser_ConditionAllYes - Clicked Menu User Access Control
16:33:38.096 [main] INFO  testCases.WebForms.TC004_WF_AllValidUser_ConditionAllYes - Clicked Avatar
16:33:41.974 [main] INFO  testCases.WebForms.TC004_WF_AllValidUser_ConditionAllYes - Clicked Menu CRM Setting
16:33:42.110 [main] INFO  testCases.WebForms.TC004_WF_AllValidUser_ConditionAllYes - Clicked Integration
16:33:54.110 [main] INFO  testCases.WebForms.TC004_WF_AllValidUser_ConditionAllYes - [ETNotification Webform] is selected in List
16:33:58.680 [main] INFO  testCases.WebForms.TC004_WF_AllValidUser_ConditionAllYes - [ETNotification Webform] is selected in List
16:35:27.664 [main] INFO  testCases.WebForms.TC004_WF_AllValidUser_ConditionAllYes - Test Execution on Browser: chrome
16:35:27.767 [main] INFO  testCases.WebForms.TC004_WF_AllValidUser_ConditionAllYes - Excel file Utility instance created
16:35:29.277 [main] INFO  testCases.WebForms.TC004_WF_AllValidUser_ConditionAllYes - Row Count is: 9
16:35:29.378 [main] INFO  testCases.WebForms.TC004_WF_AllValidUser_ConditionAllYes - Col Count is: 13
16:35:29.378 [main] INFO  testCases.WebForms.TC004_WF_AllValidUser_ConditionAllYes - Extracting DataSheet Values started...
16:35:35.686 [main] INFO  utilities.UtilityCustomFunctions - PRIYAN entered in  input
16:35:37.519 [main] INFO  utilities.UtilityCustomFunctions - rsoft entered in  input
16:35:39.369 [main] INFO  utilities.UtilityCustomFunctions - RSoft!@345 entered in  input
16:35:50.082 [main] INFO  testCases.WebForms.TC004_WF_AllValidUser_ConditionAllYes - Clicked Avatar
16:35:54.173 [main] INFO  testCases.WebForms.TC004_WF_AllValidUser_ConditionAllYes - Clicked Menu CRM Setting
16:35:56.384 [main] INFO  testCases.WebForms.TC004_WF_AllValidUser_ConditionAllYes - Clicked Menu User Access Control
16:36:02.001 [main] INFO  testCases.WebForms.TC004_WF_AllValidUser_ConditionAllYes - Clicked Avatar
16:36:05.904 [main] INFO  testCases.WebForms.TC004_WF_AllValidUser_ConditionAllYes - Clicked Menu CRM Setting
16:36:06.045 [main] INFO  testCases.WebForms.TC004_WF_AllValidUser_ConditionAllYes - Clicked Integration
16:36:18.224 [main] INFO  testCases.WebForms.TC004_WF_AllValidUser_ConditionAllYes - [ETNotification Webform] is selected in List
16:36:22.743 [main] INFO  testCases.WebForms.TC004_WF_AllValidUser_ConditionAllYes - [ETNotification Webform] is selected in List
16:39:07.917 [main] INFO  testCases.WebForms.TC004_WF_AllValidUser_ConditionAllYes - Test Execution on Browser: chrome
16:39:08.021 [main] INFO  testCases.WebForms.TC004_WF_AllValidUser_ConditionAllYes - Excel file Utility instance created
16:39:09.362 [main] INFO  testCases.WebForms.TC004_WF_AllValidUser_ConditionAllYes - Row Count is: 9
16:39:09.490 [main] INFO  testCases.WebForms.TC004_WF_AllValidUser_ConditionAllYes - Col Count is: 13
16:39:09.490 [main] INFO  testCases.WebForms.TC004_WF_AllValidUser_ConditionAllYes - Extracting DataSheet Values started...
16:39:15.850 [main] INFO  utilities.UtilityCustomFunctions - PRIYAN entered in  input
16:39:17.774 [main] INFO  utilities.UtilityCustomFunctions - rsoft entered in  input
16:39:19.868 [main] INFO  utilities.UtilityCustomFunctions - RSoft!@345 entered in  input
16:39:30.624 [main] INFO  testCases.WebForms.TC004_WF_AllValidUser_ConditionAllYes - Clicked Avatar
16:39:34.690 [main] INFO  testCases.WebForms.TC004_WF_AllValidUser_ConditionAllYes - Clicked Menu CRM Setting
16:39:36.884 [main] INFO  testCases.WebForms.TC004_WF_AllValidUser_ConditionAllYes - Clicked Menu User Access Control
16:39:41.763 [main] INFO  testCases.WebForms.TC004_WF_AllValidUser_ConditionAllYes - Clicked Avatar
16:39:45.637 [main] INFO  testCases.WebForms.TC004_WF_AllValidUser_ConditionAllYes - Clicked Menu CRM Setting
16:39:45.786 [main] INFO  testCases.WebForms.TC004_WF_AllValidUser_ConditionAllYes - Clicked Integration
16:39:58.163 [main] INFO  testCases.WebForms.TC004_WF_AllValidUser_ConditionAllYes - [ETNotification Webform] is selected in List
16:40:02.766 [main] INFO  testCases.WebForms.TC004_WF_AllValidUser_ConditionAllYes - [ETNotification Webform] is selected in List
16:43:15.058 [main] INFO  testCases.WebForms.TC004_WF_AllValidUser_ConditionAllYes - Test Execution on Browser: chrome
16:43:15.157 [main] INFO  testCases.WebForms.TC004_WF_AllValidUser_ConditionAllYes - Excel file Utility instance created
16:43:16.767 [main] INFO  testCases.WebForms.TC004_WF_AllValidUser_ConditionAllYes - Row Count is: 9
16:43:16.890 [main] INFO  testCases.WebForms.TC004_WF_AllValidUser_ConditionAllYes - Col Count is: 13
16:43:16.890 [main] INFO  testCases.WebForms.TC004_WF_AllValidUser_ConditionAllYes - Extracting DataSheet Values started...
16:43:23.586 [main] INFO  utilities.UtilityCustomFunctions - PRIYAN entered in  input
16:43:25.728 [main] INFO  utilities.UtilityCustomFunctions - rsoft entered in  input
16:43:27.702 [main] INFO  utilities.UtilityCustomFunctions - RSoft!@345 entered in  input
16:43:39.058 [main] INFO  testCases.WebForms.TC004_WF_AllValidUser_ConditionAllYes - Clicked Avatar
16:43:43.151 [main] INFO  testCases.WebForms.TC004_WF_AllValidUser_ConditionAllYes - Clicked Menu CRM Setting
16:43:45.390 [main] INFO  testCases.WebForms.TC004_WF_AllValidUser_ConditionAllYes - Clicked Menu User Access Control
16:43:50.199 [main] INFO  testCases.WebForms.TC004_WF_AllValidUser_ConditionAllYes - Clicked Avatar
16:43:54.013 [main] INFO  testCases.WebForms.TC004_WF_AllValidUser_ConditionAllYes - Clicked Menu CRM Setting
16:43:54.219 [main] INFO  testCases.WebForms.TC004_WF_AllValidUser_ConditionAllYes - Clicked Integration
16:44:06.144 [main] INFO  testCases.WebForms.TC004_WF_AllValidUser_ConditionAllYes - [ETNotification Webform] is selected in List
16:44:10.684 [main] INFO  testCases.WebForms.TC004_WF_AllValidUser_ConditionAllYes - [ETNotification Webform] is selected in List
16:48:30.430 [main] INFO  testCases.WebForms.TC004_WF_AllValidUser_ConditionAllYes - Test Execution on Browser: chrome
16:48:30.527 [main] INFO  testCases.WebForms.TC004_WF_AllValidUser_ConditionAllYes - Excel file Utility instance created
16:48:32.046 [main] INFO  testCases.WebForms.TC004_WF_AllValidUser_ConditionAllYes - Row Count is: 9
16:48:32.126 [main] INFO  testCases.WebForms.TC004_WF_AllValidUser_ConditionAllYes - Col Count is: 13
16:48:32.126 [main] INFO  testCases.WebForms.TC004_WF_AllValidUser_ConditionAllYes - Extracting DataSheet Values started...
16:48:36.929 [main] INFO  utilities.UtilityCustomFunctions - PRIYAN entered in  input
16:48:38.606 [main] INFO  utilities.UtilityCustomFunctions - rsoft entered in  input
16:48:40.407 [main] INFO  utilities.UtilityCustomFunctions - RSoft!@345 entered in  input
16:48:55.739 [main] INFO  testCases.WebForms.TC004_WF_AllValidUser_ConditionAllYes - Clicked Avatar
16:48:59.875 [main] INFO  testCases.WebForms.TC004_WF_AllValidUser_ConditionAllYes - Clicked Menu CRM Setting
16:49:02.069 [main] INFO  testCases.WebForms.TC004_WF_AllValidUser_ConditionAllYes - Clicked Menu User Access Control
16:49:07.007 [main] INFO  testCases.WebForms.TC004_WF_AllValidUser_ConditionAllYes - Clicked Avatar
16:49:10.909 [main] INFO  testCases.WebForms.TC004_WF_AllValidUser_ConditionAllYes - Clicked Menu CRM Setting
16:49:11.067 [main] INFO  testCases.WebForms.TC004_WF_AllValidUser_ConditionAllYes - Clicked Integration
16:49:23.058 [main] INFO  testCases.WebForms.TC004_WF_AllValidUser_ConditionAllYes - [ETNotification Webform] is selected in List
16:49:27.647 [main] INFO  testCases.WebForms.TC004_WF_AllValidUser_ConditionAllYes - [ETNotification Webform] is selected in List
16:52:34.283 [main] INFO  testCases.WebForms.TC004_WF_AllValidUser_ConditionAllYes - Test Execution on Browser: chrome
16:52:34.395 [main] INFO  testCases.WebForms.TC004_WF_AllValidUser_ConditionAllYes - Excel file Utility instance created
16:52:36.100 [main] INFO  testCases.WebForms.TC004_WF_AllValidUser_ConditionAllYes - Row Count is: 9
16:52:36.299 [main] INFO  testCases.WebForms.TC004_WF_AllValidUser_ConditionAllYes - Col Count is: 13
16:52:36.299 [main] INFO  testCases.WebForms.TC004_WF_AllValidUser_ConditionAllYes - Extracting DataSheet Values started...
16:52:43.253 [main] INFO  utilities.UtilityCustomFunctions - PRIYAN entered in  input
16:52:45.287 [main] INFO  utilities.UtilityCustomFunctions - rsoft entered in  input
16:52:47.383 [main] INFO  utilities.UtilityCustomFunctions - RSoft!@345 entered in  input
16:52:57.700 [main] INFO  testCases.WebForms.TC004_WF_AllValidUser_ConditionAllYes - Clicked Avatar
16:53:01.813 [main] INFO  testCases.WebForms.TC004_WF_AllValidUser_ConditionAllYes - Clicked Menu CRM Setting
16:53:04.033 [main] INFO  testCases.WebForms.TC004_WF_AllValidUser_ConditionAllYes - Clicked Menu User Access Control
16:53:09.037 [main] INFO  testCases.WebForms.TC004_WF_AllValidUser_ConditionAllYes - Clicked Avatar
16:53:12.953 [main] INFO  testCases.WebForms.TC004_WF_AllValidUser_ConditionAllYes - Clicked Menu CRM Setting
16:53:13.124 [main] INFO  testCases.WebForms.TC004_WF_AllValidUser_ConditionAllYes - Clicked Integration
16:53:25.129 [main] INFO  testCases.WebForms.TC004_WF_AllValidUser_ConditionAllYes - [ETNotification Webform] is selected in List
16:53:29.658 [main] INFO  testCases.WebForms.TC004_WF_AllValidUser_ConditionAllYes - [ETNotification Webform] is selected in List
16:57:43.420 [main] INFO  testCases.WebForms.TC004_WF_AllValidUser_ConditionAllYes - Test Execution on Browser: chrome
16:57:43.523 [main] INFO  testCases.WebForms.TC004_WF_AllValidUser_ConditionAllYes - Excel file Utility instance created
16:57:45.073 [main] INFO  testCases.WebForms.TC004_WF_AllValidUser_ConditionAllYes - Row Count is: 9
16:57:45.182 [main] INFO  testCases.WebForms.TC004_WF_AllValidUser_ConditionAllYes - Col Count is: 13
16:57:45.182 [main] INFO  testCases.WebForms.TC004_WF_AllValidUser_ConditionAllYes - Extracting DataSheet Values started...
16:57:52.952 [main] INFO  utilities.UtilityCustomFunctions - PRIYAN entered in  input
16:57:54.898 [main] INFO  utilities.UtilityCustomFunctions - rsoft entered in  input
16:57:56.785 [main] INFO  utilities.UtilityCustomFunctions - RSoft!@345 entered in  input
16:58:08.062 [main] INFO  testCases.WebForms.TC004_WF_AllValidUser_ConditionAllYes - Clicked Avatar
16:58:12.175 [main] INFO  testCases.WebForms.TC004_WF_AllValidUser_ConditionAllYes - Clicked Menu CRM Setting
16:58:14.442 [main] INFO  testCases.WebForms.TC004_WF_AllValidUser_ConditionAllYes - Clicked Menu User Access Control
16:58:19.298 [main] INFO  testCases.WebForms.TC004_WF_AllValidUser_ConditionAllYes - Clicked Avatar
16:58:23.288 [main] INFO  testCases.WebForms.TC004_WF_AllValidUser_ConditionAllYes - Clicked Menu CRM Setting
16:58:23.436 [main] INFO  testCases.WebForms.TC004_WF_AllValidUser_ConditionAllYes - Clicked Integration
16:58:35.482 [main] INFO  testCases.WebForms.TC004_WF_AllValidUser_ConditionAllYes - [ETNotification Webform] is selected in List
16:58:40.103 [main] INFO  testCases.WebForms.TC004_WF_AllValidUser_ConditionAllYes - [ETNotification Webform] is selected in List
17:25:17.261 [main] INFO  testCases.WebForms.TC004_WF_AllValidUser_ConditionAllYes - Test Execution on Browser: chrome
17:25:17.366 [main] INFO  testCases.WebForms.TC004_WF_AllValidUser_ConditionAllYes - Excel file Utility instance created
17:25:18.607 [main] INFO  testCases.WebForms.TC004_WF_AllValidUser_ConditionAllYes - Row Count is: 9
17:25:18.731 [main] INFO  testCases.WebForms.TC004_WF_AllValidUser_ConditionAllYes - Col Count is: 13
17:25:18.732 [main] INFO  testCases.WebForms.TC004_WF_AllValidUser_ConditionAllYes - Extracting DataSheet Values started...
17:25:24.754 [main] INFO  utilities.UtilityCustomFunctions - PRIYAN entered in  input
17:25:26.506 [main] INFO  utilities.UtilityCustomFunctions - rsoft entered in  input
17:25:28.290 [main] INFO  utilities.UtilityCustomFunctions - RSoft!@345 entered in  input
17:25:39.034 [main] INFO  testCases.WebForms.TC004_WF_AllValidUser_ConditionAllYes - Clicked Avatar
17:25:43.110 [main] INFO  testCases.WebForms.TC004_WF_AllValidUser_ConditionAllYes - Clicked Menu CRM Setting
17:25:45.303 [main] INFO  testCases.WebForms.TC004_WF_AllValidUser_ConditionAllYes - Clicked Menu User Access Control
17:25:50.119 [main] INFO  testCases.WebForms.TC004_WF_AllValidUser_ConditionAllYes - Clicked Avatar
17:25:53.973 [main] INFO  testCases.WebForms.TC004_WF_AllValidUser_ConditionAllYes - Clicked Menu CRM Setting
17:25:54.094 [main] INFO  testCases.WebForms.TC004_WF_AllValidUser_ConditionAllYes - Clicked Integration
17:26:05.997 [main] INFO  testCases.WebForms.TC004_WF_AllValidUser_ConditionAllYes - [ETNotification Webform] is selected in List
17:26:10.550 [main] INFO  testCases.WebForms.TC004_WF_AllValidUser_ConditionAllYes - [ETNotification Webform] is selected in List
17:29:17.447 [main] INFO  testCases.WebForms.TC001_WF_AllValidUser_NoCondition - Test Execution on Browser: chrome
17:29:17.569 [main] INFO  testCases.WebForms.TC001_WF_AllValidUser_NoCondition - Excel file Utility instance created
17:29:19.239 [main] INFO  testCases.WebForms.TC001_WF_AllValidUser_NoCondition - Row Count is: 9
17:29:19.484 [main] INFO  testCases.WebForms.TC001_WF_AllValidUser_NoCondition - Col Count is: 13
17:29:19.500 [main] INFO  testCases.WebForms.TC001_WF_AllValidUser_NoCondition - Extracting DataSheet Values started...
17:29:25.635 [main] INFO  utilities.UtilityCustomFunctions - PRIYAN entered in  input
17:29:27.855 [main] INFO  utilities.UtilityCustomFunctions - rsoft entered in  input
17:29:30.085 [main] INFO  utilities.UtilityCustomFunctions - RSoft!@345 entered in  input
17:29:40.280 [main] INFO  testCases.WebForms.TC001_WF_AllValidUser_NoCondition - Clicked Avatar
17:29:44.232 [main] INFO  testCases.WebForms.TC001_WF_AllValidUser_NoCondition - Clicked Menu CRM Setting
17:29:46.432 [main] INFO  testCases.WebForms.TC001_WF_AllValidUser_NoCondition - Clicked Menu User Access Control
17:29:57.201 [main] INFO  testCases.WebForms.TC001_WF_AllValidUser_NoCondition - Clicked Avatar
17:30:01.048 [main] INFO  testCases.WebForms.TC001_WF_AllValidUser_NoCondition - Clicked Menu CRM Setting
17:30:03.265 [main] INFO  testCases.WebForms.TC001_WF_AllValidUser_NoCondition - Clicked Menu User Access Control
17:30:14.059 [main] INFO  testCases.WebForms.TC001_WF_AllValidUser_NoCondition - Clicked Avatar
17:30:18.365 [main] INFO  testCases.WebForms.TC001_WF_AllValidUser_NoCondition - Clicked Menu CRM Setting
17:30:20.588 [main] INFO  testCases.WebForms.TC001_WF_AllValidUser_NoCondition - Clicked Menu User Access Control
17:30:31.329 [main] INFO  testCases.WebForms.TC001_WF_AllValidUser_NoCondition - Clicked Avatar
17:30:35.299 [main] INFO  testCases.WebForms.TC001_WF_AllValidUser_NoCondition - Clicked Menu CRM Setting
17:30:37.535 [main] INFO  testCases.WebForms.TC001_WF_AllValidUser_NoCondition - Clicked Menu User Access Control
17:30:49.591 [main] INFO  testCases.WebForms.TC001_WF_AllValidUser_NoCondition - Clicked Avatar
17:30:53.407 [main] INFO  testCases.WebForms.TC001_WF_AllValidUser_NoCondition - Clicked Menu CRM Setting
17:30:53.561 [main] INFO  testCases.WebForms.TC001_WF_AllValidUser_NoCondition - Clicked Integration
17:31:05.853 [main] INFO  testCases.WebForms.TC001_WF_AllValidUser_NoCondition - [ETNotification Webform] is selected in List
17:31:10.386 [main] INFO  testCases.WebForms.TC001_WF_AllValidUser_NoCondition - [ETNotification Webform] is selected in List
17:39:34.284 [main] INFO  testCases.WebForms.TC001_WF_AllValidUser_NoCondition - Test Execution on Browser: chrome
17:39:34.389 [main] INFO  testCases.WebForms.TC001_WF_AllValidUser_NoCondition - Excel file Utility instance created
17:39:35.994 [main] INFO  testCases.WebForms.TC001_WF_AllValidUser_NoCondition - Row Count is: 9
17:39:36.078 [main] INFO  testCases.WebForms.TC001_WF_AllValidUser_NoCondition - Col Count is: 13
17:39:36.078 [main] INFO  testCases.WebForms.TC001_WF_AllValidUser_NoCondition - Extracting DataSheet Values started...
17:39:42.023 [main] INFO  utilities.UtilityCustomFunctions - PRIYAN entered in  input
17:39:43.773 [main] INFO  utilities.UtilityCustomFunctions - rsoft entered in  input
17:39:46.007 [main] INFO  utilities.UtilityCustomFunctions - RSoft!@345 entered in  input
17:39:56.538 [main] INFO  testCases.WebForms.TC001_WF_AllValidUser_NoCondition - Clicked Avatar
17:40:00.825 [main] INFO  testCases.WebForms.TC001_WF_AllValidUser_NoCondition - Clicked Menu CRM Setting
17:40:00.962 [main] INFO  testCases.WebForms.TC001_WF_AllValidUser_NoCondition - Clicked Integration
17:40:12.924 [main] INFO  testCases.WebForms.TC001_WF_AllValidUser_NoCondition - [ETNotification Webform] is selected in List
17:40:17.541 [main] INFO  testCases.WebForms.TC001_WF_AllValidUser_NoCondition - [ETNotification Webform] is selected in List
17:40:37.463 [main] INFO  testCases.WebForms.TC001_WF_AllValidUser_NoCondition - Excel file Utility instance created
17:40:37.502 [main] INFO  testCases.WebForms.TC001_WF_AllValidUser_NoCondition - Row Count is: 9
17:40:37.557 [main] INFO  testCases.WebForms.TC001_WF_AllValidUser_NoCondition - Col Count is: 13
17:40:37.557 [main] INFO  testCases.WebForms.TC001_WF_AllValidUser_NoCondition - Extracting DataSheet Values started...
17:40:41.412 [main] INFO  testCases.WebForms.TC001_WF_AllValidUser_NoCondition - Survey Form Url Launched..
17:40:42.897 [main] INFO  testCases.WebForms.TC001_WF_AllValidUser_NoCondition - Build Url Pass
17:40:43.101 [main] INFO  utilities.UtilityCustomFunctions - PN Control Title :  Please type your phone number *
17:40:43.101 [main] INFO  utilities.UtilityCustomFunctions - Actual:Please type your phone number *
17:40:43.101 [main] INFO  utilities.UtilityCustomFunctions - Expected:Please type your phone number *
17:40:43.101 [main] INFO  utilities.UtilityCustomFunctions - Message:Phone Number Control Title
17:40:44.487 [main] INFO  testCases.WebForms.TC001_WF_AllValidUser_NoCondition - Validation of PhoneNumber Control Title
17:40:46.948 [main] INFO  testCases.WebForms.TC001_WF_AllValidUser_NoCondition - Phone Number Conrol Present
17:40:48.120 [main] INFO  utilities.UtilityCustomFunctions - 9202809562 entered in  input
17:40:49.600 [main] INFO  testCases.WebForms.TC001_WF_AllValidUser_NoCondition - Phone Number Entered
17:40:50.811 [main] INFO  testCases.WebForms.TC001_WF_AllValidUser_NoCondition - PhoneNumber Next Clicked
17:40:55.286 [main] INFO  testCases.WebForms.TC001_WF_AllValidUser_NoCondition - Email Control Present
17:40:55.317 [main] INFO  utilities.UtilityCustomFunctions - Email Control Title :  What is your email address? *
17:40:55.317 [main] INFO  utilities.UtilityCustomFunctions - Actual:What is your email address? *
17:40:55.317 [main] INFO  utilities.UtilityCustomFunctions - Expected:What is your email address? *
17:40:55.317 [main] INFO  utilities.UtilityCustomFunctions - Message:Email Control Title
17:40:56.752 [main] INFO  testCases.WebForms.TC001_WF_AllValidUser_NoCondition - Validation of Email Control Title
17:40:57.264 [main] INFO  utilities.UtilityCustomFunctions - sudhakar@rsoft.in entered in  input
17:40:57.295 [main] INFO  testCases.WebForms.TC001_WF_AllValidUser_NoCondition - Email Id Entered
17:40:58.854 [main] INFO  testCases.WebForms.TC001_WF_AllValidUser_NoCondition - Email Next Clicked
17:41:01.600 [main] INFO  testCases.WebForms.TC001_WF_AllValidUser_NoCondition - Text Question Conrol Present
17:41:01.632 [main] INFO  utilities.UtilityCustomFunctions - Text Question Choice Control Title :  Please type an answer ..! *
17:41:01.632 [main] INFO  utilities.UtilityCustomFunctions - Actual:Please type an answer ..! *
17:41:01.632 [main] INFO  utilities.UtilityCustomFunctions - Expected:Please type an answer ..! *
17:41:01.632 [main] INFO  utilities.UtilityCustomFunctions - Message:TextQuestion Control Title
17:41:03.003 [main] INFO  testCases.WebForms.TC001_WF_AllValidUser_NoCondition - Validation of TextQuestion Control Title
17:41:03.599 [main] INFO  utilities.UtilityCustomFunctions - Welcome to Automation...! entered in  textarea
17:41:03.611 [main] INFO  testCases.WebForms.TC001_WF_AllValidUser_NoCondition - Text Entered in TextAnswer Control
17:41:05.206 [main] INFO  testCases.WebForms.TC001_WF_AllValidUser_NoCondition - Text Question Next Clicked
17:41:08.438 [main] INFO  utilities.UtilityCustomFunctions - MS Control Title :  Select your choices..! *
17:41:08.438 [main] INFO  utilities.UtilityCustomFunctions -  Select your choices..! *
17:41:08.438 [main] INFO  utilities.UtilityCustomFunctions - Actual:Select your choices..! *
17:41:08.438 [main] INFO  utilities.UtilityCustomFunctions - Expected:Select your choices..! *
17:41:08.438 [main] INFO  utilities.UtilityCustomFunctions - Message:MultiSelect Control Title
17:41:09.853 [main] INFO  testCases.WebForms.TC001_WF_AllValidUser_NoCondition - Validation of MultiSelect Control Title
17:41:09.853 [main] INFO  utilities.UtilityCustomFunctions - MultiSelect Value:one
17:41:09.964 [main] INFO  utilities.UtilityCustomFunctions - MultiSelect Drop Down Button Clicked
17:41:09.964 [main] INFO  utilities.UtilityCustomFunctions - Expected MultiSelect Value count: 1
17:41:09.964 [main] INFO  utilities.UtilityCustomFunctions - Items in Multiselect Count: 5
17:41:12.029 [main] INFO  utilities.UtilityCustomFunctions - Item Selected in MultiSelect: one
17:41:35.016 [main] INFO  testCases.WebForms.TC001_WF_AllValidUser_NoCondition - Test Execution on Browser: chrome
17:41:35.143 [main] INFO  testCases.WebForms.TC001_WF_AllValidUser_NoCondition - Excel file Utility instance created
17:41:36.712 [main] INFO  testCases.WebForms.TC001_WF_AllValidUser_NoCondition - Row Count is: 9
17:41:36.822 [main] INFO  testCases.WebForms.TC001_WF_AllValidUser_NoCondition - Col Count is: 13
17:41:36.822 [main] INFO  testCases.WebForms.TC001_WF_AllValidUser_NoCondition - Extracting DataSheet Values started...
17:41:42.955 [main] INFO  utilities.UtilityCustomFunctions - PRIYAN entered in  input
17:41:44.888 [main] INFO  utilities.UtilityCustomFunctions - rsoft entered in  input
17:41:46.859 [main] INFO  utilities.UtilityCustomFunctions - RSoft!@345 entered in  input
17:41:57.449 [main] INFO  testCases.WebForms.TC001_WF_AllValidUser_NoCondition - Clicked Avatar
17:42:01.881 [main] INFO  testCases.WebForms.TC001_WF_AllValidUser_NoCondition - Clicked Menu CRM Setting
17:42:02.016 [main] INFO  testCases.WebForms.TC001_WF_AllValidUser_NoCondition - Clicked Integration
17:42:14.148 [main] INFO  testCases.WebForms.TC001_WF_AllValidUser_NoCondition - [ETNotification Webform] is selected in List
17:42:18.707 [main] INFO  testCases.WebForms.TC001_WF_AllValidUser_NoCondition - [ETNotification Webform] is selected in List
17:42:38.674 [main] INFO  testCases.WebForms.TC001_WF_AllValidUser_NoCondition - Excel file Utility instance created
17:42:38.704 [main] INFO  testCases.WebForms.TC001_WF_AllValidUser_NoCondition - Row Count is: 9
17:42:38.786 [main] INFO  testCases.WebForms.TC001_WF_AllValidUser_NoCondition - Col Count is: 13
17:42:38.786 [main] INFO  testCases.WebForms.TC001_WF_AllValidUser_NoCondition - Extracting DataSheet Values started...
17:45:00.841 [main] INFO  testCases.WebForms.TC001_WF_AllValidUser_NoCondition - Test Execution on Browser: chrome
17:45:00.945 [main] INFO  testCases.WebForms.TC001_WF_AllValidUser_NoCondition - Excel file Utility instance created
17:45:02.431 [main] INFO  testCases.WebForms.TC001_WF_AllValidUser_NoCondition - Row Count is: 9
17:45:02.607 [main] INFO  testCases.WebForms.TC001_WF_AllValidUser_NoCondition - Col Count is: 13
17:45:02.607 [main] INFO  testCases.WebForms.TC001_WF_AllValidUser_NoCondition - Extracting DataSheet Values started...
17:45:08.845 [main] INFO  utilities.UtilityCustomFunctions - PRIYAN entered in  input
17:45:10.510 [main] INFO  utilities.UtilityCustomFunctions - rsoft entered in  input
17:45:12.181 [main] INFO  utilities.UtilityCustomFunctions - RSoft!@345 entered in  input
17:45:25.717 [main] INFO  testCases.WebForms.TC001_WF_AllValidUser_NoCondition - Clicked Avatar
17:45:29.842 [main] INFO  testCases.WebForms.TC001_WF_AllValidUser_NoCondition - Clicked Menu CRM Setting
17:45:29.965 [main] INFO  testCases.WebForms.TC001_WF_AllValidUser_NoCondition - Clicked Integration
17:45:41.979 [main] INFO  testCases.WebForms.TC001_WF_AllValidUser_NoCondition - [ETNotification Webform] is selected in List
17:45:46.505 [main] INFO  testCases.WebForms.TC001_WF_AllValidUser_NoCondition - [ETNotification Webform] is selected in List
17:49:47.479 [main] INFO  testCases.WebForms.TC001_WF_AllValidUser_NoCondition - Test Execution on Browser: chrome
17:49:47.578 [main] INFO  testCases.WebForms.TC001_WF_AllValidUser_NoCondition - Excel file Utility instance created
17:49:49.118 [main] INFO  testCases.WebForms.TC001_WF_AllValidUser_NoCondition - Row Count is: 9
17:49:49.205 [main] INFO  testCases.WebForms.TC001_WF_AllValidUser_NoCondition - Col Count is: 13
17:49:49.205 [main] INFO  testCases.WebForms.TC001_WF_AllValidUser_NoCondition - Extracting DataSheet Values started...
17:49:56.025 [main] INFO  utilities.UtilityCustomFunctions - PRIYAN entered in  input
17:49:57.895 [main] INFO  utilities.UtilityCustomFunctions - rsoft entered in  input
17:49:59.597 [main] INFO  utilities.UtilityCustomFunctions - RSoft!@345 entered in  input
17:50:10.208 [main] INFO  testCases.WebForms.TC001_WF_AllValidUser_NoCondition - Clicked Avatar
17:50:14.255 [main] INFO  testCases.WebForms.TC001_WF_AllValidUser_NoCondition - Clicked Menu CRM Setting
