19:47:09.609 [main] INFO  testCases.TC008_WF2_SN_Daily - dCr2KGiHBrC2!@ entered in  input
19:48:20.258 [main] INFO  testCases.TC009_WF3_SN_Weekly - ******starting WF Schedule Notify Weekly****
19:48:20.258 [main] INFO  testCases.TC009_WF3_SN_Weekly - Test Execution on Browser: chrome
19:48:20.258 [main] INFO  testCases.TC009_WF3_SN_Weekly - Excel file Utility instance created
19:48:20.325 [main] INFO  testCases.TC009_WF3_SN_Weekly - Row Count is: 1
19:48:20.366 [main] INFO  testCases.TC009_WF3_SN_Weekly - Col Count is: 52
19:48:20.366 [main] INFO  testCases.TC009_WF3_SN_Weekly - Extracting DataSheet Values started...
19:48:23.592 [main] INFO  testCases.TC009_WF3_SN_Weekly - PN1:3928270941
19:48:23.593 [main] INFO  testCases.TC009_WF3_SN_Weekly - PN2:5254558538
19:48:23.593 [main] INFO  testCases.TC009_WF3_SN_Weekly - PN3:6178382910
19:48:23.593 [main] INFO  testCases.TC009_WF3_SN_Weekly - PN4:1405389051
19:48:32.698 [main] INFO  testCases.TC009_WF3_SN_Weekly - PRIYAN entered in  input
19:48:34.302 [main] INFO  testCases.TC009_WF3_SN_Weekly - Sudhakar entered in  input
19:48:36.009 [main] INFO  testCases.TC009_WF3_SN_Weekly - Automation@123 entered in  input
19:48:41.027 [main] INFO  testCases.TC009_WF3_SN_Weekly - CRM Login Success with:Sudhakar
19:48:41.030 [main] INFO  testCases.TC009_WF3_SN_Weekly - User: Sudhakar Passed : Actual Value is: Login SuccessExpected Value is: Login Success
19:48:48.012 [main] INFO  testCases.TC009_WF3_SN_Weekly - Clicked Avatar
19:48:50.024 [main] INFO  testCases.TC009_WF3_SN_Weekly - Clicked Menu CRM Setting
19:48:50.316 [main] INFO  testCases.TC009_WF3_SN_Weekly - Clicked Menu Other Setting
19:48:52.954 [main] INFO  testCases.TC009_WF3_SN_Weekly - Clicked Menu Item Workflow
19:48:53.415 [main] INFO  testCases.TC009_WF3_SN_Weekly - Clicked Workflow from Combox Box List
19:48:55.416 [main] INFO  testCases.TC009_WF3_SN_Weekly - Item to be selected:  CRMScheduleNotification Workflow
19:49:02.106 [main] INFO  testCases.TC009_WF3_SN_Weekly - [CRMScheduleNotification Workflow] is selected in List
19:49:02.106 [main] INFO  testCases.TC009_WF3_SN_Weekly - Item selected in combox Box  CRMScheduleNotification Workflow
19:49:03.114 [main] INFO  testCases.TC009_WF3_SN_Weekly - Selected Module to View its Workflows
19:49:03.147 [main] INFO  testCases.TC009_WF3_SN_Weekly - Current Workflow Row item: 1
19:49:03.219 [main] INFO  testCases.TC009_WF3_SN_Weekly - Current style of Worflow Status Element captured
19:49:03.219 [main] INFO  testCases.TC009_WF3_SN_Weekly - Workflow status: of row item: 1 false
19:49:03.296 [main] INFO  testCases.TC009_WF3_SN_Weekly - Actual Module Name:  CRMScheduleNotification
19:49:03.296 [main] INFO  testCases.TC009_WF3_SN_Weekly - Actual Workflow Name:  WF6_ScheduleNotify_Yearly
19:49:03.296 [main] INFO  testCases.TC009_WF3_SN_Weekly - Actual Exec Condition Name:  schedule
19:49:03.296 [main] INFO  testCases.TC009_WF3_SN_Weekly - Module,workflow,conditions not matched 
19:49:03.296 [main] INFO  testCases.TC009_WF3_SN_Weekly - bCurrentWFStatus: false
19:49:03.296 [main] INFO  testCases.TC009_WF3_SN_Weekly - Current Workflow Row item: 2
19:49:03.384 [main] INFO  testCases.TC009_WF3_SN_Weekly - Current style of Worflow Status Element captured
19:49:03.385 [main] INFO  testCases.TC009_WF3_SN_Weekly - Workflow status: of row item: 2 false
19:49:03.445 [main] INFO  testCases.TC009_WF3_SN_Weekly - Actual Module Name:  CRMScheduleNotification
19:49:03.445 [main] INFO  testCases.TC009_WF3_SN_Weekly - Actual Workflow Name:  WF5_ScheduleNotify_MonthByDate
19:49:03.445 [main] INFO  testCases.TC009_WF3_SN_Weekly - Actual Exec Condition Name:  schedule
19:49:03.445 [main] INFO  testCases.TC009_WF3_SN_Weekly - Module,workflow,conditions not matched 
19:49:03.445 [main] INFO  testCases.TC009_WF3_SN_Weekly - bCurrentWFStatus: false
19:49:03.445 [main] INFO  testCases.TC009_WF3_SN_Weekly - Current Workflow Row item: 3
19:49:03.514 [main] INFO  testCases.TC009_WF3_SN_Weekly - Current style of Worflow Status Element captured
19:49:03.514 [main] INFO  testCases.TC009_WF3_SN_Weekly - Workflow status: of row item: 3 false
19:49:03.570 [main] INFO  testCases.TC009_WF3_SN_Weekly - Actual Module Name:  CRMScheduleNotification
19:49:03.570 [main] INFO  testCases.TC009_WF3_SN_Weekly - Actual Workflow Name:  WF4_ScheduleNotify_SpecificDate
19:49:03.570 [main] INFO  testCases.TC009_WF3_SN_Weekly - Actual Exec Condition Name:  schedule
19:49:03.570 [main] INFO  testCases.TC009_WF3_SN_Weekly - Module,workflow,conditions not matched 
19:49:03.570 [main] INFO  testCases.TC009_WF3_SN_Weekly - bCurrentWFStatus: false
19:49:03.570 [main] INFO  testCases.TC009_WF3_SN_Weekly - Current Workflow Row item: 4
19:49:03.647 [main] INFO  testCases.TC009_WF3_SN_Weekly - Current style of Worflow Status Element captured
19:49:03.647 [main] INFO  testCases.TC009_WF3_SN_Weekly - Workflow status: of row item: 4 false
19:49:03.726 [main] INFO  testCases.TC009_WF3_SN_Weekly - Actual Module Name:  CRMScheduleNotification
19:49:03.726 [main] INFO  testCases.TC009_WF3_SN_Weekly - Actual Workflow Name:  WF3_ScheduleNotify_Weekly
19:49:03.726 [main] INFO  testCases.TC009_WF3_SN_Weekly - Actual Exec Condition Name:  schedule
19:49:03.726 [main] INFO  testCases.TC009_WF3_SN_Weekly - Module,workflow,condition matches
19:49:03.726 [main] INFO  testCases.TC009_WF3_SN_Weekly - bCurrentWFStatus: false
19:49:03.726 [main] INFO  testCases.TC009_WF3_SN_Weekly - Current Workflow Row item: 5
19:49:03.793 [main] INFO  testCases.TC009_WF3_SN_Weekly - Current style of Worflow Status Element captured
19:49:03.793 [main] INFO  testCases.TC009_WF3_SN_Weekly - Workflow status: of row item: 5 true
19:49:03.839 [main] INFO  testCases.TC009_WF3_SN_Weekly - Actual Module Name:  CRMScheduleNotification
19:49:03.840 [main] INFO  testCases.TC009_WF3_SN_Weekly - Actual Workflow Name:  WF2_ScheduleNotify_Daily
19:49:03.840 [main] INFO  testCases.TC009_WF3_SN_Weekly - Actual Exec Condition Name:  schedule
19:49:03.840 [main] INFO  testCases.TC009_WF3_SN_Weekly - Module,workflow,conditions not matched 
19:49:03.840 [main] INFO  testCases.TC009_WF3_SN_Weekly - bCurrentWFStatus: true
19:49:03.906 [main] INFO  testCases.TC009_WF3_SN_Weekly - WF2_ScheduleNotify_DailyWorkflow disabled manually
19:49:03.906 [main] INFO  testCases.TC009_WF3_SN_Weekly - Current Workflow Row item: 6
19:49:03.972 [main] INFO  testCases.TC009_WF3_SN_Weekly - Current style of Worflow Status Element captured
19:49:03.973 [main] INFO  testCases.TC009_WF3_SN_Weekly - Workflow status: of row item: 6 false
19:49:04.029 [main] INFO  testCases.TC009_WF3_SN_Weekly - Actual Module Name:  CRMScheduleNotification
19:49:04.029 [main] INFO  testCases.TC009_WF3_SN_Weekly - Actual Workflow Name:  WF1_ScheduleNotify_Hourly
19:49:04.029 [main] INFO  testCases.TC009_WF3_SN_Weekly - Actual Exec Condition Name:  schedule
19:49:04.029 [main] INFO  testCases.TC009_WF3_SN_Weekly - Module,workflow,conditions not matched 
19:49:04.029 [main] INFO  testCases.TC009_WF3_SN_Weekly - bCurrentWFStatus: false
19:49:04.118 [main] INFO  testCases.TC009_WF3_SN_Weekly - WF1_ScheduleNotify_HourlyDisabled Workflow Manually Enabled
19:49:04.118 [main] INFO  testCases.TC009_WF3_SN_Weekly - true:4
19:49:09.308 [main] INFO  testCases.TC009_WF3_SN_Weekly - Work flow clicked
19:49:13.484 [main] INFO  testCases.TC009_WF3_SN_Weekly - Cliked Step 1 Next Button to Condition Page
19:49:16.773 [main] INFO  testCases.TC009_WF3_SN_Weekly - Cliked Step 2 Next Button to Task List Page
19:49:17.774 [main] INFO  testCases.TC009_WF3_SN_Weekly - Clicked Workflow and Navigated to Task Page
19:49:17.799 [main] INFO  testCases.TC009_WF3_SN_Weekly - Number of Tasks Listed for this Workflow: WF3_ScheduleNotify_Weekly : 1
19:49:17.839 [main] INFO  testCases.TC009_WF3_SN_Weekly - Is Task Active: 1 : true
19:49:18.034 [main] INFO  testCases.TC009_WF3_SN_Weekly - Retrieved Action Type:Send notification
19:49:18.034 [main] INFO  testCases.TC009_WF3_SN_Weekly - Retrieved Action Title:TriggerWeeklyNotify
19:49:18.034 [main] INFO  testCases.TC009_WF3_SN_Weekly - Action Type and Action Tile matches and also Task Button Enabled
19:49:20.899 [main] INFO  testCases.TC009_WF3_SN_Weekly - Clicked Workflow and Navigated to Task Page
19:49:20.900 [main] INFO  testCases.TC009_WF3_SN_Weekly - Task Active Send notification  TriggerWeeklyNotify
19:49:26.534 [main] INFO  testCases.TC009_WF3_SN_Weekly - Actual List Item:1is: Leads
19:49:26.534 [main] INFO  testCases.TC009_WF3_SN_Weekly - Expected List Item:CRMScheduleNotification
19:49:26.608 [main] INFO  testCases.TC009_WF3_SN_Weekly - Actual List Item:2is: Tickets
19:49:26.608 [main] INFO  testCases.TC009_WF3_SN_Weekly - Expected List Item:CRMScheduleNotification
19:49:26.686 [main] INFO  testCases.TC009_WF3_SN_Weekly - Actual List Item:3is: ENQUIRY MODULE
19:49:26.686 [main] INFO  testCases.TC009_WF3_SN_Weekly - Expected List Item:CRMScheduleNotification
19:49:26.762 [main] INFO  testCases.TC009_WF3_SN_Weekly - Actual List Item:4is: LEAD MODULE
19:49:26.764 [main] INFO  testCases.TC009_WF3_SN_Weekly - Expected List Item:CRMScheduleNotification
19:49:26.902 [main] INFO  testCases.TC009_WF3_SN_Weekly - Actual List Item:5is: OPPORTUNITY MODULE
19:49:26.902 [main] INFO  testCases.TC009_WF3_SN_Weekly - Expected List Item:CRMScheduleNotification
19:49:26.967 [main] INFO  testCases.TC009_WF3_SN_Weekly - Actual List Item:6is: PRIYAN TM ONE
19:49:26.967 [main] INFO  testCases.TC009_WF3_SN_Weekly - Expected List Item:CRMScheduleNotification
19:49:27.032 [main] INFO  testCases.TC009_WF3_SN_Weekly - Actual List Item:7is: PRIYAN TM TWO
19:49:27.032 [main] INFO  testCases.TC009_WF3_SN_Weekly - Expected List Item:CRMScheduleNotification
19:49:27.096 [main] INFO  testCases.TC009_WF3_SN_Weekly - Actual List Item:8is: IVR Providers
19:49:27.096 [main] INFO  testCases.TC009_WF3_SN_Weekly - Expected List Item:CRMScheduleNotification
19:49:27.165 [main] INFO  testCases.TC009_WF3_SN_Weekly - Actual List Item:9is: PDF Makers
19:49:27.165 [main] INFO  testCases.TC009_WF3_SN_Weekly - Expected List Item:CRMScheduleNotification
19:49:27.230 [main] INFO  testCases.TC009_WF3_SN_Weekly - Actual List Item:10is: Chats
19:49:27.230 [main] INFO  testCases.TC009_WF3_SN_Weekly - Expected List Item:CRMScheduleNotification
19:49:27.297 [main] INFO  testCases.TC009_WF3_SN_Weekly - Actual List Item:11is: PRODUCTS
19:49:27.298 [main] INFO  testCases.TC009_WF3_SN_Weekly - Expected List Item:CRMScheduleNotification
19:49:27.362 [main] INFO  testCases.TC009_WF3_SN_Weekly - Actual List Item:12is: Email Templates
19:49:27.362 [main] INFO  testCases.TC009_WF3_SN_Weekly - Expected List Item:CRMScheduleNotification
19:49:27.422 [main] INFO  testCases.TC009_WF3_SN_Weekly - Actual List Item:13is: SMS Templates
19:49:27.422 [main] INFO  testCases.TC009_WF3_SN_Weekly - Expected List Item:CRMScheduleNotification
19:49:27.481 [main] INFO  testCases.TC009_WF3_SN_Weekly - Actual List Item:14is: WhatsApp Templates
19:49:27.481 [main] INFO  testCases.TC009_WF3_SN_Weekly - Expected List Item:CRMScheduleNotification
19:49:27.542 [main] INFO  testCases.TC009_WF3_SN_Weekly - Actual List Item:15is: Emails
19:49:27.542 [main] INFO  testCases.TC009_WF3_SN_Weekly - Expected List Item:CRMScheduleNotification
19:49:27.604 [main] INFO  testCases.TC009_WF3_SN_Weekly - Actual List Item:16is: SMS Notifiers
19:49:27.604 [main] INFO  testCases.TC009_WF3_SN_Weekly - Expected List Item:CRMScheduleNotification
19:49:27.677 [main] INFO  testCases.TC009_WF3_SN_Weekly - Actual List Item:17is: Notifications
19:49:27.677 [main] INFO  testCases.TC009_WF3_SN_Weekly - Expected List Item:CRMScheduleNotification
19:49:27.738 [main] INFO  testCases.TC009_WF3_SN_Weekly - Actual List Item:18is: Documents
19:49:27.738 [main] INFO  testCases.TC009_WF3_SN_Weekly - Expected List Item:CRMScheduleNotification
19:49:27.799 [main] INFO  testCases.TC009_WF3_SN_Weekly - Actual List Item:19is: Mail Manager
19:49:27.800 [main] INFO  testCases.TC009_WF3_SN_Weekly - Expected List Item:CRMScheduleNotification
19:49:27.865 [main] INFO  testCases.TC009_WF3_SN_Weekly - Actual List Item:20is: Track Locations
19:49:27.866 [main] INFO  testCases.TC009_WF3_SN_Weekly - Expected List Item:CRMScheduleNotification
19:49:27.932 [main] INFO  testCases.TC009_WF3_SN_Weekly - Actual List Item:21is: Attendances
19:49:27.932 [main] INFO  testCases.TC009_WF3_SN_Weekly - Expected List Item:CRMScheduleNotification
19:49:27.997 [main] INFO  testCases.TC009_WF3_SN_Weekly - Actual List Item:22is: New Data
19:49:27.997 [main] INFO  testCases.TC009_WF3_SN_Weekly - Expected List Item:CRMScheduleNotification
19:49:28.065 [main] INFO  testCases.TC009_WF3_SN_Weekly - Actual List Item:23is: Tipone
19:49:28.065 [main] INFO  testCases.TC009_WF3_SN_Weekly - Expected List Item:CRMScheduleNotification
19:49:28.141 [main] INFO  testCases.TC009_WF3_SN_Weekly - Actual List Item:24is: Designer
19:49:28.142 [main] INFO  testCases.TC009_WF3_SN_Weekly - Expected List Item:CRMScheduleNotification
19:49:28.217 [main] INFO  testCases.TC009_WF3_SN_Weekly - Actual List Item:25is: SourceA
19:49:28.217 [main] INFO  testCases.TC009_WF3_SN_Weekly - Expected List Item:CRMScheduleNotification
19:49:28.281 [main] INFO  testCases.TC009_WF3_SN_Weekly - Actual List Item:26is: TargetA
19:49:28.281 [main] INFO  testCases.TC009_WF3_SN_Weekly - Expected List Item:CRMScheduleNotification
19:49:28.346 [main] INFO  testCases.TC009_WF3_SN_Weekly - Actual List Item:27is: Thor
19:49:28.346 [main] INFO  testCases.TC009_WF3_SN_Weekly - Expected List Item:CRMScheduleNotification
19:49:28.408 [main] INFO  testCases.TC009_WF3_SN_Weekly - Actual List Item:28is: Test one
19:49:28.408 [main] INFO  testCases.TC009_WF3_SN_Weekly - Expected List Item:CRMScheduleNotification
19:49:28.470 [main] INFO  testCases.TC009_WF3_SN_Weekly - Actual List Item:29is: LEAD AAAAAA
19:49:28.470 [main] INFO  testCases.TC009_WF3_SN_Weekly - Expected List Item:CRMScheduleNotification
19:49:28.531 [main] INFO  testCases.TC009_WF3_SN_Weekly - Actual List Item:30is: Weapon
19:49:28.531 [main] INFO  testCases.TC009_WF3_SN_Weekly - Expected List Item:CRMScheduleNotification
19:49:28.593 [main] INFO  testCases.TC009_WF3_SN_Weekly - Actual List Item:31is: Gopal mod
19:49:28.594 [main] INFO  testCases.TC009_WF3_SN_Weekly - Expected List Item:CRMScheduleNotification
19:49:28.660 [main] INFO  testCases.TC009_WF3_SN_Weekly - Actual List Item:32is: New inventory
19:49:28.661 [main] INFO  testCases.TC009_WF3_SN_Weekly - Expected List Item:CRMScheduleNotification
19:49:28.723 [main] INFO  testCases.TC009_WF3_SN_Weekly - Actual List Item:33is: CRMEditFieldModule
19:49:28.723 [main] INFO  testCases.TC009_WF3_SN_Weekly - Expected List Item:CRMScheduleNotification
19:49:28.786 [main] INFO  testCases.TC009_WF3_SN_Weekly - Actual List Item:34is: CRMNotification
19:49:28.786 [main] INFO  testCases.TC009_WF3_SN_Weekly - Expected List Item:CRMScheduleNotification
19:49:28.849 [main] INFO  testCases.TC009_WF3_SN_Weekly - Actual List Item:35is: Testing karthi
19:49:28.849 [main] INFO  testCases.TC009_WF3_SN_Weekly - Expected List Item:CRMScheduleNotification
19:49:28.920 [main] INFO  testCases.TC009_WF3_SN_Weekly - Actual List Item:36is: WebFormFile
19:49:28.920 [main] INFO  testCases.TC009_WF3_SN_Weekly - Expected List Item:CRMScheduleNotification
19:49:28.986 [main] INFO  testCases.TC009_WF3_SN_Weekly - Actual List Item:37is: File Module
19:49:28.987 [main] INFO  testCases.TC009_WF3_SN_Weekly - Expected List Item:CRMScheduleNotification
19:49:29.057 [main] INFO  testCases.TC009_WF3_SN_Weekly - Actual List Item:38is: Iron
19:49:29.057 [main] INFO  testCases.TC009_WF3_SN_Weekly - Expected List Item:CRMScheduleNotification
19:49:29.118 [main] INFO  testCases.TC009_WF3_SN_Weekly - Actual List Item:39is: Pradeep Testing Module
19:49:29.118 [main] INFO  testCases.TC009_WF3_SN_Weekly - Expected List Item:CRMScheduleNotification
19:49:29.181 [main] INFO  testCases.TC009_WF3_SN_Weekly - Actual List Item:40is: NEW ONE
19:49:29.181 [main] INFO  testCases.TC009_WF3_SN_Weekly - Expected List Item:CRMScheduleNotification
19:49:29.242 [main] INFO  testCases.TC009_WF3_SN_Weekly - Actual List Item:41is: CRMScheduleNotification
19:49:29.242 [main] INFO  testCases.TC009_WF3_SN_Weekly - Expected List Item:CRMScheduleNotification
19:49:36.818 [main] INFO  testCases.TC009_WF3_SN_Weekly - Excel file Utility instance created
19:49:36.867 [main] INFO  testCases.TC009_WF3_SN_Weekly - Row Count is: 1
19:49:36.899 [main] INFO  testCases.TC009_WF3_SN_Weekly - Col Count is: 52
19:49:36.899 [main] INFO  testCases.TC009_WF3_SN_Weekly - Extracting DataSheet Values started...
19:49:38.014 [main] INFO  testCases.TC009_WF3_SN_Weekly - Before Adding Module data
19:49:41.168 [main] INFO  testCases.TC009_WF3_SN_Weekly - Assinged To Drop Down clicked
19:49:46.538 [main] INFO  testCases.TC009_WF3_SN_Weekly - [Sudhakar VE] is selected in List
19:49:46.538 [main] INFO  testCases.TC009_WF3_SN_Weekly - Assinged To Value Seleted is::  Sudhakar VE
19:49:48.169 [main] INFO  testCases.TC009_WF3_SN_Weekly - Add New Text entered in  input
19:49:48.185 [main] INFO  testCases.TC009_WF3_SN_Weekly - Text Value added is::  Add New Text
19:49:49.363 [main] INFO  testCases.TC009_WF3_SN_Weekly - Phone NUmber prefix clicked :  
19:49:52.751 [main] INFO  testCases.TC009_WF3_SN_Weekly - [+65] is selected in List
19:49:52.751 [main] INFO  testCases.TC009_WF3_SN_Weekly - Phone NUmber selected is :  3928270941
19:49:54.400 [main] INFO  testCases.TC009_WF3_SN_Weekly - 3928270941 entered in  input
19:49:57.070 [main] INFO  testCases.TC009_WF3_SN_Weekly - AddNew@rsoft.in entered in  input
19:49:58.097 [main] INFO  testCases.TC009_WF3_SN_Weekly - Email Added is: AddNew@rsoft.in
19:49:59.250 [main] INFO  testCases.TC009_WF3_SN_Weekly - Picklist clicked
19:50:00.391 [main] INFO  testCases.TC009_WF3_SN_Weekly - Picklist selected: 1
19:51:08.213 [main] INFO  testCases.TC009_WF3_SN_Weekly - MultiCombo box values: two
19:51:09.445 [main] INFO  testCases.TC009_WF3_SN_Weekly - City Drop Down clicked
19:51:13.065 [main] INFO  testCases.TC009_WF3_SN_Weekly - [Kanchipuram] is selected in List
19:51:13.065 [main] INFO  testCases.TC009_WF3_SN_Weekly - City Selected: Kanchipuram
19:51:14.214 [main] INFO  testCases.TC009_WF3_SN_Weekly - State Drop Down clicked
19:51:18.413 [main] INFO  testCases.TC009_WF3_SN_Weekly - [Tamilnadu] is selected in List
19:51:18.413 [main] INFO  testCases.TC009_WF3_SN_Weekly - State Selected: Tamilnadu
19:51:19.589 [main] INFO  testCases.TC009_WF3_SN_Weekly - Country List clicked
19:51:22.962 [main] INFO  testCases.TC009_WF3_SN_Weekly - [India] is selected in List
19:51:22.962 [main] INFO  testCases.TC009_WF3_SN_Weekly - Country Selected: India
19:51:24.160 [main] INFO  testCases.TC009_WF3_SN_Weekly - Checkbox clicked
19:51:24.310 [main] INFO  testCases.TC009_WF3_SN_Weekly - DateBox clicked
19:51:27.314 [main] INFO  testCases.TC009_WF3_SN_Weekly - (//td[contains(@class,'today')])[1]
19:51:28.519 [main] INFO  testCases.TC009_WF3_SN_Weekly - Today Date Selected
19:51:29.668 [main] INFO  testCases.TC009_WF3_SN_Weekly - Time Clicked
19:51:32.678 [main] INFO  testCases.TC009_WF3_SN_Weekly - Hours://div[@class='popover-content']//div[@class='clockpicker-tick' and text()='2']
19:51:43.130 [main] INFO  testCases.TC009_WF3_SN_Weekly - Time Selected is: 02:36 PM
19:51:44.385 [main] INFO  testCases.TC009_WF3_SN_Weekly - Date & Time Clicked
19:51:49.399 [main] INFO  testCases.TC009_WF3_SN_Weekly - (//td[contains(@class,'today')])[2]
19:51:52.595 [main] INFO  testCases.TC009_WF3_SN_Weekly - Clicked Current Date in Date&Time
19:51:52.775 [main] INFO  testCases.TC009_WF3_SN_Weekly - Date & Time Selected
19:51:54.621 [main] INFO  testCases.TC009_WF3_SN_Weekly - 444444444 entered in  input
19:52:49.332 [main] INFO  testCases.TC009_WF3_SN_Weekly - [Mrs.] is selected in List
19:52:50.871 [main] INFO  testCases.TC009_WF3_SN_Weekly - Steven entered in  input
19:52:52.551 [main] INFO  testCases.TC009_WF3_SN_Weekly - 11111111111 entered in  input
19:52:53.995 [main] INFO  testCases.TC009_WF3_SN_Weekly - 10,000 entered in  input
19:52:55.781 [main] INFO  testCases.TC009_WF3_SN_Weekly - http://www.google.com/ entered in  input
19:52:59.400 [main] INFO  testCases.TC009_WF3_SN_Weekly - [Dr.] is selected in List
19:53:00.928 [main] INFO  testCases.TC009_WF3_SN_Weekly - Annie entered in  input
19:53:02.776 [main] INFO  testCases.TC009_WF3_SN_Weekly - AddNewEnquiry@gmail.com entered in  input
19:53:04.666 [main] INFO  testCases.TC009_WF3_SN_Weekly - Enquiry about Chatbot entered in  input
19:53:12.971 [main] INFO  testCases.TC009_WF3_SN_Weekly - RSoft World-Class CRM Software (Customer Relationship Management) solution has been helping all kinds of small and medium businesses to organise, automate and improve their business. Our 15+ years of experience in Sales and Marketing. RSoft makes your business run transparently and intelligently which projects your brand image and win your customers satisfaction. RSoft is way ahead of other CRM's with its new generation features. entered in  textarea
19:53:16.177 [main] INFO  testCases.TC009_WF3_SN_Weekly - (//td[contains(@class,'today')])[2]
19:53:22.137 [main] INFO  testCases.TC009_WF3_SN_Weekly - [+60] is selected in List
19:53:24.874 [main] INFO  testCases.TC009_WF3_SN_Weekly - 5254558538 entered in  input
19:54:24.849 [main] INFO  testCases.TC009_WF3_SN_Weekly - [+91] is selected in List
19:54:27.573 [main] INFO  testCases.TC009_WF3_SN_Weekly - 6178382910 entered in  input
19:54:29.294 [main] INFO  testCases.TC009_WF3_SN_Weekly - AddNewLead@gmail.com entered in  input
19:54:30.911 [main] INFO  testCases.TC009_WF3_SN_Weekly - Lead about Chatbot entered in  input
19:54:35.476 [main] INFO  testCases.TC009_WF3_SN_Weekly - [+60] is selected in List
19:54:38.279 [main] INFO  testCases.TC009_WF3_SN_Weekly - 1405389051 entered in  input
19:54:40.116 [main] INFO  testCases.TC009_WF3_SN_Weekly - AddNewSales@gmail.com entered in  input
19:55:04.384 [main] INFO  testCases.TC009_WF3_SN_Weekly - testing entered in  input
19:55:04.899 [main] INFO  testCases.TC009_WF3_SN_Weekly - dCr2KGiHBrC2!@ entered in  input
19:56:18.418 [main] INFO  testCases.TC011_WF5_SN_MonthByDate - ******starting WF Schedule Month By Date****
19:56:18.421 [main] INFO  testCases.TC011_WF5_SN_MonthByDate - Test Execution on Browser: chrome
19:56:18.421 [main] INFO  testCases.TC011_WF5_SN_MonthByDate - Excel file Utility instance created
19:56:18.483 [main] INFO  testCases.TC011_WF5_SN_MonthByDate - Row Count is: 1
19:56:18.524 [main] INFO  testCases.TC011_WF5_SN_MonthByDate - Col Count is: 52
19:56:18.524 [main] INFO  testCases.TC011_WF5_SN_MonthByDate - Extracting DataSheet Values started...
19:56:21.984 [main] INFO  testCases.TC011_WF5_SN_MonthByDate - PN1:5111367868
19:56:21.985 [main] INFO  testCases.TC011_WF5_SN_MonthByDate - PN2:8066212809
19:56:21.985 [main] INFO  testCases.TC011_WF5_SN_MonthByDate - PN3:9498816864
19:56:21.985 [main] INFO  testCases.TC011_WF5_SN_MonthByDate - PN4:8501155441
19:56:31.422 [main] INFO  testCases.TC011_WF5_SN_MonthByDate - PRIYAN entered in  input
19:56:33.220 [main] INFO  testCases.TC011_WF5_SN_MonthByDate - Sudhakar entered in  input
19:56:35.117 [main] INFO  testCases.TC011_WF5_SN_MonthByDate - Automation@123 entered in  input
19:56:42.178 [main] INFO  testCases.TC011_WF5_SN_MonthByDate - CRM Login Success with:Sudhakar
19:56:42.178 [main] INFO  testCases.TC011_WF5_SN_MonthByDate - User: Sudhakar Passed : Actual Value is: Login SuccessExpected Value is: Login Success
19:56:49.177 [main] INFO  testCases.TC011_WF5_SN_MonthByDate - Clicked Avatar
19:56:51.478 [main] INFO  testCases.TC011_WF5_SN_MonthByDate - Clicked Menu CRM Setting
19:56:51.715 [main] INFO  testCases.TC011_WF5_SN_MonthByDate - Clicked Menu Other Setting
19:56:54.377 [main] INFO  testCases.TC011_WF5_SN_MonthByDate - Clicked Menu Item Workflow
19:56:54.862 [main] INFO  testCases.TC011_WF5_SN_MonthByDate - Clicked Workflow from Combox Box List
19:56:56.873 [main] INFO  testCases.TC011_WF5_SN_MonthByDate - Item to be selected:  CRMScheduleNotification Workflow
19:57:03.815 [main] INFO  testCases.TC011_WF5_SN_MonthByDate - [CRMScheduleNotification Workflow] is selected in List
19:57:03.816 [main] INFO  testCases.TC011_WF5_SN_MonthByDate - Item selected in combox Box  CRMScheduleNotification Workflow
19:57:04.818 [main] INFO  testCases.TC011_WF5_SN_MonthByDate - Selected Module to View its Workflows
19:57:04.846 [main] INFO  testCases.TC011_WF5_SN_MonthByDate - Current Workflow Row item: 1
19:57:04.923 [main] INFO  testCases.TC011_WF5_SN_MonthByDate - Current style of Worflow Status Element captured
19:57:04.923 [main] INFO  testCases.TC011_WF5_SN_MonthByDate - Workflow status: of row item: 1 false
19:57:04.971 [main] INFO  testCases.TC011_WF5_SN_MonthByDate - Actual Module Name:  CRMScheduleNotification
19:57:04.971 [main] INFO  testCases.TC011_WF5_SN_MonthByDate - Actual Workflow Name:  WF6_ScheduleNotify_Yearly
19:57:04.971 [main] INFO  testCases.TC011_WF5_SN_MonthByDate - Actual Exec Condition Name:  schedule
19:57:04.971 [main] INFO  testCases.TC011_WF5_SN_MonthByDate - Module,workflow,conditions not matched 
19:57:04.971 [main] INFO  testCases.TC011_WF5_SN_MonthByDate - bCurrentWFStatus: false
19:57:04.971 [main] INFO  testCases.TC011_WF5_SN_MonthByDate - Current Workflow Row item: 2
19:57:05.049 [main] INFO  testCases.TC011_WF5_SN_MonthByDate - Current style of Worflow Status Element captured
19:57:05.049 [main] INFO  testCases.TC011_WF5_SN_MonthByDate - Workflow status: of row item: 2 false
19:57:05.094 [main] INFO  testCases.TC011_WF5_SN_MonthByDate - Actual Module Name:  CRMScheduleNotification
19:57:05.094 [main] INFO  testCases.TC011_WF5_SN_MonthByDate - Actual Workflow Name:  WF5_ScheduleNotify_MonthByDate
19:57:05.094 [main] INFO  testCases.TC011_WF5_SN_MonthByDate - Actual Exec Condition Name:  schedule
19:57:05.094 [main] INFO  testCases.TC011_WF5_SN_MonthByDate - Module,workflow,condition matches
19:57:05.094 [main] INFO  testCases.TC011_WF5_SN_MonthByDate - bCurrentWFStatus: false
19:57:05.094 [main] INFO  testCases.TC011_WF5_SN_MonthByDate - Current Workflow Row item: 3
19:57:05.154 [main] INFO  testCases.TC011_WF5_SN_MonthByDate - Current style of Worflow Status Element captured
19:57:05.155 [main] INFO  testCases.TC011_WF5_SN_MonthByDate - Workflow status: of row item: 3 false
19:57:05.197 [main] INFO  testCases.TC011_WF5_SN_MonthByDate - Actual Module Name:  CRMScheduleNotification
19:57:05.197 [main] INFO  testCases.TC011_WF5_SN_MonthByDate - Actual Workflow Name:  WF4_ScheduleNotify_SpecificDate
19:57:05.197 [main] INFO  testCases.TC011_WF5_SN_MonthByDate - Actual Exec Condition Name:  schedule
19:57:05.197 [main] INFO  testCases.TC011_WF5_SN_MonthByDate - Module,workflow,conditions not matched 
19:57:05.197 [main] INFO  testCases.TC011_WF5_SN_MonthByDate - bCurrentWFStatus: false
19:57:05.197 [main] INFO  testCases.TC011_WF5_SN_MonthByDate - Current Workflow Row item: 4
19:57:05.256 [main] INFO  testCases.TC011_WF5_SN_MonthByDate - Current style of Worflow Status Element captured
19:57:05.256 [main] INFO  testCases.TC011_WF5_SN_MonthByDate - Workflow status: of row item: 4 true
19:57:05.302 [main] INFO  testCases.TC011_WF5_SN_MonthByDate - Actual Module Name:  CRMScheduleNotification
19:57:05.302 [main] INFO  testCases.TC011_WF5_SN_MonthByDate - Actual Workflow Name:  WF3_ScheduleNotify_Weekly
19:57:05.302 [main] INFO  testCases.TC011_WF5_SN_MonthByDate - Actual Exec Condition Name:  schedule
19:57:05.302 [main] INFO  testCases.TC011_WF5_SN_MonthByDate - Module,workflow,conditions not matched 
19:57:05.302 [main] INFO  testCases.TC011_WF5_SN_MonthByDate - bCurrentWFStatus: true
19:57:05.373 [main] INFO  testCases.TC011_WF5_SN_MonthByDate - WF3_ScheduleNotify_WeeklyWorkflow disabled manually
19:57:05.373 [main] INFO  testCases.TC011_WF5_SN_MonthByDate - Current Workflow Row item: 5
19:57:05.444 [main] INFO  testCases.TC011_WF5_SN_MonthByDate - Current style of Worflow Status Element captured
19:57:05.444 [main] INFO  testCases.TC011_WF5_SN_MonthByDate - Workflow status: of row item: 5 false
19:57:05.493 [main] INFO  testCases.TC011_WF5_SN_MonthByDate - Actual Module Name:  CRMScheduleNotification
19:57:05.493 [main] INFO  testCases.TC011_WF5_SN_MonthByDate - Actual Workflow Name:  WF2_ScheduleNotify_Daily
19:57:05.493 [main] INFO  testCases.TC011_WF5_SN_MonthByDate - Actual Exec Condition Name:  schedule
19:57:05.494 [main] INFO  testCases.TC011_WF5_SN_MonthByDate - Module,workflow,conditions not matched 
19:57:05.494 [main] INFO  testCases.TC011_WF5_SN_MonthByDate - bCurrentWFStatus: false
19:57:05.494 [main] INFO  testCases.TC011_WF5_SN_MonthByDate - Current Workflow Row item: 6
19:57:05.563 [main] INFO  testCases.TC011_WF5_SN_MonthByDate - Current style of Worflow Status Element captured
19:57:05.563 [main] INFO  testCases.TC011_WF5_SN_MonthByDate - Workflow status: of row item: 6 false
19:57:05.632 [main] INFO  testCases.TC011_WF5_SN_MonthByDate - Actual Module Name:  CRMScheduleNotification
19:57:05.632 [main] INFO  testCases.TC011_WF5_SN_MonthByDate - Actual Workflow Name:  WF1_ScheduleNotify_Hourly
19:57:05.632 [main] INFO  testCases.TC011_WF5_SN_MonthByDate - Actual Exec Condition Name:  schedule
19:57:05.632 [main] INFO  testCases.TC011_WF5_SN_MonthByDate - Module,workflow,conditions not matched 
19:57:05.632 [main] INFO  testCases.TC011_WF5_SN_MonthByDate - bCurrentWFStatus: false
19:57:05.740 [main] INFO  testCases.TC011_WF5_SN_MonthByDate - WF1_ScheduleNotify_HourlyDisabled Workflow Manually Enabled
19:57:05.740 [main] INFO  testCases.TC011_WF5_SN_MonthByDate - true:2
19:57:11.329 [main] INFO  testCases.TC011_WF5_SN_MonthByDate - Work flow clicked
19:57:15.783 [main] INFO  testCases.TC011_WF5_SN_MonthByDate - Cliked Step 1 Next Button to Condition Page
19:57:19.270 [main] INFO  testCases.TC011_WF5_SN_MonthByDate - Cliked Step 2 Next Button to Task List Page
19:57:20.274 [main] INFO  testCases.TC011_WF5_SN_MonthByDate - Clicked Workflow and Navigated to Task Page
19:57:20.298 [main] INFO  testCases.TC011_WF5_SN_MonthByDate - Number of Tasks Listed for this Workflow: WF5_ScheduleNotify_MonthByDate : 1
19:57:20.343 [main] INFO  testCases.TC011_WF5_SN_MonthByDate - Is Task Active: 1 : true
19:57:20.581 [main] INFO  testCases.TC011_WF5_SN_MonthByDate - Retrieved Action Type:Send notification
19:57:20.581 [main] INFO  testCases.TC011_WF5_SN_MonthByDate - Retrieved Action Title:TriggerMonthlybyDateNotify
19:57:20.581 [main] INFO  testCases.TC011_WF5_SN_MonthByDate - Action Type and Action Tile matches and also Task Button Enabled
19:57:23.180 [main] INFO  testCases.TC011_WF5_SN_MonthByDate - Clicked Workflow and Navigated to Task Page
19:57:23.180 [main] INFO  testCases.TC011_WF5_SN_MonthByDate - Task Active Send notification  TriggerMonthlybyDateNotify
19:57:28.846 [main] INFO  testCases.TC011_WF5_SN_MonthByDate - Actual List Item:1is: Leads
19:57:28.846 [main] INFO  testCases.TC011_WF5_SN_MonthByDate - Expected List Item:CRMScheduleNotification
19:57:28.916 [main] INFO  testCases.TC011_WF5_SN_MonthByDate - Actual List Item:2is: Tickets
19:57:28.916 [main] INFO  testCases.TC011_WF5_SN_MonthByDate - Expected List Item:CRMScheduleNotification
19:57:28.993 [main] INFO  testCases.TC011_WF5_SN_MonthByDate - Actual List Item:3is: ENQUIRY MODULE
19:57:28.993 [main] INFO  testCases.TC011_WF5_SN_MonthByDate - Expected List Item:CRMScheduleNotification
19:57:29.058 [main] INFO  testCases.TC011_WF5_SN_MonthByDate - Actual List Item:4is: LEAD MODULE
19:57:29.058 [main] INFO  testCases.TC011_WF5_SN_MonthByDate - Expected List Item:CRMScheduleNotification
19:57:29.124 [main] INFO  testCases.TC011_WF5_SN_MonthByDate - Actual List Item:5is: OPPORTUNITY MODULE
19:57:29.124 [main] INFO  testCases.TC011_WF5_SN_MonthByDate - Expected List Item:CRMScheduleNotification
19:57:29.191 [main] INFO  testCases.TC011_WF5_SN_MonthByDate - Actual List Item:6is: PRIYAN TM ONE
19:57:29.191 [main] INFO  testCases.TC011_WF5_SN_MonthByDate - Expected List Item:CRMScheduleNotification
19:57:29.261 [main] INFO  testCases.TC011_WF5_SN_MonthByDate - Actual List Item:7is: PRIYAN TM TWO
19:57:29.261 [main] INFO  testCases.TC011_WF5_SN_MonthByDate - Expected List Item:CRMScheduleNotification
19:57:29.324 [main] INFO  testCases.TC011_WF5_SN_MonthByDate - Actual List Item:8is: IVR Providers
19:57:29.325 [main] INFO  testCases.TC011_WF5_SN_MonthByDate - Expected List Item:CRMScheduleNotification
19:57:29.392 [main] INFO  testCases.TC011_WF5_SN_MonthByDate - Actual List Item:9is: PDF Makers
19:57:29.392 [main] INFO  testCases.TC011_WF5_SN_MonthByDate - Expected List Item:CRMScheduleNotification
19:57:29.464 [main] INFO  testCases.TC011_WF5_SN_MonthByDate - Actual List Item:10is: Chats
19:57:29.465 [main] INFO  testCases.TC011_WF5_SN_MonthByDate - Expected List Item:CRMScheduleNotification
19:57:29.536 [main] INFO  testCases.TC011_WF5_SN_MonthByDate - Actual List Item:11is: PRODUCTS
19:57:29.536 [main] INFO  testCases.TC011_WF5_SN_MonthByDate - Expected List Item:CRMScheduleNotification
19:57:29.600 [main] INFO  testCases.TC011_WF5_SN_MonthByDate - Actual List Item:12is: Email Templates
19:57:29.600 [main] INFO  testCases.TC011_WF5_SN_MonthByDate - Expected List Item:CRMScheduleNotification
19:57:29.662 [main] INFO  testCases.TC011_WF5_SN_MonthByDate - Actual List Item:13is: SMS Templates
19:57:29.662 [main] INFO  testCases.TC011_WF5_SN_MonthByDate - Expected List Item:CRMScheduleNotification
19:57:29.743 [main] INFO  testCases.TC011_WF5_SN_MonthByDate - Actual List Item:14is: WhatsApp Templates
19:57:29.743 [main] INFO  testCases.TC011_WF5_SN_MonthByDate - Expected List Item:CRMScheduleNotification
19:57:29.805 [main] INFO  testCases.TC011_WF5_SN_MonthByDate - Actual List Item:15is: Emails
19:57:29.805 [main] INFO  testCases.TC011_WF5_SN_MonthByDate - Expected List Item:CRMScheduleNotification
19:57:29.869 [main] INFO  testCases.TC011_WF5_SN_MonthByDate - Actual List Item:16is: SMS Notifiers
19:57:29.869 [main] INFO  testCases.TC011_WF5_SN_MonthByDate - Expected List Item:CRMScheduleNotification
19:57:29.949 [main] INFO  testCases.TC011_WF5_SN_MonthByDate - Actual List Item:17is: Notifications
19:57:29.949 [main] INFO  testCases.TC011_WF5_SN_MonthByDate - Expected List Item:CRMScheduleNotification
19:57:30.022 [main] INFO  testCases.TC011_WF5_SN_MonthByDate - Actual List Item:18is: Documents
19:57:30.022 [main] INFO  testCases.TC011_WF5_SN_MonthByDate - Expected List Item:CRMScheduleNotification
19:57:30.092 [main] INFO  testCases.TC011_WF5_SN_MonthByDate - Actual List Item:19is: Mail Manager
19:57:30.092 [main] INFO  testCases.TC011_WF5_SN_MonthByDate - Expected List Item:CRMScheduleNotification
19:57:30.159 [main] INFO  testCases.TC011_WF5_SN_MonthByDate - Actual List Item:20is: Track Locations
19:57:30.159 [main] INFO  testCases.TC011_WF5_SN_MonthByDate - Expected List Item:CRMScheduleNotification
19:57:30.232 [main] INFO  testCases.TC011_WF5_SN_MonthByDate - Actual List Item:21is: Attendances
19:57:30.232 [main] INFO  testCases.TC011_WF5_SN_MonthByDate - Expected List Item:CRMScheduleNotification
19:57:30.305 [main] INFO  testCases.TC011_WF5_SN_MonthByDate - Actual List Item:22is: New Data
19:57:30.305 [main] INFO  testCases.TC011_WF5_SN_MonthByDate - Expected List Item:CRMScheduleNotification
19:57:30.376 [main] INFO  testCases.TC011_WF5_SN_MonthByDate - Actual List Item:23is: Tipone
19:57:30.376 [main] INFO  testCases.TC011_WF5_SN_MonthByDate - Expected List Item:CRMScheduleNotification
19:57:30.441 [main] INFO  testCases.TC011_WF5_SN_MonthByDate - Actual List Item:24is: Designer
19:57:30.441 [main] INFO  testCases.TC011_WF5_SN_MonthByDate - Expected List Item:CRMScheduleNotification
19:57:30.546 [main] INFO  testCases.TC011_WF5_SN_MonthByDate - Actual List Item:25is: SourceA
19:57:30.546 [main] INFO  testCases.TC011_WF5_SN_MonthByDate - Expected List Item:CRMScheduleNotification
19:57:30.633 [main] INFO  testCases.TC011_WF5_SN_MonthByDate - Actual List Item:26is: TargetA
19:57:30.633 [main] INFO  testCases.TC011_WF5_SN_MonthByDate - Expected List Item:CRMScheduleNotification
19:57:30.716 [main] INFO  testCases.TC011_WF5_SN_MonthByDate - Actual List Item:27is: Thor
19:57:30.716 [main] INFO  testCases.TC011_WF5_SN_MonthByDate - Expected List Item:CRMScheduleNotification
19:57:30.791 [main] INFO  testCases.TC011_WF5_SN_MonthByDate - Actual List Item:28is: Test one
19:57:30.791 [main] INFO  testCases.TC011_WF5_SN_MonthByDate - Expected List Item:CRMScheduleNotification
19:57:30.860 [main] INFO  testCases.TC011_WF5_SN_MonthByDate - Actual List Item:29is: LEAD AAAAAA
19:57:30.860 [main] INFO  testCases.TC011_WF5_SN_MonthByDate - Expected List Item:CRMScheduleNotification
19:57:30.954 [main] INFO  testCases.TC011_WF5_SN_MonthByDate - Actual List Item:30is: Weapon
19:57:30.954 [main] INFO  testCases.TC011_WF5_SN_MonthByDate - Expected List Item:CRMScheduleNotification
19:57:31.022 [main] INFO  testCases.TC011_WF5_SN_MonthByDate - Actual List Item:31is: Gopal mod
19:57:31.022 [main] INFO  testCases.TC011_WF5_SN_MonthByDate - Expected List Item:CRMScheduleNotification
19:57:31.086 [main] INFO  testCases.TC011_WF5_SN_MonthByDate - Actual List Item:32is: New inventory
19:57:31.086 [main] INFO  testCases.TC011_WF5_SN_MonthByDate - Expected List Item:CRMScheduleNotification
19:57:31.149 [main] INFO  testCases.TC011_WF5_SN_MonthByDate - Actual List Item:33is: CRMEditFieldModule
19:57:31.149 [main] INFO  testCases.TC011_WF5_SN_MonthByDate - Expected List Item:CRMScheduleNotification
19:57:31.216 [main] INFO  testCases.TC011_WF5_SN_MonthByDate - Actual List Item:34is: CRMNotification
19:57:31.216 [main] INFO  testCases.TC011_WF5_SN_MonthByDate - Expected List Item:CRMScheduleNotification
19:57:31.290 [main] INFO  testCases.TC011_WF5_SN_MonthByDate - Actual List Item:35is: Testing karthi
19:57:31.290 [main] INFO  testCases.TC011_WF5_SN_MonthByDate - Expected List Item:CRMScheduleNotification
19:57:31.359 [main] INFO  testCases.TC011_WF5_SN_MonthByDate - Actual List Item:36is: WebFormFile
19:57:31.359 [main] INFO  testCases.TC011_WF5_SN_MonthByDate - Expected List Item:CRMScheduleNotification
19:57:31.425 [main] INFO  testCases.TC011_WF5_SN_MonthByDate - Actual List Item:37is: File Module
19:57:31.425 [main] INFO  testCases.TC011_WF5_SN_MonthByDate - Expected List Item:CRMScheduleNotification
19:57:31.496 [main] INFO  testCases.TC011_WF5_SN_MonthByDate - Actual List Item:38is: Iron
19:57:31.496 [main] INFO  testCases.TC011_WF5_SN_MonthByDate - Expected List Item:CRMScheduleNotification
19:57:31.557 [main] INFO  testCases.TC011_WF5_SN_MonthByDate - Actual List Item:39is: Pradeep Testing Module
19:57:31.557 [main] INFO  testCases.TC011_WF5_SN_MonthByDate - Expected List Item:CRMScheduleNotification
19:57:31.620 [main] INFO  testCases.TC011_WF5_SN_MonthByDate - Actual List Item:40is: NEW ONE
19:57:31.621 [main] INFO  testCases.TC011_WF5_SN_MonthByDate - Expected List Item:CRMScheduleNotification
19:57:31.683 [main] INFO  testCases.TC011_WF5_SN_MonthByDate - Actual List Item:41is: CRMScheduleNotification
19:57:31.683 [main] INFO  testCases.TC011_WF5_SN_MonthByDate - Expected List Item:CRMScheduleNotification
19:57:39.354 [main] INFO  testCases.TC011_WF5_SN_MonthByDate - Excel file Utility instance created
19:57:39.388 [main] INFO  testCases.TC011_WF5_SN_MonthByDate - Row Count is: 1
19:57:39.406 [main] INFO  testCases.TC011_WF5_SN_MonthByDate - Col Count is: 52
19:57:39.407 [main] INFO  testCases.TC011_WF5_SN_MonthByDate - Extracting DataSheet Values started...
19:57:40.375 [main] INFO  testCases.TC011_WF5_SN_MonthByDate - Before Adding Module data
19:57:43.564 [main] INFO  testCases.TC011_WF5_SN_MonthByDate - Assinged To Drop Down clicked
19:57:48.945 [main] INFO  testCases.TC011_WF5_SN_MonthByDate - [Sudhakar VE] is selected in List
19:57:48.945 [main] INFO  testCases.TC011_WF5_SN_MonthByDate - Assinged To Value Seleted is::  Sudhakar VE
19:57:50.591 [main] INFO  testCases.TC011_WF5_SN_MonthByDate - Add New Text entered in  input
19:57:50.598 [main] INFO  testCases.TC011_WF5_SN_MonthByDate - Text Value added is::  Add New Text
19:57:51.757 [main] INFO  testCases.TC011_WF5_SN_MonthByDate - Phone NUmber prefix clicked :  
19:57:55.110 [main] INFO  testCases.TC011_WF5_SN_MonthByDate - [+65] is selected in List
19:57:55.110 [main] INFO  testCases.TC011_WF5_SN_MonthByDate - Phone NUmber selected is :  5111367868
19:57:56.799 [main] INFO  testCases.TC011_WF5_SN_MonthByDate - 5111367868 entered in  input
19:57:59.554 [main] INFO  testCases.TC011_WF5_SN_MonthByDate - AddNew@rsoft.in entered in  input
19:58:00.591 [main] INFO  testCases.TC011_WF5_SN_MonthByDate - Email Added is: AddNew@rsoft.in
19:58:01.727 [main] INFO  testCases.TC011_WF5_SN_MonthByDate - Picklist clicked
19:58:02.885 [main] INFO  testCases.TC011_WF5_SN_MonthByDate - Picklist selected: 1
19:59:10.684 [main] INFO  testCases.TC011_WF5_SN_MonthByDate - MultiCombo box values: two
19:59:11.936 [main] INFO  testCases.TC011_WF5_SN_MonthByDate - City Drop Down clicked
19:59:15.581 [main] INFO  testCases.TC011_WF5_SN_MonthByDate - [Kanchipuram] is selected in List
19:59:15.581 [main] INFO  testCases.TC011_WF5_SN_MonthByDate - City Selected: Kanchipuram
19:59:16.780 [main] INFO  testCases.TC011_WF5_SN_MonthByDate - State Drop Down clicked
19:59:20.935 [main] INFO  testCases.TC011_WF5_SN_MonthByDate - [Tamilnadu] is selected in List
19:59:20.935 [main] INFO  testCases.TC011_WF5_SN_MonthByDate - State Selected: Tamilnadu
19:59:22.109 [main] INFO  testCases.TC011_WF5_SN_MonthByDate - Country List clicked
19:59:25.511 [main] INFO  testCases.TC011_WF5_SN_MonthByDate - [India] is selected in List
19:59:25.511 [main] INFO  testCases.TC011_WF5_SN_MonthByDate - Country Selected: India
19:59:26.706 [main] INFO  testCases.TC011_WF5_SN_MonthByDate - Checkbox clicked
19:59:26.869 [main] INFO  testCases.TC011_WF5_SN_MonthByDate - DateBox clicked
19:59:29.885 [main] INFO  testCases.TC011_WF5_SN_MonthByDate - (//td[contains(@class,'today')])[1]
19:59:31.040 [main] INFO  testCases.TC011_WF5_SN_MonthByDate - Today Date Selected
19:59:32.162 [main] INFO  testCases.TC011_WF5_SN_MonthByDate - Time Clicked
19:59:35.169 [main] INFO  testCases.TC011_WF5_SN_MonthByDate - Hours://div[@class='popover-content']//div[@class='clockpicker-tick' and text()='2']
19:59:45.576 [main] INFO  testCases.TC011_WF5_SN_MonthByDate - Time Selected is: 02:36 PM
19:59:46.788 [main] INFO  testCases.TC011_WF5_SN_MonthByDate - Date & Time Clicked
19:59:51.803 [main] INFO  testCases.TC011_WF5_SN_MonthByDate - (//td[contains(@class,'today')])[2]
19:59:55.001 [main] INFO  testCases.TC011_WF5_SN_MonthByDate - Clicked Current Date in Date&Time
19:59:55.193 [main] INFO  testCases.TC011_WF5_SN_MonthByDate - Date & Time Selected
19:59:57.155 [main] INFO  testCases.TC011_WF5_SN_MonthByDate - 444444444 entered in  input
20:00:51.872 [main] INFO  testCases.TC011_WF5_SN_MonthByDate - [Mrs.] is selected in List
20:00:53.410 [main] INFO  testCases.TC011_WF5_SN_MonthByDate - Steven entered in  input
20:00:55.009 [main] INFO  testCases.TC011_WF5_SN_MonthByDate - 11111111111 entered in  input
20:00:56.525 [main] INFO  testCases.TC011_WF5_SN_MonthByDate - 10,000 entered in  input
20:00:58.356 [main] INFO  testCases.TC011_WF5_SN_MonthByDate - http://www.google.com/ entered in  input
20:01:01.941 [main] INFO  testCases.TC011_WF5_SN_MonthByDate - [Dr.] is selected in List
20:01:03.519 [main] INFO  testCases.TC011_WF5_SN_MonthByDate - Annie entered in  input
20:01:05.316 [main] INFO  testCases.TC011_WF5_SN_MonthByDate - AddNewEnquiry@gmail.com entered in  input
20:01:07.055 [main] INFO  testCases.TC011_WF5_SN_MonthByDate - Enquiry about Chatbot entered in  input
20:01:15.545 [main] INFO  testCases.TC011_WF5_SN_MonthByDate - RSoft World-Class CRM Software (Customer Relationship Management) solution has been helping all kinds of small and medium businesses to organise, automate and improve their business. Our 15+ years of experience in Sales and Marketing. RSoft makes your business run transparently and intelligently which projects your brand image and win your customers satisfaction. RSoft is way ahead of other CRM's with its new generation features. entered in  textarea
20:01:18.726 [main] INFO  testCases.TC011_WF5_SN_MonthByDate - (//td[contains(@class,'today')])[2]
20:01:24.713 [main] INFO  testCases.TC011_WF5_SN_MonthByDate - [+60] is selected in List
20:01:27.459 [main] INFO  testCases.TC011_WF5_SN_MonthByDate - 8066212809 entered in  input
20:02:27.417 [main] INFO  testCases.TC011_WF5_SN_MonthByDate - [+91] is selected in List
20:02:30.173 [main] INFO  testCases.TC011_WF5_SN_MonthByDate - 9498816864 entered in  input
20:02:31.970 [main] INFO  testCases.TC011_WF5_SN_MonthByDate - AddNewLead@gmail.com entered in  input
20:02:33.686 [main] INFO  testCases.TC011_WF5_SN_MonthByDate - Lead about Chatbot entered in  input
20:02:38.299 [main] INFO  testCases.TC011_WF5_SN_MonthByDate - [+60] is selected in List
20:02:41.057 [main] INFO  testCases.TC011_WF5_SN_MonthByDate - 8501155441 entered in  input
20:02:42.858 [main] INFO  testCases.TC011_WF5_SN_MonthByDate - AddNewSales@gmail.com entered in  input
20:03:06.101 [main] INFO  testCases.TC011_WF5_SN_MonthByDate - testing entered in  input
20:03:06.560 [main] INFO  testCases.TC011_WF5_SN_MonthByDate - dCr2KGiHBrC2!@ entered in  input
20:04:17.625 [main] INFO  testCases.TC012_WF6_SN_Yearly - ******starting WF Schedule Yearly****
20:04:17.626 [main] INFO  testCases.TC012_WF6_SN_Yearly - Test Execution on Browser: chrome
20:04:17.626 [main] INFO  testCases.TC012_WF6_SN_Yearly - Excel file Utility instance created
20:04:17.683 [main] INFO  testCases.TC012_WF6_SN_Yearly - Row Count is: 1
20:04:17.717 [main] INFO  testCases.TC012_WF6_SN_Yearly - Col Count is: 52
20:04:17.718 [main] INFO  testCases.TC012_WF6_SN_Yearly - Extracting DataSheet Values started...
20:04:21.330 [main] INFO  testCases.TC012_WF6_SN_Yearly - PN1:4493962894
20:04:21.331 [main] INFO  testCases.TC012_WF6_SN_Yearly - PN2:1389821531
20:04:21.331 [main] INFO  testCases.TC012_WF6_SN_Yearly - PN3:0574502467
20:04:21.331 [main] INFO  testCases.TC012_WF6_SN_Yearly - PN4:8319897777
20:04:30.571 [main] INFO  testCases.TC012_WF6_SN_Yearly - PRIYAN entered in  input
20:04:32.341 [main] INFO  testCases.TC012_WF6_SN_Yearly - Sudhakar entered in  input
20:04:34.022 [main] INFO  testCases.TC012_WF6_SN_Yearly - Automation@123 entered in  input
20:04:39.071 [main] INFO  testCases.TC012_WF6_SN_Yearly - CRM Login Success with:Sudhakar
20:04:39.071 [main] INFO  testCases.TC012_WF6_SN_Yearly - User: Sudhakar Passed : Actual Value is: Login SuccessExpected Value is: Login Success
20:04:46.100 [main] INFO  testCases.TC012_WF6_SN_Yearly - Clicked Avatar
20:04:48.076 [main] INFO  testCases.TC012_WF6_SN_Yearly - Clicked Menu CRM Setting
20:04:48.355 [main] INFO  testCases.TC012_WF6_SN_Yearly - Clicked Menu Other Setting
20:04:51.034 [main] INFO  testCases.TC012_WF6_SN_Yearly - Clicked Menu Item Workflow
20:04:51.475 [main] INFO  testCases.TC012_WF6_SN_Yearly - Clicked Workflow from Combox Box List
20:04:53.489 [main] INFO  testCases.TC012_WF6_SN_Yearly - Item to be selected:  CRMScheduleNotification Workflow
20:04:59.986 [main] INFO  testCases.TC012_WF6_SN_Yearly - [CRMScheduleNotification Workflow] is selected in List
20:04:59.986 [main] INFO  testCases.TC012_WF6_SN_Yearly - Item selected in combox Box  CRMScheduleNotification Workflow
20:05:00.990 [main] INFO  testCases.TC012_WF6_SN_Yearly - Selected Module to View its Workflows
20:05:01.017 [main] INFO  testCases.TC012_WF6_SN_Yearly - Current Workflow Row item: 1
20:05:01.097 [main] INFO  testCases.TC012_WF6_SN_Yearly - Current style of Worflow Status Element captured
20:05:01.097 [main] INFO  testCases.TC012_WF6_SN_Yearly - Workflow status: of row item: 1 false
20:05:01.148 [main] INFO  testCases.TC012_WF6_SN_Yearly - Actual Module Name:  CRMScheduleNotification
20:05:01.148 [main] INFO  testCases.TC012_WF6_SN_Yearly - Actual Workflow Name:  WF6_ScheduleNotify_Yearly
20:05:01.148 [main] INFO  testCases.TC012_WF6_SN_Yearly - Actual Exec Condition Name:  schedule
20:05:01.148 [main] INFO  testCases.TC012_WF6_SN_Yearly - Module,workflow,condition matches
20:05:01.148 [main] INFO  testCases.TC012_WF6_SN_Yearly - bCurrentWFStatus: false
20:05:01.148 [main] INFO  testCases.TC012_WF6_SN_Yearly - Current Workflow Row item: 2
20:05:01.232 [main] INFO  testCases.TC012_WF6_SN_Yearly - Current style of Worflow Status Element captured
20:05:01.232 [main] INFO  testCases.TC012_WF6_SN_Yearly - Workflow status: of row item: 2 true
20:05:01.283 [main] INFO  testCases.TC012_WF6_SN_Yearly - Actual Module Name:  CRMScheduleNotification
20:05:01.283 [main] INFO  testCases.TC012_WF6_SN_Yearly - Actual Workflow Name:  WF5_ScheduleNotify_MonthByDate
20:05:01.283 [main] INFO  testCases.TC012_WF6_SN_Yearly - Actual Exec Condition Name:  schedule
20:05:01.283 [main] INFO  testCases.TC012_WF6_SN_Yearly - Module,workflow,conditions not matched 
20:05:01.283 [main] INFO  testCases.TC012_WF6_SN_Yearly - bCurrentWFStatus: true
20:05:01.354 [main] INFO  testCases.TC012_WF6_SN_Yearly - WF5_ScheduleNotify_MonthByDateWorkflow disabled manually
20:05:01.354 [main] INFO  testCases.TC012_WF6_SN_Yearly - Current Workflow Row item: 3
20:05:01.434 [main] INFO  testCases.TC012_WF6_SN_Yearly - Current style of Worflow Status Element captured
20:05:01.435 [main] INFO  testCases.TC012_WF6_SN_Yearly - Workflow status: of row item: 3 false
