17:07:48.810 [main] INFO  utilities.UtilityCustomFunctions - NewAddName entered in  input
17:07:50.248 [main] INFO  utilities.UtilityCustomFunctions - 1111111111 entered in  input
17:07:51.702 [main] INFO  utilities.UtilityCustomFunctions - 1,000 entered in  input
17:07:53.265 [main] INFO  utilities.UtilityCustomFunctions - http://www.google.com/ entered in  input
17:07:54.423 [main] INFO  utilities.UtilityCustomFunctions - City Drop Down clicked
17:07:57.732 [main] INFO  testCases.ExecuteTask.Notification.TC054_NT_ET_ETRM_DTBeforeDays - [Ariyalur] is selected in List
17:07:57.732 [main] INFO  utilities.UtilityCustomFunctions - City Selected: Ariyalur
17:07:58.870 [main] INFO  utilities.UtilityCustomFunctions - State Drop Down clicked
17:08:02.550 [main] INFO  testCases.ExecuteTask.Notification.TC054_NT_ET_ETRM_DTBeforeDays - [Tamilnadu] is selected in List
17:08:02.550 [main] INFO  utilities.UtilityCustomFunctions - State Selected: Tamilnadu
17:08:03.667 [main] INFO  utilities.UtilityCustomFunctions - Country List clicked
17:08:06.988 [main] INFO  testCases.ExecuteTask.Notification.TC054_NT_ET_ETRM_DTBeforeDays - [India] is selected in List
17:08:06.988 [main] INFO  utilities.UtilityCustomFunctions - Country Selected: India
17:08:23.912 [main] INFO  utilities.UtilityCustomFunctions - RelatedModuleText entered in  input
17:08:23.932 [main] INFO  utilities.UtilityCustomFunctions - Search Button clicked in Related Module Window
17:08:27.743 [main] INFO  utilities.UtilityCustomFunctions - Button Search
17:08:30.830 [main] INFO  utilities.UtilityCustomFunctions - table row Count:1
17:08:39.616 [main] INFO  utilities.UtilityCustomFunctions - Related Module Value Selected
17:08:50.730 [main] INFO  utilities.UtilityCustomFunctions - New Record added in: ETNotification
17:09:02.047 [main] INFO  utilities.UtilityCustomFunctions - testing entered in  input
17:09:02.483 [main] INFO  utilities.UtilityCustomFunctions - dCr2KGiHBrC2!@ entered in  input
17:09:31.244 [main] INFO  testCases.ExecuteTask.Notification.TC054_NT_ET_ETRM_DTBeforeDays - [PRIMARY (DESC)] is selected in List
17:09:36.251 [main] INFO  utilities.UtilityCustomFunctions - Entity Id Searched: 126476
17:09:40.703 [main] INFO  utilities.UtilityCustomFunctions - Entity Id Searched: 126476
17:09:42.067 [main] INFO  utilities.UtilityCustomFunctions - Passed: Actual EntityId: 126476 Not Created in DB for Every Time Record Modifies condition for DTBeforeDays Task @Add New
17:09:47.504 [main] INFO  utilities.UtilityCustomFunctions - PRIYAN entered in  input
17:09:49.030 [main] INFO  utilities.UtilityCustomFunctions - rsoft entered in  input
17:09:50.522 [main] INFO  utilities.UtilityCustomFunctions - RSoft!@345 entered in  input
17:10:18.912 [main] INFO  utilities.UtilityCustomFunctions - Excel file Utility instance created
17:10:18.977 [main] INFO  utilities.UtilityCustomFunctions - Row Count to Add Values: 1
17:10:19.047 [main] INFO  utilities.UtilityCustomFunctions - Col Count is: 36
17:10:19.047 [main] INFO  utilities.UtilityCustomFunctions - Extracting DataSheet Values started...
17:10:19.996 [main] INFO  utilities.UtilityCustomFunctions - Before Adding Module data
17:10:21.250 [main] INFO  utilities.UtilityCustomFunctions - Assinged To Drop Down clicked
17:10:26.556 [main] INFO  testCases.ExecuteTask.Notification.TC054_NT_ET_ETRM_DTBeforeDays - [Rsoft IT] is selected in List
17:10:26.682 [main] INFO  utilities.UtilityCustomFunctions - Phone NUmber prefix clicked :  
17:10:30.021 [main] INFO  testCases.ExecuteTask.Notification.TC054_NT_ET_ETRM_DTBeforeDays - [+91] is selected in List
17:10:30.021 [main] INFO  utilities.UtilityCustomFunctions - Phone NUmber selected is :  1234567890
17:10:31.670 [main] INFO  utilities.UtilityCustomFunctions - 1234567890 entered in  input
17:10:35.319 [main] INFO  utilities.UtilityCustomFunctions - SummaryAdd@gmail.com entered in  input
17:10:36.344 [main] INFO  utilities.UtilityCustomFunctions - Email Added is: SummaryAdd@gmail.com
17:10:37.813 [main] INFO  utilities.UtilityCustomFunctions - SummaryAddText entered in  input
17:10:37.814 [main] INFO  utilities.UtilityCustomFunctions - Text Value added is::  SummaryAddText
17:11:00.166 [main] INFO  utilities.UtilityCustomFunctions - MultiCombo box values: three,four
17:11:02.736 [main] INFO  utilities.UtilityCustomFunctions - SummaryAddTextArea entered in  textarea
17:11:04.828 [main] INFO  utilities.UtilityCustomFunctions - check box value: ON
17:11:04.964 [main] INFO  utilities.UtilityCustomFunctions - Checkbox clicked
17:11:05.144 [main] INFO  utilities.UtilityCustomFunctions - DateBox clicked
17:11:11.346 [main] INFO  utilities.UtilityCustomFunctions - Current Month:Jun
17:11:17.927 [main] INFO  utilities.UtilityCustomFunctions - Year to be selected is:2024
17:11:20.598 [main] INFO  utilities.UtilityCustomFunctions - Control Type:sDate
17:11:24.629 [main] INFO  utilities.UtilityCustomFunctions - (//td[contains(@class,'today')])[1]
17:11:26.822 [main] INFO  utilities.UtilityCustomFunctions - Today Date Selected
17:11:29.045 [main] INFO  utilities.UtilityCustomFunctions - Picklist clicked
17:11:30.204 [main] INFO  utilities.UtilityCustomFunctions - Picklist selected: 1
17:11:37.584 [main] INFO  utilities.UtilityCustomFunctions - Date & Time Clicked
17:11:48.381 [main] INFO  testCases.ExecuteTask.Notification.TC054_NT_ET_ETRM_DTBeforeDays - [6] is selected in List
17:11:53.888 [main] INFO  testCases.ExecuteTask.Notification.TC054_NT_ET_ETRM_DTBeforeDays - [00] is selected in List
17:11:59.366 [main] INFO  testCases.ExecuteTask.Notification.TC054_NT_ET_ETRM_DTBeforeDays - [00] is selected in List
17:12:04.894 [main] INFO  testCases.ExecuteTask.Notification.TC054_NT_ET_ETRM_DTBeforeDays - [PM] is selected in List
17:12:05.910 [main] INFO  utilities.UtilityCustomFunctions - Clicked Current Date in Date&Time
17:12:06.173 [main] INFO  utilities.UtilityCustomFunctions - Date & Time Selected
17:12:07.311 [main] INFO  utilities.UtilityCustomFunctions - Time Clicked
17:12:10.326 [main] INFO  utilities.UtilityCustomFunctions - Hours://div[@class='popover-content']//div[@class='clockpicker-tick' and text()='6']
17:12:21.883 [main] INFO  utilities.UtilityCustomFunctions - Actual Date Selected :01-06-2024
17:12:25.907 [main] INFO  testCases.ExecuteTask.Notification.TC054_NT_ET_ETRM_DTBeforeDays - [Mr.] is selected in List
17:12:27.460 [main] INFO  utilities.UtilityCustomFunctions - SummaryAddName entered in  input
17:12:28.945 [main] INFO  utilities.UtilityCustomFunctions - 2323232323 entered in  input
17:12:30.412 [main] INFO  utilities.UtilityCustomFunctions - 1,000 entered in  input
17:12:32.078 [main] INFO  utilities.UtilityCustomFunctions - http://www.mvnrepository.com/ entered in  input
17:12:33.213 [main] INFO  utilities.UtilityCustomFunctions - City Drop Down clicked
17:12:36.495 [main] INFO  testCases.ExecuteTask.Notification.TC054_NT_ET_ETRM_DTBeforeDays - [Chennai] is selected in List
17:12:36.495 [main] INFO  utilities.UtilityCustomFunctions - City Selected: Chennai
17:12:37.644 [main] INFO  utilities.UtilityCustomFunctions - State Drop Down clicked
17:12:41.291 [main] INFO  testCases.ExecuteTask.Notification.TC054_NT_ET_ETRM_DTBeforeDays - [Tamilnadu] is selected in List
17:12:41.291 [main] INFO  utilities.UtilityCustomFunctions - State Selected: Tamilnadu
17:12:42.453 [main] INFO  utilities.UtilityCustomFunctions - Country List clicked
17:12:45.718 [main] INFO  testCases.ExecuteTask.Notification.TC054_NT_ET_ETRM_DTBeforeDays - [India] is selected in List
17:12:45.718 [main] INFO  utilities.UtilityCustomFunctions - Country Selected: India
17:13:02.595 [main] INFO  utilities.UtilityCustomFunctions - RelatedModuleText entered in  input
17:13:02.608 [main] INFO  utilities.UtilityCustomFunctions - Search Button clicked in Related Module Window
17:13:06.376 [main] INFO  utilities.UtilityCustomFunctions - Button Search
17:13:09.459 [main] INFO  utilities.UtilityCustomFunctions - table row Count:1
17:13:18.244 [main] INFO  utilities.UtilityCustomFunctions - Related Module Value Selected
17:13:28.962 [main] INFO  utilities.UtilityCustomFunctions - New Record added in: ETNotification
17:13:39.677 [main] INFO  utilities.UtilityCustomFunctions - testing entered in  input
17:13:40.144 [main] INFO  utilities.UtilityCustomFunctions - dCr2KGiHBrC2!@ entered in  input
17:14:08.546 [main] INFO  testCases.ExecuteTask.Notification.TC054_NT_ET_ETRM_DTBeforeDays - [PRIMARY (DESC)] is selected in List
17:14:13.563 [main] INFO  utilities.UtilityCustomFunctions - Entity Id Searched: 126478
17:14:17.967 [main] INFO  utilities.UtilityCustomFunctions - Entity Id Searched: 126478
17:14:19.299 [main] INFO  utilities.UtilityCustomFunctions - Passed: Actual EntityId: 126478 Not Created in DB for Every Time Record Modifies condition for DTBeforeDays Task @Summary Add
17:14:27.713 [main] INFO  utilities.UtilityCustomFunctions - PRIYAN entered in  input
17:14:29.227 [main] INFO  utilities.UtilityCustomFunctions - rsoft entered in  input
17:14:30.739 [main] INFO  utilities.UtilityCustomFunctions - RSoft!@345 entered in  input
17:14:56.328 [main] INFO  utilities.UtilityCustomFunctions - Excel file Utility instance created
17:14:56.412 [main] INFO  utilities.UtilityCustomFunctions - Row Count to Add Values: 1
17:14:56.588 [main] INFO  utilities.UtilityCustomFunctions - Col Count is: 37
17:14:56.588 [main] INFO  utilities.UtilityCustomFunctions - Extracting DataSheet Values started...
17:14:57.683 [main] INFO  utilities.UtilityCustomFunctions - Before Adding Module data
17:14:58.831 [main] INFO  utilities.UtilityCustomFunctions - Assinged To Drop Down clicked
17:15:04.263 [main] INFO  testCases.ExecuteTask.Notification.TC054_NT_ET_ETRM_DTBeforeDays - [Rsoft IT] is selected in List
17:15:04.379 [main] INFO  utilities.UtilityCustomFunctions - Phone NUmber prefix clicked :  
17:15:07.674 [main] INFO  testCases.ExecuteTask.Notification.TC054_NT_ET_ETRM_DTBeforeDays - [+91] is selected in List
17:15:07.674 [main] INFO  utilities.UtilityCustomFunctions - Phone NUmber selected is :  1234567890
17:15:09.359 [main] INFO  utilities.UtilityCustomFunctions - 1234567890 entered in  input
17:15:13.062 [main] INFO  utilities.UtilityCustomFunctions - DuplicateAdd@gmail.com entered in  input
17:15:14.091 [main] INFO  utilities.UtilityCustomFunctions - Email Added is: DuplicateAdd@gmail.com
17:15:15.660 [main] INFO  utilities.UtilityCustomFunctions - DuplicateAddText entered in  input
17:15:15.677 [main] INFO  utilities.UtilityCustomFunctions - Text Value added is::  DuplicateAddText
17:15:46.476 [main] INFO  utilities.UtilityCustomFunctions - MultiCombo box values: four,five
17:15:49.109 [main] INFO  utilities.UtilityCustomFunctions - DuplicateAddTextArea entered in  textarea
17:15:51.187 [main] INFO  utilities.UtilityCustomFunctions - check box value: ON
17:15:51.240 [main] INFO  utilities.UtilityCustomFunctions - Checkbox clicked
17:15:51.416 [main] INFO  utilities.UtilityCustomFunctions - DateBox clicked
17:15:57.657 [main] INFO  utilities.UtilityCustomFunctions - Current Month:Jun
17:16:04.275 [main] INFO  utilities.UtilityCustomFunctions - Year to be selected is:2024
17:16:06.826 [main] INFO  utilities.UtilityCustomFunctions - Control Type:sDate
17:16:10.842 [main] INFO  utilities.UtilityCustomFunctions - (//td[contains(@class,'today')])[1]
17:16:13.066 [main] INFO  utilities.UtilityCustomFunctions - Today Date Selected
17:16:15.275 [main] INFO  utilities.UtilityCustomFunctions - Picklist clicked
17:16:16.457 [main] INFO  utilities.UtilityCustomFunctions - Picklist selected: 1
17:16:19.845 [main] INFO  utilities.UtilityCustomFunctions - Date & Time Clicked
17:16:30.547 [main] INFO  testCases.ExecuteTask.Notification.TC054_NT_ET_ETRM_DTBeforeDays - [7] is selected in List
17:16:35.937 [main] INFO  testCases.ExecuteTask.Notification.TC054_NT_ET_ETRM_DTBeforeDays - [00] is selected in List
17:16:41.373 [main] INFO  testCases.ExecuteTask.Notification.TC054_NT_ET_ETRM_DTBeforeDays - [00] is selected in List
17:16:46.839 [main] INFO  testCases.ExecuteTask.Notification.TC054_NT_ET_ETRM_DTBeforeDays - [PM] is selected in List
17:16:47.841 [main] INFO  utilities.UtilityCustomFunctions - Clicked Current Date in Date&Time
17:16:47.999 [main] INFO  utilities.UtilityCustomFunctions - Date & Time Selected
17:16:49.156 [main] INFO  utilities.UtilityCustomFunctions - Time Clicked
17:16:52.173 [main] INFO  utilities.UtilityCustomFunctions - Hours://div[@class='popover-content']//div[@class='clockpicker-tick' and text()='7']
17:17:03.779 [main] INFO  utilities.UtilityCustomFunctions - Actual Date Selected :01-06-2024
17:17:07.547 [main] INFO  testCases.ExecuteTask.Notification.TC054_NT_ET_ETRM_DTBeforeDays - [Mr.] is selected in List
17:17:09.042 [main] INFO  utilities.UtilityCustomFunctions - DuplicateAddName entered in  input
17:17:10.542 [main] INFO  utilities.UtilityCustomFunctions - 2323232323 entered in  input
17:17:11.957 [main] INFO  utilities.UtilityCustomFunctions - 1,000 entered in  input
17:17:13.642 [main] INFO  utilities.UtilityCustomFunctions - http://www.mvnrepository.com/ entered in  input
17:17:14.872 [main] INFO  utilities.UtilityCustomFunctions - City Drop Down clicked
17:17:18.189 [main] INFO  testCases.ExecuteTask.Notification.TC054_NT_ET_ETRM_DTBeforeDays - [Chennai] is selected in List
17:17:18.189 [main] INFO  utilities.UtilityCustomFunctions - City Selected: Chennai
17:17:19.310 [main] INFO  utilities.UtilityCustomFunctions - State Drop Down clicked
17:17:22.984 [main] INFO  testCases.ExecuteTask.Notification.TC054_NT_ET_ETRM_DTBeforeDays - [Tamilnadu] is selected in List
17:17:22.984 [main] INFO  utilities.UtilityCustomFunctions - State Selected: Tamilnadu
17:17:24.131 [main] INFO  utilities.UtilityCustomFunctions - Country List clicked
17:17:27.461 [main] INFO  testCases.ExecuteTask.Notification.TC054_NT_ET_ETRM_DTBeforeDays - [India] is selected in List
17:17:27.461 [main] INFO  utilities.UtilityCustomFunctions - Country Selected: India
17:17:44.364 [main] INFO  utilities.UtilityCustomFunctions - RelatedModuleText entered in  input
17:17:44.384 [main] INFO  utilities.UtilityCustomFunctions - Search Button clicked in Related Module Window
17:17:48.233 [main] INFO  utilities.UtilityCustomFunctions - Button Search
17:17:51.322 [main] INFO  utilities.UtilityCustomFunctions - table row Count:1
17:18:00.120 [main] INFO  utilities.UtilityCustomFunctions - Related Module Value Selected
17:18:11.040 [main] INFO  utilities.UtilityCustomFunctions - New Record added in: ETNotification
17:18:21.826 [main] INFO  utilities.UtilityCustomFunctions - testing entered in  input
17:18:22.237 [main] INFO  utilities.UtilityCustomFunctions - dCr2KGiHBrC2!@ entered in  input
17:18:50.808 [main] INFO  testCases.ExecuteTask.Notification.TC054_NT_ET_ETRM_DTBeforeDays - [PRIMARY (DESC)] is selected in List
17:18:55.824 [main] INFO  utilities.UtilityCustomFunctions - Entity Id Searched: 126480
17:19:00.244 [main] INFO  utilities.UtilityCustomFunctions - Entity Id Searched: 126480
17:19:01.577 [main] INFO  utilities.UtilityCustomFunctions - Passed: Actual EntityId: 126480 Not Created in DB for Every Time Record Modifies condition for DTBeforeDays Task @Duplicate Record
17:19:10.058 [main] INFO  utilities.UtilityCustomFunctions - PRIYAN entered in  input
17:19:11.566 [main] INFO  utilities.UtilityCustomFunctions - rsoft entered in  input
17:19:13.106 [main] INFO  utilities.UtilityCustomFunctions - RSoft!@345 entered in  input
17:19:42.270 [main] INFO  utilities.UtilityCustomFunctions - Excel file Utility instance created
17:19:42.333 [main] INFO  utilities.UtilityCustomFunctions - Row Count to Add Values: 1
17:19:42.352 [main] INFO  utilities.UtilityCustomFunctions - Col Count is: 36
17:19:42.352 [main] INFO  utilities.UtilityCustomFunctions - Extracting DataSheet Values started...
17:19:43.101 [main] INFO  utilities.UtilityCustomFunctions - Before Adding Module data
17:19:44.292 [main] INFO  utilities.UtilityCustomFunctions - Assinged To Drop Down clicked
17:19:49.684 [main] INFO  testCases.ExecuteTask.Notification.TC054_NT_ET_ETRM_DTBeforeDays - [Rsoft IT] is selected in List
17:19:49.819 [main] INFO  utilities.UtilityCustomFunctions - Phone NUmber prefix clicked :  
17:19:53.126 [main] INFO  testCases.ExecuteTask.Notification.TC054_NT_ET_ETRM_DTBeforeDays - [+91] is selected in List
17:19:53.126 [main] INFO  utilities.UtilityCustomFunctions - Phone NUmber selected is :  1234567890
17:19:54.789 [main] INFO  utilities.UtilityCustomFunctions - 1234567890 entered in  input
17:19:58.539 [main] INFO  utilities.UtilityCustomFunctions - EditSave@gmail.com entered in  input
17:19:59.570 [main] INFO  utilities.UtilityCustomFunctions - Email Added is: EditSave@gmail.com
17:20:01.109 [main] INFO  utilities.UtilityCustomFunctions - EditSaveAddText entered in  input
17:20:01.124 [main] INFO  utilities.UtilityCustomFunctions - Text Value added is::  EditSaveAddText
17:20:31.974 [main] INFO  utilities.UtilityCustomFunctions - MultiCombo box values: one,two
17:20:34.588 [main] INFO  utilities.UtilityCustomFunctions - EditSaveTextArea entered in  textarea
17:20:36.684 [main] INFO  utilities.UtilityCustomFunctions - check box value: ON
17:20:36.719 [main] INFO  utilities.UtilityCustomFunctions - Checkbox clicked
17:20:36.901 [main] INFO  utilities.UtilityCustomFunctions - DateBox clicked
17:20:43.150 [main] INFO  utilities.UtilityCustomFunctions - Current Month:Jun
17:20:49.668 [main] INFO  utilities.UtilityCustomFunctions - Year to be selected is:2024
17:20:52.342 [main] INFO  utilities.UtilityCustomFunctions - Control Type:sDate
17:20:56.366 [main] INFO  utilities.UtilityCustomFunctions - (//td[contains(@class,'today')])[1]
17:20:58.568 [main] INFO  utilities.UtilityCustomFunctions - Today Date Selected
17:21:00.767 [main] INFO  utilities.UtilityCustomFunctions - Picklist clicked
17:21:01.940 [main] INFO  utilities.UtilityCustomFunctions - Picklist selected: 1
17:21:05.370 [main] INFO  utilities.UtilityCustomFunctions - Date & Time Clicked
17:21:16.194 [main] INFO  testCases.ExecuteTask.Notification.TC054_NT_ET_ETRM_DTBeforeDays - [8] is selected in List
17:21:21.632 [main] INFO  testCases.ExecuteTask.Notification.TC054_NT_ET_ETRM_DTBeforeDays - [00] is selected in List
17:21:27.100 [main] INFO  testCases.ExecuteTask.Notification.TC054_NT_ET_ETRM_DTBeforeDays - [00] is selected in List
17:21:32.566 [main] INFO  testCases.ExecuteTask.Notification.TC054_NT_ET_ETRM_DTBeforeDays - [PM] is selected in List
17:21:33.584 [main] INFO  utilities.UtilityCustomFunctions - Clicked Current Date in Date&Time
17:21:33.795 [main] INFO  utilities.UtilityCustomFunctions - Date & Time Selected
17:21:34.965 [main] INFO  utilities.UtilityCustomFunctions - Time Clicked
17:21:37.982 [main] INFO  utilities.UtilityCustomFunctions - Hours://div[@class='popover-content']//div[@class='clockpicker-tick' and text()='8']
17:21:49.574 [main] INFO  utilities.UtilityCustomFunctions - Actual Date Selected :01-06-2024
17:21:53.293 [main] INFO  testCases.ExecuteTask.Notification.TC054_NT_ET_ETRM_DTBeforeDays - [Mr.] is selected in List
17:21:54.790 [main] INFO  utilities.UtilityCustomFunctions - EditSaveName entered in  input
17:21:56.303 [main] INFO  utilities.UtilityCustomFunctions - 2323232323 entered in  input
17:21:57.716 [main] INFO  utilities.UtilityCustomFunctions - 1,000 entered in  input
17:21:59.403 [main] INFO  utilities.UtilityCustomFunctions - http://www.mvnrepository.com/ entered in  input
17:22:00.569 [main] INFO  utilities.UtilityCustomFunctions - City Drop Down clicked
17:22:03.850 [main] INFO  testCases.ExecuteTask.Notification.TC054_NT_ET_ETRM_DTBeforeDays - [Chennai] is selected in List
17:22:03.850 [main] INFO  utilities.UtilityCustomFunctions - City Selected: Chennai
17:22:05.016 [main] INFO  utilities.UtilityCustomFunctions - State Drop Down clicked
17:22:08.658 [main] INFO  testCases.ExecuteTask.Notification.TC054_NT_ET_ETRM_DTBeforeDays - [Tamilnadu] is selected in List
17:22:08.658 [main] INFO  utilities.UtilityCustomFunctions - State Selected: Tamilnadu
17:22:09.810 [main] INFO  utilities.UtilityCustomFunctions - Country List clicked
17:22:13.114 [main] INFO  testCases.ExecuteTask.Notification.TC054_NT_ET_ETRM_DTBeforeDays - [India] is selected in List
17:22:13.117 [main] INFO  utilities.UtilityCustomFunctions - Country Selected: India
17:22:30.033 [main] INFO  utilities.UtilityCustomFunctions - RelatedModuleText entered in  input
17:22:30.062 [main] INFO  utilities.UtilityCustomFunctions - Search Button clicked in Related Module Window
17:22:34.121 [main] INFO  utilities.UtilityCustomFunctions - Button Search
17:22:37.201 [main] INFO  utilities.UtilityCustomFunctions - table row Count:1
17:22:45.865 [main] INFO  utilities.UtilityCustomFunctions - Related Module Value Selected
17:22:59.966 [main] INFO  utilities.UtilityCustomFunctions - New Record added in: ETNotification
17:23:10.534 [main] INFO  utilities.UtilityCustomFunctions - testing entered in  input
17:23:11.017 [main] INFO  utilities.UtilityCustomFunctions - dCr2KGiHBrC2!@ entered in  input
17:23:38.102 [main] INFO  testCases.ExecuteTask.Notification.TC054_NT_ET_ETRM_DTBeforeDays - [PRIMARY (DESC)] is selected in List
17:23:43.117 [main] INFO  utilities.UtilityCustomFunctions - Entity Id Searched: 126480
17:23:47.525 [main] INFO  utilities.UtilityCustomFunctions - Entity Id Searched: 126480
17:23:49.404 [main] INFO  utilities.UtilityCustomFunctions - Failed: Execute Task Notification Date&Time before Days Actual Value: 2024-06-04 20:00:00Expected Value: 2024-06-04 17:00:00 EntityId: 126480@Edit & Save
17:23:57.850 [main] INFO  utilities.UtilityCustomFunctions - PRIYAN entered in  input
17:23:59.383 [main] INFO  utilities.UtilityCustomFunctions - rsoft entered in  input
17:24:00.868 [main] INFO  utilities.UtilityCustomFunctions - RSoft!@345 entered in  input
17:24:04.188 [main] INFO  utilities.UtilityCustomFunctions - Before Single LIne Edit: Last Task Id:  current record id 126480
17:24:26.282 [main] INFO  utilities.UtilityCustomFunctions - Header Toggle Already ON
17:24:26.314 [main] INFO  utilities.UtilityCustomFunctions - Summary View Already OFF
17:24:31.329 [main] INFO  utilities.UtilityCustomFunctions - Mobile Number Edit On in Summary Page
17:24:38.343 [main] INFO  utilities.UtilityCustomFunctions - 2233445566 entered in  input
17:24:40.959 [main] INFO  utilities.UtilityCustomFunctions - 2233445566 Is Updated Text for Mobile Number@Single Line Edit
17:25:00.947 [main] INFO  utilities.UtilityCustomFunctions - testing entered in  input
17:25:01.364 [main] INFO  utilities.UtilityCustomFunctions - dCr2KGiHBrC2!@ entered in  input
17:25:28.516 [main] INFO  testCases.ExecuteTask.Notification.TC054_NT_ET_ETRM_DTBeforeDays - [PRIMARY (DESC)] is selected in List
17:25:33.535 [main] INFO  utilities.UtilityCustomFunctions - Entity Id Searched: 126480
17:25:37.971 [main] INFO  utilities.UtilityCustomFunctions - Entity Id Searched: 126480
17:25:39.450 [main] INFO  utilities.UtilityCustomFunctions - Execute Task Notification Date&Time before Days Actual Value: 2024-06-04 20:00:00Expected Value: 2024-06-04 20:00:00 EntityId: 126480@Single Line Edit
17:34:37.138 [main] INFO  utilities.UtilityCustomFunctions - ******starting TC053_NT_ET_ETRM_DTBeforeHours ****
17:34:37.142 [main] INFO  utilities.UtilityCustomFunctions - Browser Execution on: chrome
17:34:37.145 [main] INFO  utilities.UtilityCustomFunctions - Excel file Utility instance created
17:34:38.679 [main] INFO  utilities.UtilityCustomFunctions - Total rows: 1
17:34:38.854 [main] INFO  utilities.UtilityCustomFunctions - Cols Count: 37
17:34:38.854 [main] INFO  utilities.UtilityCustomFunctions - Extracting DataSheet Values started...
17:34:45.530 [main] INFO  utilities.UtilityCustomFunctions - PRIYAN entered in  input
17:34:47.421 [main] INFO  utilities.UtilityCustomFunctions - rsoft entered in  input
17:34:49.605 [main] INFO  utilities.UtilityCustomFunctions - RSoft!@345 entered in  input
17:34:58.670 [main] INFO  testCases.ExecuteTask.Notification.TC053_NT_ET_ETRM_DTBeforeHours - Clicked Avatar
17:35:02.760 [main] INFO  testCases.ExecuteTask.Notification.TC053_NT_ET_ETRM_DTBeforeHours - Clicked Menu CRM Setting
17:35:05.001 [main] INFO  testCases.ExecuteTask.Notification.TC053_NT_ET_ETRM_DTBeforeHours - Clicked Menu Other Setting
17:35:13.239 [main] INFO  testCases.ExecuteTask.Notification.TC053_NT_ET_ETRM_DTBeforeHours - Clicked Menu Item Workflow
17:35:13.592 [main] INFO  testCases.ExecuteTask.Notification.TC053_NT_ET_ETRM_DTBeforeHours - Clicked Workflow from Combox Box List
17:35:15.600 [main] INFO  testCases.ExecuteTask.Notification.TC053_NT_ET_ETRM_DTBeforeHours - Item to be selected:  ETNotification Workflow
17:35:22.114 [main] INFO  testCases.ExecuteTask.Notification.TC053_NT_ET_ETRM_DTBeforeHours - [ETNotification Workflow] is selected in List
17:35:22.114 [main] INFO  testCases.ExecuteTask.Notification.TC053_NT_ET_ETRM_DTBeforeHours - Item selected in combox Box  ETNotification Workflow
17:35:25.120 [main] INFO  testCases.ExecuteTask.Notification.TC053_NT_ET_ETRM_DTBeforeHours - Selected Module to View its Workflows
17:35:25.346 [main] INFO  testCases.ExecuteTask.Notification.TC053_NT_ET_ETRM_DTBeforeHours - Module,workflow,conditions not matched 
17:35:25.346 [main] INFO  testCases.ExecuteTask.Notification.TC053_NT_ET_ETRM_DTBeforeHours - bCurrentWFStatus: false
17:35:25.494 [main] INFO  testCases.ExecuteTask.Notification.TC053_NT_ET_ETRM_DTBeforeHours - Module,workflow,conditions not matched 
17:35:25.494 [main] INFO  testCases.ExecuteTask.Notification.TC053_NT_ET_ETRM_DTBeforeHours - bCurrentWFStatus: false
17:35:25.636 [main] INFO  testCases.ExecuteTask.Notification.TC053_NT_ET_ETRM_DTBeforeHours - Module,workflow,condition matches
17:35:25.636 [main] INFO  testCases.ExecuteTask.Notification.TC053_NT_ET_ETRM_DTBeforeHours - bCurrentWFStatus: true
17:35:25.636 [main] INFO  testCases.ExecuteTask.Notification.TC053_NT_ET_ETRM_DTBeforeHours - wf_ET_ETRM_NotificationsWorkflow enabled
17:35:25.652 [main] INFO  utilities.UtilityCustomFunctions - wf_ET_ETRM_NotificationsDisabled Workflow Manually Enabled
17:35:25.652 [main] INFO  testCases.ExecuteTask.Notification.TC053_NT_ET_ETRM_DTBeforeHours - true:3
17:35:33.454 [main] INFO  testCases.ExecuteTask.Notification.TC053_NT_ET_ETRM_DTBeforeHours - Work flow clicked
17:35:40.328 [main] INFO  testCases.ExecuteTask.Notification.TC053_NT_ET_ETRM_DTBeforeHours - Cliked Step 1 Next Button to Condition Page
17:35:45.798 [main] INFO  testCases.ExecuteTask.Notification.TC053_NT_ET_ETRM_DTBeforeHours - Cliked Step 2 Next Button to Task List Page
17:35:46.800 [main] INFO  testCases.ExecuteTask.Notification.TC053_NT_ET_ETRM_DTBeforeHours - Clicked Workflow and Navigated to Task Page
17:35:55.734 [main] INFO  testCases.ExecuteTask.Notification.TC053_NT_ET_ETRM_DTBeforeHours - Number of Tasks Listed for this Workflow: wf_ET_ETRM_Notifications : 18
17:35:55.968 [main] INFO  utilities.UtilityCustomFunctions - Retrieved Action Type:notifications
  Send notification
17:35:55.968 [main] INFO  utilities.UtilityCustomFunctions - Retrieved Action Title:tskNT_ExecuteTask_TimeAfterMin...
17:35:55.968 [main] INFO  utilities.UtilityCustomFunctions - Retrieved Expected Action Type:Send notification
17:35:55.968 [main] INFO  utilities.UtilityCustomFunctions - Retrieved Expected Action Title:tskNT_ExecuteTask_DTBeforeHours
17:35:56.202 [main] INFO  utilities.UtilityCustomFunctions - Retrieved Action Type:notifications
  Send notification
17:35:56.217 [main] INFO  utilities.UtilityCustomFunctions - Retrieved Action Title:tskNT_ExecuteTask_DTBeforeDays
17:35:56.217 [main] INFO  utilities.UtilityCustomFunctions - Retrieved Expected Action Type:Send notification
17:35:56.217 [main] INFO  utilities.UtilityCustomFunctions - Retrieved Expected Action Title:tskNT_ExecuteTask_DTBeforeHours
17:36:01.871 [main] INFO  testCases.ExecuteTask.Notification.TC053_NT_ET_ETRM_DTBeforeHours - Task Deactivated for Action Type:notifications
  Send notificationand Action Title:tskNT_ExecuteTask_DTBeforeDay
17:36:02.135 [main] INFO  utilities.UtilityCustomFunctions - Retrieved Action Type:notifications
  Send notification
17:36:02.135 [main] INFO  utilities.UtilityCustomFunctions - Retrieved Action Title:tskNT_ExecuteTask_DTBeforeHour...
17:36:02.135 [main] INFO  utilities.UtilityCustomFunctions - Retrieved Expected Action Type:Send notification
17:36:02.135 [main] INFO  utilities.UtilityCustomFunctions - Retrieved Expected Action Title:tskNT_ExecuteTask_DTBeforeHours
17:36:02.352 [main] INFO  utilities.UtilityCustomFunctions - Retrieved Action Type:notifications
  Send notification
17:36:02.352 [main] INFO  utilities.UtilityCustomFunctions - Retrieved Action Title:tskNT_ExecuteTask_DTBeforeMinu...
17:36:02.352 [main] INFO  utilities.UtilityCustomFunctions - Retrieved Expected Action Type:Send notification
17:36:02.352 [main] INFO  utilities.UtilityCustomFunctions - Retrieved Expected Action Title:tskNT_ExecuteTask_DTBeforeHours
17:36:02.603 [main] INFO  utilities.UtilityCustomFunctions - Retrieved Action Type:notifications
  Send notification
17:36:02.603 [main] INFO  utilities.UtilityCustomFunctions - Retrieved Action Title:tskNT_ExecuteTask_DTAfterDays
17:36:02.603 [main] INFO  utilities.UtilityCustomFunctions - Retrieved Expected Action Type:Send notification
17:36:02.603 [main] INFO  utilities.UtilityCustomFunctions - Retrieved Expected Action Title:tskNT_ExecuteTask_DTBeforeHours
17:36:02.802 [main] INFO  utilities.UtilityCustomFunctions - Retrieved Action Type:notifications
  Send notification
17:36:02.802 [main] INFO  utilities.UtilityCustomFunctions - Retrieved Action Title:tskNT_ExecuteTask_DTAfterMinut...
17:36:02.802 [main] INFO  utilities.UtilityCustomFunctions - Retrieved Expected Action Type:Send notification
17:36:02.802 [main] INFO  utilities.UtilityCustomFunctions - Retrieved Expected Action Title:tskNT_ExecuteTask_DTBeforeHours
17:36:03.002 [main] INFO  utilities.UtilityCustomFunctions - Retrieved Action Type:notifications
  Send notification
17:36:03.002 [main] INFO  utilities.UtilityCustomFunctions - Retrieved Action Title:tskNT_ExecuteTask_DTAfterHours
17:36:03.002 [main] INFO  utilities.UtilityCustomFunctions - Retrieved Expected Action Type:Send notification
17:36:03.002 [main] INFO  utilities.UtilityCustomFunctions - Retrieved Expected Action Title:tskNT_ExecuteTask_DTBeforeHours
17:36:03.236 [main] INFO  utilities.UtilityCustomFunctions - Retrieved Action Type:notifications
  Send notification
17:36:03.236 [main] INFO  utilities.UtilityCustomFunctions - Retrieved Action Title:tskNT_ExecuteTask_TimeBeforeMi...
17:36:03.236 [main] INFO  utilities.UtilityCustomFunctions - Retrieved Expected Action Type:Send notification
17:36:03.236 [main] INFO  utilities.UtilityCustomFunctions - Retrieved Expected Action Title:tskNT_ExecuteTask_DTBeforeHours
17:36:03.471 [main] INFO  utilities.UtilityCustomFunctions - Retrieved Action Type:notifications
  Send notification
17:36:03.471 [main] INFO  utilities.UtilityCustomFunctions - Retrieved Action Title:tskNT_ExecuteTask_TimeBeforeHo...
17:36:03.471 [main] INFO  utilities.UtilityCustomFunctions - Retrieved Expected Action Type:Send notification
17:36:03.471 [main] INFO  utilities.UtilityCustomFunctions - Retrieved Expected Action Title:tskNT_ExecuteTask_DTBeforeHours
17:36:03.720 [main] INFO  utilities.UtilityCustomFunctions - Retrieved Action Type:notifications
  Send notification
17:36:03.720 [main] INFO  utilities.UtilityCustomFunctions - Retrieved Action Title:tskNT_ExecuteTask_CTAfterMinut...
17:36:03.720 [main] INFO  utilities.UtilityCustomFunctions - Retrieved Expected Action Type:Send notification
17:36:03.720 [main] INFO  utilities.UtilityCustomFunctions - Retrieved Expected Action Title:tskNT_ExecuteTask_DTBeforeHours
17:36:03.953 [main] INFO  utilities.UtilityCustomFunctions - Retrieved Action Type:notifications
  Send notification
17:36:03.953 [main] INFO  utilities.UtilityCustomFunctions - Retrieved Action Title:tskNT_ExecuteTask_TimeAfterHo...
17:36:03.953 [main] INFO  utilities.UtilityCustomFunctions - Retrieved Expected Action Type:Send notification
17:36:03.953 [main] INFO  utilities.UtilityCustomFunctions - Retrieved Expected Action Title:tskNT_ExecuteTask_DTBeforeHours
17:36:04.169 [main] INFO  utilities.UtilityCustomFunctions - Retrieved Action Type:notifications
  Send notification
17:36:04.169 [main] INFO  utilities.UtilityCustomFunctions - Retrieved Action Title:tskNT_ExecuteTask_DateBeforeDa...
17:36:04.169 [main] INFO  utilities.UtilityCustomFunctions - Retrieved Expected Action Type:Send notification
17:36:04.169 [main] INFO  utilities.UtilityCustomFunctions - Retrieved Expected Action Title:tskNT_ExecuteTask_DTBeforeHours
17:36:04.387 [main] INFO  utilities.UtilityCustomFunctions - Retrieved Action Type:notifications
  Send notification
17:36:04.387 [main] INFO  utilities.UtilityCustomFunctions - Retrieved Action Title:tskNT_ExecuteTask_DateAfterDay...
17:36:04.387 [main] INFO  utilities.UtilityCustomFunctions - Retrieved Expected Action Type:Send notification
17:36:04.387 [main] INFO  utilities.UtilityCustomFunctions - Retrieved Expected Action Title:tskNT_ExecuteTask_DTBeforeHours
17:36:04.585 [main] INFO  utilities.UtilityCustomFunctions - Retrieved Action Type:notifications
  Send notification
17:36:04.585 [main] INFO  utilities.UtilityCustomFunctions - Retrieved Action Title:tskNT_ExecuteTask_MTAfterDays
17:36:04.585 [main] INFO  utilities.UtilityCustomFunctions - Retrieved Expected Action Type:Send notification
17:36:04.585 [main] INFO  utilities.UtilityCustomFunctions - Retrieved Expected Action Title:tskNT_ExecuteTask_DTBeforeHours
17:36:04.801 [main] INFO  utilities.UtilityCustomFunctions - Retrieved Action Type:notifications
  Send notification
17:36:04.801 [main] INFO  utilities.UtilityCustomFunctions - Retrieved Action Title:tskNT_ExecuteTask_MTAfterHours
17:36:04.801 [main] INFO  utilities.UtilityCustomFunctions - Retrieved Expected Action Type:Send notification
17:36:04.801 [main] INFO  utilities.UtilityCustomFunctions - Retrieved Expected Action Title:tskNT_ExecuteTask_DTBeforeHours
17:36:05.017 [main] INFO  utilities.UtilityCustomFunctions - Retrieved Action Type:notifications
  Send notification
17:36:05.017 [main] INFO  utilities.UtilityCustomFunctions - Retrieved Action Title:tskNT_ExecuteTask_MTAfterMinut...
17:36:05.017 [main] INFO  utilities.UtilityCustomFunctions - Retrieved Expected Action Type:Send notification
17:36:05.017 [main] INFO  utilities.UtilityCustomFunctions - Retrieved Expected Action Title:tskNT_ExecuteTask_DTBeforeHours
17:36:05.219 [main] INFO  utilities.UtilityCustomFunctions - Retrieved Action Type:notifications
  Send notification
17:36:05.235 [main] INFO  utilities.UtilityCustomFunctions - Retrieved Action Title:tskNT_ExecuteTask_CTAfterDays
17:36:05.235 [main] INFO  utilities.UtilityCustomFunctions - Retrieved Expected Action Type:Send notification
17:36:05.235 [main] INFO  utilities.UtilityCustomFunctions - Retrieved Expected Action Title:tskNT_ExecuteTask_DTBeforeHours
17:36:05.435 [main] INFO  utilities.UtilityCustomFunctions - Retrieved Action Type:notifications
  Send notification
17:36:05.435 [main] INFO  utilities.UtilityCustomFunctions - Retrieved Action Title:tskNT_ExecuteTask_CTAfterHours
17:36:05.435 [main] INFO  utilities.UtilityCustomFunctions - Retrieved Expected Action Type:Send notification
17:36:05.435 [main] INFO  utilities.UtilityCustomFunctions - Retrieved Expected Action Title:tskNT_ExecuteTask_DTBeforeHours
17:36:06.451 [main] INFO  utilities.UtilityCustomFunctions - Out of for loop:true
17:36:14.958 [main] INFO  testCases.ExecuteTask.Notification.TC053_NT_ET_ETRM_DTBeforeHours - Clicked Workflow and Navigated to Task Page
17:36:14.959 [main] INFO  testCases.ExecuteTask.Notification.TC053_NT_ET_ETRM_DTBeforeHours - Task Active Send notification  tskNT_ExecuteTask_DTBeforeHours
17:36:26.311 [main] INFO  utilities.UtilityCustomFunctions - Click Module:ETNotification
17:36:29.472 [main] INFO  utilities.UtilityCustomFunctions - Add New Record clicked:ETNotification
17:36:31.485 [main] INFO  utilities.UtilityCustomFunctions - Excel file Utility instance created
17:36:31.585 [main] INFO  utilities.UtilityCustomFunctions - Row Count to Add Values: 1
17:36:31.636 [main] INFO  utilities.UtilityCustomFunctions - Col Count is: 37
17:36:31.636 [main] INFO  utilities.UtilityCustomFunctions - Extracting DataSheet Values started...
17:36:32.633 [main] INFO  utilities.UtilityCustomFunctions - Before Adding Module data
17:36:33.825 [main] INFO  utilities.UtilityCustomFunctions - Assinged To Drop Down clicked
17:36:39.125 [main] INFO  testCases.ExecuteTask.Notification.TC053_NT_ET_ETRM_DTBeforeHours - [Rsoft IT] is selected in List
17:36:39.262 [main] INFO  utilities.UtilityCustomFunctions - Phone NUmber prefix clicked :  
17:36:42.558 [main] INFO  testCases.ExecuteTask.Notification.TC053_NT_ET_ETRM_DTBeforeHours - [+91] is selected in List
17:36:42.558 [main] INFO  utilities.UtilityCustomFunctions - Phone NUmber selected is :  9087654321
17:36:44.171 [main] INFO  utilities.UtilityCustomFunctions - 9087654321 entered in  input
17:36:47.738 [main] INFO  utilities.UtilityCustomFunctions - NewAdd@gmail.com entered in  input
17:36:48.768 [main] INFO  utilities.UtilityCustomFunctions - Email Added is: NewAdd@gmail.com
17:36:50.239 [main] INFO  utilities.UtilityCustomFunctions - NewAddText entered in  input
17:36:50.255 [main] INFO  utilities.UtilityCustomFunctions - Text Value added is::  NewAddText
17:37:12.621 [main] INFO  utilities.UtilityCustomFunctions - MultiCombo box values: one,two
17:37:15.153 [main] INFO  utilities.UtilityCustomFunctions - NewAddTextArea entered in  textarea
17:37:17.221 [main] INFO  utilities.UtilityCustomFunctions - check box value: ON
17:37:17.360 [main] INFO  utilities.UtilityCustomFunctions - Checkbox clicked
17:37:17.495 [main] INFO  utilities.UtilityCustomFunctions - DateBox clicked
17:37:23.783 [main] INFO  utilities.UtilityCustomFunctions - Current Month:Jun
17:37:30.353 [main] INFO  utilities.UtilityCustomFunctions - Year to be selected is:2024
17:37:33.026 [main] INFO  utilities.UtilityCustomFunctions - Control Type:sDate
17:37:37.050 [main] INFO  utilities.UtilityCustomFunctions - (//td[contains(@class,'today')])[1]
17:37:39.234 [main] INFO  utilities.UtilityCustomFunctions - Today Date Selected
17:37:41.384 [main] INFO  utilities.UtilityCustomFunctions - Picklist clicked
17:37:42.537 [main] INFO  utilities.UtilityCustomFunctions - Picklist selected: 1
17:37:49.976 [main] INFO  utilities.UtilityCustomFunctions - Date & Time Clicked
17:38:00.681 [main] INFO  testCases.ExecuteTask.Notification.TC053_NT_ET_ETRM_DTBeforeHours - [5] is selected in List
17:38:06.278 [main] INFO  testCases.ExecuteTask.Notification.TC053_NT_ET_ETRM_DTBeforeHours - [00] is selected in List
17:38:11.774 [main] INFO  testCases.ExecuteTask.Notification.TC053_NT_ET_ETRM_DTBeforeHours - [00] is selected in List
17:38:17.248 [main] INFO  testCases.ExecuteTask.Notification.TC053_NT_ET_ETRM_DTBeforeHours - [PM] is selected in List
17:38:18.267 [main] INFO  utilities.UtilityCustomFunctions - Clicked Current Date in Date&Time
17:38:18.451 [main] INFO  utilities.UtilityCustomFunctions - Date & Time Selected
17:38:19.589 [main] INFO  utilities.UtilityCustomFunctions - Time Clicked
17:38:22.601 [main] INFO  utilities.UtilityCustomFunctions - Hours://div[@class='popover-content']//div[@class='clockpicker-tick' and text()='5']
17:38:34.331 [main] INFO  utilities.UtilityCustomFunctions - Actual Date Selected :01-06-2024
17:38:38.239 [main] INFO  testCases.ExecuteTask.Notification.TC053_NT_ET_ETRM_DTBeforeHours - [Mr.] is selected in List
17:38:39.715 [main] INFO  utilities.UtilityCustomFunctions - NewAddName entered in  input
17:38:41.199 [main] INFO  utilities.UtilityCustomFunctions - 1111111111 entered in  input
17:38:42.654 [main] INFO  utilities.UtilityCustomFunctions - 1,000 entered in  input
17:38:44.218 [main] INFO  utilities.UtilityCustomFunctions - http://www.google.com/ entered in  input
17:38:45.425 [main] INFO  utilities.UtilityCustomFunctions - City Drop Down clicked
17:38:48.701 [main] INFO  testCases.ExecuteTask.Notification.TC053_NT_ET_ETRM_DTBeforeHours - [Ariyalur] is selected in List
17:38:48.701 [main] INFO  utilities.UtilityCustomFunctions - City Selected: Ariyalur
17:38:49.951 [main] INFO  utilities.UtilityCustomFunctions - State Drop Down clicked
17:38:53.623 [main] INFO  testCases.ExecuteTask.Notification.TC053_NT_ET_ETRM_DTBeforeHours - [Tamilnadu] is selected in List
17:38:53.623 [main] INFO  utilities.UtilityCustomFunctions - State Selected: Tamilnadu
17:38:54.773 [main] INFO  utilities.UtilityCustomFunctions - Country List clicked
17:38:58.090 [main] INFO  testCases.ExecuteTask.Notification.TC053_NT_ET_ETRM_DTBeforeHours - [India] is selected in List
17:38:58.090 [main] INFO  utilities.UtilityCustomFunctions - Country Selected: India
17:39:15.150 [main] INFO  utilities.UtilityCustomFunctions - RelatedModuleText entered in  input
17:39:15.177 [main] INFO  utilities.UtilityCustomFunctions - Search Button clicked in Related Module Window
17:39:18.970 [main] INFO  utilities.UtilityCustomFunctions - Button Search
17:39:22.065 [main] INFO  utilities.UtilityCustomFunctions - table row Count:1
17:39:30.898 [main] INFO  utilities.UtilityCustomFunctions - Related Module Value Selected
17:39:41.632 [main] INFO  utilities.UtilityCustomFunctions - New Record added in: ETNotification
17:39:52.766 [main] INFO  utilities.UtilityCustomFunctions - testing entered in  input
17:39:53.216 [main] INFO  utilities.UtilityCustomFunctions - dCr2KGiHBrC2!@ entered in  input
17:40:21.868 [main] INFO  testCases.ExecuteTask.Notification.TC053_NT_ET_ETRM_DTBeforeHours - [PRIMARY (DESC)] is selected in List
17:40:26.883 [main] INFO  utilities.UtilityCustomFunctions - Entity Id Searched: 126483
17:40:31.308 [main] INFO  utilities.UtilityCustomFunctions - Entity Id Searched: 126483
17:40:32.686 [main] INFO  utilities.UtilityCustomFunctions - Passed: Actual EntityId: 126483 Not Created in DB for Every Time Record Modifies condition for DTBeforeHours Task @Add New
17:40:38.446 [main] INFO  utilities.UtilityCustomFunctions - PRIYAN entered in  input
17:40:39.946 [main] INFO  utilities.UtilityCustomFunctions - rsoft entered in  input
17:40:41.446 [main] INFO  utilities.UtilityCustomFunctions - RSoft!@345 entered in  input
17:41:10.394 [main] INFO  utilities.UtilityCustomFunctions - Excel file Utility instance created
17:41:10.465 [main] INFO  utilities.UtilityCustomFunctions - Row Count to Add Values: 1
17:41:10.534 [main] INFO  utilities.UtilityCustomFunctions - Col Count is: 36
17:41:10.534 [main] INFO  utilities.UtilityCustomFunctions - Extracting DataSheet Values started...
17:41:11.413 [main] INFO  utilities.UtilityCustomFunctions - Before Adding Module data
17:41:12.639 [main] INFO  utilities.UtilityCustomFunctions - Assinged To Drop Down clicked
17:41:17.940 [main] INFO  testCases.ExecuteTask.Notification.TC053_NT_ET_ETRM_DTBeforeHours - [Rsoft IT] is selected in List
17:41:18.062 [main] INFO  utilities.UtilityCustomFunctions - Phone NUmber prefix clicked :  
17:41:21.378 [main] INFO  testCases.ExecuteTask.Notification.TC053_NT_ET_ETRM_DTBeforeHours - [+91] is selected in List
17:41:21.378 [main] INFO  utilities.UtilityCustomFunctions - Phone NUmber selected is :  1234567890
17:41:23.032 [main] INFO  utilities.UtilityCustomFunctions - 1234567890 entered in  input
17:41:26.705 [main] INFO  utilities.UtilityCustomFunctions - SummaryAdd@gmail.com entered in  input
17:41:27.730 [main] INFO  utilities.UtilityCustomFunctions - Email Added is: SummaryAdd@gmail.com
17:41:29.183 [main] INFO  utilities.UtilityCustomFunctions - SummaryAddText entered in  input
17:41:29.200 [main] INFO  utilities.UtilityCustomFunctions - Text Value added is::  SummaryAddText
17:41:51.633 [main] INFO  utilities.UtilityCustomFunctions - MultiCombo box values: three,four
17:41:54.231 [main] INFO  utilities.UtilityCustomFunctions - SummaryAddTextArea entered in  textarea
17:41:56.296 [main] INFO  utilities.UtilityCustomFunctions - check box value: ON
17:41:56.412 [main] INFO  utilities.UtilityCustomFunctions - Checkbox clicked
17:41:56.548 [main] INFO  utilities.UtilityCustomFunctions - DateBox clicked
17:42:02.797 [main] INFO  utilities.UtilityCustomFunctions - Current Month:Jun
17:42:09.361 [main] INFO  utilities.UtilityCustomFunctions - Year to be selected is:2024
17:42:12.070 [main] INFO  utilities.UtilityCustomFunctions - Control Type:sDate
17:42:16.094 [main] INFO  utilities.UtilityCustomFunctions - (//td[contains(@class,'today')])[1]
17:42:18.257 [main] INFO  utilities.UtilityCustomFunctions - Today Date Selected
17:42:20.426 [main] INFO  utilities.UtilityCustomFunctions - Picklist clicked
17:42:21.578 [main] INFO  utilities.UtilityCustomFunctions - Picklist selected: 1
17:42:29.003 [main] INFO  utilities.UtilityCustomFunctions - Date & Time Clicked
17:42:39.814 [main] INFO  testCases.ExecuteTask.Notification.TC053_NT_ET_ETRM_DTBeforeHours - [6] is selected in List
17:42:45.344 [main] INFO  testCases.ExecuteTask.Notification.TC053_NT_ET_ETRM_DTBeforeHours - [00] is selected in List
17:42:50.847 [main] INFO  testCases.ExecuteTask.Notification.TC053_NT_ET_ETRM_DTBeforeHours - [00] is selected in List
17:42:56.244 [main] INFO  testCases.ExecuteTask.Notification.TC053_NT_ET_ETRM_DTBeforeHours - [PM] is selected in List
17:42:57.262 [main] INFO  utilities.UtilityCustomFunctions - Clicked Current Date in Date&Time
17:42:57.447 [main] INFO  utilities.UtilityCustomFunctions - Date & Time Selected
17:42:58.585 [main] INFO  utilities.UtilityCustomFunctions - Time Clicked
17:43:01.595 [main] INFO  utilities.UtilityCustomFunctions - Hours://div[@class='popover-content']//div[@class='clockpicker-tick' and text()='6']
17:43:13.234 [main] INFO  utilities.UtilityCustomFunctions - Actual Date Selected :01-06-2024
17:43:17.092 [main] INFO  testCases.ExecuteTask.Notification.TC053_NT_ET_ETRM_DTBeforeHours - [Mr.] is selected in List
17:43:18.700 [main] INFO  utilities.UtilityCustomFunctions - SummaryAddName entered in  input
17:43:20.164 [main] INFO  utilities.UtilityCustomFunctions - 2323232323 entered in  input
17:43:21.578 [main] INFO  utilities.UtilityCustomFunctions - 1,000 entered in  input
17:43:23.193 [main] INFO  utilities.UtilityCustomFunctions - http://www.mvnrepository.com/ entered in  input
17:43:24.362 [main] INFO  utilities.UtilityCustomFunctions - City Drop Down clicked
17:43:27.702 [main] INFO  testCases.ExecuteTask.Notification.TC053_NT_ET_ETRM_DTBeforeHours - [Chennai] is selected in List
17:43:27.702 [main] INFO  utilities.UtilityCustomFunctions - City Selected: Chennai
17:43:28.882 [main] INFO  utilities.UtilityCustomFunctions - State Drop Down clicked
17:43:32.534 [main] INFO  testCases.ExecuteTask.Notification.TC053_NT_ET_ETRM_DTBeforeHours - [Tamilnadu] is selected in List
17:43:32.534 [main] INFO  utilities.UtilityCustomFunctions - State Selected: Tamilnadu
17:43:33.708 [main] INFO  utilities.UtilityCustomFunctions - Country List clicked
17:43:37.015 [main] INFO  testCases.ExecuteTask.Notification.TC053_NT_ET_ETRM_DTBeforeHours - [India] is selected in List
17:43:37.015 [main] INFO  utilities.UtilityCustomFunctions - Country Selected: India
17:43:54.000 [main] INFO  utilities.UtilityCustomFunctions - RelatedModuleText entered in  input
17:43:54.019 [main] INFO  utilities.UtilityCustomFunctions - Search Button clicked in Related Module Window
17:43:57.832 [main] INFO  utilities.UtilityCustomFunctions - Button Search
17:44:00.961 [main] INFO  utilities.UtilityCustomFunctions - table row Count:1
17:44:09.777 [main] INFO  utilities.UtilityCustomFunctions - Related Module Value Selected
17:44:20.393 [main] INFO  utilities.UtilityCustomFunctions - New Record added in: ETNotification
17:44:31.094 [main] INFO  utilities.UtilityCustomFunctions - testing entered in  input
17:44:31.543 [main] INFO  utilities.UtilityCustomFunctions - dCr2KGiHBrC2!@ entered in  input
17:45:00.075 [main] INFO  testCases.ExecuteTask.Notification.TC053_NT_ET_ETRM_DTBeforeHours - [PRIMARY (DESC)] is selected in List
17:45:05.091 [main] INFO  utilities.UtilityCustomFunctions - Entity Id Searched: 126485
17:45:09.518 [main] INFO  utilities.UtilityCustomFunctions - Entity Id Searched: 126485
17:45:10.850 [main] INFO  utilities.UtilityCustomFunctions - Passed: Actual EntityId: 126485 Not Created in DB for Every Time Record Modifies condition for DTBeforeHours Task @Summary Add
17:45:19.510 [main] INFO  utilities.UtilityCustomFunctions - PRIYAN entered in  input
17:45:21.063 [main] INFO  utilities.UtilityCustomFunctions - rsoft entered in  input
17:45:22.608 [main] INFO  utilities.UtilityCustomFunctions - RSoft!@345 entered in  input
17:45:49.612 [main] INFO  utilities.UtilityCustomFunctions - Excel file Utility instance created
17:45:49.678 [main] INFO  utilities.UtilityCustomFunctions - Row Count to Add Values: 1
17:45:49.843 [main] INFO  utilities.UtilityCustomFunctions - Col Count is: 37
17:45:49.843 [main] INFO  utilities.UtilityCustomFunctions - Extracting DataSheet Values started...
17:45:50.911 [main] INFO  utilities.UtilityCustomFunctions - Before Adding Module data
17:45:52.098 [main] INFO  utilities.UtilityCustomFunctions - Assinged To Drop Down clicked
17:45:57.447 [main] INFO  testCases.ExecuteTask.Notification.TC053_NT_ET_ETRM_DTBeforeHours - [Rsoft IT] is selected in List
