18:05:55.218 [TestNG-tests-1] INFO  utilities.UtilityCustomFunctions - Actual:2024-07-12
18:05:55.219 [TestNG-tests-1] INFO  utilities.UtilityCustomFunctions - Expected:2024-07-12
18:05:55.219 [TestNG-tests-1] INFO  utilities.UtilityCustomFunctions - Message:Detail View Date:  CE Source @DuplicateRecord
18:05:56.375 [TestNG-tests-1] INFO  utilities.UtilityCustomFunctions - Actual:02:35:55 PM
18:05:56.375 [TestNG-tests-1] INFO  utilities.UtilityCustomFunctions - Expected:02:35:55 PM
18:05:56.375 [TestNG-tests-1] INFO  utilities.UtilityCustomFunctions - Message:Detail View Time:  CE Source @DuplicateRecord
18:05:57.528 [TestNG-tests-1] INFO  utilities.UtilityCustomFunctions - Actual:2024-07-15 05:00:00 PM
18:05:57.528 [TestNG-tests-1] INFO  utilities.UtilityCustomFunctions - Expected:2024-07-15 05:00:00 PM
18:05:57.529 [TestNG-tests-1] INFO  utilities.UtilityCustomFunctions - Message:Detail View Date & Time :  CE Source @DuplicateRecord
18:05:58.768 [TestNG-tests-1] INFO  utilities.UtilityCustomFunctions - Actual:annie-spratt
18:05:58.768 [TestNG-tests-1] INFO  utilities.UtilityCustomFunctions - Expected:annie-spratt
18:05:58.768 [TestNG-tests-1] INFO  utilities.UtilityCustomFunctions - Message:Detail View File Upload :  CE Source @DuplicateRecord
18:05:59.918 [TestNG-tests-1] INFO  utilities.UtilityCustomFunctions - ActualNameDT:Mr. StevenExpectedNameDT:Mr. Steven
18:05:59.918 [TestNG-tests-1] INFO  utilities.UtilityCustomFunctions - Actual:Mr. Steven
18:05:59.918 [TestNG-tests-1] INFO  utilities.UtilityCustomFunctions - Expected:Mr. Steven
18:05:59.918 [TestNG-tests-1] INFO  utilities.UtilityCustomFunctions - Message:Detail View Name:  CE Source @DuplicateRecord
18:06:01.081 [TestNG-tests-1] INFO  utilities.UtilityCustomFunctions - Actual:11111111111
18:06:01.081 [TestNG-tests-1] INFO  utilities.UtilityCustomFunctions - Expected:11111111111
18:06:01.081 [TestNG-tests-1] INFO  utilities.UtilityCustomFunctions - Message:Detail View Number:  CE Source @DuplicateRecord
18:06:02.233 [TestNG-tests-1] INFO  utilities.UtilityCustomFunctions - Actual:10000
18:06:02.233 [TestNG-tests-1] INFO  utilities.UtilityCustomFunctions - Expected:10000
18:06:02.233 [TestNG-tests-1] INFO  utilities.UtilityCustomFunctions - Message:Detail View Currency:  CE Source @DuplicateRecord
18:06:03.366 [TestNG-tests-1] INFO  utilities.UtilityCustomFunctions - Actual:http://www.google.com/
18:06:03.366 [TestNG-tests-1] INFO  utilities.UtilityCustomFunctions - Expected:http://www.google.com/
18:06:03.366 [TestNG-tests-1] INFO  utilities.UtilityCustomFunctions - Message:Detail View Url:  CE Source @DuplicateRecord
18:06:10.659 [TestNG-tests-1] INFO  utilities.UtilityCustomFunctions - Actual:Dr. Annie
18:06:10.659 [TestNG-tests-1] INFO  utilities.UtilityCustomFunctions - Expected:Dr. Annie
18:06:10.659 [TestNG-tests-1] INFO  utilities.UtilityCustomFunctions - Message:Detail View Enquiry Name:  CE Source @DuplicateRecord
18:06:11.816 [TestNG-tests-1] INFO  utilities.UtilityCustomFunctions - Actual:AddNewEnquiry@gmail.com
18:06:11.816 [TestNG-tests-1] INFO  utilities.UtilityCustomFunctions - Expected:AddNewEnquiry@gmail.com
18:06:11.816 [TestNG-tests-1] INFO  utilities.UtilityCustomFunctions - Message:Detail View Enquiry Email:  CE Source @DuplicateRecord
18:06:12.970 [TestNG-tests-1] INFO  utilities.UtilityCustomFunctions - Actual:Enquiry about Chatbot
18:06:12.970 [TestNG-tests-1] INFO  utilities.UtilityCustomFunctions - Expected:
18:06:12.970 [TestNG-tests-1] INFO  utilities.UtilityCustomFunctions - Message:Detail View Enquiry Text:  CE Source @DuplicateRecord
18:06:13.013 [TestNG-tests-1] INFO  utilities.UtilityCustomFunctions - Actual:Summary Add Enquiry Text Area
18:06:13.013 [TestNG-tests-1] INFO  utilities.UtilityCustomFunctions - Expected:
18:06:13.013 [TestNG-tests-1] INFO  utilities.UtilityCustomFunctions - Message:Detail View Enquiry Text Area:  CE Source @DuplicateRecord
18:06:13.056 [TestNG-tests-1] INFO  utilities.UtilityCustomFunctions - Actual:2024-07-12
18:06:13.056 [TestNG-tests-1] INFO  utilities.UtilityCustomFunctions - Expected:2024-07-12
18:06:13.056 [TestNG-tests-1] INFO  utilities.UtilityCustomFunctions - Message:Detail View Enquiry Date:  CE Source @DuplicateRecord
18:06:14.213 [TestNG-tests-1] INFO  utilities.UtilityCustomFunctions - Actual:+60 9596754413
18:06:14.213 [TestNG-tests-1] INFO  utilities.UtilityCustomFunctions - Expected:+60 9596754413
18:06:14.213 [TestNG-tests-1] INFO  utilities.UtilityCustomFunctions - Message:Detail View Enquiry Phone Number:  CE Source @DuplicateRecord
18:06:15.405 [TestNG-tests-1] INFO  utilities.UtilityCustomFunctions - Actual:Urgent
18:06:15.405 [TestNG-tests-1] INFO  utilities.UtilityCustomFunctions - Expected:Urgent
18:06:15.405 [TestNG-tests-1] INFO  utilities.UtilityCustomFunctions - Message:Detail View Enquiry Category:  CE Source @DuplicateRecord
18:06:22.669 [TestNG-tests-1] INFO  utilities.UtilityCustomFunctions - Actual:+91 9501926441
18:06:22.669 [TestNG-tests-1] INFO  utilities.UtilityCustomFunctions - Expected:+91 9501926441
18:06:22.669 [TestNG-tests-1] INFO  utilities.UtilityCustomFunctions - Message:DT Lead Mobile Number:  CE Source @DuplicateRecord
18:06:23.817 [TestNG-tests-1] INFO  utilities.UtilityCustomFunctions - Actual:SummaryAddNewLead@gmail.com
18:06:23.817 [TestNG-tests-1] INFO  utilities.UtilityCustomFunctions - Expected:SummaryAddNewLead@gmail.com
18:06:23.817 [TestNG-tests-1] INFO  utilities.UtilityCustomFunctions - Message:DT View Lead Email  CE Source @DuplicateRecord
18:06:24.991 [TestNG-tests-1] INFO  utilities.UtilityCustomFunctions - Actual:Lead about Chatbot
18:06:24.991 [TestNG-tests-1] INFO  utilities.UtilityCustomFunctions - Expected:
18:06:24.991 [TestNG-tests-1] INFO  utilities.UtilityCustomFunctions - Message:DT View Lead Text CE Source @DuplicateRecord
18:06:25.034 [TestNG-tests-1] INFO  utilities.UtilityCustomFunctions - Actual:+60 0472103025
18:06:25.034 [TestNG-tests-1] INFO  utilities.UtilityCustomFunctions - Expected:+60 0472103025
18:06:25.034 [TestNG-tests-1] INFO  utilities.UtilityCustomFunctions - Message:DT Sales Mobile Number:  CE Source @DuplicateRecord
18:06:26.198 [TestNG-tests-1] INFO  utilities.UtilityCustomFunctions - Actual:SummaryAddNewSales@gmail.com
18:06:26.198 [TestNG-tests-1] INFO  utilities.UtilityCustomFunctions - Expected:SummaryAddNewSales@gmail.com
18:06:26.198 [TestNG-tests-1] INFO  utilities.UtilityCustomFunctions - Message:DT View Sales EmailCE Source @DuplicateRecord
18:07:05.329 [TestNG-tests-1] INFO  utilities.UtilityCustomFunctions - Curr Target Id @duplicate record:137413
18:07:06.573 [TestNG-tests-1] INFO  testCases.TC017_CreateEntity_OOFS_MultiSuccessCase - Excel file Utility instance created
18:07:07.212 [TestNG-tests-1] INFO  testCases.TC017_CreateEntity_OOFS_MultiSuccessCase - Row Count is: 1
18:07:07.223 [TestNG-tests-1] INFO  testCases.TC017_CreateEntity_OOFS_MultiSuccessCase - Col Count is: 54
18:07:07.223 [TestNG-tests-1] INFO  testCases.TC017_CreateEntity_OOFS_MultiSuccessCase - Extracting DataSheet Values started...
18:07:07.779 [TestNG-tests-1] INFO  utilities.UtilityCustomFunctions - Before clicking last record to Validate
18:07:13.816 [TestNG-tests-1] INFO  utilities.UtilityCustomFunctions - Header Toggle Already ON
18:07:25.416 [TestNG-tests-1] INFO  utilities.UtilityCustomFunctions - Entity Module Name: CreateEntityTarget
18:07:25.416 [TestNG-tests-1] INFO  utilities.UtilityCustomFunctions - Actual:CreateEntityTarget
18:07:25.416 [TestNG-tests-1] INFO  utilities.UtilityCustomFunctions - Expected:CreateEntityTarget
18:07:25.416 [TestNG-tests-1] INFO  utilities.UtilityCustomFunctions - Message:Module Name : CE Target @DuplicateRecord
18:07:26.695 [TestNG-tests-1] INFO  utilities.UtilityCustomFunctions - Actual:Sudhakar VE
18:07:26.695 [TestNG-tests-1] INFO  utilities.UtilityCustomFunctions - Expected:Sudhakar VE
18:07:26.695 [TestNG-tests-1] INFO  utilities.UtilityCustomFunctions - Message:Assigned To Title: CE Target @DuplicateRecord
18:07:27.808 [TestNG-tests-1] INFO  utilities.UtilityCustomFunctions - Actual:+65 0231907562
18:07:27.808 [TestNG-tests-1] INFO  utilities.UtilityCustomFunctions - Expected:+65 0231907562
18:07:27.808 [TestNG-tests-1] INFO  utilities.UtilityCustomFunctions - Message:Mobile Number Title : CE Target @DuplicateRecord
18:07:28.918 [TestNG-tests-1] INFO  utilities.UtilityCustomFunctions - Actual:SummaryAddNew@rsoft.in
18:07:28.918 [TestNG-tests-1] INFO  utilities.UtilityCustomFunctions - Expected:SummaryAddNew@rsoft.in
18:07:28.918 [TestNG-tests-1] INFO  utilities.UtilityCustomFunctions - Message:Email Title: CE Target @DuplicateRecord
18:07:33.318 [TestNG-tests-1] INFO  utilities.UtilityCustomFunctions - Actual:Sudhakar VE
18:07:33.318 [TestNG-tests-1] INFO  utilities.UtilityCustomFunctions - Expected:Sudhakar VE
18:07:33.318 [TestNG-tests-1] INFO  utilities.UtilityCustomFunctions - Message:Summary AssignedTo:  CE Target @DuplicateRecord
18:07:34.491 [TestNG-tests-1] INFO  utilities.UtilityCustomFunctions - Actual:Summary Add Text
18:07:34.491 [TestNG-tests-1] INFO  utilities.UtilityCustomFunctions - Expected:Summary Add Text
18:07:34.491 [TestNG-tests-1] INFO  utilities.UtilityCustomFunctions - Message:Summary Text:  CE Target @DuplicateRecord
18:07:35.660 [TestNG-tests-1] INFO  utilities.UtilityCustomFunctions - Actual:+65 0231907562
18:07:35.660 [TestNG-tests-1] INFO  utilities.UtilityCustomFunctions - Expected:+65 0231907562
18:07:35.660 [TestNG-tests-1] INFO  utilities.UtilityCustomFunctions - Message:Summary Mobile Number:  CE Target @DuplicateRecord
18:07:36.818 [TestNG-tests-1] INFO  utilities.UtilityCustomFunctions - Actual:SummaryAddNew@rsoft.in
18:07:36.818 [TestNG-tests-1] INFO  utilities.UtilityCustomFunctions - Expected:SummaryAddNew@rsoft.in
18:07:36.818 [TestNG-tests-1] INFO  utilities.UtilityCustomFunctions - Message:Summary Email :  CE Target @DuplicateRecord
18:07:37.984 [TestNG-tests-1] INFO  utilities.UtilityCustomFunctions - Actual:3
18:07:37.984 [TestNG-tests-1] INFO  utilities.UtilityCustomFunctions - Expected:3
18:07:37.984 [TestNG-tests-1] INFO  utilities.UtilityCustomFunctions - Message:Summary PicListValue :  CE Target @DuplicateRecord
18:07:39.107 [TestNG-tests-1] INFO  utilities.UtilityCustomFunctions - Actual:one
18:07:39.107 [TestNG-tests-1] INFO  utilities.UtilityCustomFunctions - Expected:one
18:07:39.107 [TestNG-tests-1] INFO  utilities.UtilityCustomFunctions - Message:Summary MuultiCombo Values :  CE Target @DuplicateRecord
18:07:40.293 [TestNG-tests-1] INFO  utilities.UtilityCustomFunctions - Actual:Kanchipuram
18:07:40.293 [TestNG-tests-1] INFO  utilities.UtilityCustomFunctions - Expected:Kanchipuram
18:07:40.293 [TestNG-tests-1] INFO  utilities.UtilityCustomFunctions - Message:Summary City:  CE Target @DuplicateRecord
18:07:41.449 [TestNG-tests-1] INFO  utilities.UtilityCustomFunctions - Actual:Tamilnadu
18:07:41.449 [TestNG-tests-1] INFO  utilities.UtilityCustomFunctions - Expected:Tamilnadu
18:07:41.449 [TestNG-tests-1] INFO  utilities.UtilityCustomFunctions - Message:Summary State:  CE Target @DuplicateRecord
18:07:42.599 [TestNG-tests-1] INFO  utilities.UtilityCustomFunctions - Actual:India
18:07:42.599 [TestNG-tests-1] INFO  utilities.UtilityCustomFunctions - Expected:India
18:07:42.599 [TestNG-tests-1] INFO  utilities.UtilityCustomFunctions - Message:Summary Country:  CE Target @DuplicateRecord
18:07:43.745 [TestNG-tests-1] INFO  utilities.UtilityCustomFunctions - Actual:Yes
18:07:43.745 [TestNG-tests-1] INFO  utilities.UtilityCustomFunctions - Expected:Yes
18:07:43.745 [TestNG-tests-1] INFO  utilities.UtilityCustomFunctions - Message:Summary CheckBox:  CE Target @DuplicateRecord
18:07:44.898 [TestNG-tests-1] INFO  utilities.UtilityCustomFunctions - Expected Date from sheet:2024-07-12
18:07:44.898 [TestNG-tests-1] INFO  utilities.UtilityCustomFunctions - Actual:2024-07-12
18:07:44.898 [TestNG-tests-1] INFO  utilities.UtilityCustomFunctions - Expected:2024-07-12
18:07:44.898 [TestNG-tests-1] INFO  utilities.UtilityCustomFunctions - Message:Summary Date:  CE Target @DuplicateRecord
18:07:46.007 [TestNG-tests-1] INFO  utilities.UtilityCustomFunctions - Expected Time from sheet:02:35:55 PM
18:07:46.051 [TestNG-tests-1] INFO  utilities.UtilityCustomFunctions - Formatted Time from sheet:02:35:55 PM
18:07:46.051 [TestNG-tests-1] INFO  utilities.UtilityCustomFunctions - Actual:02:35:55 PM
18:07:46.051 [TestNG-tests-1] INFO  utilities.UtilityCustomFunctions - Expected:02:35:55 PM
18:07:46.051 [TestNG-tests-1] INFO  utilities.UtilityCustomFunctions - Message:Summary Time:  CE Target @DuplicateRecord
18:07:47.179 [TestNG-tests-1] INFO  utilities.UtilityCustomFunctions - Expected Date Time from sheet:2024-07-15 05:00:00 PM
18:07:47.222 [TestNG-tests-1] INFO  utilities.UtilityCustomFunctions - Formatted date & Time from sheet:2024-07-15 05:00:00 PM
18:07:47.222 [TestNG-tests-1] INFO  utilities.UtilityCustomFunctions - Actual:2024-07-15 05:00:00 PM
18:07:47.222 [TestNG-tests-1] INFO  utilities.UtilityCustomFunctions - Expected:2024-07-15 05:00:00 PM
18:07:47.222 [TestNG-tests-1] INFO  utilities.UtilityCustomFunctions - Message:Summary Date & Time :  CE Target @DuplicateRecord
18:07:48.504 [TestNG-tests-1] INFO  utilities.UtilityCustomFunctions - Actual:annie-spratt
18:07:48.504 [TestNG-tests-1] INFO  utilities.UtilityCustomFunctions - Expected:annie-spratt
18:07:48.504 [TestNG-tests-1] INFO  utilities.UtilityCustomFunctions - Message:Summary File Upload :  CE Target @DuplicateRecord
18:07:49.666 [TestNG-tests-1] INFO  utilities.UtilityCustomFunctions - ActualName:Mr. StevenExpectedName:Mr. Steven
18:07:49.666 [TestNG-tests-1] INFO  utilities.UtilityCustomFunctions - Actual:Mr. Steven
18:07:49.666 [TestNG-tests-1] INFO  utilities.UtilityCustomFunctions - Expected:Mr. Steven
18:07:49.666 [TestNG-tests-1] INFO  utilities.UtilityCustomFunctions - Message:Summary Name:  CE Target @DuplicateRecord
18:07:50.804 [TestNG-tests-1] INFO  utilities.UtilityCustomFunctions - Actual:11111111111
18:07:50.804 [TestNG-tests-1] INFO  utilities.UtilityCustomFunctions - Expected:11111111111
18:07:50.804 [TestNG-tests-1] INFO  utilities.UtilityCustomFunctions - Message:Summary Number:  CE Target @DuplicateRecord
18:07:51.959 [TestNG-tests-1] INFO  utilities.UtilityCustomFunctions - Actual:10000
18:07:51.959 [TestNG-tests-1] INFO  utilities.UtilityCustomFunctions - Expected:10000
18:07:51.959 [TestNG-tests-1] INFO  utilities.UtilityCustomFunctions - Message:Summary Currency:  CE Target @DuplicateRecord
18:07:53.091 [TestNG-tests-1] INFO  utilities.UtilityCustomFunctions - Actual:http://www.google.com/
18:07:53.091 [TestNG-tests-1] INFO  utilities.UtilityCustomFunctions - Expected:http://www.google.com/
18:07:53.091 [TestNG-tests-1] INFO  utilities.UtilityCustomFunctions - Message:Summary Url:  CE Target @DuplicateRecord
18:07:54.249 [TestNG-tests-1] INFO  utilities.UtilityCustomFunctions - Actual:Dr. Annie
18:07:54.250 [TestNG-tests-1] INFO  utilities.UtilityCustomFunctions - Expected:Dr. Annie
18:07:54.250 [TestNG-tests-1] INFO  utilities.UtilityCustomFunctions - Message:Summary Enquiry Name:  CE Target @DuplicateRecord
18:07:55.393 [TestNG-tests-1] INFO  utilities.UtilityCustomFunctions - Actual:AddNewEnquiry@gmail.com
18:07:55.393 [TestNG-tests-1] INFO  utilities.UtilityCustomFunctions - Expected:AddNewEnquiry@gmail.com
18:07:55.393 [TestNG-tests-1] INFO  utilities.UtilityCustomFunctions - Message:Summary Enquiry Email:  CE Target @DuplicateRecord
18:07:56.527 [TestNG-tests-1] INFO  utilities.UtilityCustomFunctions - Actual:Summary Add Text Enquiry about Chatbot
18:07:56.527 [TestNG-tests-1] INFO  utilities.UtilityCustomFunctions - Expected:Summary Add Text Enquiry about Chatbot
18:07:56.527 [TestNG-tests-1] INFO  utilities.UtilityCustomFunctions - Message:Summary Enquiry Text:  CE Target @DuplicateRecord
18:07:57.690 [TestNG-tests-1] INFO  utilities.UtilityCustomFunctions - Actual:Summary Add Text Enquiry about Chatbot Summary Add Enquiry Text Area
18:07:57.690 [TestNG-tests-1] INFO  utilities.UtilityCustomFunctions - Expected:Summary Add Text Enquiry about Chatbot Summary Add Enquiry Text Area
18:07:57.690 [TestNG-tests-1] INFO  utilities.UtilityCustomFunctions - Message:Summary Enquiry Text Area:  CE Target @DuplicateRecord
18:07:58.808 [TestNG-tests-1] INFO  utilities.UtilityCustomFunctions - Expected enq Date:2024-07-12
18:07:58.850 [TestNG-tests-1] INFO  utilities.UtilityCustomFunctions - Formatted Enquiry Date from sheet:2024-07-12
18:07:58.850 [TestNG-tests-1] INFO  utilities.UtilityCustomFunctions - Actual:2024-07-12
18:07:58.850 [TestNG-tests-1] INFO  utilities.UtilityCustomFunctions - Expected:2024-07-12
18:07:58.850 [TestNG-tests-1] INFO  utilities.UtilityCustomFunctions - Message:Summary Enquiry Date:  CE Target @DuplicateRecord
18:08:00.031 [TestNG-tests-1] INFO  utilities.UtilityCustomFunctions - Actual:+60 9596754413
18:08:00.031 [TestNG-tests-1] INFO  utilities.UtilityCustomFunctions - Expected:+60 9596754413
18:08:00.031 [TestNG-tests-1] INFO  utilities.UtilityCustomFunctions - Message:Summary Enquiry Phone Number:  CE Target @DuplicateRecord
18:08:01.169 [TestNG-tests-1] INFO  utilities.UtilityCustomFunctions - Actual:Urgent
18:08:01.169 [TestNG-tests-1] INFO  utilities.UtilityCustomFunctions - Expected:Urgent
18:08:01.169 [TestNG-tests-1] INFO  utilities.UtilityCustomFunctions - Message:Summary Enquiry Category:  CE Target @DuplicateRecord
18:08:02.341 [TestNG-tests-1] INFO  utilities.UtilityCustomFunctions - Actual:+91 9501926441
18:08:02.341 [TestNG-tests-1] INFO  utilities.UtilityCustomFunctions - Expected:+91 9501926441
18:08:02.341 [TestNG-tests-1] INFO  utilities.UtilityCustomFunctions - Message:Summary Lead PhoneNumber:  CE Target @DuplicateRecord
18:08:03.494 [TestNG-tests-1] INFO  utilities.UtilityCustomFunctions - Actual:SummaryAddNewLead@gmail.com
18:08:03.495 [TestNG-tests-1] INFO  utilities.UtilityCustomFunctions - Expected:SummaryAddNewLead@gmail.com
18:08:03.495 [TestNG-tests-1] INFO  utilities.UtilityCustomFunctions - Message:Summary Lead Email:  CE Target @DuplicateRecord
18:08:04.647 [TestNG-tests-1] INFO  utilities.UtilityCustomFunctions - Actual:Summary Add Text Enquiry about Chatbot Summary Add Enquiry Text Area Lead about Chatbot
18:08:04.647 [TestNG-tests-1] INFO  utilities.UtilityCustomFunctions - Expected:Summary Add Text Enquiry about Chatbot Summary Add Enquiry Text Area Lead about Chatbot
18:08:04.647 [TestNG-tests-1] INFO  utilities.UtilityCustomFunctions - Message:Summary Lead Text:  CE Target @DuplicateRecord
18:08:05.820 [TestNG-tests-1] INFO  utilities.UtilityCustomFunctions - Actual:+60 0472103025
18:08:05.820 [TestNG-tests-1] INFO  utilities.UtilityCustomFunctions - Expected:+60 0472103025
18:08:05.820 [TestNG-tests-1] INFO  utilities.UtilityCustomFunctions - Message:Summary Sales PhoneNumber:  CE Target @DuplicateRecord
18:08:06.981 [TestNG-tests-1] INFO  utilities.UtilityCustomFunctions - Actual:SummaryAddNewSales@gmail.com
18:08:06.981 [TestNG-tests-1] INFO  utilities.UtilityCustomFunctions - Expected:SummaryAddNewSales@gmail.com
18:08:06.981 [TestNG-tests-1] INFO  utilities.UtilityCustomFunctions - Message:Summary Sales Email:  CE Target @DuplicateRecord
18:08:08.859 [TestNG-tests-1] INFO  utilities.UtilityCustomFunctions - Summary View Set ON
18:08:20.493 [TestNG-tests-1] INFO  utilities.UtilityCustomFunctions - Actual:Sudhakar VE
18:08:20.493 [TestNG-tests-1] INFO  utilities.UtilityCustomFunctions - Expected:Sudhakar VE
18:08:20.494 [TestNG-tests-1] INFO  utilities.UtilityCustomFunctions - Message:Detail View AssignedTo:  CE Target @DuplicateRecord
18:08:21.640 [TestNG-tests-1] INFO  utilities.UtilityCustomFunctions - Actual:Summary Add Text
18:08:21.640 [TestNG-tests-1] INFO  utilities.UtilityCustomFunctions - Expected:Summary Add Text
18:08:21.640 [TestNG-tests-1] INFO  utilities.UtilityCustomFunctions - Message:Detail View Text:  CE Target @DuplicateRecord
18:08:22.792 [TestNG-tests-1] INFO  utilities.UtilityCustomFunctions - sActDTMobileNumber +65
  0231907562
18:08:22.792 [TestNG-tests-1] INFO  utilities.UtilityCustomFunctions - Actual:+65 0231907562
18:08:22.792 [TestNG-tests-1] INFO  utilities.UtilityCustomFunctions - Expected:+65 0231907562
18:08:22.792 [TestNG-tests-1] INFO  utilities.UtilityCustomFunctions - Message:Detail View Mobile Number:  CE Target @DuplicateRecord
18:08:23.984 [TestNG-tests-1] INFO  utilities.UtilityCustomFunctions - Actual:SummaryAddNew@rsoft.in
18:08:23.984 [TestNG-tests-1] INFO  utilities.UtilityCustomFunctions - Expected:SummaryAddNew@rsoft.in
18:08:23.984 [TestNG-tests-1] INFO  utilities.UtilityCustomFunctions - Message:Detail View Email :  CE Target @DuplicateRecord
18:08:25.151 [TestNG-tests-1] INFO  utilities.UtilityCustomFunctions - Actual:3
18:08:25.151 [TestNG-tests-1] INFO  utilities.UtilityCustomFunctions - Expected:3
18:08:25.151 [TestNG-tests-1] INFO  utilities.UtilityCustomFunctions - Message:Detail View PicListValue :  CE Target @DuplicateRecord
18:08:26.293 [TestNG-tests-1] INFO  utilities.UtilityCustomFunctions - Actual:one
18:08:26.294 [TestNG-tests-1] INFO  utilities.UtilityCustomFunctions - Expected:one
18:08:26.294 [TestNG-tests-1] INFO  utilities.UtilityCustomFunctions - Message:Detail View MuultiCombo Values :  CE Target @DuplicateRecord
18:08:27.442 [TestNG-tests-1] INFO  utilities.UtilityCustomFunctions - Actual:Kanchipuram
18:08:27.442 [TestNG-tests-1] INFO  utilities.UtilityCustomFunctions - Expected:Kanchipuram
18:08:27.442 [TestNG-tests-1] INFO  utilities.UtilityCustomFunctions - Message:Detail View City:  CE Target @DuplicateRecord
18:08:28.594 [TestNG-tests-1] INFO  utilities.UtilityCustomFunctions - Actual:Tamilnadu
18:08:28.594 [TestNG-tests-1] INFO  utilities.UtilityCustomFunctions - Expected:Tamilnadu
18:08:28.594 [TestNG-tests-1] INFO  utilities.UtilityCustomFunctions - Message:Detail View Stat:  CE Target @DuplicateRecord
18:08:29.733 [TestNG-tests-1] INFO  utilities.UtilityCustomFunctions - Actual:India
18:08:29.733 [TestNG-tests-1] INFO  utilities.UtilityCustomFunctions - Expected:India
18:08:29.733 [TestNG-tests-1] INFO  utilities.UtilityCustomFunctions - Message:Detail View Country:  CE Target @DuplicateRecord
18:08:30.905 [TestNG-tests-1] INFO  utilities.UtilityCustomFunctions - Actual:Yes
18:08:30.905 [TestNG-tests-1] INFO  utilities.UtilityCustomFunctions - Expected:Yes
18:08:30.905 [TestNG-tests-1] INFO  utilities.UtilityCustomFunctions - Message:Detail View CheckBox:  CE Target @DuplicateRecord
18:08:32.040 [TestNG-tests-1] INFO  utilities.UtilityCustomFunctions - Actual:2024-07-12
18:08:32.040 [TestNG-tests-1] INFO  utilities.UtilityCustomFunctions - Expected:2024-07-12
18:08:32.040 [TestNG-tests-1] INFO  utilities.UtilityCustomFunctions - Message:Detail View Date:  CE Target @DuplicateRecord
18:08:33.199 [TestNG-tests-1] INFO  utilities.UtilityCustomFunctions - Actual:02:35:55 PM
18:08:33.199 [TestNG-tests-1] INFO  utilities.UtilityCustomFunctions - Expected:02:35:55 PM
18:08:33.199 [TestNG-tests-1] INFO  utilities.UtilityCustomFunctions - Message:Detail View Time:  CE Target @DuplicateRecord
18:08:34.363 [TestNG-tests-1] INFO  utilities.UtilityCustomFunctions - Actual:2024-07-15 05:00:00 PM
18:08:34.363 [TestNG-tests-1] INFO  utilities.UtilityCustomFunctions - Expected:2024-07-15 05:00:00 PM
18:08:34.363 [TestNG-tests-1] INFO  utilities.UtilityCustomFunctions - Message:Detail View Date & Time :  CE Target @DuplicateRecord
18:08:35.610 [TestNG-tests-1] INFO  utilities.UtilityCustomFunctions - Actual:annie-spratt
18:08:35.610 [TestNG-tests-1] INFO  utilities.UtilityCustomFunctions - Expected:annie-spratt
18:08:35.610 [TestNG-tests-1] INFO  utilities.UtilityCustomFunctions - Message:Detail View File Upload :  CE Target @DuplicateRecord
18:08:36.757 [TestNG-tests-1] INFO  utilities.UtilityCustomFunctions - ActualNameDT:Mr. StevenExpectedNameDT:Mr. Steven
18:08:36.757 [TestNG-tests-1] INFO  utilities.UtilityCustomFunctions - Actual:Mr. Steven
18:08:36.757 [TestNG-tests-1] INFO  utilities.UtilityCustomFunctions - Expected:Mr. Steven
18:08:36.757 [TestNG-tests-1] INFO  utilities.UtilityCustomFunctions - Message:Detail View Name:  CE Target @DuplicateRecord
18:08:37.913 [TestNG-tests-1] INFO  utilities.UtilityCustomFunctions - Actual:11111111111
18:08:37.913 [TestNG-tests-1] INFO  utilities.UtilityCustomFunctions - Expected:11111111111
18:08:37.913 [TestNG-tests-1] INFO  utilities.UtilityCustomFunctions - Message:Detail View Number:  CE Target @DuplicateRecord
18:08:39.066 [TestNG-tests-1] INFO  utilities.UtilityCustomFunctions - Actual:10000
18:08:39.066 [TestNG-tests-1] INFO  utilities.UtilityCustomFunctions - Expected:10000
18:08:39.066 [TestNG-tests-1] INFO  utilities.UtilityCustomFunctions - Message:Detail View Currency:  CE Target @DuplicateRecord
18:08:40.193 [TestNG-tests-1] INFO  utilities.UtilityCustomFunctions - Actual:http://www.google.com/
18:08:40.193 [TestNG-tests-1] INFO  utilities.UtilityCustomFunctions - Expected:http://www.google.com/
18:08:40.193 [TestNG-tests-1] INFO  utilities.UtilityCustomFunctions - Message:Detail View Url:  CE Target @DuplicateRecord
18:08:47.487 [TestNG-tests-1] INFO  utilities.UtilityCustomFunctions - Actual:Dr. Annie
18:08:47.487 [TestNG-tests-1] INFO  utilities.UtilityCustomFunctions - Expected:Dr. Annie
18:08:47.487 [TestNG-tests-1] INFO  utilities.UtilityCustomFunctions - Message:Detail View Enquiry Name:  CE Target @DuplicateRecord
18:08:48.650 [TestNG-tests-1] INFO  utilities.UtilityCustomFunctions - Actual:AddNewEnquiry@gmail.com
18:08:48.650 [TestNG-tests-1] INFO  utilities.UtilityCustomFunctions - Expected:AddNewEnquiry@gmail.com
18:08:48.650 [TestNG-tests-1] INFO  utilities.UtilityCustomFunctions - Message:Detail View Enquiry Email:  CE Target @DuplicateRecord
18:08:49.812 [TestNG-tests-1] INFO  utilities.UtilityCustomFunctions - Actual:Summary Add Text Enquiry about Chatbot
18:08:49.812 [TestNG-tests-1] INFO  utilities.UtilityCustomFunctions - Expected:Summary Add Text Enquiry about Chatbot
18:08:49.812 [TestNG-tests-1] INFO  utilities.UtilityCustomFunctions - Message:Detail View Enquiry Text:  CE Target @DuplicateRecord
18:08:50.977 [TestNG-tests-1] INFO  utilities.UtilityCustomFunctions - Actual:Summary Add Text Enquiry about Chatbot Summary Add Enquiry Text Area
18:08:50.977 [TestNG-tests-1] INFO  utilities.UtilityCustomFunctions - Expected:Summary Add Text Enquiry about Chatbot Summary Add Enquiry Text Area
18:08:50.977 [TestNG-tests-1] INFO  utilities.UtilityCustomFunctions - Message:Detail View Enquiry Text Area:  CE Target @DuplicateRecord
18:08:52.126 [TestNG-tests-1] INFO  utilities.UtilityCustomFunctions - Actual:2024-07-12
18:08:52.126 [TestNG-tests-1] INFO  utilities.UtilityCustomFunctions - Expected:2024-07-12
18:08:52.126 [TestNG-tests-1] INFO  utilities.UtilityCustomFunctions - Message:Detail View Enquiry Date:  CE Target @DuplicateRecord
18:08:53.289 [TestNG-tests-1] INFO  utilities.UtilityCustomFunctions - Actual:+60 9596754413
18:08:53.289 [TestNG-tests-1] INFO  utilities.UtilityCustomFunctions - Expected:+60 9596754413
18:08:53.289 [TestNG-tests-1] INFO  utilities.UtilityCustomFunctions - Message:Detail View Enquiry Phone Number:  CE Target @DuplicateRecord
18:08:54.451 [TestNG-tests-1] INFO  utilities.UtilityCustomFunctions - Actual:Urgent
18:08:54.451 [TestNG-tests-1] INFO  utilities.UtilityCustomFunctions - Expected:Urgent
18:08:54.451 [TestNG-tests-1] INFO  utilities.UtilityCustomFunctions - Message:Detail View Enquiry Category:  CE Target @DuplicateRecord
18:09:01.715 [TestNG-tests-1] INFO  utilities.UtilityCustomFunctions - Actual:+91 9501926441
18:09:01.715 [TestNG-tests-1] INFO  utilities.UtilityCustomFunctions - Expected:+91 9501926441
18:09:01.715 [TestNG-tests-1] INFO  utilities.UtilityCustomFunctions - Message:DT Lead Mobile Number:  CE Target @DuplicateRecord
18:09:02.867 [TestNG-tests-1] INFO  utilities.UtilityCustomFunctions - Actual:SummaryAddNewLead@gmail.com
18:09:02.867 [TestNG-tests-1] INFO  utilities.UtilityCustomFunctions - Expected:SummaryAddNewLead@gmail.com
18:09:02.867 [TestNG-tests-1] INFO  utilities.UtilityCustomFunctions - Message:DT View Lead Email  CE Target @DuplicateRecord
18:09:04.038 [TestNG-tests-1] INFO  utilities.UtilityCustomFunctions - Actual:Summary Add Text Enquiry about Chatbot Summary Add Enquiry Text Area Lead about Chatbot
18:09:04.038 [TestNG-tests-1] INFO  utilities.UtilityCustomFunctions - Expected:Summary Add Text Enquiry about Chatbot Summary Add Enquiry Text Area Lead about Chatbot
18:09:04.038 [TestNG-tests-1] INFO  utilities.UtilityCustomFunctions - Message:DT View Lead Text CE Target @DuplicateRecord
18:09:05.201 [TestNG-tests-1] INFO  utilities.UtilityCustomFunctions - Actual:+60 0472103025
18:09:05.201 [TestNG-tests-1] INFO  utilities.UtilityCustomFunctions - Expected:+60 0472103025
18:09:05.201 [TestNG-tests-1] INFO  utilities.UtilityCustomFunctions - Message:DT Sales Mobile Number:  CE Target @DuplicateRecord
18:09:06.343 [TestNG-tests-1] INFO  utilities.UtilityCustomFunctions - Actual:SummaryAddNewSales@gmail.com
18:09:06.343 [TestNG-tests-1] INFO  utilities.UtilityCustomFunctions - Expected:SummaryAddNewSales@gmail.com
18:09:06.343 [TestNG-tests-1] INFO  utilities.UtilityCustomFunctions - Message:DT View Sales EmailCE Target @DuplicateRecord
18:09:41.444 [TestNG-tests-1] INFO  utilities.UtilityCustomFunctions - Header Toggle Already ON
18:09:52.726 [TestNG-tests-1] INFO  utilities.UtilityCustomFunctions - Actual:test@test.com
18:09:52.726 [TestNG-tests-1] INFO  utilities.UtilityCustomFunctions - Expected:LeadMultiSuccess@gmail.com
18:09:52.726 [TestNG-tests-1] INFO  utilities.UtilityCustomFunctions - Message:Lead_RelatedModule_SummPage@DuplicateRecord-Multiple Success Case
18:09:54.451 [TestNG-tests-1] INFO  utilities.UtilityCustomFunctions - Summary View Set ON
18:09:57.509 [TestNG-tests-1] INFO  utilities.UtilityCustomFunctions - Actual:test@test.com
18:09:57.509 [TestNG-tests-1] INFO  utilities.UtilityCustomFunctions - Expected:LeadMultiSuccess@gmail.com
18:09:57.509 [TestNG-tests-1] INFO  utilities.UtilityCustomFunctions - Message:Lead_RelatedModule_DetailViewPage@DuplicateRecord-Multiple Success Case
18:10:34.429 [TestNG-tests-1] INFO  utilities.UtilityCustomFunctions - Header Toggle Already ON
18:10:39.325 [TestNG-tests-1] INFO  utilities.UtilityCustomFunctions - Actual:Mr. Sudhakar
18:10:39.325 [TestNG-tests-1] INFO  utilities.UtilityCustomFunctions - Expected:Mr. EnquriyCheckName
18:10:39.325 [TestNG-tests-1] INFO  utilities.UtilityCustomFunctions - Message:Enquiry_RelatedModule_SummPage@Duplicate Record-Multiple Success Case
18:10:41.000 [TestNG-tests-1] INFO  utilities.UtilityCustomFunctions - Summary View Set ON
18:10:44.605 [TestNG-tests-1] INFO  utilities.UtilityCustomFunctions - Actual:Mr. Sudhakar
18:10:44.605 [TestNG-tests-1] INFO  utilities.UtilityCustomFunctions - Expected:Mr. EnquriyCheckName
18:10:44.605 [TestNG-tests-1] INFO  utilities.UtilityCustomFunctions - Message:Enquiry_RelatedModule_DetailViewPage@Duplicate Record-Multiple Success Case
18:11:16.561 [TestNG-tests-1] INFO  utilities.UtilityCustomFunctions - Header Toggle Already ON
18:11:21.358 [TestNG-tests-1] INFO  utilities.UtilityCustomFunctions - Actual:+91 1111111111
18:11:21.358 [TestNG-tests-1] INFO  utilities.UtilityCustomFunctions - Expected:+91 7708674417
18:11:21.358 [TestNG-tests-1] INFO  utilities.UtilityCustomFunctions - Message:Opportunity_RelatedModule_SummPage@DuplicateRecord-Multiple Success Case
18:11:23.075 [TestNG-tests-1] INFO  utilities.UtilityCustomFunctions - Summary View Set ON
18:11:26.133 [TestNG-tests-1] INFO  utilities.UtilityCustomFunctions - Actual:+91 1111111111
18:11:26.133 [TestNG-tests-1] INFO  utilities.UtilityCustomFunctions - Expected:+91 7708674417
18:11:26.133 [TestNG-tests-1] INFO  utilities.UtilityCustomFunctions - Message:Opportunity_RelatedModule_DetailViewPage@DuplicateRecord-Multiple Success Case
18:12:23.427 [TestNG-tests-1] INFO  utilities.UtilityCustomFunctions - Header Toggle Already ON
18:12:38.328 [TestNG-tests-1] INFO  testCases.TC017_CreateEntity_OOFS_MultiSuccessCase - Excel file Utility instance created
18:12:38.350 [TestNG-tests-1] INFO  testCases.TC017_CreateEntity_OOFS_MultiSuccessCase - Row Count is: 1
18:12:38.366 [TestNG-tests-1] INFO  testCases.TC017_CreateEntity_OOFS_MultiSuccessCase - Col Count is: 54
18:12:38.366 [TestNG-tests-1] INFO  testCases.TC017_CreateEntity_OOFS_MultiSuccessCase - Extracting DataSheet Values started...
18:12:38.950 [TestNG-tests-1] INFO  utilities.UtilityCustomFunctions - Before clicking last record to Validate
18:12:44.994 [TestNG-tests-1] INFO  utilities.UtilityCustomFunctions - Header Toggle Already ON
18:12:45.008 [TestNG-tests-1] INFO  utilities.UtilityCustomFunctions - Summary View Already OFF
18:12:55.590 [TestNG-tests-1] INFO  utilities.UtilityCustomFunctions - Entity Module Name: CreateEntitySource
18:12:55.590 [TestNG-tests-1] INFO  utilities.UtilityCustomFunctions - Actual:CreateEntitySource
18:12:55.590 [TestNG-tests-1] INFO  utilities.UtilityCustomFunctions - Expected:CreateEntitySource
18:12:55.590 [TestNG-tests-1] INFO  utilities.UtilityCustomFunctions - Message:Module Name : CE Source @Edit & Save
18:12:56.869 [TestNG-tests-1] INFO  utilities.UtilityCustomFunctions - Actual:Sudhakar VE
18:12:56.869 [TestNG-tests-1] INFO  utilities.UtilityCustomFunctions - Expected:Sudhakar VE
18:12:56.869 [TestNG-tests-1] INFO  utilities.UtilityCustomFunctions - Message:Assigned To Title: CE Source @Edit & Save
18:12:57.991 [TestNG-tests-1] INFO  utilities.UtilityCustomFunctions - Actual:+65 0231907562
18:12:57.991 [TestNG-tests-1] INFO  utilities.UtilityCustomFunctions - Expected:+65 0231907562
18:12:57.991 [TestNG-tests-1] INFO  utilities.UtilityCustomFunctions - Message:Mobile Number Title : CE Source @Edit & Save
18:12:59.109 [TestNG-tests-1] INFO  utilities.UtilityCustomFunctions - Actual:SummaryAddNew@rsoft.in
18:12:59.109 [TestNG-tests-1] INFO  utilities.UtilityCustomFunctions - Expected:SummaryAddNew@rsoft.in
18:12:59.109 [TestNG-tests-1] INFO  utilities.UtilityCustomFunctions - Message:Email Title: CE Source @Edit & Save
18:13:03.445 [TestNG-tests-1] INFO  utilities.UtilityCustomFunctions - Actual:Sudhakar VE
18:13:03.445 [TestNG-tests-1] INFO  utilities.UtilityCustomFunctions - Expected:Sudhakar VE
18:13:03.445 [TestNG-tests-1] INFO  utilities.UtilityCustomFunctions - Message:Summary AssignedTo:  CE Source @Edit & Save
18:13:04.591 [TestNG-tests-1] INFO  utilities.UtilityCustomFunctions - Actual:Summary Add Text
18:13:04.591 [TestNG-tests-1] INFO  utilities.UtilityCustomFunctions - Expected:Summary Add Text
18:13:04.591 [TestNG-tests-1] INFO  utilities.UtilityCustomFunctions - Message:Summary Text:  CE Source @Edit & Save
18:13:05.752 [TestNG-tests-1] INFO  utilities.UtilityCustomFunctions - Actual:+65 0231907562
18:13:05.752 [TestNG-tests-1] INFO  utilities.UtilityCustomFunctions - Expected:+65 0231907562
18:13:05.752 [TestNG-tests-1] INFO  utilities.UtilityCustomFunctions - Message:Summary Mobile Number:  CE Source @Edit & Save
18:13:06.899 [TestNG-tests-1] INFO  utilities.UtilityCustomFunctions - Actual:SummaryAddNew@rsoft.in
18:13:06.899 [TestNG-tests-1] INFO  utilities.UtilityCustomFunctions - Expected:SummaryAddNew@rsoft.in
18:13:06.899 [TestNG-tests-1] INFO  utilities.UtilityCustomFunctions - Message:Summary Email :  CE Source @Edit & Save
18:13:08.051 [TestNG-tests-1] INFO  utilities.UtilityCustomFunctions - Actual:3
18:13:08.051 [TestNG-tests-1] INFO  utilities.UtilityCustomFunctions - Expected:3
18:13:08.051 [TestNG-tests-1] INFO  utilities.UtilityCustomFunctions - Message:Summary PicListValue :  CE Source @Edit & Save
18:13:09.207 [TestNG-tests-1] INFO  utilities.UtilityCustomFunctions - Actual:one
18:13:09.207 [TestNG-tests-1] INFO  utilities.UtilityCustomFunctions - Expected:one
18:13:09.207 [TestNG-tests-1] INFO  utilities.UtilityCustomFunctions - Message:Summary MuultiCombo Values :  CE Source @Edit & Save
18:13:10.386 [TestNG-tests-1] INFO  utilities.UtilityCustomFunctions - Actual:Kanchipuram
18:13:10.386 [TestNG-tests-1] INFO  utilities.UtilityCustomFunctions - Expected:Kanchipuram
18:13:10.386 [TestNG-tests-1] INFO  utilities.UtilityCustomFunctions - Message:Summary City:  CE Source @Edit & Save
18:13:11.562 [TestNG-tests-1] INFO  utilities.UtilityCustomFunctions - Actual:Tamilnadu
18:13:11.562 [TestNG-tests-1] INFO  utilities.UtilityCustomFunctions - Expected:Tamilnadu
18:13:11.562 [TestNG-tests-1] INFO  utilities.UtilityCustomFunctions - Message:Summary State:  CE Source @Edit & Save
18:13:12.707 [TestNG-tests-1] INFO  utilities.UtilityCustomFunctions - Actual:India
18:13:12.707 [TestNG-tests-1] INFO  utilities.UtilityCustomFunctions - Expected:India
18:13:12.707 [TestNG-tests-1] INFO  utilities.UtilityCustomFunctions - Message:Summary Country:  CE Source @Edit & Save
18:13:13.864 [TestNG-tests-1] INFO  utilities.UtilityCustomFunctions - Actual:Yes
18:13:13.864 [TestNG-tests-1] INFO  utilities.UtilityCustomFunctions - Expected:Yes
18:13:13.864 [TestNG-tests-1] INFO  utilities.UtilityCustomFunctions - Message:Summary CheckBox:  CE Source @Edit & Save
18:13:15.019 [TestNG-tests-1] INFO  utilities.UtilityCustomFunctions - Expected Date from sheet:2024-07-12
18:13:15.019 [TestNG-tests-1] INFO  utilities.UtilityCustomFunctions - Actual:2024-07-12
18:13:15.019 [TestNG-tests-1] INFO  utilities.UtilityCustomFunctions - Expected:2024-07-12
18:13:15.019 [TestNG-tests-1] INFO  utilities.UtilityCustomFunctions - Message:Summary Date:  CE Source @Edit & Save
18:13:16.136 [TestNG-tests-1] INFO  utilities.UtilityCustomFunctions - Expected Time from sheet:02:35:55 PM
18:13:16.179 [TestNG-tests-1] INFO  utilities.UtilityCustomFunctions - Formatted Time from sheet:02:35:55 PM
18:13:16.179 [TestNG-tests-1] INFO  utilities.UtilityCustomFunctions - Actual:02:35:55 PM
18:13:16.179 [TestNG-tests-1] INFO  utilities.UtilityCustomFunctions - Expected:02:35:55 PM
18:13:16.179 [TestNG-tests-1] INFO  utilities.UtilityCustomFunctions - Message:Summary Time:  CE Source @Edit & Save
18:13:17.299 [TestNG-tests-1] INFO  utilities.UtilityCustomFunctions - Expected Date Time from sheet:2024-07-15 05:00:00 PM
18:13:17.342 [TestNG-tests-1] INFO  utilities.UtilityCustomFunctions - Formatted date & Time from sheet:2024-07-15 05:00:00 PM
18:13:17.342 [TestNG-tests-1] INFO  utilities.UtilityCustomFunctions - Actual:2024-07-15 05:00:00 PM
18:13:17.342 [TestNG-tests-1] INFO  utilities.UtilityCustomFunctions - Expected:2024-07-15 05:00:00 PM
18:13:17.342 [TestNG-tests-1] INFO  utilities.UtilityCustomFunctions - Message:Summary Date & Time :  CE Source @Edit & Save
18:13:18.590 [TestNG-tests-1] INFO  utilities.UtilityCustomFunctions - Actual:annie-spratt
18:13:18.590 [TestNG-tests-1] INFO  utilities.UtilityCustomFunctions - Expected:annie-spratt
18:13:18.590 [TestNG-tests-1] INFO  utilities.UtilityCustomFunctions - Message:Summary File Upload :  CE Source @Edit & Save
18:13:19.755 [TestNG-tests-1] INFO  utilities.UtilityCustomFunctions - ActualName:Mr. StevenExpectedName:Mr. Steven
18:13:19.755 [TestNG-tests-1] INFO  utilities.UtilityCustomFunctions - Actual:Mr. Steven
18:13:19.755 [TestNG-tests-1] INFO  utilities.UtilityCustomFunctions - Expected:Mr. Steven
18:13:19.755 [TestNG-tests-1] INFO  utilities.UtilityCustomFunctions - Message:Summary Name:  CE Source @Edit & Save
18:13:20.908 [TestNG-tests-1] INFO  utilities.UtilityCustomFunctions - Actual:11111111111
18:13:20.908 [TestNG-tests-1] INFO  utilities.UtilityCustomFunctions - Expected:11111111111
18:13:20.908 [TestNG-tests-1] INFO  utilities.UtilityCustomFunctions - Message:Summary Number:  CE Source @Edit & Save
18:13:22.061 [TestNG-tests-1] INFO  utilities.UtilityCustomFunctions - Actual:10000
18:13:22.061 [TestNG-tests-1] INFO  utilities.UtilityCustomFunctions - Expected:10000
18:13:22.061 [TestNG-tests-1] INFO  utilities.UtilityCustomFunctions - Message:Summary Currency:  CE Source @Edit & Save
18:13:23.204 [TestNG-tests-1] INFO  utilities.UtilityCustomFunctions - Actual:http://www.google.com/
18:13:23.204 [TestNG-tests-1] INFO  utilities.UtilityCustomFunctions - Expected:http://www.google.com/
18:13:23.204 [TestNG-tests-1] INFO  utilities.UtilityCustomFunctions - Message:Summary Url:  CE Source @Edit & Save
18:13:24.356 [TestNG-tests-1] INFO  utilities.UtilityCustomFunctions - Actual:Dr. Annie
18:13:24.356 [TestNG-tests-1] INFO  utilities.UtilityCustomFunctions - Expected:Dr. Annie
18:13:24.356 [TestNG-tests-1] INFO  utilities.UtilityCustomFunctions - Message:Summary Enquiry Name:  CE Source @Edit & Save
18:13:25.513 [TestNG-tests-1] INFO  utilities.UtilityCustomFunctions - Actual:AddNewEnquiry@gmail.com
18:13:25.513 [TestNG-tests-1] INFO  utilities.UtilityCustomFunctions - Expected:AddNewEnquiry@gmail.com
18:13:25.513 [TestNG-tests-1] INFO  utilities.UtilityCustomFunctions - Message:Summary Enquiry Email:  CE Source @Edit & Save
18:13:26.649 [TestNG-tests-1] INFO  utilities.UtilityCustomFunctions - Actual:Enquiry about Chatbot
18:13:26.649 [TestNG-tests-1] INFO  utilities.UtilityCustomFunctions - Expected:
18:13:26.649 [TestNG-tests-1] INFO  utilities.UtilityCustomFunctions - Message:Summary Enquiry Text:  CE Source @Edit & Save
18:13:26.691 [TestNG-tests-1] INFO  utilities.UtilityCustomFunctions - Actual:Summary Add Enquiry Text Area
18:13:26.691 [TestNG-tests-1] INFO  utilities.UtilityCustomFunctions - Expected:
18:13:26.691 [TestNG-tests-1] INFO  utilities.UtilityCustomFunctions - Message:Summary Enquiry Text Area:  CE Source @Edit & Save
18:13:26.691 [TestNG-tests-1] INFO  utilities.UtilityCustomFunctions - Expected enq Date:2024-07-12
18:13:26.733 [TestNG-tests-1] INFO  utilities.UtilityCustomFunctions - Formatted Enquiry Date from sheet:2024-07-12
18:13:26.733 [TestNG-tests-1] INFO  utilities.UtilityCustomFunctions - Actual:2024-07-12
18:13:26.733 [TestNG-tests-1] INFO  utilities.UtilityCustomFunctions - Expected:2024-07-12
18:13:26.733 [TestNG-tests-1] INFO  utilities.UtilityCustomFunctions - Message:Summary Enquiry Date:  CE Source @Edit & Save
18:13:27.892 [TestNG-tests-1] INFO  utilities.UtilityCustomFunctions - Actual:+60 9596754413
18:13:27.892 [TestNG-tests-1] INFO  utilities.UtilityCustomFunctions - Expected:+60 9596754413
18:13:27.892 [TestNG-tests-1] INFO  utilities.UtilityCustomFunctions - Message:Summary Enquiry Phone Number:  CE Source @Edit & Save
18:13:29.046 [TestNG-tests-1] INFO  utilities.UtilityCustomFunctions - Actual:Urgent
18:13:29.046 [TestNG-tests-1] INFO  utilities.UtilityCustomFunctions - Expected:Urgent
18:13:29.046 [TestNG-tests-1] INFO  utilities.UtilityCustomFunctions - Message:Summary Enquiry Category:  CE Source @Edit & Save
18:13:30.203 [TestNG-tests-1] INFO  utilities.UtilityCustomFunctions - Actual:+91 9501926441
18:13:30.203 [TestNG-tests-1] INFO  utilities.UtilityCustomFunctions - Expected:+91 9501926441
18:13:30.203 [TestNG-tests-1] INFO  utilities.UtilityCustomFunctions - Message:Summary Lead PhoneNumber:  CE Source @Edit & Save
18:13:31.366 [TestNG-tests-1] INFO  utilities.UtilityCustomFunctions - Actual:SummaryAddNewLead@gmail.com
18:13:31.366 [TestNG-tests-1] INFO  utilities.UtilityCustomFunctions - Expected:SummaryAddNewLead@gmail.com
18:13:31.366 [TestNG-tests-1] INFO  utilities.UtilityCustomFunctions - Message:Summary Lead Email:  CE Source @Edit & Save
18:13:32.525 [TestNG-tests-1] INFO  utilities.UtilityCustomFunctions - Actual:Lead about Chatbot
18:13:32.525 [TestNG-tests-1] INFO  utilities.UtilityCustomFunctions - Expected:
18:13:32.525 [TestNG-tests-1] INFO  utilities.UtilityCustomFunctions - Message:Summary Lead Text:  CE Source @Edit & Save
18:13:32.575 [TestNG-tests-1] INFO  utilities.UtilityCustomFunctions - Actual:+60 0472103025
18:13:32.575 [TestNG-tests-1] INFO  utilities.UtilityCustomFunctions - Expected:+60 0472103025
18:13:32.575 [TestNG-tests-1] INFO  utilities.UtilityCustomFunctions - Message:Summary Sales PhoneNumber:  CE Source @Edit & Save
18:13:33.721 [TestNG-tests-1] INFO  utilities.UtilityCustomFunctions - Actual:SummaryAddNewSales@gmail.com
18:13:33.721 [TestNG-tests-1] INFO  utilities.UtilityCustomFunctions - Expected:SummaryAddNewSales@gmail.com
18:13:33.721 [TestNG-tests-1] INFO  utilities.UtilityCustomFunctions - Message:Summary Sales Email:  CE Source @Edit & Save
18:13:35.562 [TestNG-tests-1] INFO  utilities.UtilityCustomFunctions - Summary View Set ON
18:13:47.659 [TestNG-tests-1] INFO  utilities.UtilityCustomFunctions - Actual:Sudhakar VE
18:13:47.659 [TestNG-tests-1] INFO  utilities.UtilityCustomFunctions - Expected:Sudhakar VE
18:13:47.659 [TestNG-tests-1] INFO  utilities.UtilityCustomFunctions - Message:Detail View AssignedTo:  CE Source @Edit & Save
18:13:48.815 [TestNG-tests-1] INFO  utilities.UtilityCustomFunctions - Actual:Summary Add Text
18:13:48.815 [TestNG-tests-1] INFO  utilities.UtilityCustomFunctions - Expected:Summary Add Text
18:13:48.815 [TestNG-tests-1] INFO  utilities.UtilityCustomFunctions - Message:Detail View Text:  CE Source @Edit & Save
18:13:49.973 [TestNG-tests-1] INFO  utilities.UtilityCustomFunctions - sActDTMobileNumber +65
  0231907562
18:13:49.973 [TestNG-tests-1] INFO  utilities.UtilityCustomFunctions - Actual:+65 0231907562
18:13:49.973 [TestNG-tests-1] INFO  utilities.UtilityCustomFunctions - Expected:+65 0231907562
18:13:49.973 [TestNG-tests-1] INFO  utilities.UtilityCustomFunctions - Message:Detail View Mobile Number:  CE Source @Edit & Save
18:13:51.124 [TestNG-tests-1] INFO  utilities.UtilityCustomFunctions - Actual:SummaryAddNew@rsoft.in
18:13:51.124 [TestNG-tests-1] INFO  utilities.UtilityCustomFunctions - Expected:SummaryAddNew@rsoft.in
18:13:51.124 [TestNG-tests-1] INFO  utilities.UtilityCustomFunctions - Message:Detail View Email :  CE Source @Edit & Save
18:13:52.272 [TestNG-tests-1] INFO  utilities.UtilityCustomFunctions - Actual:3
18:13:52.272 [TestNG-tests-1] INFO  utilities.UtilityCustomFunctions - Expected:3
18:13:52.272 [TestNG-tests-1] INFO  utilities.UtilityCustomFunctions - Message:Detail View PicListValue :  CE Source @Edit & Save
18:13:53.407 [TestNG-tests-1] INFO  utilities.UtilityCustomFunctions - Actual:one
18:13:53.407 [TestNG-tests-1] INFO  utilities.UtilityCustomFunctions - Expected:one
18:13:53.407 [TestNG-tests-1] INFO  utilities.UtilityCustomFunctions - Message:Detail View MuultiCombo Values :  CE Source @Edit & Save
18:13:54.560 [TestNG-tests-1] INFO  utilities.UtilityCustomFunctions - Actual:Kanchipuram
18:13:54.560 [TestNG-tests-1] INFO  utilities.UtilityCustomFunctions - Expected:Kanchipuram
18:13:54.560 [TestNG-tests-1] INFO  utilities.UtilityCustomFunctions - Message:Detail View City:  CE Source @Edit & Save
18:13:55.722 [TestNG-tests-1] INFO  utilities.UtilityCustomFunctions - Actual:Tamilnadu
18:13:55.722 [TestNG-tests-1] INFO  utilities.UtilityCustomFunctions - Expected:Tamilnadu
18:13:55.722 [TestNG-tests-1] INFO  utilities.UtilityCustomFunctions - Message:Detail View Stat:  CE Source @Edit & Save
18:13:56.879 [TestNG-tests-1] INFO  utilities.UtilityCustomFunctions - Actual:India
18:13:56.879 [TestNG-tests-1] INFO  utilities.UtilityCustomFunctions - Expected:India
18:13:56.879 [TestNG-tests-1] INFO  utilities.UtilityCustomFunctions - Message:Detail View Country:  CE Source @Edit & Save
18:13:58.029 [TestNG-tests-1] INFO  utilities.UtilityCustomFunctions - Actual:Yes
18:13:58.029 [TestNG-tests-1] INFO  utilities.UtilityCustomFunctions - Expected:Yes
18:13:58.029 [TestNG-tests-1] INFO  utilities.UtilityCustomFunctions - Message:Detail View CheckBox:  CE Source @Edit & Save
18:13:59.183 [TestNG-tests-1] INFO  utilities.UtilityCustomFunctions - Actual:2024-07-12
18:13:59.183 [TestNG-tests-1] INFO  utilities.UtilityCustomFunctions - Expected:2024-07-12
18:13:59.183 [TestNG-tests-1] INFO  utilities.UtilityCustomFunctions - Message:Detail View Date:  CE Source @Edit & Save
18:14:00.343 [TestNG-tests-1] INFO  utilities.UtilityCustomFunctions - Actual:02:35:55 PM
18:14:00.343 [TestNG-tests-1] INFO  utilities.UtilityCustomFunctions - Expected:02:35:55 PM
18:14:00.343 [TestNG-tests-1] INFO  utilities.UtilityCustomFunctions - Message:Detail View Time:  CE Source @Edit & Save
18:14:01.481 [TestNG-tests-1] INFO  utilities.UtilityCustomFunctions - Actual:2024-07-15 05:00:00 PM
18:14:01.481 [TestNG-tests-1] INFO  utilities.UtilityCustomFunctions - Expected:2024-07-15 05:00:00 PM
18:14:01.481 [TestNG-tests-1] INFO  utilities.UtilityCustomFunctions - Message:Detail View Date & Time :  CE Source @Edit & Save
18:14:02.729 [TestNG-tests-1] INFO  utilities.UtilityCustomFunctions - Actual:annie-spratt
18:14:02.729 [TestNG-tests-1] INFO  utilities.UtilityCustomFunctions - Expected:annie-spratt
18:14:02.729 [TestNG-tests-1] INFO  utilities.UtilityCustomFunctions - Message:Detail View File Upload :  CE Source @Edit & Save
18:14:03.882 [TestNG-tests-1] INFO  utilities.UtilityCustomFunctions - ActualNameDT:Mr. StevenExpectedNameDT:Mr. Steven
18:14:03.882 [TestNG-tests-1] INFO  utilities.UtilityCustomFunctions - Actual:Mr. Steven
18:14:03.882 [TestNG-tests-1] INFO  utilities.UtilityCustomFunctions - Expected:Mr. Steven
18:14:03.882 [TestNG-tests-1] INFO  utilities.UtilityCustomFunctions - Message:Detail View Name:  CE Source @Edit & Save
18:14:05.043 [TestNG-tests-1] INFO  utilities.UtilityCustomFunctions - Actual:11111111111
18:14:05.043 [TestNG-tests-1] INFO  utilities.UtilityCustomFunctions - Expected:11111111111
18:14:05.043 [TestNG-tests-1] INFO  utilities.UtilityCustomFunctions - Message:Detail View Number:  CE Source @Edit & Save
