17:10:22.746 [main] INFO  utilities.UtilityCustomFunctions - Actual:SalesMultiFailDefault@gmail.com
17:10:22.747 [main] INFO  utilities.UtilityCustomFunctions - Expected:SalesMultiFailDefault@gmail.com
17:10:22.747 [main] INFO  utilities.UtilityCustomFunctions - Message:Summary Sales Email:  Source Update on FailCase: Summary Add
17:10:24.596 [main] INFO  utilities.UtilityCustomFunctions - Summary View Set ON
17:10:32.753 [main] INFO  utilities.UtilityCustomFunctions - Actual:Sudhakar VE
17:10:32.753 [main] INFO  utilities.UtilityCustomFunctions - Expected:Sudhakar VE
17:10:32.753 [main] INFO  utilities.UtilityCustomFunctions - Message:Detail View AssignedTo:  Source Update on FailCase: Summary Add
17:10:33.923 [main] INFO  utilities.UtilityCustomFunctions - Actual:DefaultMultiFailureText
17:10:33.925 [main] INFO  utilities.UtilityCustomFunctions - Expected:DefaultMultiFailureText
17:10:33.925 [main] INFO  utilities.UtilityCustomFunctions - Message:Detail View Text:  Source Update on FailCase: Summary Add
17:10:35.093 [main] INFO  utilities.UtilityCustomFunctions - sActDTMobileNumber +65
  1234567890
17:10:35.093 [main] INFO  utilities.UtilityCustomFunctions - Actual:+65 1234567890
17:10:35.093 [main] INFO  utilities.UtilityCustomFunctions - Expected:+65 1234567890
17:10:35.093 [main] INFO  utilities.UtilityCustomFunctions - Message:Detail View Mobile Number:  Source Update on FailCase: Summary Add
17:10:36.297 [main] INFO  utilities.UtilityCustomFunctions - Actual:DefaultMultiFail@rsoft.in
17:10:36.297 [main] INFO  utilities.UtilityCustomFunctions - Expected:DefaultMultiFail@rsoft.in
17:10:36.297 [main] INFO  utilities.UtilityCustomFunctions - Message:Detail View Email :  Source Update on FailCase: Summary Add
17:10:37.471 [main] INFO  utilities.UtilityCustomFunctions - Actual:2
17:10:37.471 [main] INFO  utilities.UtilityCustomFunctions - Expected:2
17:10:37.472 [main] INFO  utilities.UtilityCustomFunctions - Message:Detail View PicListValue :  Source Update on FailCase: Summary Add
17:10:38.668 [main] INFO  utilities.UtilityCustomFunctions - Actual:three
17:10:38.668 [main] INFO  utilities.UtilityCustomFunctions - Expected:three
17:10:38.668 [main] INFO  utilities.UtilityCustomFunctions - Message:Detail View MuultiCombo Values :  Source Update on FailCase: Summary Add
17:10:39.826 [main] INFO  utilities.UtilityCustomFunctions - Actual:Perambalur
17:10:39.826 [main] INFO  utilities.UtilityCustomFunctions - Expected:Perambalur
17:10:39.826 [main] INFO  utilities.UtilityCustomFunctions - Message:Detail View City:  Source Update on FailCase: Summary Add
17:10:40.985 [main] INFO  utilities.UtilityCustomFunctions - Actual:West Bengal
17:10:40.985 [main] INFO  utilities.UtilityCustomFunctions - Expected:West Bengal
17:10:40.985 [main] INFO  utilities.UtilityCustomFunctions - Message:Detail View Stat:  Source Update on FailCase: Summary Add
17:10:42.148 [main] INFO  utilities.UtilityCustomFunctions - Actual:India
17:10:42.148 [main] INFO  utilities.UtilityCustomFunctions - Expected:India
17:10:42.148 [main] INFO  utilities.UtilityCustomFunctions - Message:Detail View Country:  Source Update on FailCase: Summary Add
17:10:43.299 [main] INFO  utilities.UtilityCustomFunctions - Actual:Yes
17:10:43.299 [main] INFO  utilities.UtilityCustomFunctions - Expected:Yes
17:10:43.299 [main] INFO  utilities.UtilityCustomFunctions - Message:Detail View CheckBox:  Source Update on FailCase: Summary Add
17:10:44.462 [main] INFO  utilities.UtilityCustomFunctions - Actual:23-03-2024
17:10:44.462 [main] INFO  utilities.UtilityCustomFunctions - Expected:2024-03-23
17:10:44.462 [main] INFO  utilities.UtilityCustomFunctions - Message:Detail View Date:  Source Update on FailCase: Summary Add
17:10:45.624 [main] INFO  utilities.UtilityCustomFunctions - Actual:03:30:20 PM
17:10:45.624 [main] INFO  utilities.UtilityCustomFunctions - Expected:03:30:20 PM
17:10:45.624 [main] INFO  utilities.UtilityCustomFunctions - Message:Detail View Time:  Source Update on FailCase: Summary Add
17:10:46.799 [main] INFO  utilities.UtilityCustomFunctions - Actual:23-03-2024 03:35:46 PM
17:10:46.799 [main] INFO  utilities.UtilityCustomFunctions - Expected:2024-03-23 03:35:46 PM
17:10:46.799 [main] INFO  utilities.UtilityCustomFunctions - Message:Detail View Date & Time :  Source Update on FailCase: Summary Add
17:10:48.066 [main] INFO  utilities.UtilityCustomFunctions - Actual:annie-spratt
17:10:48.066 [main] INFO  utilities.UtilityCustomFunctions - Expected:annie-spratt
17:10:48.066 [main] INFO  utilities.UtilityCustomFunctions - Message:Detail View File Upload :  Source Update on FailCase: Summary Add
17:10:49.248 [main] INFO  utilities.UtilityCustomFunctions - Actual:Mr. Marlon
17:10:49.248 [main] INFO  utilities.UtilityCustomFunctions - Expected:Mr.  Marlon
17:10:49.248 [main] INFO  utilities.UtilityCustomFunctions - Message:Detail View Name:  Source Update on FailCase: Summary Add
17:10:50.399 [main] INFO  utilities.UtilityCustomFunctions - Actual:22222222222
17:10:50.400 [main] INFO  utilities.UtilityCustomFunctions - Expected:22222222222
17:10:50.400 [main] INFO  utilities.UtilityCustomFunctions - Message:Detail View Number:  Source Update on FailCase: Summary Add
17:10:51.544 [main] INFO  utilities.UtilityCustomFunctions - Actual:1,000
17:10:51.544 [main] INFO  utilities.UtilityCustomFunctions - Expected:1000
17:10:51.544 [main] INFO  utilities.UtilityCustomFunctions - Message:Detail View Currency:  Source Update on FailCase: Summary Add
17:10:52.663 [main] INFO  utilities.UtilityCustomFunctions - Actual:https://testng.org/testng-eclipse-update-site/
17:10:52.663 [main] INFO  utilities.UtilityCustomFunctions - Expected:https://testng.org/testng-eclipse-update-site/
17:10:52.663 [main] INFO  utilities.UtilityCustomFunctions - Message:Detail View Url:  Source Update on FailCase: Summary Add
17:10:59.968 [main] INFO  utilities.UtilityCustomFunctions - Actual:Prof. Christopher
17:10:59.968 [main] INFO  utilities.UtilityCustomFunctions - Expected:Prof. Christopher
17:10:59.968 [main] INFO  utilities.UtilityCustomFunctions - Message:Detail View Enquiry Name:  Source Update on FailCase: Summary Add
17:11:01.127 [main] INFO  utilities.UtilityCustomFunctions - Actual:MultiFailureEnquiry@gmail.com
17:11:01.127 [main] INFO  utilities.UtilityCustomFunctions - Expected:MultiFailureEnquiry@gmail.com
17:11:01.127 [main] INFO  utilities.UtilityCustomFunctions - Message:Detail View Enquiry Email:  Source Update on FailCase: Summary Add
17:11:02.289 [main] INFO  utilities.UtilityCustomFunctions - Actual:Enquiry about Multi Failure Entity
17:11:02.289 [main] INFO  utilities.UtilityCustomFunctions - Expected:
17:11:02.289 [main] INFO  utilities.UtilityCustomFunctions - Message:Detail View Enquiry Text:  Source Update on FailCase: Summary Add
17:11:02.337 [main] INFO  utilities.UtilityCustomFunctions - Actual:Will take affirmative action to ensure safer Indian Ocean Region: Navy chief on anti-piracy ops
17:11:02.337 [main] INFO  utilities.UtilityCustomFunctions - Expected:
17:11:02.337 [main] INFO  utilities.UtilityCustomFunctions - Message:Detail View Enquiry Text Area:  Source Update on FailCase: Summary Add
17:11:02.384 [main] INFO  utilities.UtilityCustomFunctions - Actual:23-03-2024
17:11:02.384 [main] INFO  utilities.UtilityCustomFunctions - Expected:2024-03-23
17:11:02.384 [main] INFO  utilities.UtilityCustomFunctions - Message:Detail View Enquiry Date:  Source Update on FailCase: Summary Add
17:11:03.560 [main] INFO  utilities.UtilityCustomFunctions - Actual:+44 9876543210
17:11:03.561 [main] INFO  utilities.UtilityCustomFunctions - Expected:+44 9876543210
17:11:03.561 [main] INFO  utilities.UtilityCustomFunctions - Message:Detail View Enquiry Phone Number:  Source Update on FailCase: Summary Add
17:11:04.709 [main] INFO  utilities.UtilityCustomFunctions - Actual:Ordinary
17:11:04.709 [main] INFO  utilities.UtilityCustomFunctions - Expected:Ordinary
17:11:04.709 [main] INFO  utilities.UtilityCustomFunctions - Message:Detail View Enquiry Category:  Source Update on FailCase: Summary Add
17:11:11.973 [main] INFO  utilities.UtilityCustomFunctions - Actual:+91 9876543210
17:11:11.973 [main] INFO  utilities.UtilityCustomFunctions - Expected:+91 9876543210
17:11:11.973 [main] INFO  utilities.UtilityCustomFunctions - Message:DT Lead Mobile Number:  Source Update on FailCase: Summary Add
17:11:13.137 [main] INFO  utilities.UtilityCustomFunctions - Actual:MultiFailLead@gmail.com
17:11:13.137 [main] INFO  utilities.UtilityCustomFunctions - Expected:MultiFailLead@gmail.com
17:11:13.137 [main] INFO  utilities.UtilityCustomFunctions - Message:DT View Lead Email  Source Update on FailCase: Summary Add
17:11:14.290 [main] INFO  utilities.UtilityCustomFunctions - Actual:Lead About Multi Failure Entity
17:11:14.290 [main] INFO  utilities.UtilityCustomFunctions - Expected:
17:11:14.290 [main] INFO  utilities.UtilityCustomFunctions - Message:DT View Lead Text Source Update on FailCase: Summary Add
17:11:14.339 [main] INFO  utilities.UtilityCustomFunctions - Actual:+60 9876543210
17:11:14.339 [main] INFO  utilities.UtilityCustomFunctions - Expected:+60 9876543210
17:11:14.339 [main] INFO  utilities.UtilityCustomFunctions - Message:DT Sales Mobile Number:  Source Update on FailCase: Summary Add
17:11:15.479 [main] INFO  utilities.UtilityCustomFunctions - Actual:SalesMultiFailDefault@gmail.com
17:11:15.479 [main] INFO  utilities.UtilityCustomFunctions - Expected:SalesMultiFailDefault@gmail.com
17:11:15.479 [main] INFO  utilities.UtilityCustomFunctions - Message:DT View Sales EmailSource Update on FailCase: Summary Add
17:11:40.762 [main] INFO  utilities.UtilityCustomFunctions - Header Toggle Already ON
17:11:50.791 [main] INFO  utilities.UtilityCustomFunctions - Actual:testemail@gmail.com
17:11:50.791 [main] INFO  utilities.UtilityCustomFunctions - Expected:LeadMultiFailure@gmail.com
17:11:50.791 [main] INFO  utilities.UtilityCustomFunctions - Message:Lead Module on @Summary Add New Record - OOFS - Summary View
17:11:52.650 [main] INFO  utilities.UtilityCustomFunctions - Summary View Set ON
17:11:55.739 [main] INFO  utilities.UtilityCustomFunctions - Actual:testemail@gmail.com
17:11:55.739 [main] INFO  utilities.UtilityCustomFunctions - Expected:LeadMultiFailure@gmail.com
17:11:55.739 [main] INFO  utilities.UtilityCustomFunctions - Message:Lead Module on  @Summary Add New Record - OOFS- -Detail View
17:12:21.782 [main] INFO  utilities.UtilityCustomFunctions - Header Toggle Already ON
17:12:26.728 [main] INFO  utilities.UtilityCustomFunctions - Actual:Mr. EnquiryMultiFailureName
17:12:26.728 [main] INFO  utilities.UtilityCustomFunctions - Expected:Mr. EnquiryMultiFailureName
17:12:26.728 [main] INFO  utilities.UtilityCustomFunctions - Message:Enquiry Related Module Summary Page Name Validation @Summary Add New Record - OOFS-
17:12:28.468 [main] INFO  utilities.UtilityCustomFunctions - Summary View Set ON
17:12:32.613 [main] INFO  utilities.UtilityCustomFunctions - Actual:Mr. EnquiryMultiFailureName
17:12:32.613 [main] INFO  utilities.UtilityCustomFunctions - Expected:Mr. EnquiryMultiFailureName
17:12:32.613 [main] INFO  utilities.UtilityCustomFunctions - Message:Enquiry Related Module - after Summary Add New, Summary Page Name Validation @Summary Add New Record - OOFS-
17:12:33.775 [main] INFO  utilities.UtilityCustomFunctions - Summary View Already ON
17:12:36.857 [main] INFO  utilities.UtilityCustomFunctions - Actual:Mr. EnquiryMultiFailureName
17:12:36.857 [main] INFO  utilities.UtilityCustomFunctions - Expected:Mr. EnquiryMultiFailureName
17:12:36.857 [main] INFO  utilities.UtilityCustomFunctions - Message:Enquiry Related Module - @Summary Add New Record - OOFS-, DT View Page Name Validation
17:12:56.800 [main] INFO  utilities.UtilityCustomFunctions - Header Toggle Already ON
17:13:01.592 [main] INFO  utilities.UtilityCustomFunctions - Actual:+91 9876543210
17:13:01.592 [main] INFO  utilities.UtilityCustomFunctions - Expected:+91 9876543210
17:13:01.592 [main] INFO  utilities.UtilityCustomFunctions - Message:Opportunity Related Module Phone Number  Validation @Summary Add New Record - OOFS-
17:13:03.321 [main] INFO  utilities.UtilityCustomFunctions - Summary View Set ON
17:13:07.461 [main] INFO  utilities.UtilityCustomFunctions - Actual:+91 9876543210
17:13:07.461 [main] INFO  utilities.UtilityCustomFunctions - Expected:+91 9876543210
17:13:07.461 [main] INFO  utilities.UtilityCustomFunctions - Message:Opportunity Related Summary View Module Phone Number  Validation @Summary Add New Record - OOFS
17:13:08.572 [main] INFO  utilities.UtilityCustomFunctions - Summary View Already ON
17:13:11.631 [main] INFO  utilities.UtilityCustomFunctions - Actual:+91 9876543210
17:13:11.631 [main] INFO  utilities.UtilityCustomFunctions - Expected:+91 9876543210
17:13:11.631 [main] INFO  utilities.UtilityCustomFunctions - Message:Opportunity Module DT View Page Phone Number Validation@Summary Add New Record - OOFS
17:13:32.858 [main] INFO  utilities.UtilityCustomFunctions - Summary Add Entity Started
17:13:32.859 [main] INFO  testCases.TC018_CreateEntity_OOFS_MultiUpdOnFailCase - Excel file Utility instance created
17:13:32.890 [main] INFO  testCases.TC018_CreateEntity_OOFS_MultiUpdOnFailCase - Row Count is: 1
17:13:32.936 [main] INFO  testCases.TC018_CreateEntity_OOFS_MultiUpdOnFailCase - Col Count is: 54
17:13:32.937 [main] INFO  testCases.TC018_CreateEntity_OOFS_MultiUpdOnFailCase - Extracting DataSheet Values started...
17:13:33.325 [main] INFO  utilities.UtilityCustomFunctions - ETAIndia's First Lead Management System with
"Auto Lead Call Distribution With Call Recording"
17:13:33.656 [main] INFO  utilities.UtilityCustomFunctions - Before Adding Module data
17:13:36.758 [main] INFO  utilities.UtilityCustomFunctions - Assinged To Drop Down clicked
17:13:44.054 [main] INFO  testCases.TC018_CreateEntity_OOFS_MultiUpdOnFailCase - [Sudhakar VE] is selected in List
17:13:44.054 [main] INFO  utilities.UtilityCustomFunctions - Assinged To Value Seleted is::  Sudhakar VE
17:13:45.425 [main] INFO  utilities.UtilityCustomFunctions - Duplicate Add Text entered in  input
17:13:45.428 [main] INFO  utilities.UtilityCustomFunctions - Text Value added is::  Duplicate Add Text
17:13:46.507 [main] INFO  utilities.UtilityCustomFunctions - Phone NUmber prefix clicked :  
17:13:49.709 [main] INFO  testCases.TC018_CreateEntity_OOFS_MultiUpdOnFailCase - [+65] is selected in List
17:13:49.709 [main] INFO  utilities.UtilityCustomFunctions - Phone NUmber selected is :  0231907562
17:13:51.127 [main] INFO  utilities.UtilityCustomFunctions - 0231907562 entered in  input
17:13:53.534 [main] INFO  utilities.UtilityCustomFunctions - DuplicateAddNew@rsoft.in entered in  input
17:13:54.543 [main] INFO  utilities.UtilityCustomFunctions - Email Added is: DuplicateAddNew@rsoft.in
17:13:55.613 [main] INFO  utilities.UtilityCustomFunctions - Picklist clicked
17:13:56.698 [main] INFO  utilities.UtilityCustomFunctions - Picklist selected: 3
17:14:18.214 [main] INFO  utilities.UtilityCustomFunctions - MultiCombo box values: one
17:14:19.314 [main] INFO  utilities.UtilityCustomFunctions - City Drop Down clicked
17:14:22.621 [main] INFO  testCases.TC018_CreateEntity_OOFS_MultiUpdOnFailCase - [Kanchipuram] is selected in List
17:14:22.622 [main] INFO  utilities.UtilityCustomFunctions - City Selected: Kanchipuram
17:14:23.694 [main] INFO  utilities.UtilityCustomFunctions - State Drop Down clicked
17:14:27.172 [main] INFO  testCases.TC018_CreateEntity_OOFS_MultiUpdOnFailCase - [Tamilnadu] is selected in List
17:14:27.172 [main] INFO  utilities.UtilityCustomFunctions - State Selected: Tamilnadu
17:14:28.245 [main] INFO  utilities.UtilityCustomFunctions - Country List clicked
17:14:31.412 [main] INFO  testCases.TC018_CreateEntity_OOFS_MultiUpdOnFailCase - [India] is selected in List
17:14:31.412 [main] INFO  utilities.UtilityCustomFunctions - Country Selected: India
17:14:32.462 [main] INFO  utilities.UtilityCustomFunctions - Checkbox clicked
17:14:32.541 [main] INFO  utilities.UtilityCustomFunctions - DateBox clicked
17:14:37.791 [main] INFO  testCases.TC018_CreateEntity_OOFS_MultiUpdOnFailCase - [Apr] is selected in Dropdown
17:14:41.683 [main] INFO  testCases.TC018_CreateEntity_OOFS_MultiUpdOnFailCase - [2024] is selected in Dropdown
17:14:42.687 [main] INFO  utilities.UtilityCustomFunctions - (//td[contains(@class,'today')])[1]
17:14:43.776 [main] INFO  utilities.UtilityCustomFunctions - Today Date Selected
17:14:44.837 [main] INFO  utilities.UtilityCustomFunctions - Time Clicked
17:14:47.845 [main] INFO  utilities.UtilityCustomFunctions - Hours://div[@class='popover-content']//div[@class='clockpicker-tick' and text()='2']
17:14:58.125 [main] INFO  utilities.UtilityCustomFunctions - Time Selected is: 02:36 PM
17:14:59.218 [main] INFO  utilities.UtilityCustomFunctions - Date & Time Clicked
17:15:06.355 [main] INFO  testCases.TC018_CreateEntity_OOFS_MultiUpdOnFailCase - [Apr] is selected in Dropdown
17:15:10.122 [main] INFO  testCases.TC018_CreateEntity_OOFS_MultiUpdOnFailCase - [2024] is selected in Dropdown
17:15:11.131 [main] INFO  utilities.UtilityCustomFunctions - (//td[contains(@class,'today')])[2]
17:15:14.225 [main] INFO  utilities.UtilityCustomFunctions - Clicked Current Date in Date&Time
17:15:14.312 [main] INFO  utilities.UtilityCustomFunctions - Date & Time Selected
17:15:14.355 [main] INFO  utilities.UtilityCustomFunctions - Formatted Date from sheet:08-04-2024
17:15:19.962 [main] INFO  testCases.TC018_CreateEntity_OOFS_MultiUpdOnFailCase - [Mrs.] is selected in List
17:15:21.264 [main] INFO  utilities.UtilityCustomFunctions - Steven entered in  input
17:15:22.609 [main] INFO  utilities.UtilityCustomFunctions - 11111111111 entered in  input
17:15:23.854 [main] INFO  utilities.UtilityCustomFunctions - 10000 entered in  input
17:15:25.189 [main] INFO  utilities.UtilityCustomFunctions - http://www.google.com/ entered in  input
17:15:28.547 [main] INFO  testCases.TC018_CreateEntity_OOFS_MultiUpdOnFailCase - [Dr.] is selected in List
17:15:29.841 [main] INFO  utilities.UtilityCustomFunctions - Annie entered in  input
17:15:31.287 [main] INFO  utilities.UtilityCustomFunctions - DuplicateAddEnquiry@gmail.com entered in  input
17:15:32.681 [main] INFO  utilities.UtilityCustomFunctions - Enquiry about Chatbot entered in  input
17:15:32.684 [main] INFO  utilities.UtilityCustomFunctions - Enqiry txt area:India's First Lead Management System with
"Auto Lead Call Distribution With Call Recording"
17:15:34.527 [main] INFO  utilities.UtilityCustomFunctions - India's First Lead Management System with
"Auto Lead Call Distribution With Call Recording" entered in  textarea
17:15:39.754 [main] INFO  testCases.TC018_CreateEntity_OOFS_MultiUpdOnFailCase - [Apr] is selected in Dropdown
17:15:43.518 [main] INFO  testCases.TC018_CreateEntity_OOFS_MultiUpdOnFailCase - [2024] is selected in Dropdown
17:15:44.521 [main] INFO  utilities.UtilityCustomFunctions - (//td[contains(@class,'today')])[2]
17:15:50.085 [main] INFO  testCases.TC018_CreateEntity_OOFS_MultiUpdOnFailCase - [+60] is selected in List
17:15:52.552 [main] INFO  utilities.UtilityCustomFunctions - 9596754413 entered in  input
17:15:55.648 [main] INFO  utilities.UtilityCustomFunctions - Enq Cat:Urgent
17:15:58.794 [main] INFO  testCases.TC018_CreateEntity_OOFS_MultiUpdOnFailCase - [Urgent] is selected in List
17:16:05.061 [main] INFO  testCases.TC018_CreateEntity_OOFS_MultiUpdOnFailCase - [+91] is selected in List
17:16:07.537 [main] INFO  utilities.UtilityCustomFunctions - 9501926441 entered in  input
17:16:08.949 [main] INFO  utilities.UtilityCustomFunctions - DuplicateNewLead@gmail.com entered in  input
17:16:10.299 [main] INFO  utilities.UtilityCustomFunctions - Lead about Chatbot entered in  input
17:16:14.600 [main] INFO  testCases.TC018_CreateEntity_OOFS_MultiUpdOnFailCase - [+60] is selected in List
17:16:16.981 [main] INFO  utilities.UtilityCustomFunctions - 0472103025 entered in  input
17:16:18.392 [main] INFO  utilities.UtilityCustomFunctions - DuplicateAddNewSales@gmail.com entered in  input
17:16:46.247 [main] INFO  utilities.UtilityCustomFunctions - Duplicate Add Record completed
17:16:51.320 [main] INFO  utilities.UtilityCustomFunctions - Header Toggle Already ON
17:17:39.153 [main] INFO  utilities.UtilityCustomFunctions - Old Source Id after duplicate record:121872
17:17:39.153 [main] INFO  utilities.UtilityCustomFunctions - Curr Source Id after duplicate record:121876
17:17:40.280 [main] INFO  testCases.TC018_CreateEntity_OOFS_MultiUpdOnFailCase - Excel file Utility instance created
17:17:40.302 [main] INFO  testCases.TC018_CreateEntity_OOFS_MultiUpdOnFailCase - Row Count is: 1
17:17:40.313 [main] INFO  testCases.TC018_CreateEntity_OOFS_MultiUpdOnFailCase - Col Count is: 54
17:17:40.313 [main] INFO  testCases.TC018_CreateEntity_OOFS_MultiUpdOnFailCase - Extracting DataSheet Values started...
17:17:40.961 [main] INFO  utilities.UtilityCustomFunctions - Before clicking last record to Validate
17:17:47.002 [main] INFO  utilities.UtilityCustomFunctions - Header Toggle Already ON
17:17:47.016 [main] INFO  utilities.UtilityCustomFunctions - Summary View Already OFF
17:17:55.381 [main] INFO  utilities.UtilityCustomFunctions - Entity Module Name: CESourceDupPrev
17:17:55.381 [main] INFO  utilities.UtilityCustomFunctions - Actual:CESourceDupPrev
17:17:55.381 [main] INFO  utilities.UtilityCustomFunctions - Expected:CESourceDupPrev
17:17:55.381 [main] INFO  utilities.UtilityCustomFunctions - Message:Module Name : Source Update on FailCase: @Duplicate Record - OOFS
17:17:56.676 [main] INFO  utilities.UtilityCustomFunctions - Actual:Sudhakar VE
17:17:56.677 [main] INFO  utilities.UtilityCustomFunctions - Expected:Sudhakar VE
17:17:56.677 [main] INFO  utilities.UtilityCustomFunctions - Message:Assigned To Title: Source Update on FailCase: @Duplicate Record - OOFS
17:17:57.807 [main] INFO  utilities.UtilityCustomFunctions - Actual:+65 1234567890
17:17:57.807 [main] INFO  utilities.UtilityCustomFunctions - Expected:+65 1234567890
17:17:57.807 [main] INFO  utilities.UtilityCustomFunctions - Message:Mobile Number Title : Source Update on FailCase: @Duplicate Record - OOFS
17:17:58.908 [main] INFO  utilities.UtilityCustomFunctions - Actual:DefaultMultiFail@rsoft.in
17:17:58.909 [main] INFO  utilities.UtilityCustomFunctions - Expected:DefaultMultiFail@rsoft.in
17:17:58.909 [main] INFO  utilities.UtilityCustomFunctions - Message:Email Title: Source Update on FailCase: @Duplicate Record - OOFS
17:18:03.264 [main] INFO  utilities.UtilityCustomFunctions - Actual:Sudhakar VE
17:18:03.264 [main] INFO  utilities.UtilityCustomFunctions - Expected:Sudhakar VE
17:18:03.264 [main] INFO  utilities.UtilityCustomFunctions - Message:Summary AssignedTo:  Source Update on FailCase: @Duplicate Record - OOFS
17:18:04.454 [main] INFO  utilities.UtilityCustomFunctions - Actual:DefaultMultiFailureText
17:18:04.454 [main] INFO  utilities.UtilityCustomFunctions - Expected:DefaultMultiFailureText
17:18:04.454 [main] INFO  utilities.UtilityCustomFunctions - Message:Summary Text:  Source Update on FailCase: @Duplicate Record - OOFS
17:18:05.635 [main] INFO  utilities.UtilityCustomFunctions - Actual:+65 1234567890
17:18:05.635 [main] INFO  utilities.UtilityCustomFunctions - Expected:+65 1234567890
17:18:05.635 [main] INFO  utilities.UtilityCustomFunctions - Message:Summary Mobile Number:  Source Update on FailCase: @Duplicate Record - OOFS
17:18:06.796 [main] INFO  utilities.UtilityCustomFunctions - Actual:DefaultMultiFail@rsoft.in
17:18:06.796 [main] INFO  utilities.UtilityCustomFunctions - Expected:DefaultMultiFail@rsoft.in
17:18:06.796 [main] INFO  utilities.UtilityCustomFunctions - Message:Summary Email :  Source Update on FailCase: @Duplicate Record - OOFS
17:18:07.966 [main] INFO  utilities.UtilityCustomFunctions - Actual:2
17:18:07.966 [main] INFO  utilities.UtilityCustomFunctions - Expected:2
17:18:07.967 [main] INFO  utilities.UtilityCustomFunctions - Message:Summary PicListValue :  Source Update on FailCase: @Duplicate Record - OOFS
17:18:09.122 [main] INFO  utilities.UtilityCustomFunctions - Actual:three
17:18:09.122 [main] INFO  utilities.UtilityCustomFunctions - Expected:three
17:18:09.122 [main] INFO  utilities.UtilityCustomFunctions - Message:Summary MuultiCombo Values :  Source Update on FailCase: @Duplicate Record - OOFS
17:18:10.271 [main] INFO  utilities.UtilityCustomFunctions - Actual:Perambalur
17:18:10.271 [main] INFO  utilities.UtilityCustomFunctions - Expected:Perambalur
17:18:10.271 [main] INFO  utilities.UtilityCustomFunctions - Message:Summary City:  Source Update on FailCase: @Duplicate Record - OOFS
17:18:11.432 [main] INFO  utilities.UtilityCustomFunctions - Actual:West Bengal
17:18:11.432 [main] INFO  utilities.UtilityCustomFunctions - Expected:West Bengal
17:18:11.432 [main] INFO  utilities.UtilityCustomFunctions - Message:Summary State:  Source Update on FailCase: @Duplicate Record - OOFS
17:18:12.661 [main] INFO  utilities.UtilityCustomFunctions - Actual:India
17:18:12.661 [main] INFO  utilities.UtilityCustomFunctions - Expected:India
17:18:12.661 [main] INFO  utilities.UtilityCustomFunctions - Message:Summary Country:  Source Update on FailCase: @Duplicate Record - OOFS
17:18:13.816 [main] INFO  utilities.UtilityCustomFunctions - Actual:Yes
17:18:13.816 [main] INFO  utilities.UtilityCustomFunctions - Expected:Yes
17:18:13.816 [main] INFO  utilities.UtilityCustomFunctions - Message:Summary CheckBox:  Source Update on FailCase: @Duplicate Record - OOFS
17:18:15.009 [main] INFO  utilities.UtilityCustomFunctions - Expected Date from sheet:2024-03-23
17:18:15.009 [main] INFO  utilities.UtilityCustomFunctions - Actual:23-03-2024
17:18:15.009 [main] INFO  utilities.UtilityCustomFunctions - Expected:2024-03-23
17:18:15.009 [main] INFO  utilities.UtilityCustomFunctions - Message:Summary Date:  Source Update on FailCase: @Duplicate Record - OOFS
17:18:16.128 [main] INFO  utilities.UtilityCustomFunctions - Expected Time from sheet:03:30:20 PM
17:18:16.177 [main] INFO  utilities.UtilityCustomFunctions - Formatted Time from sheet:03:30:20 PM
17:18:16.177 [main] INFO  utilities.UtilityCustomFunctions - Actual:03:30:20 PM
17:18:16.177 [main] INFO  utilities.UtilityCustomFunctions - Expected:03:30:20 PM
17:18:16.177 [main] INFO  utilities.UtilityCustomFunctions - Message:Summary Time:  Source Update on FailCase: @Duplicate Record - OOFS
17:18:17.304 [main] INFO  utilities.UtilityCustomFunctions - Expected Date Time from sheet:2024-03-23 03:35:46 PM
17:18:17.350 [main] INFO  utilities.UtilityCustomFunctions - Formatted date & Time from sheet:2024-03-23 03:35:46 PM
17:18:17.351 [main] INFO  utilities.UtilityCustomFunctions - Actual:23-03-2024 03:35:46 PM
17:18:17.351 [main] INFO  utilities.UtilityCustomFunctions - Expected:2024-03-23 03:35:46 PM
17:18:17.351 [main] INFO  utilities.UtilityCustomFunctions - Message:Summary Date & Time :  Source Update on FailCase: @Duplicate Record - OOFS
17:18:18.626 [main] INFO  utilities.UtilityCustomFunctions - Actual:annie-spratt
17:18:18.626 [main] INFO  utilities.UtilityCustomFunctions - Expected:annie-spratt
17:18:18.626 [main] INFO  utilities.UtilityCustomFunctions - Message:Summary File Upload :  Source Update on FailCase: @Duplicate Record - OOFS
17:18:19.792 [main] INFO  utilities.UtilityCustomFunctions - Actual:Mr. Marlon
17:18:19.792 [main] INFO  utilities.UtilityCustomFunctions - Expected:Mr.  Marlon
17:18:19.792 [main] INFO  utilities.UtilityCustomFunctions - Message:Summary Name:  Source Update on FailCase: @Duplicate Record - OOFS
17:18:20.945 [main] INFO  utilities.UtilityCustomFunctions - Actual:22222222222
17:18:20.945 [main] INFO  utilities.UtilityCustomFunctions - Expected:22222222222
17:18:20.945 [main] INFO  utilities.UtilityCustomFunctions - Message:Summary Number:  Source Update on FailCase: @Duplicate Record - OOFS
17:18:22.129 [main] INFO  utilities.UtilityCustomFunctions - Actual:1,000
17:18:22.129 [main] INFO  utilities.UtilityCustomFunctions - Expected:1000
17:18:22.129 [main] INFO  utilities.UtilityCustomFunctions - Message:Summary Currency:  Source Update on FailCase: @Duplicate Record - OOFS
17:18:23.263 [main] INFO  utilities.UtilityCustomFunctions - Actual:https://testng.org/testng-eclipse-update-site/
17:18:23.263 [main] INFO  utilities.UtilityCustomFunctions - Expected:https://testng.org/testng-eclipse-update-site/
17:18:23.263 [main] INFO  utilities.UtilityCustomFunctions - Message:Summary Url:  Source Update on FailCase: @Duplicate Record - OOFS
17:18:24.448 [main] INFO  utilities.UtilityCustomFunctions - Actual:Prof. Christopher
17:18:24.448 [main] INFO  utilities.UtilityCustomFunctions - Expected:Prof. Christopher
17:18:24.448 [main] INFO  utilities.UtilityCustomFunctions - Message:Summary Enquiry Name:  Source Update on FailCase: @Duplicate Record - OOFS
17:18:25.610 [main] INFO  utilities.UtilityCustomFunctions - Actual:MultiFailureEnquiry@gmail.com
17:18:25.610 [main] INFO  utilities.UtilityCustomFunctions - Expected:MultiFailureEnquiry@gmail.com
17:18:25.610 [main] INFO  utilities.UtilityCustomFunctions - Message:Summary Enquiry Email:  Source Update on FailCase: @Duplicate Record - OOFS
17:18:26.801 [main] INFO  utilities.UtilityCustomFunctions - Actual:Enquiry about Multi Failure Entity
17:18:26.801 [main] INFO  utilities.UtilityCustomFunctions - Expected:
17:18:26.801 [main] INFO  utilities.UtilityCustomFunctions - Message:Summary Enquiry Text:  Source Update on FailCase: @Duplicate Record - OOFS
17:18:26.847 [main] INFO  utilities.UtilityCustomFunctions - Actual:Will take affirmative action to ensure safer Indian Ocean Region: Navy chief on anti-piracy ops
17:18:26.848 [main] INFO  utilities.UtilityCustomFunctions - Expected:
17:18:26.848 [main] INFO  utilities.UtilityCustomFunctions - Message:Summary Enquiry Text Area:  Source Update on FailCase: @Duplicate Record - OOFS
17:18:26.848 [main] INFO  utilities.UtilityCustomFunctions - Expected enq Date:2024-03-23
17:18:26.896 [main] INFO  utilities.UtilityCustomFunctions - Formatted Enquiry Date from sheet:2024-03-23
17:18:26.896 [main] INFO  utilities.UtilityCustomFunctions - Actual:23-03-2024
17:18:26.896 [main] INFO  utilities.UtilityCustomFunctions - Expected:2024-03-23
17:18:26.896 [main] INFO  utilities.UtilityCustomFunctions - Message:Summary Enquiry Date:  Source Update on FailCase: @Duplicate Record - OOFS
17:18:28.083 [main] INFO  utilities.UtilityCustomFunctions - Actual:+44 9876543210
17:18:28.083 [main] INFO  utilities.UtilityCustomFunctions - Expected:+44 9876543210
17:18:28.083 [main] INFO  utilities.UtilityCustomFunctions - Message:Summary Enquiry Phone Number:  Source Update on FailCase: @Duplicate Record - OOFS
17:18:29.251 [main] INFO  utilities.UtilityCustomFunctions - Actual:Ordinary
17:18:29.251 [main] INFO  utilities.UtilityCustomFunctions - Expected:Ordinary
17:18:29.251 [main] INFO  utilities.UtilityCustomFunctions - Message:Summary Enquiry Category:  Source Update on FailCase: @Duplicate Record - OOFS
17:18:30.441 [main] INFO  utilities.UtilityCustomFunctions - Actual:+91 9876543210
17:18:30.441 [main] INFO  utilities.UtilityCustomFunctions - Expected:+91 9876543210
17:18:30.441 [main] INFO  utilities.UtilityCustomFunctions - Message:Summary Lead PhoneNumber:  Source Update on FailCase: @Duplicate Record - OOFS
17:18:31.600 [main] INFO  utilities.UtilityCustomFunctions - Actual:MultiFailLead@gmail.com
17:18:31.600 [main] INFO  utilities.UtilityCustomFunctions - Expected:MultiFailLead@gmail.com
17:18:31.600 [main] INFO  utilities.UtilityCustomFunctions - Message:Summary Lead Email:  Source Update on FailCase: @Duplicate Record - OOFS
17:18:32.770 [main] INFO  utilities.UtilityCustomFunctions - Actual:Lead About Multi Failure Entity
17:18:32.770 [main] INFO  utilities.UtilityCustomFunctions - Expected:
17:18:32.770 [main] INFO  utilities.UtilityCustomFunctions - Message:Summary Lead Text:  Source Update on FailCase: @Duplicate Record - OOFS
17:18:32.825 [main] INFO  utilities.UtilityCustomFunctions - Actual:+60 9876543210
17:18:32.825 [main] INFO  utilities.UtilityCustomFunctions - Expected:+60 9876543210
17:18:32.825 [main] INFO  utilities.UtilityCustomFunctions - Message:Summary Sales PhoneNumber:  Source Update on FailCase: @Duplicate Record - OOFS
17:18:33.990 [main] INFO  utilities.UtilityCustomFunctions - Actual:SalesMultiFailDefault@gmail.com
17:18:33.990 [main] INFO  utilities.UtilityCustomFunctions - Expected:SalesMultiFailDefault@gmail.com
17:18:33.990 [main] INFO  utilities.UtilityCustomFunctions - Message:Summary Sales Email:  Source Update on FailCase: @Duplicate Record - OOFS
17:18:35.870 [main] INFO  utilities.UtilityCustomFunctions - Summary View Set ON
17:18:43.850 [main] INFO  utilities.UtilityCustomFunctions - Actual:Sudhakar VE
17:18:43.851 [main] INFO  utilities.UtilityCustomFunctions - Expected:Sudhakar VE
17:18:43.851 [main] INFO  utilities.UtilityCustomFunctions - Message:Detail View AssignedTo:  Source Update on FailCase: @Duplicate Record - OOFS
17:18:45.014 [main] INFO  utilities.UtilityCustomFunctions - Actual:DefaultMultiFailureText
17:18:45.014 [main] INFO  utilities.UtilityCustomFunctions - Expected:DefaultMultiFailureText
17:18:45.014 [main] INFO  utilities.UtilityCustomFunctions - Message:Detail View Text:  Source Update on FailCase: @Duplicate Record - OOFS
17:18:46.182 [main] INFO  utilities.UtilityCustomFunctions - sActDTMobileNumber +65
  1234567890
17:18:46.182 [main] INFO  utilities.UtilityCustomFunctions - Actual:+65 1234567890
17:18:46.182 [main] INFO  utilities.UtilityCustomFunctions - Expected:+65 1234567890
17:18:46.182 [main] INFO  utilities.UtilityCustomFunctions - Message:Detail View Mobile Number:  Source Update on FailCase: @Duplicate Record - OOFS
17:18:47.331 [main] INFO  utilities.UtilityCustomFunctions - Actual:DefaultMultiFail@rsoft.in
17:18:47.331 [main] INFO  utilities.UtilityCustomFunctions - Expected:DefaultMultiFail@rsoft.in
17:18:47.331 [main] INFO  utilities.UtilityCustomFunctions - Message:Detail View Email :  Source Update on FailCase: @Duplicate Record - OOFS
17:18:48.506 [main] INFO  utilities.UtilityCustomFunctions - Actual:2
17:18:48.506 [main] INFO  utilities.UtilityCustomFunctions - Expected:2
17:18:48.506 [main] INFO  utilities.UtilityCustomFunctions - Message:Detail View PicListValue :  Source Update on FailCase: @Duplicate Record - OOFS
17:18:49.660 [main] INFO  utilities.UtilityCustomFunctions - Actual:three
17:18:49.661 [main] INFO  utilities.UtilityCustomFunctions - Expected:three
17:18:49.661 [main] INFO  utilities.UtilityCustomFunctions - Message:Detail View MuultiCombo Values :  Source Update on FailCase: @Duplicate Record - OOFS
17:18:50.812 [main] INFO  utilities.UtilityCustomFunctions - Actual:Perambalur
17:18:50.812 [main] INFO  utilities.UtilityCustomFunctions - Expected:Perambalur
17:18:50.812 [main] INFO  utilities.UtilityCustomFunctions - Message:Detail View City:  Source Update on FailCase: @Duplicate Record - OOFS
17:18:51.961 [main] INFO  utilities.UtilityCustomFunctions - Actual:West Bengal
17:18:51.961 [main] INFO  utilities.UtilityCustomFunctions - Expected:West Bengal
17:18:51.961 [main] INFO  utilities.UtilityCustomFunctions - Message:Detail View Stat:  Source Update on FailCase: @Duplicate Record - OOFS
17:18:53.133 [main] INFO  utilities.UtilityCustomFunctions - Actual:India
17:18:53.133 [main] INFO  utilities.UtilityCustomFunctions - Expected:India
17:18:53.133 [main] INFO  utilities.UtilityCustomFunctions - Message:Detail View Country:  Source Update on FailCase: @Duplicate Record - OOFS
17:18:54.300 [main] INFO  utilities.UtilityCustomFunctions - Actual:Yes
17:18:54.300 [main] INFO  utilities.UtilityCustomFunctions - Expected:Yes
17:18:54.300 [main] INFO  utilities.UtilityCustomFunctions - Message:Detail View CheckBox:  Source Update on FailCase: @Duplicate Record - OOFS
17:18:55.448 [main] INFO  utilities.UtilityCustomFunctions - Actual:23-03-2024
17:18:55.448 [main] INFO  utilities.UtilityCustomFunctions - Expected:2024-03-23
17:18:55.448 [main] INFO  utilities.UtilityCustomFunctions - Message:Detail View Date:  Source Update on FailCase: @Duplicate Record - OOFS
17:18:56.612 [main] INFO  utilities.UtilityCustomFunctions - Actual:03:30:20 PM
17:18:56.612 [main] INFO  utilities.UtilityCustomFunctions - Expected:03:30:20 PM
17:18:56.612 [main] INFO  utilities.UtilityCustomFunctions - Message:Detail View Time:  Source Update on FailCase: @Duplicate Record - OOFS
17:18:57.774 [main] INFO  utilities.UtilityCustomFunctions - Actual:23-03-2024 03:35:46 PM
17:18:57.774 [main] INFO  utilities.UtilityCustomFunctions - Expected:2024-03-23 03:35:46 PM
17:18:57.774 [main] INFO  utilities.UtilityCustomFunctions - Message:Detail View Date & Time :  Source Update on FailCase: @Duplicate Record - OOFS
17:18:59.039 [main] INFO  utilities.UtilityCustomFunctions - Actual:annie-spratt
17:18:59.039 [main] INFO  utilities.UtilityCustomFunctions - Expected:annie-spratt
17:18:59.039 [main] INFO  utilities.UtilityCustomFunctions - Message:Detail View File Upload :  Source Update on FailCase: @Duplicate Record - OOFS
17:19:00.215 [main] INFO  utilities.UtilityCustomFunctions - Actual:Mr. Marlon
17:19:00.215 [main] INFO  utilities.UtilityCustomFunctions - Expected:Mr.  Marlon
17:19:00.215 [main] INFO  utilities.UtilityCustomFunctions - Message:Detail View Name:  Source Update on FailCase: @Duplicate Record - OOFS
17:19:01.362 [main] INFO  utilities.UtilityCustomFunctions - Actual:22222222222
17:19:01.362 [main] INFO  utilities.UtilityCustomFunctions - Expected:22222222222
17:19:01.362 [main] INFO  utilities.UtilityCustomFunctions - Message:Detail View Number:  Source Update on FailCase: @Duplicate Record - OOFS
17:19:02.511 [main] INFO  utilities.UtilityCustomFunctions - Actual:1,000
17:19:02.511 [main] INFO  utilities.UtilityCustomFunctions - Expected:1000
17:19:02.511 [main] INFO  utilities.UtilityCustomFunctions - Message:Detail View Currency:  Source Update on FailCase: @Duplicate Record - OOFS
17:19:03.647 [main] INFO  utilities.UtilityCustomFunctions - Actual:https://testng.org/testng-eclipse-update-site/
17:19:03.647 [main] INFO  utilities.UtilityCustomFunctions - Expected:https://testng.org/testng-eclipse-update-site/
17:19:03.647 [main] INFO  utilities.UtilityCustomFunctions - Message:Detail View Url:  Source Update on FailCase: @Duplicate Record - OOFS
17:19:10.920 [main] INFO  utilities.UtilityCustomFunctions - Actual:Prof. Christopher
17:19:10.920 [main] INFO  utilities.UtilityCustomFunctions - Expected:Prof. Christopher
17:19:10.920 [main] INFO  utilities.UtilityCustomFunctions - Message:Detail View Enquiry Name:  Source Update on FailCase: @Duplicate Record - OOFS
17:19:12.072 [main] INFO  utilities.UtilityCustomFunctions - Actual:MultiFailureEnquiry@gmail.com
17:19:12.072 [main] INFO  utilities.UtilityCustomFunctions - Expected:MultiFailureEnquiry@gmail.com
17:19:12.072 [main] INFO  utilities.UtilityCustomFunctions - Message:Detail View Enquiry Email:  Source Update on FailCase: @Duplicate Record - OOFS
17:19:13.245 [main] INFO  utilities.UtilityCustomFunctions - Actual:Enquiry about Multi Failure Entity
17:19:13.245 [main] INFO  utilities.UtilityCustomFunctions - Expected:
17:19:13.245 [main] INFO  utilities.UtilityCustomFunctions - Message:Detail View Enquiry Text:  Source Update on FailCase: @Duplicate Record - OOFS
17:19:13.295 [main] INFO  utilities.UtilityCustomFunctions - Actual:Will take affirmative action to ensure safer Indian Ocean Region: Navy chief on anti-piracy ops
17:19:13.295 [main] INFO  utilities.UtilityCustomFunctions - Expected:
17:19:13.295 [main] INFO  utilities.UtilityCustomFunctions - Message:Detail View Enquiry Text Area:  Source Update on FailCase: @Duplicate Record - OOFS
17:19:13.340 [main] INFO  utilities.UtilityCustomFunctions - Actual:23-03-2024
17:19:13.340 [main] INFO  utilities.UtilityCustomFunctions - Expected:2024-03-23
17:19:13.340 [main] INFO  utilities.UtilityCustomFunctions - Message:Detail View Enquiry Date:  Source Update on FailCase: @Duplicate Record - OOFS
17:19:14.497 [main] INFO  utilities.UtilityCustomFunctions - Actual:+44 9876543210
17:19:14.497 [main] INFO  utilities.UtilityCustomFunctions - Expected:+44 9876543210
17:19:14.497 [main] INFO  utilities.UtilityCustomFunctions - Message:Detail View Enquiry Phone Number:  Source Update on FailCase: @Duplicate Record - OOFS
17:19:15.668 [main] INFO  utilities.UtilityCustomFunctions - Actual:Ordinary
17:19:15.668 [main] INFO  utilities.UtilityCustomFunctions - Expected:Ordinary
17:19:15.668 [main] INFO  utilities.UtilityCustomFunctions - Message:Detail View Enquiry Category:  Source Update on FailCase: @Duplicate Record - OOFS
17:19:22.942 [main] INFO  utilities.UtilityCustomFunctions - Actual:+91 9876543210
17:19:22.942 [main] INFO  utilities.UtilityCustomFunctions - Expected:+91 9876543210
17:19:22.942 [main] INFO  utilities.UtilityCustomFunctions - Message:DT Lead Mobile Number:  Source Update on FailCase: @Duplicate Record - OOFS
17:19:24.116 [main] INFO  utilities.UtilityCustomFunctions - Actual:MultiFailLead@gmail.com
17:19:24.116 [main] INFO  utilities.UtilityCustomFunctions - Expected:MultiFailLead@gmail.com
17:19:24.116 [main] INFO  utilities.UtilityCustomFunctions - Message:DT View Lead Email  Source Update on FailCase: @Duplicate Record - OOFS
17:19:25.292 [main] INFO  utilities.UtilityCustomFunctions - Actual:Lead About Multi Failure Entity
17:19:25.292 [main] INFO  utilities.UtilityCustomFunctions - Expected:
17:19:25.292 [main] INFO  utilities.UtilityCustomFunctions - Message:DT View Lead Text Source Update on FailCase: @Duplicate Record - OOFS
17:19:25.340 [main] INFO  utilities.UtilityCustomFunctions - Actual:+60 9876543210
17:19:25.340 [main] INFO  utilities.UtilityCustomFunctions - Expected:+60 9876543210
17:19:25.340 [main] INFO  utilities.UtilityCustomFunctions - Message:DT Sales Mobile Number:  Source Update on FailCase: @Duplicate Record - OOFS
17:19:26.511 [main] INFO  utilities.UtilityCustomFunctions - Actual:SalesMultiFailDefault@gmail.com
17:19:26.511 [main] INFO  utilities.UtilityCustomFunctions - Expected:SalesMultiFailDefault@gmail.com
17:19:26.511 [main] INFO  utilities.UtilityCustomFunctions - Message:DT View Sales EmailSource Update on FailCase: @Duplicate Record - OOFS
17:19:46.486 [main] INFO  utilities.UtilityCustomFunctions - Old Target Id:121847
17:19:46.486 [main] INFO  utilities.UtilityCustomFunctions - Curr Target Id:121847
17:20:10.108 [main] INFO  utilities.UtilityCustomFunctions - Header Toggle Already ON
17:20:19.880 [main] INFO  utilities.UtilityCustomFunctions - Actual:testemail@gmail.com
17:20:19.880 [main] INFO  utilities.UtilityCustomFunctions - Expected:LeadMultiFailure@gmail.com
17:20:19.880 [main] INFO  utilities.UtilityCustomFunctions - Message:Lead Module @Duplicate Record - OOFS - Summary View
17:20:21.720 [main] INFO  utilities.UtilityCustomFunctions - Summary View Set ON
17:20:24.808 [main] INFO  utilities.UtilityCustomFunctions - Actual:testemail@gmail.com
17:20:24.808 [main] INFO  utilities.UtilityCustomFunctions - Expected:LeadMultiFailure@gmail.com
17:20:24.808 [main] INFO  utilities.UtilityCustomFunctions - Message:Lead Module @Duplicate Record - OOFS-Detail View
17:20:50.351 [main] INFO  utilities.UtilityCustomFunctions - Header Toggle Already ON
17:20:55.185 [main] INFO  utilities.UtilityCustomFunctions - Actual:Mr. EnquiryMultiFailureName
17:20:55.185 [main] INFO  utilities.UtilityCustomFunctions - Expected:Mr. EnquiryMultiFailureName
17:20:55.185 [main] INFO  utilities.UtilityCustomFunctions - Message:Enquiry Related Module  @Duplicate Record - OOFS - Summary Page Name Validation
17:20:56.851 [main] INFO  utilities.UtilityCustomFunctions - Summary View Set ON
17:20:59.919 [main] INFO  utilities.UtilityCustomFunctions - Actual:Mr. EnquiryMultiFailureName
17:20:59.919 [main] INFO  utilities.UtilityCustomFunctions - Expected:Mr. EnquiryMultiFailureName
17:20:59.919 [main] INFO  utilities.UtilityCustomFunctions - Message:Enquiry Module  @Duplicate Record - OOFS - DT View Page Name Validation
17:21:19.614 [main] INFO  utilities.UtilityCustomFunctions - Header Toggle Already ON
17:21:24.454 [main] INFO  utilities.UtilityCustomFunctions - Actual:+91 9876543210
17:21:24.454 [main] INFO  utilities.UtilityCustomFunctions - Expected:+91 9876543210
17:21:24.454 [main] INFO  utilities.UtilityCustomFunctions - Message:Opportunity Related Module Phone Number  Validation  @Duplicate Record - OOFS
17:21:26.162 [main] INFO  utilities.UtilityCustomFunctions - Summary View Set ON
17:21:29.242 [main] INFO  utilities.UtilityCustomFunctions - Actual:+91 9876543210
17:21:29.242 [main] INFO  utilities.UtilityCustomFunctions - Expected:+91 9876543210
17:21:29.242 [main] INFO  utilities.UtilityCustomFunctions - Message:Opportunity Module DT View Page Phone Number Validation @Duplicate Record - OOFS
17:22:02.019 [main] INFO  testCases.TC018_CreateEntity_OOFS_MultiUpdOnFailCase - Excel file Utility instance created
17:22:02.064 [main] INFO  testCases.TC018_CreateEntity_OOFS_MultiUpdOnFailCase - Row Count is: 1
17:22:02.077 [main] INFO  testCases.TC018_CreateEntity_OOFS_MultiUpdOnFailCase - Col Count is: 54
17:22:02.077 [main] INFO  testCases.TC018_CreateEntity_OOFS_MultiUpdOnFailCase - Extracting DataSheet Values started...
17:22:02.440 [main] INFO  utilities.UtilityCustomFunctions - ETAIndia's First Lead Management System with
"Auto Lead Call Distribution With Call Recording"
17:22:02.780 [main] INFO  utilities.UtilityCustomFunctions - Before Adding Module data
17:22:05.866 [main] INFO  utilities.UtilityCustomFunctions - Assinged To Drop Down clicked
17:22:13.111 [main] INFO  testCases.TC018_CreateEntity_OOFS_MultiUpdOnFailCase - [Sudhakar VE] is selected in List
17:22:13.112 [main] INFO  utilities.UtilityCustomFunctions - Assinged To Value Seleted is::  Sudhakar VE
17:22:14.493 [main] INFO  utilities.UtilityCustomFunctions - Edit & Save Text entered in  input
17:22:14.496 [main] INFO  utilities.UtilityCustomFunctions - Text Value added is::  Edit & Save Text
17:22:15.616 [main] INFO  utilities.UtilityCustomFunctions - Phone NUmber prefix clicked :  
17:22:18.780 [main] INFO  testCases.TC018_CreateEntity_OOFS_MultiUpdOnFailCase - [+65] is selected in List
17:22:18.780 [main] INFO  utilities.UtilityCustomFunctions - Phone NUmber selected is :  0231907562
17:22:20.112 [main] INFO  utilities.UtilityCustomFunctions - 0231907562 entered in  input
17:22:22.528 [main] INFO  utilities.UtilityCustomFunctions - Edit&SaveAddNew@rsoft.in entered in  input
17:22:23.534 [main] INFO  utilities.UtilityCustomFunctions - Email Added is: Edit&SaveAddNew@rsoft.in
17:22:24.613 [main] INFO  utilities.UtilityCustomFunctions - Picklist clicked
17:22:25.689 [main] INFO  utilities.UtilityCustomFunctions - Picklist selected: 3
17:22:47.265 [main] INFO  utilities.UtilityCustomFunctions - MultiCombo box values: one
17:22:48.361 [main] INFO  utilities.UtilityCustomFunctions - City Drop Down clicked
17:22:51.682 [main] INFO  testCases.TC018_CreateEntity_OOFS_MultiUpdOnFailCase - [Kanchipuram] is selected in List
17:22:51.682 [main] INFO  utilities.UtilityCustomFunctions - City Selected: Kanchipuram
17:22:52.803 [main] INFO  utilities.UtilityCustomFunctions - State Drop Down clicked
17:22:56.318 [main] INFO  testCases.TC018_CreateEntity_OOFS_MultiUpdOnFailCase - [Tamilnadu] is selected in List
17:22:56.318 [main] INFO  utilities.UtilityCustomFunctions - State Selected: Tamilnadu
17:22:57.399 [main] INFO  utilities.UtilityCustomFunctions - Country List clicked
17:23:00.583 [main] INFO  testCases.TC018_CreateEntity_OOFS_MultiUpdOnFailCase - [India] is selected in List
17:23:00.584 [main] INFO  utilities.UtilityCustomFunctions - Country Selected: India
17:23:01.618 [main] INFO  utilities.UtilityCustomFunctions - Checkbox clicked
17:23:01.690 [main] INFO  utilities.UtilityCustomFunctions - DateBox clicked
17:23:06.839 [main] INFO  testCases.TC018_CreateEntity_OOFS_MultiUpdOnFailCase - [Apr] is selected in Dropdown
17:23:10.600 [main] INFO  testCases.TC018_CreateEntity_OOFS_MultiUpdOnFailCase - [2024] is selected in Dropdown
17:23:11.601 [main] INFO  utilities.UtilityCustomFunctions - (//td[contains(@class,'today')])[1]
17:23:12.679 [main] INFO  utilities.UtilityCustomFunctions - Today Date Selected
17:23:13.746 [main] INFO  utilities.UtilityCustomFunctions - Time Clicked
17:23:16.752 [main] INFO  utilities.UtilityCustomFunctions - Hours://div[@class='popover-content']//div[@class='clockpicker-tick' and text()='2']
17:23:26.990 [main] INFO  utilities.UtilityCustomFunctions - Time Selected is: 02:36 PM
17:23:28.078 [main] INFO  utilities.UtilityCustomFunctions - Date & Time Clicked
17:23:35.329 [main] INFO  testCases.TC018_CreateEntity_OOFS_MultiUpdOnFailCase - [Apr] is selected in Dropdown
17:23:39.155 [main] INFO  testCases.TC018_CreateEntity_OOFS_MultiUpdOnFailCase - [2024] is selected in Dropdown
17:23:40.166 [main] INFO  utilities.UtilityCustomFunctions - (//td[contains(@class,'today')])[2]
17:23:43.350 [main] INFO  utilities.UtilityCustomFunctions - Clicked Current Date in Date&Time
17:23:43.460 [main] INFO  utilities.UtilityCustomFunctions - Date & Time Selected
17:23:43.517 [main] INFO  utilities.UtilityCustomFunctions - Formatted Date from sheet:08-04-2024
17:23:49.098 [main] INFO  testCases.TC018_CreateEntity_OOFS_MultiUpdOnFailCase - [Mrs.] is selected in List
17:23:50.366 [main] INFO  utilities.UtilityCustomFunctions - Steven entered in  input
